<?xml version="1.0" encoding="UTF-8"?>
<TrackMate version="3.7.0">
  <Model spatialunits="pixels" timeunits="frames">
    <FeatureDeclarations>
      <SpotFeatures>
        <Feature feature="QUALITY" name="Quality" shortname="Quality" dimension="QUALITY" isint="false" />
        <Feature feature="POSITION_X" name="X" shortname="X" dimension="POSITION" isint="false" />
        <Feature feature="POSITION_Y" name="Y" shortname="Y" dimension="POSITION" isint="false" />
        <Feature feature="POSITION_Z" name="Z" shortname="Z" dimension="POSITION" isint="false" />
        <Feature feature="POSITION_T" name="T" shortname="T" dimension="TIME" isint="false" />
        <Feature feature="FRAME" name="Frame" shortname="Frame" dimension="NONE" isint="true" />
        <Feature feature="RADIUS" name="Radius" shortname="R" dimension="LENGTH" isint="false" />
        <Feature feature="VISIBILITY" name="Visibility" shortname="Visibility" dimension="NONE" isint="true" />
        <Feature feature="SOURCE_ID" name="Source ID" shortname="Source" dimension="NONE" isint="true" />
        <Feature feature="CELL_DIVISION_TIME" name="Cell division time" shortname="Cell div. time" dimension="TIME" isint="false" />
        <Feature feature="MANUAL_COLOR" name="Manual spot color" shortname="Spot color" dimension="NONE" isint="true" />
      </SpotFeatures>
      <EdgeFeatures>
        <Feature feature="SPOT_SOURCE_ID" name="Source spot ID" shortname="Source ID" dimension="NONE" isint="true" />
        <Feature feature="SPOT_TARGET_ID" name="Target spot ID" shortname="Target ID" dimension="NONE" isint="true" />
        <Feature feature="LINK_COST" name="Link cost" shortname="Cost" dimension="NONE" isint="false" />
        <Feature feature="VELOCITY" name="Velocity" shortname="V" dimension="VELOCITY" isint="false" />
        <Feature feature="DISPLACEMENT" name="Displacement" shortname="D" dimension="LENGTH" isint="false" />
        <Feature feature="MANUAL_COLOR" name="Manual edge color" shortname="Edge color" dimension="NONE" isint="true" />
      </EdgeFeatures>
      <TrackFeatures>
        <Feature feature="TRACK_INDEX" name="Track index" shortname="Index" dimension="NONE" isint="true" />
        <Feature feature="TRACK_ID" name="Track ID" shortname="ID" dimension="NONE" isint="true" />
        <Feature feature="TRACK_DURATION" name="Duration of track" shortname="Duration" dimension="TIME" isint="false" />
        <Feature feature="TRACK_START" name="Track start" shortname="T start" dimension="TIME" isint="false" />
        <Feature feature="TRACK_STOP" name="Track stop" shortname="T stop" dimension="TIME" isint="false" />
        <Feature feature="TRACK_DISPLACEMENT" name="Track displacement" shortname="Displacement" dimension="LENGTH" isint="false" />
        <Feature feature="NUMBER_SPOTS" name="Number of spots in track" shortname="N spots" dimension="NONE" isint="true" />
        <Feature feature="NUMBER_GAPS" name="Number of gaps" shortname="Gaps" dimension="NONE" isint="true" />
        <Feature feature="LONGEST_GAP" name="Longest gap" shortname="Longest gap" dimension="NONE" isint="true" />
        <Feature feature="NUMBER_SPLITS" name="Number of split events" shortname="Splits" dimension="NONE" isint="true" />
        <Feature feature="NUMBER_MERGES" name="Number of merge events" shortname="Merges" dimension="NONE" isint="true" />
        <Feature feature="NUMBER_COMPLEX" name="Complex points" shortname="Complex" dimension="NONE" isint="true" />
        <Feature feature="DIVISION_TIME_MEAN" name="Mean cell division time" shortname="Mean div. time" dimension="TIME" isint="false" />
        <Feature feature="DIVISION_TIME_STD" name="Std cell division time" shortname="Std div. time" dimension="TIME" isint="false" />
      </TrackFeatures>
    </FeatureDeclarations>
    <AllSpots nspots="2430">
      <SpotsInFrame frame="0">
        <Spot ID="168322" name="ID168322" VISIBILITY="1" RADIUS="7.513148009015776" QUALITY="-1.0" SOURCE_ID="0" POSITION_T="0.0" POSITION_X="1065.1362211297778" POSITION_Y="417.991184753955" FRAME="0" POSITION_Z="312.0929620320894" />
        <Spot ID="173618" name="nnb173618" VISIBILITY="1" RADIUS="8.264462809917353" QUALITY="-1.0" SOURCE_ID="0" POSITION_T="0.0" POSITION_X="1065.8602564280159" POSITION_Y="410.51072889425114" FRAME="0" POSITION_Z="327.7674862551607" />
        <Spot ID="110832" name="nnb110832" VISIBILITY="1" RADIUS="8.264462809917351" QUALITY="-1.0" SOURCE_ID="0" POSITION_T="0.0" POSITION_X="1080.2309751151597" POSITION_Y="172.4465127045485" FRAME="0" POSITION_Z="351.0911938529329" />
        <Spot ID="132129" name="nnb132129" VISIBILITY="1" RADIUS="7.513148009015772" QUALITY="-1.0" SOURCE_ID="0" POSITION_T="0.0" POSITION_X="1027.222819763314" POSITION_Y="448.4777145493341" FRAME="0" POSITION_Z="279.57041962340935" />
        <Spot ID="110826" name="ID110826" VISIBILITY="1" RADIUS="8.264462809917351" QUALITY="-1.0" SOURCE_ID="0" POSITION_T="0.0" POSITION_X="1062.7102612147928" POSITION_Y="162.97719211088463" FRAME="0" POSITION_Z="351.82177680927003" />
        <Spot ID="132063" name="ID132063" VISIBILITY="1" RADIUS="7.513148009015772" QUALITY="-1.0" SOURCE_ID="0" POSITION_T="0.0" POSITION_X="1027.2228197633135" POSITION_Y="461.199944203114" FRAME="0" POSITION_Z="262.2812357349393" />
      </SpotsInFrame>
      <SpotsInFrame frame="1">
        <Spot ID="110840" name="ID110840" VISIBILITY="1" RADIUS="8.264462809917351" QUALITY="183.46694946289062" SOURCE_ID="0" POSITION_T="1.0" POSITION_X="1079.6664383962895" POSITION_Y="169.34892169434372" FRAME="1" POSITION_Z="351.75693446625297" />
        <Spot ID="132139" name="ID132139" VISIBILITY="1" RADIUS="7.513148009015772" QUALITY="289.04302978515625" SOURCE_ID="0" POSITION_T="1.0" POSITION_X="1029.8512479874223" POSITION_Y="453.81173433370657" FRAME="1" POSITION_Z="280.25470499969083" />
        <Spot ID="168320" name="ID168320" VISIBILITY="1" RADIUS="7.513148009015776" QUALITY="-1.0" SOURCE_ID="0" POSITION_T="1.0" POSITION_X="1066.8167682205299" POSITION_Y="417.991184753955" FRAME="1" POSITION_Z="311.37272756462426" />
        <Spot ID="110823" name="ID110823" VISIBILITY="1" RADIUS="8.264462809917351" QUALITY="-1.0" SOURCE_ID="0" POSITION_T="1.0" POSITION_X="1061.4406442654908" POSITION_Y="164.49771332251117" FRAME="1" POSITION_Z="351.99036605222057" />
        <Spot ID="173644" name="ID173644" VISIBILITY="1" RADIUS="8.264462809917353" QUALITY="248.08975219726562" SOURCE_ID="0" POSITION_T="1.0" POSITION_X="1067.6314149069397" POSITION_Y="412.1016244040462" FRAME="1" POSITION_Z="330.7175181584654" />
        <Spot ID="132069" name="ID132069" VISIBILITY="1" RADIUS="7.513148009015772" QUALITY="284.97833251953125" SOURCE_ID="0" POSITION_T="1.0" POSITION_X="1025.9738830964764" POSITION_Y="462.1726680630047" FRAME="1" POSITION_Z="260.37094309194003" />
      </SpotsInFrame>
      <SpotsInFrame frame="2">
        <Spot ID="168314" name="ID168314" VISIBILITY="1" RADIUS="7.513148009015776" QUALITY="-1.0" SOURCE_ID="0" POSITION_T="2.0" POSITION_X="1066.5766900647084" POSITION_Y="417.99118475395494" FRAME="2" POSITION_Z="311.13264940880254" />
        <Spot ID="132155" name="ID132155" VISIBILITY="1" RADIUS="7.513148009015772" QUALITY="275.9734191894531" SOURCE_ID="0" POSITION_T="2.0" POSITION_X="1030.659288676442" POSITION_Y="452.45978287626275" FRAME="2" POSITION_Z="281.9855732941203" />
        <Spot ID="173667" name="ID173667" VISIBILITY="1" RADIUS="8.264462809917353" QUALITY="271.8623046875" SOURCE_ID="0" POSITION_T="2.0" POSITION_X="1068.5069567573366" POSITION_Y="412.67043637321626" FRAME="2" POSITION_Z="331.2417788264675" />
        <Spot ID="132080" name="ID132080" VISIBILITY="1" RADIUS="7.513148009015772" QUALITY="262.93890380859375" SOURCE_ID="0" POSITION_T="2.0" POSITION_X="1027.05670406885" POSITION_Y="462.2200916720866" FRAME="2" POSITION_Z="260.8813236879085" />
        <Spot ID="110858" name="ID110858" VISIBILITY="1" RADIUS="8.264462809917351" QUALITY="213.90780639648438" SOURCE_ID="0" POSITION_T="2.0" POSITION_X="1079.8901602424235" POSITION_Y="168.92052109597174" FRAME="2" POSITION_Z="350.771307523411" />
        <Spot ID="110821" name="ID110821" VISIBILITY="1" RADIUS="8.264462809917351" QUALITY="-1.0" SOURCE_ID="0" POSITION_T="2.0" POSITION_X="1058.6474869770268" POSITION_Y="162.70812902861528" FRAME="2" POSITION_Z="352.09216253990974" />
      </SpotsInFrame>
      <SpotsInFrame frame="3">
        <Spot ID="132091" name="ID132091" VISIBILITY="1" RADIUS="7.513148009015772" QUALITY="273.2931823730469" SOURCE_ID="0" POSITION_T="3.0" POSITION_X="1026.9791786947044" POSITION_Y="462.02210737806774" FRAME="3" POSITION_Z="261.32932514400767" />
        <Spot ID="110803" name="ID110803" VISIBILITY="1" RADIUS="8.264462809917351" QUALITY="-1.0" SOURCE_ID="0" POSITION_T="3.0" POSITION_X="1058.6474869770268" POSITION_Y="163.03434004537883" FRAME="3" POSITION_Z="350.7873184728554" />
        <Spot ID="168313" name="ID168313" VISIBILITY="1" RADIUS="7.513148009015776" QUALITY="-1.0" SOURCE_ID="0" POSITION_T="3.0" POSITION_X="1068.2661057605967" POSITION_Y="417.50849455512946" FRAME="3" POSITION_Z="311.1326494088024" />
        <Spot ID="173689" name="ID173689" VISIBILITY="1" RADIUS="8.264462809917353" QUALITY="287.111083984375" SOURCE_ID="0" POSITION_T="3.0" POSITION_X="1068.4551198323393" POSITION_Y="412.05864078549746" FRAME="3" POSITION_Z="330.41533355082646" />
        <Spot ID="132167" name="ID132167" VISIBILITY="1" RADIUS="7.513148009015772" QUALITY="284.6378479003906" SOURCE_ID="0" POSITION_T="3.0" POSITION_X="1030.6592886764422" POSITION_Y="450.5025167756813" FRAME="3" POSITION_Z="281.9855732941203" />
        <Spot ID="110878" name="ID110878" VISIBILITY="1" RADIUS="8.264462809917351" QUALITY="324.46527099609375" SOURCE_ID="0" POSITION_T="3.0" POSITION_X="1079.6518881844668" POSITION_Y="168.7824482536976" FRAME="3" POSITION_Z="353.22426605051714" />
      </SpotsInFrame>
      <SpotsInFrame frame="4">
        <Spot ID="173715" name="ID173715" VISIBILITY="1" RADIUS="8.264462809917353" QUALITY="230.4213409423828" SOURCE_ID="0" POSITION_T="4.0" POSITION_X="1070.4603800935374" POSITION_Y="413.28547327732724" FRAME="4" POSITION_Z="331.83849890726543" />
        <Spot ID="132177" name="ID132177" VISIBILITY="1" RADIUS="7.513148009015772" QUALITY="285.0533447265625" SOURCE_ID="0" POSITION_T="4.0" POSITION_X="1032.462492591178" POSITION_Y="451.84004933066217" FRAME="4" POSITION_Z="282.61458626674323" />
        <Spot ID="132102" name="ID132102" VISIBILITY="1" RADIUS="7.513148009015772" QUALITY="242.885009765625" SOURCE_ID="0" POSITION_T="4.0" POSITION_X="1028.5160943678516" POSITION_Y="460.9336242098575" FRAME="4" POSITION_Z="261.70263836032353" />
        <Spot ID="110892" name="ID110892" VISIBILITY="1" RADIUS="8.264462809917351" QUALITY="360.938720703125" SOURCE_ID="0" POSITION_T="4.0" POSITION_X="1079.7964445042362" POSITION_Y="167.9027797467848" FRAME="4" POSITION_Z="353.675402619393" />
        <Spot ID="110799" name="ID110799" VISIBILITY="1" RADIUS="8.264462809917351" QUALITY="-1.0" SOURCE_ID="0" POSITION_T="4.0" POSITION_X="1058.139640197307" POSITION_Y="164.04925989315615" FRAME="4" POSITION_Z="350.87606900938636" />
        <Spot ID="168301" name="ID168301" VISIBILITY="1" RADIUS="7.513148009015776" QUALITY="-1.0" SOURCE_ID="0" POSITION_T="4.0" POSITION_X="1067.3007253629457" POSITION_Y="415.8190788592406" FRAME="4" POSITION_Z="311.13264940880237" />
      </SpotsInFrame>
      <SpotsInFrame frame="5">
        <Spot ID="110769" name="ID110769" VISIBILITY="1" RADIUS="8.264462809917351" QUALITY="-1.0" SOURCE_ID="0" POSITION_T="5.0" POSITION_X="1058.1396401973072" POSITION_Y="164.7016819266833" FRAME="5" POSITION_Z="352.50712409320425" />
        <Spot ID="132059" name="ID132059" VISIBILITY="1" RADIUS="7.513148009015772" QUALITY="-1.0" SOURCE_ID="0" POSITION_T="5.0" POSITION_X="1031.6180283059348" POSITION_Y="461.1999442031141" FRAME="5" POSITION_Z="261.91496835638753" />
        <Spot ID="110906" name="ID110906" VISIBILITY="1" RADIUS="8.264462809917351" QUALITY="216.69033813476562" SOURCE_ID="0" POSITION_T="5.0" POSITION_X="1078.5941848285263" POSITION_Y="168.39937426430745" FRAME="5" POSITION_Z="355.9099212343517" />
        <Spot ID="173740" name="ID173740" VISIBILITY="1" RADIUS="8.264462809917353" QUALITY="278.5541076660156" SOURCE_ID="0" POSITION_T="5.0" POSITION_X="1069.4904691429806" POSITION_Y="412.2757863301792" FRAME="5" POSITION_Z="333.7968809517682" />
        <Spot ID="132189" name="ID132189" VISIBILITY="1" RADIUS="7.513148009015772" QUALITY="308.08111572265625" SOURCE_ID="0" POSITION_T="5.0" POSITION_X="1033.4553183414255" POSITION_Y="451.9646868487037" FRAME="5" POSITION_Z="283.7121970438158" />
        <Spot ID="168293" name="ID168293" VISIBILITY="1" RADIUS="7.513148009015776" QUALITY="-1.0" SOURCE_ID="0" POSITION_T="5.0" POSITION_X="1066.5804908954806" POSITION_Y="415.8190788592406" FRAME="5" POSITION_Z="311.13264940880237" />
      </SpotsInFrame>
      <SpotsInFrame frame="6">
        <Spot ID="110762" name="ID110762" VISIBILITY="1" RADIUS="8.264462809917351" QUALITY="-1.0" SOURCE_ID="0" POSITION_T="6.0" POSITION_X="1058.9172906242861" POSITION_Y="164.92981098637728" FRAME="6" POSITION_Z="354.7295764026666" />
        <Spot ID="132057" name="ID132057" VISIBILITY="1" RADIUS="7.513148009015772" QUALITY="-1.0" SOURCE_ID="0" POSITION_T="6.0" POSITION_X="1031.6180283059348" POSITION_Y="461.8523662366413" FRAME="6" POSITION_Z="262.5673903899147" />
        <Spot ID="173793" name="ID173793" VISIBILITY="1" RADIUS="8.264462809917353" QUALITY="332.0977478027344" SOURCE_ID="0" POSITION_T="6.0" POSITION_X="1069.8589691317327" POSITION_Y="412.631150887459" FRAME="6" POSITION_Z="334.665559999239" />
        <Spot ID="110933" name="ID110933" VISIBILITY="1" RADIUS="8.264462809917351" QUALITY="332.92254638671875" SOURCE_ID="0" POSITION_T="6.0" POSITION_X="1078.5676805388784" POSITION_Y="170.55422700374507" FRAME="6" POSITION_Z="357.2060527366193" />
        <Spot ID="132239" name="ID132239" VISIBILITY="1" RADIUS="7.513148009015772" QUALITY="302.4188537597656" SOURCE_ID="0" POSITION_T="6.0" POSITION_X="1033.7914586061447" POSITION_Y="453.23824765094434" FRAME="6" POSITION_Z="286.19182679887314" />
        <Spot ID="168292" name="ID168292" VISIBILITY="1" RADIUS="7.513148009015776" QUALITY="-1.0" SOURCE_ID="0" POSITION_T="6.0" POSITION_X="1069.2213506095197" POSITION_Y="415.8190788592406" FRAME="6" POSITION_Z="313.7735091228414" />
      </SpotsInFrame>
      <SpotsInFrame frame="7">
        <Spot ID="168283" name="ID168283" VISIBILITY="1" RADIUS="7.513148009015776" QUALITY="-1.0" SOURCE_ID="0" POSITION_T="7.0" POSITION_X="1068.7411942978763" POSITION_Y="415.81907885924056" FRAME="7" POSITION_Z="316.4143688368804" />
        <Spot ID="110747" name="ID110747" VISIBILITY="1" RADIUS="8.264462809917351" QUALITY="-1.0" SOURCE_ID="0" POSITION_T="7.0" POSITION_X="1058.1555204547055" POSITION_Y="167.46896916585987" FRAME="7" POSITION_Z="354.9159893058396" />
        <Spot ID="131816" name="ID131816" VISIBILITY="1" RADIUS="7.513148009015772" QUALITY="-1.0" SOURCE_ID="0" POSITION_T="7.0" POSITION_X="1031.6180283059343" POSITION_Y="461.52615521987735" FRAME="7" POSITION_Z="265.1770785240234" />
        <Spot ID="173816" name="ID173816" VISIBILITY="1" RADIUS="8.264462809917353" QUALITY="259.54443359375" SOURCE_ID="0" POSITION_T="7.0" POSITION_X="1069.0154656662855" POSITION_Y="411.4976829880387" FRAME="7" POSITION_Z="337.048671104153" />
        <Spot ID="110948" name="ID110948" VISIBILITY="1" RADIUS="8.264462809917351" QUALITY="387.4520263671875" SOURCE_ID="0" POSITION_T="7.0" POSITION_X="1077.3279732017506" POSITION_Y="171.84850138149446" FRAME="7" POSITION_Z="359.0190501529021" />
        <Spot ID="132252" name="ID132252" VISIBILITY="1" RADIUS="7.513148009015772" QUALITY="297.71978759765625" SOURCE_ID="0" POSITION_T="7.0" POSITION_X="1033.791458606145" POSITION_Y="450.9547705335992" FRAME="7" POSITION_Z="285.86561578210956" />
      </SpotsInFrame>
      <SpotsInFrame frame="8">
        <Spot ID="110960" name="ID110960" VISIBILITY="1" RADIUS="8.264462809917351" QUALITY="404.94439697265625" SOURCE_ID="0" POSITION_T="8.0" POSITION_X="1076.0816826935313" POSITION_Y="173.17413845501486" FRAME="8" POSITION_Z="360.07771280585877" />
        <Spot ID="131929" name="ID131929" VISIBILITY="1" RADIUS="7.513148009015772" QUALITY="259.5859375" SOURCE_ID="0" POSITION_T="8.0" POSITION_X="1033.0330234829576" POSITION_Y="460.70577789585207" FRAME="8" POSITION_Z="266.85289828034786" />
        <Spot ID="168265" name="ID168265" VISIBILITY="1" RADIUS="7.513148009015776" QUALITY="-1.0" SOURCE_ID="0" POSITION_T="8.0" POSITION_X="1069.22135060952" POSITION_Y="415.81907885924045" FRAME="8" POSITION_Z="318.5750722392759" />
        <Spot ID="110733" name="ID110733" VISIBILITY="1" RADIUS="6.830134553650704" QUALITY="-1.0" SOURCE_ID="0" POSITION_T="8.0" POSITION_X="1058.1555204547058" POSITION_Y="166.67251430271392" FRAME="8" POSITION_Z="358.5309540394274" />
        <Spot ID="173836" name="ID173836" VISIBILITY="1" RADIUS="8.264462809917353" QUALITY="274.9393005371094" SOURCE_ID="0" POSITION_T="8.0" POSITION_X="1068.8057757960935" POSITION_Y="411.01359333174844" FRAME="8" POSITION_Z="339.9022597597607" />
        <Spot ID="132261" name="ID132261" VISIBILITY="1" RADIUS="7.513148009015772" QUALITY="277.33575439453125" SOURCE_ID="0" POSITION_T="8.0" POSITION_X="1033.7914586061452" POSITION_Y="447.69266036596326" FRAME="8" POSITION_Z="286.8442488324003" />
      </SpotsInFrame>
      <SpotsInFrame frame="9">
        <Spot ID="131939" name="ID131939" VISIBILITY="1" RADIUS="7.513148009015772" QUALITY="257.7511291503906" SOURCE_ID="0" POSITION_T="9.0" POSITION_X="1034.0102209090307" POSITION_Y="460.3489169819876" FRAME="9" POSITION_Z="266.86517095082183" />
        <Spot ID="168264" name="ID168264" VISIBILITY="1" RADIUS="7.513148009015776" QUALITY="-1.0" SOURCE_ID="0" POSITION_T="9.0" POSITION_X="1071.3972573350068" POSITION_Y="416.78445925689107" FRAME="9" POSITION_Z="322.17624457660173" />
        <Spot ID="132273" name="ID132273" VISIBILITY="1" RADIUS="7.513148009015772" QUALITY="323.0548400878906" SOURCE_ID="0" POSITION_T="9.0" POSITION_X="1033.7914586061454" POSITION_Y="446.06160528214525" FRAME="9" POSITION_Z="287.82288188269104" />
        <Spot ID="110732" name="ID110732" VISIBILITY="1" RADIUS="8.264462809917353" QUALITY="-1.0" SOURCE_ID="0" POSITION_T="9.0" POSITION_X="1056.378056725683" POSITION_Y="168.19117695430103" FRAME="9" POSITION_Z="358.7350067205323" />
        <Spot ID="173855" name="ID173855" VISIBILITY="1" RADIUS="8.264462809917353" QUALITY="280.36016845703125" SOURCE_ID="0" POSITION_T="9.0" POSITION_X="1067.5549005173586" POSITION_Y="409.70736597190506" FRAME="9" POSITION_Z="340.9471031913354" />
        <Spot ID="110975" name="ID110975" VISIBILITY="1" RADIUS="8.264462809917351" QUALITY="381.5735778808594" SOURCE_ID="0" POSITION_T="9.0" POSITION_X="1075.4193644188974" POSITION_Y="175.79633611237642" FRAME="9" POSITION_Z="362.16394524323454" />
      </SpotsInFrame>
      <SpotsInFrame frame="10">
        <Spot ID="173875" name="ID173875" VISIBILITY="1" RADIUS="8.264462809917353" QUALITY="292.1839599609375" SOURCE_ID="0" POSITION_T="10.0" POSITION_X="1067.8745080868505" POSITION_Y="410.41264589756435" FRAME="10" POSITION_Z="341.67749731676304" />
        <Spot ID="110987" name="ID110987" VISIBILITY="1" RADIUS="8.264462809917351" QUALITY="409.7842712402344" SOURCE_ID="0" POSITION_T="10.0" POSITION_X="1073.4342677751445" POSITION_Y="175.18305174847558" FRAME="10" POSITION_Z="364.07466352154745" />
        <Spot ID="110722" name="ID110722" VISIBILITY="1" RADIUS="8.264462809917353" QUALITY="-1.0" SOURCE_ID="0" POSITION_T="10.0" POSITION_X="1056.885903505404" POSITION_Y="168.19303551434044" FRAME="10" POSITION_Z="358.69954328237804" />
        <Spot ID="131950" name="ID131950" VISIBILITY="1" RADIUS="7.513148009015772" QUALITY="282.57659912109375" SOURCE_ID="0" POSITION_T="10.0" POSITION_X="1036.346787694331" POSITION_Y="460.0694136745949" FRAME="10" POSITION_Z="265.47527431509855" />
        <Spot ID="168263" name="ID168263" VISIBILITY="1" RADIUS="7.513148009015776" QUALITY="-1.0" SOURCE_ID="0" POSITION_T="10.0" POSITION_X="1070.9145671361812" POSITION_Y="415.0950435610022" FRAME="10" POSITION_Z="322.1762445766017" />
        <Spot ID="132285" name="ID132285" VISIBILITY="1" RADIUS="7.513148009015772" QUALITY="301.9971618652344" SOURCE_ID="0" POSITION_T="10.0" POSITION_X="1036.7728750675574" POSITION_Y="446.20100340488364" FRAME="10" POSITION_Z="287.17045984916376" />
      </SpotsInFrame>
      <SpotsInFrame frame="11">
        <Spot ID="110721" name="ID110721" VISIBILITY="1" RADIUS="8.264462809917353" QUALITY="-1.0" SOURCE_ID="0" POSITION_T="11.0" POSITION_X="1055.362363166242" POSITION_Y="171.74618426158065" FRAME="11" POSITION_Z="358.9924384411589" />
        <Spot ID="132362" name="ID132362" VISIBILITY="1" RADIUS="7.513148009015772" QUALITY="-1.0" SOURCE_ID="0" POSITION_T="11.0" POSITION_X="1041.6176768173511" POSITION_Y="448.90457235119163" FRAME="11" POSITION_Z="289.12772594974524" />
        <Spot ID="173906" name="ID173906" VISIBILITY="1" RADIUS="8.264462809917353" QUALITY="303.49652099609375" SOURCE_ID="0" POSITION_T="11.0" POSITION_X="1069.7765708824297" POSITION_Y="408.5611752043616" FRAME="11" POSITION_Z="344.27885239599755" />
        <Spot ID="168254" name="ID168254" VISIBILITY="1" RADIUS="7.513148009015776" QUALITY="-1.0" SOURCE_ID="0" POSITION_T="11.0" POSITION_X="1070.190531837943" POSITION_Y="411.7162121692246" FRAME="11" POSITION_Z="322.1762445766016" />
        <Spot ID="131964" name="ID131964" VISIBILITY="1" RADIUS="7.513148009015772" QUALITY="316.6261901855469" SOURCE_ID="0" POSITION_T="11.0" POSITION_X="1040.1140844406732" POSITION_Y="457.7442063764436" FRAME="11" POSITION_Z="265.8287472500193" />
        <Spot ID="111006" name="ID111006" VISIBILITY="1" RADIUS="8.264462809917351" QUALITY="462.3121032714844" SOURCE_ID="0" POSITION_T="11.0" POSITION_X="1073.096638677676" POSITION_Y="176.33719032145768" FRAME="11" POSITION_Z="365.0506884605469" />
      </SpotsInFrame>
      <SpotsInFrame frame="12">
        <Spot ID="173923" name="ID173923" VISIBILITY="1" RADIUS="8.264462809917353" QUALITY="291.2117919921875" SOURCE_ID="0" POSITION_T="12.0" POSITION_X="1070.2993924557984" POSITION_Y="406.587010871761" FRAME="12" POSITION_Z="346.2123815907022" />
        <Spot ID="111019" name="ID111019" VISIBILITY="1" RADIUS="8.264462809917351" QUALITY="455.19207763671875" SOURCE_ID="0" POSITION_T="12.0" POSITION_X="1072.262401008819" POSITION_Y="178.90220413555963" FRAME="12" POSITION_Z="365.6443280698161" />
        <Spot ID="132374" name="ID132374" VISIBILITY="1" RADIUS="7.513148009015772" QUALITY="-1.0" SOURCE_ID="0" POSITION_T="12.0" POSITION_X="1041.6176768173514" POSITION_Y="443.6851960829741" FRAME="12" POSITION_Z="289.4539369665088" />
        <Spot ID="110708" name="ID110708" VISIBILITY="1" RADIUS="8.264462809917353" QUALITY="-1.0" SOURCE_ID="0" POSITION_T="12.0" POSITION_X="1055.362363166242" POSITION_Y="172.00037886353482" FRAME="12" POSITION_Z="359.00576021575307" />
        <Spot ID="131973" name="ID131973" VISIBILITY="1" RADIUS="7.513148009015772" QUALITY="260.8634033203125" SOURCE_ID="0" POSITION_T="12.0" POSITION_X="1041.958738692482" POSITION_Y="454.72953041641324" FRAME="12" POSITION_Z="267.3232740849414" />
        <Spot ID="168245" name="ID168245" VISIBILITY="1" RADIUS="7.513148009015776" QUALITY="-1.0" SOURCE_ID="0" POSITION_T="12.0" POSITION_X="1070.1905318379427" POSITION_Y="409.5441062745104" FRAME="12" POSITION_Z="322.17624457660156" />
      </SpotsInFrame>
      <SpotsInFrame frame="13">
        <Spot ID="168235" name="ID168235" VISIBILITY="1" RADIUS="7.513148009015776" QUALITY="-1.0" SOURCE_ID="0" POSITION_T="13.0" POSITION_X="1072.603982832069" POSITION_Y="409.3027611750976" FRAME="13" POSITION_Z="322.17624457660145" />
        <Spot ID="110707" name="ID110707" VISIBILITY="1" RADIUS="8.264462809917353" QUALITY="-1.0" SOURCE_ID="0" POSITION_T="13.0" POSITION_X="1053.3309760473592" POSITION_Y="173.77230683705642" FRAME="13" POSITION_Z="359.2408663905291" />
        <Spot ID="132376" name="ID132376" VISIBILITY="1" RADIUS="7.513148009015772" QUALITY="-1.0" SOURCE_ID="0" POSITION_T="13.0" POSITION_X="1044.2264162210863" POSITION_Y="443.12475740089883" FRAME="13" POSITION_Z="288.80151493298155" />
        <Spot ID="131993" name="ID131993" VISIBILITY="1" RADIUS="7.513148009015772" QUALITY="318.42156982421875" SOURCE_ID="0" POSITION_T="13.0" POSITION_X="1043.535151369692" POSITION_Y="455.7593675347597" FRAME="13" POSITION_Z="269.36052549741737" />
        <Spot ID="173943" name="ID173943" VISIBILITY="1" RADIUS="8.264462809917353" QUALITY="308.4225158691406" SOURCE_ID="0" POSITION_T="13.0" POSITION_X="1069.356206152657" POSITION_Y="403.00817931484784" FRAME="13" POSITION_Z="348.62811043858096" />
        <Spot ID="111031" name="ID111031" VISIBILITY="1" RADIUS="8.264462809917351" QUALITY="439.55633544921875" SOURCE_ID="0" POSITION_T="13.0" POSITION_X="1069.8113036803438" POSITION_Y="179.0821577682171" FRAME="13" POSITION_Z="366.69448232482006" />
      </SpotsInFrame>
      <SpotsInFrame frame="14">
        <Spot ID="132003" name="ID132003" VISIBILITY="1" RADIUS="7.513148009015772" QUALITY="338.11883544921875" SOURCE_ID="0" POSITION_T="14.0" POSITION_X="1047.3812741211436" POSITION_Y="452.9542212964663" FRAME="14" POSITION_Z="270.73767334718724" />
        <Spot ID="110706" name="ID110706" VISIBILITY="1" RADIUS="8.264462809917353" QUALITY="-1.0" SOURCE_ID="0" POSITION_T="14.0" POSITION_X="1054.6005929966614" POSITION_Y="176.57309385865085" FRAME="14" POSITION_Z="359.29874731567924" />
        <Spot ID="132409" name="ID132409" VISIBILITY="1" RADIUS="7.513148009015772" QUALITY="-1.0" SOURCE_ID="0" POSITION_T="14.0" POSITION_X="1049.4438950285562" POSITION_Y="443.1247574008989" FRAME="14" POSITION_Z="288.8015149329815" />
        <Spot ID="111045" name="ID111045" VISIBILITY="1" RADIUS="8.264462809917351" QUALITY="434.0946350097656" SOURCE_ID="0" POSITION_T="14.0" POSITION_X="1070.956909554958" POSITION_Y="178.97079153861947" FRAME="14" POSITION_Z="368.3803120404142" />
        <Spot ID="168229" name="ID168229" VISIBILITY="1" RADIUS="7.513148009015776" QUALITY="-1.0" SOURCE_ID="0" POSITION_T="14.0" POSITION_X="1077.6456241043256" POSITION_Y="409.3027611750976" FRAME="14" POSITION_Z="326.01749506974903" />
        <Spot ID="173957" name="ID173957" VISIBILITY="1" RADIUS="8.264462809917353" QUALITY="287.1903991699219" SOURCE_ID="0" POSITION_T="14.0" POSITION_X="1071.0431209396681" POSITION_Y="400.8594812954351" FRAME="14" POSITION_Z="349.1258215796822" />
      </SpotsInFrame>
      <SpotsInFrame frame="15">
        <Spot ID="110705" name="ID110705" VISIBILITY="1" RADIUS="8.264462809917353" QUALITY="-1.0" SOURCE_ID="0" POSITION_T="15.0" POSITION_X="1054.6005929966616" POSITION_Y="176.82728846060502" FRAME="15" POSITION_Z="359.3120690902734" />
        <Spot ID="111057" name="ID111057" VISIBILITY="1" RADIUS="8.264462809917351" QUALITY="487.4522399902344" SOURCE_ID="0" POSITION_T="15.0" POSITION_X="1071.5621605663393" POSITION_Y="179.93465464719128" FRAME="15" POSITION_Z="366.9446984662658" />
        <Spot ID="168186" name="ID168186" VISIBILITY="1" RADIUS="7.513148009015776" QUALITY="-1.0" SOURCE_ID="0" POSITION_T="15.0" POSITION_X="1077.6456241043263" POSITION_Y="403.1519985052849" FRAME="15" POSITION_Z="324.62861317656564" />
        <Spot ID="132016" name="ID132016" VISIBILITY="1" RADIUS="7.513148009015772" QUALITY="323.7271728515625" SOURCE_ID="0" POSITION_T="15.0" POSITION_X="1051.394203101421" POSITION_Y="451.4474984004212" FRAME="15" POSITION_Z="270.71456796900736" />
        <Spot ID="132412" name="ID132412" VISIBILITY="1" RADIUS="7.513148009015772" QUALITY="-1.0" SOURCE_ID="0" POSITION_T="15.0" POSITION_X="1051.6799573746148" POSITION_Y="442.00672622786965" FRAME="15" POSITION_Z="288.8015149329814" />
        <Spot ID="173981" name="ID173981" VISIBILITY="1" RADIUS="8.264462809917353" QUALITY="321.3572998046875" SOURCE_ID="0" POSITION_T="15.0" POSITION_X="1073.6633716712515" POSITION_Y="398.04449050044155" FRAME="15" POSITION_Z="353.4178351621633" />
      </SpotsInFrame>
      <SpotsInFrame frame="16">
        <Spot ID="168130" name="ID168130" VISIBILITY="1" RADIUS="7.513148009015776" QUALITY="-1.0" SOURCE_ID="0" POSITION_T="16.0" POSITION_X="1082.2071090649392" POSITION_Y="403.1519985052849" FRAME="16" POSITION_Z="324.62861317656564" />
        <Spot ID="110704" name="ID110704" VISIBILITY="1" RADIUS="8.264462809917353" QUALITY="-1.0" SOURCE_ID="0" POSITION_T="16.0" POSITION_X="1056.6319801155448" POSITION_Y="176.32633349685426" FRAME="16" POSITION_Z="359.14357178846825" />
        <Spot ID="174000" name="ID174000" VISIBILITY="1" RADIUS="8.264462809917353" QUALITY="304.51531982421875" SOURCE_ID="0" POSITION_T="16.0" POSITION_X="1079.0147658759074" POSITION_Y="395.28364259449904" FRAME="16" POSITION_Z="350.86964824924655" />
        <Spot ID="132438" name="ID132438" VISIBILITY="1" RADIUS="7.513148009015772" QUALITY="-1.0" SOURCE_ID="0" POSITION_T="16.0" POSITION_X="1058.760821470467" POSITION_Y="442.75302907359617" FRAME="16" POSITION_Z="294.34710221796234" />
        <Spot ID="132028" name="ID132028" VISIBILITY="1" RADIUS="7.513148009015772" QUALITY="332.971923828125" SOURCE_ID="0" POSITION_T="16.0" POSITION_X="1056.1461926561171" POSITION_Y="453.13561391557414" FRAME="16" POSITION_Z="270.1102845744202" />
        <Spot ID="111078" name="ID111078" VISIBILITY="1" RADIUS="8.264462809917351" QUALITY="408.604736328125" SOURCE_ID="0" POSITION_T="16.0" POSITION_X="1072.8183663377" POSITION_Y="182.77233385033875" FRAME="16" POSITION_Z="366.9823620906456" />
      </SpotsInFrame>
      <SpotsInFrame frame="17">
        <Spot ID="132443" name="ID132443" VISIBILITY="1" RADIUS="7.513148009015772" QUALITY="-1.0" SOURCE_ID="0" POSITION_T="17.0" POSITION_X="1065.7199016629504" POSITION_Y="442.7530290735961" FRAME="17" POSITION_Z="291.41696318954826" />
        <Spot ID="132041" name="ID132041" VISIBILITY="1" RADIUS="7.513148009015772" QUALITY="334.3283386230469" SOURCE_ID="0" POSITION_T="17.0" POSITION_X="1060.9507797229091" POSITION_Y="453.07093336350675" FRAME="17" POSITION_Z="268.6901231973908" />
        <Spot ID="168129" name="ID168129" VISIBILITY="1" RADIUS="7.513148009015776" QUALITY="-1.0" SOURCE_ID="0" POSITION_T="17.0" POSITION_X="1089.409453739591" POSITION_Y="403.1519985052849" FRAME="17" POSITION_Z="321.26751899506155" />
        <Spot ID="110701" name="ID110701" VISIBILITY="1" RADIUS="8.264462809917353" QUALITY="-1.0" SOURCE_ID="0" POSITION_T="17.0" POSITION_X="1061.710447912753" POSITION_Y="179.1410597187442" FRAME="17" POSITION_Z="358.9354769274616" />
        <Spot ID="174028" name="ID174028" VISIBILITY="1" RADIUS="8.264462809917353" QUALITY="321.33709716796875" SOURCE_ID="0" POSITION_T="17.0" POSITION_X="1085.0559950227703" POSITION_Y="392.38750140154684" FRAME="17" POSITION_Z="347.5085540677426" />
        <Spot ID="111094" name="ID111094" VISIBILITY="1" RADIUS="8.264462809917351" QUALITY="504.5575256347656" SOURCE_ID="0" POSITION_T="17.0" POSITION_X="1077.5841279633144" POSITION_Y="184.08583050566395" FRAME="17" POSITION_Z="365.3293479862816" />
      </SpotsInFrame>
      <SpotsInFrame frame="18">
        <Spot ID="110689" name="ID110689" VISIBILITY="1" RADIUS="8.264462809917353" QUALITY="-1.0" SOURCE_ID="0" POSITION_T="18.0" POSITION_X="1067.2967624896817" POSITION_Y="180.43247688894854" FRAME="18" POSITION_Z="358.6119879807359" />
        <Spot ID="131635" name="ID131635" VISIBILITY="1" RADIUS="7.513148009015772" QUALITY="-1.0" SOURCE_ID="0" POSITION_T="18.0" POSITION_X="1066.3429227979811" POSITION_Y="449.2278123165555" FRAME="18" POSITION_Z="265.49847814870253" />
        <Spot ID="132451" name="ID132451" VISIBILITY="1" RADIUS="7.513148009015772" QUALITY="295.03594970703125" SOURCE_ID="0" POSITION_T="18.0" POSITION_X="1072.5565766982136" POSITION_Y="439.9110586639607" FRAME="18" POSITION_Z="290.3606886456473" />
        <Spot ID="168097" name="ID168097" VISIBILITY="1" RADIUS="7.513148009015776" QUALITY="-1.0" SOURCE_ID="0" POSITION_T="18.0" POSITION_X="1096.8531435136551" POSITION_Y="400.9798926105707" FRAME="18" POSITION_Z="320.3072063717746" />
        <Spot ID="174044" name="ID174044" VISIBILITY="1" RADIUS="8.264462809917353" QUALITY="372.32452392578125" SOURCE_ID="0" POSITION_T="18.0" POSITION_X="1093.6988086323522" POSITION_Y="392.38750140154684" FRAME="18" POSITION_Z="347.02839775609914" />
        <Spot ID="111110" name="ID111110" VISIBILITY="1" RADIUS="8.264462809917351" QUALITY="417.4920349121094" SOURCE_ID="0" POSITION_T="18.0" POSITION_X="1083.104329918688" POSITION_Y="184.27006988444035" FRAME="18" POSITION_Z="363.066222299536" />
      </SpotsInFrame>
      <SpotsInFrame frame="19">
        <Spot ID="110665" name="ID110665" VISIBILITY="1" RADIUS="8.264462809917353" QUALITY="-1.0" SOURCE_ID="0" POSITION_T="19.0" POSITION_X="1071.359536727449" POSITION_Y="180.62952355640854" FRAME="19" POSITION_Z="361.2908231755628" />
        <Spot ID="132464" name="ID132464" VISIBILITY="1" RADIUS="7.513148009015772" QUALITY="248.22189331054688" SOURCE_ID="0" POSITION_T="19.0" POSITION_X="1075.6652422944815" POSITION_Y="437.60878962281265" FRAME="19" POSITION_Z="289.55923004207995" />
        <Spot ID="131672" name="ID131672" VISIBILITY="1" RADIUS="7.513148009015772" QUALITY="255.33673095703125" SOURCE_ID="0" POSITION_T="19.0" POSITION_X="1070.7552664087768" POSITION_Y="450.30382132277447" FRAME="19" POSITION_Z="266.27793515412003" />
        <Spot ID="111122" name="ID111122" VISIBILITY="1" RADIUS="8.264462809917351" QUALITY="365.427490234375" SOURCE_ID="0" POSITION_T="19.0" POSITION_X="1088.0909759236138" POSITION_Y="188.48324407487627" FRAME="19" POSITION_Z="361.2383558913649" />
        <Spot ID="168070" name="ID168070" VISIBILITY="1" RADIUS="7.513148009015776" QUALITY="-1.0" SOURCE_ID="0" POSITION_T="19.0" POSITION_X="1104.5356444999502" POSITION_Y="400.9798926105707" FRAME="19" POSITION_Z="321.50759715088327" />
        <Spot ID="174063" name="ID174063" VISIBILITY="1" RADIUS="8.264462809917353" QUALITY="333.17724609375" SOURCE_ID="0" POSITION_T="19.0" POSITION_X="1100.2518676806326" POSITION_Y="386.59521901564244" FRAME="19" POSITION_Z="347.02839775609914" />
      </SpotsInFrame>
      <SpotsInFrame frame="20">
        <Spot ID="111137" name="ID111137" VISIBILITY="1" RADIUS="8.264462809917351" QUALITY="327.1123352050781" SOURCE_ID="0" POSITION_T="20.0" POSITION_X="1094.8694049813441" POSITION_Y="189.85269549669343" FRAME="20" POSITION_Z="357.2396777242636" />
        <Spot ID="110656" name="ID110656" VISIBILITY="1" RADIUS="8.264462809917353" QUALITY="-1.0" SOURCE_ID="0" POSITION_T="20.0" POSITION_X="1077.9615448638197" POSITION_Y="184.13611854922732" FRAME="20" POSITION_Z="353.4068757415605" />
        <Spot ID="131683" name="ID131683" VISIBILITY="1" RADIUS="7.513148009015772" QUALITY="305.8394775390625" SOURCE_ID="0" POSITION_T="20.0" POSITION_X="1072.2432579179888" POSITION_Y="447.94177690153236" FRAME="20" POSITION_Z="264.3554775157558" />
        <Spot ID="132475" name="ID132475" VISIBILITY="1" RADIUS="7.513148009015772" QUALITY="255.65020751953125" SOURCE_ID="0" POSITION_T="20.0" POSITION_X="1079.8141928958437" POSITION_Y="437.32760662162536" FRAME="20" POSITION_Z="288.88472888883314" />
        <Spot ID="168062" name="ID168062" VISIBILITY="1" RADIUS="7.513148009015776" QUALITY="-1.0" SOURCE_ID="0" POSITION_T="20.0" POSITION_X="1109.362546488204" POSITION_Y="398.6418856226425" FRAME="20" POSITION_Z="315.3568344810705" />
        <Spot ID="174078" name="ID174078" VISIBILITY="1" RADIUS="8.264462809917353" QUALITY="370.9834899902344" SOURCE_ID="0" POSITION_T="20.0" POSITION_X="1106.2854951659497" POSITION_Y="383.9833563224894" FRAME="20" POSITION_Z="343.258575474601" />
      </SpotsInFrame>
      <SpotsInFrame frame="21">
        <Spot ID="111201" name="ID111201" VISIBILITY="1" RADIUS="8.264462809917351" QUALITY="403.0254821777344" SOURCE_ID="0" POSITION_T="21.0" POSITION_X="1100.16757914723" POSITION_Y="189.02443779695778" FRAME="21" POSITION_Z="359.3014505450578" />
        <Spot ID="110644" name="ID110644" VISIBILITY="1" RADIUS="8.264462809917353" QUALITY="-1.0" SOURCE_ID="0" POSITION_T="21.0" POSITION_X="1083.5478594407489" POSITION_Y="184.41075731161496" FRAME="21" POSITION_Z="353.03009969645825" />
        <Spot ID="174215" name="ID174215" VISIBILITY="1" RADIUS="8.264462809917353" QUALITY="264.47247314453125" SOURCE_ID="0" POSITION_T="21.0" POSITION_X="1111.8651093121937" POSITION_Y="380.85234896396236" FRAME="21" POSITION_Z="343.6649054500617" />
        <Spot ID="168044" name="ID168044" VISIBILITY="1" RADIUS="7.513148009015776" QUALITY="-1.0" SOURCE_ID="0" POSITION_T="21.0" POSITION_X="1112.7413778799814" POSITION_Y="400.75480281406413" FRAME="21" POSITION_Z="317.73777486938513" />
        <Spot ID="132485" name="ID132485" VISIBILITY="1" RADIUS="7.513148009015772" QUALITY="241.43658447265625" SOURCE_ID="0" POSITION_T="21.0" POSITION_X="1078.7317397573013" POSITION_Y="433.66569522225717" FRAME="21" POSITION_Z="285.54866533683685" />
        <Spot ID="131693" name="ID131693" VISIBILITY="1" RADIUS="7.513148009015772" QUALITY="253.21990966796875" SOURCE_ID="0" POSITION_T="21.0" POSITION_X="1071.6175424922449" POSITION_Y="447.5700099362847" FRAME="21" POSITION_Z="263.6254480383012" />
      </SpotsInFrame>
      <SpotsInFrame frame="22">
        <Spot ID="168024" name="ID168024" VISIBILITY="1" RADIUS="7.513148009015776" QUALITY="-1.0" SOURCE_ID="0" POSITION_T="22.0" POSITION_X="1120.2230759617744" POSITION_Y="402.41754041247265" FRAME="22" POSITION_Z="312.975894092756" />
        <Spot ID="110626" name="ID110626" VISIBILITY="1" RADIUS="8.264462809917353" QUALITY="-1.0" SOURCE_ID="0" POSITION_T="22.0" POSITION_X="1090.9116377467005" POSITION_Y="188.28449651878236" FRAME="22" POSITION_Z="350.69183148858207" />
        <Spot ID="111266" name="ID111266" VISIBILITY="1" RADIUS="8.264462809917351" QUALITY="-1.0" SOURCE_ID="0" POSITION_T="22.0" POSITION_X="1110.0947734982853" POSITION_Y="193.67788737700184" FRAME="22" POSITION_Z="353.7558632600769" />
        <Spot ID="131703" name="ID131703" VISIBILITY="1" RADIUS="7.513148009015772" QUALITY="296.3305969238281" SOURCE_ID="0" POSITION_T="22.0" POSITION_X="1071.0739613806638" POSITION_Y="450.02343510941034" FRAME="22" POSITION_Z="264.65463045414094" />
        <Spot ID="132501" name="ID132501" VISIBILITY="1" RADIUS="7.513148009015772" QUALITY="252.5022735595703" SOURCE_ID="0" POSITION_T="22.0" POSITION_X="1078.295336054123" POSITION_Y="431.29045319301093" FRAME="22" POSITION_Z="284.641871699326" />
        <Spot ID="174229" name="ID174229" VISIBILITY="1" RADIUS="8.264462809917353" QUALITY="322.7321472167969" SOURCE_ID="0" POSITION_T="22.0" POSITION_X="1119.4476829205496" POSITION_Y="380.58307004267937" FRAME="22" POSITION_Z="341.1658805389407" />
      </SpotsInFrame>
      <SpotsInFrame frame="23">
        <Spot ID="111312" name="ID111312" VISIBILITY="1" RADIUS="8.264462809917351" QUALITY="-1.0" SOURCE_ID="0" POSITION_T="23.0" POSITION_X="1110.094773498285" POSITION_Y="198.5710526284556" FRAME="23" POSITION_Z="355.38691834389493" />
        <Spot ID="110603" name="ID110603" VISIBILITY="1" RADIUS="8.264462809917353" QUALITY="-1.0" SOURCE_ID="0" POSITION_T="23.0" POSITION_X="1089.8959441872598" POSITION_Y="191.0769200201995" FRAME="23" POSITION_Z="350.90929788542627" />
        <Spot ID="132520" name="ID132520" VISIBILITY="1" RADIUS="7.513148009015772" QUALITY="278.5533447265625" SOURCE_ID="0" POSITION_T="23.0" POSITION_X="1071.8651514087119" POSITION_Y="433.39318708611694" FRAME="23" POSITION_Z="288.2619810817839" />
        <Spot ID="168016" name="ID168016" VISIBILITY="1" RADIUS="7.513148009015776" QUALITY="-1.0" SOURCE_ID="0" POSITION_T="23.0" POSITION_X="1116.361554371171" POSITION_Y="403.86561100894875" FRAME="23" POSITION_Z="312.975894092756" />
        <Spot ID="174248" name="ID174248" VISIBILITY="1" RADIUS="8.264462809917353" QUALITY="360.19207763671875" SOURCE_ID="0" POSITION_T="23.0" POSITION_X="1118.7009599831422" POSITION_Y="379.7094375214507" FRAME="23" POSITION_Z="339.6638897089882" />
        <Spot ID="131717" name="ID131717" VISIBILITY="1" RADIUS="7.513148009015772" QUALITY="230.57589721679688" SOURCE_ID="0" POSITION_T="23.0" POSITION_X="1061.4749808424733" POSITION_Y="451.2979871729401" FRAME="23" POSITION_Z="268.1191289179407" />
      </SpotsInFrame>
      <SpotsInFrame frame="24">
        <Spot ID="111347" name="ID111347" VISIBILITY="1" RADIUS="8.264462809917351" QUALITY="407.72393798828125" SOURCE_ID="0" POSITION_T="24.0" POSITION_X="1116.2023947681682" POSITION_Y="199.82970587829504" FRAME="24" POSITION_Z="354.31403707922095" />
        <Spot ID="174265" name="ID174265" VISIBILITY="1" RADIUS="8.264462809917353" QUALITY="323.92816162109375" SOURCE_ID="0" POSITION_T="24.0" POSITION_X="1121.429475007767" POSITION_Y="378.2044207318491" FRAME="24" POSITION_Z="337.8780272420137" />
        <Spot ID="131734" name="ID131734" VISIBILITY="1" RADIUS="7.513148009015772" QUALITY="277.29058837890625" SOURCE_ID="0" POSITION_T="24.0" POSITION_X="1057.3197789173453" POSITION_Y="455.50414641025685" FRAME="24" POSITION_Z="270.3655460280796" />
        <Spot ID="110588" name="ID110588" VISIBILITY="1" RADIUS="8.264462809917353" QUALITY="-1.0" SOURCE_ID="0" POSITION_T="24.0" POSITION_X="1097.2597224932117" POSITION_Y="194.40839896617516" FRAME="24" POSITION_Z="350.56826110191406" />
        <Spot ID="168015" name="ID168015" VISIBILITY="1" RADIUS="7.513148009015776" QUALITY="-1.0" SOURCE_ID="0" POSITION_T="24.0" POSITION_X="1115.1548288741078" POSITION_Y="403.66719930992264" FRAME="24" POSITION_Z="307.81718991807435" />
        <Spot ID="132533" name="ID132533" VISIBILITY="1" RADIUS="7.513148009015772" QUALITY="312.2227478027344" SOURCE_ID="0" POSITION_T="24.0" POSITION_X="1067.003568722391" POSITION_Y="430.05125662865316" FRAME="24" POSITION_Z="289.54141590155007" />
      </SpotsInFrame>
      <SpotsInFrame frame="25">
        <Spot ID="111361" name="ID111361" VISIBILITY="1" RADIUS="8.264462809917351" QUALITY="358.4708557128906" SOURCE_ID="0" POSITION_T="25.0" POSITION_X="1121.511790984502" POSITION_Y="201.2936445151377" FRAME="25" POSITION_Z="350.3623219857647" />
        <Spot ID="131746" name="ID131746" VISIBILITY="1" RADIUS="7.513148009015772" QUALITY="318.8794860839844" SOURCE_ID="0" POSITION_T="25.0" POSITION_X="1052.761995005227" POSITION_Y="454.393783369331" FRAME="25" POSITION_Z="270.69488889163864" />
        <Spot ID="132553" name="ID132553" VISIBILITY="1" RADIUS="7.513148009015772" QUALITY="276.67236328125" SOURCE_ID="0" POSITION_T="25.0" POSITION_X="1062.6083601797698" POSITION_Y="430.0512566286531" FRAME="25" POSITION_Z="291.3727527943089" />
        <Spot ID="174281" name="ID174281" VISIBILITY="1" RADIUS="8.264462809917353" QUALITY="394.5625915527344" SOURCE_ID="0" POSITION_T="25.0" POSITION_X="1123.8023919028126" POSITION_Y="378.36907894215096" FRAME="25" POSITION_Z="334.5507276183872" />
        <Spot ID="110580" name="ID110580" VISIBILITY="1" RADIUS="8.264462809917353" QUALITY="-1.0" SOURCE_ID="0" POSITION_T="25.0" POSITION_X="1102.8460370701407" POSITION_Y="197.22498374810453" FRAME="25" POSITION_Z="350.3247028027532" />
        <Spot ID="168004" name="ID168004" VISIBILITY="1" RADIUS="7.513148009015776" QUALITY="-1.0" SOURCE_ID="0" POSITION_T="25.0" POSITION_X="1112.5000327805678" POSITION_Y="405.11526990639874" FRAME="25" POSITION_Z="307.81718991807435" />
      </SpotsInFrame>
      <SpotsInFrame frame="26">
        <Spot ID="111417" name="ID111417" VISIBILITY="1" RADIUS="8.264462809917351" QUALITY="-1.0" SOURCE_ID="0" POSITION_T="26.0" POSITION_X="1129.8243226447523" POSITION_Y="205.79978628863034" FRAME="26" POSITION_Z="346.38191243290777" />
        <Spot ID="174306" name="ID174306" VISIBILITY="1" RADIUS="8.264462809917353" QUALITY="361.80157470703125" SOURCE_ID="0" POSITION_T="26.0" POSITION_X="1126.780552627026" POSITION_Y="376.8096386156419" FRAME="26" POSITION_Z="333.9645447199076" />
        <Spot ID="110568" name="ID110568" VISIBILITY="1" RADIUS="8.264462809917353" QUALITY="-1.0" SOURCE_ID="0" POSITION_T="26.0" POSITION_X="1111.9872791051157" POSITION_Y="202.0881352659431" FRAME="26" POSITION_Z="349.9394746332661" />
        <Spot ID="131760" name="ID131760" VISIBILITY="1" RADIUS="7.513148009015772" QUALITY="320.1167907714844" SOURCE_ID="0" POSITION_T="26.0" POSITION_X="1052.336025841245" POSITION_Y="455.21067805283724" FRAME="26" POSITION_Z="273.7994905533554" />
        <Spot ID="132567" name="ID132567" VISIBILITY="1" RADIUS="7.513148009015772" QUALITY="280.55157470703125" SOURCE_ID="0" POSITION_T="26.0" POSITION_X="1063.191399615734" POSITION_Y="432.95691401951944" FRAME="26" POSITION_Z="292.81237227796714" />
        <Spot ID="167991" name="ID167991" VISIBILITY="1" RADIUS="6.2092132305915495" QUALITY="-1.0" SOURCE_ID="0" POSITION_T="26.0" POSITION_X="1115.6375190729323" POSITION_Y="404.8530792178376" FRAME="26" POSITION_Z="306.82513142294334" />
      </SpotsInFrame>
      <SpotsInFrame frame="27">
        <Spot ID="111449" name="ID111449" VISIBILITY="1" RADIUS="8.264462809917351" QUALITY="-1.0" SOURCE_ID="0" POSITION_T="27.0" POSITION_X="1140.8173335310403" POSITION_Y="209.00965614572618" FRAME="27" POSITION_Z="344.79463452314576" />
        <Spot ID="131770" name="ID131770" VISIBILITY="1" RADIUS="7.513148009015772" QUALITY="340.80340576171875" SOURCE_ID="0" POSITION_T="27.0" POSITION_X="1051.178398346597" POSITION_Y="454.34014049588586" FRAME="27" POSITION_Z="275.14602590387324" />
        <Spot ID="174323" name="ID174323" VISIBILITY="1" RADIUS="8.264462809917353" QUALITY="408.756591796875" SOURCE_ID="0" POSITION_T="27.0" POSITION_X="1130.442909210916" POSITION_Y="377.7888231514863" FRAME="27" POSITION_Z="333.40592824392" />
        <Spot ID="110557" name="ID110557" VISIBILITY="1" RADIUS="8.264462809917353" QUALITY="-1.0" SOURCE_ID="0" POSITION_T="27.0" POSITION_X="1122.6520614792528" POSITION_Y="203.14394343458736" FRAME="27" POSITION_Z="349.248029530404" />
        <Spot ID="167990" name="ID167990" VISIBILITY="1" RADIUS="6.2092132305915495" QUALITY="-1.0" SOURCE_ID="0" POSITION_T="27.0" POSITION_X="1116.8341090212682" POSITION_Y="411.1117964996613" FRAME="27" POSITION_Z="306.91044845352474" />
        <Spot ID="132580" name="ID132580" VISIBILITY="1" RADIUS="7.513148009015772" QUALITY="324.3874816894531" SOURCE_ID="0" POSITION_T="27.0" POSITION_X="1062.2924762151933" POSITION_Y="431.8017713250682" FRAME="27" POSITION_Z="294.5499629258954" />
      </SpotsInFrame>
      <SpotsInFrame frame="28">
        <Spot ID="167986" name="ID167986" VISIBILITY="1" RADIUS="6.2092132305915495" QUALITY="-1.0" SOURCE_ID="0" POSITION_T="28.0" POSITION_X="1117.07418717709" POSITION_Y="411.1117964996613" FRAME="28" POSITION_Z="304.74974505112925" />
        <Spot ID="174338" name="ID174338" VISIBILITY="1" RADIUS="8.264462809917353" QUALITY="451.09326171875" SOURCE_ID="0" POSITION_T="28.0" POSITION_X="1134.0756019968585" POSITION_Y="379.65440842319737" FRAME="28" POSITION_Z="330.92291410098136" />
        <Spot ID="132635" name="ID132635" VISIBILITY="1" RADIUS="7.513148009015772" QUALITY="300.80963134765625" SOURCE_ID="0" POSITION_T="28.0" POSITION_X="1060.0948719438827" POSITION_Y="431.80177132506816" FRAME="28" POSITION_Z="291.986091276033" />
        <Spot ID="110523" name="ID110523" VISIBILITY="1" RADIUS="8.264462809917353" QUALITY="-1.0" SOURCE_ID="0" POSITION_T="28.0" POSITION_X="1131.7908232940736" POSITION_Y="204.0450509550499" FRAME="28" POSITION_Z="345.4098683456251" />
        <Spot ID="111468" name="ID111468" VISIBILITY="1" RADIUS="8.264462809917351" QUALITY="-1.0" SOURCE_ID="0" POSITION_T="28.0" POSITION_X="1147.6900065433092" POSITION_Y="211.88130161147828" FRAME="28" POSITION_Z="341.2063133387464" />
        <Spot ID="131781" name="ID131781" VISIBILITY="1" RADIUS="7.513148009015772" QUALITY="312.6356201171875" SOURCE_ID="0" POSITION_T="28.0" POSITION_X="1047.4561576574704" POSITION_Y="453.3033258615779" FRAME="28" POSITION_Z="275.7628200659736" />
      </SpotsInFrame>
      <SpotsInFrame frame="29">
        <Spot ID="131570" name="ID131570" VISIBILITY="1" RADIUS="7.513148009015772" QUALITY="328.4747619628906" SOURCE_ID="0" POSITION_T="29.0" POSITION_X="1043.1596737438792" POSITION_Y="453.09976714620257" FRAME="29" POSITION_Z="280.756345654207" />
        <Spot ID="174354" name="ID174354" VISIBILITY="1" RADIUS="8.264462809917353" QUALITY="456.1568908691406" SOURCE_ID="0" POSITION_T="29.0" POSITION_X="1134.8385496040307" POSITION_Y="379.9936080903886" FRAME="29" POSITION_Z="330.9164352805604" />
        <Spot ID="111507" name="ID111507" VISIBILITY="1" RADIUS="8.264462809917351" QUALITY="-1.0" SOURCE_ID="0" POSITION_T="29.0" POSITION_X="1155.1926024795102" POSITION_Y="213.2756285036511" FRAME="29" POSITION_Z="334.1808849251904" />
        <Spot ID="110493" name="ID110493" VISIBILITY="1" RADIUS="6.830134553650705" QUALITY="-1.0" SOURCE_ID="0" POSITION_T="29.0" POSITION_X="1139.9362135308374" POSITION_Y="203.71883993828632" FRAME="29" POSITION_Z="344.10502427857085" />
        <Spot ID="132654" name="ID132654" VISIBILITY="1" RADIUS="7.513148009015772" QUALITY="315.4207458496094" SOURCE_ID="0" POSITION_T="29.0" POSITION_X="1055.9954243094423" POSITION_Y="427.93560262556537" FRAME="29" POSITION_Z="296.8792565274867" />
        <Spot ID="167981" name="ID167981" VISIBILITY="1" RADIUS="6.2092132305915495" QUALITY="-1.0" SOURCE_ID="0" POSITION_T="29.0" POSITION_X="1114.4333274630515" POSITION_Y="411.1117964996612" FRAME="29" POSITION_Z="308.35091738845506" />
      </SpotsInFrame>
      <SpotsInFrame frame="30">
        <Spot ID="167978" name="ID167978" VISIBILITY="1" RADIUS="6.2092132305915495" QUALITY="-1.0" SOURCE_ID="0" POSITION_T="30.0" POSITION_X="1118.0535039542413" POSITION_Y="411.59448669848655" FRAME="30" POSITION_Z="308.35091738845506" />
        <Spot ID="132667" name="ID132667" VISIBILITY="1" RADIUS="7.513148009015772" QUALITY="320.57916259765625" SOURCE_ID="0" POSITION_T="30.0" POSITION_X="1055.5169466492937" POSITION_Y="426.0737036996941" FRAME="30" POSITION_Z="299.40156263129717" />
        <Spot ID="111523" name="ID111523" VISIBILITY="1" RADIUS="8.264462809917351" QUALITY="354.50445556640625" SOURCE_ID="0" POSITION_T="30.0" POSITION_X="1164.8521133970387" POSITION_Y="212.24633361129344" FRAME="30" POSITION_Z="334.00272375681504" />
        <Spot ID="174369" name="ID174369" VISIBILITY="1" RADIUS="8.264462809917353" QUALITY="319.8339538574219" SOURCE_ID="0" POSITION_T="30.0" POSITION_X="1139.9270275909032" POSITION_Y="381.65646333335343" FRAME="30" POSITION_Z="329.62099090141186" />
        <Spot ID="110479" name="ID110479" VISIBILITY="1" RADIUS="6.830134553650705" QUALITY="-1.0" SOURCE_ID="0" POSITION_T="30.0" POSITION_X="1145.7907127635115" POSITION_Y="199.789479963634" FRAME="30" POSITION_Z="339.5380700438808" />
        <Spot ID="131580" name="ID131580" VISIBILITY="1" RADIUS="7.513148009015772" QUALITY="358.0338439941406" SOURCE_ID="0" POSITION_T="30.0" POSITION_X="1043.9202027263414" POSITION_Y="453.59690277612214" FRAME="30" POSITION_Z="285.8958878603318" />
      </SpotsInFrame>
      <SpotsInFrame frame="31">
        <Spot ID="111536" name="ID111536" VISIBILITY="1" RADIUS="8.264462809917351" QUALITY="324.73260498046875" SOURCE_ID="0" POSITION_T="31.0" POSITION_X="1171.3569029568098" POSITION_Y="208.95126641719108" FRAME="31" POSITION_Z="327.5435830686757" />
        <Spot ID="110456" name="ID110456" VISIBILITY="1" RADIUS="6.830134553650705" QUALITY="-1.0" SOURCE_ID="0" POSITION_T="31.0" POSITION_X="1150.62703821659" POSITION_Y="197.9681351200373" FRAME="31" POSITION_Z="333.99248275889994" />
        <Spot ID="131592" name="ID131592" VISIBILITY="1" RADIUS="7.513148009015772" QUALITY="388.2517395019531" SOURCE_ID="0" POSITION_T="31.0" POSITION_X="1042.1171373197187" POSITION_Y="452.5308673677156" FRAME="31" POSITION_Z="291.20722885494166" />
        <Spot ID="167977" name="ID167977" VISIBILITY="1" RADIUS="6.2092132305915495" QUALITY="-1.0" SOURCE_ID="0" POSITION_T="31.0" POSITION_X="1117.812158854828" POSITION_Y="412.3185219967246" FRAME="31" POSITION_Z="308.35091738845495" />
        <Spot ID="174393" name="ID174393" VISIBILITY="1" RADIUS="6.830134553650704" QUALITY="311.78936767578125" SOURCE_ID="0" POSITION_T="31.0" POSITION_X="1144.5506087154831" POSITION_Y="380.7471857769565" FRAME="31" POSITION_Z="328.59222244716017" />
        <Spot ID="132679" name="ID132679" VISIBILITY="1" RADIUS="7.513148009015772" QUALITY="331.8924560546875" SOURCE_ID="0" POSITION_T="31.0" POSITION_X="1053.765147998719" POSITION_Y="421.8644767028657" FRAME="31" POSITION_Z="300.8682739428304" />
      </SpotsInFrame>
      <SpotsInFrame frame="32">
        <Spot ID="132698" name="ID132698" VISIBILITY="1" RADIUS="7.513148009015772" QUALITY="338.1666564941406" SOURCE_ID="0" POSITION_T="32.0" POSITION_X="1055.8526523577252" POSITION_Y="422.03853571747095" FRAME="32" POSITION_Z="303.4286140635168" />
        <Spot ID="110443" name="ID110443" VISIBILITY="1" RADIUS="6.830134553650705" QUALITY="-1.0" SOURCE_ID="0" POSITION_T="32.0" POSITION_X="1162.1881885478138" POSITION_Y="194.07675063321457" FRAME="32" POSITION_Z="330.82295734569016" />
        <Spot ID="167976" name="ID167976" VISIBILITY="1" RADIUS="6.2092132305915495" QUALITY="-1.0" SOURCE_ID="0" POSITION_T="32.0" POSITION_X="1119.7429196501294" POSITION_Y="407.49162000847093" FRAME="32" POSITION_Z="308.3509173884549" />
        <Spot ID="111549" name="ID111549" VISIBILITY="1" RADIUS="8.264462809917351" QUALITY="331.8876953125" SOURCE_ID="0" POSITION_T="32.0" POSITION_X="1179.1756757395126" POSITION_Y="207.87561206449212" FRAME="32" POSITION_Z="323.76912535206657" />
        <Spot ID="174406" name="ID174406" VISIBILITY="1" RADIUS="6.830134553650704" QUALITY="349.2616882324219" SOURCE_ID="0" POSITION_T="32.0" POSITION_X="1145.6630821035387" POSITION_Y="382.1342968321888" FRAME="32" POSITION_Z="325.8032501783098" />
        <Spot ID="131605" name="ID131605" VISIBILITY="1" RADIUS="7.513148009015772" QUALITY="443.2524719238281" SOURCE_ID="0" POSITION_T="32.0" POSITION_X="1043.2504012040656" POSITION_Y="452.3772186817832" FRAME="32" POSITION_Z="294.5913853106755" />
      </SpotsInFrame>
      <SpotsInFrame frame="33">
        <Spot ID="131617" name="ID131617" VISIBILITY="1" RADIUS="7.513148009015772" QUALITY="415.0072326660156" SOURCE_ID="0" POSITION_T="33.0" POSITION_X="1044.5179511110755" POSITION_Y="451.00054845091995" FRAME="33" POSITION_Z="299.45405988254845" />
        <Spot ID="132785" name="ID132785" VISIBILITY="1" RADIUS="7.513148009015772" QUALITY="337.4944152832031" SOURCE_ID="0" POSITION_T="33.0" POSITION_X="1055.6780655914692" POSITION_Y="416.5685033615512" FRAME="33" POSITION_Z="305.98011486804523" />
        <Spot ID="110437" name="ID110437" VISIBILITY="1" RADIUS="6.830134553650705" QUALITY="-1.0" SOURCE_ID="0" POSITION_T="33.0" POSITION_X="1162.1881885478142" POSITION_Y="190.48842944881517" FRAME="33" POSITION_Z="325.2773700607093" />
        <Spot ID="167967" name="ID167967" VISIBILITY="1" RADIUS="6.2092132305915495" QUALITY="-1.0" SOURCE_ID="0" POSITION_T="33.0" POSITION_X="1122.3977157436686" POSITION_Y="405.80220431258215" FRAME="33" POSITION_Z="308.35091738845483" />
        <Spot ID="111567" name="ID111567" VISIBILITY="1" RADIUS="8.264462809917351" QUALITY="315.0521545410156" SOURCE_ID="0" POSITION_T="33.0" POSITION_X="1184.3440732247439" POSITION_Y="205.73763523243554" FRAME="33" POSITION_Z="321.40491428342443" />
        <Spot ID="174421" name="ID174421" VISIBILITY="1" RADIUS="6.830134553650704" QUALITY="386.5675354003906" SOURCE_ID="0" POSITION_T="33.0" POSITION_X="1145.4576252918628" POSITION_Y="381.7316541404147" FRAME="33" POSITION_Z="320.91519879054374" />
      </SpotsInFrame>
      <SpotsInFrame frame="34">
        <Spot ID="110416" name="ID110416" VISIBILITY="1" RADIUS="6.830134553650705" QUALITY="-1.0" SOURCE_ID="0" POSITION_T="34.0" POSITION_X="1165.7517967763984" POSITION_Y="191.2520597835118" FRAME="34" POSITION_Z="325.2773700607094" />
        <Spot ID="174443" name="ID174443" VISIBILITY="1" RADIUS="6.830134553650704" QUALITY="401.6009826660156" SOURCE_ID="0" POSITION_T="34.0" POSITION_X="1147.9549333718123" POSITION_Y="379.2667997833768" FRAME="34" POSITION_Z="319.86173873171134" />
        <Spot ID="111581" name="ID111581" VISIBILITY="1" RADIUS="8.264462809917351" QUALITY="310.26995849609375" SOURCE_ID="0" POSITION_T="34.0" POSITION_X="1187.0608761545038" POSITION_Y="202.59854018473993" FRAME="34" POSITION_Z="315.68058352118607" />
        <Spot ID="132798" name="ID132798" VISIBILITY="1" RADIUS="7.513148009015772" QUALITY="373.0869140625" SOURCE_ID="0" POSITION_T="34.0" POSITION_X="1055.5078891598218" POSITION_Y="414.88960113649944" FRAME="34" POSITION_Z="308.7805131013389" />
        <Spot ID="131492" name="ID131492" VISIBILITY="1" RADIUS="6.209213230591548" QUALITY="576.3946533203125" SOURCE_ID="0" POSITION_T="34.0" POSITION_X="1043.5074033627463" POSITION_Y="448.8551115293847" FRAME="34" POSITION_Z="300.33192461848836" />
        <Spot ID="167957" name="ID167957" VISIBILITY="1" RADIUS="6.2092132305915495" QUALITY="-1.0" SOURCE_ID="0" POSITION_T="34.0" POSITION_X="1125.7486743764446" POSITION_Y="403.38875331845526" FRAME="34" POSITION_Z="312.1921678816023" />
      </SpotsInFrame>
      <SpotsInFrame frame="35">
        <Spot ID="132810" name="ID132810" VISIBILITY="1" RADIUS="7.513148009015772" QUALITY="356.4025573730469" SOURCE_ID="0" POSITION_T="35.0" POSITION_X="1056.4323927192445" POSITION_Y="412.85799993252516" FRAME="35" POSITION_Z="308.36008589839514" />
        <Spot ID="174464" name="ID174464" VISIBILITY="1" RADIUS="6.2092132305915495" QUALITY="268.68634033203125" SOURCE_ID="0" POSITION_T="35.0" POSITION_X="1146.3782712755572" POSITION_Y="379.5660647136899" FRAME="35" POSITION_Z="318.4619462277336" />
        <Spot ID="131505" name="ID131505" VISIBILITY="1" RADIUS="6.209213230591548" QUALITY="460.9837951660156" SOURCE_ID="0" POSITION_T="35.0" POSITION_X="1043.6923592771564" POSITION_Y="446.17728651414836" FRAME="35" POSITION_Z="301.8432924318657" />
        <Spot ID="111615" name="ID111615" VISIBILITY="1" RADIUS="8.264462809917351" QUALITY="381.5920104980469" SOURCE_ID="0" POSITION_T="35.0" POSITION_X="1188.9223070568326" POSITION_Y="201.07405246010512" FRAME="35" POSITION_Z="313.6518058883454" />
        <Spot ID="167916" name="ID167916" VISIBILITY="1" RADIUS="6.2092132305915495" QUALITY="-1.0" SOURCE_ID="0" POSITION_T="35.0" POSITION_X="1126.4727096746828" POSITION_Y="399.73606622145286" FRAME="35" POSITION_Z="313.38263807575964" />
        <Spot ID="110398" name="ID110398" VISIBILITY="1" RADIUS="6.830134553650705" QUALITY="-1.0" SOURCE_ID="0" POSITION_T="35.0" POSITION_X="1168.5517746702862" POSITION_Y="191.43493565654592" FRAME="35" POSITION_Z="318.1007276919106" />
      </SpotsInFrame>
      <SpotsInFrame frame="36">
        <Spot ID="131514" name="ID131514" VISIBILITY="1" RADIUS="6.209213230591548" QUALITY="556.08984375" SOURCE_ID="0" POSITION_T="36.0" POSITION_X="1044.366629536305" POSITION_Y="444.7536819030972" FRAME="36" POSITION_Z="305.0342235493802" />
        <Spot ID="167912" name="ID167912" VISIBILITY="1" RADIUS="6.2092132305915495" QUALITY="-1.0" SOURCE_ID="0" POSITION_T="36.0" POSITION_X="1126.473976618274" POSITION_Y="401.3233598136626" FRAME="36" POSITION_Z="314.3945377407934" />
        <Spot ID="174520" name="ID174520" VISIBILITY="1" RADIUS="6.2092132305915495" QUALITY="625.9075317382812" SOURCE_ID="0" POSITION_T="36.0" POSITION_X="1143.574709285175" POSITION_Y="382.71412052497266" FRAME="36" POSITION_Z="318.75491723037396" />
        <Spot ID="111626" name="ID111626" VISIBILITY="1" RADIUS="8.264462809917351" QUALITY="342.4862365722656" SOURCE_ID="0" POSITION_T="36.0" POSITION_X="1189.5902095077868" POSITION_Y="199.64193404987074" FRAME="36" POSITION_Z="310.57265374735783" />
        <Spot ID="132822" name="ID132822" VISIBILITY="1" RADIUS="7.513148009015772" QUALITY="363.8194885253906" SOURCE_ID="0" POSITION_T="36.0" POSITION_X="1054.6490517434265" POSITION_Y="411.17199462542345" FRAME="36" POSITION_Z="308.426582560204" />
        <Spot ID="110397" name="ID110397" VISIBILITY="1" RADIUS="6.830134553650705" QUALITY="-1.0" SOURCE_ID="0" POSITION_T="36.0" POSITION_X="1170.8426656743763" POSITION_Y="189.99417033250674" FRAME="36" POSITION_Z="317.7745166751471" />
      </SpotsInFrame>
      <SpotsInFrame frame="37">
        <Spot ID="131522" name="ID131522" VISIBILITY="1" RADIUS="6.209213230591548" QUALITY="556.5610961914062" SOURCE_ID="0" POSITION_T="37.0" POSITION_X="1043.5869362467447" POSITION_Y="445.0435689620195" FRAME="37" POSITION_Z="308.9790843379542" />
        <Spot ID="167899" name="ID167899" VISIBILITY="1" RADIUS="6.2092132305915495" QUALITY="-1.0" SOURCE_ID="0" POSITION_T="37.0" POSITION_X="1126.4739766182745" POSITION_Y="400.5297130175579" FRAME="37" POSITION_Z="317.17230152716064" />
        <Spot ID="110371" name="ID110371" VISIBILITY="1" RADIUS="6.830134553650705" QUALITY="-1.0" SOURCE_ID="0" POSITION_T="37.0" POSITION_X="1170.8426656743763" POSITION_Y="189.01553728221597" FRAME="37" POSITION_Z="314.8386175242748" />
        <Spot ID="174534" name="ID174534" VISIBILITY="1" RADIUS="6.2092132305915495" QUALITY="580.7741088867188" SOURCE_ID="0" POSITION_T="37.0" POSITION_X="1143.2557203883023" POSITION_Y="384.0588387934196" FRAME="37" POSITION_Z="320.90525541330544" />
        <Spot ID="111639" name="ID111639" VISIBILITY="1" RADIUS="8.264462809917351" QUALITY="428.64251708984375" SOURCE_ID="0" POSITION_T="37.0" POSITION_X="1191.4419185617414" POSITION_Y="197.6312013915249" FRAME="37" POSITION_Z="308.92370544516336" />
        <Spot ID="132837" name="ID132837" VISIBILITY="1" RADIUS="7.513148009015772" QUALITY="430.62347412109375" SOURCE_ID="0" POSITION_T="37.0" POSITION_X="1056.485538387152" POSITION_Y="414.186213892028" FRAME="37" POSITION_Z="311.3363118899648" />
      </SpotsInFrame>
      <SpotsInFrame frame="38">
        <Spot ID="167898" name="ID167898" VISIBILITY="1" RADIUS="6.2092132305915495" QUALITY="-1.0" SOURCE_ID="0" POSITION_T="38.0" POSITION_X="1124.7845609223857" POSITION_Y="400.5459683204641" FRAME="38" POSITION_Z="322.1325940028162" />
        <Spot ID="110360" name="ID110360" VISIBILITY="1" RADIUS="5.644739300537772" QUALITY="-1.0" SOURCE_ID="0" POSITION_T="38.0" POSITION_X="1175.4244476825559" POSITION_Y="187.0113165655851" FRAME="38" POSITION_Z="318.10072769191066" />
        <Spot ID="174547" name="ID174547" VISIBILITY="1" RADIUS="6.2092132305915495" QUALITY="420.71630859375" SOURCE_ID="0" POSITION_T="38.0" POSITION_X="1139.9979330971953" POSITION_Y="383.20636094363084" FRAME="38" POSITION_Z="323.20252558298597" />
        <Spot ID="111653" name="ID111653" VISIBILITY="1" RADIUS="8.264462809917351" QUALITY="425.52984619140625" SOURCE_ID="0" POSITION_T="38.0" POSITION_X="1190.705065491596" POSITION_Y="198.46833551958122" FRAME="38" POSITION_Z="306.0948240127253" />
        <Spot ID="131534" name="ID131534" VISIBILITY="1" RADIUS="6.209213230591548" QUALITY="593.7570190429688" SOURCE_ID="0" POSITION_T="38.0" POSITION_X="1044.0340335784144" POSITION_Y="444.16622162663936" FRAME="38" POSITION_Z="309.5327601984824" />
        <Spot ID="132863" name="ID132863" VISIBILITY="1" RADIUS="7.513148009015772" QUALITY="469.2732238769531" SOURCE_ID="0" POSITION_T="38.0" POSITION_X="1057.6592006191763" POSITION_Y="417.1564824808201" FRAME="38" POSITION_Z="314.8049209702665" />
      </SpotsInFrame>
      <SpotsInFrame frame="39">
        <Spot ID="111664" name="ID111664" VISIBILITY="1" RADIUS="8.264462809917351" QUALITY="451.70111083984375" SOURCE_ID="0" POSITION_T="39.0" POSITION_X="1186.4825417148315" POSITION_Y="197.15238993828729" FRAME="39" POSITION_Z="298.12596290531485" />
        <Spot ID="131360" name="ID131360" VISIBILITY="1" RADIUS="6.209213230591548" QUALITY="-1.0" SOURCE_ID="0" POSITION_T="39.0" POSITION_X="1044.5822093531845" POSITION_Y="443.3727340969119" FRAME="39" POSITION_Z="313.5325437304091" />
        <Spot ID="132880" name="ID132880" VISIBILITY="1" RADIUS="7.513148009015772" QUALITY="446.14166259765625" SOURCE_ID="0" POSITION_T="39.0" POSITION_X="1061.0521094536723" POSITION_Y="418.1291903889042" FRAME="39" POSITION_Z="319.3820885275358" />
        <Spot ID="167863" name="ID167863" VISIBILITY="1" RADIUS="6.2092132305915495" QUALITY="-1.0" SOURCE_ID="0" POSITION_T="39.0" POSITION_X="1127.439357015925" POSITION_Y="397.4084820280992" FRAME="39" POSITION_Z="322.1325940028162" />
        <Spot ID="174559" name="ID174559" VISIBILITY="1" RADIUS="6.2092132305915495" QUALITY="479.4559326171875" SOURCE_ID="0" POSITION_T="39.0" POSITION_X="1139.7148396880204" POSITION_Y="378.6321439663711" FRAME="39" POSITION_Z="324.8817005985061" />
        <Spot ID="110351" name="ID110351" VISIBILITY="1" RADIUS="5.644739300537772" QUALITY="-1.0" SOURCE_ID="0" POSITION_T="39.0" POSITION_X="1179.4971428009376" POSITION_Y="182.9386214472034" FRAME="39" POSITION_Z="318.10072769191066" />
      </SpotsInFrame>
      <SpotsInFrame frame="40">
        <Spot ID="167850" name="ID167850" VISIBILITY="1" RADIUS="5.131581182307065" QUALITY="-1.0" SOURCE_ID="0" POSITION_T="40.0" POSITION_X="1128.3908010340754" POSITION_Y="399.3659209208812" FRAME="40" POSITION_Z="320.442126327113" />
        <Spot ID="132894" name="ID132894" VISIBILITY="1" RADIUS="7.513148009015772" QUALITY="462.486328125" SOURCE_ID="0" POSITION_T="40.0" POSITION_X="1065.244449731262" POSITION_Y="417.0758600528614" FRAME="40" POSITION_Z="323.9039956783257" />
        <Spot ID="111684" name="ID111684" VISIBILITY="1" RADIUS="8.264462809917351" QUALITY="403.6949157714844" SOURCE_ID="0" POSITION_T="40.0" POSITION_X="1184.3862706888913" POSITION_Y="193.37303942714632" FRAME="40" POSITION_Z="294.1339142628803" />
        <Spot ID="131396" name="ID131396" VISIBILITY="1" RADIUS="6.209213230591548" QUALITY="621.6688842773438" SOURCE_ID="0" POSITION_T="40.0" POSITION_X="1046.6103505487247" POSITION_Y="443.1178172462569" FRAME="40" POSITION_Z="314.9660418693458" />
        <Spot ID="110335" name="ID110335" VISIBILITY="1" RADIUS="6.2092132305915495" QUALITY="-1.0" SOURCE_ID="0" POSITION_T="40.0" POSITION_X="1180.2607731356345" POSITION_Y="179.64438443700746" FRAME="40" POSITION_Z="313.20756244045697" />
        <Spot ID="174573" name="ID174573" VISIBILITY="1" RADIUS="6.2092132305915495" QUALITY="273.63214111328125" SOURCE_ID="0" POSITION_T="40.0" POSITION_X="1144.3682662227377" POSITION_Y="372.8693078774317" FRAME="40" POSITION_Z="322.97361136427037" />
      </SpotsInFrame>
      <SpotsInFrame frame="41">
        <Spot ID="132906" name="ID132906" VISIBILITY="1" RADIUS="7.513148009015772" QUALITY="528.9164428710938" SOURCE_ID="0" POSITION_T="41.0" POSITION_X="1064.6153498061099" POSITION_Y="414.34579358706435" FRAME="41" POSITION_Z="324.85579213128807" />
        <Spot ID="174602" name="ID174602" VISIBILITY="1" RADIUS="6.2092132305915495" QUALITY="311.13433837890625" SOURCE_ID="0" POSITION_T="41.0" POSITION_X="1145.2995908311493" POSITION_Y="368.18555747370516" FRAME="41" POSITION_Z="320.3984242806405" />
        <Spot ID="111699" name="ID111699" VISIBILITY="1" RADIUS="8.264462809917351" QUALITY="479.68963623046875" SOURCE_ID="0" POSITION_T="41.0" POSITION_X="1183.7039744059596" POSITION_Y="187.72974293130554" FRAME="41" POSITION_Z="293.57528305073464" />
        <Spot ID="110290" name="ID110290" VISIBILITY="1" RADIUS="6.2092132305915495" QUALITY="-1.0" SOURCE_ID="0" POSITION_T="41.0" POSITION_X="1174.406273902961" POSITION_Y="176.2957789240176" FRAME="41" POSITION_Z="308.3143971890033" />
        <Spot ID="167849" name="ID167849" VISIBILITY="1" RADIUS="5.644739300537772" QUALITY="-1.0" SOURCE_ID="0" POSITION_T="41.0" POSITION_X="1130.321561829377" POSITION_Y="396.8666031259815" FRAME="41" POSITION_Z="321.83100822029655" />
        <Spot ID="131406" name="ID131406" VISIBILITY="1" RADIUS="6.209213230591548" QUALITY="532.5430297851562" SOURCE_ID="0" POSITION_T="41.0" POSITION_X="1046.3469283743543" POSITION_Y="442.04940523626084" FRAME="41" POSITION_Z="318.6679415933278" />
      </SpotsInFrame>
      <SpotsInFrame frame="42">
        <Spot ID="111713" name="ID111713" VISIBILITY="1" RADIUS="8.264462809917351" QUALITY="433.4530334472656" SOURCE_ID="0" POSITION_T="42.0" POSITION_X="1182.1041810247316" POSITION_Y="184.95436706310937" FRAME="42" POSITION_Z="294.43635676157663" />
        <Spot ID="167848" name="ID167848" VISIBILITY="1" RADIUS="5.644739300537772" QUALITY="-1.0" SOURCE_ID="0" POSITION_T="42.0" POSITION_X="1127.6667657358373" POSITION_Y="390.5916305412517" FRAME="42" POSITION_Z="321.8310082202965" />
        <Spot ID="174616" name="ID174616" VISIBILITY="1" RADIUS="6.2092132305915495" QUALITY="276.3541259765625" SOURCE_ID="0" POSITION_T="42.0" POSITION_X="1144.8589819137956" POSITION_Y="364.5574796339383" FRAME="42" POSITION_Z="320.92394446811005" />
        <Spot ID="132921" name="ID132921" VISIBILITY="1" RADIUS="7.513148009015772" QUALITY="455.5858154296875" SOURCE_ID="0" POSITION_T="42.0" POSITION_X="1065.2094136092942" POSITION_Y="413.5198398146813" FRAME="42" POSITION_Z="328.1408972909369" />
        <Spot ID="131415" name="ID131415" VISIBILITY="1" RADIUS="6.209213230591548" QUALITY="417.78424072265625" SOURCE_ID="0" POSITION_T="42.0" POSITION_X="1046.9200091444595" POSITION_Y="440.0404696033573" FRAME="42" POSITION_Z="319.9170242796926" />
        <Spot ID="110286" name="ID110286" VISIBILITY="1" RADIUS="6.830134553650705" QUALITY="-1.0" SOURCE_ID="0" POSITION_T="42.0" POSITION_X="1169.0608615600852" POSITION_Y="171.45945347093934" FRAME="42" POSITION_Z="308.3143971890034" />
      </SpotsInFrame>
      <SpotsInFrame frame="43">
        <Spot ID="111729" name="ID111729" VISIBILITY="1" RADIUS="8.264462809917351" QUALITY="486.02227783203125" SOURCE_ID="0" POSITION_T="43.0" POSITION_X="1184.1279998841753" POSITION_Y="183.2321032631097" FRAME="43" POSITION_Z="293.814956451904" />
        <Spot ID="132938" name="ID132938" VISIBILITY="1" RADIUS="8.26446280991735" QUALITY="362.0876159667969" SOURCE_ID="0" POSITION_T="43.0" POSITION_X="1068.5252436891165" POSITION_Y="408.87905093651165" FRAME="43" POSITION_Z="331.27064472074267" />
        <Spot ID="167842" name="ID167842" VISIBILITY="1" RADIUS="5.644739300537772" QUALITY="-1.0" SOURCE_ID="0" POSITION_T="43.0" POSITION_X="1131.0455971276147" POSITION_Y="385.2820383541725" FRAME="43" POSITION_Z="321.58966312088376" />
        <Spot ID="131425" name="ID131425" VISIBILITY="1" RADIUS="6.209213230591548" QUALITY="450.8539733886719" SOURCE_ID="0" POSITION_T="43.0" POSITION_X="1049.469130111928" POSITION_Y="439.46044490446354" FRAME="43" POSITION_Z="320.1275641855773" />
        <Spot ID="110278" name="ID110278" VISIBILITY="1" RADIUS="6.830134553650705" QUALITY="-1.0" SOURCE_ID="0" POSITION_T="43.0" POSITION_X="1169.0608615600854" POSITION_Y="172.76429753799366" FRAME="43" POSITION_Z="305.7047090548947" />
        <Spot ID="174629" name="ID174629" VISIBILITY="1" RADIUS="6.2092132305915495" QUALITY="383.8969421386719" SOURCE_ID="0" POSITION_T="43.0" POSITION_X="1147.3966024329993" POSITION_Y="361.286664616543" FRAME="43" POSITION_Z="320.03204930507644" />
      </SpotsInFrame>
      <SpotsInFrame frame="44">
        <Spot ID="111745" name="ID111745" VISIBILITY="1" RADIUS="6.209213230591549" QUALITY="321.81695556640625" SOURCE_ID="0" POSITION_T="44.0" POSITION_X="1186.7433070538466" POSITION_Y="177.66712505257854" FRAME="44" POSITION_Z="293.51029659805295" />
        <Spot ID="132947" name="ID132947" VISIBILITY="1" RADIUS="7.513148009015772" QUALITY="345.4892578125" SOURCE_ID="0" POSITION_T="44.0" POSITION_X="1069.4132936840133" POSITION_Y="407.4159660188741" FRAME="44" POSITION_Z="326.892166611362" />
        <Spot ID="174643" name="ID174643" VISIBILITY="1" RADIUS="6.2092132305915495" QUALITY="244.51229858398438" SOURCE_ID="0" POSITION_T="44.0" POSITION_X="1149.193652940619" POSITION_Y="359.24133087786447" FRAME="44" POSITION_Z="320.9310628550684" />
        <Spot ID="167841" name="ID167841" VISIBILITY="1" RADIUS="5.644739300537772" QUALITY="-1.0" SOURCE_ID="0" POSITION_T="44.0" POSITION_X="1130.0802167299637" POSITION_Y="378.5243755706174" FRAME="44" POSITION_Z="323.52042391618517" />
        <Spot ID="110268" name="ID110268" VISIBILITY="1" RADIUS="6.830134553650705" QUALITY="-1.0" SOURCE_ID="0" POSITION_T="44.0" POSITION_X="1161.170014768221" POSITION_Y="174.3632257792515" FRAME="44" POSITION_Z="309.2930302392942" />
        <Spot ID="131437" name="ID131437" VISIBILITY="1" RADIUS="6.209213230591548" QUALITY="449.7116394042969" SOURCE_ID="0" POSITION_T="44.0" POSITION_X="1052.6957820787013" POSITION_Y="436.675485857157" FRAME="44" POSITION_Z="320.9888628429571" />
      </SpotsInFrame>
      <SpotsInFrame frame="45">
        <Spot ID="132962" name="ID132962" VISIBILITY="1" RADIUS="7.513148009015772" QUALITY="409.88970947265625" SOURCE_ID="0" POSITION_T="45.0" POSITION_X="1070.8402579658548" POSITION_Y="403.4538446050292" FRAME="45" POSITION_Z="328.8928357688118" />
        <Spot ID="110267" name="ID110267" VISIBILITY="1" RADIUS="6.830134553650705" QUALITY="-1.0" SOURCE_ID="0" POSITION_T="45.0" POSITION_X="1158.370036874334" POSITION_Y="175.19852368581277" FRAME="45" POSITION_Z="304.3998649878405" />
        <Spot ID="111834" name="ID111834" VISIBILITY="1" RADIUS="6.209213230591548" QUALITY="477.3055419921875" SOURCE_ID="0" POSITION_T="45.0" POSITION_X="1185.6663160988428" POSITION_Y="176.39561971839248" FRAME="45" POSITION_Z="290.9925805647936" />
        <Spot ID="174655" name="ID174655" VISIBILITY="1" RADIUS="6.2092132305915495" QUALITY="150.6482391357422" SOURCE_ID="0" POSITION_T="45.0" POSITION_X="1150.9389218949439" POSITION_Y="353.6060238344635" FRAME="45" POSITION_Z="320.12217354364253" />
        <Spot ID="131172" name="ID131172" VISIBILITY="1" RADIUS="6.209213230591548" QUALITY="-1.0" SOURCE_ID="0" POSITION_T="45.0" POSITION_X="1052.2762218711375" POSITION_Y="432.75756039002846" FRAME="45" POSITION_Z="320.4404620851232" />
        <Spot ID="167781" name="ID167781" VISIBILITY="1" RADIUS="6.830134553650705" QUALITY="-1.0" SOURCE_ID="0" POSITION_T="45.0" POSITION_X="1135.3898089170425" POSITION_Y="374.4215088806018" FRAME="45" POSITION_Z="323.5204239161851" />
      </SpotsInFrame>
      <SpotsInFrame frame="46">
        <Spot ID="167697" name="ID167697" VISIBILITY="1" RADIUS="5.131581182307065" QUALITY="-1.0" SOURCE_ID="0" POSITION_T="46.0" POSITION_X="1129.998178013921" POSITION_Y="366.7615316558606" FRAME="46" POSITION_Z="315.84253699492194" />
        <Spot ID="167798" name="nnb167798" VISIBILITY="1" RADIUS="5.644739300537772" QUALITY="-1.0" SOURCE_ID="0" POSITION_T="46.0" POSITION_X="1140.3295997785226" POSITION_Y="375.9908943876509" FRAME="46" CELL_DIVISION_TIME="205.0" POSITION_Z="329.6788021298253" />
        <Spot ID="110260" name="ID110260" VISIBILITY="1" RADIUS="6.830134553650705" QUALITY="-1.0" SOURCE_ID="0" POSITION_T="46.0" POSITION_X="1158.3700368743341" POSITION_Y="172.91504656846763" FRAME="46" POSITION_Z="303.09502092078617" />
        <Spot ID="111846" name="ID111846" VISIBILITY="1" RADIUS="6.830134553650703" QUALITY="547.3319091796875" SOURCE_ID="0" POSITION_T="46.0" POSITION_X="1184.777504577634" POSITION_Y="178.24414341712634" FRAME="46" POSITION_Z="288.45598107713727" />
        <Spot ID="131195" name="ID131195" VISIBILITY="1" RADIUS="6.209213230591548" QUALITY="380.8052062988281" SOURCE_ID="0" POSITION_T="46.0" POSITION_X="1053.8525946601846" POSITION_Y="424.3287742696612" FRAME="46" POSITION_Z="323.7338840624292" />
        <Spot ID="132974" name="ID132974" VISIBILITY="1" RADIUS="7.513148009015772" QUALITY="519.8876342773438" SOURCE_ID="0" POSITION_T="46.0" POSITION_X="1071.182072268459" POSITION_Y="399.4837454739349" FRAME="46" POSITION_Z="328.91200725523834" />
        <Spot ID="174684" name="ID174684" VISIBILITY="1" RADIUS="7.513148009015776" QUALITY="163.8297576904297" SOURCE_ID="0" POSITION_T="46.0" POSITION_X="1149.5392742999475" POSITION_Y="349.19952342438796" FRAME="46" POSITION_Z="319.7109098537835" />
      </SpotsInFrame>
      <SpotsInFrame frame="47">
        <Spot ID="110257" name="ID110257" VISIBILITY="1" RADIUS="6.830134553650705" QUALITY="-1.0" SOURCE_ID="0" POSITION_T="47.0" POSITION_X="1158.8791237641321" POSITION_Y="174.1877637929619" FRAME="47" POSITION_Z="299.8329107531504" />
        <Spot ID="167681" name="ID167681" VISIBILITY="1" RADIUS="5.131581182307065" QUALITY="-1.0" SOURCE_ID="0" POSITION_T="47.0" POSITION_X="1127.1578037855375" POSITION_Y="362.2398658713192" FRAME="47" POSITION_Z="310.3785616929474" />
        <Spot ID="174695" name="ID174695" VISIBILITY="1" RADIUS="6.2092132305915495" QUALITY="175.5358428955078" SOURCE_ID="0" POSITION_T="47.0" POSITION_X="1149.5392742999475" POSITION_Y="347.41381813315195" FRAME="47" POSITION_Z="320.90138004794073" />
        <Spot ID="111863" name="ID111863" VISIBILITY="1" RADIUS="7.513148009015774" QUALITY="619.1920166015625" SOURCE_ID="0" POSITION_T="47.0" POSITION_X="1184.0630363996443" POSITION_Y="177.41064289124796" FRAME="47" POSITION_Z="287.26728737104423" />
        <Spot ID="132986" name="ID132986" VISIBILITY="1" RADIUS="7.513148009015772" QUALITY="406.6145324707031" SOURCE_ID="0" POSITION_T="47.0" POSITION_X="1072.8011785489452" POSITION_Y="396.3653115890227" FRAME="47" POSITION_Z="327.3269060972131" />
        <Spot ID="168698" name="ID168698" VISIBILITY="1" RADIUS="5.644739300537772" QUALITY="851.2786254882812" SOURCE_ID="0" POSITION_T="47.0" POSITION_X="1140.369389177981" POSITION_Y="373.0168817800925" FRAME="47" CELL_DIVISION_TIME="205.0" POSITION_Z="334.3756230705761" />
        <Spot ID="131211" name="ID131211" VISIBILITY="1" RADIUS="6.209213230591548" QUALITY="325.09686279296875" SOURCE_ID="0" POSITION_T="47.0" POSITION_X="1056.072768554477" POSITION_Y="418.42241324296845" FRAME="47" POSITION_Z="321.30782449574906" />
      </SpotsInFrame>
      <SpotsInFrame frame="48">
        <Spot ID="167680" name="ID167680" VISIBILITY="1" RADIUS="5.131581182307065" QUALITY="-1.0" SOURCE_ID="0" POSITION_T="48.0" POSITION_X="1129.088564580839" POSITION_Y="358.49088917896955" FRAME="48" POSITION_Z="307.9976213046328" />
        <Spot ID="111874" name="ID111874" VISIBILITY="1" RADIUS="7.513148009015774" QUALITY="687.7498168945312" SOURCE_ID="0" POSITION_T="48.0" POSITION_X="1183.8882525079553" POSITION_Y="178.3728290002998" FRAME="48" POSITION_Z="286.93898148115943" />
        <Spot ID="133190" name="ID133190" VISIBILITY="1" RADIUS="6.209213230591548" QUALITY="313.34625244140625" SOURCE_ID="0" POSITION_T="48.0" POSITION_X="1076.8481349410222" POSITION_Y="396.9775942417888" FRAME="48" CELL_DIVISION_TIME="187.0" POSITION_Z="329.2853420234874" />
        <Spot ID="168711" name="ID168711" VISIBILITY="1" RADIUS="5.644739300537772" QUALITY="660.7085571289062" SOURCE_ID="0" POSITION_T="48.0" POSITION_X="1142.3837710903451" POSITION_Y="373.18946127881054" FRAME="48" CELL_DIVISION_TIME="205.0" POSITION_Z="333.86476307876734" />
        <Spot ID="110250" name="ID110250" VISIBILITY="1" RADIUS="6.830134553650705" QUALITY="-1.0" SOURCE_ID="0" POSITION_T="48.0" POSITION_X="1158.8791237641321" POSITION_Y="175.16639684325267" FRAME="48" POSITION_Z="302.442598887259" />
        <Spot ID="174713" name="ID174713" VISIBILITY="1" RADIUS="6.2092132305915495" QUALITY="172.24757385253906" SOURCE_ID="0" POSITION_T="48.0" POSITION_X="1152.0285860311487" POSITION_Y="345.500728662858" FRAME="48" POSITION_Z="320.2212796068965" />
        <Spot ID="131230" name="ID131230" VISIBILITY="1" RADIUS="6.209213230591548" QUALITY="424.4201965332031" SOURCE_ID="0" POSITION_T="48.0" POSITION_X="1051.6166455345026" POSITION_Y="413.3784656542166" FRAME="48" POSITION_Z="318.06143300345184" />
        <Spot ID="133550" name="ID133550" VISIBILITY="1" RADIUS="5.64473930053777" QUALITY="-1.0" SOURCE_ID="0" POSITION_T="48.0" POSITION_X="1073.6679851930635" POSITION_Y="387.0775215333309" FRAME="48" CELL_DIVISION_TIME="43.0" POSITION_Z="327.275386525356" />
      </SpotsInFrame>
      <SpotsInFrame frame="49">
        <Spot ID="133203" name="ID133203" VISIBILITY="1" RADIUS="7.513148009015772" QUALITY="317.4619445800781" SOURCE_ID="0" POSITION_T="49.0" POSITION_X="1083.461619852615" POSITION_Y="402.8418997492953" FRAME="49" CELL_DIVISION_TIME="187.0" POSITION_Z="333.29031740190004" />
        <Spot ID="168723" name="ID168723" VISIBILITY="1" RADIUS="5.644739300537772" QUALITY="746.0635986328125" SOURCE_ID="0" POSITION_T="49.0" POSITION_X="1143.9407902433593" POSITION_Y="374.0365325307357" FRAME="49" CELL_DIVISION_TIME="205.0" POSITION_Z="330.31157394321883" />
        <Spot ID="131249" name="ID131249" VISIBILITY="1" RADIUS="6.209213230591548" QUALITY="357.6208190917969" SOURCE_ID="0" POSITION_T="49.0" POSITION_X="1053.2215455590926" POSITION_Y="412.54694846429766" FRAME="49" POSITION_Z="316.32328256094655" />
        <Spot ID="111893" name="ID111893" VISIBILITY="1" RADIUS="6.209213230591549" QUALITY="596.127685546875" SOURCE_ID="0" POSITION_T="49.0" POSITION_X="1185.8486842384104" POSITION_Y="169.09909299349985" FRAME="49" POSITION_Z="287.85099114478646" />
        <Spot ID="167669" name="ID167669" VISIBILITY="1" RADIUS="5.131581182307065" QUALITY="-1.0" SOURCE_ID="0" POSITION_T="49.0" POSITION_X="1131.0193253761402" POSITION_Y="355.11205778719204" FRAME="49" POSITION_Z="307.9976213046328" />
        <Spot ID="110249" name="ID110249" VISIBILITY="1" RADIUS="6.830134553650705" QUALITY="-1.0" SOURCE_ID="0" POSITION_T="49.0" POSITION_X="1158.8791237641326" POSITION_Y="174.840185826489" FRAME="49" POSITION_Z="301.7901768537319" />
        <Spot ID="174729" name="ID174729" VISIBILITY="1" RADIUS="7.513148009015776" QUALITY="176.42047119140625" SOURCE_ID="0" POSITION_T="49.0" POSITION_X="1150.5881170962182" POSITION_Y="345.500728662858" FRAME="49" POSITION_Z="319.9812014510748" />
        <Spot ID="133630" name="ID133630" VISIBILITY="1" RADIUS="5.64473930053777" QUALITY="-1.0" SOURCE_ID="0" POSITION_T="49.0" POSITION_X="1072.4415691999384" POSITION_Y="383.502892727249" FRAME="49" CELL_DIVISION_TIME="43.0" POSITION_Z="329.8073224421168" />
      </SpotsInFrame>
      <SpotsInFrame frame="50">
        <Spot ID="168739" name="ID168739" VISIBILITY="1" RADIUS="5.644739300537772" QUALITY="607.0421142578125" SOURCE_ID="0" POSITION_T="50.0" POSITION_X="1144.9901940083803" POSITION_Y="372.2185850546466" FRAME="50" CELL_DIVISION_TIME="205.0" POSITION_Z="330.73916165056295" />
        <Spot ID="131264" name="ID131264" VISIBILITY="1" RADIUS="6.209213230591548" QUALITY="521.2183837890625" SOURCE_ID="0" POSITION_T="50.0" POSITION_X="1053.2215455590926" POSITION_Y="409.9382090605627" FRAME="50" POSITION_Z="316.3232825609465" />
        <Spot ID="133216" name="ID133216" VISIBILITY="1" RADIUS="7.513148009015772" QUALITY="398.8603820800781" SOURCE_ID="0" POSITION_T="50.0" POSITION_X="1089.5667311827997" POSITION_Y="401.34847501688205" FRAME="50" CELL_DIVISION_TIME="187.0" POSITION_Z="338.4499645443652" />
        <Spot ID="174742" name="ID174742" VISIBILITY="1" RADIUS="7.513148009015776" QUALITY="190.320556640625" SOURCE_ID="0" POSITION_T="50.0" POSITION_X="1150.588117096218" POSITION_Y="344.1118467696745" FRAME="50" POSITION_Z="323.4891202898583" />
        <Spot ID="133652" name="ID133652" VISIBILITY="1" RADIUS="5.64473930053777" QUALITY="259.8468017578125" SOURCE_ID="0" POSITION_T="50.0" POSITION_X="1069.491379292706" POSITION_Y="382.84956742842655" FRAME="50" CELL_DIVISION_TIME="43.0" POSITION_Z="329.292036863955" />
        <Spot ID="110248" name="ID110248" VISIBILITY="1" RADIUS="6.830134553650705" QUALITY="-1.0" SOURCE_ID="0" POSITION_T="50.0" POSITION_X="1158.8791237641328" POSITION_Y="171.25186464208957" FRAME="50" POSITION_Z="296.244589568751" />
        <Spot ID="167545" name="ID167545" VISIBILITY="1" RADIUS="5.131581182307065" QUALITY="-1.0" SOURCE_ID="0" POSITION_T="50.0" POSITION_X="1131.984705773791" POSITION_Y="351.73322639541436" FRAME="50" POSITION_Z="307.9976213046328" />
        <Spot ID="112076" name="ID112076" VISIBILITY="1" RADIUS="5.644739300537771" QUALITY="-1.0" SOURCE_ID="0" POSITION_T="50.0" POSITION_X="1185.9999537487772" POSITION_Y="163.27836127119036" FRAME="50" POSITION_Z="287.1905720484151" />
      </SpotsInFrame>
      <SpotsInFrame frame="51">
        <Spot ID="133667" name="ID133667" VISIBILITY="1" RADIUS="5.64473930053777" QUALITY="373.2442321777344" SOURCE_ID="0" POSITION_T="51.0" POSITION_X="1067.5392285451258" POSITION_Y="380.9603112568797" FRAME="51" CELL_DIVISION_TIME="43.0" POSITION_Z="325.3013113637236" />
        <Spot ID="167571" name="ID167571" VISIBILITY="1" RADIUS="5.131581182307065" QUALITY="406.23651123046875" SOURCE_ID="0" POSITION_T="51.0" POSITION_X="1131.9735420723664" POSITION_Y="351.6146164981725" FRAME="51" POSITION_Z="308.73563162117443" />
        <Spot ID="168756" name="ID168756" VISIBILITY="1" RADIUS="5.644739300537772" QUALITY="472.94232177734375" SOURCE_ID="0" POSITION_T="51.0" POSITION_X="1141.9066933411466" POSITION_Y="373.30220141709225" FRAME="51" CELL_DIVISION_TIME="205.0" POSITION_Z="330.4018995522666" />
        <Spot ID="112089" name="ID112089" VISIBILITY="1" RADIUS="5.644739300537771" QUALITY="-1.0" SOURCE_ID="0" POSITION_T="51.0" POSITION_X="1185.759892140101" POSITION_Y="161.3195772783688" FRAME="51" POSITION_Z="282.80393406334616" />
        <Spot ID="110216" name="ID110216" VISIBILITY="1" RADIUS="6.830134553650705" QUALITY="-1.0" SOURCE_ID="0" POSITION_T="51.0" POSITION_X="1158.879123764133" POSITION_Y="172.2304976923803" FRAME="51" POSITION_Z="292.98247940111514" />
        <Spot ID="174808" name="ID174808" VISIBILITY="1" RADIUS="7.513148009015776" QUALITY="-1.0" SOURCE_ID="0" POSITION_T="51.0" POSITION_X="1150.588117096218" POSITION_Y="344.11184676967457" FRAME="51" POSITION_Z="323.48912028985836" />
        <Spot ID="131161" name="ID131161" VISIBILITY="1" RADIUS="6.209213230591548" QUALITY="-1.0" SOURCE_ID="0" POSITION_T="51.0" POSITION_X="1055.4576079051512" POSITION_Y="406.2114384837985" FRAME="51" POSITION_Z="316.32328256094644" />
        <Spot ID="133225" name="ID133225" VISIBILITY="1" RADIUS="7.513148009015772" QUALITY="473.27496337890625" SOURCE_ID="0" POSITION_T="51.0" POSITION_X="1090.9176101994367" POSITION_Y="401.3480237942838" FRAME="51" CELL_DIVISION_TIME="187.0" POSITION_Z="339.92948933950277" />
      </SpotsInFrame>
      <SpotsInFrame frame="52">
        <Spot ID="112113" name="ID112113" VISIBILITY="1" RADIUS="5.644739300537771" QUALITY="-1.0" SOURCE_ID="0" POSITION_T="52.0" POSITION_X="1186.0245499880955" POSITION_Y="160.37003258921195" FRAME="52" POSITION_Z="283.44557123787877" />
        <Spot ID="110195" name="ID110195" VISIBILITY="1" RADIUS="6.830134553650705" QUALITY="-1.0" SOURCE_ID="0" POSITION_T="52.0" POSITION_X="1161.4245582131218" POSITION_Y="170.66369629368248" FRAME="52" POSITION_Z="292.00384635082446" />
        <Spot ID="133684" name="ID133684" VISIBILITY="1" RADIUS="5.64473930053777" QUALITY="631.4287109375" SOURCE_ID="0" POSITION_T="52.0" POSITION_X="1066.6613884072406" POSITION_Y="381.79762063496423" FRAME="52" CELL_DIVISION_TIME="43.0" POSITION_Z="324.96205013203314" />
        <Spot ID="133237" name="ID133237" VISIBILITY="1" RADIUS="7.513148009015772" QUALITY="432.3576354980469" SOURCE_ID="0" POSITION_T="52.0" POSITION_X="1091.1237965786052" POSITION_Y="401.66307784821214" FRAME="52" CELL_DIVISION_TIME="187.0" POSITION_Z="340.09960375821595" />
        <Spot ID="167589" name="ID167589" VISIBILITY="1" RADIUS="5.131581182307065" QUALITY="345.86041259765625" SOURCE_ID="0" POSITION_T="52.0" POSITION_X="1130.2126884896975" POSITION_Y="350.4768918328871" FRAME="52" POSITION_Z="307.3105386668285" />
        <Spot ID="174811" name="ID174811" VISIBILITY="1" RADIUS="7.513148009015776" QUALITY="-1.0" SOURCE_ID="0" POSITION_T="52.0" POSITION_X="1150.588117096218" POSITION_Y="342.92137657551723" FRAME="52" POSITION_Z="330.63194145480213" />
        <Spot ID="168777" name="ID168777" VISIBILITY="1" RADIUS="5.644739300537772" QUALITY="481.44488525390625" SOURCE_ID="0" POSITION_T="52.0" POSITION_X="1137.7473528260614" POSITION_Y="373.53440822159735" FRAME="52" CELL_DIVISION_TIME="205.0" POSITION_Z="330.3457633786724" />
        <Spot ID="131116" name="ID131116" VISIBILITY="1" RADIUS="5.131581182307064" QUALITY="-1.0" SOURCE_ID="0" POSITION_T="52.0" POSITION_X="1054.8849612748722" POSITION_Y="403.6887498912673" FRAME="52" POSITION_Z="320.44046208512344" />
      </SpotsInFrame>
      <SpotsInFrame frame="53">
        <Spot ID="168790" name="ID168790" VISIBILITY="1" RADIUS="5.644739300537772" QUALITY="361.7923278808594" SOURCE_ID="0" POSITION_T="53.0" POSITION_X="1135.273970022363" POSITION_Y="367.6815377095751" FRAME="53" CELL_DIVISION_TIME="205.0" POSITION_Z="329.9678412157466" />
        <Spot ID="133700" name="ID133700" VISIBILITY="1" RADIUS="5.64473930053777" QUALITY="249.6331787109375" SOURCE_ID="0" POSITION_T="53.0" POSITION_X="1066.7451604824976" POSITION_Y="380.76390258216003" FRAME="53" CELL_DIVISION_TIME="43.0" POSITION_Z="322.847505822883" />
        <Spot ID="112134" name="ID112134" VISIBILITY="1" RADIUS="5.644739300537771" QUALITY="-1.0" SOURCE_ID="0" POSITION_T="53.0" POSITION_X="1184.8462605142863" POSITION_Y="158.2307562328939" FRAME="53" POSITION_Z="278.7755511786362" />
        <Spot ID="133381" name="ID133381" VISIBILITY="1" RADIUS="7.513148009015772" QUALITY="362.29693603515625" SOURCE_ID="0" POSITION_T="53.0" POSITION_X="1093.9908826926537" POSITION_Y="401.38109777901394" FRAME="53" CELL_DIVISION_TIME="187.0" POSITION_Z="339.36379923694415" />
        <Spot ID="167610" name="ID167610" VISIBILITY="1" RADIUS="5.131581182307065" QUALITY="408.5993347167969" SOURCE_ID="0" POSITION_T="53.0" POSITION_X="1131.1202654844008" POSITION_Y="351.12374911408824" FRAME="53" POSITION_Z="309.50689131040303" />
        <Spot ID="110184" name="ID110184" VISIBILITY="1" RADIUS="6.830134553650705" QUALITY="-1.0" SOURCE_ID="0" POSITION_T="53.0" POSITION_X="1164.733622996807" POSITION_Y="165.31828395080646" FRAME="53" POSITION_Z="292.0038463508245" />
        <Spot ID="131113" name="ID131113" VISIBILITY="1" RADIUS="5.131581182307064" QUALITY="-1.0" SOURCE_ID="0" POSITION_T="53.0" POSITION_X="1055.2878925403468" POSITION_Y="395.672523240052" FRAME="53" POSITION_Z="319.1498190002608" />
        <Spot ID="174812" name="ID174812" VISIBILITY="1" RADIUS="6.830134553650705" QUALITY="-1.0" SOURCE_ID="0" POSITION_T="53.0" POSITION_X="1148.6598901880982" POSITION_Y="342.3261414784387" FRAME="53" POSITION_Z="327.9494152839678" />
      </SpotsInFrame>
      <SpotsInFrame frame="54">
        <Spot ID="133394" name="ID133394" VISIBILITY="1" RADIUS="7.513148009015772" QUALITY="302.8667297363281" SOURCE_ID="0" POSITION_T="54.0" POSITION_X="1094.591020857682" POSITION_Y="398.0282999885468" FRAME="54" CELL_DIVISION_TIME="187.0" POSITION_Z="336.38794786686606" />
        <Spot ID="133714" name="ID133714" VISIBILITY="1" RADIUS="5.64473930053777" QUALITY="477.0439758300781" SOURCE_ID="0" POSITION_T="54.0" POSITION_X="1068.0401228134476" POSITION_Y="382.7009264780707" FRAME="54" CELL_DIVISION_TIME="43.0" POSITION_Z="319.9799794463565" />
        <Spot ID="131076" name="ID131076" VISIBILITY="1" RADIUS="5.131581182307064" QUALITY="-1.0" SOURCE_ID="0" POSITION_T="54.0" POSITION_X="1057.0711752087889" POSITION_Y="397.07712543654236" FRAME="54" POSITION_Z="319.5593027813137" />
        <Spot ID="110150" name="ID110150" VISIBILITY="1" RADIUS="6.830134553650705" QUALITY="-1.0" SOURCE_ID="0" POSITION_T="54.0" POSITION_X="1164.4790795519084" POSITION_Y="164.0455667263122" FRAME="54" POSITION_Z="292.00384635082463" />
        <Spot ID="168810" name="ID168810" VISIBILITY="1" RADIUS="5.644739300537772" QUALITY="399.19696044921875" SOURCE_ID="0" POSITION_T="54.0" POSITION_X="1137.2298765841367" POSITION_Y="364.4425820244683" FRAME="54" CELL_DIVISION_TIME="205.0" POSITION_Z="330.015250890772" />
        <Spot ID="167628" name="ID167628" VISIBILITY="1" RADIUS="5.131581182307065" QUALITY="534.1500244140625" SOURCE_ID="0" POSITION_T="54.0" POSITION_X="1132.095119965149" POSITION_Y="349.4772508790721" FRAME="54" POSITION_Z="309.3989564329671" />
        <Spot ID="174860" name="ID174860" VISIBILITY="1" RADIUS="6.830134553650705" QUALITY="-1.0" SOURCE_ID="0" POSITION_T="54.0" POSITION_X="1148.1784669328638" POSITION_Y="340.1540355837245" FRAME="54" POSITION_Z="327.4692589723245" />
        <Spot ID="112158" name="ID112158" VISIBILITY="1" RADIUS="5.644739300537771" QUALITY="-1.0" SOURCE_ID="0" POSITION_T="54.0" POSITION_X="1182.5233591259253" POSITION_Y="160.04500768859506" FRAME="54" POSITION_Z="275.0205672979419" />
      </SpotsInFrame>
      <SpotsInFrame frame="55">
        <Spot ID="110145" name="ID110145" VISIBILITY="1" RADIUS="6.830134553650705" QUALITY="-1.0" SOURCE_ID="0" POSITION_T="55.0" POSITION_X="1161.9404750884996" POSITION_Y="162.55525039945417" FRAME="55" POSITION_Z="287.638516613133" />
        <Spot ID="133408" name="ID133408" VISIBILITY="1" RADIUS="7.513148009015772" QUALITY="332.728271484375" SOURCE_ID="0" POSITION_T="55.0" POSITION_X="1092.0602430674178" POSITION_Y="398.07272188821884" FRAME="55" CELL_DIVISION_TIME="187.0" POSITION_Z="334.6693731396898" />
        <Spot ID="133751" name="ID133751" VISIBILITY="1" RADIUS="5.64473930053777" QUALITY="322.6286315917969" SOURCE_ID="0" POSITION_T="55.0" POSITION_X="1067.3309200589676" POSITION_Y="379.89788072202003" FRAME="55" CELL_DIVISION_TIME="43.0" POSITION_Z="319.36360428762003" />
        <Spot ID="174900" name="ID174900" VISIBILITY="1" RADIUS="6.830134553650705" QUALITY="-1.0" SOURCE_ID="0" POSITION_T="55.0" POSITION_X="1149.8590140236154" POSITION_Y="340.1540355837245" FRAME="55" POSITION_Z="328.18949343978977" />
        <Spot ID="112201" name="ID112201" VISIBILITY="1" RADIUS="5.644739300537771" QUALITY="-1.0" SOURCE_ID="0" POSITION_T="55.0" POSITION_X="1180.897180684323" POSITION_Y="164.09228043550158" FRAME="55" POSITION_Z="270.5690393568456" />
        <Spot ID="168827" name="ID168827" VISIBILITY="1" RADIUS="5.644739300537772" QUALITY="467.35406494140625" SOURCE_ID="0" POSITION_T="55.0" POSITION_X="1136.5417377216938" POSITION_Y="363.9818936321757" FRAME="55" CELL_DIVISION_TIME="205.0" POSITION_Z="328.8890258685978" />
        <Spot ID="131021" name="ID131021" VISIBILITY="1" RADIUS="5.131581182307064" QUALITY="-1.0" SOURCE_ID="0" POSITION_T="55.0" POSITION_X="1056.1762577247994" POSITION_Y="395.3517056077273" FRAME="55" POSITION_Z="315.4487782605374" />
        <Spot ID="167645" name="ID167645" VISIBILITY="1" RADIUS="5.131581182307065" QUALITY="446.1404113769531" SOURCE_ID="0" POSITION_T="55.0" POSITION_X="1131.5030664307296" POSITION_Y="348.0624911526961" FRAME="55" POSITION_Z="308.1901709951792" />
      </SpotsInFrame>
      <SpotsInFrame frame="56">
        <Spot ID="112208" name="ID112208" VISIBILITY="1" RADIUS="5.644739300537771" QUALITY="470.9532775878906" SOURCE_ID="0" POSITION_T="56.0" POSITION_X="1183.9703058849911" POSITION_Y="165.79068687171753" FRAME="56" POSITION_Z="267.9529626479383" />
        <Spot ID="167543" name="ID167543" VISIBILITY="1" RADIUS="5.644739300537772" QUALITY="-1.0" SOURCE_ID="0" POSITION_T="56.0" POSITION_X="1131.2606704755524" POSITION_Y="347.38901460598606" FRAME="56" POSITION_Z="305.34282521109327" />
        <Spot ID="168839" name="ID168839" VISIBILITY="1" RADIUS="5.644739300537772" QUALITY="429.1375427246094" SOURCE_ID="0" POSITION_T="56.0" POSITION_X="1136.7075952941047" POSITION_Y="363.9833657075565" FRAME="56" CELL_DIVISION_TIME="205.0" POSITION_Z="326.44307588869367" />
        <Spot ID="133764" name="ID133764" VISIBILITY="1" RADIUS="5.64473930053777" QUALITY="281.93389892578125" SOURCE_ID="0" POSITION_T="56.0" POSITION_X="1066.0238164192417" POSITION_Y="377.6256289987628" FRAME="56" CELL_DIVISION_TIME="43.0" POSITION_Z="316.75976087869174" />
        <Spot ID="174907" name="ID174907" VISIBILITY="1" RADIUS="6.830134553650705" QUALITY="-1.0" SOURCE_ID="0" POSITION_T="56.0" POSITION_X="1151.0594048027237" POSITION_Y="340.1540355837245" FRAME="56" POSITION_Z="327.9494152839681" />
        <Spot ID="110140" name="ID110140" VISIBILITY="1" RADIUS="6.830134553650705" QUALITY="-1.0" SOURCE_ID="0" POSITION_T="56.0" POSITION_X="1161.9404750884996" POSITION_Y="162.22903938269056" FRAME="56" POSITION_Z="288.2909386466602" />
        <Spot ID="131020" name="ID131020" VISIBILITY="1" RADIUS="5.131581182307064" QUALITY="-1.0" SOURCE_ID="0" POSITION_T="56.0" POSITION_X="1056.255470854697" POSITION_Y="396.64348468935714" FRAME="56" POSITION_Z="310.4394027326657" />
        <Spot ID="133421" name="ID133421" VISIBILITY="1" RADIUS="7.513148009015772" QUALITY="284.9230651855469" SOURCE_ID="0" POSITION_T="56.0" POSITION_X="1091.5590505440932" POSITION_Y="396.60952016803395" FRAME="56" CELL_DIVISION_TIME="187.0" POSITION_Z="330.5898740824566" />
      </SpotsInFrame>
      <SpotsInFrame frame="57">
        <Spot ID="110129" name="ID110129" VISIBILITY="1" RADIUS="6.830134553650705" QUALITY="-1.0" SOURCE_ID="0" POSITION_T="57.0" POSITION_X="1161.9404750884996" POSITION_Y="162.22903938269053" FRAME="57" POSITION_Z="286.33367254607873" />
        <Spot ID="168866" name="ID168866" VISIBILITY="1" RADIUS="5.644739300537772" QUALITY="444.6388854980469" SOURCE_ID="0" POSITION_T="57.0" POSITION_X="1138.6060362882374" POSITION_Y="368.45591207088194" FRAME="57" CELL_DIVISION_TIME="205.0" POSITION_Z="323.96157454824186" />
        <Spot ID="133779" name="ID133779" VISIBILITY="1" RADIUS="5.64473930053777" QUALITY="279.3054504394531" SOURCE_ID="0" POSITION_T="57.0" POSITION_X="1065.0286726113393" POSITION_Y="379.18685545306505" FRAME="57" CELL_DIVISION_TIME="43.0" POSITION_Z="311.14336639568745" />
        <Spot ID="167537" name="ID167537" VISIBILITY="1" RADIUS="5.644739300537772" QUALITY="-1.0" SOURCE_ID="0" POSITION_T="57.0" POSITION_X="1130.7779802767268" POSITION_Y="346.42363420833533" FRAME="57" POSITION_Z="305.3428252110932" />
        <Spot ID="112217" name="ID112217" VISIBILITY="1" RADIUS="5.644739300537771" QUALITY="382.90667724609375" SOURCE_ID="0" POSITION_T="57.0" POSITION_X="1183.434128282526" POSITION_Y="162.71697373905016" FRAME="57" POSITION_Z="268.23323599862744" />
        <Spot ID="131018" name="ID131018" VISIBILITY="1" RADIUS="5.131581182307064" QUALITY="-1.0" SOURCE_ID="0" POSITION_T="57.0" POSITION_X="1058.29553963658" POSITION_Y="395.0875777619008" FRAME="57" POSITION_Z="307.4117815770297" />
        <Spot ID="133433" name="ID133433" VISIBILITY="1" RADIUS="7.513148009015772" QUALITY="270.8330993652344" SOURCE_ID="0" POSITION_T="57.0" POSITION_X="1087.9974445104099" POSITION_Y="396.7089988383029" FRAME="57" CELL_DIVISION_TIME="187.0" POSITION_Z="328.2384863882499" />
        <Spot ID="174909" name="ID174909" VISIBILITY="1" RADIUS="6.830134553650705" QUALITY="-1.0" SOURCE_ID="0" POSITION_T="57.0" POSITION_X="1153.4728557968506" POSITION_Y="345.70497287021624" FRAME="57" POSITION_Z="327.94941528396816" />
      </SpotsInFrame>
      <SpotsInFrame frame="58">
        <Spot ID="112229" name="ID112229" VISIBILITY="1" RADIUS="6.830134553650702" QUALITY="487.85186767578125" SOURCE_ID="0" POSITION_T="58.0" POSITION_X="1181.4281722515964" POSITION_Y="163.75678282686752" FRAME="58" POSITION_Z="265.78120777879076" />
        <Spot ID="135493" name="ID135493" VISIBILITY="1" RADIUS="7.513148009015772" QUALITY="285.6687316894531" SOURCE_ID="0" POSITION_T="58.0" POSITION_X="1088.6693879793643" POSITION_Y="398.26186960712647" FRAME="58" CELL_DIVISION_TIME="187.0" POSITION_Z="328.4105239087472" />
        <Spot ID="167530" name="ID167530" VISIBILITY="1" RADIUS="5.644739300537772" QUALITY="-1.0" SOURCE_ID="0" POSITION_T="58.0" POSITION_X="1130.537902120905" POSITION_Y="346.4236342083352" FRAME="58" POSITION_Z="302.94204365287607" />
        <Spot ID="131016" name="ID131016" VISIBILITY="1" RADIUS="5.131581182307064" QUALITY="-1.0" SOURCE_ID="0" POSITION_T="58.0" POSITION_X="1059.5647348679004" POSITION_Y="393.99100678921513" FRAME="58" POSITION_Z="305.3860566817337" />
        <Spot ID="133800" name="ID133800" VISIBILITY="1" RADIUS="5.64473930053777" QUALITY="214.1940155029297" SOURCE_ID="0" POSITION_T="58.0" POSITION_X="1066.5353871198884" POSITION_Y="377.2357048725296" FRAME="58" CELL_DIVISION_TIME="43.0" POSITION_Z="310.47274810721103" />
        <Spot ID="174921" name="ID174921" VISIBILITY="1" RADIUS="6.830134553650705" QUALITY="191.3826141357422" SOURCE_ID="0" POSITION_T="58.0" POSITION_X="1152.6983884206786" POSITION_Y="348.7925669419409" FRAME="58" POSITION_Z="331.02626227444637" />
        <Spot ID="168878" name="ID168878" VISIBILITY="1" RADIUS="5.644739300537772" QUALITY="343.80322265625" SOURCE_ID="0" POSITION_T="58.0" POSITION_X="1141.167313907421" POSITION_Y="368.1176846999095" FRAME="58" CELL_DIVISION_TIME="205.0" POSITION_Z="322.3913345789904" />
        <Spot ID="110126" name="ID110126" VISIBILITY="1" RADIUS="6.830134553650705" QUALITY="-1.0" SOURCE_ID="0" POSITION_T="58.0" POSITION_X="1160.9263384708588" POSITION_Y="163.02303861051888" FRAME="58" POSITION_Z="280.3818006668194" />
      </SpotsInFrame>
      <SpotsInFrame frame="59">
        <Spot ID="168898" name="ID168898" VISIBILITY="1" RADIUS="5.644739300537772" QUALITY="381.4031066894531" SOURCE_ID="0" POSITION_T="59.0" POSITION_X="1145.4834069502012" POSITION_Y="369.4123178412535" FRAME="59" CELL_DIVISION_TIME="205.0" POSITION_Z="321.40313433147264" />
        <Spot ID="135507" name="ID135507" VISIBILITY="1" RADIUS="7.513148009015772" QUALITY="283.36614990234375" SOURCE_ID="0" POSITION_T="59.0" POSITION_X="1091.4395631354087" POSITION_Y="398.52563138142546" FRAME="59" CELL_DIVISION_TIME="187.0" POSITION_Z="326.1719661775668" />
        <Spot ID="131011" name="ID131011" VISIBILITY="1" RADIUS="5.131581182307064" QUALITY="-1.0" SOURCE_ID="0" POSITION_T="59.0" POSITION_X="1061.7527750993981" POSITION_Y="392.77230767938204" FRAME="59" POSITION_Z="302.636325059453" />
        <Spot ID="112242" name="ID112242" VISIBILITY="1" RADIUS="6.830134553650702" QUALITY="471.4956359863281" SOURCE_ID="0" POSITION_T="59.0" POSITION_X="1182.031203401313" POSITION_Y="161.9747678665991" FRAME="59" POSITION_Z="264.92684318646184" />
        <Spot ID="110125" name="ID110125" VISIBILITY="1" RADIUS="6.830134553650705" QUALITY="-1.0" SOURCE_ID="0" POSITION_T="59.0" POSITION_X="1161.9505402429122" POSITION_Y="160.2253456519063" FRAME="59" POSITION_Z="280.4036842489264" />
        <Spot ID="133823" name="ID133823" VISIBILITY="1" RADIUS="5.64473930053777" QUALITY="353.99365234375" SOURCE_ID="0" POSITION_T="59.0" POSITION_X="1068.41159176652" POSITION_Y="373.8897817566781" FRAME="59" CELL_DIVISION_TIME="43.0" POSITION_Z="308.5091135724" />
        <Spot ID="167519" name="ID167519" VISIBILITY="1" RADIUS="5.644739300537772" QUALITY="-1.0" SOURCE_ID="0" POSITION_T="59.0" POSITION_X="1133.9091318511369" POSITION_Y="346.66497930774784" FRAME="59" POSITION_Z="298.14048053644166" />
        <Spot ID="174941" name="ID174941" VISIBILITY="1" RADIUS="6.830134553650705" QUALITY="194.70703125" SOURCE_ID="0" POSITION_T="59.0" POSITION_X="1153.6587010439655" POSITION_Y="348.7925669419409" FRAME="59" POSITION_Z="325.5044646905468" />
      </SpotsInFrame>
      <SpotsInFrame frame="60">
        <Spot ID="133874" name="ID133874" VISIBILITY="1" RADIUS="5.64473930053777" QUALITY="166.12451171875" SOURCE_ID="0" POSITION_T="60.0" POSITION_X="1068.7778591450717" POSITION_Y="371.606304639333" FRAME="60" CELL_DIVISION_TIME="43.0" POSITION_Z="306.13976360902046" />
        <Spot ID="168912" name="ID168912" VISIBILITY="1" RADIUS="5.644739300537772" QUALITY="377.89739990234375" SOURCE_ID="0" POSITION_T="60.0" POSITION_X="1146.003894213181" POSITION_Y="370.2962978762356" FRAME="60" CELL_DIVISION_TIME="205.0" POSITION_Z="318.47164576003297" />
        <Spot ID="131010" name="ID131010" VISIBILITY="1" RADIUS="5.131581182307064" QUALITY="-1.0" SOURCE_ID="0" POSITION_T="60.0" POSITION_X="1060.6935839226671" POSITION_Y="389.9153363839168" FRAME="60" POSITION_Z="300.1572516338712" />
        <Spot ID="135521" name="ID135521" VISIBILITY="1" RADIUS="7.513148009015772" QUALITY="302.81878662109375" SOURCE_ID="0" POSITION_T="60.0" POSITION_X="1093.2110888691343" POSITION_Y="398.41146640922597" FRAME="60" CELL_DIVISION_TIME="187.0" POSITION_Z="325.3796357310983" />
        <Spot ID="174954" name="ID174954" VISIBILITY="1" RADIUS="6.830134553650705" QUALITY="167.38294982910156" SOURCE_ID="0" POSITION_T="60.0" POSITION_X="1155.3392481347173" POSITION_Y="348.7925669419409" FRAME="60" POSITION_Z="320.222745262469" />
        <Spot ID="110123" name="ID110123" VISIBILITY="1" RADIUS="6.830134553650705" QUALITY="-1.0" SOURCE_ID="0" POSITION_T="60.0" POSITION_X="1160.6925475039507" POSITION_Y="156.40550325879835" FRAME="60" POSITION_Z="280.24764035837165" />
        <Spot ID="167512" name="ID167512" VISIBILITY="1" RADIUS="5.644739300537772" QUALITY="-1.0" SOURCE_ID="0" POSITION_T="60.0" POSITION_X="1135.8398926464383" POSITION_Y="348.3543950036365" FRAME="60" POSITION_Z="298.14048053644166" />
        <Spot ID="112250" name="ID112250" VISIBILITY="1" RADIUS="6.830134553650702" QUALITY="353.4554748535156" SOURCE_ID="0" POSITION_T="60.0" POSITION_X="1180.8803163338196" POSITION_Y="163.18476300463809" FRAME="60" POSITION_Z="262.3086753150264" />
      </SpotsInFrame>
      <SpotsInFrame frame="61">
        <Spot ID="112352" name="ID112352" VISIBILITY="1" RADIUS="6.830134553650702" QUALITY="-1.0" SOURCE_ID="0" POSITION_T="61.0" POSITION_X="1180.2844659723996" POSITION_Y="163.7587995045662" FRAME="61" POSITION_Z="260.41870453698164" />
        <Spot ID="167507" name="ID167507" VISIBILITY="1" RADIUS="6.830134553650705" QUALITY="-1.0" SOURCE_ID="0" POSITION_T="61.0" POSITION_X="1136.805273044089" POSITION_Y="349.8024656001125" FRAME="61" POSITION_Z="298.14048053644166" />
        <Spot ID="133888" name="ID133888" VISIBILITY="1" RADIUS="5.64473930053777" QUALITY="228.6739959716797" SOURCE_ID="0" POSITION_T="61.0" POSITION_X="1069.2936845703607" POSITION_Y="368.1970060041685" FRAME="61" CELL_DIVISION_TIME="43.0" POSITION_Z="303.8474234355578" />
        <Spot ID="109796" name="ID109796" VISIBILITY="1" RADIUS="5.644739300537772" QUALITY="-1.0" SOURCE_ID="0" POSITION_T="61.0" POSITION_X="1160.6925475039507" POSITION_Y="155.75308122527116" FRAME="61" POSITION_Z="279.5952183248445" />
        <Spot ID="130996" name="ID130996" VISIBILITY="1" RADIUS="5.131581182307064" QUALITY="-1.0" SOURCE_ID="0" POSITION_T="61.0" POSITION_X="1063.9016585451063" POSITION_Y="387.91868381035556" FRAME="61" POSITION_Z="295.89370943377253" />
        <Spot ID="135534" name="ID135534" VISIBILITY="1" RADIUS="7.513148009015772" QUALITY="297.81256103515625" SOURCE_ID="0" POSITION_T="61.0" POSITION_X="1095.393115045823" POSITION_Y="400.1550563510071" FRAME="61" CELL_DIVISION_TIME="187.0" POSITION_Z="324.76269297000584" />
        <Spot ID="168926" name="ID168926" VISIBILITY="1" RADIUS="5.644739300537772" QUALITY="359.6255798339844" SOURCE_ID="0" POSITION_T="61.0" POSITION_X="1147.4676622885295" POSITION_Y="373.9228759152748" FRAME="61" CELL_DIVISION_TIME="205.0" POSITION_Z="318.7338509679983" />
        <Spot ID="174974" name="ID174974" VISIBILITY="1" RADIUS="6.830134553650705" QUALITY="223.6647491455078" SOURCE_ID="0" POSITION_T="61.0" POSITION_X="1155.5793262905388" POSITION_Y="348.7925669419409" FRAME="61" POSITION_Z="321.18305788575594" />
      </SpotsInFrame>
      <SpotsInFrame frame="62">
        <Spot ID="109793" name="ID109793" VISIBILITY="1" RADIUS="6.830134553650705" QUALITY="-1.0" SOURCE_ID="0" POSITION_T="62.0" POSITION_X="1159.6332965395673" POSITION_Y="157.7748864018253" FRAME="62" POSITION_Z="274.4804568897747" />
        <Spot ID="112386" name="ID112386" VISIBILITY="1" RADIUS="6.830134553650702" QUALITY="293.4206848144531" SOURCE_ID="0" POSITION_T="62.0" POSITION_X="1177.415745001544" POSITION_Y="166.2067303569749" FRAME="62" POSITION_Z="261.63949459296776" />
        <Spot ID="133905" name="ID133905" VISIBILITY="1" RADIUS="5.64473930053777" QUALITY="205.8974609375" SOURCE_ID="0" POSITION_T="62.0" POSITION_X="1070.4117157433898" POSITION_Y="370.46613949686775" FRAME="62" CELL_DIVISION_TIME="43.0" POSITION_Z="300.09350331572944" />
        <Spot ID="168945" name="ID168945" VISIBILITY="1" RADIUS="5.644739300537772" QUALITY="394.7179870605469" SOURCE_ID="0" POSITION_T="62.0" POSITION_X="1149.6477018412181" POSITION_Y="374.6400438664262" FRAME="62" CELL_DIVISION_TIME="205.0" POSITION_Z="316.265020946998" />
        <Spot ID="174993" name="ID174993" VISIBILITY="1" RADIUS="6.830134553650705" QUALITY="167.49021911621094" SOURCE_ID="0" POSITION_T="62.0" POSITION_X="1156.779717069647" POSITION_Y="348.79256694194083" FRAME="62" POSITION_Z="315.90133845767815" />
        <Spot ID="130981" name="ID130981" VISIBILITY="1" RADIUS="5.131581182307064" QUALITY="-1.0" SOURCE_ID="0" POSITION_T="62.0" POSITION_X="1069.7922611082643" POSITION_Y="382.4438492903836" FRAME="62" POSITION_Z="291.3589212341269" />
        <Spot ID="167498" name="ID167498" VISIBILITY="1" RADIUS="6.830134553650705" QUALITY="-1.0" SOURCE_ID="0" POSITION_T="62.0" POSITION_X="1137.765585667376" POSITION_Y="349.8024656001124" FRAME="62" POSITION_Z="295.0194645107593" />
        <Spot ID="135547" name="ID135547" VISIBILITY="1" RADIUS="7.513148009015772" QUALITY="218.96881103515625" SOURCE_ID="0" POSITION_T="62.0" POSITION_X="1092.5546580213459" POSITION_Y="400.9889916033461" FRAME="62" CELL_DIVISION_TIME="187.0" POSITION_Z="321.8930708000688" />
      </SpotsInFrame>
      <SpotsInFrame frame="63">
        <Spot ID="133922" name="ID133922" VISIBILITY="1" RADIUS="5.64473930053777" QUALITY="269.1806945800781" SOURCE_ID="0" POSITION_T="63.0" POSITION_X="1071.529746916419" POSITION_Y="371.9568477275734" FRAME="63" CELL_DIVISION_TIME="43.0" POSITION_Z="300.09350331572944" />
        <Spot ID="168960" name="ID168960" VISIBILITY="1" RADIUS="5.644739300537772" QUALITY="325.6882629394531" SOURCE_ID="0" POSITION_T="63.0" POSITION_X="1150.0912915763504" POSITION_Y="375.21102429364856" FRAME="63" CELL_DIVISION_TIME="205.0" POSITION_Z="315.3561535083256" />
        <Spot ID="112402" name="ID112402" VISIBILITY="1" RADIUS="6.830134553650702" QUALITY="271.5148620605469" SOURCE_ID="0" POSITION_T="63.0" POSITION_X="1180.2157228954316" POSITION_Y="164.17038279778404" FRAME="63" POSITION_Z="261.63949459296776" />
        <Spot ID="135572" name="ID135572" VISIBILITY="1" RADIUS="7.513148009015772" QUALITY="231.49835205078125" SOURCE_ID="0" POSITION_T="63.0" POSITION_X="1094.4180433097279" POSITION_Y="400.2436374879932" FRAME="63" CELL_DIVISION_TIME="187.0" POSITION_Z="321.8930708000688" />
        <Spot ID="109787" name="ID109787" VISIBILITY="1" RADIUS="5.644739300537772" QUALITY="-1.0" SOURCE_ID="0" POSITION_T="63.0" POSITION_X="1162.431850271169" POSITION_Y="158.93432251649347" FRAME="63" POSITION_Z="270.73017510811616" />
        <Spot ID="130970" name="ID130970" VISIBILITY="1" RADIUS="5.131581182307064" QUALITY="-1.0" SOURCE_ID="0" POSITION_T="63.0" POSITION_X="1073.3042544686627" POSITION_Y="380.87957652034106" FRAME="63" POSITION_Z="288.6994688752295" />
        <Spot ID="167497" name="ID167497" VISIBILITY="1" RADIUS="5.644739300537772" QUALITY="-1.0" SOURCE_ID="0" POSITION_T="63.0" POSITION_X="1137.0453511999108" POSITION_Y="349.80246560011227" FRAME="63" POSITION_Z="292.13852664089865" />
        <Spot ID="175087" name="ID175087" VISIBILITY="1" RADIUS="6.830134553650705" QUALITY="192.55572509765625" SOURCE_ID="0" POSITION_T="63.0" POSITION_X="1157.5037523678852" POSITION_Y="352.8954336319564" FRAME="63" POSITION_Z="315.90133845767815" />
      </SpotsInFrame>
      <SpotsInFrame frame="64">
        <Spot ID="167475" name="ID167475" VISIBILITY="1" RADIUS="5.644739300537772" QUALITY="-1.0" SOURCE_ID="0" POSITION_T="64.0" POSITION_X="1135.6048822649805" POSITION_Y="349.8024656001122" FRAME="64" POSITION_Z="292.61868295254214" />
        <Spot ID="133936" name="ID133936" VISIBILITY="1" RADIUS="5.64473930053777" QUALITY="233.0950927734375" SOURCE_ID="0" POSITION_T="64.0" POSITION_X="1073.393132204801" POSITION_Y="373.44755595827905" FRAME="64" CELL_DIVISION_TIME="43.0" POSITION_Z="300.09350331572944" />
        <Spot ID="112420" name="ID112420" VISIBILITY="1" RADIUS="6.830134553650702" QUALITY="312.00433349609375" SOURCE_ID="0" POSITION_T="64.0" POSITION_X="1180.487169208999" POSITION_Y="158.36236794614396" FRAME="64" POSITION_Z="263.98542552839626" />
        <Spot ID="130969" name="ID130969" VISIBILITY="1" RADIUS="5.131581182307064" QUALITY="-1.0" SOURCE_ID="0" POSITION_T="64.0" POSITION_X="1073.1408678283512" POSITION_Y="379.24309606349857" FRAME="64" POSITION_Z="284.946311638654" />
        <Spot ID="168971" name="ID168971" VISIBILITY="1" RADIUS="5.644739300537772" QUALITY="315.2462463378906" SOURCE_ID="0" POSITION_T="64.0" POSITION_X="1149.9718798621075" POSITION_Y="370.3347706833457" FRAME="64" CELL_DIVISION_TIME="205.0" POSITION_Z="311.04864661422636" />
        <Spot ID="109773" name="ID109773" VISIBILITY="1" RADIUS="5.131581182307065" QUALITY="-1.0" SOURCE_ID="0" POSITION_T="64.0" POSITION_X="1162.6826745763142" POSITION_Y="152.77615153384224" FRAME="64" POSITION_Z="270.43964902295664" />
        <Spot ID="135582" name="ID135582" VISIBILITY="1" RADIUS="7.513148009015772" QUALITY="228.07606506347656" SOURCE_ID="0" POSITION_T="64.0" POSITION_X="1095.1633974250806" POSITION_Y="402.1070227763753" FRAME="64" CELL_DIVISION_TIME="187.0" POSITION_Z="316.6736945318514" />
        <Spot ID="175103" name="ID175103" VISIBILITY="1" RADIUS="6.830134553650705" QUALITY="142.05422973632812" SOURCE_ID="0" POSITION_T="64.0" POSITION_X="1158.1163191722121" POSITION_Y="352.1479449342876" FRAME="64" POSITION_Z="312.43883815058473" />
      </SpotsInFrame>
      <SpotsInFrame frame="65">
        <Spot ID="134179" name="ID134179" VISIBILITY="1" RADIUS="5.64473930053777" QUALITY="-1.0" SOURCE_ID="0" POSITION_T="65.0" POSITION_X="1073.0076357888754" POSITION_Y="371.95684772757335" FRAME="65" CELL_DIVISION_TIME="43.0" POSITION_Z="298.26216642297067" />
        <Spot ID="175123" name="ID175123" VISIBILITY="1" RADIUS="6.830134553650705" QUALITY="134.91177368164062" SOURCE_ID="0" POSITION_T="65.0" POSITION_X="1157.3307955877615" POSITION_Y="351.5907363320344" FRAME="65" POSITION_Z="313.45523039050425" />
        <Spot ID="168992" name="ID168992" VISIBILITY="1" RADIUS="5.644739300537772" QUALITY="349.81488037109375" SOURCE_ID="0" POSITION_T="65.0" POSITION_X="1152.6428728837186" POSITION_Y="374.3926066242123" FRAME="65" CELL_DIVISION_TIME="205.0" POSITION_Z="314.3305560747933" />
        <Spot ID="112436" name="ID112436" VISIBILITY="1" RADIUS="6.830134553650702" QUALITY="286.5545349121094" SOURCE_ID="0" POSITION_T="65.0" POSITION_X="1182.5314226490357" POSITION_Y="159.41642174387732" FRAME="65" POSITION_Z="263.9052646295369" />
        <Spot ID="109768" name="ID109768" VISIBILITY="1" RADIUS="5.131581182307065" QUALITY="-1.0" SOURCE_ID="0" POSITION_T="65.0" POSITION_X="1162.6826745763142" POSITION_Y="157.01689475176886" FRAME="65" POSITION_Z="271.0920710564838" />
        <Spot ID="130968" name="ID130968" VISIBILITY="1" RADIUS="5.131581182307064" QUALITY="-1.0" SOURCE_ID="0" POSITION_T="65.0" POSITION_X="1074.603929515707" POSITION_Y="379.01317827261465" FRAME="65" POSITION_Z="282.7594230902436" />
        <Spot ID="167454" name="ID167454" VISIBILITY="1" RADIUS="5.644739300537772" QUALITY="-1.0" SOURCE_ID="0" POSITION_T="65.0" POSITION_X="1131.9859727173812" POSITION_Y="348.11304990422326" FRAME="65" POSITION_Z="293.8190737316507" />
        <Spot ID="135596" name="ID135596" VISIBILITY="1" RADIUS="7.513148009015772" QUALITY="189.436279296875" SOURCE_ID="0" POSITION_T="65.0" POSITION_X="1095.1633974250806" POSITION_Y="396.56143549139426" FRAME="65" CELL_DIVISION_TIME="187.0" POSITION_Z="315.3688504647971" />
      </SpotsInFrame>
      <SpotsInFrame frame="66">
        <Spot ID="112453" name="ID112453" VISIBILITY="1" RADIUS="6.830134553650702" QUALITY="339.6638488769531" SOURCE_ID="0" POSITION_T="66.0" POSITION_X="1181.0451348504862" POSITION_Y="158.66793324913303" FRAME="66" POSITION_Z="264.890595652283" />
        <Spot ID="130967" name="ID130967" VISIBILITY="1" RADIUS="5.131581182307064" QUALITY="-1.0" SOURCE_ID="0" POSITION_T="66.0" POSITION_X="1077.5300528904183" POSITION_Y="378.9611392256753" FRAME="66" POSITION_Z="281.2872691102348" />
        <Spot ID="167444" name="ID167444" VISIBILITY="1" RADIUS="5.644739300537772" QUALITY="-1.0" SOURCE_ID="0" POSITION_T="66.0" POSITION_X="1135.1095226302455" POSITION_Y="346.1822891089217" FRAME="66" POSITION_Z="293.33891742000725" />
        <Spot ID="135610" name="ID135610" VISIBILITY="1" RADIUS="7.513148009015772" QUALITY="215.61404418945312" SOURCE_ID="0" POSITION_T="66.0" POSITION_X="1095.1633974250806" POSITION_Y="393.625536340522" FRAME="66" CELL_DIVISION_TIME="187.0" POSITION_Z="309.49705216305256" />
        <Spot ID="109755" name="ID109755" VISIBILITY="1" RADIUS="5.131581182307065" QUALITY="-1.0" SOURCE_ID="0" POSITION_T="66.0" POSITION_X="1162.6826745763142" POSITION_Y="151.14509645002437" FRAME="66" POSITION_Z="273.04933715706534" />
        <Spot ID="175144" name="ID175144" VISIBILITY="1" RADIUS="6.830134553650705" QUALITY="122.48890686035156" SOURCE_ID="0" POSITION_T="66.0" POSITION_X="1160.211733457622" POSITION_Y="351.5907363320344" FRAME="66" POSITION_Z="313.93538670214775" />
        <Spot ID="134205" name="ID134205" VISIBILITY="1" RADIUS="6.830134553650701" QUALITY="189.13905334472656" SOURCE_ID="0" POSITION_T="66.0" POSITION_X="1072.6349587311988" POSITION_Y="372.37599082616265" FRAME="66" CELL_DIVISION_TIME="43.0" POSITION_Z="292.39036812122606" />
        <Spot ID="169005" name="ID169005" VISIBILITY="1" RADIUS="5.644739300537772" QUALITY="362.0666809082031" SOURCE_ID="0" POSITION_T="66.0" POSITION_X="1152.214293136872" POSITION_Y="374.6937997976442" FRAME="66" CELL_DIVISION_TIME="205.0" POSITION_Z="313.6519277297506" />
      </SpotsInFrame>
      <SpotsInFrame frame="67">
        <Spot ID="134227" name="ID134227" VISIBILITY="1" RADIUS="5.64473930053777" QUALITY="205.3885955810547" SOURCE_ID="0" POSITION_T="67.0" POSITION_X="1078.5977916540216" POSITION_Y="371.6771027517226" FRAME="67" CELL_DIVISION_TIME="43.0" POSITION_Z="291.7379460876989" />
        <Spot ID="109703" name="ID109703" VISIBILITY="1" RADIUS="5.131581182307065" QUALITY="-1.0" SOURCE_ID="0" POSITION_T="67.0" POSITION_X="1162.6826745763142" POSITION_Y="149.1878303494429" FRAME="67" POSITION_Z="275.0066032576468" />
        <Spot ID="169028" name="ID169028" VISIBILITY="1" RADIUS="5.644739300537772" QUALITY="321.2753601074219" SOURCE_ID="0" POSITION_T="67.0" POSITION_X="1154.964017579476" POSITION_Y="375.21084372978567" FRAME="67" CELL_DIVISION_TIME="205.0" POSITION_Z="310.99199247347764" />
        <Spot ID="175162" name="ID175162" VISIBILITY="1" RADIUS="6.830134553650705" QUALITY="196.50302124023438" SOURCE_ID="0" POSITION_T="67.0" POSITION_X="1161.8922805483737" POSITION_Y="351.5907363320344" FRAME="67" POSITION_Z="312.7349959230392" />
        <Spot ID="130920" name="ID130920" VISIBILITY="1" RADIUS="5.131581182307064" QUALITY="-1.0" SOURCE_ID="0" POSITION_T="67.0" POSITION_X="1080.8219416869686" POSITION_Y="378.82613344758823" FRAME="67" POSITION_Z="279.08704154832265" />
        <Spot ID="112555" name="ID112555" VISIBILITY="1" RADIUS="6.830134553650702" QUALITY="303.1829833984375" SOURCE_ID="0" POSITION_T="67.0" POSITION_X="1179.3389418334236" POSITION_Y="161.16828244081196" FRAME="67" POSITION_Z="265.3388402462993" />
        <Spot ID="135624" name="ID135624" VISIBILITY="1" RADIUS="7.513148009015772" QUALITY="245.21429443359375" SOURCE_ID="0" POSITION_T="67.0" POSITION_X="1095.1633974250806" POSITION_Y="396.56143549139426" FRAME="67" CELL_DIVISION_TIME="187.0" POSITION_Z="308.19220809599824" />
        <Spot ID="167438" name="ID167438" VISIBILITY="1" RADIUS="5.644739300537772" QUALITY="-1.0" SOURCE_ID="0" POSITION_T="67.0" POSITION_X="1133.4289755394934" POSITION_Y="346.1822891089216" FRAME="67" POSITION_Z="289.25758877103806" />
      </SpotsInFrame>
      <SpotsInFrame frame="68">
        <Spot ID="135794" name="ID135794" VISIBILITY="1" RADIUS="7.513148009015772" QUALITY="133.552734375" SOURCE_ID="0" POSITION_T="68.0" POSITION_X="1098.186253444286" POSITION_Y="395.53055350923705" FRAME="68" CELL_DIVISION_TIME="187.0" POSITION_Z="304.6230412549548" />
        <Spot ID="169044" name="ID169044" VISIBILITY="1" RADIUS="5.644739300537772" QUALITY="319.6748046875" SOURCE_ID="0" POSITION_T="68.0" POSITION_X="1157.6763338971462" POSITION_Y="373.7073368869511" FRAME="68" CELL_DIVISION_TIME="205.0" POSITION_Z="310.89811231161485" />
        <Spot ID="130918" name="ID130918" VISIBILITY="1" RADIUS="5.131581182307064" QUALITY="-1.0" SOURCE_ID="0" POSITION_T="68.0" POSITION_X="1083.6328752487789" POSITION_Y="381.9318169859191" FRAME="68" POSITION_Z="275.59613340620103" />
        <Spot ID="167434" name="ID167434" VISIBILITY="1" RADIUS="5.644739300537772" QUALITY="-1.0" SOURCE_ID="0" POSITION_T="68.0" POSITION_X="1137.270226032641" POSITION_Y="346.18228910892157" FRAME="68" POSITION_Z="290.21790139432494" />
        <Spot ID="134507" name="ID134507" VISIBILITY="1" RADIUS="6.830134553650701" QUALITY="-1.0" SOURCE_ID="0" POSITION_T="68.0" POSITION_X="1075.2436981349338" POSITION_Y="372.04977980939896" FRAME="68" CELL_DIVISION_TIME="43.0" POSITION_Z="291.73794608769896" />
        <Spot ID="175214" name="ID175214" VISIBILITY="1" RADIUS="6.830134553650705" QUALITY="152.77822875976562" SOURCE_ID="0" POSITION_T="68.0" POSITION_X="1164.3510697068073" POSITION_Y="349.874888078702" FRAME="68" POSITION_Z="313.8085610260738" />
        <Spot ID="112572" name="ID112572" VISIBILITY="1" RADIUS="6.830134553650702" QUALITY="308.8584899902344" SOURCE_ID="0" POSITION_T="68.0" POSITION_X="1178.3810423723567" POSITION_Y="157.2291802972768" FRAME="68" POSITION_Z="265.3968324725108" />
        <Spot ID="109695" name="ID109695" VISIBILITY="1" RADIUS="5.131581182307065" QUALITY="-1.0" SOURCE_ID="0" POSITION_T="68.0" POSITION_X="1162.6826745763142" POSITION_Y="148.8616193326793" FRAME="68" POSITION_Z="273.0493371570653" />
      </SpotsInFrame>
      <SpotsInFrame frame="69">
        <Spot ID="169059" name="ID169059" VISIBILITY="1" RADIUS="5.644739300537772" QUALITY="299.400634765625" SOURCE_ID="0" POSITION_T="69.0" POSITION_X="1158.499337756343" POSITION_Y="372.36178070065284" FRAME="69" CELL_DIVISION_TIME="205.0" POSITION_Z="307.7316747608761" />
        <Spot ID="135812" name="ID135812" VISIBILITY="1" RADIUS="7.513148009015772" QUALITY="125.91221618652344" SOURCE_ID="0" POSITION_T="69.0" POSITION_X="1098.9874221727464" POSITION_Y="396.5110637762977" FRAME="69" CELL_DIVISION_TIME="187.0" POSITION_Z="301.34447324171987" />
        <Spot ID="130873" name="ID130873" VISIBILITY="1" RADIUS="5.131581182307064" QUALITY="-1.0" SOURCE_ID="0" POSITION_T="69.0" POSITION_X="1083.6328752487786" POSITION_Y="381.01427478255493" FRAME="69" POSITION_Z="269.0674813933741" />
        <Spot ID="175240" name="ID175240" VISIBILITY="1" RADIUS="6.830134553650705" QUALITY="147.39491271972656" SOURCE_ID="0" POSITION_T="69.0" POSITION_X="1168.2125912974104" POSITION_Y="350.1162331781147" FRAME="69" POSITION_Z="313.8085610260738" />
        <Spot ID="109674" name="ID109674" VISIBILITY="1" RADIUS="5.131581182307065" QUALITY="-1.0" SOURCE_ID="0" POSITION_T="69.0" POSITION_X="1162.6826745763142" POSITION_Y="149.5140413662065" FRAME="69" POSITION_Z="273.0493371570653" />
        <Spot ID="167417" name="ID167417" VISIBILITY="1" RADIUS="5.644739300537772" QUALITY="-1.0" SOURCE_ID="0" POSITION_T="69.0" POSITION_X="1137.270226032641" POSITION_Y="346.1822891089215" FRAME="69" POSITION_Z="290.45797955014666" />
        <Spot ID="112588" name="ID112588" VISIBILITY="1" RADIUS="6.830134553650702" QUALITY="316.853515625" SOURCE_ID="0" POSITION_T="69.0" POSITION_X="1179.883747537278" POSITION_Y="157.36686742468825" FRAME="69" POSITION_Z="263.4926898090331" />
        <Spot ID="134541" name="ID134541" VISIBILITY="1" RADIUS="6.830134553650701" QUALITY="-1.0" SOURCE_ID="0" POSITION_T="69.0" POSITION_X="1075.2436981349338" POSITION_Y="372.0497798093989" FRAME="69" CELL_DIVISION_TIME="43.0" POSITION_Z="287.4972028697723" />
      </SpotsInFrame>
      <SpotsInFrame frame="70">
        <Spot ID="130736" name="ID130736" VISIBILITY="1" RADIUS="5.131581182307064" QUALITY="-1.0" SOURCE_ID="0" POSITION_T="70.0" POSITION_X="1082.0209550593768" POSITION_Y="380.4433969757897" FRAME="70" POSITION_Z="269.46973383777083" />
        <Spot ID="167408" name="ID167408" VISIBILITY="1" RADIUS="5.644739300537772" QUALITY="-1.0" SOURCE_ID="0" POSITION_T="70.0" POSITION_X="1137.270226032641" POSITION_Y="346.18228910892145" FRAME="70" POSITION_Z="287.81711983610774" />
        <Spot ID="109621" name="ID109621" VISIBILITY="1" RADIUS="5.131581182307065" QUALITY="-1.0" SOURCE_ID="0" POSITION_T="70.0" POSITION_X="1162.6826745763142" POSITION_Y="149.18783034944295" FRAME="70" POSITION_Z="272.07070410677454" />
        <Spot ID="134580" name="ID134580" VISIBILITY="1" RADIUS="6.830134553650701" QUALITY="-1.0" SOURCE_ID="0" POSITION_T="70.0" POSITION_X="1076.7344063656392" POSITION_Y="373.913165097781" FRAME="70" CELL_DIVISION_TIME="43.0" POSITION_Z="287.4972028697723" />
        <Spot ID="135832" name="ID135832" VISIBILITY="1" RADIUS="7.513148009015772" QUALITY="129.8350830078125" SOURCE_ID="0" POSITION_T="70.0" POSITION_X="1101.1926996209777" POSITION_Y="396.67848574006587" FRAME="70" CELL_DIVISION_TIME="187.0" POSITION_Z="299.83061305302544" />
        <Spot ID="175256" name="ID175256" VISIBILITY="1" RADIUS="6.830134553650705" QUALITY="120.57803344726562" SOURCE_ID="0" POSITION_T="70.0" POSITION_X="1168.6927476090536" POSITION_Y="350.11623317811467" FRAME="70" POSITION_Z="313.0883265586087" />
        <Spot ID="112602" name="ID112602" VISIBILITY="1" RADIUS="6.830134553650702" QUALITY="307.1820983886719" SOURCE_ID="0" POSITION_T="70.0" POSITION_X="1178.536287976995" POSITION_Y="156.61002308245833" FRAME="70" POSITION_Z="261.2272439431063" />
        <Spot ID="169071" name="ID169071" VISIBILITY="1" RADIUS="5.644739300537772" QUALITY="300.3637390136719" SOURCE_ID="0" POSITION_T="70.0" POSITION_X="1161.0" POSITION_Y="371.0" FRAME="70" CELL_DIVISION_TIME="205.0" POSITION_Z="305.0" />
      </SpotsInFrame>
      <SpotsInFrame frame="71">
        <Spot ID="135938" name="ID135938" VISIBILITY="1" RADIUS="6.830134553650701" QUALITY="-1.0" SOURCE_ID="0" POSITION_T="71.0" POSITION_X="1105.2921472554185" POSITION_Y="396.30580868238934" FRAME="71" CELL_DIVISION_TIME="187.0" POSITION_Z="299.8306130530255" />
        <Spot ID="175266" name="ID175266" VISIBILITY="1" RADIUS="6.830134553650705" QUALITY="141.6402587890625" SOURCE_ID="0" POSITION_T="71.0" POSITION_X="1169.6530602323403" POSITION_Y="350.1162331781146" FRAME="71" POSITION_Z="311.6478576236784" />
        <Spot ID="134592" name="ID134592" VISIBILITY="1" RADIUS="6.830134553650701" QUALITY="155.3263397216797" SOURCE_ID="0" POSITION_T="71.0" POSITION_X="1077.5303180265198" POSITION_Y="370.0009467740031" FRAME="71" CELL_DIVISION_TIME="43.0" POSITION_Z="284.71876415111984" />
        <Spot ID="112616" name="ID112616" VISIBILITY="1" RADIUS="6.830134553650702" QUALITY="320.5180969238281" SOURCE_ID="0" POSITION_T="71.0" POSITION_X="1180.0635486463884" POSITION_Y="158.90091408654803" FRAME="71" POSITION_Z="261.2272439431064" />
        <Spot ID="109595" name="ID109595" VISIBILITY="1" RADIUS="5.131581182307065" QUALITY="-1.0" SOURCE_ID="0" POSITION_T="71.0" POSITION_X="1162.6826745763142" POSITION_Y="154.0809956008967" FRAME="71" POSITION_Z="271.4182820732474" />
        <Spot ID="167406" name="ID167406" VISIBILITY="1" RADIUS="5.644739300537772" QUALITY="-1.0" SOURCE_ID="0" POSITION_T="71.0" POSITION_X="1138.4706168117496" POSITION_Y="346.1822891089214" FRAME="71" POSITION_Z="287.09688536864263" />
        <Spot ID="169086" name="ID169086" VISIBILITY="1" RADIUS="5.644739300537772" QUALITY="291.92388916015625" SOURCE_ID="0" POSITION_T="71.0" POSITION_X="1162.753528048456" POSITION_Y="372.42080508264274" FRAME="71" CELL_DIVISION_TIME="205.0" POSITION_Z="307.8525249590816" />
        <Spot ID="130735" name="ID130735" VISIBILITY="1" RADIUS="5.131581182307064" QUALITY="-1.0" SOURCE_ID="0" POSITION_T="71.0" POSITION_X="1082.1314266851132" POSITION_Y="379.3968445716778" FRAME="71" POSITION_Z="268.6913682408421" />
      </SpotsInFrame>
      <SpotsInFrame frame="72">
        <Spot ID="112705" name="ID112705" VISIBILITY="1" RADIUS="6.830134553650702" QUALITY="342.628173828125" SOURCE_ID="0" POSITION_T="72.0" POSITION_X="1180.8271789810854" POSITION_Y="158.64637064164916" FRAME="72" POSITION_Z="261.22724394310643" />
        <Spot ID="130690" name="ID130690" VISIBILITY="1" RADIUS="5.131581182307064" QUALITY="-1.0" SOURCE_ID="0" POSITION_T="72.0" POSITION_X="1084.734229748254" POSITION_Y="379.84251415562267" FRAME="72" POSITION_Z="265.3675573180803" />
        <Spot ID="134609" name="ID134609" VISIBILITY="1" RADIUS="6.830134553650701" QUALITY="150.8418426513672" SOURCE_ID="0" POSITION_T="72.0" POSITION_X="1078.976158503353" POSITION_Y="371.86433206238524" FRAME="72" CELL_DIVISION_TIME="43.0" POSITION_Z="281.422357744154" />
        <Spot ID="169105" name="ID169105" VISIBILITY="1" RADIUS="5.644739300537772" QUALITY="267.54498291015625" SOURCE_ID="0" POSITION_T="72.0" POSITION_X="1164.6463061802572" POSITION_Y="372.2585209930254" FRAME="72" CELL_DIVISION_TIME="205.0" POSITION_Z="304.8650966821811" />
        <Spot ID="175287" name="ID175287" VISIBILITY="1" RADIUS="6.830134553650705" QUALITY="155.6315155029297" SOURCE_ID="0" POSITION_T="72.0" POSITION_X="1171.0935291672704" POSITION_Y="350.11623317811456" FRAME="72" POSITION_Z="310.9276231562133" />
        <Spot ID="109559" name="ID109559" VISIBILITY="1" RADIUS="5.131581182307065" QUALITY="-1.0" SOURCE_ID="0" POSITION_T="72.0" POSITION_X="1162.6826745763142" POSITION_Y="152.12372950031522" FRAME="72" POSITION_Z="272.7231261403017" />
        <Spot ID="135962" name="ID135962" VISIBILITY="1" RADIUS="6.830134553650701" QUALITY="-1.0" SOURCE_ID="0" POSITION_T="72.0" POSITION_X="1108.9548210409362" POSITION_Y="397.93686376620735" FRAME="72" CELL_DIVISION_TIME="187.0" POSITION_Z="300.5230914483409" />
        <Spot ID="167405" name="ID167405" VISIBILITY="1" RADIUS="5.644739300537772" QUALITY="-1.0" SOURCE_ID="0" POSITION_T="72.0" POSITION_X="1139.6710075908582" POSITION_Y="346.1822891089213" FRAME="72" POSITION_Z="286.6167290569993" />
      </SpotsInFrame>
      <SpotsInFrame frame="73">
        <Spot ID="169122" name="ID169122" VISIBILITY="1" RADIUS="5.644739300537772" QUALITY="283.20635986328125" SOURCE_ID="0" POSITION_T="73.0" POSITION_X="1167.4245215298367" POSITION_Y="372.4936485845682" FRAME="73" CELL_DIVISION_TIME="205.0" POSITION_Z="303.5158270018181" />
        <Spot ID="109554" name="ID109554" VISIBILITY="1" RADIUS="5.131581182307065" QUALITY="-1.0" SOURCE_ID="0" POSITION_T="73.0" POSITION_X="1162.6826745763142" POSITION_Y="152.44994051707883" FRAME="73" POSITION_Z="274.027970207356" />
        <Spot ID="130619" name="ID130619" VISIBILITY="1" RADIUS="5.131581182307064" QUALITY="-1.0" SOURCE_ID="0" POSITION_T="73.0" POSITION_X="1086.6901005598736" POSITION_Y="378.35086816193143" FRAME="73" POSITION_Z="258.32517336710345" />
        <Spot ID="134633" name="ID134633" VISIBILITY="1" RADIUS="6.830134553650701" QUALITY="176.76022338867188" SOURCE_ID="0" POSITION_T="73.0" POSITION_X="1082.2405165146956" POSITION_Y="374.1003944084438" FRAME="73" CELL_DIVISION_TIME="43.0" POSITION_Z="278.8584860942917" />
        <Spot ID="135999" name="ID135999" VISIBILITY="1" RADIUS="6.830134553650701" QUALITY="-1.0" SOURCE_ID="0" POSITION_T="73.0" POSITION_X="1110.0536231765916" POSITION_Y="395.0009646153351" FRAME="73" CELL_DIVISION_TIME="187.0" POSITION_Z="297.13505207288233" />
        <Spot ID="112719" name="ID112719" VISIBILITY="1" RADIUS="6.830134553650702" QUALITY="404.2630310058594" SOURCE_ID="0" POSITION_T="73.0" POSITION_X="1178.7908314218948" POSITION_Y="155.81426590520172" FRAME="73" POSITION_Z="264.8155651275059" />
        <Spot ID="167404" name="ID167404" VISIBILITY="1" RADIUS="5.644739300537772" QUALITY="-1.0" SOURCE_ID="0" POSITION_T="73.0" POSITION_X="1141.3515546816102" POSITION_Y="346.1822891089212" FRAME="73" POSITION_Z="286.37665090117764" />
        <Spot ID="175324" name="ID175324" VISIBILITY="1" RADIUS="6.830134553650705" QUALITY="150.61778259277344" SOURCE_ID="0" POSITION_T="73.0" POSITION_X="1172.856209544385" POSITION_Y="349.72264290794" FRAME="73" POSITION_Z="311.22213391903847" />
      </SpotsInFrame>
      <SpotsInFrame frame="74">
        <Spot ID="136001" name="ID136001" VISIBILITY="1" RADIUS="6.830134553650701" QUALITY="-1.0" SOURCE_ID="0" POSITION_T="74.0" POSITION_X="1114.082564340661" POSITION_Y="397.6106527494437" FRAME="74" CELL_DIVISION_TIME="187.0" POSITION_Z="297.0148829875178" />
        <Spot ID="134651" name="ID134651" VISIBILITY="1" RADIUS="6.830134553650701" QUALITY="170.22792053222656" SOURCE_ID="0" POSITION_T="74.0" POSITION_X="1085.17065554311" POSITION_Y="374.1003944084438" FRAME="74" CELL_DIVISION_TIME="43.0" POSITION_Z="275.1958123087741" />
        <Spot ID="109531" name="ID109531" VISIBILITY="1" RADIUS="5.131581182307065" QUALITY="-1.0" SOURCE_ID="0" POSITION_T="74.0" POSITION_X="1165.5706770478052" POSITION_Y="152.61948421738973" FRAME="74" POSITION_Z="277.77825303031454" />
        <Spot ID="112730" name="ID112730" VISIBILITY="1" RADIUS="6.830134553650702" QUALITY="348.1247253417969" SOURCE_ID="0" POSITION_T="74.0" POSITION_X="1178.790831421895" POSITION_Y="158.0977430225468" FRAME="74" POSITION_Z="264.48935411074234" />
        <Spot ID="130618" name="ID130618" VISIBILITY="1" RADIUS="5.131581182307064" QUALITY="-1.0" SOURCE_ID="0" POSITION_T="74.0" POSITION_X="1091.1622252519905" POSITION_Y="374.99582591246974" FRAME="74" POSITION_Z="257.02032930004907" />
        <Spot ID="167375" name="ID167375" VISIBILITY="1" RADIUS="5.644739300537772" QUALITY="-1.0" SOURCE_ID="0" POSITION_T="74.0" POSITION_X="1142.311867304897" POSITION_Y="346.18228910892117" FRAME="74" POSITION_Z="283.97586934296044" />
        <Spot ID="175340" name="ID175340" VISIBILITY="1" RADIUS="6.830134553650705" QUALITY="131.31312561035156" SOURCE_ID="0" POSITION_T="74.0" POSITION_X="1172.8036574614155" POSITION_Y="347.1885286917415" FRAME="74" POSITION_Z="305.11158878616124" />
        <Spot ID="169133" name="ID169133" VISIBILITY="1" RADIUS="5.644739300537772" QUALITY="240.96812438964844" SOURCE_ID="0" POSITION_T="74.0" POSITION_X="1169.4168300511153" POSITION_Y="371.23383963518984" FRAME="74" CELL_DIVISION_TIME="205.0" POSITION_Z="303.35797875124166" />
      </SpotsInFrame>
      <SpotsInFrame frame="75">
        <Spot ID="130610" name="ID130610" VISIBILITY="1" RADIUS="5.131581182307064" QUALITY="-1.0" SOURCE_ID="0" POSITION_T="75.0" POSITION_X="1089.2988399636085" POSITION_Y="375.0422919533826" FRAME="75" POSITION_Z="254.41064116594026" />
        <Spot ID="134673" name="ID134673" VISIBILITY="1" RADIUS="6.830134553650701" QUALITY="140.46229553222656" SOURCE_ID="0" POSITION_T="75.0" POSITION_X="1085.17065554311" POSITION_Y="372.842965112676" FRAME="75" CELL_DIVISION_TIME="43.0" POSITION_Z="271.74783797748694" />
        <Spot ID="175361" name="ID175361" VISIBILITY="1" RADIUS="6.830134553650705" QUALITY="176.57408142089844" SOURCE_ID="0" POSITION_T="75.0" POSITION_X="1172.3602089035992" POSITION_Y="348.50592824177454" FRAME="75" POSITION_Z="304.4693056718385" />
        <Spot ID="112742" name="ID112742" VISIBILITY="1" RADIUS="6.830134553650702" QUALITY="287.17822265625" SOURCE_ID="0" POSITION_T="75.0" POSITION_X="1178.790831421895" POSITION_Y="158.42395403931042" FRAME="75" POSITION_Z="265.4679871610331" />
        <Spot ID="169146" name="ID169146" VISIBILITY="1" RADIUS="5.644739300537772" QUALITY="334.74456787109375" SOURCE_ID="0" POSITION_T="75.0" POSITION_X="1167.7418797388925" POSITION_Y="370.24750753285394" FRAME="75" CELL_DIVISION_TIME="205.0" POSITION_Z="303.67379573932425" />
        <Spot ID="109499" name="ID109499" VISIBILITY="1" RADIUS="5.131581182307065" QUALITY="-1.0" SOURCE_ID="0" POSITION_T="75.0" POSITION_X="1164.0417296948726" POSITION_Y="153.0934019667569" FRAME="75" POSITION_Z="278.6815372492621" />
        <Spot ID="136014" name="ID136014" VISIBILITY="1" RADIUS="6.830134553650701" QUALITY="286.2039794921875" SOURCE_ID="0" POSITION_T="75.0" POSITION_X="1114.082564340661" POSITION_Y="397.9368637662073" FRAME="75" CELL_DIVISION_TIME="187.0" POSITION_Z="293.7527728198819" />
        <Spot ID="167374" name="ID167374" VISIBILITY="1" RADIUS="5.644739300537772" QUALITY="-1.0" SOURCE_ID="0" POSITION_T="75.0" POSITION_X="1143.0321017723627" POSITION_Y="346.18228910892105" FRAME="75" POSITION_Z="278.9342280707043" />
      </SpotsInFrame>
      <SpotsInFrame frame="76">
        <Spot ID="130561" name="ID130561" VISIBILITY="1" RADIUS="5.131581182307064" QUALITY="-1.0" SOURCE_ID="0" POSITION_T="76.0" POSITION_X="1090.8270553297943" POSITION_Y="373.7846822157828" FRAME="76" POSITION_Z="251.3322281414621" />
        <Spot ID="167367" name="ID167367" VISIBILITY="1" RADIUS="5.644739300537772" QUALITY="-1.0" SOURCE_ID="0" POSITION_T="76.0" POSITION_X="1143.756137070601" POSITION_Y="346.4236342083337" FRAME="76" POSITION_Z="278.9342280707043" />
        <Spot ID="112758" name="ID112758" VISIBILITY="1" RADIUS="6.830134553650702" QUALITY="309.79449462890625" SOURCE_ID="0" POSITION_T="76.0" POSITION_X="1177.7726576423" POSITION_Y="160.20575815360243" FRAME="76" POSITION_Z="265.46798716103314" />
        <Spot ID="134827" name="ID134827" VISIBILITY="1" RADIUS="6.830134553650701" QUALITY="-1.0" SOURCE_ID="0" POSITION_T="76.0" POSITION_X="1085.17065554311" POSITION_Y="371.5381210456216" FRAME="76" CELL_DIVISION_TIME="43.0" POSITION_Z="270.44299391043256" />
        <Spot ID="169160" name="ID169160" VISIBILITY="1" RADIUS="5.644739300537772" QUALITY="252.75770568847656" SOURCE_ID="0" POSITION_T="76.0" POSITION_X="1168.3595879478016" POSITION_Y="373.594141240637" FRAME="76" CELL_DIVISION_TIME="205.0" POSITION_Z="302.07287149245593" />
        <Spot ID="175384" name="ID175384" VISIBILITY="1" RADIUS="6.830134553650705" QUALITY="172.94610595703125" SOURCE_ID="0" POSITION_T="76.0" POSITION_X="1173.6521346527854" POSITION_Y="351.24061715618654" FRAME="76" POSITION_Z="310.6542990657549" />
        <Spot ID="109485" name="ID109485" VISIBILITY="1" RADIUS="5.131581182307065" QUALITY="-1.0" SOURCE_ID="0" POSITION_T="76.0" POSITION_X="1161.6357280420461" POSITION_Y="154.9492746612816" FRAME="76" POSITION_Z="282.3195740605204" />
        <Spot ID="136029" name="ID136029" VISIBILITY="1" RADIUS="6.830134553650701" QUALITY="248.0382537841797" SOURCE_ID="0" POSITION_T="76.0" POSITION_X="1115.573272571367" POSITION_Y="403.3421041980761" FRAME="76" CELL_DIVISION_TIME="187.0" POSITION_Z="290.1644516354825" />
      </SpotsInFrame>
      <SpotsInFrame frame="77">
        <Spot ID="130560" name="ID130560" VISIBILITY="1" RADIUS="5.131581182307064" QUALITY="-1.0" SOURCE_ID="0" POSITION_T="77.0" POSITION_X="1089.3045438052695" POSITION_Y="374.5924921583896" FRAME="77" POSITION_Z="257.85179952173115" />
        <Spot ID="169188" name="ID169188" VISIBILITY="1" RADIUS="5.644739300537772" QUALITY="264.21014404296875" SOURCE_ID="0" POSITION_T="77.0" POSITION_X="1169.1421225403624" POSITION_Y="373.93563889577456" FRAME="77" CELL_DIVISION_TIME="205.0" POSITION_Z="300.43324748336147" />
        <Spot ID="167365" name="ID167365" VISIBILITY="1" RADIUS="5.644739300537772" QUALITY="-1.0" SOURCE_ID="0" POSITION_T="77.0" POSITION_X="1144.721517468252" POSITION_Y="346.4236342083336" FRAME="77" POSITION_Z="278.9342280707043" />
        <Spot ID="175401" name="ID175401" VISIBILITY="1" RADIUS="6.830134553650705" QUALITY="139.12037658691406" SOURCE_ID="0" POSITION_T="77.0" POSITION_X="1174.5137837593245" POSITION_Y="349.8241668910051" FRAME="77" POSITION_Z="311.7556453427303" />
        <Spot ID="134830" name="ID134830" VISIBILITY="1" RADIUS="6.830134553650701" QUALITY="-1.0" SOURCE_ID="0" POSITION_T="77.0" POSITION_X="1085.17065554311" POSITION_Y="371.95726414421085" FRAME="77" CELL_DIVISION_TIME="43.0" POSITION_Z="267.83330577632387" />
        <Spot ID="109484" name="ID109484" VISIBILITY="1" RADIUS="5.131581182307065" QUALITY="-1.0" SOURCE_ID="0" POSITION_T="77.0" POSITION_X="1163.4054345457112" POSITION_Y="157.49752202884633" FRAME="77" POSITION_Z="282.4887978188751" />
        <Spot ID="112860" name="ID112860" VISIBILITY="1" RADIUS="6.830134553650702" QUALITY="290.7610778808594" SOURCE_ID="0" POSITION_T="77.0" POSITION_X="1179.0453748667946" POSITION_Y="163.4826960947276" FRAME="77" POSITION_Z="269.3825193621962" />
        <Spot ID="136909" name="ID136909" VISIBILITY="1" RADIUS="6.830134553650701" QUALITY="-1.0" SOURCE_ID="0" POSITION_T="77.0" POSITION_X="1117.7932839730445" POSITION_Y="403.0158931813126" FRAME="77" CELL_DIVISION_TIME="187.0" POSITION_Z="291.92314484812084" />
      </SpotsInFrame>
      <SpotsInFrame frame="78">
        <Spot ID="175430" name="ID175430" VISIBILITY="1" RADIUS="6.830134553650705" QUALITY="180.86314392089844" SOURCE_ID="0" POSITION_T="78.0" POSITION_X="1172.890753689581" POSITION_Y="350.6043477049821" FRAME="78" POSITION_Z="310.45080766159447" />
        <Spot ID="134855" name="ID134855" VISIBILITY="1" RADIUS="6.830134553650701" QUALITY="-1.0" SOURCE_ID="0" POSITION_T="78.0" POSITION_X="1086.2886867161394" POSITION_Y="369.7212017981523" FRAME="78" CELL_DIVISION_TIME="43.0" POSITION_Z="267.8333057763239" />
        <Spot ID="167364" name="ID167364" VISIBILITY="1" RADIUS="5.644739300537772" QUALITY="-1.0" SOURCE_ID="0" POSITION_T="78.0" POSITION_X="1144.238827269427" POSITION_Y="347.14766950657156" FRAME="78" POSITION_Z="278.9342280707043" />
        <Spot ID="112873" name="ID112873" VISIBILITY="1" RADIUS="6.830134553650702" QUALITY="329.62615966796875" SOURCE_ID="0" POSITION_T="78.0" POSITION_X="1180.2063681576362" POSITION_Y="164.5008698743231" FRAME="78" POSITION_Z="269.01625198364445" />
        <Spot ID="169208" name="ID169208" VISIBILITY="1" RADIUS="5.644739300537772" QUALITY="280.2733459472656" SOURCE_ID="0" POSITION_T="78.0" POSITION_X="1169.4961336399542" POSITION_Y="374.7283446172173" FRAME="78" CELL_DIVISION_TIME="205.0" POSITION_Z="302.8061102825638" />
        <Spot ID="136953" name="ID136953" VISIBILITY="1" RADIUS="6.830134553650701" QUALITY="-1.0" SOURCE_ID="0" POSITION_T="78.0" POSITION_X="1118.8920861087" POSITION_Y="403.01589318131266" FRAME="78" CELL_DIVISION_TIME="187.0" POSITION_Z="289.72554057681026" />
        <Spot ID="130559" name="ID130559" VISIBILITY="1" RADIUS="5.131581182307064" QUALITY="-1.0" SOURCE_ID="0" POSITION_T="78.0" POSITION_X="1090.0532798211623" POSITION_Y="375.2189827248899" FRAME="78" POSITION_Z="255.8933518752014" />
        <Spot ID="109470" name="ID109470" VISIBILITY="1" RADIUS="5.131581182307065" QUALITY="-1.0" SOURCE_ID="0" POSITION_T="78.0" POSITION_X="1162.1257630126297" POSITION_Y="160.8037610464675" FRAME="78" POSITION_Z="282.4580862261216" />
      </SpotsInFrame>
      <SpotsInFrame frame="79">
        <Spot ID="167363" name="ID167363" VISIBILITY="1" RADIUS="5.644739300537772" QUALITY="-1.0" SOURCE_ID="0" POSITION_T="79.0" POSITION_X="1148.10034886003" POSITION_Y="348.1130499042223" FRAME="79" POSITION_Z="278.9342280707043" />
        <Spot ID="130531" name="ID130531" VISIBILITY="1" RADIUS="5.131581182307064" QUALITY="-1.0" SOURCE_ID="0" POSITION_T="79.0" POSITION_X="1092.1445861893096" POSITION_Y="376.7637844478642" FRAME="79" POSITION_Z="252.9488652828322" />
        <Spot ID="109444" name="ID109444" VISIBILITY="1" RADIUS="5.131581182307065" QUALITY="-1.0" SOURCE_ID="0" POSITION_T="79.0" POSITION_X="1162.1257630126297" POSITION_Y="159.49891697941317" FRAME="79" POSITION_Z="288.6560955446297" />
        <Spot ID="134932" name="ID134932" VISIBILITY="1" RADIUS="6.830134553650701" QUALITY="-1.0" SOURCE_ID="0" POSITION_T="79.0" POSITION_X="1087.0340408314923" POSITION_Y="371.58458708653444" FRAME="79" CELL_DIVISION_TIME="43.0" POSITION_Z="267.8333057763239" />
        <Spot ID="136964" name="ID136964" VISIBILITY="1" RADIUS="6.830134553650701" QUALITY="-1.0" SOURCE_ID="0" POSITION_T="79.0" POSITION_X="1118.8920861086997" POSITION_Y="402.3634711477855" FRAME="79" CELL_DIVISION_TIME="187.0" POSITION_Z="287.44206345946515" />
        <Spot ID="175444" name="ID175444" VISIBILITY="1" RADIUS="6.830134553650705" QUALITY="201.4158935546875" SOURCE_ID="0" POSITION_T="79.0" POSITION_X="1173.2856913653966" POSITION_Y="350.892753389857" FRAME="79" POSITION_Z="311.1137635211638" />
        <Spot ID="112886" name="ID112886" VISIBILITY="1" RADIUS="6.830134553650702" QUALITY="270.515380859375" SOURCE_ID="0" POSITION_T="79.0" POSITION_X="1178.0087638863258" POSITION_Y="164.50086987432312" FRAME="79" POSITION_Z="273.77772790481737" />
        <Spot ID="169221" name="ID169221" VISIBILITY="1" RADIUS="5.644739300537772" QUALITY="308.94140625" SOURCE_ID="0" POSITION_T="79.0" POSITION_X="1169.8943660946484" POSITION_Y="376.3270904864704" FRAME="79" CELL_DIVISION_TIME="205.0" POSITION_Z="304.0715312444526" />
      </SpotsInFrame>
      <SpotsInFrame frame="80">
        <Spot ID="167362" name="ID167362" VISIBILITY="1" RADIUS="5.644739300537772" QUALITY="-1.0" SOURCE_ID="0" POSITION_T="80.0" POSITION_X="1150.7551449535697" POSITION_Y="346.4236342083335" FRAME="80" POSITION_Z="278.9342280707043" />
        <Spot ID="169234" name="ID169234" VISIBILITY="1" RADIUS="5.644739300537772" QUALITY="347.5733337402344" SOURCE_ID="0" POSITION_T="80.0" POSITION_X="1169.8967276046928" POSITION_Y="378.16624647523093" FRAME="80" CELL_DIVISION_TIME="205.0" POSITION_Z="298.5967829040377" />
        <Spot ID="130530" name="ID130530" VISIBILITY="1" RADIUS="5.131581182307064" QUALITY="-1.0" SOURCE_ID="0" POSITION_T="80.0" POSITION_X="1093.1564261617998" POSITION_Y="377.58112809067023" FRAME="80" POSITION_Z="250.66303610627494" />
        <Spot ID="112901" name="ID112901" VISIBILITY="1" RADIUS="6.830134553650702" QUALITY="340.5319519042969" SOURCE_ID="0" POSITION_T="80.0" POSITION_X="1178.7412986434294" POSITION_Y="164.50086987432314" FRAME="80" POSITION_Z="276.70786693323146" />
        <Spot ID="175462" name="ID175462" VISIBILITY="1" RADIUS="6.830134553650705" QUALITY="180.40614318847656" SOURCE_ID="0" POSITION_T="80.0" POSITION_X="1174.4221732523365" POSITION_Y="353.21417015344315" FRAME="80" POSITION_Z="308.41698320379015" />
        <Spot ID="136971" name="ID136971" VISIBILITY="1" RADIUS="6.830134553650701" QUALITY="-1.0" SOURCE_ID="0" POSITION_T="80.0" POSITION_X="1121.5008255124349" POSITION_Y="403.85417937849127" FRAME="80" CELL_DIVISION_TIME="187.0" POSITION_Z="287.4420634594652" />
        <Spot ID="109439" name="ID109439" VISIBILITY="1" RADIUS="5.131581182307065" QUALITY="-1.0" SOURCE_ID="0" POSITION_T="80.0" POSITION_X="1164.4166540167196" POSITION_Y="159.90420945478616" FRAME="80" POSITION_Z="291.59199469550197" />
        <Spot ID="134956" name="ID134956" VISIBILITY="1" RADIUS="6.830134553650701" QUALITY="-1.0" SOURCE_ID="0" POSITION_T="80.0" POSITION_X="1089.270103177551" POSITION_Y="372.70261825956374" FRAME="80" CELL_DIVISION_TIME="43.0" POSITION_Z="267.8333057763239" />
      </SpotsInFrame>
      <SpotsInFrame frame="81">
        <Spot ID="169250" name="ID169250" VISIBILITY="1" RADIUS="5.644739300537772" QUALITY="303.5912780761719" SOURCE_ID="0" POSITION_T="81.0" POSITION_X="1170.1997165779658" POSITION_Y="378.7210878696953" FRAME="81" CELL_DIVISION_TIME="205.0" POSITION_Z="296.01538119164667" />
        <Spot ID="130496" name="ID130496" VISIBILITY="1" RADIUS="5.131581182307064" QUALITY="-1.0" SOURCE_ID="0" POSITION_T="81.0" POSITION_X="1091.800330524912" POSITION_Y="376.68079404672375" FRAME="81" POSITION_Z="251.32364069996527" />
        <Spot ID="112914" name="ID112914" VISIBILITY="1" RADIUS="6.830134553650702" QUALITY="323.35760498046875" SOURCE_ID="0" POSITION_T="81.0" POSITION_X="1181.0817224259863" POSITION_Y="166.77916888787706" FRAME="81" POSITION_Z="278.61706720551985" />
        <Spot ID="167361" name="ID167361" VISIBILITY="1" RADIUS="5.644739300537772" QUALITY="-1.0" SOURCE_ID="0" POSITION_T="81.0" POSITION_X="1147.8590037606177" POSITION_Y="348.59574010304766" FRAME="81" POSITION_Z="278.9342280707043" />
        <Spot ID="175476" name="ID175476" VISIBILITY="1" RADIUS="6.830134553650705" QUALITY="170.64877319335938" SOURCE_ID="0" POSITION_T="81.0" POSITION_X="1172.4882872482322" POSITION_Y="356.48684147060095" FRAME="81" POSITION_Z="305.51308638764993" />
        <Spot ID="137163" name="ID137163" VISIBILITY="1" RADIUS="6.830134553650701" QUALITY="-1.0" SOURCE_ID="0" POSITION_T="81.0" POSITION_X="1121.5008255124346" POSITION_Y="404.5066014120184" FRAME="81" CELL_DIVISION_TIME="187.0" POSITION_Z="283.2013202415386" />
        <Spot ID="109419" name="ID109419" VISIBILITY="1" RADIUS="5.131581182307065" QUALITY="-1.0" SOURCE_ID="0" POSITION_T="81.0" POSITION_X="1165.434827796315" POSITION_Y="162.70418734867363" FRAME="81" POSITION_Z="291.59199469550197" />
        <Spot ID="134988" name="ID134988" VISIBILITY="1" RADIUS="6.830134553650701" QUALITY="-1.0" SOURCE_ID="0" POSITION_T="81.0" POSITION_X="1091.133488465933" POSITION_Y="371.21191002885803" FRAME="81" CELL_DIVISION_TIME="43.0" POSITION_Z="267.8333057763239" />
      </SpotsInFrame>
      <SpotsInFrame frame="82">
        <Spot ID="167360" name="ID167360" VISIBILITY="1" RADIUS="5.644739300537772" QUALITY="-1.0" SOURCE_ID="0" POSITION_T="82.0" POSITION_X="1146.1695880647292" POSITION_Y="348.3543950036349" FRAME="82" POSITION_Z="278.9342280707043" />
        <Spot ID="135009" name="ID135009" VISIBILITY="1" RADIUS="6.830134553650701" QUALITY="-1.0" SOURCE_ID="0" POSITION_T="82.0" POSITION_X="1090.0346863302775" POSITION_Y="374.93868060562227" FRAME="82" CELL_DIVISION_TIME="43.0" POSITION_Z="267.4670383977722" />
        <Spot ID="109384" name="ID109384" VISIBILITY="1" RADIUS="6.2092132305915495" QUALITY="-1.0" SOURCE_ID="0" POSITION_T="82.0" POSITION_X="1167.216631910607" POSITION_Y="164.45386462040565" FRAME="82" POSITION_Z="293.22304977931987" />
        <Spot ID="113064" name="ID113064" VISIBILITY="1" RADIUS="6.830134553650702" QUALITY="313.7718505859375" SOURCE_ID="0" POSITION_T="82.0" POSITION_X="1182.7631441594085" POSITION_Y="169.26650259429786" FRAME="82" POSITION_Z="282.24945653507126" />
        <Spot ID="169275" name="ID169275" VISIBILITY="1" RADIUS="5.644739300537772" QUALITY="271.2221374511719" SOURCE_ID="0" POSITION_T="82.0" POSITION_X="1169.6771611035444" POSITION_Y="380.45215036627667" FRAME="82" CELL_DIVISION_TIME="205.0" POSITION_Z="298.1003213007073" />
        <Spot ID="175496" name="ID175496" VISIBILITY="1" RADIUS="6.830134553650705" QUALITY="147.1983184814453" SOURCE_ID="0" POSITION_T="82.0" POSITION_X="1170.9946807578617" POSITION_Y="357.0030420452579" FRAME="82" POSITION_Z="307.71264911864523" />
        <Spot ID="130495" name="ID130495" VISIBILITY="1" RADIUS="5.131581182307064" QUALITY="-1.0" SOURCE_ID="0" POSITION_T="82.0" POSITION_X="1091.7191788171112" POSITION_Y="379.24006988913254" FRAME="82" POSITION_Z="250.26327601183547" />
        <Spot ID="137165" name="ID137165" VISIBILITY="1" RADIUS="6.830134553650701" QUALITY="-1.0" SOURCE_ID="0" POSITION_T="82.0" POSITION_X="1120.7682907553312" POSITION_Y="404.5066014120186" FRAME="82" CELL_DIVISION_TIME="187.0" POSITION_Z="285.39892451284925" />
      </SpotsInFrame>
      <SpotsInFrame frame="83">
        <Spot ID="167346" name="ID167346" VISIBILITY="1" RADIUS="5.644739300537772" QUALITY="-1.0" SOURCE_ID="0" POSITION_T="83.0" POSITION_X="1147.6176586612053" POSITION_Y="349.31977540128565" FRAME="83" POSITION_Z="278.9342280707043" />
        <Spot ID="113076" name="ID113076" VISIBILITY="1" RADIUS="6.830134553650702" QUALITY="332.00177001953125" SOURCE_ID="0" POSITION_T="83.0" POSITION_X="1183.7635530244636" POSITION_Y="171.02460340006454" FRAME="83" POSITION_Z="286.8624604417587" />
        <Spot ID="169287" name="ID169287" VISIBILITY="1" RADIUS="5.644739300537772" QUALITY="298.4977111816406" SOURCE_ID="0" POSITION_T="83.0" POSITION_X="1167.6461684533097" POSITION_Y="382.1860209204256" FRAME="83" CELL_DIVISION_TIME="205.0" POSITION_Z="296.09460970155857" />
        <Spot ID="130486" name="ID130486" VISIBILITY="1" RADIUS="5.131581182307064" QUALITY="-1.0" SOURCE_ID="0" POSITION_T="83.0" POSITION_X="1091.982282773709" POSITION_Y="379.4309229654383" FRAME="83" POSITION_Z="249.93589448180796" />
        <Spot ID="135029" name="ID135029" VISIBILITY="1" RADIUS="6.830134553650701" QUALITY="-1.0" SOURCE_ID="0" POSITION_T="83.0" POSITION_X="1092.59855798014" POSITION_Y="374.93868060562227" FRAME="83" CELL_DIVISION_TIME="43.0" POSITION_Z="266.73450364066883" />
        <Spot ID="137189" name="ID137189" VISIBILITY="1" RADIUS="6.830134553650701" QUALITY="-1.0" SOURCE_ID="0" POSITION_T="83.0" POSITION_X="1120.7682907553312" POSITION_Y="407.8142288901938" FRAME="83" CELL_DIVISION_TIME="187.0" POSITION_Z="283.76786942903146" />
        <Spot ID="175515" name="ID175515" VISIBILITY="1" RADIUS="6.830134553650705" QUALITY="165.6015625" SOURCE_ID="0" POSITION_T="83.0" POSITION_X="1170.5908689329822" POSITION_Y="357.7431353343186" FRAME="83" POSITION_Z="308.4718429040765" />
        <Spot ID="109373" name="ID109373" VISIBILITY="1" RADIUS="6.2092132305915495" QUALITY="-1.0" SOURCE_ID="0" POSITION_T="83.0" POSITION_X="1164.162110571821" POSITION_Y="167.90626454782026" FRAME="83" POSITION_Z="295.83273791342856" />
      </SpotsInFrame>
      <SpotsInFrame frame="84">
        <Spot ID="109360" name="ID109360" VISIBILITY="1" RADIUS="6.2092132305915495" QUALITY="-1.0" SOURCE_ID="0" POSITION_T="84.0" POSITION_X="1163.907567126922" POSITION_Y="171.46987277640432" FRAME="84" POSITION_Z="295.83273791342856" />
        <Spot ID="130482" name="ID130482" VISIBILITY="1" RADIUS="5.131581182307064" QUALITY="-1.0" SOURCE_ID="0" POSITION_T="84.0" POSITION_X="1092.1642350225063" POSITION_Y="379.7296387169098" FRAME="84" POSITION_Z="247.655906838886" />
        <Spot ID="135041" name="ID135041" VISIBILITY="1" RADIUS="6.830134553650701" QUALITY="-1.0" SOURCE_ID="0" POSITION_T="84.0" POSITION_X="1093.3310927372436" POSITION_Y="374.93868060562227" FRAME="84" CELL_DIVISION_TIME="43.0" POSITION_Z="265.6357015050136" />
        <Spot ID="175530" name="ID175530" VISIBILITY="1" RADIUS="6.830134553650705" QUALITY="168.04747009277344" SOURCE_ID="0" POSITION_T="84.0" POSITION_X="1169.142798336506" POSITION_Y="358.22582553314396" FRAME="84" POSITION_Z="308.4718429040765" />
        <Spot ID="113083" name="ID113083" VISIBILITY="1" RADIUS="6.830134553650702" QUALITY="356.36907958984375" SOURCE_ID="0" POSITION_T="84.0" POSITION_X="1183.7635530244638" POSITION_Y="174.93913560122758" FRAME="84" POSITION_Z="287.8410934920494" />
        <Spot ID="137240" name="ID137240" VISIBILITY="1" RADIUS="6.830134553650701" QUALITY="-1.0" SOURCE_ID="0" POSITION_T="84.0" POSITION_X="1120.768290755331" POSITION_Y="410.7501280410661" FRAME="84" CELL_DIVISION_TIME="187.0" POSITION_Z="282.7892363787407" />
        <Spot ID="169305" name="ID169305" VISIBILITY="1" RADIUS="5.644739300537772" QUALITY="283.2200012207031" SOURCE_ID="0" POSITION_T="84.0" POSITION_X="1166.3692021793686" POSITION_Y="384.919932791791" FRAME="84" CELL_DIVISION_TIME="205.0" POSITION_Z="298.7862362746302" />
        <Spot ID="167326" name="ID167326" VISIBILITY="1" RADIUS="5.644739300537772" QUALITY="-1.0" SOURCE_ID="0" POSITION_T="84.0" POSITION_X="1140.618650778238" POSITION_Y="351.0091910971743" FRAME="84" POSITION_Z="278.9342280707043" />
      </SpotsInFrame>
      <SpotsInFrame frame="85">
        <Spot ID="135043" name="ID135043" VISIBILITY="1" RADIUS="6.830134553650701" QUALITY="-1.0" SOURCE_ID="0" POSITION_T="85.0" POSITION_X="1091.4997558444848" POSITION_Y="374.93868060562227" FRAME="85" CELL_DIVISION_TIME="43.0" POSITION_Z="265.6357015050136" />
        <Spot ID="113091" name="ID113091" VISIBILITY="1" RADIUS="6.830134553650702" QUALITY="284.6203308105469" SOURCE_ID="0" POSITION_T="85.0" POSITION_X="1183.763553024464" POSITION_Y="175.91776865151837" FRAME="85" POSITION_Z="288.49351552557664" />
        <Spot ID="175553" name="ID175553" VISIBILITY="1" RADIUS="6.830134553650705" QUALITY="163.1402587890625" SOURCE_ID="0" POSITION_T="85.0" POSITION_X="1167.024835360964" POSITION_Y="357.9273681113987" FRAME="85" POSITION_Z="310.30514252926116" />
        <Spot ID="169318" name="ID169318" VISIBILITY="1" RADIUS="5.644739300537772" QUALITY="262.4684143066406" SOURCE_ID="0" POSITION_T="85.0" POSITION_X="1163.7663790277225" POSITION_Y="384.22280099621474" FRAME="85" CELL_DIVISION_TIME="205.0" POSITION_Z="303.0760108763656" />
        <Spot ID="130459" name="ID130459" VISIBILITY="1" RADIUS="5.131581182307064" QUALITY="-1.0" SOURCE_ID="0" POSITION_T="85.0" POSITION_X="1092.4552496314268" POSITION_Y="374.9413459587554" FRAME="85" POSITION_Z="243.90048972613994" />
        <Spot ID="109357" name="ID109357" VISIBILITY="1" RADIUS="6.2092132305915495" QUALITY="-1.0" SOURCE_ID="0" POSITION_T="85.0" POSITION_X="1163.9075671269225" POSITION_Y="171.79608379316787" FRAME="85" POSITION_Z="299.09484808106436" />
        <Spot ID="137244" name="ID137244" VISIBILITY="1" RADIUS="6.830134553650701" QUALITY="-1.0" SOURCE_ID="0" POSITION_T="85.0" POSITION_X="1119.6502595823017" POSITION_Y="407.3960345219784" FRAME="85" CELL_DIVISION_TIME="187.0" POSITION_Z="282.78923637874084" />
        <Spot ID="167309" name="ID167309" VISIBILITY="1" RADIUS="6.2092132305915495" QUALITY="-1.0" SOURCE_ID="0" POSITION_T="85.0" POSITION_X="1136.7571291876352" POSITION_Y="352.698606793063" FRAME="85" POSITION_Z="277.9739154474175" />
      </SpotsInFrame>
      <SpotsInFrame frame="86">
        <Spot ID="167296" name="ID167296" VISIBILITY="1" RADIUS="6.2092132305915495" QUALITY="-1.0" SOURCE_ID="0" POSITION_T="86.0" POSITION_X="1135.791748789985" POSITION_Y="354.0503877941919" FRAME="86" POSITION_Z="276.78344525326014" />
        <Spot ID="169329" name="ID169329" VISIBILITY="1" RADIUS="5.644739300537772" QUALITY="341.87646484375" SOURCE_ID="0" POSITION_T="86.0" POSITION_X="1163.150410413993" POSITION_Y="383.1951715254944" FRAME="86" CELL_DIVISION_TIME="205.0" POSITION_Z="300.6918056314191" />
        <Spot ID="135044" name="ID135044" VISIBILITY="1" RADIUS="6.830134553650701" QUALITY="-1.0" SOURCE_ID="0" POSITION_T="86.0" POSITION_X="1090.7672210873814" POSITION_Y="374.93868060562227" FRAME="86" CELL_DIVISION_TIME="43.0" POSITION_Z="263.07182985515135" />
        <Spot ID="109241" name="ID109241" VISIBILITY="1" RADIUS="6.2092132305915495" QUALITY="-1.0" SOURCE_ID="0" POSITION_T="86.0" POSITION_X="1163.8721114119462" POSITION_Y="172.15296250702022" FRAME="86" POSITION_Z="297.67435198556336" />
        <Spot ID="130458" name="ID130458" VISIBILITY="1" RADIUS="5.131581182307064" QUALITY="-1.0" SOURCE_ID="0" POSITION_T="86.0" POSITION_X="1090.2222517310997" POSITION_Y="375.6017243138265" FRAME="86" POSITION_Z="244.26538474943345" />
        <Spot ID="137247" name="ID137247" VISIBILITY="1" RADIUS="6.830134553650701" QUALITY="-1.0" SOURCE_ID="0" POSITION_T="86.0" POSITION_X="1120.0229366399783" POSITION_Y="410.1441720484519" FRAME="86" CELL_DIVISION_TIME="187.0" POSITION_Z="285.7251355296131" />
        <Spot ID="175564" name="ID175564" VISIBILITY="1" RADIUS="6.830134553650705" QUALITY="176.38916015625" SOURCE_ID="0" POSITION_T="86.0" POSITION_X="1166.7834902615514" POSITION_Y="357.686023011986" FRAME="86" POSITION_Z="310.30514252926116" />
        <Spot ID="113102" name="ID113102" VISIBILITY="1" RADIUS="6.830134553650702" QUALITY="277.3168640136719" SOURCE_ID="0" POSITION_T="86.0" POSITION_X="1183.7635530244643" POSITION_Y="175.26534661799124" FRAME="86" POSITION_Z="289.1459375591038" />
      </SpotsInFrame>
      <SpotsInFrame frame="87">
        <Spot ID="135058" name="ID135058" VISIBILITY="1" RADIUS="6.830134553650701" QUALITY="-1.0" SOURCE_ID="0" POSITION_T="87.0" POSITION_X="1088.9064563411393" POSITION_Y="375.00249386928317" FRAME="87" CELL_DIVISION_TIME="43.0" POSITION_Z="261.1187772309656" />
        <Spot ID="130451" name="ID130451" VISIBILITY="1" RADIUS="5.131581182307064" QUALITY="-1.0" SOURCE_ID="0" POSITION_T="87.0" POSITION_X="1087.2707333270378" POSITION_Y="374.89464965059057" FRAME="87" POSITION_Z="243.03672828326296" />
        <Spot ID="175584" name="ID175584" VISIBILITY="1" RADIUS="6.830134553650705" QUALITY="199.99415588378906" SOURCE_ID="0" POSITION_T="87.0" POSITION_X="1164.85272946625" POSITION_Y="360.09947400611276" FRAME="87" POSITION_Z="310.30514252926116" />
        <Spot ID="109252" name="ID109252" VISIBILITY="1" RADIUS="6.2092132305915495" QUALITY="319.2852478027344" SOURCE_ID="0" POSITION_T="87.0" POSITION_X="1162.0418543495496" POSITION_Y="175.17640776396502" FRAME="87" POSITION_Z="299.28852638390237" />
        <Spot ID="137256" name="ID137256" VISIBILITY="1" RADIUS="6.830134553650701" QUALITY="-1.0" SOURCE_ID="0" POSITION_T="87.0" POSITION_X="1120.0229366399778" POSITION_Y="416.6683923837236" FRAME="87" CELL_DIVISION_TIME="187.0" POSITION_Z="285.3989245128496" />
        <Spot ID="169353" name="ID169353" VISIBILITY="1" RADIUS="5.644739300537772" QUALITY="322.9601745605469" SOURCE_ID="0" POSITION_T="87.0" POSITION_X="1161.8429374475502" POSITION_Y="384.8603913207215" FRAME="87" CELL_DIVISION_TIME="205.0" POSITION_Z="300.5830475668097" />
        <Spot ID="113181" name="ID113181" VISIBILITY="1" RADIUS="6.830134553650702" QUALITY="271.5367126464844" SOURCE_ID="0" POSITION_T="87.0" POSITION_X="1181.981748910172" POSITION_Y="176.2365657815374" FRAME="87" POSITION_Z="292.73425874350323" />
        <Spot ID="167295" name="ID167295" VISIBILITY="1" RADIUS="6.2092132305915495" QUALITY="-1.0" SOURCE_ID="0" POSITION_T="87.0" POSITION_X="1133.6196428952712" POSITION_Y="354.0503877941918" FRAME="87" POSITION_Z="276.78344525326" />
      </SpotsInFrame>
      <SpotsInFrame frame="88">
        <Spot ID="167286" name="ID167286" VISIBILITY="1" RADIUS="6.2092132305915495" QUALITY="-1.0" SOURCE_ID="0" POSITION_T="88.0" POSITION_X="1133.136952696446" POSITION_Y="353.32635249595364" FRAME="88" POSITION_Z="276.78344525325997" />
        <Spot ID="130439" name="ID130439" VISIBILITY="1" RADIUS="5.131581182307064" QUALITY="-1.0" SOURCE_ID="0" POSITION_T="88.0" POSITION_X="1088.0415318360263" POSITION_Y="374.0551421057248" FRAME="88" POSITION_Z="240.4606919720248" />
        <Spot ID="135082" name="ID135082" VISIBILITY="1" RADIUS="6.830134553650701" QUALITY="-1.0" SOURCE_ID="0" POSITION_T="88.0" POSITION_X="1089.5085353900545" POSITION_Y="373.2626502965869" FRAME="88" CELL_DIVISION_TIME="43.0" POSITION_Z="260.19006332282567" />
        <Spot ID="175674" name="ID175674" VISIBILITY="1" RADIUS="6.830134553650705" QUALITY="199.9262237548828" SOURCE_ID="0" POSITION_T="88.0" POSITION_X="1164.85272946625" POSITION_Y="359.9010623070866" FRAME="88" POSITION_Z="308.1226138399728" />
        <Spot ID="169368" name="ID169368" VISIBILITY="1" RADIUS="5.644739300537772" QUALITY="335.51025390625" SOURCE_ID="0" POSITION_T="88.0" POSITION_X="1163.278823341138" POSITION_Y="384.8737207768311" FRAME="88" CELL_DIVISION_TIME="205.0" POSITION_Z="300.7749244317919" />
        <Spot ID="113194" name="ID113194" VISIBILITY="1" RADIUS="6.830134553650702" QUALITY="238.73277282714844" SOURCE_ID="0" POSITION_T="88.0" POSITION_X="1181.9817489101722" POSITION_Y="176.88898781506458" FRAME="88" POSITION_Z="293.3866807770304" />
        <Spot ID="137262" name="ID137262" VISIBILITY="1" RADIUS="6.830134553650701" QUALITY="-1.0" SOURCE_ID="0" POSITION_T="88.0" POSITION_X="1121.513644870684" POSITION_Y="414.43233003766517" FRAME="88" CELL_DIVISION_TIME="187.0" POSITION_Z="285.3989245128497" />
        <Spot ID="109262" name="ID109262" VISIBILITY="1" RADIUS="6.2092132305915495" QUALITY="357.32049560546875" SOURCE_ID="0" POSITION_T="88.0" POSITION_X="1162.270636482349" POSITION_Y="176.6896258926846" FRAME="88" POSITION_Z="299.52336068344573" />
      </SpotsInFrame>
      <SpotsInFrame frame="89">
        <Spot ID="135106" name="ID135106" VISIBILITY="1" RADIUS="6.830134553650701" QUALITY="-1.0" SOURCE_ID="0" POSITION_T="89.0" POSITION_X="1092.7249165837172" POSITION_Y="371.0712156087446" FRAME="89" CELL_DIVISION_TIME="43.0" POSITION_Z="261.6767536789889" />
        <Spot ID="137266" name="ID137266" VISIBILITY="1" RADIUS="6.830134553650701" QUALITY="-1.0" SOURCE_ID="0" POSITION_T="89.0" POSITION_X="1120.3956136976547" POSITION_Y="416.2957153260473" FRAME="89" CELL_DIVISION_TIME="187.0" POSITION_Z="285.3989245128497" />
        <Spot ID="169382" name="ID169382" VISIBILITY="1" RADIUS="5.644739300537772" QUALITY="266.8431701660156" SOURCE_ID="0" POSITION_T="89.0" POSITION_X="1162.120199694698" POSITION_Y="385.4797855937961" FRAME="89" CELL_DIVISION_TIME="205.0" POSITION_Z="302.0550982368241" />
        <Spot ID="113204" name="ID113204" VISIBILITY="1" RADIUS="6.830134553650702" QUALITY="246.791259765625" SOURCE_ID="0" POSITION_T="89.0" POSITION_X="1180.9635751305766" POSITION_Y="180.1980525987497" FRAME="89" POSITION_Z="293.3866807770304" />
        <Spot ID="130424" name="ID130424" VISIBILITY="1" RADIUS="5.131581182307064" QUALITY="-1.0" SOURCE_ID="0" POSITION_T="89.0" POSITION_X="1088.4263633543237" POSITION_Y="374.08420116928187" FRAME="89" POSITION_Z="243.06221961133895" />
        <Spot ID="175688" name="ID175688" VISIBILITY="1" RADIUS="6.830134553650705" QUALITY="171.1849822998047" SOURCE_ID="0" POSITION_T="89.0" POSITION_X="1164.85272946625" POSITION_Y="360.2978857051391" FRAME="89" POSITION_Z="307.7257904419204" />
        <Spot ID="109274" name="ID109274" VISIBILITY="1" RADIUS="6.2092132305915495" QUALITY="344.41033935546875" SOURCE_ID="0" POSITION_T="89.0" POSITION_X="1163.6433292791467" POSITION_Y="178.5763687909967" FRAME="89" POSITION_Z="299.27183180782214" />
        <Spot ID="167276" name="ID167276" VISIBILITY="1" RADIUS="6.2092132305915495" QUALITY="-1.0" SOURCE_ID="0" POSITION_T="89.0" POSITION_X="1135.067713491748" POSITION_Y="355.49845839066757" FRAME="89" POSITION_Z="276.78344525325986" />
      </SpotsInFrame>
      <SpotsInFrame frame="90">
        <Spot ID="135170" name="ID135170" VISIBILITY="1" RADIUS="6.830134553650701" QUALITY="-1.0" SOURCE_ID="0" POSITION_T="90.0" POSITION_X="1092.559610984113" POSITION_Y="370.26252870656424" FRAME="90" CELL_DIVISION_TIME="43.0" POSITION_Z="260.7639922450671" />
        <Spot ID="137267" name="ID137267" VISIBILITY="1" RADIUS="6.830134553650701" QUALITY="-1.0" SOURCE_ID="0" POSITION_T="90.0" POSITION_X="1118.9049054669488" POSITION_Y="416.38959613824676" FRAME="90" CELL_DIVISION_TIME="187.0" POSITION_Z="282.78923637874107" />
        <Spot ID="113221" name="ID113221" VISIBILITY="1" RADIUS="6.830134553650702" QUALITY="268.7341613769531" SOURCE_ID="0" POSITION_T="90.0" POSITION_X="1178.4181406815876" POSITION_Y="182.74348704773826" FRAME="90" POSITION_Z="293.3866807770304" />
        <Spot ID="130229" name="ID130229" VISIBILITY="1" RADIUS="6.209213230591548" QUALITY="-1.0" SOURCE_ID="0" POSITION_T="90.0" POSITION_X="1088.4263633543237" POSITION_Y="374.08420116928187" FRAME="90" POSITION_Z="243.87532677215947" />
        <Spot ID="169398" name="ID169398" VISIBILITY="1" RADIUS="5.644739300537772" QUALITY="319.6005859375" SOURCE_ID="0" POSITION_T="90.0" POSITION_X="1159.4448714314995" POSITION_Y="387.210901235355" FRAME="90" CELL_DIVISION_TIME="205.0" POSITION_Z="303.69066274442173" />
        <Spot ID="175702" name="ID175702" VISIBILITY="1" RADIUS="6.830134553650705" QUALITY="163.14218139648438" SOURCE_ID="0" POSITION_T="90.0" POSITION_X="1164.85272946625" POSITION_Y="359.3058272100081" FRAME="90" POSITION_Z="311.0987893253662" />
        <Spot ID="109289" name="ID109289" VISIBILITY="1" RADIUS="6.2092132305915495" QUALITY="371.27313232421875" SOURCE_ID="0" POSITION_T="90.0" POSITION_X="1162.7282007479484" POSITION_Y="180.70814020171096" FRAME="90" POSITION_Z="300.22206854775743" />
        <Spot ID="167260" name="ID167260" VISIBILITY="1" RADIUS="6.2092132305915495" QUALITY="-1.0" SOURCE_ID="0" POSITION_T="90.0" POSITION_X="1134.5875571801046" POSITION_Y="355.49845839066745" FRAME="90" POSITION_Z="276.0632107857947" />
      </SpotsInFrame>
      <SpotsInFrame frame="91">
        <Spot ID="169408" name="ID169408" VISIBILITY="1" RADIUS="5.644739300537772" QUALITY="291.593994140625" SOURCE_ID="0" POSITION_T="91.0" POSITION_X="1160.6427872144397" POSITION_Y="387.79240789293226" FRAME="91" CELL_DIVISION_TIME="205.0" POSITION_Z="301.329698896727" />
        <Spot ID="109301" name="ID109301" VISIBILITY="1" RADIUS="6.2092132305915495" QUALITY="365.9156494140625" SOURCE_ID="0" POSITION_T="91.0" POSITION_X="1162.0418543495498" POSITION_Y="181.12887607348708" FRAME="91" POSITION_Z="300.66276197525394" />
        <Spot ID="135204" name="ID135204" VISIBILITY="1" RADIUS="6.830134553650701" QUALITY="-1.0" SOURCE_ID="0" POSITION_T="91.0" POSITION_X="1093.4838904447997" POSITION_Y="372.54445715064514" FRAME="91" CELL_DIVISION_TIME="43.0" POSITION_Z="259.6597086850333" />
        <Spot ID="130217" name="ID130217" VISIBILITY="1" RADIUS="6.209213230591548" QUALITY="-1.0" SOURCE_ID="0" POSITION_T="91.0" POSITION_X="1092.7203111399492" POSITION_Y="372.73079232422947" FRAME="91" POSITION_Z="243.959970973961" />
        <Spot ID="167257" name="ID167257" VISIBILITY="1" RADIUS="6.2092132305915495" QUALITY="-1.0" SOURCE_ID="0" POSITION_T="91.0" POSITION_X="1133.1394865836285" POSITION_Y="356.9465289871433" FRAME="91" POSITION_Z="276.0632107857947" />
        <Spot ID="175721" name="ID175721" VISIBILITY="1" RADIUS="6.830134553650705" QUALITY="227.96994018554688" SOURCE_ID="0" POSITION_T="91.0" POSITION_X="1164.85272946625" POSITION_Y="359.90106230708676" FRAME="91" POSITION_Z="307.32896704386815" />
        <Spot ID="137279" name="ID137279" VISIBILITY="1" RADIUS="6.830134553650701" QUALITY="-1.0" SOURCE_ID="0" POSITION_T="91.0" POSITION_X="1118.9049054669485" POSITION_Y="413.7799080041382" FRAME="91" CELL_DIVISION_TIME="187.0" POSITION_Z="280.1795482446324" />
        <Spot ID="113231" name="ID113231" VISIBILITY="1" RADIUS="6.830134553650702" QUALITY="266.3463439941406" SOURCE_ID="0" POSITION_T="91.0" POSITION_X="1179.9454013509805" POSITION_Y="184.41408286086087" FRAME="91" POSITION_Z="296.32257992790267" />
      </SpotsInFrame>
      <SpotsInFrame frame="92">
        <Spot ID="137282" name="ID137282" VISIBILITY="1" RADIUS="6.830134553650701" QUALITY="-1.0" SOURCE_ID="0" POSITION_T="92.0" POSITION_X="1119.6502595823015" POSITION_Y="414.15258506181476" FRAME="92" CELL_DIVISION_TIME="187.0" POSITION_Z="280.1795482446325" />
        <Spot ID="109218" name="ID109218" VISIBILITY="1" RADIUS="6.2092132305915495" QUALITY="-1.0" SOURCE_ID="0" POSITION_T="92.0" POSITION_X="1162.4994186151484" POSITION_Y="183.90729281802976" FRAME="92" POSITION_Z="301.07517075803435" />
        <Spot ID="167239" name="ID167239" VISIBILITY="1" RADIUS="6.2092132305915495" QUALITY="-1.0" SOURCE_ID="0" POSITION_T="92.0" POSITION_X="1135.5529375777553" POSITION_Y="355.0157681918418" FRAME="92" POSITION_Z="276.0632107857947" />
        <Spot ID="175735" name="ID175735" VISIBILITY="1" RADIUS="6.830134553650705" QUALITY="228.76527404785156" SOURCE_ID="0" POSITION_T="92.0" POSITION_X="1164.85272946625" POSITION_Y="357.52012191877213" FRAME="92" POSITION_Z="310.5035542282877" />
        <Spot ID="169429" name="ID169429" VISIBILITY="1" RADIUS="5.644739300537772" QUALITY="307.33160400390625" SOURCE_ID="0" POSITION_T="92.0" POSITION_X="1162.5598590718969" POSITION_Y="386.2079977849092" FRAME="92" CELL_DIVISION_TIME="205.0" POSITION_Z="303.67147863433223" />
        <Spot ID="147099" name="ID147099" VISIBILITY="1" RADIUS="5.644739300537773" QUALITY="-1.0" SOURCE_ID="0" POSITION_T="92.0" POSITION_X="1095.156270841415" POSITION_Y="372.57758834985543" FRAME="92" POSITION_Z="261.4971733991897" />
        <Spot ID="113370" name="ID113370" VISIBILITY="1" RADIUS="6.830134553650702" QUALITY="236.947509765625" SOURCE_ID="0" POSITION_T="92.0" POSITION_X="1179.9454013509805" POSITION_Y="187.0237709949696" FRAME="92" POSITION_Z="296.9750019614298" />
        <Spot ID="130186" name="ID130186" VISIBILITY="1" RADIUS="6.209213230591548" QUALITY="-1.0" SOURCE_ID="0" POSITION_T="92.0" POSITION_X="1094.2110193706549" POSITION_Y="375.80608959784024" FRAME="92" POSITION_Z="243.6337599571974" />
      </SpotsInFrame>
      <SpotsInFrame frame="93">
        <Spot ID="167219" name="ID167219" VISIBILITY="1" RADIUS="6.2092132305915495" QUALITY="-1.0" SOURCE_ID="0" POSITION_T="93.0" POSITION_X="1133.1394865836287" POSITION_Y="356.007826686973" FRAME="93" POSITION_Z="274.0790937955325" />
        <Spot ID="175763" name="ID175763" VISIBILITY="1" RADIUS="6.830134553650705" QUALITY="216.59918212890625" SOURCE_ID="0" POSITION_T="93.0" POSITION_X="1164.85272946625" POSITION_Y="355.3375932294838" FRAME="93" POSITION_Z="308.91626063607805" />
        <Spot ID="109187" name="ID109187" VISIBILITY="1" RADIUS="6.2092132305915495" QUALITY="-1.0" SOURCE_ID="0" POSITION_T="93.0" POSITION_X="1163.4145471463464" POSITION_Y="183.75967751048958" FRAME="93" POSITION_Z="300.5830125485495" />
        <Spot ID="169440" name="ID169440" VISIBILITY="1" RADIUS="5.644739300537772" QUALITY="259.6784973144531" SOURCE_ID="0" POSITION_T="93.0" POSITION_X="1162.732926057162" POSITION_Y="384.4794102317714" FRAME="93" CELL_DIVISION_TIME="205.0" POSITION_Z="302.0468267275161" />
        <Spot ID="130182" name="ID130182" VISIBILITY="1" RADIUS="6.209213230591548" QUALITY="-1.0" SOURCE_ID="0" POSITION_T="93.0" POSITION_X="1093.1026891502033" POSITION_Y="374.9691082962419" FRAME="93" POSITION_Z="244.0751958346812" />
        <Spot ID="147179" name="ID147179" VISIBILITY="1" RADIUS="6.20921323059155" QUALITY="-1.0" SOURCE_ID="0" POSITION_T="93.0" POSITION_X="1094.9817337418021" POSITION_Y="372.1311539936958" FRAME="93" POSITION_Z="260.90328137482504" />
        <Spot ID="137304" name="ID137304" VISIBILITY="1" RADIUS="6.830134553650701" QUALITY="166.90516662597656" SOURCE_ID="0" POSITION_T="93.0" POSITION_X="1121.1409678130074" POSITION_Y="412.66187683110917" FRAME="93" CELL_DIVISION_TIME="187.0" POSITION_Z="280.17954824463254" />
        <Spot ID="113390" name="ID113390" VISIBILITY="1" RADIUS="6.830134553650702" QUALITY="276.33392333984375" SOURCE_ID="0" POSITION_T="93.0" POSITION_X="1179.9454013509805" POSITION_Y="187.67619302849678" FRAME="93" POSITION_Z="296.64879094466625" />
      </SpotsInFrame>
      <SpotsInFrame frame="94">
        <Spot ID="109171" name="ID109171" VISIBILITY="1" RADIUS="6.2092132305915495" QUALITY="-1.0" SOURCE_ID="0" POSITION_T="94.0" POSITION_X="1163.4145471463466" POSITION_Y="186.6955766613618" FRAME="94" POSITION_Z="302.8664896658946" />
        <Spot ID="175776" name="ID175776" VISIBILITY="1" RADIUS="6.830134553650705" QUALITY="124.95223236083984" SOURCE_ID="0" POSITION_T="94.0" POSITION_X="1166.0431996604075" POSITION_Y="354.543946433379" FRAME="94" POSITION_Z="309.1146723351044" />
        <Spot ID="169457" name="ID169457" VISIBILITY="1" RADIUS="5.644739300537772" QUALITY="300.24835205078125" SOURCE_ID="0" POSITION_T="94.0" POSITION_X="1162.2919589656972" POSITION_Y="383.042803678131" FRAME="94" CELL_DIVISION_TIME="205.0" POSITION_Z="304.03836692720387" />
        <Spot ID="130181" name="ID130181" VISIBILITY="1" RADIUS="6.209213230591548" QUALITY="-1.0" SOURCE_ID="0" POSITION_T="94.0" POSITION_X="1094.9635207338085" POSITION_Y="377.80407785035175" FRAME="94" POSITION_Z="245.00325956851646" />
        <Spot ID="137319" name="ID137319" VISIBILITY="1" RADIUS="6.830134553650701" QUALITY="207.56239318847656" SOURCE_ID="0" POSITION_T="94.0" POSITION_X="1120.7682907553308" POSITION_Y="414.1525850618149" FRAME="94" CELL_DIVISION_TIME="187.0" POSITION_Z="280.17954824463254" />
        <Spot ID="147221" name="ID147221" VISIBILITY="1" RADIUS="5.644739300537773" QUALITY="-1.0" SOURCE_ID="0" POSITION_T="94.0" POSITION_X="1093.8329646440257" POSITION_Y="373.43732586296466" FRAME="94" POSITION_Z="260.84749273376303" />
        <Spot ID="113405" name="ID113405" VISIBILITY="1" RADIUS="6.830134553650702" QUALITY="270.63226318359375" SOURCE_ID="0" POSITION_T="94.0" POSITION_X="1178.4181406815865" POSITION_Y="190.28911012283027" FRAME="94" POSITION_Z="300.5624362419151" />
        <Spot ID="167213" name="ID167213" VISIBILITY="1" RADIUS="6.2092132305915495" QUALITY="-1.0" SOURCE_ID="0" POSITION_T="94.0" POSITION_X="1132.6618641591672" POSITION_Y="357.4558972834489" FRAME="94" POSITION_Z="276.7199535095714" />
      </SpotsInFrame>
      <SpotsInFrame frame="95">
        <Spot ID="130176" name="ID130176" VISIBILITY="1" RADIUS="6.209213230591548" QUALITY="-1.0" SOURCE_ID="0" POSITION_T="95.0" POSITION_X="1093.1026891502027" POSITION_Y="379.52173274969357" FRAME="95" POSITION_Z="245.73221562352995" />
        <Spot ID="147226" name="ID147226" VISIBILITY="1" RADIUS="6.20921323059155" QUALITY="-1.0" SOURCE_ID="0" POSITION_T="95.0" POSITION_X="1093.8614798566252" POSITION_Y="374.39271389129874" FRAME="95" POSITION_Z="257.5709225757975" />
        <Spot ID="137339" name="ID137339" VISIBILITY="1" RADIUS="6.830134553650701" QUALITY="162.9053497314453" SOURCE_ID="0" POSITION_T="95.0" POSITION_X="1124.1223842744187" POSITION_Y="415.27061623484417" FRAME="95" CELL_DIVISION_TIME="187.0" POSITION_Z="280.17954824463254" />
        <Spot ID="109163" name="ID109163" VISIBILITY="1" RADIUS="6.2092132305915495" QUALITY="-1.0" SOURCE_ID="0" POSITION_T="95.0" POSITION_X="1162.3963733667515" POSITION_Y="189.93297387318216" FRAME="95" POSITION_Z="305.14996678323973" />
        <Spot ID="113420" name="ID113420" VISIBILITY="1" RADIUS="6.830134553650702" QUALITY="265.2002868652344" SOURCE_ID="0" POSITION_T="95.0" POSITION_X="1179.6908579060812" POSITION_Y="194.36180524121204" FRAME="95" POSITION_Z="300.5624362419151" />
        <Spot ID="167199" name="ID167199" VISIBILITY="1" RADIUS="6.2092132305915495" QUALITY="-1.0" SOURCE_ID="0" POSITION_T="95.0" POSITION_X="1132.6618641591672" POSITION_Y="357.45589728344885" FRAME="95" POSITION_Z="275.27948457464106" />
        <Spot ID="169468" name="ID169468" VISIBILITY="1" RADIUS="5.644739300537772" QUALITY="297.0408020019531" SOURCE_ID="0" POSITION_T="95.0" POSITION_X="1162.8979478904942" POSITION_Y="383.51837029002894" FRAME="95" CELL_DIVISION_TIME="205.0" POSITION_Z="303.72223650997904" />
        <Spot ID="175788" name="ID175788" VISIBILITY="1" RADIUS="6.830134553650705" QUALITY="112.6914291381836" SOURCE_ID="0" POSITION_T="95.0" POSITION_X="1167.233669854565" POSITION_Y="356.1312400255888" FRAME="95" POSITION_Z="308.71784893705194" />
      </SpotsInFrame>
      <SpotsInFrame frame="96">
        <Spot ID="175808" name="ID175808" VISIBILITY="1" RADIUS="6.830134553650705" QUALITY="214.8335723876953" SOURCE_ID="0" POSITION_T="96.0" POSITION_X="1167.2336698545653" POSITION_Y="356.5280634236413" FRAME="96" POSITION_Z="307.7257904419208" />
        <Spot ID="169478" name="ID169478" VISIBILITY="1" RADIUS="5.644739300537772" QUALITY="260.76727294921875" SOURCE_ID="0" POSITION_T="96.0" POSITION_X="1161.0276129208094" POSITION_Y="385.5302163962249" FRAME="96" CELL_DIVISION_TIME="205.0" POSITION_Z="301.5060220250498" />
        <Spot ID="147300" name="ID147300" VISIBILITY="1" RADIUS="6.20921323059155" QUALITY="-1.0" SOURCE_ID="0" POSITION_T="96.0" POSITION_X="1094.9779387043704" POSITION_Y="374.35442593310216" FRAME="96" POSITION_Z="258.74275415030905" />
        <Spot ID="130150" name="ID130150" VISIBILITY="1" RADIUS="6.209213230591548" QUALITY="-1.0" SOURCE_ID="0" POSITION_T="96.0" POSITION_X="1093.1026891502027" POSITION_Y="381.1527878335115" FRAME="96" POSITION_Z="244.42737155647563" />
        <Spot ID="167194" name="ID167194" VISIBILITY="1" RADIUS="6.2092132305915495" QUALITY="-1.0" SOURCE_ID="0" POSITION_T="96.0" POSITION_X="1132.4205190597545" POSITION_Y="357.48257538092923" FRAME="96" POSITION_Z="272.3033090892478" />
        <Spot ID="137355" name="ID137355" VISIBILITY="1" RADIUS="6.830134553650701" QUALITY="205.4806365966797" SOURCE_ID="0" POSITION_T="96.0" POSITION_X="1122.2589989860367" POSITION_Y="416.38864740787346" FRAME="96" CELL_DIVISION_TIME="187.0" POSITION_Z="280.1795482446326" />
        <Spot ID="109162" name="ID109162" VISIBILITY="1" RADIUS="6.2092132305915495" QUALITY="-1.0" SOURCE_ID="0" POSITION_T="96.0" POSITION_X="1161.8872864769537" POSITION_Y="193.75112554666504" FRAME="96" POSITION_Z="305.14996678323985" />
        <Spot ID="113436" name="ID113436" VISIBILITY="1" RADIUS="6.830134553650702" QUALITY="312.2772216796875" SOURCE_ID="0" POSITION_T="96.0" POSITION_X="1177.6545103468904" POSITION_Y="198.17995691469497" FRAME="96" POSITION_Z="300.5624362419151" />
      </SpotsInFrame>
      <SpotsInFrame frame="97">
        <Spot ID="113616" name="ID113616" VISIBILITY="1" RADIUS="6.830134553650702" QUALITY="231.3849334716797" SOURCE_ID="0" POSITION_T="97.0" POSITION_X="1178.2363696653033" POSITION_Y="196.5090868897977" FRAME="97" POSITION_Z="300.0" />
        <Spot ID="130149" name="ID130149" VISIBILITY="1" RADIUS="6.209213230591548" QUALITY="-1.0" SOURCE_ID="0" POSITION_T="97.0" POSITION_X="1094.9563734860076" POSITION_Y="383.2596307513686" FRAME="97" POSITION_Z="244.36629471430098" />
        <Spot ID="147334" name="ID147334" VISIBILITY="1" RADIUS="6.830134553650705" QUALITY="-1.0" SOURCE_ID="0" POSITION_T="97.0" POSITION_X="1095.7130131028582" POSITION_Y="374.69115317365845" FRAME="97" POSITION_Z="259.8428446095404" />
        <Spot ID="175828" name="ID175828" VISIBILITY="1" RADIUS="6.830134553650705" QUALITY="171.067626953125" SOURCE_ID="0" POSITION_T="97.0" POSITION_X="1167.2336698545655" POSITION_Y="352.95665284116933" FRAME="97" POSITION_Z="306.932143645816" />
        <Spot ID="109161" name="ID109161" VISIBILITY="1" RADIUS="6.2092132305915495" QUALITY="-1.0" SOURCE_ID="0" POSITION_T="97.0" POSITION_X="1159.0873085830663" POSITION_Y="193.75112554666504" FRAME="97" POSITION_Z="305.1499667832399" />
        <Spot ID="137371" name="ID137371" VISIBILITY="1" RADIUS="6.830134553650701" QUALITY="183.69189453125" SOURCE_ID="0" POSITION_T="97.0" POSITION_X="1121.513644870684" POSITION_Y="415.64329329252064" FRAME="97" CELL_DIVISION_TIME="187.0" POSITION_Z="280.17954824463266" />
        <Spot ID="169502" name="ID169502" VISIBILITY="1" RADIUS="5.644739300537772" QUALITY="315.0832824707031" SOURCE_ID="0" POSITION_T="97.0" POSITION_X="1161.2856799406195" POSITION_Y="382.61634426956095" FRAME="97" CELL_DIVISION_TIME="205.0" POSITION_Z="303.67230671137133" />
        <Spot ID="167181" name="ID167181" VISIBILITY="1" RADIUS="6.2092132305915495" QUALITY="-1.0" SOURCE_ID="0" POSITION_T="97.0" POSITION_X="1130.9724484632789" POSITION_Y="356.99988518210387" FRAME="97" POSITION_Z="272.3033090892478" />
      </SpotsInFrame>
      <SpotsInFrame frame="98">
        <Spot ID="113632" name="ID113632" VISIBILITY="1" RADIUS="6.830134553650702" QUALITY="282.4157409667969" SOURCE_ID="0" POSITION_T="98.0" POSITION_X="1176.4545655510112" POSITION_Y="195.2363696653034" FRAME="98" POSITION_Z="300.0" />
        <Spot ID="175873" name="ID175873" VISIBILITY="1" RADIUS="6.830134553650705" QUALITY="162.6837158203125" SOURCE_ID="0" POSITION_T="98.0" POSITION_X="1167.0352581555394" POSITION_Y="350.57571245285476" FRAME="98" POSITION_Z="310.30514252926173" />
        <Spot ID="137510" name="ID137510" VISIBILITY="1" RADIUS="6.830134553650701" QUALITY="188.7938690185547" SOURCE_ID="0" POSITION_T="98.0" POSITION_X="1124.8677383897718" POSITION_Y="415.64329329252075" FRAME="98" CELL_DIVISION_TIME="187.0" POSITION_Z="280.1795482446327" />
        <Spot ID="109156" name="ID109156" VISIBILITY="1" RADIUS="6.2092132305915495" QUALITY="-1.0" SOURCE_ID="0" POSITION_T="98.0" POSITION_X="1158.3236782483696" POSITION_Y="191.4602345425753" FRAME="98" POSITION_Z="305.14996678323996" />
        <Spot ID="130135" name="ID130135" VISIBILITY="1" RADIUS="6.209213230591548" QUALITY="-1.0" SOURCE_ID="0" POSITION_T="98.0" POSITION_X="1097.1539777573182" POSITION_Y="383.2596307513686" FRAME="98" POSITION_Z="238.87228403602452" />
        <Spot ID="169514" name="ID169514" VISIBILITY="1" RADIUS="5.644739300537772" QUALITY="307.5856628417969" SOURCE_ID="0" POSITION_T="98.0" POSITION_X="1163.1654238040567" POSITION_Y="380.63704028288635" FRAME="98" CELL_DIVISION_TIME="205.0" POSITION_Z="303.42584517047476" />
        <Spot ID="147339" name="ID147339" VISIBILITY="1" RADIUS="6.830134553650705" QUALITY="-1.0" SOURCE_ID="0" POSITION_T="98.0" POSITION_X="1096.080550302102" POSITION_Y="374.8595167939367" FRAME="98" POSITION_Z="260.39288983915606" />
        <Spot ID="167166" name="ID167166" VISIBILITY="1" RADIUS="6.830134553650705" QUALITY="-1.0" SOURCE_ID="0" POSITION_T="98.0" POSITION_X="1134.3512798550566" POSITION_Y="356.7585400826912" FRAME="98" POSITION_Z="272.3033090892478" />
      </SpotsInFrame>
      <SpotsInFrame frame="99">
        <Spot ID="109152" name="ID109152" VISIBILITY="1" RADIUS="6.2092132305915495" QUALITY="-1.0" SOURCE_ID="0" POSITION_T="99.0" POSITION_X="1158.32367824837" POSITION_Y="193.41750064315676" FRAME="99" POSITION_Z="304.8237557664764" />
        <Spot ID="175895" name="ID175895" VISIBILITY="1" RADIUS="6.830134553650705" QUALITY="186.38531494140625" SOURCE_ID="0" POSITION_T="99.0" POSITION_X="1164.8510745146054" POSITION_Y="350.1668341088398" FRAME="99" POSITION_Z="309.7251347470999" />
        <Spot ID="130134" name="ID130134" VISIBILITY="1" RADIUS="6.209213230591548" QUALITY="-1.0" SOURCE_ID="0" POSITION_T="99.0" POSITION_X="1098.6190472715255" POSITION_Y="384.23826380165934" FRAME="99" POSITION_Z="241.02983194554696" />
        <Spot ID="167157" name="ID167157" VISIBILITY="1" RADIUS="6.830134553650705" QUALITY="-1.0" SOURCE_ID="0" POSITION_T="99.0" POSITION_X="1133.6272445568188" POSITION_Y="356.2758498838658" FRAME="99" POSITION_Z="272.3033090892478" />
        <Spot ID="169525" name="ID169525" VISIBILITY="1" RADIUS="5.644739300537772" QUALITY="382.2226257324219" SOURCE_ID="0" POSITION_T="99.0" POSITION_X="1162.5038147535731" POSITION_Y="378.6259548424584" FRAME="99" CELL_DIVISION_TIME="205.0" POSITION_Z="304.2439065957126" />
        <Spot ID="147391" name="ID147391" VISIBILITY="1" RADIUS="6.830134553650705" QUALITY="-1.0" SOURCE_ID="0" POSITION_T="99.0" POSITION_X="1094.7002136795131" POSITION_Y="373.8084782503778" FRAME="99" POSITION_Z="266.2963494896603" />
        <Spot ID="137532" name="ID137532" VISIBILITY="1" RADIUS="6.830134553650701" QUALITY="185.70314025878906" SOURCE_ID="0" POSITION_T="99.0" POSITION_X="1125.9857695628011" POSITION_Y="417.13400152322646" FRAME="99" CELL_DIVISION_TIME="187.0" POSITION_Z="280.1795482446327" />
        <Spot ID="113646" name="ID113646" VISIBILITY="1" RADIUS="6.830134553650702" QUALITY="301.3650817871094" SOURCE_ID="0" POSITION_T="99.0" POSITION_X="1175.1818483265167" POSITION_Y="196.5090868897977" FRAME="99" POSITION_Z="300.0" />
      </SpotsInFrame>
      <SpotsInFrame frame="100">
        <Spot ID="169536" name="ID169536" VISIBILITY="1" RADIUS="5.644739300537772" QUALITY="363.39739990234375" SOURCE_ID="0" POSITION_T="100.0" POSITION_X="1163.1491469576958" POSITION_Y="379.0677692373688" FRAME="100" CELL_DIVISION_TIME="205.0" POSITION_Z="305.18337540624367" />
        <Spot ID="130114" name="ID130114" VISIBILITY="1" RADIUS="6.209213230591548" QUALITY="-1.0" SOURCE_ID="0" POSITION_T="100.0" POSITION_X="1098.6190472715255" POSITION_Y="385.21689685195014" FRAME="100" POSITION_Z="242.3346760126013" />
        <Spot ID="147399" name="ID147399" VISIBILITY="1" RADIUS="6.20921323059155" QUALITY="-1.0" SOURCE_ID="0" POSITION_T="100.0" POSITION_X="1094.1073661306068" POSITION_Y="375.18606927705343" FRAME="100" POSITION_Z="266.90619398824333" />
        <Spot ID="109126" name="ID109126" VISIBILITY="1" RADIUS="6.2092132305915495" QUALITY="-1.0" SOURCE_ID="0" POSITION_T="100.0" POSITION_X="1155.5237003544826" POSITION_Y="195.96293509214527" FRAME="100" POSITION_Z="304.8237557664765" />
        <Spot ID="137550" name="ID137550" VISIBILITY="1" RADIUS="6.830134553650701" QUALITY="174.27447509765625" SOURCE_ID="0" POSITION_T="100.0" POSITION_X="1126.731123678154" POSITION_Y="416.0159703501972" FRAME="100" CELL_DIVISION_TIME="187.0" POSITION_Z="280.17954824463277" />
        <Spot ID="113660" name="ID113660" VISIBILITY="1" RADIUS="6.830134553650702" QUALITY="279.93414306640625" SOURCE_ID="0" POSITION_T="100.0" POSITION_X="1174.9273048816176" POSITION_Y="198.29089100408967" FRAME="100" POSITION_Z="300.0" />
        <Spot ID="175903" name="ID175903" VISIBILITY="1" RADIUS="6.830134553650705" QUALITY="160.5503692626953" SOURCE_ID="0" POSITION_T="100.0" POSITION_X="1165.1052467318127" POSITION_Y="350.4826922069598" FRAME="100" POSITION_Z="308.1400164855926" />
        <Spot ID="167132" name="ID167132" VISIBILITY="1" RADIUS="6.830134553650705" QUALITY="-1.0" SOURCE_ID="0" POSITION_T="100.0" POSITION_X="1131.9378288609305" POSITION_Y="354.8277792873896" FRAME="100" POSITION_Z="272.3033090892478" />
      </SpotsInFrame>
      <SpotsInFrame frame="101">
        <Spot ID="167123" name="ID167123" VISIBILITY="1" RADIUS="6.830134553650705" QUALITY="-1.0" SOURCE_ID="0" POSITION_T="101.0" POSITION_X="1133.6272445568195" POSITION_Y="354.1037439891515" FRAME="101" POSITION_Z="272.3033090892478" />
        <Spot ID="175920" name="ID175920" VISIBILITY="1" RADIUS="6.830134553650705" QUALITY="175.53912353515625" SOURCE_ID="0" POSITION_T="101.0" POSITION_X="1164.185971926758" POSITION_Y="348.7242595585069" FRAME="101" POSITION_Z="308.53629605096944" />
        <Spot ID="130098" name="ID130098" VISIBILITY="1" RADIUS="6.209213230591548" QUALITY="-1.0" SOURCE_ID="0" POSITION_T="101.0" POSITION_X="1098.6190472715255" POSITION_Y="385.21689685195" FRAME="101" POSITION_Z="240.3774099120198" />
        <Spot ID="147412" name="ID147412" VISIBILITY="1" RADIUS="5.644739300537773" QUALITY="-1.0" SOURCE_ID="0" POSITION_T="101.0" POSITION_X="1093.1608286324702" POSITION_Y="375.85191786442" FRAME="101" POSITION_Z="266.4876891428753" />
        <Spot ID="113673" name="ID113673" VISIBILITY="1" RADIUS="6.830134553650702" QUALITY="249.99099731445312" SOURCE_ID="0" POSITION_T="101.0" POSITION_X="1174.6727614367187" POSITION_Y="197.01817377959534" FRAME="101" POSITION_Z="300.0" />
        <Spot ID="137563" name="ID137563" VISIBILITY="1" RADIUS="6.830134553650701" QUALITY="190.25213623046875" SOURCE_ID="0" POSITION_T="101.0" POSITION_X="1128.5945089665363" POSITION_Y="416.76132446555016" FRAME="101" CELL_DIVISION_TIME="187.0" POSITION_Z="280.1795482446328" />
        <Spot ID="169547" name="ID169547" VISIBILITY="1" RADIUS="5.644739300537772" QUALITY="362.95013427734375" SOURCE_ID="0" POSITION_T="101.0" POSITION_X="1163.288665197304" POSITION_Y="379.71258698673876" FRAME="101" CELL_DIVISION_TIME="205.0" POSITION_Z="304.5501309436279" />
        <Spot ID="109117" name="ID109117" VISIBILITY="1" RADIUS="6.2092132305915495" QUALITY="-1.0" SOURCE_ID="0" POSITION_T="101.0" POSITION_X="1156.7964175789768" POSITION_Y="195.45384820234756" FRAME="101" POSITION_Z="304.8237557664765" />
      </SpotsInFrame>
      <SpotsInFrame frame="102">
        <Spot ID="109104" name="ID109104" VISIBILITY="1" RADIUS="7.513148009015776" QUALITY="-1.0" SOURCE_ID="0" POSITION_T="102.0" POSITION_X="1151.196461791202" POSITION_Y="195.7083916472464" FRAME="102" POSITION_Z="304.82375576647655" />
        <Spot ID="137587" name="ID137587" VISIBILITY="1" RADIUS="6.830134553650701" QUALITY="178.47145080566406" SOURCE_ID="0" POSITION_T="102.0" POSITION_X="1128.9671860242129" POSITION_Y="417.3672804581646" FRAME="102" CELL_DIVISION_TIME="187.0" POSITION_Z="279.20091519434214" />
        <Spot ID="167120" name="ID167120" VISIBILITY="1" RADIUS="6.830134553650705" QUALITY="-1.0" SOURCE_ID="0" POSITION_T="102.0" POSITION_X="1132.9032092585815" POSITION_Y="353.1383635915007" FRAME="102" POSITION_Z="272.3033090892478" />
        <Spot ID="175936" name="ID175936" VISIBILITY="1" RADIUS="6.2092132305915495" QUALITY="177.02529907226562" SOURCE_ID="0" POSITION_T="102.0" POSITION_X="1163.7633436064389" POSITION_Y="347.82618616503277" FRAME="102" POSITION_Z="307.94187670290415" />
        <Spot ID="169569" name="ID169569" VISIBILITY="1" RADIUS="5.644739300537772" QUALITY="334.55755615234375" SOURCE_ID="0" POSITION_T="102.0" POSITION_X="1163.4837190605315" POSITION_Y="379.3960073227989" FRAME="102" CELL_DIVISION_TIME="205.0" POSITION_Z="309.05054370633405" />
        <Spot ID="147413" name="ID147413" VISIBILITY="1" RADIUS="5.644739300537773" QUALITY="-1.0" SOURCE_ID="0" POSITION_T="102.0" POSITION_X="1092.995523032866" POSITION_Y="375.0432309622398" FRAME="102" POSITION_Z="265.5749277089535" />
        <Spot ID="130089" name="ID130089" VISIBILITY="1" RADIUS="6.209213230591548" QUALITY="-1.0" SOURCE_ID="0" POSITION_T="102.0" POSITION_X="1098.6190472715255" POSITION_Y="384.2382638016593" FRAME="102" POSITION_Z="244.6181531299464" />
        <Spot ID="113818" name="ID113818" VISIBILITY="1" RADIUS="6.830134553650702" QUALITY="-1.0" SOURCE_ID="0" POSITION_T="102.0" POSITION_X="1173.400044212224" POSITION_Y="197.0181737795953" FRAME="102" POSITION_Z="300.0" />
      </SpotsInFrame>
      <SpotsInFrame frame="103">
        <Spot ID="147426" name="ID147426" VISIBILITY="1" RADIUS="5.644739300537773" QUALITY="-1.0" SOURCE_ID="0" POSITION_T="103.0" POSITION_X="1093.3861389821323" POSITION_Y="374.30596321746634" FRAME="103" POSITION_Z="265.3277994146767" />
        <Spot ID="167091" name="ID167091" VISIBILITY="1" RADIUS="6.830134553650705" QUALITY="-1.0" SOURCE_ID="0" POSITION_T="103.0" POSITION_X="1133.383365570225" POSITION_Y="353.13836359150065" FRAME="103" POSITION_Z="270.1426056868524" />
        <Spot ID="113830" name="ID113830" VISIBILITY="1" RADIUS="6.830134553650702" QUALITY="-1.0" SOURCE_ID="0" POSITION_T="103.0" POSITION_X="1173.4000442122244" POSITION_Y="197.34438479635895" FRAME="103" POSITION_Z="300.65242203352716" />
        <Spot ID="137685" name="ID137685" VISIBILITY="1" RADIUS="6.830134553650701" QUALITY="207.41539001464844" SOURCE_ID="0" POSITION_T="103.0" POSITION_X="1128.9671860242129" POSITION_Y="418.0197024916918" FRAME="103" CELL_DIVISION_TIME="187.0" POSITION_Z="280.17954824463294" />
        <Spot ID="130073" name="ID130073" VISIBILITY="1" RADIUS="6.209213230591548" QUALITY="-1.0" SOURCE_ID="0" POSITION_T="103.0" POSITION_X="1098.6190472715255" POSITION_Y="387.50037396929514" FRAME="103" POSITION_Z="246.57541923052787" />
        <Spot ID="109096" name="ID109096" VISIBILITY="1" RADIUS="7.513148009015776" QUALITY="-1.0" SOURCE_ID="0" POSITION_T="103.0" POSITION_X="1151.4510052361006" POSITION_Y="198.25382609623495" FRAME="103" POSITION_Z="304.8237557664766" />
        <Spot ID="169577" name="ID169577" VISIBILITY="1" RADIUS="5.644739300537772" QUALITY="323.471435546875" SOURCE_ID="0" POSITION_T="103.0" POSITION_X="1163.0316751748853" POSITION_Y="378.91092634882517" FRAME="103" CELL_DIVISION_TIME="205.0" POSITION_Z="307.0559203461289" />
        <Spot ID="176063" name="ID176063" VISIBILITY="1" RADIUS="6.2092132305915495" QUALITY="164.0306854248047" SOURCE_ID="0" POSITION_T="103.0" POSITION_X="1164.2439312291967" POSITION_Y="348.4720451632086" FRAME="103" POSITION_Z="305.3660595279547" />
      </SpotsInFrame>
      <SpotsInFrame frame="104">
        <Spot ID="166978" name="ID166978" VISIBILITY="1" RADIUS="6.830134553650705" QUALITY="-1.0" SOURCE_ID="0" POSITION_T="104.0" POSITION_X="1135.5554714649395" POSITION_Y="352.4143282932625" FRAME="104" POSITION_Z="270.1426056868524" />
        <Spot ID="169587" name="ID169587" VISIBILITY="1" RADIUS="5.644739300537772" QUALITY="303.5395202636719" SOURCE_ID="0" POSITION_T="104.0" POSITION_X="1163.5319146696443" POSITION_Y="377.5259081078492" FRAME="104" CELL_DIVISION_TIME="205.0" POSITION_Z="305.02897539914255" />
        <Spot ID="176080" name="ID176080" VISIBILITY="1" RADIUS="6.2092132305915495" QUALITY="100.43289184570312" SOURCE_ID="0" POSITION_T="104.0" POSITION_X="1163.1469480504775" POSITION_Y="346.13611148671373" FRAME="104" POSITION_Z="303.78094126644737" />
        <Spot ID="137702" name="ID137702" VISIBILITY="1" RADIUS="6.830134553650701" QUALITY="182.4847869873047" SOURCE_ID="0" POSITION_T="104.0" POSITION_X="1128.5945089665365" POSITION_Y="415.78364014563334" FRAME="104" CELL_DIVISION_TIME="187.0" POSITION_Z="280.179548244633" />
        <Spot ID="130059" name="ID130059" VISIBILITY="1" RADIUS="6.209213230591548" QUALITY="-1.0" SOURCE_ID="0" POSITION_T="104.0" POSITION_X="1100.816651542836" POSITION_Y="387.50037396929514" FRAME="104" POSITION_Z="246.94168660907962" />
        <Spot ID="113834" name="ID113834" VISIBILITY="1" RADIUS="7.513148009015772" QUALITY="-1.0" SOURCE_ID="0" POSITION_T="104.0" POSITION_X="1173.4000442122247" POSITION_Y="197.9968068298862" FRAME="104" POSITION_Z="301.9572661005815" />
        <Spot ID="109085" name="ID109085" VISIBILITY="1" RADIUS="7.513148009015776" QUALITY="-1.0" SOURCE_ID="0" POSITION_T="104.0" POSITION_X="1151.7055486809993" POSITION_Y="200.03563021052693" FRAME="104" POSITION_Z="304.82375576647667" />
        <Spot ID="147438" name="ID147438" VISIBILITY="1" RADIUS="5.644739300537773" QUALITY="-1.0" SOURCE_ID="0" POSITION_T="104.0" POSITION_X="1094.7094451795217" POSITION_Y="373.4462257043572" FRAME="104" POSITION_Z="265.9774800801036" />
      </SpotsInFrame>
      <SpotsInFrame frame="105">
        <Spot ID="130017" name="ID130017" VISIBILITY="1" RADIUS="6.209213230591548" QUALITY="-1.0" SOURCE_ID="0" POSITION_T="105.0" POSITION_X="1101.9154536784913" POSITION_Y="386.78721793701084" FRAME="105" POSITION_Z="245.0067367621424" />
        <Spot ID="176097" name="ID176097" VISIBILITY="1" RADIUS="6.2092132305915495" QUALITY="187.33209228515625" SOURCE_ID="0" POSITION_T="105.0" POSITION_X="1163.1469480504772" POSITION_Y="344.3504061954777" FRAME="105" POSITION_Z="302.19364767423764" />
        <Spot ID="137717" name="ID137717" VISIBILITY="1" RADIUS="6.830134553650701" QUALITY="234.25070190429688" SOURCE_ID="0" POSITION_T="105.0" POSITION_X="1128.5945089665365" POSITION_Y="412.42954662654563" FRAME="105" CELL_DIVISION_TIME="187.0" POSITION_Z="280.17954824463305" />
        <Spot ID="166971" name="ID166971" VISIBILITY="1" RADIUS="6.830134553650705" QUALITY="-1.0" SOURCE_ID="0" POSITION_T="105.0" POSITION_X="1137.944491708831" POSITION_Y="356.6625805676655" FRAME="105" POSITION_Z="262.3901200489146" />
        <Spot ID="113853" name="ID113853" VISIBILITY="1" RADIUS="7.513148009015772" QUALITY="291.5540771484375" SOURCE_ID="0" POSITION_T="105.0" POSITION_X="1172.593955306874" POSITION_Y="195.65014427792596" FRAME="105" POSITION_Z="302.86200275788775" />
        <Spot ID="109084" name="ID109084" VISIBILITY="1" RADIUS="7.513148009015776" QUALITY="-1.0" SOURCE_ID="0" POSITION_T="105.0" POSITION_X="1150.178288011606" POSITION_Y="199.52654332072916" FRAME="105" POSITION_Z="304.8237557664768" />
        <Spot ID="147452" name="ID147452" VISIBILITY="1" RADIUS="5.644739300537773" QUALITY="-1.0" SOURCE_ID="0" POSITION_T="105.0" POSITION_X="1095.8443670272848" POSITION_Y="372.6834326541193" FRAME="105" POSITION_Z="266.5115728355011" />
        <Spot ID="169597" name="ID169597" VISIBILITY="1" RADIUS="5.644739300537772" QUALITY="296.4385681152344" SOURCE_ID="0" POSITION_T="105.0" POSITION_X="1164.238215641298" POSITION_Y="376.10185208656185" FRAME="105" CELL_DIVISION_TIME="205.0" POSITION_Z="304.1145593328165" />
      </SpotsInFrame>
      <SpotsInFrame frame="106">
        <Spot ID="130016" name="ID130016" VISIBILITY="1" RADIUS="6.209213230591548" QUALITY="-1.0" SOURCE_ID="0" POSITION_T="106.0" POSITION_X="1101.9154536784913" POSITION_Y="388.8052180363495" FRAME="106" POSITION_Z="249.09923451860192" />
        <Spot ID="176112" name="ID176112" VISIBILITY="1" RADIUS="6.2092132305915495" QUALITY="270.8104553222656" SOURCE_ID="0" POSITION_T="106.0" POSITION_X="1163.146948050477" POSITION_Y="344.54881789450394" FRAME="106" POSITION_Z="307.94758694599807" />
        <Spot ID="137732" name="ID137732" VISIBILITY="1" RADIUS="6.830134553650701" QUALITY="219.6474609375" SOURCE_ID="0" POSITION_T="106.0" POSITION_X="1127.4764777935072" POSITION_Y="409.16838518928364" FRAME="106" CELL_DIVISION_TIME="187.0" POSITION_Z="282.7892363787418" />
        <Spot ID="147460" name="ID147460" VISIBILITY="1" RADIUS="5.644739300537773" QUALITY="-1.0" SOURCE_ID="0" POSITION_T="106.0" POSITION_X="1095.4860613280498" POSITION_Y="372.1528164878206" FRAME="106" POSITION_Z="265.6426581963284" />
        <Spot ID="169608" name="ID169608" VISIBILITY="1" RADIUS="5.644739300537772" QUALITY="356.65802001953125" SOURCE_ID="0" POSITION_T="106.0" POSITION_X="1162.8385663411527" POSITION_Y="378.2716733634889" FRAME="106" CELL_DIVISION_TIME="205.0" POSITION_Z="305.0711210519375" />
        <Spot ID="113866" name="ID113866" VISIBILITY="1" RADIUS="7.513148009015772" QUALITY="324.6861572265625" SOURCE_ID="0" POSITION_T="106.0" POSITION_X="1171.7334790418213" POSITION_Y="197.41115135626936" FRAME="106" POSITION_Z="303.02701359295247" />
        <Spot ID="109069" name="ID109069" VISIBILITY="1" RADIUS="7.513148009015776" QUALITY="-1.0" SOURCE_ID="0" POSITION_T="106.0" POSITION_X="1148.141940452415" POSITION_Y="201.56289087992002" FRAME="106" POSITION_Z="304.8237557664768" />
        <Spot ID="166959" name="ID166959" VISIBILITY="1" RADIUS="6.830134553650705" QUALITY="-1.0" SOURCE_ID="0" POSITION_T="106.0" POSITION_X="1134.823475683149" POSITION_Y="356.66258056766543" FRAME="106" POSITION_Z="260.70957295816254" />
      </SpotsInFrame>
      <SpotsInFrame frame="107">
        <Spot ID="176129" name="ID176129" VISIBILITY="1" RADIUS="6.2092132305915495" QUALITY="242.40447998046875" SOURCE_ID="0" POSITION_T="107.0" POSITION_X="1163.1469480504768" POSITION_Y="345.34246469060884" FRAME="107" POSITION_Z="304.3761763635261" />
        <Spot ID="113879" name="ID113879" VISIBILITY="1" RADIUS="7.513148009015772" QUALITY="317.08892822265625" SOURCE_ID="0" POSITION_T="107.0" POSITION_X="1169.1752928523395" POSITION_Y="199.30373281229694" FRAME="107" POSITION_Z="302.2517813780494" />
        <Spot ID="137749" name="ID137749" VISIBILITY="1" RADIUS="6.830134553650701" QUALITY="252.25653076171875" SOURCE_ID="0" POSITION_T="107.0" POSITION_X="1127.4764777935072" POSITION_Y="409.8208072228108" FRAME="107" CELL_DIVISION_TIME="187.0" POSITION_Z="284.42029146255976" />
        <Spot ID="147461" name="ID147461" VISIBILITY="1" RADIUS="5.644739300537773" QUALITY="-1.0" SOURCE_ID="0" POSITION_T="107.0" POSITION_X="1092.7409938110675" POSITION_Y="374.39158241827255" FRAME="107" POSITION_Z="268.7726349118191" />
        <Spot ID="166949" name="ID166949" VISIBILITY="1" RADIUS="6.830134553650705" QUALITY="-1.0" SOURCE_ID="0" POSITION_T="107.0" POSITION_X="1133.383006748219" POSITION_Y="356.6625805676653" FRAME="107" POSITION_Z="258.548869555767" />
        <Spot ID="169625" name="ID169625" VISIBILITY="1" RADIUS="5.644739300537772" QUALITY="313.6830749511719" SOURCE_ID="0" POSITION_T="107.0" POSITION_X="1161.8275194999808" POSITION_Y="379.501173349239" FRAME="107" CELL_DIVISION_TIME="205.0" POSITION_Z="306.3736081069917" />
        <Spot ID="129949" name="ID129949" VISIBILITY="1" RADIUS="6.209213230591548" QUALITY="-1.0" SOURCE_ID="0" POSITION_T="107.0" POSITION_X="1098.6190472715255" POSITION_Y="388.8052180363495" FRAME="107" POSITION_Z="246.16909549018783" />
        <Spot ID="109068" name="ID109068" VISIBILITY="1" RADIUS="7.513148009015776" QUALITY="-1.0" SOURCE_ID="0" POSITION_T="107.0" POSITION_X="1148.141940452415" POSITION_Y="204.10832532890856" FRAME="107" POSITION_Z="304.8237557664769" />
      </SpotsInFrame>
      <SpotsInFrame frame="108">
        <Spot ID="169635" name="ID169635" VISIBILITY="1" RADIUS="5.644739300537772" QUALITY="422.65814208984375" SOURCE_ID="0" POSITION_T="108.0" POSITION_X="1158.8578615935744" POSITION_Y="381.11632635195673" FRAME="108" CELL_DIVISION_TIME="205.0" POSITION_Z="305.95657390529647" />
        <Spot ID="113890" name="ID113890" VISIBILITY="1" RADIUS="7.513148009015772" QUALITY="302.6360168457031" SOURCE_ID="0" POSITION_T="108.0" POSITION_X="1168.033704173171" POSITION_Y="198.86981650870564" FRAME="108" POSITION_Z="301.8816068073013" />
        <Spot ID="137809" name="ID137809" VISIBILITY="1" RADIUS="6.830134553650701" QUALITY="211.8672637939453" SOURCE_ID="0" POSITION_T="108.0" POSITION_X="1127.476477793507" POSITION_Y="410.79944027310154" FRAME="108" CELL_DIVISION_TIME="187.0" POSITION_Z="284.0940804457962" />
        <Spot ID="166913" name="ID166913" VISIBILITY="1" RADIUS="6.830134553650705" QUALITY="-1.0" SOURCE_ID="0" POSITION_T="108.0" POSITION_X="1130.9695557540927" POSITION_Y="358.1106511641413" FRAME="108" POSITION_Z="258.5488695557669" />
        <Spot ID="109044" name="ID109044" VISIBILITY="1" RADIUS="7.513148009015776" QUALITY="-1.0" SOURCE_ID="0" POSITION_T="108.0" POSITION_X="1145.5965060034264" POSITION_Y="203.8537818840097" FRAME="108" POSITION_Z="304.823755766477" />
        <Spot ID="176196" name="ID176196" VISIBILITY="1" RADIUS="6.2092132305915495" QUALITY="-1.0" SOURCE_ID="0" POSITION_T="108.0" POSITION_X="1158.3453849340424" POSITION_Y="345.3424646906089" FRAME="108" POSITION_Z="304.85633267516954" />
        <Spot ID="129948" name="ID129948" VISIBILITY="1" RADIUS="6.209213230591548" QUALITY="-1.0" SOURCE_ID="0" POSITION_T="108.0" POSITION_X="1097.5202451358703" POSITION_Y="388.8052180363496" FRAME="108" POSITION_Z="244.7040259759808" />
        <Spot ID="147468" name="ID147468" VISIBILITY="1" RADIUS="5.644739300537773" QUALITY="-1.0" SOURCE_ID="0" POSITION_T="108.0" POSITION_X="1093.2999394111607" POSITION_Y="373.3634812848853" FRAME="108" POSITION_Z="270.0627405417878" />
      </SpotsInFrame>
      <SpotsInFrame frame="109">
        <Spot ID="137827" name="ID137827" VISIBILITY="1" RADIUS="6.830134553650701" QUALITY="230.00363159179688" SOURCE_ID="0" POSITION_T="109.0" POSITION_X="1127.1038007358306" POSITION_Y="411.91747144613083" FRAME="109" CELL_DIVISION_TIME="187.0" POSITION_Z="284.09408044579624" />
        <Spot ID="169648" name="ID169648" VISIBILITY="1" RADIUS="5.644739300537772" QUALITY="360.2705078125" SOURCE_ID="0" POSITION_T="109.0" POSITION_X="1158.9004428020241" POSITION_Y="382.8981492835406" FRAME="109" CELL_DIVISION_TIME="205.0" POSITION_Z="304.53242804320826" />
        <Spot ID="113909" name="ID113909" VISIBILITY="1" RADIUS="7.513148009015772" QUALITY="297.5198059082031" SOURCE_ID="0" POSITION_T="109.0" POSITION_X="1171.5055377070535" POSITION_Y="201.9095363666261" FRAME="109" POSITION_Z="307.8461998153486" />
        <Spot ID="166870" name="ID166870" VISIBILITY="1" RADIUS="6.830134553650705" QUALITY="-1.0" SOURCE_ID="0" POSITION_T="109.0" POSITION_X="1128.4076781384072" POSITION_Y="361.01721515166776" FRAME="109" POSITION_Z="253.3088195170467" />
        <Spot ID="176199" name="ID176199" VISIBILITY="1" RADIUS="6.830134553650705" QUALITY="-1.0" SOURCE_ID="0" POSITION_T="109.0" POSITION_X="1153.3037436617863" POSITION_Y="348.70355887211304" FRAME="109" POSITION_Z="300.77500402620024" />
        <Spot ID="108999" name="ID108999" VISIBILITY="1" RADIUS="7.513148009015776" QUALITY="-1.0" SOURCE_ID="0" POSITION_T="109.0" POSITION_X="1143.8147018891343" POSITION_Y="205.01529080733457" FRAME="109" POSITION_Z="305.14996678324064" />
        <Spot ID="129947" name="ID129947" VISIBILITY="1" RADIUS="6.209213230591548" QUALITY="-1.0" SOURCE_ID="0" POSITION_T="109.0" POSITION_X="1097.5202451358703" POSITION_Y="390.7624841369311" FRAME="109" POSITION_Z="243.88561837284277" />
        <Spot ID="147469" name="ID147469" VISIBILITY="1" RADIUS="5.644739300537773" QUALITY="-1.0" SOURCE_ID="0" POSITION_T="109.0" POSITION_X="1095.428118527332" POSITION_Y="371.96138869190287" FRAME="109" POSITION_Z="264.41045678766346" />
      </SpotsInFrame>
      <SpotsInFrame frame="110">
        <Spot ID="166867" name="ID166867" VISIBILITY="1" RADIUS="6.830134553650705" QUALITY="-1.0" SOURCE_ID="0" POSITION_T="110.0" POSITION_X="1126.138087430771" POSITION_Y="360.22356835556286" FRAME="110" POSITION_Z="254.81542470746516" />
        <Spot ID="137847" name="ID137847" VISIBILITY="1" RADIUS="6.830134553650701" QUALITY="173.1995391845703" SOURCE_ID="0" POSITION_T="110.0" POSITION_X="1124.4950613320957" POSITION_Y="410.42676321542524" FRAME="110" CELL_DIVISION_TIME="187.0" POSITION_Z="284.0940804457963" />
        <Spot ID="108982" name="ID108982" VISIBILITY="1" RADIUS="7.513148009015776" QUALITY="-1.0" SOURCE_ID="0" POSITION_T="110.0" POSITION_X="1139.4874633258542" POSITION_Y="204.6569529480108" FRAME="110" POSITION_Z="305.14996678324064" />
        <Spot ID="113942" name="ID113942" VISIBILITY="1" RADIUS="7.513148009015772" QUALITY="297.736328125" SOURCE_ID="0" POSITION_T="110.0" POSITION_X="1168.5753986786394" POSITION_Y="201.90953636662613" FRAME="110" POSITION_Z="307.47993243679684" />
        <Spot ID="169658" name="ID169658" VISIBILITY="1" RADIUS="5.644739300537772" QUALITY="258.4468078613281" SOURCE_ID="0" POSITION_T="110.0" POSITION_X="1155.6238876749946" POSITION_Y="382.51413938809077" FRAME="110" CELL_DIVISION_TIME="205.0" POSITION_Z="305.87274066563054" />
        <Spot ID="129946" name="ID129946" VISIBILITY="1" RADIUS="6.209213230591548" QUALITY="-1.0" SOURCE_ID="0" POSITION_T="110.0" POSITION_X="1097.1539777573184" POSITION_Y="393.6983832878033" FRAME="110" POSITION_Z="245.68265902627155" />
        <Spot ID="147470" name="ID147470" VISIBILITY="1" RADIUS="5.644739300537773" QUALITY="-1.0" SOURCE_ID="0" POSITION_T="110.0" POSITION_X="1092.9975849822063" POSITION_Y="372.4971616171879" FRAME="110" POSITION_Z="262.2700751381682" />
        <Spot ID="177982" name="ID177982" VISIBILITY="1" RADIUS="6.830134553650705" QUALITY="-1.0" SOURCE_ID="0" POSITION_T="110.0" POSITION_X="1150.182727636104" POSITION_Y="348.70355887211304" FRAME="110" POSITION_Z="301.9753948053089" />
      </SpotsInFrame>
      <SpotsInFrame frame="111">
        <Spot ID="177984" name="ID177984" VISIBILITY="1" RADIUS="6.830134553650705" QUALITY="-1.0" SOURCE_ID="0" POSITION_T="111.0" POSITION_X="1150.4228057919256" POSITION_Y="349.66387149539986" FRAME="111" POSITION_Z="299.8146914029134" />
        <Spot ID="169671" name="ID169671" VISIBILITY="1" RADIUS="5.644739300537772" QUALITY="362.9089050292969" SOURCE_ID="0" POSITION_T="111.0" POSITION_X="1157.0990850624257" POSITION_Y="381.2365814250936" FRAME="111" CELL_DIVISION_TIME="205.0" POSITION_Z="308.34550532013515" />
        <Spot ID="108935" name="ID108935" VISIBILITY="1" RADIUS="7.513148009015776" QUALITY="-1.0" SOURCE_ID="0" POSITION_T="111.0" POSITION_X="1141.5238108850451" POSITION_Y="203.3842357235165" FRAME="111" POSITION_Z="302.86648966589553" />
        <Spot ID="137860" name="ID137860" VISIBILITY="1" RADIUS="6.830134553650701" QUALITY="153.3000946044922" SOURCE_ID="0" POSITION_T="111.0" POSITION_X="1121.8863219283608" POSITION_Y="410.0540861577489" FRAME="111" CELL_DIVISION_TIME="187.0" POSITION_Z="284.09408044579635" />
        <Spot ID="129945" name="ID129945" VISIBILITY="1" RADIUS="6.209213230591548" QUALITY="-1.0" SOURCE_ID="0" POSITION_T="111.0" POSITION_X="1095.6889082431114" POSITION_Y="393.37217227103986" FRAME="111" POSITION_Z="245.7627717498479" />
        <Spot ID="166825" name="ID166825" VISIBILITY="1" RADIUS="6.830134553650705" QUALITY="-1.0" SOURCE_ID="0" POSITION_T="111.0" POSITION_X="1124.4486717348825" POSITION_Y="359.9822232561502" FRAME="111" POSITION_Z="254.81542470746516" />
        <Spot ID="147471" name="ID147471" VISIBILITY="1" RADIUS="5.644739300537773" QUALITY="-1.0" SOURCE_ID="0" POSITION_T="111.0" POSITION_X="1094.4446550291593" POSITION_Y="374.0762474633521" FRAME="111" POSITION_Z="265.26742958052324" />
        <Spot ID="113951" name="ID113951" VISIBILITY="1" RADIUS="7.513148009015772" QUALITY="223.46163940429688" SOURCE_ID="0" POSITION_T="111.0" POSITION_X="1167.9175743811545" POSITION_Y="201.55421741606966" FRAME="111" POSITION_Z="308.50244010745894" />
      </SpotsInFrame>
      <SpotsInFrame frame="112">
        <Spot ID="147478" name="ID147478" VISIBILITY="1" RADIUS="5.644739300537773" QUALITY="-1.0" SOURCE_ID="0" POSITION_T="112.0" POSITION_X="1094.8352709784256" POSITION_Y="373.3389797185787" FRAME="112" POSITION_Z="265.0203012862465" />
        <Spot ID="108884" name="ID108884" VISIBILITY="1" RADIUS="7.513148009015776" QUALITY="-1.0" SOURCE_ID="0" POSITION_T="112.0" POSITION_X="1141.523810885045" POSITION_Y="202.87514883371878" FRAME="112" POSITION_Z="302.8664896658956" />
        <Spot ID="137879" name="ID137879" VISIBILITY="1" RADIUS="6.830134553650701" QUALITY="139.12216186523438" SOURCE_ID="0" POSITION_T="112.0" POSITION_X="1122.6316760437135" POSITION_Y="412.0578182992433" FRAME="112" CELL_DIVISION_TIME="187.0" POSITION_Z="283.7678694290328" />
        <Spot ID="169684" name="ID169684" VISIBILITY="1" RADIUS="5.644739300537772" QUALITY="389.61187744140625" SOURCE_ID="0" POSITION_T="112.0" POSITION_X="1156.5171266993502" POSITION_Y="382.48208321281334" FRAME="112" CELL_DIVISION_TIME="205.0" POSITION_Z="309.4566318858258" />
        <Spot ID="166821" name="ID166821" VISIBILITY="1" RADIUS="6.830134553650705" QUALITY="-1.0" SOURCE_ID="0" POSITION_T="112.0" POSITION_X="1121.0863106097877" POSITION_Y="361.1889487532136" FRAME="112" POSITION_Z="252.1745649934262" />
        <Spot ID="129944" name="ID129944" VISIBILITY="1" RADIUS="6.209213230591548" QUALITY="-1.0" SOURCE_ID="0" POSITION_T="112.0" POSITION_X="1095.6889082431114" POSITION_Y="393.37217227103986" FRAME="112" POSITION_Z="245.11034971632068" />
        <Spot ID="177992" name="ID177992" VISIBILITY="1" RADIUS="6.830134553650705" QUALITY="-1.0" SOURCE_ID="0" POSITION_T="112.0" POSITION_X="1152.8235873501428" POSITION_Y="349.66387149539975" FRAME="112" POSITION_Z="300.7750040262003" />
        <Spot ID="113964" name="ID113964" VISIBILITY="1" RADIUS="7.513148009015772" QUALITY="223.65631103515625" SOURCE_ID="0" POSITION_T="112.0" POSITION_X="1165.211080824496" POSITION_Y="202.05574613745216" FRAME="112" POSITION_Z="305.26670989589536" />
      </SpotsInFrame>
      <SpotsInFrame frame="113">
        <Spot ID="166803" name="ID166803" VISIBILITY="1" RADIUS="6.830134553650705" QUALITY="-1.0" SOURCE_ID="0" POSITION_T="113.0" POSITION_X="1122.526779544718" POSITION_Y="361.18894875321354" FRAME="113" POSITION_Z="250.73409605849588" />
        <Spot ID="108883" name="ID108883" VISIBILITY="1" RADIUS="7.513148009015776" QUALITY="-1.0" SOURCE_ID="0" POSITION_T="113.0" POSITION_X="1138.9783764360564" POSITION_Y="201.0933447194268" FRAME="113" POSITION_Z="302.86648966589553" />
        <Spot ID="147479" name="ID147479" VISIBILITY="1" RADIUS="5.644739300537773" QUALITY="-1.0" SOURCE_ID="0" POSITION_T="113.0" POSITION_X="1096.5538088750857" POSITION_Y="371.5608481876858" FRAME="113" POSITION_Z="265.26341895261805" />
        <Spot ID="177994" name="ID177994" VISIBILITY="1" RADIUS="6.830134553650705" QUALITY="-1.0" SOURCE_ID="0" POSITION_T="113.0" POSITION_X="1151.6231965710342" POSITION_Y="349.6638714953998" FRAME="113" POSITION_Z="300.5349258703786" />
        <Spot ID="113979" name="ID113979" VISIBILITY="1" RADIUS="7.513148009015772" QUALITY="253.39166259765625" SOURCE_ID="0" POSITION_T="113.0" POSITION_X="1167.7542190191002" POSITION_Y="200.7426178199938" FRAME="113" POSITION_Z="309.25994890261217" />
        <Spot ID="137982" name="ID137982" VISIBILITY="1" RADIUS="6.830134553650701" QUALITY="203.41989135742188" SOURCE_ID="0" POSITION_T="113.0" POSITION_X="1122.6316760437132" POSITION_Y="409.7743411818982" FRAME="113" CELL_DIVISION_TIME="187.0" POSITION_Z="285.72513552961436" />
        <Spot ID="169694" name="ID169694" VISIBILITY="1" RADIUS="5.644739300537772" QUALITY="376.68017578125" SOURCE_ID="0" POSITION_T="113.0" POSITION_X="1156.2977976167597" POSITION_Y="380.43046131312303" FRAME="113" CELL_DIVISION_TIME="205.0" POSITION_Z="310.97733549685694" />
        <Spot ID="129918" name="ID129918" VISIBILITY="1" RADIUS="6.209213230591548" QUALITY="-1.0" SOURCE_ID="0" POSITION_T="113.0" POSITION_X="1095.6889082431114" POSITION_Y="391.08869515369474" FRAME="113" POSITION_Z="244.78413869955708" />
      </SpotsInFrame>
      <SpotsInFrame frame="114">
        <Spot ID="108882" name="ID108882" VISIBILITY="1" RADIUS="7.513148009015776" QUALITY="-1.0" SOURCE_ID="0" POSITION_T="114.0" POSITION_X="1136.9420288768656" POSITION_Y="202.8751488337188" FRAME="114" POSITION_Z="302.8664896658955" />
        <Spot ID="113986" name="ID113986" VISIBILITY="1" RADIUS="7.513148009015772" QUALITY="268.07373046875" SOURCE_ID="0" POSITION_T="114.0" POSITION_X="1162.5020934090032" POSITION_Y="200.99716126489267" FRAME="114" POSITION_Z="308.8936815240604" />
        <Spot ID="177995" name="ID177995" VISIBILITY="1" RADIUS="6.830134553650705" QUALITY="-1.0" SOURCE_ID="0" POSITION_T="114.0" POSITION_X="1147.0617116104215" POSITION_Y="349.6638714953998" FRAME="114" POSITION_Z="299.09445693544825" />
        <Spot ID="147480" name="ID147480" VISIBILITY="1" RADIUS="5.644739300537773" QUALITY="-1.0" SOURCE_ID="0" POSITION_T="114.0" POSITION_X="1096.9305775743385" POSITION_Y="371.36695926194324" FRAME="114" POSITION_Z="265.4945947726767" />
        <Spot ID="169710" name="ID169710" VISIBILITY="1" RADIUS="5.644739300537772" QUALITY="388.7182312011719" SOURCE_ID="0" POSITION_T="114.0" POSITION_X="1155.8395806367037" POSITION_Y="378.80282432355773" FRAME="114" CELL_DIVISION_TIME="205.0" POSITION_Z="313.3657289798639" />
        <Spot ID="129900" name="ID129900" VISIBILITY="1" RADIUS="6.209213230591548" QUALITY="-1.0" SOURCE_ID="0" POSITION_T="114.0" POSITION_X="1095.6889082431114" POSITION_Y="391.4149061704583" FRAME="114" POSITION_Z="242.82687259897557" />
        <Spot ID="166716" name="ID166716" VISIBILITY="1" RADIUS="6.830134553650705" QUALITY="-1.0" SOURCE_ID="0" POSITION_T="114.0" POSITION_X="1123.4820243936415" POSITION_Y="361.43029385262616" FRAME="114" POSITION_Z="250.9741742143176" />
        <Spot ID="137997" name="ID137997" VISIBILITY="1" RADIUS="6.830134553650701" QUALITY="184.6809539794922" SOURCE_ID="0" POSITION_T="114.0" POSITION_X="1122.631676043713" POSITION_Y="411.40539626571615" FRAME="114" CELL_DIVISION_TIME="187.0" POSITION_Z="287.6824016301959" />
      </SpotsInFrame>
      <SpotsInFrame frame="115">
        <Spot ID="108881" name="ID108881" VISIBILITY="1" RADIUS="7.513148009015776" QUALITY="-1.0" SOURCE_ID="0" POSITION_T="115.0" POSITION_X="1135.1602247625738" POSITION_Y="203.6387791684154" FRAME="115" POSITION_Z="302.8664896658955" />
        <Spot ID="138016" name="ID138016" VISIBILITY="1" RADIUS="6.830134553650701" QUALITY="271.79681396484375" SOURCE_ID="0" POSITION_T="115.0" POSITION_X="1122.6316760437128" POSITION_Y="412.38402931600695" FRAME="115" CELL_DIVISION_TIME="187.0" POSITION_Z="286.3775575631416" />
        <Spot ID="169719" name="ID169719" VISIBILITY="1" RADIUS="5.644739300537772" QUALITY="335.7903747558594" SOURCE_ID="0" POSITION_T="115.0" POSITION_X="1154.740173735219" POSITION_Y="381.21476451420557" FRAME="115" CELL_DIVISION_TIME="205.0" POSITION_Z="310.6271547549444" />
        <Spot ID="166715" name="ID166715" VISIBILITY="1" RADIUS="6.830134553650705" QUALITY="-1.0" SOURCE_ID="0" POSITION_T="115.0" POSITION_X="1124.0034328171075" POSITION_Y="362.0255289497048" FRAME="115" POSITION_Z="252.12856276496456" />
        <Spot ID="114107" name="ID114107" VISIBILITY="1" RADIUS="7.513148009015772" QUALITY="-1.0" SOURCE_ID="0" POSITION_T="115.0" POSITION_X="1163.2657237436995" POSITION_Y="203.54259571388118" FRAME="115" POSITION_Z="308.5274141455086" />
        <Spot ID="147481" name="ID147481" VISIBILITY="1" RADIUS="5.644739300537773" QUALITY="-1.0" SOURCE_ID="0" POSITION_T="115.0" POSITION_X="1095.9886558262062" POSITION_Y="371.85168157629965" FRAME="115" POSITION_Z="264.91665522253004" />
        <Spot ID="129884" name="ID129884" VISIBILITY="1" RADIUS="6.209213230591548" QUALITY="-1.0" SOURCE_ID="0" POSITION_T="115.0" POSITION_X="1095.6889082431114" POSITION_Y="391.74111718722185" FRAME="115" POSITION_Z="247.3938268336657" />
        <Spot ID="178013" name="ID178013" VISIBILITY="1" RADIUS="6.830134553650705" QUALITY="206.7674560546875" SOURCE_ID="0" POSITION_T="115.0" POSITION_X="1144.4584938899427" POSITION_Y="350.05281116129333" FRAME="115" POSITION_Z="296.1430337112153" />
      </SpotsInFrame>
      <SpotsInFrame frame="116">
        <Spot ID="138034" name="ID138034" VISIBILITY="1" RADIUS="6.830134553650701" QUALITY="253.8059844970703" SOURCE_ID="0" POSITION_T="116.0" POSITION_X="1122.6316760437126" POSITION_Y="411.4053962657162" FRAME="116" CELL_DIVISION_TIME="187.0" POSITION_Z="285.07271349608726" />
        <Spot ID="178034" name="ID178034" VISIBILITY="1" RADIUS="6.830134553650705" QUALITY="131.0230712890625" SOURCE_ID="0" POSITION_T="116.0" POSITION_X="1144.4584938899425" POSITION_Y="350.4496345593458" FRAME="116" POSITION_Z="292.9684465267958" />
        <Spot ID="166560" name="ID166560" VISIBILITY="1" RADIUS="6.830134553650705" QUALITY="-1.0" SOURCE_ID="0" POSITION_T="116.0" POSITION_X="1124.4349025018148" POSITION_Y="362.42235234775717" FRAME="116" POSITION_Z="250.77003127344443" />
        <Spot ID="169733" name="ID169733" VISIBILITY="1" RADIUS="5.644739300537772" QUALITY="412.8075866699219" SOURCE_ID="0" POSITION_T="116.0" POSITION_X="1154.6752309987519" POSITION_Y="380.6662014229563" FRAME="116" CELL_DIVISION_TIME="205.0" POSITION_Z="310.4253556732849" />
        <Spot ID="147483" name="ID147483" VISIBILITY="1" RADIUS="5.644739300537773" QUALITY="-1.0" SOURCE_ID="0" POSITION_T="116.0" POSITION_X="1097.1512721739962" POSITION_Y="370.0021308879999" FRAME="116" POSITION_Z="264.49413974925665" />
        <Spot ID="129882" name="ID129882" VISIBILITY="1" RADIUS="6.209213230591548" QUALITY="-1.0" SOURCE_ID="0" POSITION_T="116.0" POSITION_X="1097.92497058917" POSITION_Y="392.85914836025097" FRAME="116" POSITION_Z="247.3938268336658" />
        <Spot ID="114124" name="ID114124" VISIBILITY="1" RADIUS="7.513148009015772" QUALITY="-1.0" SOURCE_ID="0" POSITION_T="116.0" POSITION_X="1164.445154235414" POSITION_Y="203.79713915877994" FRAME="116" POSITION_Z="309.25994890261217" />
        <Spot ID="108879" name="ID108879" VISIBILITY="1" RADIUS="7.513148009015776" QUALITY="-1.0" SOURCE_ID="0" POSITION_T="116.0" POSITION_X="1134.6511378727766" POSITION_Y="202.69227296068448" FRAME="116" POSITION_Z="306.4548108502952" />
      </SpotsInFrame>
      <SpotsInFrame frame="117">
        <Spot ID="138050" name="ID138050" VISIBILITY="1" RADIUS="6.830134553650701" QUALITY="254.48141479492188" SOURCE_ID="0" POSITION_T="117.0" POSITION_X="1122.6316760437123" POSITION_Y="407.49086406455314" FRAME="117" CELL_DIVISION_TIME="187.0" POSITION_Z="283.1154473955058" />
        <Spot ID="114226" name="ID114226" VISIBILITY="1" RADIUS="7.513148009015772" QUALITY="302.733154296875" SOURCE_ID="0" POSITION_T="117.0" POSITION_X="1160.88154600683" POSITION_Y="201.03670199419722" FRAME="117" POSITION_Z="309.9123709361393" />
        <Spot ID="169750" name="ID169750" VISIBILITY="1" RADIUS="5.644739300537772" QUALITY="324.12982177734375" SOURCE_ID="0" POSITION_T="117.0" POSITION_X="1155.5163478912114" POSITION_Y="377.6161626265288" FRAME="117" CELL_DIVISION_TIME="205.0" POSITION_Z="311.31905533728275" />
        <Spot ID="129862" name="ID129862" VISIBILITY="1" RADIUS="6.209213230591548" QUALITY="-1.0" SOURCE_ID="0" POSITION_T="117.0" POSITION_X="1097.92497058917" POSITION_Y="389.9232492093787" FRAME="117" POSITION_Z="244.7841386995571" />
        <Spot ID="166536" name="ID166536" VISIBILITY="1" RADIUS="6.830134553650705" QUALITY="-1.0" SOURCE_ID="0" POSITION_T="117.0" POSITION_X="1126.2878925549708" POSITION_Y="359.44617686236387" FRAME="117" POSITION_Z="250.3100089888273" />
        <Spot ID="148105" name="ID148105" VISIBILITY="1" RADIUS="6.20921323059155" QUALITY="-1.0" SOURCE_ID="0" POSITION_T="117.0" POSITION_X="1098.1024254221372" POSITION_Y="369.155156027623" FRAME="117" POSITION_Z="264.7532098898464" />
        <Spot ID="178047" name="ID178047" VISIBILITY="1" RADIUS="6.830134553650705" QUALITY="141.11911010742188" SOURCE_ID="0" POSITION_T="117.0" POSITION_X="1145.3844363598905" POSITION_Y="346.4770728021979" FRAME="117" POSITION_Z="293.5391149135545" />
        <Spot ID="108878" name="ID108878" VISIBILITY="1" RADIUS="7.513148009015776" QUALITY="-1.0" SOURCE_ID="0" POSITION_T="117.0" POSITION_X="1134.6511378727769" POSITION_Y="199.43016279304862" FRAME="117" POSITION_Z="307.433443900586" />
      </SpotsInFrame>
      <SpotsInFrame frame="118">
        <Spot ID="169763" name="ID169763" VISIBILITY="1" RADIUS="5.644739300537772" QUALITY="366.0408020019531" SOURCE_ID="0" POSITION_T="118.0" POSITION_X="1154.5305644104694" POSITION_Y="377.51504075427954" FRAME="118" CELL_DIVISION_TIME="205.0" POSITION_Z="313.2881285614149" />
        <Spot ID="129811" name="ID129811" VISIBILITY="1" RADIUS="6.209213230591548" QUALITY="-1.0" SOURCE_ID="0" POSITION_T="118.0" POSITION_X="1095.3610989393076" POSITION_Y="389.9232492093787" FRAME="118" POSITION_Z="245.51667345666067" />
        <Spot ID="178064" name="ID178064" VISIBILITY="1" RADIUS="6.830134553650705" QUALITY="135.98492431640625" SOURCE_ID="0" POSITION_T="118.0" POSITION_X="1145.3844363598903" POSITION_Y="345.2866026080405" FRAME="118" POSITION_Z="295.7216436028429" />
        <Spot ID="166534" name="ID166534" VISIBILITY="1" RADIUS="6.830134553650705" QUALITY="-1.0" SOURCE_ID="0" POSITION_T="118.0" POSITION_X="1126.2466404431482" POSITION_Y="360.2398236584687" FRAME="118" POSITION_Z="250.11593306146733" />
        <Spot ID="108868" name="ID108868" VISIBILITY="1" RADIUS="7.513148009015776" QUALITY="-1.0" SOURCE_ID="0" POSITION_T="118.0" POSITION_X="1134.6511378727769" POSITION_Y="200.73500686010294" FRAME="118" POSITION_Z="307.7596549173496" />
        <Spot ID="148106" name="ID148106" VISIBILITY="1" RADIUS="6.20921323059155" QUALITY="-1.0" SOURCE_ID="0" POSITION_T="118.0" POSITION_X="1096.0071188262239" POSITION_Y="371.12717648425854" FRAME="118" POSITION_Z="264.27891640341636" />
        <Spot ID="114248" name="ID114248" VISIBILITY="1" RADIUS="7.513148009015772" QUALITY="266.7252197265625" SOURCE_ID="0" POSITION_T="118.0" POSITION_X="1161.3906328966277" POSITION_Y="201.33078616840078" FRAME="118" POSITION_Z="308.60752686908495" />
        <Spot ID="138124" name="ID138124" VISIBILITY="1" RADIUS="6.830134553650701" QUALITY="248.26467895507812" SOURCE_ID="0" POSITION_T="118.0" POSITION_X="1120.7682907553303" POSITION_Y="406.00015583384754" FRAME="118" CELL_DIVISION_TIME="187.0" POSITION_Z="283.11544739550584" />
      </SpotsInFrame>
      <SpotsInFrame frame="119">
        <Spot ID="148114" name="ID148114" VISIBILITY="1" RADIUS="6.20921323059155" QUALITY="-1.0" SOURCE_ID="0" POSITION_T="119.0" POSITION_X="1095.213472030119" POSITION_Y="371.12717648425854" FRAME="119" POSITION_Z="264.08050470439014" />
        <Spot ID="178082" name="ID178082" VISIBILITY="1" RADIUS="6.830134553650705" QUALITY="168.62210083007812" SOURCE_ID="0" POSITION_T="119.0" POSITION_X="1145.38443635989" POSITION_Y="346.4770728021977" FRAME="119" POSITION_Z="295.9200553018691" />
        <Spot ID="166499" name="ID166499" VISIBILITY="1" RADIUS="6.830134553650705" QUALITY="-1.0" SOURCE_ID="0" POSITION_T="119.0" POSITION_X="1125.3390939830517" POSITION_Y="360.0414119594425" FRAME="119" POSITION_Z="245.846262659547" />
        <Spot ID="108866" name="ID108866" VISIBILITY="1" RADIUS="7.513148009015776" QUALITY="-1.0" SOURCE_ID="0" POSITION_T="119.0" POSITION_X="1134.6511378727773" POSITION_Y="201.71363991039362" FRAME="119" POSITION_Z="306.4548108502953" />
        <Spot ID="114261" name="ID114261" VISIBILITY="1" RADIUS="6.830134553650702" QUALITY="206.94143676757812" SOURCE_ID="0" POSITION_T="119.0" POSITION_X="1160.3724591170321" POSITION_Y="200.63882340556893" FRAME="119" POSITION_Z="305.0192056846855" />
        <Spot ID="129803" name="ID129803" VISIBILITY="1" RADIUS="6.209213230591548" QUALITY="-1.0" SOURCE_ID="0" POSITION_T="119.0" POSITION_X="1092.3860921570208" POSITION_Y="389.3182419471381" FRAME="119" POSITION_Z="249.09923451860197" />
        <Spot ID="169775" name="ID169775" VISIBILITY="1" RADIUS="5.644739300537772" QUALITY="386.95361328125" SOURCE_ID="0" POSITION_T="119.0" POSITION_X="1152.3841244280916" POSITION_Y="373.5441481309153" FRAME="119" CELL_DIVISION_TIME="205.0" POSITION_Z="314.7859438432838" />
        <Spot ID="138141" name="ID138141" VISIBILITY="1" RADIUS="6.830134553650701" QUALITY="218.17724609375" SOURCE_ID="0" POSITION_T="119.0" POSITION_X="1120.0229366399776" POSITION_Y="406.37283289152396" FRAME="119" CELL_DIVISION_TIME="187.0" POSITION_Z="283.86080151085866" />
      </SpotsInFrame>
      <SpotsInFrame frame="120">
        <Spot ID="108865" name="ID108865" VISIBILITY="1" RADIUS="7.513148009015776" QUALITY="-1.0" SOURCE_ID="0" POSITION_T="120.0" POSITION_X="1133.1603491470134" POSITION_Y="201.93769812817" FRAME="120" POSITION_Z="305.41503120779316" />
        <Spot ID="148115" name="ID148115" VISIBILITY="1" RADIUS="6.20921323059155" QUALITY="-1.0" SOURCE_ID="0" POSITION_T="120.0" POSITION_X="1092.634119942778" POSITION_Y="371.12717648425854" FRAME="120" POSITION_Z="263.0884462092591" />
        <Spot ID="166486" name="ID166486" VISIBILITY="1" RADIUS="6.830134553650705" QUALITY="-1.0" SOURCE_ID="0" POSITION_T="120.0" POSITION_X="1126.1005805623395" POSITION_Y="358.4541183672327" FRAME="120" POSITION_Z="244.5998696519768" />
        <Spot ID="129783" name="ID129783" VISIBILITY="1" RADIUS="6.209213230591548" QUALITY="-1.0" SOURCE_ID="0" POSITION_T="120.0" POSITION_X="1091.6407380416679" POSITION_Y="389.69091900481453" FRAME="120" POSITION_Z="249.09923451860203" />
        <Spot ID="114278" name="ID114278" VISIBILITY="1" RADIUS="7.513148009015772" QUALITY="281.5975036621094" SOURCE_ID="0" POSITION_T="120.0" POSITION_X="1159.4652459459733" POSITION_Y="201.14432579349273" FRAME="120" POSITION_Z="307.4727244548452" />
        <Spot ID="169786" name="ID169786" VISIBILITY="1" RADIUS="5.644739300537772" QUALITY="308.7926940917969" SOURCE_ID="0" POSITION_T="120.0" POSITION_X="1148.8343835890762" POSITION_Y="375.2724730453129" FRAME="120" CELL_DIVISION_TIME="205.0" POSITION_Z="310.98904562110016" />
        <Spot ID="178111" name="ID178111" VISIBILITY="1" RADIUS="6.830134553650705" QUALITY="159.48880004882812" SOURCE_ID="0" POSITION_T="120.0" POSITION_X="1142.6801708172707" POSITION_Y="346.34799711886507" FRAME="120" POSITION_Z="293.79448208340176" />
        <Spot ID="138156" name="ID138156" VISIBILITY="1" RADIUS="6.830134553650701" QUALITY="228.6471405029297" SOURCE_ID="0" POSITION_T="120.0" POSITION_X="1116.2961660632134" POSITION_Y="406.7455099492005" FRAME="120" CELL_DIVISION_TIME="187.0" POSITION_Z="283.8608015108587" />
      </SpotsInFrame>
      <SpotsInFrame frame="121">
        <Spot ID="166450" name="ID166450" VISIBILITY="1" RADIUS="6.20921323059155" QUALITY="-1.0" SOURCE_ID="0" POSITION_T="121.0" POSITION_X="1130.6620655229522" POSITION_Y="358.4541183672326" FRAME="121" POSITION_Z="245.32010411944196" />
        <Spot ID="108864" name="ID108864" VISIBILITY="1" RADIUS="7.513148009015776" QUALITY="-1.0" SOURCE_ID="0" POSITION_T="121.0" POSITION_X="1133.8658558305472" POSITION_Y="202.22715757236568" FRAME="121" POSITION_Z="304.3368629216057" />
        <Spot ID="178128" name="ID178128" VISIBILITY="1" RADIUS="6.830134553650705" QUALITY="168.1931915283203" SOURCE_ID="0" POSITION_T="121.0" POSITION_X="1145.019625827865" POSITION_Y="345.8305427794504" FRAME="121" POSITION_Z="294.5073854431267" />
        <Spot ID="148118" name="ID148118" VISIBILITY="1" RADIUS="6.20921323059155" QUALITY="-1.0" SOURCE_ID="0" POSITION_T="121.0" POSITION_X="1091.6420614476467" POSITION_Y="371.12717648425854" FRAME="121" POSITION_Z="263.8820930053639" />
        <Spot ID="114295" name="ID114295" VISIBILITY="1" RADIUS="7.513148009015772" QUALITY="262.95452880859375" SOURCE_ID="0" POSITION_T="121.0" POSITION_X="1159.4652459459735" POSITION_Y="201.79674782701994" FRAME="121" POSITION_Z="308.12514648837237" />
        <Spot ID="169796" name="ID169796" VISIBILITY="1" RADIUS="5.644739300537772" QUALITY="346.2364196777344" SOURCE_ID="0" POSITION_T="121.0" POSITION_X="1147.9214533054055" POSITION_Y="377.9527561390864" FRAME="121" CELL_DIVISION_TIME="205.0" POSITION_Z="304.88668452552173" />
        <Spot ID="129755" name="ID129755" VISIBILITY="1" RADIUS="6.209213230591548" QUALITY="-1.0" SOURCE_ID="0" POSITION_T="121.0" POSITION_X="1089.809401148909" POSITION_Y="391.97439612215965" FRAME="121" POSITION_Z="247.46817943478408" />
        <Spot ID="138174" name="ID138174" VISIBILITY="1" RADIUS="6.830134553650701" QUALITY="229.06797790527344" SOURCE_ID="0" POSITION_T="121.0" POSITION_X="1116.6688431208895" POSITION_Y="407.67862568895225" FRAME="121" CELL_DIVISION_TIME="187.0" POSITION_Z="286.0513465463782" />
      </SpotsInFrame>
      <SpotsInFrame frame="122">
        <Spot ID="178146" name="ID178146" VISIBILITY="1" RADIUS="6.830134553650705" QUALITY="158.13104248046875" SOURCE_ID="0" POSITION_T="122.0" POSITION_X="1142.5002646955973" POSITION_Y="345.8287623395749" FRAME="122" POSITION_Z="289.0785965675245" />
        <Spot ID="114435" name="ID114435" VISIBILITY="1" RADIUS="7.513148009015772" QUALITY="311.9918518066406" SOURCE_ID="0" POSITION_T="122.0" POSITION_X="1159.4652459459737" POSITION_Y="201.47053681025636" FRAME="122" POSITION_Z="309.1037795386631" />
        <Spot ID="166433" name="ID166433" VISIBILITY="1" RADIUS="5.131581182307066" QUALITY="-1.0" SOURCE_ID="0" POSITION_T="122.0" POSITION_X="1131.3336133634812" POSITION_Y="358.6525300662587" FRAME="122" POSITION_Z="248.28297943271278" />
        <Spot ID="129733" name="ID129733" VISIBILITY="1" RADIUS="6.209213230591548" QUALITY="-1.0" SOURCE_ID="0" POSITION_T="122.0" POSITION_X="1090.9082032845645" POSITION_Y="391.648185105396" FRAME="122" POSITION_Z="245.95729343633064" />
        <Spot ID="148119" name="ID148119" VISIBILITY="1" RADIUS="6.20921323059155" QUALITY="-1.0" SOURCE_ID="0" POSITION_T="122.0" POSITION_X="1091.8404731466728" POSITION_Y="371.72241158133716" FRAME="122" POSITION_Z="265.46938659757365" />
        <Spot ID="108844" name="ID108844" VISIBILITY="1" RADIUS="7.513148009015776" QUALITY="-1.0" SOURCE_ID="0" POSITION_T="122.0" POSITION_X="1130.1787716954857" POSITION_Y="202.3858145637228" FRAME="122" POSITION_Z="303.3354719227889" />
        <Spot ID="138188" name="ID138188" VISIBILITY="1" RADIUS="6.830134553650701" QUALITY="241.75588989257812" SOURCE_ID="0" POSITION_T="122.0" POSITION_X="1117.4141972362422" POSITION_Y="407.53827883584006" FRAME="122" CELL_DIVISION_TIME="187.0" POSITION_Z="285.0727134960875" />
        <Spot ID="169821" name="ID169821" VISIBILITY="1" RADIUS="5.644739300537772" QUALITY="373.2316589355469" SOURCE_ID="0" POSITION_T="122.0" POSITION_X="1150.6440751810296" POSITION_Y="376.12475732620896" FRAME="122" CELL_DIVISION_TIME="205.0" POSITION_Z="308.8562631159967" />
      </SpotsInFrame>
      <SpotsInFrame frame="123">
        <Spot ID="166384" name="ID166384" VISIBILITY="1" RADIUS="5.131581182307066" QUALITY="-1.0" SOURCE_ID="0" POSITION_T="123.0" POSITION_X="1130.8570907361786" POSITION_Y="357.84846047557954" FRAME="123" POSITION_Z="249.44743499687294" />
        <Spot ID="138231" name="ID138231" VISIBILITY="1" RADIUS="6.830134553650701" QUALITY="226.16458129882812" SOURCE_ID="0" POSITION_T="123.0" POSITION_X="1117.7868742939188" POSITION_Y="406.7929247204873" FRAME="123" CELL_DIVISION_TIME="187.0" POSITION_Z="285.07271349608754" />
        <Spot ID="108807" name="ID108807" VISIBILITY="1" RADIUS="7.513148009015776" QUALITY="-1.0" SOURCE_ID="0" POSITION_T="123.0" POSITION_X="1129.415141360789" POSITION_Y="200.16659113149774" FRAME="123" POSITION_Z="301.70441683897093" />
        <Spot ID="178164" name="ID178164" VISIBILITY="1" RADIUS="6.830134553650705" QUALITY="150.2187042236328" SOURCE_ID="0" POSITION_T="123.0" POSITION_X="1144.4318510132075" POSITION_Y="343.237532554287" FRAME="123" POSITION_Z="289.2614865255159" />
        <Spot ID="169829" name="ID169829" VISIBILITY="1" RADIUS="5.644739300537772" QUALITY="498.11065673828125" SOURCE_ID="0" POSITION_T="123.0" POSITION_X="1151.783397391983" POSITION_Y="378.99294292161085" FRAME="123" CELL_DIVISION_TIME="205.0" POSITION_Z="309.81142208208826" />
        <Spot ID="129720" name="ID129720" VISIBILITY="1" RADIUS="6.209213230591548" QUALITY="-1.0" SOURCE_ID="0" POSITION_T="123.0" POSITION_X="1090.9082032845645" POSITION_Y="392.812682319338" FRAME="123" POSITION_Z="244.32623835251275" />
        <Spot ID="148123" name="ID148123" VISIBILITY="1" RADIUS="6.20921323059155" QUALITY="-1.0" SOURCE_ID="0" POSITION_T="123.0" POSITION_X="1091.2452380495938" POSITION_Y="371.7224115813371" FRAME="123" POSITION_Z="264.08050470439014" />
        <Spot ID="114447" name="ID114447" VISIBILITY="1" RADIUS="7.513148009015772" QUALITY="258.16448974609375" SOURCE_ID="0" POSITION_T="123.0" POSITION_X="1159.465245945974" POSITION_Y="200.8181147767292" FRAME="123" POSITION_Z="308.4513575051359" />
      </SpotsInFrame>
      <SpotsInFrame frame="124">
        <Spot ID="108791" name="ID108791" VISIBILITY="1" RADIUS="7.513148009015776" QUALITY="-1.0" SOURCE_ID="0" POSITION_T="124.0" POSITION_X="1127.6380787588391" POSITION_Y="200.55540508899384" FRAME="124" POSITION_Z="302.236096434809" />
        <Spot ID="129719" name="ID129719" VISIBILITY="1" RADIUS="6.209213230591548" QUALITY="-1.0" SOURCE_ID="0" POSITION_T="124.0" POSITION_X="1092.3732727987717" POSITION_Y="396.0747924869738" FRAME="124" POSITION_Z="244.36629471430092" />
        <Spot ID="148139" name="ID148139" VISIBILITY="1" RADIUS="6.20921323059155" QUALITY="-1.0" SOURCE_ID="0" POSITION_T="124.0" POSITION_X="1090.2531795544626" POSITION_Y="371.7224115813371" FRAME="124" POSITION_Z="262.4932111121804" />
        <Spot ID="114459" name="ID114459" VISIBILITY="1" RADIUS="7.513148009015772" QUALITY="272.109619140625" SOURCE_ID="0" POSITION_T="124.0" POSITION_X="1159.4652459459742" POSITION_Y="204.73264697789224" FRAME="124" POSITION_Z="311.7134676727717" />
        <Spot ID="138248" name="ID138248" VISIBILITY="1" RADIUS="6.830134553650701" QUALITY="236.3389434814453" SOURCE_ID="0" POSITION_T="124.0" POSITION_X="1116.2961660632131" POSITION_Y="406.79292472048735" FRAME="124" CELL_DIVISION_TIME="187.0" POSITION_Z="285.0727134960876" />
        <Spot ID="178184" name="ID178184" VISIBILITY="1" RADIUS="6.830134553650705" QUALITY="175.77761840820312" SOURCE_ID="0" POSITION_T="124.0" POSITION_X="1143.3005186041155" POSITION_Y="346.4765676525328" FRAME="124" POSITION_Z="290.06621740003186" />
        <Spot ID="169838" name="ID169838" VISIBILITY="1" RADIUS="5.644739300537772" QUALITY="338.36517333984375" SOURCE_ID="0" POSITION_T="124.0" POSITION_X="1150.1888275552171" POSITION_Y="378.8451254893603" FRAME="124" CELL_DIVISION_TIME="205.0" POSITION_Z="305.75857075519303" />
        <Spot ID="166351" name="ID166351" VISIBILITY="1" RADIUS="5.131581182307066" QUALITY="-1.0" SOURCE_ID="0" POSITION_T="124.0" POSITION_X="1130.0733006115497" POSITION_Y="359.8325774658417" FRAME="124" POSITION_Z="245.7599923770327" />
      </SpotsInFrame>
      <SpotsInFrame frame="125">
        <Spot ID="148183" name="ID148183" VISIBILITY="1" RADIUS="6.20921323059155" QUALITY="-1.0" SOURCE_ID="0" POSITION_T="125.0" POSITION_X="1088.2690625642" POSITION_Y="371.7224115813371" FRAME="125" POSITION_Z="259.51703562678716" />
        <Spot ID="165828" name="ID165828" VISIBILITY="1" RADIUS="5.131581182307066" QUALITY="-1.0" SOURCE_ID="0" POSITION_T="125.0" POSITION_X="1128.4128018844378" POSITION_Y="360.03098916486795" FRAME="125" POSITION_Z="243.6251571760726" />
        <Spot ID="114470" name="ID114470" VISIBILITY="1" RADIUS="7.513148009015772" QUALITY="242.53585815429688" SOURCE_ID="0" POSITION_T="125.0" POSITION_X="1159.4652459459742" POSITION_Y="206.36370206171017" FRAME="125" POSITION_Z="308.7775685218994" />
        <Spot ID="129718" name="ID129718" VISIBILITY="1" RADIUS="6.209213230591548" QUALITY="-1.0" SOURCE_ID="0" POSITION_T="125.0" POSITION_X="1090.175668527461" POSITION_Y="396.0747924869738" FRAME="125" POSITION_Z="243.6337599571974" />
        <Spot ID="138267" name="ID138267" VISIBILITY="1" RADIUS="6.830134553650701" QUALITY="243.23040771484375" SOURCE_ID="0" POSITION_T="125.0" POSITION_X="1115.5508119478602" POSITION_Y="405.022471513931" FRAME="125" CELL_DIVISION_TIME="187.0" POSITION_Z="281.8106033284518" />
        <Spot ID="108781" name="ID108781" VISIBILITY="1" RADIUS="7.513148009015776" QUALITY="-1.0" SOURCE_ID="0" POSITION_T="125.0" POSITION_X="1127.6380787588394" POSITION_Y="204.4699372901568" FRAME="125" POSITION_Z="300.6050413509911" />
        <Spot ID="178206" name="ID178206" VISIBILITY="1" RADIUS="6.830134553650705" QUALITY="212.0937042236328" SOURCE_ID="0" POSITION_T="125.0" POSITION_X="1142.9600304353396" POSITION_Y="347.80638825079546" FRAME="125" POSITION_Z="289.7062614736961" />
        <Spot ID="169852" name="ID169852" VISIBILITY="1" RADIUS="5.644739300537772" QUALITY="559.1600341796875" SOURCE_ID="0" POSITION_T="125.0" POSITION_X="1150.688275154088" POSITION_Y="378.1944853736748" FRAME="125" CELL_DIVISION_TIME="205.0" POSITION_Z="309.5138864604149" />
      </SpotsInFrame>
      <SpotsInFrame frame="126">
        <Spot ID="138288" name="ID138288" VISIBILITY="1" RADIUS="6.830134553650701" QUALITY="307.2091064453125" SOURCE_ID="0" POSITION_T="126.0" POSITION_X="1113.3147496018016" POSITION_Y="406.8858568023131" FRAME="126" CELL_DIVISION_TIME="187.0" POSITION_Z="281.81060332845186" />
        <Spot ID="129669" name="ID129669" VISIBILITY="1" RADIUS="6.209213230591548" QUALITY="-1.0" SOURCE_ID="0" POSITION_T="126.0" POSITION_X="1087.9780642561507" POSITION_Y="396.0747924869738" FRAME="126" POSITION_Z="243.26749257864566" />
        <Spot ID="165812" name="ID165812" VISIBILITY="1" RADIUS="5.644739300537773" QUALITY="-1.0" SOURCE_ID="0" POSITION_T="126.0" POSITION_X="1131.30894307739" POSITION_Y="361.72040486075673" FRAME="126" POSITION_Z="243.62515717607263" />
        <Spot ID="114486" name="ID114486" VISIBILITY="1" RADIUS="7.513148009015772" QUALITY="290.3118896484375" SOURCE_ID="0" POSITION_T="126.0" POSITION_X="1159.7197893908728" POSITION_Y="208.14550617600216" FRAME="126" POSITION_Z="308.7775685218994" />
        <Spot ID="169861" name="ID169861" VISIBILITY="1" RADIUS="5.644739300537772" QUALITY="296.5411071777344" SOURCE_ID="0" POSITION_T="126.0" POSITION_X="1150.284109689467" POSITION_Y="381.0046712028406" FRAME="126" CELL_DIVISION_TIME="205.0" POSITION_Z="306.81590871988965" />
        <Spot ID="148250" name="ID148250" VISIBILITY="1" RADIUS="6.20921323059155" QUALITY="-1.0" SOURCE_ID="0" POSITION_T="126.0" POSITION_X="1087.2948305660366" POSITION_Y="373.47501780676566" FRAME="126" POSITION_Z="260.05513901009" />
        <Spot ID="108779" name="ID108779" VISIBILITY="1" RADIUS="7.513148009015776" QUALITY="-1.0" SOURCE_ID="0" POSITION_T="126.0" POSITION_X="1127.6380787588396" POSITION_Y="207.7320474577926" FRAME="126" POSITION_Z="304.1933625353905" />
        <Spot ID="178220" name="ID178220" VISIBILITY="1" RADIUS="6.830134553650705" QUALITY="215.89332580566406" SOURCE_ID="0" POSITION_T="126.0" POSITION_X="1141.6734872257614" POSITION_Y="349.529666906075" FRAME="126" POSITION_Z="286.4590438672812" />
      </SpotsInFrame>
      <SpotsInFrame frame="127">
        <Spot ID="108769" name="ID108769" VISIBILITY="1" RADIUS="7.513148009015776" QUALITY="-1.0" SOURCE_ID="0" POSITION_T="127.0" POSITION_X="1127.6380787588398" POSITION_Y="209.3631025416105" FRAME="127" POSITION_Z="303.5409405018635" />
        <Spot ID="138308" name="ID138308" VISIBILITY="1" RADIUS="6.830134553650701" QUALITY="259.5311279296875" SOURCE_ID="0" POSITION_T="127.0" POSITION_X="1110.3333331403903" POSITION_Y="407.63121091766595" FRAME="127" CELL_DIVISION_TIME="187.0" POSITION_Z="281.8106033284519" />
        <Spot ID="178235" name="ID178235" VISIBILITY="1" RADIUS="6.830134553650705" QUALITY="211.12025451660156" SOURCE_ID="0" POSITION_T="127.0" POSITION_X="1140.6638935085493" POSITION_Y="350.8265598638025" FRAME="127" POSITION_Z="285.01127883156437" />
        <Spot ID="114571" name="ID114571" VISIBILITY="1" RADIUS="7.513148009015772" QUALITY="310.1697692871094" SOURCE_ID="0" POSITION_T="127.0" POSITION_X="1160.3288859896509" POSITION_Y="209.06852824268356" FRAME="127" POSITION_Z="310.1169016791124" />
        <Spot ID="129579" name="ID129579" VISIBILITY="1" RADIUS="6.209213230591548" QUALITY="-1.0" SOURCE_ID="0" POSITION_T="127.0" POSITION_X="1088.3251025973284" POSITION_Y="394.5357207546078" FRAME="127" POSITION_Z="240.40594602889163" />
        <Spot ID="148254" name="ID148254" VISIBILITY="1" RADIUS="6.20921323059155" QUALITY="-1.0" SOURCE_ID="0" POSITION_T="127.0" POSITION_X="1086.3436773178955" POSITION_Y="374.3219926671427" FRAME="127" POSITION_Z="259.7960688695003" />
        <Spot ID="165791" name="ID165791" VISIBILITY="1" RADIUS="5.131581182307066" QUALITY="-1.0" SOURCE_ID="0" POSITION_T="127.0" POSITION_X="1128.1714567850252" POSITION_Y="361.72040486075673" FRAME="127" POSITION_Z="243.6251571760727" />
        <Spot ID="169884" name="ID169884" VISIBILITY="1" RADIUS="5.644739300537772" QUALITY="308.28411865234375" SOURCE_ID="0" POSITION_T="127.0" POSITION_X="1147.4980044996146" POSITION_Y="384.6964231226916" FRAME="127" CELL_DIVISION_TIME="205.0" POSITION_Z="306.66001009909854" />
      </SpotsInFrame>
      <SpotsInFrame frame="128">
        <Spot ID="108757" name="ID108757" VISIBILITY="1" RADIUS="7.513148009015776" QUALITY="-1.0" SOURCE_ID="0" POSITION_T="128.0" POSITION_X="1127.63807875884" POSITION_Y="206.75341440750182" FRAME="128" POSITION_Z="303.5409405018634" />
        <Spot ID="114581" name="ID114581" VISIBILITY="1" RADIUS="7.513148009015772" QUALITY="285.4296875" SOURCE_ID="0" POSITION_T="128.0" POSITION_X="1159.810483395831" POSITION_Y="207.51864762315782" FRAME="128" POSITION_Z="312.39610743289734" />
        <Spot ID="169895" name="ID169895" VISIBILITY="1" RADIUS="5.644739300537772" QUALITY="396.1839294433594" SOURCE_ID="0" POSITION_T="128.0" POSITION_X="1149.7420710655224" POSITION_Y="383.58674604337557" FRAME="128" CELL_DIVISION_TIME="205.0" POSITION_Z="305.27408698699656" />
        <Spot ID="138453" name="ID138453" VISIBILITY="1" RADIUS="6.830134553650701" QUALITY="-1.0" SOURCE_ID="0" POSITION_T="128.0" POSITION_X="1111.4513643134203" POSITION_Y="406.88680553268716" FRAME="128" CELL_DIVISION_TIME="187.0" POSITION_Z="281.81060332845215" />
        <Spot ID="129497" name="ID129497" VISIBILITY="1" RADIUS="6.209213230591548" QUALITY="-1.0" SOURCE_ID="0" POSITION_T="128.0" POSITION_X="1089.8158108280343" POSITION_Y="392.67233546622566" FRAME="128" POSITION_Z="240.40594602889163" />
        <Spot ID="165786" name="ID165786" VISIBILITY="1" RADIUS="5.644739300537773" QUALITY="-1.0" SOURCE_ID="0" POSITION_T="128.0" POSITION_X="1130.584907779152" POSITION_Y="362.4444401589948" FRAME="128" POSITION_Z="243.62515717607272" />
        <Spot ID="178252" name="ID178252" VISIBILITY="1" RADIUS="6.830134553650705" QUALITY="198.61349487304688" SOURCE_ID="0" POSITION_T="128.0" POSITION_X="1141.6181837694933" POSITION_Y="347.76838467920186" FRAME="128" POSITION_Z="287.46994327735274" />
        <Spot ID="148269" name="ID148269" VISIBILITY="1" RADIUS="6.20921323059155" QUALITY="-1.0" SOURCE_ID="0" POSITION_T="128.0" POSITION_X="1088.2552153141864" POSITION_Y="372.26579040036825" FRAME="128" POSITION_Z="259.99533974112285" />
      </SpotsInFrame>
      <SpotsInFrame frame="129">
        <Spot ID="169907" name="ID169907" VISIBILITY="1" RADIUS="5.644739300537772" QUALITY="334.2775573730469" SOURCE_ID="0" POSITION_T="129.0" POSITION_X="1148.336156990964" POSITION_Y="381.5232774646938" FRAME="129" CELL_DIVISION_TIME="205.0" POSITION_Z="303.8155902128169" />
        <Spot ID="148272" name="ID148272" VISIBILITY="1" RADIUS="6.20921323059155" QUALITY="-1.0" SOURCE_ID="0" POSITION_T="129.0" POSITION_X="1087.8830623649383" POSITION_Y="372.27855305310044" FRAME="129" POSITION_Z="259.6047292162857" />
        <Spot ID="138469" name="ID138469" VISIBILITY="1" RADIUS="6.830134553650701" QUALITY="-1.0" SOURCE_ID="0" POSITION_T="129.0" POSITION_X="1111.0786872557437" POSITION_Y="406.14145141733434" FRAME="129" CELL_DIVISION_TIME="187.0" POSITION_Z="281.8106033284521" />
        <Spot ID="114601" name="ID114601" VISIBILITY="1" RADIUS="7.513148009015772" QUALITY="394.61895751953125" SOURCE_ID="0" POSITION_T="129.0" POSITION_X="1161.7548359966856" POSITION_Y="208.32099480516447" FRAME="129" POSITION_Z="313.90142857371814" />
        <Spot ID="108748" name="ID108748" VISIBILITY="1" RADIUS="7.513148009015776" QUALITY="-1.0" SOURCE_ID="0" POSITION_T="129.0" POSITION_X="1127.6380787588403" POSITION_Y="209.36310254161043" FRAME="129" POSITION_Z="301.5836744012819" />
        <Spot ID="178271" name="ID178271" VISIBILITY="1" RADIUS="6.830134553650705" QUALITY="209.4176483154297" SOURCE_ID="0" POSITION_T="129.0" POSITION_X="1143.0900727873388" POSITION_Y="348.99277451997176" FRAME="129" POSITION_Z="288.69371819310203" />
        <Spot ID="165756" name="ID165756" VISIBILITY="1" RADIUS="5.131581182307066" QUALITY="-1.0" SOURCE_ID="0" POSITION_T="129.0" POSITION_X="1130.956176785555" POSITION_Y="361.8492050619161" FRAME="129" POSITION_Z="245.37184052231285" />
        <Spot ID="129470" name="ID129470" VISIBILITY="1" RADIUS="6.209213230591548" QUALITY="-1.0" SOURCE_ID="0" POSITION_T="129.0" POSITION_X="1091.30651905874" POSITION_Y="394.3498565909564" FRAME="129" POSITION_Z="240.73215704565527" />
      </SpotsInFrame>
      <SpotsInFrame frame="130">
        <Spot ID="108737" name="ID108737" VISIBILITY="1" RADIUS="7.513148009015776" QUALITY="-1.0" SOURCE_ID="0" POSITION_T="130.0" POSITION_X="1127.6380787588405" POSITION_Y="210.66794660866475" FRAME="130" POSITION_Z="299.95261931746404" />
        <Spot ID="178291" name="ID178291" VISIBILITY="1" RADIUS="6.830134553650705" QUALITY="250.89334106445312" SOURCE_ID="0" POSITION_T="130.0" POSITION_X="1143.565787601273" POSITION_Y="351.28447793361954" FRAME="130" POSITION_Z="289.3967422987153" />
        <Spot ID="129426" name="ID129426" VISIBILITY="1" RADIUS="6.209213230591548" QUALITY="-1.0" SOURCE_ID="0" POSITION_T="130.0" POSITION_X="1091.30651905874" POSITION_Y="392.8591483602507" FRAME="130" POSITION_Z="240.73215704565536" />
        <Spot ID="148273" name="ID148273" VISIBILITY="1" RADIUS="6.20921323059155" QUALITY="-1.0" SOURCE_ID="0" POSITION_T="130.0" POSITION_X="1088.085293964578" POSITION_Y="371.6382297711982" FRAME="130" POSITION_Z="259.24201301197957" />
        <Spot ID="114614" name="ID114614" VISIBILITY="1" RADIUS="7.513148009015772" QUALITY="343.6062316894531" SOURCE_ID="0" POSITION_T="130.0" POSITION_X="1161.8647217685234" POSITION_Y="209.0828930152644" FRAME="130" POSITION_Z="313.6974238176706" />
        <Spot ID="165755" name="ID165755" VISIBILITY="1" RADIUS="5.644739300537773" QUALITY="-1.0" SOURCE_ID="0" POSITION_T="130.0" POSITION_X="1130.9561767855553" POSITION_Y="362.81458545956684" FRAME="130" POSITION_Z="245.37184052231285" />
        <Spot ID="138505" name="ID138505" VISIBILITY="1" RADIUS="6.830134553650701" QUALITY="275.2807312011719" SOURCE_ID="0" POSITION_T="130.0" POSITION_X="1111.8240413710967" POSITION_Y="410.24089905177505" FRAME="130" CELL_DIVISION_TIME="187.0" POSITION_Z="281.81060332845215" />
        <Spot ID="169916" name="ID169916" VISIBILITY="1" RADIUS="5.644739300537772" QUALITY="237.95797729492188" SOURCE_ID="0" POSITION_T="130.0" POSITION_X="1148.7225859259672" POSITION_Y="383.6671684508717" FRAME="130" CELL_DIVISION_TIME="205.0" POSITION_Z="301.76940804721664" />
      </SpotsInFrame>
      <SpotsInFrame frame="131">
        <Spot ID="148274" name="ID148274" VISIBILITY="1" RADIUS="6.20921323059155" QUALITY="-1.0" SOURCE_ID="0" POSITION_T="131.0" POSITION_X="1091.2084329171732" POSITION_Y="373.0284618202064" FRAME="131" POSITION_Z="259.894645371765" />
        <Spot ID="114627" name="ID114627" VISIBILITY="1" RADIUS="7.513148009015772" QUALITY="346.15118408203125" SOURCE_ID="0" POSITION_T="131.0" POSITION_X="1164.4122958458279" POSITION_Y="211.26017964136238" FRAME="131" POSITION_Z="313.7540826085233" />
        <Spot ID="178305" name="ID178305" VISIBILITY="1" RADIUS="6.830134553650705" QUALITY="206.11244201660156" SOURCE_ID="0" POSITION_T="131.0" POSITION_X="1147.211124223282" POSITION_Y="353.3050459702332" FRAME="131" POSITION_Z="289.71259520461655" />
        <Spot ID="169927" name="ID169927" VISIBILITY="1" RADIUS="5.644739300537772" QUALITY="360.908447265625" SOURCE_ID="0" POSITION_T="131.0" POSITION_X="1150.481027899768" POSITION_Y="385.54372223393375" FRAME="131" CELL_DIVISION_TIME="205.0" POSITION_Z="300.7859342357616" />
        <Spot ID="138526" name="ID138526" VISIBILITY="1" RADIUS="6.830134553650701" QUALITY="283.0597839355469" SOURCE_ID="0" POSITION_T="131.0" POSITION_X="1114.8054578325082" POSITION_Y="409.49554493642216" FRAME="131" CELL_DIVISION_TIME="187.0" POSITION_Z="281.8106033284522" />
        <Spot ID="165742" name="ID165742" VISIBILITY="1" RADIUS="5.644739300537773" QUALITY="-1.0" SOURCE_ID="0" POSITION_T="131.0" POSITION_X="1131.6764112530204" POSITION_Y="362.8145854595668" FRAME="131" POSITION_Z="246.57223130142148" />
        <Spot ID="108735" name="ID108735" VISIBILITY="1" RADIUS="7.513148009015776" QUALITY="-1.0" SOURCE_ID="0" POSITION_T="131.0" POSITION_X="1128.9107959833345" POSITION_Y="210.15885971886706" FRAME="131" POSITION_Z="299.95261931746404" />
        <Spot ID="129407" name="ID129407" VISIBILITY="1" RADIUS="6.209213230591548" QUALITY="-1.0" SOURCE_ID="0" POSITION_T="131.0" POSITION_X="1093.5682201212971" POSITION_Y="396.91307868415214" FRAME="131" POSITION_Z="241.91107190488697" />
      </SpotsInFrame>
      <SpotsInFrame frame="132">
        <Spot ID="129328" name="ID129328" VISIBILITY="1" RADIUS="6.209213230591548" QUALITY="-1.0" SOURCE_ID="0" POSITION_T="132.0" POSITION_X="1093.9344874998487" POSITION_Y="396.91307868415214" FRAME="132" POSITION_Z="237.5158633622658" />
        <Spot ID="178321" name="ID178321" VISIBILITY="1" RADIUS="6.830134553650705" QUALITY="248.00320434570312" SOURCE_ID="0" POSITION_T="132.0" POSITION_X="1147.8075815253906" POSITION_Y="351.680231026877" FRAME="132" POSITION_Z="289.2998737848239" />
        <Spot ID="114678" name="ID114678" VISIBILITY="1" RADIUS="7.513148009015772" QUALITY="388.73541259765625" SOURCE_ID="0" POSITION_T="132.0" POSITION_X="1163.7232902644994" POSITION_Y="211.59925609014493" FRAME="132" POSITION_Z="314.54983590291295" />
        <Spot ID="148314" name="ID148314" VISIBILITY="1" RADIUS="6.20921323059155" QUALITY="-1.0" SOURCE_ID="0" POSITION_T="132.0" POSITION_X="1088.9896209140422" POSITION_Y="372.7659928092392" FRAME="132" POSITION_Z="257.1838983988764" />
        <Spot ID="169945" name="ID169945" VISIBILITY="1" RADIUS="5.644739300537772" QUALITY="253.00013732910156" SOURCE_ID="0" POSITION_T="132.0" POSITION_X="1150.5207260135403" POSITION_Y="384.5985564649944" FRAME="132" CELL_DIVISION_TIME="205.0" POSITION_Z="294.14827824186324" />
        <Spot ID="108733" name="ID108733" VISIBILITY="1" RADIUS="7.513148009015776" QUALITY="-1.0" SOURCE_ID="0" POSITION_T="132.0" POSITION_X="1130.1835132078286" POSITION_Y="210.4134031637659" FRAME="132" POSITION_Z="299.95261931746404" />
        <Spot ID="138543" name="ID138543" VISIBILITY="1" RADIUS="6.830134553650701" QUALITY="279.9595947265625" SOURCE_ID="0" POSITION_T="132.0" POSITION_X="1112.9420725441262" POSITION_Y="405.39609730198157" FRAME="132" CELL_DIVISION_TIME="187.0" POSITION_Z="281.81060332845226" />
        <Spot ID="165741" name="ID165741" VISIBILITY="1" RADIUS="5.644739300537773" QUALITY="-1.0" SOURCE_ID="0" POSITION_T="132.0" POSITION_X="1132.9732772756945" POSITION_Y="364.4186188784668" FRAME="132" POSITION_Z="244.07838358880775" />
      </SpotsInFrame>
      <SpotsInFrame frame="133">
        <Spot ID="129296" name="ID129296" VISIBILITY="1" RADIUS="6.209213230591548" QUALITY="-1.0" SOURCE_ID="0" POSITION_T="133.0" POSITION_X="1096.5111785079605" POSITION_Y="399.1491410302106" FRAME="133" POSITION_Z="237.5158633622659" />
        <Spot ID="108643" name="ID108643" VISIBILITY="1" RADIUS="7.513148009015776" QUALITY="-1.0" SOURCE_ID="0" POSITION_T="133.0" POSITION_X="1130.9471435425248" POSITION_Y="212.44975072295674" FRAME="133" POSITION_Z="299.95261931746404" />
        <Spot ID="114691" name="ID114691" VISIBILITY="1" RADIUS="7.513148009015772" QUALITY="378.7978515625" SOURCE_ID="0" POSITION_T="133.0" POSITION_X="1164.3473322721707" POSITION_Y="213.14175159977893" FRAME="133" POSITION_Z="314.0506722299379" />
        <Spot ID="178336" name="ID178336" VISIBILITY="1" RADIUS="6.830134553650705" QUALITY="207.45965576171875" SOURCE_ID="0" POSITION_T="133.0" POSITION_X="1146.4548036551987" POSITION_Y="350.49852126524735" FRAME="133" POSITION_Z="288.7983096712885" />
        <Spot ID="138561" name="ID138561" VISIBILITY="1" RADIUS="6.830134553650701" QUALITY="217.7266387939453" SOURCE_ID="0" POSITION_T="133.0" POSITION_X="1111.1427840469908" POSITION_Y="410.61357610945157" FRAME="133" CELL_DIVISION_TIME="187.0" POSITION_Z="273.7527210003135" />
        <Spot ID="169959" name="ID169959" VISIBILITY="1" RADIUS="5.644739300537772" QUALITY="413.0360412597656" SOURCE_ID="0" POSITION_T="133.0" POSITION_X="1151.253252159328" POSITION_Y="385.04575528118113" FRAME="133" CELL_DIVISION_TIME="205.0" POSITION_Z="293.65065116309154" />
        <Spot ID="148340" name="ID148340" VISIBILITY="1" RADIUS="6.20921323059155" QUALITY="-1.0" SOURCE_ID="0" POSITION_T="133.0" POSITION_X="1090.587632425894" POSITION_Y="375.28847659327323" FRAME="133" POSITION_Z="256.1911736338678" />
        <Spot ID="165739" name="ID165739" VISIBILITY="1" RADIUS="5.644739300537773" QUALITY="-1.0" SOURCE_ID="0" POSITION_T="133.0" POSITION_X="1133.0970336111623" POSITION_Y="364.8154422765192" FRAME="133" POSITION_Z="244.66061137088786" />
      </SpotsInFrame>
      <SpotsInFrame frame="134">
        <Spot ID="165699" name="ID165699" VISIBILITY="1" RADIUS="4.2409761837248485" QUALITY="-1.0" SOURCE_ID="0" POSITION_T="134.0" POSITION_X="1133.5712784018356" POSITION_Y="364.9071193063574" FRAME="134" POSITION_Z="244.42635765110305" />
        <Spot ID="169971" name="ID169971" VISIBILITY="1" RADIUS="5.644739300537772" QUALITY="338.1257629394531" SOURCE_ID="0" POSITION_T="134.0" POSITION_X="1151.918676014809" POSITION_Y="383.2310998864726" FRAME="134" CELL_DIVISION_TIME="205.0" POSITION_Z="295.1187563183952" />
        <Spot ID="148353" name="ID148353" VISIBILITY="1" RADIUS="6.20921323059155" QUALITY="-1.0" SOURCE_ID="0" POSITION_T="134.0" POSITION_X="1089.358389182145" POSITION_Y="375.99757492911135" FRAME="134" POSITION_Z="254.25400073455037" />
        <Spot ID="178353" name="ID178353" VISIBILITY="1" RADIUS="6.830134553650705" QUALITY="208.18994140625" SOURCE_ID="0" POSITION_T="134.0" POSITION_X="1145.297033920843" POSITION_Y="350.50730094248394" FRAME="134" POSITION_Z="290.10111789691" />
        <Spot ID="138581" name="ID138581" VISIBILITY="1" RADIUS="6.830134553650701" QUALITY="283.0463562011719" SOURCE_ID="0" POSITION_T="134.0" POSITION_X="1110.8021553849376" POSITION_Y="408.00483670571674" FRAME="134" CELL_DIVISION_TIME="187.0" POSITION_Z="275.95032527162414" />
        <Spot ID="108620" name="ID108620" VISIBILITY="1" RADIUS="7.513148009015776" QUALITY="-1.0" SOURCE_ID="0" POSITION_T="134.0" POSITION_X="1130.9471435425248" POSITION_Y="212.19520727805786" FRAME="134" POSITION_Z="299.95261931746404" />
        <Spot ID="129295" name="ID129295" VISIBILITY="1" RADIUS="6.209213230591548" QUALITY="-1.0" SOURCE_ID="0" POSITION_T="134.0" POSITION_X="1097.2437132650641" POSITION_Y="401.43261814755573" FRAME="134" POSITION_Z="239.5074257021775" />
        <Spot ID="114702" name="ID114702" VISIBILITY="1" RADIUS="7.513148009015772" QUALITY="373.1610107421875" SOURCE_ID="0" POSITION_T="134.0" POSITION_X="1163.7534510779187" POSITION_Y="213.35901820774507" FRAME="134" POSITION_Z="314.00068488139476" />
      </SpotsInFrame>
      <SpotsInFrame frame="135">
        <Spot ID="165683" name="ID165683" VISIBILITY="1" RADIUS="4.2409761837248485" QUALITY="-1.0" SOURCE_ID="0" POSITION_T="135.0" POSITION_X="1132.7942667882173" POSITION_Y="364.3061241211681" FRAME="135" POSITION_Z="242.50810906764033" />
        <Spot ID="148358" name="ID148358" VISIBILITY="1" RADIUS="6.20921323059155" QUALITY="-1.0" SOURCE_ID="0" POSITION_T="135.0" POSITION_X="1090.4886952799034" POSITION_Y="375.41590815188397" FRAME="135" POSITION_Z="254.94752819472643" />
        <Spot ID="178375" name="ID178375" VISIBILITY="1" RADIUS="6.830134553650705" QUALITY="184.42173767089844" SOURCE_ID="0" POSITION_T="135.0" POSITION_X="1145.8049965860557" POSITION_Y="349.1754013313973" FRAME="135" POSITION_Z="289.9907213572136" />
        <Spot ID="139162" name="ID139162" VISIBILITY="1" RADIUS="6.830134553650701" QUALITY="-1.0" SOURCE_ID="0" POSITION_T="135.0" POSITION_X="1113.4108947886727" POSITION_Y="408.37751376339315" FRAME="135" CELL_DIVISION_TIME="187.0" POSITION_Z="275.9503252716242" />
        <Spot ID="114714" name="ID114714" VISIBILITY="1" RADIUS="7.513148009015772" QUALITY="350.0880126953125" SOURCE_ID="0" POSITION_T="135.0" POSITION_X="1163.638711561012" POSITION_Y="211.42098586483704" FRAME="135" POSITION_Z="312.7683941712502" />
        <Spot ID="108589" name="ID108589" VISIBILITY="1" RADIUS="6.2092132305915495" QUALITY="-1.0" SOURCE_ID="0" POSITION_T="135.0" POSITION_X="1126.8744484241429" POSITION_Y="211.43157694336128" FRAME="135" POSITION_Z="299.95261931746404" />
        <Spot ID="169982" name="ID169982" VISIBILITY="1" RADIUS="5.644739300537772" QUALITY="405.8661193847656" SOURCE_ID="0" POSITION_T="135.0" POSITION_X="1152.1740120891268" POSITION_Y="383.3854925864606" FRAME="135" CELL_DIVISION_TIME="205.0" POSITION_Z="293.88574251775566" />
        <Spot ID="129294" name="ID129294" VISIBILITY="1" RADIUS="6.209213230591548" QUALITY="-1.0" SOURCE_ID="0" POSITION_T="135.0" POSITION_X="1098.7087827792711" POSITION_Y="401.43261814755573" FRAME="135" POSITION_Z="236.9435540523152" />
      </SpotsInFrame>
      <SpotsInFrame frame="136">
        <Spot ID="114722" name="ID114722" VISIBILITY="1" RADIUS="7.513148009015772" QUALITY="329.1939392089844" SOURCE_ID="0" POSITION_T="136.0" POSITION_X="1162.5536738415224" POSITION_Y="213.3926707036146" FRAME="136" POSITION_Z="313.7635623728625" />
        <Spot ID="165681" name="ID165681" VISIBILITY="1" RADIUS="4.2409761837248485" QUALITY="-1.0" SOURCE_ID="0" POSITION_T="136.0" POSITION_X="1132.5467541172818" POSITION_Y="365.4965943153254" FRAME="136" POSITION_Z="240.86349719183698" />
        <Spot ID="169994" name="ID169994" VISIBILITY="1" RADIUS="5.644739300537772" QUALITY="346.258544921875" SOURCE_ID="0" POSITION_T="136.0" POSITION_X="1153.5443911882962" POSITION_Y="383.54047046639363" FRAME="136" CELL_DIVISION_TIME="205.0" POSITION_Z="292.93977479355806" />
        <Spot ID="139163" name="ID139163" VISIBILITY="1" RADIUS="6.830134553650701" QUALITY="-1.0" SOURCE_ID="0" POSITION_T="136.0" POSITION_X="1114.1562489040257" POSITION_Y="410.6135761094517" FRAME="136" CELL_DIVISION_TIME="187.0" POSITION_Z="275.95032527162425" />
        <Spot ID="148361" name="ID148361" VISIBILITY="1" RADIUS="6.20921323059155" QUALITY="-1.0" SOURCE_ID="0" POSITION_T="136.0" POSITION_X="1092.3494600261452" POSITION_Y="375.35209488822295" FRAME="136" POSITION_Z="256.9005808189124" />
        <Spot ID="108588" name="ID108588" VISIBILITY="1" RADIUS="6.2092132305915495" QUALITY="-1.0" SOURCE_ID="0" POSITION_T="136.0" POSITION_X="1130.6926000976257" POSITION_Y="211.68612038826012" FRAME="136" POSITION_Z="299.95261931746404" />
        <Spot ID="129276" name="ID129276" VISIBILITY="1" RADIUS="6.209213230591548" QUALITY="-1.0" SOURCE_ID="0" POSITION_T="136.0" POSITION_X="1101.2726544291336" POSITION_Y="401.43261814755573" FRAME="136" POSITION_Z="234.3796824024528" />
        <Spot ID="178396" name="ID178396" VISIBILITY="1" RADIUS="6.830134553650705" QUALITY="226.92092895507812" SOURCE_ID="0" POSITION_T="136.0" POSITION_X="1145.4242938165648" POSITION_Y="350.32599853956765" FRAME="136" POSITION_Z="289.25493588660265" />
      </SpotsInFrame>
      <SpotsInFrame frame="137">
        <Spot ID="170017" name="ID170017" VISIBILITY="1" RADIUS="5.644739300537772" QUALITY="360.6485290527344" SOURCE_ID="0" POSITION_T="137.0" POSITION_X="1154.325005880333" POSITION_Y="383.1857773522523" FRAME="137" CELL_DIVISION_TIME="205.0" POSITION_Z="291.239883160878" />
        <Spot ID="129252" name="ID129252" VISIBILITY="1" RADIUS="6.209213230591548" QUALITY="-1.0" SOURCE_ID="0" POSITION_T="137.0" POSITION_X="1101.2726544291338" POSITION_Y="401.43261814755573" FRAME="137" POSITION_Z="233.64714764534926" />
        <Spot ID="114743" name="ID114743" VISIBILITY="1" RADIUS="7.513148009015772" QUALITY="297.870361328125" SOURCE_ID="0" POSITION_T="137.0" POSITION_X="1162.1443533356085" POSITION_Y="213.89296369481465" FRAME="137" POSITION_Z="313.12149938795875" />
        <Spot ID="165562" name="ID165562" VISIBILITY="1" RADIUS="4.2409761837248485" QUALITY="-1.0" SOURCE_ID="0" POSITION_T="137.0" POSITION_X="1134.0453144622754" POSITION_Y="363.97010650884425" FRAME="137" POSITION_Z="239.42495192157514" />
        <Spot ID="178409" name="ID178409" VISIBILITY="1" RADIUS="6.830134553650705" QUALITY="203.52491760253906" SOURCE_ID="0" POSITION_T="137.0" POSITION_X="1144.0" POSITION_Y="347.0" FRAME="137" POSITION_Z="285.0" />
        <Spot ID="139166" name="ID139166" VISIBILITY="1" RADIUS="6.830134553650701" QUALITY="-1.0" SOURCE_ID="0" POSITION_T="137.0" POSITION_X="1111.547509500291" POSITION_Y="406.1414514173347" FRAME="137" CELL_DIVISION_TIME="187.0" POSITION_Z="275.95032527162437" />
        <Spot ID="108575" name="ID108575" VISIBILITY="1" RADIUS="6.2092132305915495" QUALITY="-1.0" SOURCE_ID="0" POSITION_T="137.0" POSITION_X="1131.96531732212" POSITION_Y="211.2956556863764" FRAME="137" POSITION_Z="299.95261931746404" />
        <Spot ID="148364" name="ID148364" VISIBILITY="1" RADIUS="6.20921323059155" QUALITY="-1.0" SOURCE_ID="0" POSITION_T="137.0" POSITION_X="1092.3494600261452" POSITION_Y="375.5505065872491" FRAME="137" POSITION_Z="254.91646382865022" />
      </SpotsInFrame>
      <SpotsInFrame frame="138">
        <Spot ID="114755" name="ID114755" VISIBILITY="1" RADIUS="7.513148009015772" QUALITY="287.4639892578125" SOURCE_ID="0" POSITION_T="138.0" POSITION_X="1162.6546823549472" POSITION_Y="210.6442653987357" FRAME="138" POSITION_Z="311.2626238053813" />
        <Spot ID="178427" name="ID178427" VISIBILITY="1" RADIUS="6.830134553650705" QUALITY="189.6846466064453" SOURCE_ID="0" POSITION_T="138.0" POSITION_X="1149.2079485455706" POSITION_Y="346.38866202749557" FRAME="138" POSITION_Z="287.8432657373944" />
        <Spot ID="165560" name="ID165560" VISIBILITY="1" RADIUS="4.2409761837248485" QUALITY="-1.0" SOURCE_ID="0" POSITION_T="138.0" POSITION_X="1135.7155615052307" POSITION_Y="362.7248320284417" FRAME="138" POSITION_Z="238.92867297637946" />
        <Spot ID="139193" name="ID139193" VISIBILITY="1" RADIUS="6.830134553650701" QUALITY="-1.0" SOURCE_ID="0" POSITION_T="138.0" POSITION_X="1115.2742800770554" POSITION_Y="405.3960973019819" FRAME="138" CELL_DIVISION_TIME="187.0" POSITION_Z="275.9503252716245" />
        <Spot ID="108557" name="ID108557" VISIBILITY="1" RADIUS="6.2092132305915495" QUALITY="-1.0" SOURCE_ID="0" POSITION_T="138.0" POSITION_X="1131.9653173221202" POSITION_Y="210.3170226360856" FRAME="138" POSITION_Z="299.30019728393694" />
        <Spot ID="148367" name="ID148367" VISIBILITY="1" RADIUS="6.20921323059155" QUALITY="-1.0" SOURCE_ID="0" POSITION_T="138.0" POSITION_X="1092.3494600261452" POSITION_Y="378.5266820726423" FRAME="138" POSITION_Z="248.7657011588375" />
        <Spot ID="170031" name="ID170031" VISIBILITY="1" RADIUS="5.644739300537772" QUALITY="345.3932189941406" SOURCE_ID="0" POSITION_T="138.0" POSITION_X="1156.0646625918039" POSITION_Y="382.57872026072175" FRAME="138" CELL_DIVISION_TIME="205.0" POSITION_Z="290.73917315780466" />
        <Spot ID="129247" name="ID129247" VISIBILITY="1" RADIUS="6.209213230591548" QUALITY="-1.0" SOURCE_ID="0" POSITION_T="138.0" POSITION_X="1103.8365260789963" POSITION_Y="400.45398509726493" FRAME="138" POSITION_Z="231.4437832515805" />
      </SpotsInFrame>
      <SpotsInFrame frame="139">
        <Spot ID="108529" name="ID108529" VISIBILITY="1" RADIUS="6.2092132305915495" QUALITY="-1.0" SOURCE_ID="0" POSITION_T="139.0" POSITION_X="1131.9653173221204" POSITION_Y="209.6646006025584" FRAME="139" POSITION_Z="299.6264083007006" />
        <Spot ID="165553" name="ID165553" VISIBILITY="1" RADIUS="4.2409761837248485" QUALITY="-1.0" SOURCE_ID="0" POSITION_T="139.0" POSITION_X="1138.9991182102267" POSITION_Y="364.8264331668198" FRAME="139" POSITION_Z="239.7981958182373" />
        <Spot ID="170043" name="ID170043" VISIBILITY="1" RADIUS="5.644739300537772" QUALITY="369.6489562988281" SOURCE_ID="0" POSITION_T="139.0" POSITION_X="1158.6208365357516" POSITION_Y="381.9754888010612" FRAME="139" CELL_DIVISION_TIME="205.0" POSITION_Z="290.7202160800469" />
        <Spot ID="139208" name="ID139208" VISIBILITY="1" RADIUS="6.830134553650701" QUALITY="-1.0" SOURCE_ID="0" POSITION_T="139.0" POSITION_X="1116.764988307761" POSITION_Y="408.0048367057169" FRAME="139" CELL_DIVISION_TIME="187.0" POSITION_Z="275.9503252716245" />
        <Spot ID="178440" name="ID178440" VISIBILITY="1" RADIUS="6.830134553650705" QUALITY="136.38075256347656" SOURCE_ID="0" POSITION_T="139.0" POSITION_X="1149.113856268078" POSITION_Y="346.83850571056166" FRAME="139" POSITION_Z="286.402880445208" />
        <Spot ID="114767" name="ID114767" VISIBILITY="1" RADIUS="7.513148009015772" QUALITY="278.5177001953125" SOURCE_ID="0" POSITION_T="139.0" POSITION_X="1163.6219628704512" POSITION_Y="210.86594409940412" FRAME="139" POSITION_Z="311.32525223848506" />
        <Spot ID="129230" name="ID129230" VISIBILITY="1" RADIUS="6.209213230591548" QUALITY="-1.0" SOURCE_ID="0" POSITION_T="139.0" POSITION_X="1103.8365260789963" POSITION_Y="399.8015630637378" FRAME="139" POSITION_Z="230.13893918452618" />
        <Spot ID="148381" name="ID148381" VISIBILITY="1" RADIUS="6.20921323059155" QUALITY="105.69828796386719" SOURCE_ID="0" POSITION_T="139.0" POSITION_X="1093.4890747728557" POSITION_Y="376.71590311068354" FRAME="139" POSITION_Z="249.96071197340083" />
      </SpotsInFrame>
      <SpotsInFrame frame="140">
        <Spot ID="178470" name="ID178470" VISIBILITY="1" RADIUS="6.830134553650705" QUALITY="185.90687561035156" SOURCE_ID="0" POSITION_T="140.0" POSITION_X="1153.6473971152102" POSITION_Y="344.7841738783439" FRAME="140" POSITION_Z="289.585978990343" />
        <Spot ID="108521" name="ID108521" VISIBILITY="1" RADIUS="6.2092132305915495" QUALITY="-1.0" SOURCE_ID="0" POSITION_T="140.0" POSITION_X="1131.9653173221207" POSITION_Y="208.35975653550403" FRAME="140" POSITION_Z="297.01672016659194" />
        <Spot ID="139209" name="ID139209" VISIBILITY="1" RADIUS="6.830134553650701" QUALITY="-1.0" SOURCE_ID="0" POSITION_T="140.0" POSITION_X="1120.864435942202" POSITION_Y="409.4955449364228" FRAME="140" CELL_DIVISION_TIME="187.0" POSITION_Z="275.9503252716246" />
        <Spot ID="170057" name="ID170057" VISIBILITY="1" RADIUS="5.644739300537772" QUALITY="327.26165771484375" SOURCE_ID="0" POSITION_T="140.0" POSITION_X="1159.1747316592978" POSITION_Y="380.88475385228776" FRAME="140" CELL_DIVISION_TIME="205.0" POSITION_Z="293.0001787476018" />
        <Spot ID="148398" name="ID148398" VISIBILITY="1" RADIUS="6.20921323059155" QUALITY="115.59226989746094" SOURCE_ID="0" POSITION_T="140.0" POSITION_X="1095.9232434702985" POSITION_Y="378.005843801055" FRAME="140" POSITION_Z="253.1166376764723" />
        <Spot ID="114780" name="ID114780" VISIBILITY="1" RADIUS="7.513148009015772" QUALITY="345.32720947265625" SOURCE_ID="0" POSITION_T="140.0" POSITION_X="1163.0908546775743" POSITION_Y="209.20418110888068" FRAME="140" POSITION_Z="314.065072176041" />
        <Spot ID="129116" name="ID129116" VISIBILITY="1" RADIUS="6.209213230591548" QUALITY="-1.0" SOURCE_ID="0" POSITION_T="140.0" POSITION_X="1107.4991998645141" POSITION_Y="399.80156306373783" FRAME="140" POSITION_Z="233.06907821294024" />
        <Spot ID="165551" name="ID165551" VISIBILITY="1" RADIUS="4.2409761837248485" QUALITY="-1.0" SOURCE_ID="0" POSITION_T="140.0" POSITION_X="1141.371443358029" POSITION_Y="365.19742765555714" FRAME="140" POSITION_Z="240.14193446183378" />
      </SpotsInFrame>
      <SpotsInFrame frame="141">
        <Spot ID="178483" name="ID178483" VISIBILITY="1" RADIUS="6.830134553650705" QUALITY="133.5562744140625" SOURCE_ID="0" POSITION_T="141.0" POSITION_X="1154.9597214540056" POSITION_Y="347.0876528434532" FRAME="141" POSITION_Z="286.6933801117905" />
        <Spot ID="170068" name="ID170068" VISIBILITY="1" RADIUS="5.644739300537772" QUALITY="337.21246337890625" SOURCE_ID="0" POSITION_T="141.0" POSITION_X="1162.6637316624071" POSITION_Y="380.6471683280247" FRAME="141" CELL_DIVISION_TIME="205.0" POSITION_Z="294.0521092447767" />
        <Spot ID="114794" name="ID114794" VISIBILITY="1" RADIUS="7.513148009015772" QUALITY="317.3971862792969" SOURCE_ID="0" POSITION_T="141.0" POSITION_X="1167.6986953879684" POSITION_Y="208.9014824200159" FRAME="141" POSITION_Z="315.55693046968076" />
        <Spot ID="129114" name="ID129114" VISIBILITY="1" RADIUS="6.209213230591548" QUALITY="-1.0" SOURCE_ID="0" POSITION_T="141.0" POSITION_X="1109.6968041358248" POSITION_Y="397.5180859463927" FRAME="141" POSITION_Z="230.99164302699418" />
        <Spot ID="165545" name="ID165545" VISIBILITY="1" RADIUS="4.2409761837248485" QUALITY="-1.0" SOURCE_ID="0" POSITION_T="141.0" POSITION_X="1143.7576972135084" POSITION_Y="365.1644212745091" FRAME="141" POSITION_Z="238.9101643505159" />
        <Spot ID="108492" name="ID108492" VISIBILITY="1" RADIUS="6.2092132305915495" QUALITY="-1.0" SOURCE_ID="0" POSITION_T="141.0" POSITION_X="1131.9653173221209" POSITION_Y="208.68596755226758" FRAME="141" POSITION_Z="295.7118760995376" />
        <Spot ID="148415" name="ID148415" VISIBILITY="1" RADIUS="6.20921323059155" QUALITY="125.26399993896484" SOURCE_ID="0" POSITION_T="141.0" POSITION_X="1098.2149472640674" POSITION_Y="376.87237734211743" FRAME="141" POSITION_Z="250.8703886979367" />
        <Spot ID="139212" name="ID139212" VISIBILITY="1" RADIUS="7.513148009015771" QUALITY="-1.0" SOURCE_ID="0" POSITION_T="141.0" POSITION_X="1120.1190818268492" POSITION_Y="407.63215964804067" FRAME="141" CELL_DIVISION_TIME="187.0" POSITION_Z="275.95032527162465" />
      </SpotsInFrame>
      <SpotsInFrame frame="142">
        <Spot ID="114853" name="ID114853" VISIBILITY="1" RADIUS="7.513148009015772" QUALITY="315.630126953125" SOURCE_ID="0" POSITION_T="142.0" POSITION_X="1164.7421112514473" POSITION_Y="205.50883931175272" FRAME="142" POSITION_Z="312.8425106558277" />
        <Spot ID="139238" name="ID139238" VISIBILITY="1" RADIUS="7.513148009015771" QUALITY="-1.0" SOURCE_ID="0" POSITION_T="142.0" POSITION_X="1122.7278212305841" POSITION_Y="404.278066128953" FRAME="142" CELL_DIVISION_TIME="187.0" POSITION_Z="275.9503252716247" />
        <Spot ID="165541" name="ID165541" VISIBILITY="1" RADIUS="4.2409761837248485" QUALITY="-1.0" SOURCE_ID="0" POSITION_T="142.0" POSITION_X="1147.3047608491047" POSITION_Y="362.14138350484336" FRAME="142" POSITION_Z="245.97567990327798" />
        <Spot ID="108491" name="ID108491" VISIBILITY="1" RADIUS="6.2092132305915495" QUALITY="-1.0" SOURCE_ID="0" POSITION_T="142.0" POSITION_X="1131.9653173221213" POSITION_Y="206.72870145168602" FRAME="142" POSITION_Z="295.3856650827741" />
        <Spot ID="129067" name="ID129067" VISIBILITY="1" RADIUS="6.209213230591548" QUALITY="-1.0" SOURCE_ID="0" POSITION_T="142.0" POSITION_X="1109.6968041358248" POSITION_Y="396.8656639128655" FRAME="142" POSITION_Z="233.60133116110288" />
        <Spot ID="148440" name="ID148440" VISIBILITY="1" RADIUS="6.20921323059155" QUALITY="122.77418518066406" SOURCE_ID="0" POSITION_T="142.0" POSITION_X="1098.605778176124" POSITION_Y="375.1871281705788" FRAME="142" POSITION_Z="252.47058605549688" />
        <Spot ID="170088" name="ID170088" VISIBILITY="1" RADIUS="5.644739300537772" QUALITY="257.4401550292969" SOURCE_ID="0" POSITION_T="142.0" POSITION_X="1162.5587288909662" POSITION_Y="376.20161718098274" FRAME="142" CELL_DIVISION_TIME="205.0" POSITION_Z="298.351113354252" />
        <Spot ID="178504" name="ID178504" VISIBILITY="1" RADIUS="6.830134553650705" QUALITY="200.24468994140625" SOURCE_ID="0" POSITION_T="142.0" POSITION_X="1157.7028607783434" POSITION_Y="346.2306768930077" FRAME="142" POSITION_Z="289.0640053513763" />
      </SpotsInFrame>
      <SpotsInFrame frame="143">
        <Spot ID="114865" name="ID114865" VISIBILITY="1" RADIUS="7.513148009015772" QUALITY="310.5439147949219" SOURCE_ID="0" POSITION_T="143.0" POSITION_X="1163.048085879015" POSITION_Y="204.0592580466374" FRAME="143" POSITION_Z="310.4667617518626" />
        <Spot ID="129057" name="ID129057" VISIBILITY="1" RADIUS="6.209213230591548" QUALITY="-1.0" SOURCE_ID="0" POSITION_T="143.0" POSITION_X="1110.7956062714802" POSITION_Y="396.8656639128655" FRAME="143" POSITION_Z="237.63027232517226" />
        <Spot ID="170098" name="ID170098" VISIBILITY="1" RADIUS="5.644739300537772" QUALITY="236.9429473876953" SOURCE_ID="0" POSITION_T="143.0" POSITION_X="1160.9320597749665" POSITION_Y="376.4146433251416" FRAME="143" CELL_DIVISION_TIME="205.0" POSITION_Z="298.45050630096875" />
        <Spot ID="108483" name="ID108483" VISIBILITY="1" RADIUS="6.2092132305915495" QUALITY="-1.0" SOURCE_ID="0" POSITION_T="143.0" POSITION_X="1131.9653173221213" POSITION_Y="205.75006840139528" FRAME="143" POSITION_Z="296.36429813306484" />
        <Spot ID="165521" name="ID165521" VISIBILITY="1" RADIUS="4.2409761837248485" QUALITY="-1.0" SOURCE_ID="0" POSITION_T="143.0" POSITION_X="1148.253250430452" POSITION_Y="362.29124355337353" FRAME="143" POSITION_Z="245.98615913870933" />
        <Spot ID="178519" name="ID178519" VISIBILITY="1" RADIUS="6.830134553650705" QUALITY="182.0873565673828" SOURCE_ID="0" POSITION_T="143.0" POSITION_X="1155.719070511302" POSITION_Y="345.04507921543194" FRAME="143" POSITION_Z="290.7043745470414" />
        <Spot ID="139240" name="ID139240" VISIBILITY="1" RADIUS="7.513148009015771" QUALITY="-1.0" SOURCE_ID="0" POSITION_T="143.0" POSITION_X="1121.6097900575548" POSITION_Y="405.76877435965866" FRAME="143" CELL_DIVISION_TIME="187.0" POSITION_Z="275.9503252716247" />
        <Spot ID="148461" name="ID148461" VISIBILITY="1" RADIUS="6.20921323059155" QUALITY="118.6597671508789" SOURCE_ID="0" POSITION_T="143.0" POSITION_X="1097.7423588914214" POSITION_Y="376.5659978743368" FRAME="143" POSITION_Z="253.9476339286565" />
      </SpotsInFrame>
      <SpotsInFrame frame="144">
        <Spot ID="165507" name="ID165507" VISIBILITY="1" RADIUS="4.2409761837248485" QUALITY="-1.0" SOURCE_ID="0" POSITION_T="144.0" POSITION_X="1146.1191488724216" POSITION_Y="361.58562432157163" FRAME="144" POSITION_Z="251.23143428399788" />
        <Spot ID="114883" name="ID114883" VISIBILITY="1" RADIUS="7.513148009015772" QUALITY="312.2352600097656" SOURCE_ID="0" POSITION_T="144.0" POSITION_X="1161.9553729142212" POSITION_Y="203.1564559390118" FRAME="144" POSITION_Z="308.2006689819915" />
        <Spot ID="129026" name="ID129026" VISIBILITY="1" RADIUS="6.209213230591548" QUALITY="-1.0" SOURCE_ID="0" POSITION_T="144.0" POSITION_X="1107.8654672430662" POSITION_Y="396.8656639128655" FRAME="144" POSITION_Z="237.99653970372395" />
        <Spot ID="148481" name="ID148481" VISIBILITY="1" RADIUS="6.20921323059155" QUALITY="142.8756561279297" SOURCE_ID="0" POSITION_T="144.0" POSITION_X="1095.5738523851298" POSITION_Y="374.48015104003065" FRAME="144" POSITION_Z="254.37348517325336" />
        <Spot ID="108468" name="ID108468" VISIBILITY="1" RADIUS="6.2092132305915495" QUALITY="-1.0" SOURCE_ID="0" POSITION_T="144.0" POSITION_X="1131.9653173221218" POSITION_Y="200.85690314994145" FRAME="144" POSITION_Z="295.71187609953773" />
        <Spot ID="178538" name="ID178538" VISIBILITY="1" RADIUS="6.830134553650705" QUALITY="121.46456909179688" SOURCE_ID="0" POSITION_T="144.0" POSITION_X="1150.4104793762083" POSITION_Y="341.02842587241065" FRAME="144" POSITION_Z="293.37335145147864" />
        <Spot ID="170107" name="ID170107" VISIBILITY="1" RADIUS="5.644739300537772" QUALITY="255.80050659179688" SOURCE_ID="0" POSITION_T="144.0" POSITION_X="1159.5242526471563" POSITION_Y="375.89364258936644" FRAME="144" CELL_DIVISION_TIME="205.0" POSITION_Z="298.49491504743696" />
        <Spot ID="139241" name="ID139241" VISIBILITY="1" RADIUS="7.513148009015771" QUALITY="-1.0" SOURCE_ID="0" POSITION_T="144.0" POSITION_X="1121.2371129998785" POSITION_Y="404.278066128953" FRAME="144" CELL_DIVISION_TIME="187.0" POSITION_Z="275.95032527162476" />
      </SpotsInFrame>
      <SpotsInFrame frame="145">
        <Spot ID="108467" name="ID108467" VISIBILITY="1" RADIUS="6.2092132305915495" QUALITY="-1.0" SOURCE_ID="0" POSITION_T="145.0" POSITION_X="1131.9653173221222" POSITION_Y="202.1617472169957" FRAME="145" POSITION_Z="294.7332430492471" />
        <Spot ID="114899" name="ID114899" VISIBILITY="1" RADIUS="7.513148009015772" QUALITY="354.56005859375" SOURCE_ID="0" POSITION_T="145.0" POSITION_X="1162.9976188908693" POSITION_Y="203.83430590102148" FRAME="145" POSITION_Z="310.0051175306179" />
        <Spot ID="178560" name="ID178560" VISIBILITY="1" RADIUS="6.830134553650705" QUALITY="188.20892333984375" SOURCE_ID="0" POSITION_T="145.0" POSITION_X="1153.4287179157857" POSITION_Y="341.58092077242094" FRAME="145" POSITION_Z="293.8771662243814" />
        <Spot ID="128996" name="ID128996" VISIBILITY="1" RADIUS="6.209213230591548" QUALITY="-1.0" SOURCE_ID="0" POSITION_T="145.0" POSITION_X="1105.301595593204" POSITION_Y="394.90839781228397" FRAME="145" POSITION_Z="237.71614517120665" />
        <Spot ID="170119" name="ID170119" VISIBILITY="1" RADIUS="5.644739300537772" QUALITY="215.9167938232422" SOURCE_ID="0" POSITION_T="145.0" POSITION_X="1161.0435242935498" POSITION_Y="374.3873337758401" FRAME="145" CELL_DIVISION_TIME="205.0" POSITION_Z="298.45960385941424" />
        <Spot ID="148501" name="ID148501" VISIBILITY="1" RADIUS="6.20921323059155" QUALITY="120.86253356933594" SOURCE_ID="0" POSITION_T="145.0" POSITION_X="1097.0590655739754" POSITION_Y="377.4655581882688" FRAME="145" POSITION_Z="254.4744939470175" />
        <Spot ID="165496" name="ID165496" VISIBILITY="1" RADIUS="4.2409761837248485" QUALITY="-1.0" SOURCE_ID="0" POSITION_T="145.0" POSITION_X="1148.1700579634146" POSITION_Y="362.3258454802659" FRAME="145" POSITION_Z="250.78772448852666" />
        <Spot ID="139246" name="ID139246" VISIBILITY="1" RADIUS="7.513148009015771" QUALITY="-1.0" SOURCE_ID="0" POSITION_T="145.0" POSITION_X="1121.2371129998785" POSITION_Y="404.93048816248023" FRAME="145" CELL_DIVISION_TIME="187.0" POSITION_Z="275.29790323809766" />
      </SpotsInFrame>
      <SpotsInFrame frame="146">
        <Spot ID="114913" name="ID114913" VISIBILITY="1" RADIUS="7.513148009015772" QUALITY="284.52581787109375" SOURCE_ID="0" POSITION_T="146.0" POSITION_X="1163.7094003999691" POSITION_Y="205.24800676773702" FRAME="146" POSITION_Z="308.41563648207404" />
        <Spot ID="165491" name="ID165491" VISIBILITY="1" RADIUS="4.2409761837248485" QUALITY="-1.0" SOURCE_ID="0" POSITION_T="146.0" POSITION_X="1149.4934476845735" POSITION_Y="363.38319652572" FRAME="146" POSITION_Z="249.08562382856252" />
        <Spot ID="108371" name="ID108371" VISIBILITY="1" RADIUS="6.2092132305915495" QUALITY="-1.0" SOURCE_ID="0" POSITION_T="146.0" POSITION_X="1131.9653173221225" POSITION_Y="200.85690314994136" FRAME="146" POSITION_Z="293.10218796542927" />
        <Spot ID="128995" name="ID128995" VISIBILITY="1" RADIUS="6.209213230591548" QUALITY="-1.0" SOURCE_ID="0" POSITION_T="146.0" POSITION_X="1107.152161523337" POSITION_Y="397.61101802821827" FRAME="146" POSITION_Z="237.84207437902933" />
        <Spot ID="178576" name="ID178576" VISIBILITY="1" RADIUS="6.830134553650705" QUALITY="156.77227783203125" SOURCE_ID="0" POSITION_T="146.0" POSITION_X="1153.2150149032564" POSITION_Y="340.8636552806712" FRAME="146" POSITION_Z="295.11110734094393" />
        <Spot ID="170134" name="ID170134" VISIBILITY="1" RADIUS="5.644739300537772" QUALITY="279.21533203125" SOURCE_ID="0" POSITION_T="146.0" POSITION_X="1162.2035968139105" POSITION_Y="374.42627431654086" FRAME="146" CELL_DIVISION_TIME="205.0" POSITION_Z="299.11910254848044" />
        <Spot ID="148519" name="ID148519" VISIBILITY="1" RADIUS="6.20921323059155" QUALITY="115.6158447265625" SOURCE_ID="0" POSITION_T="146.0" POSITION_X="1098.3385055723977" POSITION_Y="378.82252568232934" FRAME="146" POSITION_Z="254.99930038246816" />
        <Spot ID="139257" name="ID139257" VISIBILITY="1" RADIUS="7.513148009015771" QUALITY="-1.0" SOURCE_ID="0" POSITION_T="146.0" POSITION_X="1122.7278212305844" POSITION_Y="408.6572587392445" FRAME="146" CELL_DIVISION_TIME="187.0" POSITION_Z="275.2979032380977" />
      </SpotsInFrame>
      <SpotsInFrame frame="147">
        <Spot ID="178592" name="ID178592" VISIBILITY="1" RADIUS="6.830134553650705" QUALITY="179.08453369140625" SOURCE_ID="0" POSITION_T="147.0" POSITION_X="1154.0628824647251" POSITION_Y="341.24405428504673" FRAME="147" POSITION_Z="291.0523221121669" />
        <Spot ID="108370" name="ID108370" VISIBILITY="1" RADIUS="6.2092132305915495" QUALITY="-1.0" SOURCE_ID="0" POSITION_T="147.0" POSITION_X="1131.9653173221222" POSITION_Y="200.20448111641423" FRAME="147" POSITION_Z="292.44976593190205" />
        <Spot ID="114949" name="ID114949" VISIBILITY="1" RADIUS="7.513148009015772" QUALITY="299.8828125" SOURCE_ID="0" POSITION_T="147.0" POSITION_X="1164.7670223015166" POSITION_Y="205.76227498496303" FRAME="147" POSITION_Z="308.23281985454577" />
        <Spot ID="148535" name="ID148535" VISIBILITY="1" RADIUS="6.20921323059155" QUALITY="117.57040405273438" SOURCE_ID="0" POSITION_T="147.0" POSITION_X="1097.924810873109" POSITION_Y="380.4654247921545" FRAME="147" POSITION_Z="256.0436022006374" />
        <Spot ID="170165" name="ID170165" VISIBILITY="1" RADIUS="5.644739300537772" QUALITY="281.0658264160156" SOURCE_ID="0" POSITION_T="147.0" POSITION_X="1164.2734597962376" POSITION_Y="375.4834641140831" FRAME="147" CELL_DIVISION_TIME="205.0" POSITION_Z="298.9900638058243" />
        <Spot ID="139258" name="ID139258" VISIBILITY="1" RADIUS="7.513148009015771" QUALITY="-1.0" SOURCE_ID="0" POSITION_T="147.0" POSITION_X="1124.2185294612902" POSITION_Y="407.1665505085389" FRAME="147" CELL_DIVISION_TIME="187.0" POSITION_Z="275.2979032380978" />
        <Spot ID="165481" name="ID165481" VISIBILITY="1" RADIUS="4.2409761837248485" QUALITY="-1.0" SOURCE_ID="0" POSITION_T="147.0" POSITION_X="1150.6446810020718" POSITION_Y="360.31377312498125" FRAME="147" POSITION_Z="251.33635629108647" />
        <Spot ID="128974" name="ID128974" VISIBILITY="1" RADIUS="6.209213230591548" QUALITY="-1.0" SOURCE_ID="0" POSITION_T="147.0" POSITION_X="1109.4769181934296" POSITION_Y="395.72631392272126" FRAME="147" POSITION_Z="237.8420743790293" />
      </SpotsInFrame>
      <SpotsInFrame frame="148">
        <Spot ID="108369" name="ID108369" VISIBILITY="1" RADIUS="6.2092132305915495" QUALITY="-1.0" SOURCE_ID="0" POSITION_T="148.0" POSITION_X="1131.965317322122" POSITION_Y="196.28994891525124" FRAME="148" POSITION_Z="291.79734389837483" />
        <Spot ID="170176" name="ID170176" VISIBILITY="1" RADIUS="5.644739300537772" QUALITY="303.37628173828125" SOURCE_ID="0" POSITION_T="148.0" POSITION_X="1162.0" POSITION_Y="374.0" FRAME="148" CELL_DIVISION_TIME="205.0" POSITION_Z="295.0" />
        <Spot ID="178608" name="ID178608" VISIBILITY="1" RADIUS="6.830134553650705" QUALITY="179.5143280029297" SOURCE_ID="0" POSITION_T="148.0" POSITION_X="1155.830779133279" POSITION_Y="340.1610859643993" FRAME="148" POSITION_Z="290.0289676176795" />
        <Spot ID="148561" name="ID148561" VISIBILITY="1" RADIUS="6.20921323059155" QUALITY="78.65787506103516" SOURCE_ID="0" POSITION_T="148.0" POSITION_X="1100.3511720007207" POSITION_Y="378.8610159549983" FRAME="148" POSITION_Z="258.88723754778715" />
        <Spot ID="139259" name="ID139259" VISIBILITY="1" RADIUS="7.513148009015771" QUALITY="-1.0" SOURCE_ID="0" POSITION_T="148.0" POSITION_X="1126.8272688650252" POSITION_Y="407.53922756621546" FRAME="148" CELL_DIVISION_TIME="187.0" POSITION_Z="275.2979032380979" />
        <Spot ID="165480" name="ID165480" VISIBILITY="1" RADIUS="4.2409761837248485" QUALITY="-1.0" SOURCE_ID="0" POSITION_T="148.0" POSITION_X="1150.0570296954331" POSITION_Y="357.7793887593404" FRAME="148" POSITION_Z="248.9804400984913" />
        <Spot ID="128941" name="ID128941" VISIBILITY="1" RADIUS="6.209213230591548" QUALITY="-1.0" SOURCE_ID="0" POSITION_T="148.0" POSITION_X="1110.1335779847486" POSITION_Y="395.0022786244831" FRAME="148" POSITION_Z="237.84207437902938" />
        <Spot ID="114959" name="ID114959" VISIBILITY="1" RADIUS="7.513148009015772" QUALITY="304.14019775390625" SOURCE_ID="0" POSITION_T="148.0" POSITION_X="1164.7584824816622" POSITION_Y="200.41213434026412" FRAME="148" POSITION_Z="304.16225344800284" />
      </SpotsInFrame>
      <SpotsInFrame frame="149">
        <Spot ID="178625" name="ID178625" VISIBILITY="1" RADIUS="6.830134553650705" QUALITY="170.14114379882812" SOURCE_ID="0" POSITION_T="149.0" POSITION_X="1155.351420205028" POSITION_Y="335.5406787351786" FRAME="149" POSITION_Z="293.3466717822065" />
        <Spot ID="165479" name="ID165479" VISIBILITY="1" RADIUS="4.2409761837248485" QUALITY="-1.0" SOURCE_ID="0" POSITION_T="149.0" POSITION_X="1151.0033168879092" POSITION_Y="357.9030660619013" FRAME="149" POSITION_Z="248.83482489888763" />
        <Spot ID="148597" name="ID148597" VISIBILITY="1" RADIUS="6.20921323059155" QUALITY="-1.0" SOURCE_ID="0" POSITION_T="149.0" POSITION_X="1103.3560900947343" POSITION_Y="374.8943933087118" FRAME="149" POSITION_Z="259.8650433236562" />
        <Spot ID="114971" name="ID114971" VISIBILITY="1" RADIUS="7.513148009015772" QUALITY="279.3828430175781" SOURCE_ID="0" POSITION_T="149.0" POSITION_X="1163.9277028768756" POSITION_Y="200.58553668224758" FRAME="149" POSITION_Z="305.69442024306926" />
        <Spot ID="139272" name="ID139272" VISIBILITY="1" RADIUS="7.513148009015771" QUALITY="-1.0" SOURCE_ID="0" POSITION_T="149.0" POSITION_X="1124.5912065189668" POSITION_Y="404.93048816248063" FRAME="149" CELL_DIVISION_TIME="187.0" POSITION_Z="275.297903238098" />
        <Spot ID="128877" name="ID128877" VISIBILITY="1" RADIUS="6.209213230591548" QUALITY="-1.0" SOURCE_ID="0" POSITION_T="149.0" POSITION_X="1110.8576132829867" POSITION_Y="395.7263139227211" FRAME="149" POSITION_Z="237.84207437902936" />
        <Spot ID="170190" name="ID170190" VISIBILITY="1" RADIUS="5.644739300537772" QUALITY="415.4861755371094" SOURCE_ID="0" POSITION_T="149.0" POSITION_X="1160.989348623657" POSITION_Y="371.63747667271934" FRAME="149" CELL_DIVISION_TIME="205.0" POSITION_Z="294.83726859995704" />
        <Spot ID="108367" name="ID108367" VISIBILITY="1" RADIUS="6.2092132305915495" QUALITY="-1.0" SOURCE_ID="0" POSITION_T="149.0" POSITION_X="1134.2562083262114" POSITION_Y="199.33705636729292" FRAME="149" POSITION_Z="290.818710848084" />
      </SpotsInFrame>
      <SpotsInFrame frame="150">
        <Spot ID="108336" name="ID108336" VISIBILITY="1" RADIUS="6.2092132305915495" QUALITY="-1.0" SOURCE_ID="0" POSITION_T="150.0" POSITION_X="1137.1343262542048" POSITION_Y="199.9109855857435" FRAME="150" POSITION_Z="290.87370238171025" />
        <Spot ID="148675" name="ID148675" VISIBILITY="1" RADIUS="6.20921323059155" QUALITY="-1.0" SOURCE_ID="0" POSITION_T="150.0" POSITION_X="1106.9762665859241" POSITION_Y="373.4463227122356" FRAME="150" POSITION_Z="259.8650433236561" />
        <Spot ID="139296" name="ID139296" VISIBILITY="1" RADIUS="7.513148009015771" QUALITY="-1.0" SOURCE_ID="0" POSITION_T="150.0" POSITION_X="1129.808685326437" POSITION_Y="404.93048816248074" FRAME="150" CELL_DIVISION_TIME="187.0" POSITION_Z="275.29790323809806" />
        <Spot ID="178641" name="ID178641" VISIBILITY="1" RADIUS="6.830134553650705" QUALITY="211.59930419921875" SOURCE_ID="0" POSITION_T="150.0" POSITION_X="1158.5548857957529" POSITION_Y="334.96060570489465" FRAME="150" POSITION_Z="293.23835504254293" />
        <Spot ID="114984" name="ID114984" VISIBILITY="1" RADIUS="7.513148009015772" QUALITY="251.26812744140625" SOURCE_ID="0" POSITION_T="150.0" POSITION_X="1165.2004201013697" POSITION_Y="200.33099323734876" FRAME="150" POSITION_Z="305.6944202430693" />
        <Spot ID="170203" name="ID170203" VISIBILITY="1" RADIUS="5.644739300537772" QUALITY="311.7668151855469" SOURCE_ID="0" POSITION_T="150.0" POSITION_X="1164.6561349355818" POSITION_Y="370.5360063643865" FRAME="150" CELL_DIVISION_TIME="205.0" POSITION_Z="291.96018202921675" />
        <Spot ID="128874" name="ID128874" VISIBILITY="1" RADIUS="6.209213230591548" QUALITY="-1.0" SOURCE_ID="0" POSITION_T="150.0" POSITION_X="1112.684630276362" POSITION_Y="397.19282366000243" FRAME="150" POSITION_Z="238.24839811936926" />
        <Spot ID="165454" name="ID165454" VISIBILITY="1" RADIUS="4.2409761837248485" QUALITY="-1.0" SOURCE_ID="0" POSITION_T="150.0" POSITION_X="1151.8713669883073" POSITION_Y="358.4886905923944" FRAME="150" POSITION_Z="248.57313410292093" />
      </SpotsInFrame>
      <SpotsInFrame frame="151">
        <Spot ID="114995" name="ID114995" VISIBILITY="1" RADIUS="7.513148009015772" QUALITY="247.07476806640625" SOURCE_ID="0" POSITION_T="151.0" POSITION_X="1164.182246321774" POSITION_Y="202.11279735164078" FRAME="151" POSITION_Z="305.6944202430694" />
        <Spot ID="128819" name="ID128819" VISIBILITY="1" RADIUS="6.209213230591548" QUALITY="-1.0" SOURCE_ID="0" POSITION_T="151.0" POSITION_X="1112.684630276362" POSITION_Y="397.19282366000243" FRAME="151" POSITION_Z="238.24839811936926" />
        <Spot ID="165344" name="ID165344" VISIBILITY="1" RADIUS="4.2409761837248485" QUALITY="-1.0" SOURCE_ID="0" POSITION_T="151.0" POSITION_X="1150.293328449654" POSITION_Y="358.0040369853203" FRAME="151" POSITION_Z="248.42336758042157" />
        <Spot ID="139297" name="ID139297" VISIBILITY="1" RADIUS="7.513148009015771" QUALITY="-1.0" SOURCE_ID="0" POSITION_T="151.0" POSITION_X="1130.1813623841135" POSITION_Y="405.67584227783374" FRAME="151" CELL_DIVISION_TIME="187.0" POSITION_Z="275.2979032380982" />
        <Spot ID="178657" name="ID178657" VISIBILITY="1" RADIUS="6.830134553650705" QUALITY="209.34817504882812" SOURCE_ID="0" POSITION_T="151.0" POSITION_X="1159.982310802914" POSITION_Y="334.83568819763246" FRAME="151" POSITION_Z="293.30942818610754" />
        <Spot ID="148698" name="ID148698" VISIBILITY="1" RADIUS="6.20921323059155" QUALITY="116.82805633544922" SOURCE_ID="0" POSITION_T="151.0" POSITION_X="1107.1380740177196" POSITION_Y="370.93445476587874" FRAME="151" POSITION_Z="255.9818892849148" />
        <Spot ID="170219" name="ID170219" VISIBILITY="1" RADIUS="5.644739300537772" QUALITY="293.5872497558594" SOURCE_ID="0" POSITION_T="151.0" POSITION_X="1164.7822818726972" POSITION_Y="368.71422261305446" FRAME="151" CELL_DIVISION_TIME="205.0" POSITION_Z="289.8003616704734" />
        <Spot ID="108319" name="ID108319" VISIBILITY="1" RADIUS="6.2092132305915495" QUALITY="-1.0" SOURCE_ID="0" POSITION_T="151.0" POSITION_X="1137.134326254205" POSITION_Y="199.5847745689799" FRAME="151" POSITION_Z="291.85233543200104" />
      </SpotsInFrame>
      <SpotsInFrame frame="152">
        <Spot ID="165335" name="ID165335" VISIBILITY="1" RADIUS="4.2409761837248485" QUALITY="-1.0" SOURCE_ID="0" POSITION_T="152.0" POSITION_X="1151.0807303388708" POSITION_Y="357.54456701995076" FRAME="152" POSITION_Z="249.58867485582536" />
        <Spot ID="108315" name="ID108315" VISIBILITY="1" RADIUS="6.2092132305915495" QUALITY="-1.0" SOURCE_ID="0" POSITION_T="152.0" POSITION_X="1137.1343262542052" POSITION_Y="200.56340761927063" FRAME="152" POSITION_Z="287.2853811973109" />
        <Spot ID="139305" name="ID139305" VISIBILITY="1" RADIUS="7.513148009015771" QUALITY="112.11760711669922" SOURCE_ID="0" POSITION_T="152.0" POSITION_X="1130.5476297626656" POSITION_Y="404.18513404712826" FRAME="152" CELL_DIVISION_TIME="187.0" POSITION_Z="277.49550750940887" />
        <Spot ID="170238" name="ID170238" VISIBILITY="1" RADIUS="5.644739300537772" QUALITY="241.7215118408203" SOURCE_ID="0" POSITION_T="152.0" POSITION_X="1164.0638310249028" POSITION_Y="364.83328294464405" FRAME="152" CELL_DIVISION_TIME="205.0" POSITION_Z="289.90188905106214" />
        <Spot ID="115100" name="ID115100" VISIBILITY="1" RADIUS="7.513148009015772" QUALITY="258.1150207519531" SOURCE_ID="0" POSITION_T="152.0" POSITION_X="1166.218593880965" POSITION_Y="203.6005172917293" FRAME="152" POSITION_Z="302.10609905867" />
        <Spot ID="128812" name="ID128812" VISIBILITY="1" RADIUS="6.209213230591548" QUALITY="-1.0" SOURCE_ID="0" POSITION_T="152.0" POSITION_X="1112.684630276362" POSITION_Y="399.1500897605839" FRAME="152" POSITION_Z="237.26976506907852" />
        <Spot ID="148719" name="ID148719" VISIBILITY="1" RADIUS="6.20921323059155" QUALITY="109.8227767944336" SOURCE_ID="0" POSITION_T="152.0" POSITION_X="1109.0069944114819" POSITION_Y="373.2182985675895" FRAME="152" POSITION_Z="257.2122251230835" />
        <Spot ID="178671" name="ID178671" VISIBILITY="1" RADIUS="6.830134553650705" QUALITY="186.7961883544922" SOURCE_ID="0" POSITION_T="152.0" POSITION_X="1160.092140892688" POSITION_Y="335.43483907810355" FRAME="152" POSITION_Z="291.33047666793055" />
      </SpotsInFrame>
      <SpotsInFrame frame="153">
        <Spot ID="148738" name="ID148738" VISIBILITY="1" RADIUS="6.20921323059155" QUALITY="73.79862976074219" SOURCE_ID="0" POSITION_T="153.0" POSITION_X="1109.4606397001162" POSITION_Y="372.5281326240618" FRAME="153" POSITION_Z="258.27490740372684" />
        <Spot ID="128803" name="ID128803" VISIBILITY="1" RADIUS="6.209213230591548" QUALITY="-1.0" SOURCE_ID="0" POSITION_T="153.0" POSITION_X="1112.684630276362" POSITION_Y="399.7550970228243" FRAME="153" POSITION_Z="233.68144388467897" />
        <Spot ID="115110" name="ID115110" VISIBILITY="1" RADIUS="7.513148009015772" QUALITY="279.23773193359375" SOURCE_ID="0" POSITION_T="153.0" POSITION_X="1169.0185717748525" POSITION_Y="203.77597927801884" FRAME="153" POSITION_Z="304.71578719277863" />
        <Spot ID="165333" name="ID165333" VISIBILITY="1" RADIUS="4.2409761837248485" QUALITY="-1.0" SOURCE_ID="0" POSITION_T="153.0" POSITION_X="1154.5945935423583" POSITION_Y="358.34193702717835" FRAME="153" POSITION_Z="248.57828891669908" />
        <Spot ID="108313" name="ID108313" VISIBILITY="1" RADIUS="6.2092132305915495" QUALITY="-1.0" SOURCE_ID="0" POSITION_T="153.0" POSITION_X="1141.3676588406338" POSITION_Y="202.47343293908582" FRAME="153" POSITION_Z="289.30438657316034" />
        <Spot ID="170254" name="ID170254" VISIBILITY="1" RADIUS="5.644739300537772" QUALITY="224.50186157226562" SOURCE_ID="0" POSITION_T="153.0" POSITION_X="1163.7976651017375" POSITION_Y="365.6545576839767" FRAME="153" CELL_DIVISION_TIME="205.0" POSITION_Z="290.1382317339456" />
        <Spot ID="178687" name="ID178687" VISIBILITY="1" RADIUS="6.830134553650705" QUALITY="227.78965759277344" SOURCE_ID="0" POSITION_T="153.0" POSITION_X="1163.6402359685485" POSITION_Y="336.23160160162683" FRAME="153" POSITION_Z="293.5151453318882" />
        <Spot ID="139404" name="ID139404" VISIBILITY="1" RADIUS="7.513148009015771" QUALITY="-1.0" SOURCE_ID="0" POSITION_T="153.0" POSITION_X="1132.0126992768728" POSITION_Y="404.1851340471283" FRAME="153" CELL_DIVISION_TIME="187.0" POSITION_Z="277.8617748879607" />
      </SpotsInFrame>
      <SpotsInFrame frame="154">
        <Spot ID="115121" name="ID115121" VISIBILITY="1" RADIUS="7.513148009015772" QUALITY="290.7878112792969" SOURCE_ID="0" POSITION_T="154.0" POSITION_X="1170.2912889993468" POSITION_Y="202.50326205352457" FRAME="154" POSITION_Z="304.71578719277863" />
        <Spot ID="165331" name="ID165331" VISIBILITY="1" RADIUS="4.2409761837248485" QUALITY="-1.0" SOURCE_ID="0" POSITION_T="154.0" POSITION_X="1153.4089815656748" POSITION_Y="358.35557603339277" FRAME="154" POSITION_Z="245.69126982240465" />
        <Spot ID="128802" name="ID128802" VISIBILITY="1" RADIUS="6.209213230591548" QUALITY="-1.0" SOURCE_ID="0" POSITION_T="154.0" POSITION_X="1115.2639823637028" POSITION_Y="399.4288860060606" FRAME="154" POSITION_Z="235.89430862073516" />
        <Spot ID="170265" name="ID170265" VISIBILITY="1" RADIUS="5.644739300537772" QUALITY="387.715576171875" SOURCE_ID="0" POSITION_T="154.0" POSITION_X="1164.546895557601" POSITION_Y="362.35647428612873" FRAME="154" CELL_DIVISION_TIME="205.0" POSITION_Z="289.9319143307479" />
        <Spot ID="148750" name="ID148750" VISIBILITY="1" RADIUS="6.20921323059155" QUALITY="144.8994140625" SOURCE_ID="0" POSITION_T="154.0" POSITION_X="1111.63274559483" POSITION_Y="370.83871692817297" FRAME="154" POSITION_Z="258.27490740372684" />
        <Spot ID="178702" name="ID178702" VISIBILITY="1" RADIUS="6.830134553650705" QUALITY="270.7503662109375" SOURCE_ID="0" POSITION_T="154.0" POSITION_X="1165.048865854207" POSITION_Y="331.85588214592565" FRAME="154" POSITION_Z="293.47298578221705" />
        <Spot ID="108287" name="ID108287" VISIBILITY="1" RADIUS="6.2092132305915495" QUALITY="-1.0" SOURCE_ID="0" POSITION_T="154.0" POSITION_X="1137.9885867134433" POSITION_Y="199.5771846538924" FRAME="154" POSITION_Z="287.2705027004197" />
        <Spot ID="139405" name="ID139405" VISIBILITY="1" RADIUS="7.513148009015771" QUALITY="-1.0" SOURCE_ID="0" POSITION_T="154.0" POSITION_X="1133.8953136026291" POSITION_Y="405.67584227783425" FRAME="154" CELL_DIVISION_TIME="187.0" POSITION_Z="277.86177488796073" />
      </SpotsInFrame>
      <SpotsInFrame frame="155">
        <Spot ID="115136" name="ID115136" VISIBILITY="1" RADIUS="7.513148009015772" QUALITY="357.4167175292969" SOURCE_ID="0" POSITION_T="155.0" POSITION_X="1168.5862016759281" POSITION_Y="203.88883697507856" FRAME="155" POSITION_Z="305.6567313209481" />
        <Spot ID="178723" name="ID178723" VISIBILITY="1" RADIUS="6.830134553650705" QUALITY="254.53146362304688" SOURCE_ID="0" POSITION_T="155.0" POSITION_X="1164.516271378205" POSITION_Y="331.37204004975985" FRAME="155" POSITION_Z="293.6311999807482" />
        <Spot ID="165329" name="ID165329" VISIBILITY="1" RADIUS="4.2409761837248485" QUALITY="-1.0" SOURCE_ID="0" POSITION_T="155.0" POSITION_X="1155.3059607283685" POSITION_Y="358.5715611025878" FRAME="155" POSITION_Z="246.9096949807696" />
        <Spot ID="139463" name="ID139463" VISIBILITY="1" RADIUS="7.513148009015771" QUALITY="-1.0" SOURCE_ID="0" POSITION_T="155.0" POSITION_X="1133.8953136026291" POSITION_Y="402.694425816423" FRAME="155" CELL_DIVISION_TIME="187.0" POSITION_Z="277.86177488796085" />
        <Spot ID="170279" name="ID170279" VISIBILITY="1" RADIUS="5.644739300537772" QUALITY="201.86549377441406" SOURCE_ID="0" POSITION_T="155.0" POSITION_X="1164.6632893761068" POSITION_Y="361.1038015814375" FRAME="155" CELL_DIVISION_TIME="205.0" POSITION_Z="288.3385454323452" />
        <Spot ID="148773" name="ID148773" VISIBILITY="1" RADIUS="6.20921323059155" QUALITY="195.0083465576172" SOURCE_ID="0" POSITION_T="155.0" POSITION_X="1111.827997881764" POSITION_Y="369.90973185010193" FRAME="155" POSITION_Z="256.3063661305931" />
        <Spot ID="128797" name="ID128797" VISIBILITY="1" RADIUS="6.209213230591548" QUALITY="-1.0" SOURCE_ID="0" POSITION_T="155.0" POSITION_X="1112.684630276362" POSITION_Y="399.4288860060607" FRAME="155" POSITION_Z="236.29113201878764" />
        <Spot ID="108286" name="ID108286" VISIBILITY="1" RADIUS="6.2092132305915495" QUALITY="-1.0" SOURCE_ID="0" POSITION_T="155.0" POSITION_X="1134.9050242234175" POSITION_Y="199.51185334985678" FRAME="155" POSITION_Z="286.20808238029474" />
      </SpotsInFrame>
      <SpotsInFrame frame="156">
        <Spot ID="148899" name="ID148899" VISIBILITY="1" RADIUS="6.20921323059155" QUALITY="-1.0" SOURCE_ID="0" POSITION_T="156.0" POSITION_X="1111.0469887340282" POSITION_Y="367.7753508626573" FRAME="156" POSITION_Z="253.62627221473542" />
        <Spot ID="165328" name="ID165328" VISIBILITY="1" RADIUS="4.2409761837248485" QUALITY="-1.0" SOURCE_ID="0" POSITION_T="156.0" POSITION_X="1153.408981565675" POSITION_Y="358.389070044539" FRAME="156" POSITION_Z="245.21228314740375" />
        <Spot ID="115154" name="ID115154" VISIBILITY="1" RADIUS="7.513148009015772" QUALITY="333.6200256347656" SOURCE_ID="0" POSITION_T="156.0" POSITION_X="1166.3511805727421" POSITION_Y="206.444666392158" FRAME="156" POSITION_Z="307.00567377858175" />
        <Spot ID="178737" name="ID178737" VISIBILITY="1" RADIUS="6.830134553650705" QUALITY="247.90921020507812" SOURCE_ID="0" POSITION_T="156.0" POSITION_X="1161.3921769957894" POSITION_Y="334.21064536387814" FRAME="156" POSITION_Z="290.1601555668139" />
        <Spot ID="170292" name="ID170292" VISIBILITY="1" RADIUS="5.644739300537772" QUALITY="186.39456176757812" SOURCE_ID="0" POSITION_T="156.0" POSITION_X="1160.1460585021266" POSITION_Y="364.17852064607666" FRAME="156" CELL_DIVISION_TIME="205.0" POSITION_Z="284.24655967588245" />
        <Spot ID="128761" name="ID128761" VISIBILITY="1" RADIUS="6.209213230591548" QUALITY="-1.0" SOURCE_ID="0" POSITION_T="156.0" POSITION_X="1112.684630276362" POSITION_Y="398.77646397253346" FRAME="156" POSITION_Z="235.31249896849684" />
        <Spot ID="139466" name="ID139466" VISIBILITY="1" RADIUS="7.513148009015771" QUALITY="-1.0" SOURCE_ID="0" POSITION_T="156.0" POSITION_X="1135.7586988910114" POSITION_Y="408.28458168156953" FRAME="156" CELL_DIVISION_TIME="187.0" POSITION_Z="277.86177488796096" />
        <Spot ID="108285" name="ID108285" VISIBILITY="1" RADIUS="6.2092132305915495" QUALITY="-1.0" SOURCE_ID="0" POSITION_T="156.0" POSITION_X="1134.4896003541346" POSITION_Y="200.44460379290342" FRAME="156" POSITION_Z="286.3548335111458" />
      </SpotsInFrame>
      <SpotsInFrame frame="157">
        <Spot ID="108272" name="ID108272" VISIBILITY="1" RADIUS="6.2092132305915495" QUALITY="-1.0" SOURCE_ID="0" POSITION_T="157.0" POSITION_X="1133.3983620594136" POSITION_Y="200.7981045789114" FRAME="157" POSITION_Z="286.0948078674487" />
        <Spot ID="148900" name="ID148900" VISIBILITY="1" RADIUS="6.20921323059155" QUALITY="-1.0" SOURCE_ID="0" POSITION_T="157.0" POSITION_X="1111.046988734028" POSITION_Y="368.1263701406411" FRAME="157" POSITION_Z="254.259527755239" />
        <Spot ID="178756" name="ID178756" VISIBILITY="1" RADIUS="6.830134553650705" QUALITY="227.99790954589844" SOURCE_ID="0" POSITION_T="157.0" POSITION_X="1164.8601136885036" POSITION_Y="332.21288550406854" FRAME="157" POSITION_Z="292.91826911035537" />
        <Spot ID="139493" name="ID139493" VISIBILITY="1" RADIUS="7.513148009015771" QUALITY="-1.0" SOURCE_ID="0" POSITION_T="157.0" POSITION_X="1135.3860218333352" POSITION_Y="404.18513404712905" FRAME="157" CELL_DIVISION_TIME="187.0" POSITION_Z="277.8617748879611" />
        <Spot ID="115257" name="ID115257" VISIBILITY="1" RADIUS="7.513148009015772" QUALITY="348.2420349121094" SOURCE_ID="0" POSITION_T="157.0" POSITION_X="1166.096637127843" POSITION_Y="205.17194916766374" FRAME="157" POSITION_Z="307.00567377858175" />
        <Spot ID="170315" name="ID170315" VISIBILITY="1" RADIUS="5.644739300537772" QUALITY="162.12887573242188" SOURCE_ID="0" POSITION_T="157.0" POSITION_X="1164.0075800927298" POSITION_Y="361.52372455253715" FRAME="157" CELL_DIVISION_TIME="205.0" POSITION_Z="284.2465596758825" />
        <Spot ID="128716" name="ID128716" VISIBILITY="1" RADIUS="6.209213230591548" QUALITY="-1.0" SOURCE_ID="0" POSITION_T="157.0" POSITION_X="1108.9578596995977" POSITION_Y="397.70489884041694" FRAME="157" POSITION_Z="233.02902185115175" />
        <Spot ID="165292" name="ID165292" VISIBILITY="1" RADIUS="4.2409761837248485" QUALITY="-1.0" SOURCE_ID="0" POSITION_T="157.0" POSITION_X="1151.5525640104408" POSITION_Y="356.5143834541758" FRAME="157" POSITION_Z="245.38914804126432" />
      </SpotsInFrame>
      <SpotsInFrame frame="158">
        <Spot ID="178771" name="ID178771" VISIBILITY="1" RADIUS="6.830134553650705" QUALITY="278.0362243652344" SOURCE_ID="0" POSITION_T="158.0" POSITION_X="1163.0609382352418" POSITION_Y="332.15831739177304" FRAME="158" POSITION_Z="290.9043148270878" />
        <Spot ID="148912" name="ID148912" VISIBILITY="1" RADIUS="6.20921323059155" QUALITY="-1.0" SOURCE_ID="0" POSITION_T="158.0" POSITION_X="1110.247336161431" POSITION_Y="369.73635118398806" FRAME="158" POSITION_Z="254.87572708471447" />
        <Spot ID="115269" name="ID115269" VISIBILITY="1" RADIUS="7.513148009015772" QUALITY="416.0394592285156" SOURCE_ID="0" POSITION_T="158.0" POSITION_X="1167.623897797236" POSITION_Y="204.66286227786605" FRAME="158" POSITION_Z="307.00567377858175" />
        <Spot ID="108263" name="ID108263" VISIBILITY="1" RADIUS="6.2092132305915495" QUALITY="-1.0" SOURCE_ID="0" POSITION_T="158.0" POSITION_X="1131.619602978918" POSITION_Y="200.13271674752335" FRAME="158" POSITION_Z="285.2886935667981" />
        <Spot ID="165285" name="ID165285" VISIBILITY="1" RADIUS="4.2409761837248485" QUALITY="-1.0" SOURCE_ID="0" POSITION_T="158.0" POSITION_X="1152.7381759871244" POSITION_Y="356.8021905482773" FRAME="158" POSITION_Z="243.96528706055102" />
        <Spot ID="128712" name="ID128712" VISIBILITY="1" RADIUS="6.209213230591548" QUALITY="-1.0" SOURCE_ID="0" POSITION_T="158.0" POSITION_X="1113.0573073340386" POSITION_Y="396.63333370830054" FRAME="158" POSITION_Z="236.6173430355512" />
        <Spot ID="139502" name="ID139502" VISIBILITY="1" RADIUS="7.513148009015771" QUALITY="-1.0" SOURCE_ID="0" POSITION_T="158.0" POSITION_X="1136.8767300640409" POSITION_Y="403.8124569894527" FRAME="158" CELL_DIVISION_TIME="187.0" POSITION_Z="277.86177488796113" />
        <Spot ID="170334" name="ID170334" VISIBILITY="1" RADIUS="5.644739300537772" QUALITY="210.74514770507812" SOURCE_ID="0" POSITION_T="158.0" POSITION_X="1165.6881271834816" POSITION_Y="361.5237245525372" FRAME="158" CELL_DIVISION_TIME="205.0" POSITION_Z="283.0461688967739" />
      </SpotsInFrame>
      <SpotsInFrame frame="159">
        <Spot ID="108257" name="ID108257" VISIBILITY="1" RADIUS="6.2092132305915495" QUALITY="-1.0" SOURCE_ID="0" POSITION_T="159.0" POSITION_X="1135.1771211399077" POSITION_Y="201.46349241029992" FRAME="159" POSITION_Z="286.9009221680993" />
        <Spot ID="148915" name="ID148915" VISIBILITY="1" RADIUS="6.20921323059155" QUALITY="-1.0" SOURCE_ID="0" POSITION_T="159.0" POSITION_X="1111.0408358890238" POSITION_Y="371.1029210331296" FRAME="159" POSITION_Z="257.9010099527835" />
        <Spot ID="139521" name="ID139521" VISIBILITY="1" RADIUS="7.513148009015771" QUALITY="-1.0" SOURCE_ID="0" POSITION_T="159.0" POSITION_X="1138.3674382947465" POSITION_Y="400.1321524536014" FRAME="159" CELL_DIVISION_TIME="187.0" POSITION_Z="280.79767403883346" />
        <Spot ID="115285" name="ID115285" VISIBILITY="1" RADIUS="7.513148009015772" QUALITY="523.9688720703125" SOURCE_ID="0" POSITION_T="159.0" POSITION_X="1171.3161939535112" POSITION_Y="203.10661551101072" FRAME="159" POSITION_Z="309.4625166762757" />
        <Spot ID="165268" name="ID165268" VISIBILITY="1" RADIUS="4.2409761837248485" QUALITY="-1.0" SOURCE_ID="0" POSITION_T="159.0" POSITION_X="1154.6351551498183" POSITION_Y="357.0014286118992" FRAME="159" POSITION_Z="245.42320555641635" />
        <Spot ID="178789" name="ID178789" VISIBILITY="1" RADIUS="6.830134553650705" QUALITY="191.49609375" SOURCE_ID="0" POSITION_T="159.0" POSITION_X="1164.0776571873357" POSITION_Y="331.7688825694014" FRAME="159" POSITION_Z="290.05592478019935" />
        <Spot ID="170347" name="ID170347" VISIBILITY="1" RADIUS="5.644739300537772" QUALITY="153.97715759277344" SOURCE_ID="0" POSITION_T="159.0" POSITION_X="1168.32898689752" POSITION_Y="358.94437246519635" FRAME="159" CELL_DIVISION_TIME="205.0" POSITION_Z="284.15330617734014" />
        <Spot ID="128669" name="ID128669" VISIBILITY="1" RADIUS="6.209213230591548" QUALITY="-1.0" SOURCE_ID="0" POSITION_T="159.0" POSITION_X="1113.4299843917152" POSITION_Y="397.3786878236534" FRAME="159" POSITION_Z="236.6173430355512" />
      </SpotsInFrame>
      <SpotsInFrame frame="160">
        <Spot ID="108256" name="ID108256" VISIBILITY="1" RADIUS="5.131581182307065" QUALITY="-1.0" SOURCE_ID="0" POSITION_T="160.0" POSITION_X="1135.5608982322788" POSITION_Y="201.29595325777694" FRAME="160" POSITION_Z="287.604772108569" />
        <Spot ID="139731" name="ID139731" VISIBILITY="1" RADIUS="7.513148009015771" QUALITY="-1.0" SOURCE_ID="0" POSITION_T="160.0" POSITION_X="1137.9947612370704" POSITION_Y="401.99553774198364" FRAME="160" CELL_DIVISION_TIME="187.0" POSITION_Z="280.7976740388336" />
        <Spot ID="115299" name="ID115299" VISIBILITY="1" RADIUS="7.513148009015772" QUALITY="630.5042724609375" SOURCE_ID="0" POSITION_T="160.0" POSITION_X="1175.2468336699665" POSITION_Y="204.34415042641365" FRAME="160" POSITION_Z="310.1895067133368" />
        <Spot ID="165232" name="ID165232" VISIBILITY="1" RADIUS="4.2409761837248485" QUALITY="-1.0" SOURCE_ID="0" POSITION_T="160.0" POSITION_X="1154.478680965663" POSITION_Y="357.92532306776366" FRAME="160" POSITION_Z="245.1910543636901" />
        <Spot ID="148916" name="ID148916" VISIBILITY="1" RADIUS="6.20921323059155" QUALITY="-1.0" SOURCE_ID="0" POSITION_T="160.0" POSITION_X="1110.1616963528104" POSITION_Y="370.26444126990987" FRAME="160" POSITION_Z="257.2781263465826" />
        <Spot ID="170366" name="ID170366" VISIBILITY="1" RADIUS="5.644739300537772" QUALITY="180.5979766845703" SOURCE_ID="0" POSITION_T="160.0" POSITION_X="1169.535712394584" POSITION_Y="360.63378816108514" FRAME="160" CELL_DIVISION_TIME="205.0" POSITION_Z="284.1533061773401" />
        <Spot ID="178812" name="ID178812" VISIBILITY="1" RADIUS="6.830134553650705" QUALITY="201.58042907714844" SOURCE_ID="0" POSITION_T="160.0" POSITION_X="1167.696566734935" POSITION_Y="334.90636886176617" FRAME="160" POSITION_Z="292.45670633841655" />
        <Spot ID="128638" name="ID128638" VISIBILITY="1" RADIUS="6.209213230591548" QUALITY="-1.0" SOURCE_ID="0" POSITION_T="160.0" POSITION_X="1113.4299843917152" POSITION_Y="399.24207311203537" FRAME="160" POSITION_Z="236.61734303555116" />
      </SpotsInFrame>
      <SpotsInFrame frame="161">
        <Spot ID="128625" name="ID128625" VISIBILITY="1" RADIUS="6.209213230591548" QUALITY="-1.0" SOURCE_ID="0" POSITION_T="161.0" POSITION_X="1113.8026614493915" POSITION_Y="398.9158620952718" FRAME="161" POSITION_Z="238.24839811936903" />
        <Spot ID="115312" name="ID115312" VISIBILITY="1" RADIUS="5.64473930053777" QUALITY="372.0207824707031" SOURCE_ID="0" POSITION_T="161.0" POSITION_X="1171.6836906243493" POSITION_Y="201.7055658245988" FRAME="161" POSITION_Z="310.56231881442767" />
        <Spot ID="148919" name="ID148919" VISIBILITY="1" RADIUS="6.20921323059155" QUALITY="-1.0" SOURCE_ID="0" POSITION_T="161.0" POSITION_X="1111.9922894928382" POSITION_Y="371.75629991735013" FRAME="161" POSITION_Z="257.5488473501307" />
        <Spot ID="108250" name="ID108250" VISIBILITY="1" RADIUS="5.131581182307065" QUALITY="-1.0" SOURCE_ID="0" POSITION_T="161.0" POSITION_X="1134.025789862795" POSITION_Y="201.9661098678688" FRAME="161" POSITION_Z="284.7893723466906" />
        <Spot ID="139737" name="ID139737" VISIBILITY="1" RADIUS="7.513148009015771" QUALITY="-1.0" SOURCE_ID="0" POSITION_T="161.0" POSITION_X="1135.0133447756589" POSITION_Y="399.99275433086314" FRAME="161" CELL_DIVISION_TIME="187.0" POSITION_Z="282.75494013941517" />
        <Spot ID="165214" name="ID165214" VISIBILITY="1" RADIUS="4.2409761837248485" QUALITY="-1.0" SOURCE_ID="0" POSITION_T="161.0" POSITION_X="1154.242109167544" POSITION_Y="357.89440374212336" FRAME="161" POSITION_Z="245.22745816359088" />
        <Spot ID="170382" name="ID170382" VISIBILITY="1" RADIUS="5.644739300537772" QUALITY="209.99307250976562" SOURCE_ID="0" POSITION_T="161.0" POSITION_X="1171.4664731898858" POSITION_Y="362.5645489563866" FRAME="161" CELL_DIVISION_TIME="205.0" POSITION_Z="284.1533061773401" />
        <Spot ID="178831" name="ID178831" VISIBILITY="1" RADIUS="6.830134553650705" QUALITY="178.8538360595703" SOURCE_ID="0" POSITION_T="161.0" POSITION_X="1166.0071510390462" POSITION_Y="332.9756080664647" FRAME="161" POSITION_Z="292.45670633841655" />
      </SpotsInFrame>
      <SpotsInFrame frame="162">
        <Spot ID="139794" name="ID139794" VISIBILITY="1" RADIUS="7.513148009015771" QUALITY="203.08114624023438" SOURCE_ID="0" POSITION_T="162.0" POSITION_X="1136.876730064041" POSITION_Y="398.1293690424811" FRAME="162" CELL_DIVISION_TIME="187.0" POSITION_Z="282.7549401394152" />
        <Spot ID="115443" name="ID115443" VISIBILITY="1" RADIUS="5.64473930053777" QUALITY="-1.0" SOURCE_ID="0" POSITION_T="162.0" POSITION_X="1170.0839667892" POSITION_Y="201.05848663356807" FRAME="162" POSITION_Z="311.2804628805659" />
        <Spot ID="165207" name="ID165207" VISIBILITY="1" RADIUS="4.2409761837248485" QUALITY="-1.0" SOURCE_ID="0" POSITION_T="162.0" POSITION_X="1155.7379165264495" POSITION_Y="356.2012114585957" FRAME="162" POSITION_Z="245.50974154953883" />
        <Spot ID="178856" name="ID178856" VISIBILITY="1" RADIUS="6.830134553650705" QUALITY="198.23248291015625" SOURCE_ID="0" POSITION_T="162.0" POSITION_X="1164.8004255419828" POSITION_Y="332.2515727682266" FRAME="162" POSITION_Z="292.4567063384165" />
        <Spot ID="108218" name="ID108218" VISIBILITY="1" RADIUS="5.131581182307065" QUALITY="-1.0" SOURCE_ID="0" POSITION_T="162.0" POSITION_X="1135.966026498679" POSITION_Y="202.2122335040564" FRAME="162" POSITION_Z="282.99339013720083" />
        <Spot ID="128618" name="ID128618" VISIBILITY="1" RADIUS="6.209213230591548" QUALITY="-1.0" SOURCE_ID="0" POSITION_T="162.0" POSITION_X="1116.4114008531265" POSITION_Y="396.2597079202502" FRAME="162" POSITION_Z="237.92218710260545" />
        <Spot ID="170473" name="ID170473" VISIBILITY="1" RADIUS="5.644739300537772" QUALITY="259.2866516113281" SOURCE_ID="0" POSITION_T="162.0" POSITION_X="1172.9069421248162" POSITION_Y="362.56454895638666" FRAME="162" CELL_DIVISION_TIME="205.0" POSITION_Z="286.5540877355573" />
        <Spot ID="148926" name="ID148926" VISIBILITY="1" RADIUS="6.20921323059155" QUALITY="-1.0" SOURCE_ID="0" POSITION_T="162.0" POSITION_X="1111.9922894928382" POSITION_Y="367.1928308397471" FRAME="162" POSITION_Z="261.517081330655" />
      </SpotsInFrame>
      <SpotsInFrame frame="163">
        <Spot ID="139808" name="ID139808" VISIBILITY="1" RADIUS="7.513148009015771" QUALITY="220.82000732421875" SOURCE_ID="0" POSITION_T="163.0" POSITION_X="1136.8767300640413" POSITION_Y="396.82452497542675" FRAME="163" CELL_DIVISION_TIME="187.0" POSITION_Z="283.733573189706" />
        <Spot ID="165206" name="ID165206" VISIBILITY="1" RADIUS="4.2409761837248485" QUALITY="-1.0" SOURCE_ID="0" POSITION_T="163.0" POSITION_X="1154.6332946279326" POSITION_Y="355.5846676024624" FRAME="163" POSITION_Z="245.80783614540636" />
        <Spot ID="170491" name="ID170491" VISIBILITY="1" RADIUS="5.644739300537772" QUALITY="301.8844909667969" SOURCE_ID="0" POSITION_T="163.0" POSITION_X="1175.3077236830334" POSITION_Y="362.5645489563867" FRAME="163" CELL_DIVISION_TIME="205.0" POSITION_Z="292.0758853194569" />
        <Spot ID="178875" name="ID178875" VISIBILITY="1" RADIUS="6.830134553650705" QUALITY="215.18292236328125" SOURCE_ID="0" POSITION_T="163.0" POSITION_X="1163.6272328041478" POSITION_Y="328.82952701152686" FRAME="163" POSITION_Z="292.45670633841644" />
        <Spot ID="115516" name="ID115516" VISIBILITY="1" RADIUS="5.64473930053777" QUALITY="-1.0" SOURCE_ID="0" POSITION_T="163.0" POSITION_X="1171.6102970926588" POSITION_Y="201.0214609056941" FRAME="163" POSITION_Z="311.2421216169623" />
        <Spot ID="148943" name="ID148943" VISIBILITY="1" RADIUS="6.20921323059155" QUALITY="-1.0" SOURCE_ID="0" POSITION_T="163.0" POSITION_X="1113.0981187125922" POSITION_Y="365.91310211653416" FRAME="163" POSITION_Z="261.8284309728553" />
        <Spot ID="128607" name="ID128607" VISIBILITY="1" RADIUS="6.209213230591548" QUALITY="-1.0" SOURCE_ID="0" POSITION_T="163.0" POSITION_X="1116.4114008531265" POSITION_Y="395.60728588672305" FRAME="163" POSITION_Z="238.5746091361326" />
        <Spot ID="108190" name="ID108190" VISIBILITY="1" RADIUS="5.131581182307065" QUALITY="-1.0" SOURCE_ID="0" POSITION_T="163.0" POSITION_X="1135.3265795047093" POSITION_Y="203.03270282941102" FRAME="163" POSITION_Z="284.70607042257205" />
      </SpotsInFrame>
      <SpotsInFrame frame="164">
        <Spot ID="148962" name="ID148962" VISIBILITY="1" RADIUS="6.20921323059155" QUALITY="-1.0" SOURCE_ID="0" POSITION_T="164.0" POSITION_X="1110.518766625251" POSITION_Y="365.9131021165341" FRAME="164" POSITION_Z="262.82048946798636" />
        <Spot ID="108137" name="ID108137" VISIBILITY="1" RADIUS="5.131581182307065" QUALITY="-1.0" SOURCE_ID="0" POSITION_T="164.0" POSITION_X="1135.7562687003776" POSITION_Y="201.64437569276708" FRAME="164" POSITION_Z="284.5788402927191" />
        <Spot ID="170506" name="ID170506" VISIBILITY="1" RADIUS="5.644739300537772" QUALITY="405.88323974609375" SOURCE_ID="0" POSITION_T="164.0" POSITION_X="1176.0279581504983" POSITION_Y="362.5645489563867" FRAME="164" CELL_DIVISION_TIME="205.0" POSITION_Z="292.5560416311004" />
        <Spot ID="128587" name="ID128587" VISIBILITY="1" RADIUS="6.209213230591548" QUALITY="-1.0" SOURCE_ID="0" POSITION_T="164.0" POSITION_X="1116.4114008531265" POSITION_Y="394.62865283643225" FRAME="164" POSITION_Z="238.90082015289616" />
        <Spot ID="115533" name="ID115533" VISIBILITY="1" RADIUS="5.64473930053777" QUALITY="-1.0" SOURCE_ID="0" POSITION_T="164.0" POSITION_X="1172.5886648854457" POSITION_Y="198.9865993801709" FRAME="164" POSITION_Z="313.2220988355199" />
        <Spot ID="139823" name="ID139823" VISIBILITY="1" RADIUS="7.513148009015771" QUALITY="246.12811279296875" SOURCE_ID="0" POSITION_T="164.0" POSITION_X="1136.8767300640413" POSITION_Y="395.5196809083724" FRAME="164" CELL_DIVISION_TIME="187.0" POSITION_Z="284.05978420646966" />
        <Spot ID="165197" name="ID165197" VISIBILITY="1" RADIUS="4.2409761837248485" QUALITY="-1.0" SOURCE_ID="0" POSITION_T="164.0" POSITION_X="1154.8698664260514" POSITION_Y="355.61558692810263" FRAME="164" POSITION_Z="245.77143234550547" />
        <Spot ID="178893" name="ID178893" VISIBILITY="1" RADIUS="6.830134553650705" QUALITY="229.47645568847656" SOURCE_ID="0" POSITION_T="164.0" POSITION_X="1159.0569499594344" POSITION_Y="326.4616296637814" FRAME="164" POSITION_Z="295.05589959565987" />
      </SpotsInFrame>
      <SpotsInFrame frame="165">
        <Spot ID="115552" name="ID115552" VISIBILITY="1" RADIUS="5.64473930053777" QUALITY="-1.0" SOURCE_ID="0" POSITION_T="165.0" POSITION_X="1172.8872457161597" POSITION_Y="200.98354555016442" FRAME="165" POSITION_Z="313.8799712097957" />
        <Spot ID="139841" name="ID139841" VISIBILITY="1" RADIUS="7.513148009015771" QUALITY="254.7607421875" SOURCE_ID="0" POSITION_T="165.0" POSITION_X="1139.4854694677763" POSITION_Y="397.28918538455525" FRAME="165" CELL_DIVISION_TIME="187.0" POSITION_Z="284.0597842064697" />
        <Spot ID="165174" name="ID165174" VISIBILITY="1" RADIUS="4.2409761837248485" QUALITY="-1.0" SOURCE_ID="0" POSITION_T="165.0" POSITION_X="1154.0409348716923" POSITION_Y="354.7989887836434" FRAME="165" POSITION_Z="246.0911609396536" />
        <Spot ID="170518" name="ID170518" VISIBILITY="1" RADIUS="5.644739300537772" QUALITY="326.7016906738281" SOURCE_ID="0" POSITION_T="165.0" POSITION_X="1175.0676455272112" POSITION_Y="362.5645489563867" FRAME="165" CELL_DIVISION_TIME="205.0" POSITION_Z="292.31596347527875" />
        <Spot ID="178980" name="ID178980" VISIBILITY="1" RADIUS="6.830134553650705" QUALITY="-1.0" SOURCE_ID="0" POSITION_T="165.0" POSITION_X="1159.7733835961267" POSITION_Y="324.28952376906716" FRAME="165" POSITION_Z="293.3753525049079" />
        <Spot ID="108102" name="ID108102" VISIBILITY="1" RADIUS="5.131581182307065" QUALITY="-1.0" SOURCE_ID="0" POSITION_T="165.0" POSITION_X="1136.3049556078424" POSITION_Y="202.59153144931383" FRAME="165" POSITION_Z="282.99130231979143" />
        <Spot ID="148972" name="ID148972" VISIBILITY="1" RADIUS="6.20921323059155" QUALITY="141.23411560058594" SOURCE_ID="0" POSITION_T="165.0" POSITION_X="1110.9386766034238" POSITION_Y="363.7464588959063" FRAME="165" POSITION_Z="262.98072720998135" />
        <Spot ID="128574" name="ID128574" VISIBILITY="1" RADIUS="6.209213230591548" QUALITY="-1.0" SOURCE_ID="0" POSITION_T="165.0" POSITION_X="1117.8764703673337" POSITION_Y="394.62865283643225" FRAME="165" POSITION_Z="238.53455277434438" />
      </SpotsInFrame>
      <SpotsInFrame frame="166">
        <Spot ID="148994" name="ID148994" VISIBILITY="1" RADIUS="6.20921323059155" QUALITY="188.59678649902344" SOURCE_ID="0" POSITION_T="166.0" POSITION_X="1114.5168600063066" POSITION_Y="362.12827768271706" FRAME="166" POSITION_Z="264.23800397320235" />
        <Spot ID="170531" name="ID170531" VISIBILITY="1" RADIUS="5.644739300537772" QUALITY="243.939453125" SOURCE_ID="0" POSITION_T="166.0" POSITION_X="1176.9984063225131" POSITION_Y="363.28858425462477" FRAME="166" CELL_DIVISION_TIME="205.0" POSITION_Z="292.3159634752788" />
        <Spot ID="139857" name="ID139857" VISIBILITY="1" RADIUS="7.513148009015771" QUALITY="252.00819396972656" SOURCE_ID="0" POSITION_T="166.0" POSITION_X="1141.7215318138349" POSITION_Y="397.2891853845553" FRAME="166" CELL_DIVISION_TIME="187.0" POSITION_Z="284.05978420646977" />
        <Spot ID="165169" name="ID165169" VISIBILITY="1" RADIUS="4.2409761837248485" QUALITY="-1.0" SOURCE_ID="0" POSITION_T="166.0" POSITION_X="1154.4358413758525" POSITION_Y="355.322774662856" FRAME="166" POSITION_Z="245.9022777434887" />
        <Spot ID="128552" name="ID128552" VISIBILITY="1" RADIUS="6.209213230591548" QUALITY="-1.0" SOURCE_ID="0" POSITION_T="166.0" POSITION_X="1116.4114008531267" POSITION_Y="394.62865283643225" FRAME="166" POSITION_Z="236.70321588158552" />
        <Spot ID="179006" name="ID179006" VISIBILITY="1" RADIUS="6.830134553650705" QUALITY="250.837158203125" SOURCE_ID="0" POSITION_T="166.0" POSITION_X="1161.060392532668" POSITION_Y="322.6316918157291" FRAME="166" POSITION_Z="295.2710492459448" />
        <Spot ID="108044" name="ID108044" VISIBILITY="1" RADIUS="5.131581182307065" QUALITY="-1.0" SOURCE_ID="0" POSITION_T="166.0" POSITION_X="1139.485144666788" POSITION_Y="207.498874143706" FRAME="166" POSITION_Z="271.2682928801655" />
        <Spot ID="115567" name="ID115567" VISIBILITY="1" RADIUS="6.209213230591547" QUALITY="-1.0" SOURCE_ID="0" POSITION_T="166.0" POSITION_X="1175.6452687425797" POSITION_Y="202.96984478174636" FRAME="166" POSITION_Z="313.7941386755308" />
      </SpotsInFrame>
      <SpotsInFrame frame="167">
        <Spot ID="115584" name="ID115584" VISIBILITY="1" RADIUS="6.209213230591547" QUALITY="554.9675903320312" SOURCE_ID="0" POSITION_T="167.0" POSITION_X="1175.194750929959" POSITION_Y="194.07171007430415" FRAME="167" CELL_DIVISION_TIME="107.0" POSITION_Z="311.1010782522554" />
        <Spot ID="165155" name="ID165155" VISIBILITY="1" RADIUS="4.2409761837248485" QUALITY="-1.0" SOURCE_ID="0" POSITION_T="167.0" POSITION_X="1154.4358413758525" POSITION_Y="356.31483315798704" FRAME="167" POSITION_Z="245.50545434543622" />
        <Spot ID="139969" name="ID139969" VISIBILITY="1" RADIUS="7.513148009015771" QUALITY="199.794921875" SOURCE_ID="0" POSITION_T="167.0" POSITION_X="1141.7215318138349" POSITION_Y="400.22508453542764" FRAME="167" CELL_DIVISION_TIME="187.0" POSITION_Z="283.7335731897062" />
        <Spot ID="149014" name="ID149014" VISIBILITY="1" RADIUS="6.20921323059155" QUALITY="108.6895523071289" SOURCE_ID="0" POSITION_T="167.0" POSITION_X="1116.0341532569407" POSITION_Y="361.596920809855" FRAME="167" POSITION_Z="262.9343964520115" />
        <Spot ID="115639" name="ID115639" VISIBILITY="1" RADIUS="6.209213230591547" QUALITY="-1.0" SOURCE_ID="0" POSITION_T="167.0" POSITION_X="1176.4088990772761" POSITION_Y="212.89703913280186" FRAME="167" POSITION_Z="313.79413867553075" />
        <Spot ID="128535" name="ID128535" VISIBILITY="1" RADIUS="6.209213230591548" QUALITY="-1.0" SOURCE_ID="0" POSITION_T="167.0" POSITION_X="1120.4403420171964" POSITION_Y="394.62865283643225" FRAME="167" POSITION_Z="241.46469180275847" />
        <Spot ID="170587" name="ID170587" VISIBILITY="1" RADIUS="7.513148009015776" QUALITY="-1.0" SOURCE_ID="0" POSITION_T="167.0" POSITION_X="1176.9984063225136" POSITION_Y="365.7020352487516" FRAME="167" CELL_DIVISION_TIME="205.0" POSITION_Z="292.31596347527886" />
        <Spot ID="108029" name="ID108029" VISIBILITY="1" RADIUS="5.131581182307065" QUALITY="-1.0" SOURCE_ID="0" POSITION_T="167.0" POSITION_X="1137.884809217081" POSITION_Y="211.38209508065162" FRAME="167" POSITION_Z="271.8543173196466" />
        <Spot ID="179020" name="ID179020" VISIBILITY="1" RADIUS="6.830134553650705" QUALITY="244.0821075439453" SOURCE_ID="0" POSITION_T="167.0" POSITION_X="1160.0787060345706" POSITION_Y="324.91686449582403" FRAME="167" POSITION_Z="295.3991961107824" />
      </SpotsInFrame>
      <SpotsInFrame frame="168">
        <Spot ID="170594" name="ID170594" VISIBILITY="1" RADIUS="7.513148009015776" QUALITY="222.4822540283203" SOURCE_ID="0" POSITION_T="168.0" POSITION_X="1180.135892614879" POSITION_Y="367.1501058452278" FRAME="168" CELL_DIVISION_TIME="205.0" POSITION_Z="292.3159634752789" />
        <Spot ID="108000" name="ID108000" VISIBILITY="1" RADIUS="5.131581182307065" QUALITY="-1.0" SOURCE_ID="0" POSITION_T="168.0" POSITION_X="1134.97670111278" POSITION_Y="214.2713605143498" FRAME="168" POSITION_Z="271.2611260043133" />
        <Spot ID="128530" name="ID128530" VISIBILITY="1" RADIUS="6.209213230591548" QUALITY="-1.0" SOURCE_ID="0" POSITION_T="168.0" POSITION_X="1116.045133474575" POSITION_Y="394.62865283643237" FRAME="168" POSITION_Z="237.06948326013725" />
        <Spot ID="179031" name="ID179031" VISIBILITY="1" RADIUS="6.830134553650705" QUALITY="248.92295837402344" SOURCE_ID="0" POSITION_T="168.0" POSITION_X="1161.5655031183892" POSITION_Y="323.9925860391581" FRAME="168" POSITION_Z="293.9570681686109" />
        <Spot ID="165108" name="ID165108" VISIBILITY="1" RADIUS="4.2409761837248485" QUALITY="-1.0" SOURCE_ID="0" POSITION_T="168.0" POSITION_X="1154.435841375852" POSITION_Y="354.33071616772474" FRAME="168" POSITION_Z="243.32292565614773" />
        <Spot ID="139979" name="ID139979" VISIBILITY="1" RADIUS="7.513148009015771" QUALITY="206.37850952148438" SOURCE_ID="0" POSITION_T="168.0" POSITION_X="1145.448302390599" POSITION_Y="400.1312037232284" FRAME="168" CELL_DIVISION_TIME="187.0" POSITION_Z="284.712206239997" />
        <Spot ID="115659" name="ID115659" VISIBILITY="1" RADIUS="6.209213230591547" QUALITY="466.37518310546875" SOURCE_ID="0" POSITION_T="168.0" POSITION_X="1173.8720092000578" POSITION_Y="217.20719875837048" FRAME="168" POSITION_Z="316.2960020675645" />
        <Spot ID="149032" name="ID149032" VISIBILITY="1" RADIUS="6.20921323059155" QUALITY="123.53880310058594" SOURCE_ID="0" POSITION_T="168.0" POSITION_X="1116.9871702759497" POSITION_Y="362.4383893397376" FRAME="168" POSITION_Z="262.5739380465941" />
        <Spot ID="115597" name="ID115597" VISIBILITY="1" RADIUS="6.209213230591547" QUALITY="580.517822265625" SOURCE_ID="0" POSITION_T="168.0" POSITION_X="1175.2456798875742" POSITION_Y="190.53999680083874" FRAME="168" CELL_DIVISION_TIME="107.0" POSITION_Z="310.02434219915847" />
      </SpotsInFrame>
      <SpotsInFrame frame="169">
        <Spot ID="179043" name="ID179043" VISIBILITY="1" RADIUS="6.830134553650705" QUALITY="306.2130126953125" SOURCE_ID="0" POSITION_T="169.0" POSITION_X="1161.3257151428736" POSITION_Y="321.0669972910299" FRAME="169" POSITION_Z="299.2627430361682" />
        <Spot ID="107938" name="ID107938" VISIBILITY="1" RADIUS="5.131581182307065" QUALITY="-1.0" SOURCE_ID="0" POSITION_T="169.0" POSITION_X="1134.4313478645647" POSITION_Y="210.29653325922425" FRAME="169" POSITION_Z="269.6809751414249" />
        <Spot ID="128466" name="ID128466" VISIBILITY="1" RADIUS="6.209213230591548" QUALITY="-1.0" SOURCE_ID="0" POSITION_T="169.0" POSITION_X="1116.045133474575" POSITION_Y="393.323808769378" FRAME="169" POSITION_Z="237.39569427690077" />
        <Spot ID="165077" name="ID165077" VISIBILITY="1" RADIUS="4.2409761837248485" QUALITY="-1.0" SOURCE_ID="0" POSITION_T="169.0" POSITION_X="1150.6451866337711" POSITION_Y="354.1054902040197" FRAME="169" POSITION_Z="238.7252836169659" />
        <Spot ID="115609" name="ID115609" VISIBILITY="1" RADIUS="6.209213230591547" QUALITY="465.0003356933594" SOURCE_ID="0" POSITION_T="169.0" POSITION_X="1175.9216643348557" POSITION_Y="188.48425405195604" FRAME="169" CELL_DIVISION_TIME="107.0" POSITION_Z="308.393890792957" />
        <Spot ID="115672" name="ID115672" VISIBILITY="1" RADIUS="6.209213230591547" QUALITY="701.2526245117188" SOURCE_ID="0" POSITION_T="169.0" POSITION_X="1174.326259639295" POSITION_Y="217.93268137963932" FRAME="169" POSITION_Z="320.0059947379623" />
        <Spot ID="149049" name="ID149049" VISIBILITY="1" RADIUS="6.20921323059155" QUALITY="149.72604370117188" SOURCE_ID="0" POSITION_T="169.0" POSITION_X="1116.308335053343" POSITION_Y="364.04931394406884" FRAME="169" POSITION_Z="260.75576517224954" />
        <Spot ID="170606" name="ID170606" VISIBILITY="1" RADIUS="7.513148009015776" QUALITY="204.95387268066406" SOURCE_ID="0" POSITION_T="169.0" POSITION_X="1180.5058592348673" POSITION_Y="368.604328421566" FRAME="169" CELL_DIVISION_TIME="205.0" POSITION_Z="291.510162516139" />
        <Spot ID="139996" name="ID139996" VISIBILITY="1" RADIUS="7.513148009015771" QUALITY="260.3160400390625" SOURCE_ID="0" POSITION_T="169.0" POSITION_X="1145.448302390599" POSITION_Y="398.1322355411626" FRAME="169" CELL_DIVISION_TIME="187.0" POSITION_Z="284.71220623999704" />
      </SpotsInFrame>
      <SpotsInFrame frame="170">
        <Spot ID="115619" name="ID115619" VISIBILITY="1" RADIUS="6.209213230591547" QUALITY="578.412109375" SOURCE_ID="0" POSITION_T="170.0" POSITION_X="1177.6229921624017" POSITION_Y="187.73198246889478" FRAME="170" CELL_DIVISION_TIME="107.0" POSITION_Z="305.49248578302854" />
        <Spot ID="165056" name="ID165056" VISIBILITY="1" RADIUS="4.2409761837248485" QUALITY="-1.0" SOURCE_ID="0" POSITION_T="170.0" POSITION_X="1151.43127859832" POSITION_Y="352.31953994357133" FRAME="170" POSITION_Z="239.11677840261646" />
        <Spot ID="179056" name="ID179056" VISIBILITY="1" RADIUS="6.830134553650705" QUALITY="255.6702423095703" SOURCE_ID="0" POSITION_T="170.0" POSITION_X="1160.3250307937171" POSITION_Y="318.713820300205" FRAME="170" POSITION_Z="299.6307845928382" />
        <Spot ID="149089" name="ID149089" VISIBILITY="1" RADIUS="6.20921323059155" QUALITY="185.51988220214844" SOURCE_ID="0" POSITION_T="170.0" POSITION_X="1117.1033719263362" POSITION_Y="363.2402015375139" FRAME="170" POSITION_Z="260.59709849563603" />
        <Spot ID="140006" name="ID140006" VISIBILITY="1" RADIUS="7.513148009015771" QUALITY="288.602294921875" SOURCE_ID="0" POSITION_T="170.0" POSITION_X="1145.0756253329228" POSITION_Y="395.286401973435" FRAME="170" CELL_DIVISION_TIME="187.0" POSITION_Z="284.7122062399971" />
        <Spot ID="115686" name="ID115686" VISIBILITY="1" RADIUS="6.209213230591547" QUALITY="379.9651184082031" SOURCE_ID="0" POSITION_T="170.0" POSITION_X="1175.9019669054555" POSITION_Y="216.26106138654194" FRAME="170" POSITION_Z="321.21989164322895" />
        <Spot ID="170619" name="ID170619" VISIBILITY="1" RADIUS="7.513148009015776" QUALITY="190.0829315185547" SOURCE_ID="0" POSITION_T="170.0" POSITION_X="1178.491561795767" POSITION_Y="362.7979336491093" FRAME="170" CELL_DIVISION_TIME="205.0" POSITION_Z="289.48501558186217" />
        <Spot ID="107935" name="ID107935" VISIBILITY="1" RADIUS="5.131581182307065" QUALITY="-1.0" SOURCE_ID="0" POSITION_T="170.0" POSITION_X="1131.9016242262214" POSITION_Y="212.3577263061929" FRAME="170" POSITION_Z="269.9968198975722" />
        <Spot ID="128463" name="ID128463" VISIBILITY="1" RADIUS="6.209213230591548" QUALITY="-1.0" SOURCE_ID="0" POSITION_T="170.0" POSITION_X="1120.8899352243686" POSITION_Y="393.50967293302926" FRAME="170" POSITION_Z="241.5047481645465" />
      </SpotsInFrame>
      <SpotsInFrame frame="171">
        <Spot ID="140019" name="ID140019" VISIBILITY="1" RADIUS="7.513148009015771" QUALITY="244.01890563964844" SOURCE_ID="0" POSITION_T="171.0" POSITION_X="1144.3302712175698" POSITION_Y="395.7055450720243" FRAME="171" CELL_DIVISION_TIME="187.0" POSITION_Z="286.6694723405787" />
        <Spot ID="115699" name="ID115699" VISIBILITY="1" RADIUS="6.209213230591547" QUALITY="474.9135437011719" SOURCE_ID="0" POSITION_T="171.0" POSITION_X="1179.8079563199997" POSITION_Y="215.0809849467736" FRAME="171" POSITION_Z="323.37849637402513" />
        <Spot ID="149104" name="ID149104" VISIBILITY="1" RADIUS="5.644739300537773" QUALITY="105.22270202636719" SOURCE_ID="0" POSITION_T="171.0" POSITION_X="1116.5081368292574" POSITION_Y="365.42273022680223" FRAME="171" POSITION_Z="260.00186339855736" />
        <Spot ID="115628" name="ID115628" VISIBILITY="1" RADIUS="6.209213230591547" QUALITY="560.9711303710938" SOURCE_ID="0" POSITION_T="171.0" POSITION_X="1179.1384769880842" POSITION_Y="192.86507759601943" FRAME="171" CELL_DIVISION_TIME="107.0" POSITION_Z="305.66006618051813" />
        <Spot ID="128444" name="ID128444" VISIBILITY="1" RADIUS="6.209213230591548" QUALITY="-1.0" SOURCE_ID="0" POSITION_T="171.0" POSITION_X="1120.8899352243686" POSITION_Y="392.8572508995021" FRAME="171" POSITION_Z="240.52611511425573" />
        <Spot ID="107934" name="ID107934" VISIBILITY="1" RADIUS="5.131581182307065" QUALITY="-1.0" SOURCE_ID="0" POSITION_T="171.0" POSITION_X="1132.8310124148575" POSITION_Y="214.17975419616982" FRAME="171" POSITION_Z="270.266999580906" />
        <Spot ID="164973" name="ID164973" VISIBILITY="1" RADIUS="4.2409761837248485" QUALITY="-1.0" SOURCE_ID="0" POSITION_T="171.0" POSITION_X="1147.9646597623846" POSITION_Y="354.22732484990934" FRAME="171" POSITION_Z="239.0096498195124" />
        <Spot ID="170637" name="ID170637" VISIBILITY="1" RADIUS="7.513148009015776" QUALITY="213.52529907226562" SOURCE_ID="0" POSITION_T="171.0" POSITION_X="1180.0264976012568" POSITION_Y="365.61945815661255" FRAME="171" CELL_DIVISION_TIME="205.0" POSITION_Z="292.03326825957794" />
        <Spot ID="179085" name="ID179085" VISIBILITY="1" RADIUS="6.830134553650705" QUALITY="278.6972961425781" SOURCE_ID="0" POSITION_T="171.0" POSITION_X="1158.9433248252624" POSITION_Y="319.6204926977803" FRAME="171" POSITION_Z="299.61919882877663" />
      </SpotsInFrame>
      <SpotsInFrame frame="172">
        <Spot ID="179106" name="ID179106" VISIBILITY="1" RADIUS="6.830134553650705" QUALITY="260.7759704589844" SOURCE_ID="0" POSITION_T="172.0" POSITION_X="1162.0195705815618" POSITION_Y="319.55937810604314" FRAME="172" POSITION_Z="300.3474510922837" />
        <Spot ID="149187" name="ID149187" VISIBILITY="1" RADIUS="5.644739300537773" QUALITY="-1.0" SOURCE_ID="0" POSITION_T="172.0" POSITION_X="1113.9450400448222" POSITION_Y="365.70700872660143" FRAME="172" POSITION_Z="257.42251131121657" />
        <Spot ID="140150" name="ID140150" VISIBILITY="1" RADIUS="7.513148009015771" QUALITY="243.35707092285156" SOURCE_ID="0" POSITION_T="172.0" POSITION_X="1142.8395629868642" POSITION_Y="394.5875138989951" FRAME="172" CELL_DIVISION_TIME="187.0" POSITION_Z="286.66947234057875" />
        <Spot ID="115943" name="ID115943" VISIBILITY="1" RADIUS="6.209213230591547" QUALITY="404.1617126464844" SOURCE_ID="0" POSITION_T="172.0" POSITION_X="1181.808289521417" POSITION_Y="193.55899580575763" FRAME="172" CELL_DIVISION_TIME="107.0" POSITION_Z="305.62440812185696" />
        <Spot ID="164971" name="ID164971" VISIBILITY="1" RADIUS="4.2409761837248485" QUALITY="-1.0" SOURCE_ID="0" POSITION_T="172.0" POSITION_X="1140.7911292486235" POSITION_Y="355.17845331807155" FRAME="172" POSITION_Z="239.60105763118588" />
        <Spot ID="107933" name="ID107933" VISIBILITY="1" RADIUS="5.131581182307065" QUALITY="-1.0" SOURCE_ID="0" POSITION_T="172.0" POSITION_X="1133.0591507716288" POSITION_Y="213.49465314537292" FRAME="172" POSITION_Z="270.163764036366" />
        <Spot ID="170655" name="ID170655" VISIBILITY="1" RADIUS="7.513148009015776" QUALITY="227.89613342285156" SOURCE_ID="0" POSITION_T="172.0" POSITION_X="1179.7344477458792" POSITION_Y="364.5888118191731" FRAME="172" CELL_DIVISION_TIME="205.0" POSITION_Z="294.2004500054947" />
        <Spot ID="115710" name="ID115710" VISIBILITY="1" RADIUS="5.64473930053777" QUALITY="465.4673156738281" SOURCE_ID="0" POSITION_T="172.0" POSITION_X="1180.4773762588675" POSITION_Y="211.48421540295564" FRAME="172" POSITION_Z="323.60144871548385" />
        <Spot ID="128382" name="ID128382" VISIBILITY="1" RADIUS="6.209213230591548" QUALITY="-1.0" SOURCE_ID="0" POSITION_T="172.0" POSITION_X="1120.5236678458168" POSITION_Y="392.85725089950216" FRAME="172" POSITION_Z="243.45625414266976" />
      </SpotsInFrame>
      <SpotsInFrame frame="173">
        <Spot ID="179123" name="ID179123" VISIBILITY="1" RADIUS="6.830134553650705" QUALITY="196.627197265625" SOURCE_ID="0" POSITION_T="173.0" POSITION_X="1159.9015486848741" POSITION_Y="316.7119438559364" FRAME="173" POSITION_Z="298.71161648645403" />
        <Spot ID="115957" name="ID115957" VISIBILITY="1" RADIUS="6.209213230591547" QUALITY="435.5254821777344" SOURCE_ID="0" POSITION_T="173.0" POSITION_X="1182.4992675042993" POSITION_Y="193.12867740247205" FRAME="173" CELL_DIVISION_TIME="107.0" POSITION_Z="304.30579833302136" />
        <Spot ID="128357" name="ID128357" VISIBILITY="1" RADIUS="6.209213230591548" QUALITY="-1.0" SOURCE_ID="0" POSITION_T="173.0" POSITION_X="1121.6416990188459" POSITION_Y="390.99386561111993" FRAME="173" POSITION_Z="243.4562541426697" />
        <Spot ID="140167" name="ID140167" VISIBILITY="1" RADIUS="7.513148009015771" QUALITY="266.17730712890625" SOURCE_ID="0" POSITION_T="173.0" POSITION_X="1143.2122400445407" POSITION_Y="394.21483684131874" FRAME="173" CELL_DIVISION_TIME="187.0" POSITION_Z="286.6694723405788" />
        <Spot ID="170683" name="ID170683" VISIBILITY="1" RADIUS="7.513148009015776" QUALITY="209.95741271972656" SOURCE_ID="0" POSITION_T="173.0" POSITION_X="1179.1488198916918" POSITION_Y="364.41107778813563" FRAME="173" CELL_DIVISION_TIME="205.0" POSITION_Z="294.1242845789386" />
        <Spot ID="115754" name="ID115754" VISIBILITY="1" RADIUS="5.64473930053777" QUALITY="527.8103637695312" SOURCE_ID="0" POSITION_T="173.0" POSITION_X="1182.0679064339936" POSITION_Y="209.72850672181173" FRAME="173" POSITION_Z="320.7993352188313" />
        <Spot ID="107916" name="ID107916" VISIBILITY="1" RADIUS="5.131581182307065" QUALITY="-1.0" SOURCE_ID="0" POSITION_T="173.0" POSITION_X="1133.9818050556441" POSITION_Y="213.49170819808415" FRAME="173" POSITION_Z="270.16069497510233" />
        <Spot ID="164943" name="ID164943" VISIBILITY="1" RADIUS="4.2409761837248485" QUALITY="-1.0" SOURCE_ID="0" POSITION_T="173.0" POSITION_X="1139.762883920298" POSITION_Y="352.6832012245692" FRAME="173" POSITION_Z="240.3998584124068" />
        <Spot ID="149229" name="ID149229" VISIBILITY="1" RADIUS="6.20921323059155" QUALITY="-1.0" SOURCE_ID="0" POSITION_T="173.0" POSITION_X="1113.9450400448222" POSITION_Y="364.51653853244414" FRAME="173" POSITION_Z="257.6209230102428" />
      </SpotsInFrame>
      <SpotsInFrame frame="174">
        <Spot ID="179139" name="ID179139" VISIBILITY="1" RADIUS="6.830134553650705" QUALITY="168.63919067382812" SOURCE_ID="0" POSITION_T="174.0" POSITION_X="1162.710073971629" POSITION_Y="319.2171129368506" FRAME="174" POSITION_Z="296.6339681676606" />
        <Spot ID="140177" name="ID140177" VISIBILITY="1" RADIUS="7.513148009015771" QUALITY="245.44566345214844" SOURCE_ID="0" POSITION_T="174.0" POSITION_X="1143.9575941598937" POSITION_Y="395.7055450720245" FRAME="174" CELL_DIVISION_TIME="187.0" POSITION_Z="286.66947234057886" />
        <Spot ID="115764" name="ID115764" VISIBILITY="1" RADIUS="5.64473930053777" QUALITY="533.3291625976562" SOURCE_ID="0" POSITION_T="174.0" POSITION_X="1182.6931872260652" POSITION_Y="208.78353243676648" FRAME="174" POSITION_Z="319.09903324286523" />
        <Spot ID="115972" name="ID115972" VISIBILITY="1" RADIUS="6.209213230591547" QUALITY="372.91583251953125" SOURCE_ID="0" POSITION_T="174.0" POSITION_X="1182.1017117575016" POSITION_Y="193.74948472062277" FRAME="174" CELL_DIVISION_TIME="107.0" POSITION_Z="302.34427593709324" />
        <Spot ID="107816" name="ID107816" VISIBILITY="1" RADIUS="5.131581182307065" QUALITY="-1.0" SOURCE_ID="0" POSITION_T="174.0" POSITION_X="1136.723379860512" POSITION_Y="214.3446330124639" FRAME="174" POSITION_Z="272.9728115185825" />
        <Spot ID="149240" name="ID149240" VISIBILITY="1" RADIUS="6.20921323059155" QUALITY="-1.0" SOURCE_ID="0" POSITION_T="174.0" POSITION_X="1113.5482166467696" POSITION_Y="363.5244800373131" FRAME="174" POSITION_Z="257.819334709269" />
        <Spot ID="170696" name="ID170696" VISIBILITY="1" RADIUS="7.513148009015776" QUALITY="230.73117065429688" SOURCE_ID="0" POSITION_T="174.0" POSITION_X="1182.0243125107095" POSITION_Y="363.9592113343319" FRAME="174" CELL_DIVISION_TIME="205.0" POSITION_Z="295.1978049467544" />
        <Spot ID="128319" name="ID128319" VISIBILITY="1" RADIUS="6.209213230591548" QUALITY="-1.0" SOURCE_ID="0" POSITION_T="174.0" POSITION_X="1121.6416990188459" POSITION_Y="391.3200766278834" FRAME="174" POSITION_Z="245.4135202432512" />
        <Spot ID="164860" name="ID164860" VISIBILITY="1" RADIUS="4.665073802097333" QUALITY="-1.0" SOURCE_ID="0" POSITION_T="174.0" POSITION_X="1143.6749070976036" POSITION_Y="356.13056798418063" FRAME="174" POSITION_Z="239.49286293640074" />
      </SpotsInFrame>
      <SpotsInFrame frame="175">
        <Spot ID="164834" name="ID164834" VISIBILITY="1" RADIUS="4.2409761837248485" QUALITY="-1.0" SOURCE_ID="0" POSITION_T="175.0" POSITION_X="1142.6530016637169" POSITION_Y="356.4884897525735" FRAME="175" POSITION_Z="240.2117353487301" />
        <Spot ID="170710" name="ID170710" VISIBILITY="1" RADIUS="7.513148009015776" QUALITY="251.10655212402344" SOURCE_ID="0" POSITION_T="175.0" POSITION_X="1183.7158936186931" POSITION_Y="361.28439453472504" FRAME="175" CELL_DIVISION_TIME="205.0" POSITION_Z="294.54058635549285" />
        <Spot ID="179158" name="ID179158" VISIBILITY="1" RADIUS="6.830134553650705" QUALITY="217.8133087158203" SOURCE_ID="0" POSITION_T="175.0" POSITION_X="1162.4913176368236" POSITION_Y="317.56506632213285" FRAME="175" POSITION_Z="296.06312168758427" />
        <Spot ID="115988" name="ID115988" VISIBILITY="1" RADIUS="6.209213230591547" QUALITY="474.1790466308594" SOURCE_ID="0" POSITION_T="175.0" POSITION_X="1180.9754279394322" POSITION_Y="191.33047980737445" FRAME="175" CELL_DIVISION_TIME="107.0" POSITION_Z="299.941030772306" />
        <Spot ID="115771" name="ID115771" VISIBILITY="1" RADIUS="5.64473930053777" QUALITY="418.8679504394531" SOURCE_ID="0" POSITION_T="175.0" POSITION_X="1182.6380005814567" POSITION_Y="204.8205651014923" FRAME="175" POSITION_Z="317.128609590329" />
        <Spot ID="128315" name="ID128315" VISIBILITY="1" RADIUS="6.209213230591548" QUALITY="-1.0" SOURCE_ID="0" POSITION_T="175.0" POSITION_X="1123.8777613649045" POSITION_Y="392.0654307432362" FRAME="175" POSITION_Z="245.0873092264876" />
        <Spot ID="107786" name="ID107786" VISIBILITY="1" RADIUS="5.131581182307065" QUALITY="-1.0" SOURCE_ID="0" POSITION_T="175.0" POSITION_X="1133.12939612817" POSITION_Y="212.45411906474453" FRAME="175" POSITION_Z="274.2477600743422" />
        <Spot ID="149241" name="ID149241" VISIBILITY="1" RADIUS="6.20921323059155" QUALITY="-1.0" SOURCE_ID="0" POSITION_T="175.0" POSITION_X="1113.5482166467696" POSITION_Y="363.7228917363393" FRAME="175" POSITION_Z="255.43839432095444" />
        <Spot ID="140188" name="ID140188" VISIBILITY="1" RADIUS="7.513148009015771" QUALITY="246.6892852783203" SOURCE_ID="0" POSITION_T="175.0" POSITION_X="1148.0570417943345" POSITION_Y="392.7241286106132" FRAME="175" CELL_DIVISION_TIME="187.0" POSITION_Z="286.6694723405789" />
      </SpotsInFrame>
      <SpotsInFrame frame="176">
        <Spot ID="170726" name="ID170726" VISIBILITY="1" RADIUS="7.513148009015776" QUALITY="193.26258850097656" SOURCE_ID="0" POSITION_T="176.0" POSITION_X="1181.8886643951787" POSITION_Y="360.9032682369248" FRAME="176" CELL_DIVISION_TIME="205.0" POSITION_Z="297.7956010450663" />
        <Spot ID="116007" name="ID116007" VISIBILITY="1" RADIUS="6.209213230591547" QUALITY="460.4968566894531" SOURCE_ID="0" POSITION_T="176.0" POSITION_X="1181.1635324713914" POSITION_Y="191.31341268828146" FRAME="176" CELL_DIVISION_TIME="107.0" POSITION_Z="299.79943915322883" />
        <Spot ID="128311" name="ID128311" VISIBILITY="1" RADIUS="6.209213230591548" QUALITY="-1.0" SOURCE_ID="0" POSITION_T="176.0" POSITION_X="1123.8777613649045" POSITION_Y="392.0654307432362" FRAME="176" POSITION_Z="241.82519905885175" />
        <Spot ID="115782" name="ID115782" VISIBILITY="1" RADIUS="5.64473930053777" QUALITY="499.6191101074219" SOURCE_ID="0" POSITION_T="176.0" POSITION_X="1183.6570251474204" POSITION_Y="206.377356503717" FRAME="176" POSITION_Z="314.6689079369094" />
        <Spot ID="164824" name="ID164824" VISIBILITY="1" RADIUS="4.665073802097333" QUALITY="-1.0" SOURCE_ID="0" POSITION_T="176.0" POSITION_X="1142.1623747477051" POSITION_Y="355.0061014769438" FRAME="176" POSITION_Z="239.52312582215757" />
        <Spot ID="107754" name="ID107754" VISIBILITY="1" RADIUS="5.131581182307065" QUALITY="-1.0" SOURCE_ID="0" POSITION_T="176.0" POSITION_X="1133.5991935026177" POSITION_Y="212.6461393809159" FRAME="176" POSITION_Z="273.9353548502656" />
        <Spot ID="140201" name="ID140201" VISIBILITY="1" RADIUS="7.513148009015771" QUALITY="242.51397705078125" SOURCE_ID="0" POSITION_T="176.0" POSITION_X="1146.5663335636289" POSITION_Y="392.35145155293685" FRAME="176" CELL_DIVISION_TIME="187.0" POSITION_Z="286.669472340579" />
        <Spot ID="179183" name="ID179183" VISIBILITY="1" RADIUS="6.830134553650705" QUALITY="204.07028198242188" SOURCE_ID="0" POSITION_T="176.0" POSITION_X="1167.1979290570746" POSITION_Y="319.4388088114329" FRAME="176" POSITION_Z="294.38517803864283" />
        <Spot ID="149245" name="ID149245" VISIBILITY="1" RADIUS="6.20921323059155" QUALITY="-1.0" SOURCE_ID="0" POSITION_T="176.0" POSITION_X="1112.5561581516383" POSITION_Y="363.72289173633925" FRAME="176" POSITION_Z="254.64474752484958" />
      </SpotsInFrame>
      <SpotsInFrame frame="177">
        <Spot ID="115793" name="ID115793" VISIBILITY="1" RADIUS="5.64473930053777" QUALITY="519.2479858398438" SOURCE_ID="0" POSITION_T="177.0" POSITION_X="1183.3927848199814" POSITION_Y="206.89024717587722" FRAME="177" POSITION_Z="315.758236041298" />
        <Spot ID="128305" name="ID128305" VISIBILITY="1" RADIUS="6.209213230591548" QUALITY="-1.0" SOURCE_ID="0" POSITION_T="177.0" POSITION_X="1123.1324072495515" POSITION_Y="388.338660166472" FRAME="177" POSITION_Z="241.82519905885175" />
        <Spot ID="170736" name="ID170736" VISIBILITY="1" RADIUS="7.513148009015776" QUALITY="228.2023162841797" SOURCE_ID="0" POSITION_T="177.0" POSITION_X="1181.9448036684328" POSITION_Y="362.1162734721676" FRAME="177" CELL_DIVISION_TIME="205.0" POSITION_Z="294.13097450364023" />
        <Spot ID="140262" name="ID140262" VISIBILITY="1" RADIUS="7.513148009015771" QUALITY="276.8878479003906" SOURCE_ID="0" POSITION_T="177.0" POSITION_X="1145.820979448276" POSITION_Y="394.2148368413191" FRAME="177" CELL_DIVISION_TIME="187.0" POSITION_Z="286.66947234057903" />
        <Spot ID="164810" name="ID164810" VISIBILITY="1" RADIUS="4.665073802097333" QUALITY="-1.0" SOURCE_ID="0" POSITION_T="177.0" POSITION_X="1141.6453033414668" POSITION_Y="354.56128054077897" FRAME="177" POSITION_Z="239.4957186755613" />
        <Spot ID="149275" name="ID149275" VISIBILITY="1" RADIUS="6.20921323059155" QUALITY="-1.0" SOURCE_ID="0" POSITION_T="177.0" POSITION_X="1110.1752177633236" POSITION_Y="363.7228917363392" FRAME="177" POSITION_Z="252.8590422336136" />
        <Spot ID="107741" name="ID107741" VISIBILITY="1" RADIUS="5.131581182307065" QUALITY="-1.0" SOURCE_ID="0" POSITION_T="177.0" POSITION_X="1132.218579028905" POSITION_Y="213.56304322048234" FRAME="177" POSITION_Z="274.07658281445987" />
        <Spot ID="116031" name="ID116031" VISIBILITY="1" RADIUS="6.209213230591547" QUALITY="410.2492980957031" SOURCE_ID="0" POSITION_T="177.0" POSITION_X="1180.6920213569065" POSITION_Y="189.8075778957357" FRAME="177" CELL_DIVISION_TIME="107.0" POSITION_Z="301.5896125176136" />
        <Spot ID="179197" name="ID179197" VISIBILITY="1" RADIUS="6.830134553650705" QUALITY="251.03355407714844" SOURCE_ID="0" POSITION_T="177.0" POSITION_X="1167.5549960197661" POSITION_Y="323.90467380601865" FRAME="177" POSITION_Z="290.5325221653576" />
      </SpotsInFrame>
      <SpotsInFrame frame="178">
        <Spot ID="164770" name="ID164770" VISIBILITY="1" RADIUS="5.644739300537773" QUALITY="-1.0" SOURCE_ID="0" POSITION_T="178.0" POSITION_X="1140.9706877987446" POSITION_Y="356.7233143874804" FRAME="178" POSITION_Z="234.60486058588114" />
        <Spot ID="116048" name="ID116048" VISIBILITY="1" RADIUS="6.209213230591547" QUALITY="401.0541076660156" SOURCE_ID="0" POSITION_T="178.0" POSITION_X="1181.0884081372562" POSITION_Y="190.30320828451335" FRAME="178" CELL_DIVISION_TIME="107.0" POSITION_Z="300.37932924404834" />
        <Spot ID="140275" name="ID140275" VISIBILITY="1" RADIUS="7.513148009015771" QUALITY="272.2303161621094" SOURCE_ID="0" POSITION_T="178.0" POSITION_X="1146.553514205379" POSITION_Y="394.21483684131914" FRAME="178" CELL_DIVISION_TIME="187.0" POSITION_Z="289.07311854328873" />
        <Spot ID="115815" name="ID115815" VISIBILITY="1" RADIUS="5.64473930053777" QUALITY="515.7540283203125" SOURCE_ID="0" POSITION_T="178.0" POSITION_X="1182.5249200995145" POSITION_Y="204.2527243432314" FRAME="178" POSITION_Z="315.1209444274419" />
        <Spot ID="128247" name="ID128247" VISIBILITY="1" RADIUS="6.209213230591548" QUALITY="-1.0" SOURCE_ID="0" POSITION_T="178.0" POSITION_X="1123.1324072495518" POSITION_Y="385.729920762737" FRAME="178" POSITION_Z="241.82519905885175" />
        <Spot ID="170757" name="ID170757" VISIBILITY="1" RADIUS="7.513148009015776" QUALITY="231.71209716796875" SOURCE_ID="0" POSITION_T="178.0" POSITION_X="1179.471132006169" POSITION_Y="359.5164380346048" FRAME="178" CELL_DIVISION_TIME="205.0" POSITION_Z="290.5785440902117" />
        <Spot ID="107656" name="ID107656" VISIBILITY="1" RADIUS="5.131581182307065" QUALITY="-1.0" SOURCE_ID="0" POSITION_T="178.0" POSITION_X="1131.7505179822763" POSITION_Y="211.7395428568609" FRAME="178" POSITION_Z="273.8048686004943" />
        <Spot ID="149432" name="ID149432" VISIBILITY="1" RADIUS="6.20921323059155" QUALITY="-1.0" SOURCE_ID="0" POSITION_T="178.0" POSITION_X="1111.9609230545595" POSITION_Y="363.72289173633914" FRAME="178" POSITION_Z="254.24792412679705" />
        <Spot ID="179215" name="ID179215" VISIBILITY="1" RADIUS="6.830134553650705" QUALITY="164.70404052734375" SOURCE_ID="0" POSITION_T="178.0" POSITION_X="1166.19889346481" POSITION_Y="319.2303380597082" FRAME="178" POSITION_Z="294.9948752075692" />
      </SpotsInFrame>
      <SpotsInFrame frame="179">
        <Spot ID="115825" name="ID115825" VISIBILITY="1" RADIUS="5.64473930053777" QUALITY="592.3716430664062" SOURCE_ID="0" POSITION_T="179.0" POSITION_X="1181.8528507639833" POSITION_Y="203.70030865438" FRAME="179" POSITION_Z="314.77596169193333" />
        <Spot ID="116066" name="ID116066" VISIBILITY="1" RADIUS="6.209213230591547" QUALITY="415.6909484863281" SOURCE_ID="0" POSITION_T="179.0" POSITION_X="1180.5386182369482" POSITION_Y="187.50384213251988" FRAME="179" CELL_DIVISION_TIME="107.0" POSITION_Z="301.48677460346454" />
        <Spot ID="170772" name="ID170772" VISIBILITY="1" RADIUS="7.513148009015776" QUALITY="255.48776245117188" SOURCE_ID="0" POSITION_T="179.0" POSITION_X="1182.0956312780736" POSITION_Y="357.5580890115211" FRAME="179" CELL_DIVISION_TIME="205.0" POSITION_Z="293.5048575544987" />
        <Spot ID="149434" name="ID149434" VISIBILITY="1" RADIUS="6.20921323059155" QUALITY="-1.0" SOURCE_ID="0" POSITION_T="179.0" POSITION_X="1112.3577464526118" POSITION_Y="363.7228917363391" FRAME="179" POSITION_Z="253.45427733069215" />
        <Spot ID="140286" name="ID140286" VISIBILITY="1" RADIUS="7.513148009015771" QUALITY="305.71466064453125" SOURCE_ID="0" POSITION_T="179.0" POSITION_X="1146.1808371477025" POSITION_Y="393.5633635381658" FRAME="179" CELL_DIVISION_TIME="187.0" POSITION_Z="292.98765074445186" />
        <Spot ID="107615" name="ID107615" VISIBILITY="1" RADIUS="5.131581182307065" QUALITY="-1.0" SOURCE_ID="0" POSITION_T="179.0" POSITION_X="1131.6089500851904" POSITION_Y="210.2304321019311" FRAME="179" POSITION_Z="270.66905495592647" />
        <Spot ID="128223" name="ID128223" VISIBILITY="1" RADIUS="6.209213230591548" QUALITY="-1.0" SOURCE_ID="0" POSITION_T="179.0" POSITION_X="1122.7597301918754" POSITION_Y="385.7299207627368" FRAME="179" POSITION_Z="241.82519905885175" />
        <Spot ID="164221" name="ID164221" VISIBILITY="1" RADIUS="5.644739300537773" QUALITY="-1.0" SOURCE_ID="0" POSITION_T="179.0" POSITION_X="1139.5226172022694" POSITION_Y="355.0338986915916" FRAME="179" POSITION_Z="234.60486058588123" />
        <Spot ID="179229" name="ID179229" VISIBILITY="1" RADIUS="6.830134553650705" QUALITY="224.6912078857422" SOURCE_ID="0" POSITION_T="179.0" POSITION_X="1166.7555111922593" POSITION_Y="321.5094879444598" FRAME="179" POSITION_Z="294.3619098400806" />
      </SpotsInFrame>
      <SpotsInFrame frame="180">
        <Spot ID="170786" name="ID170786" VISIBILITY="1" RADIUS="7.513148009015776" QUALITY="220.82583618164062" SOURCE_ID="0" POSITION_T="180.0" POSITION_X="1178.9884418073434" POSITION_Y="354.5932464510039" FRAME="180" CELL_DIVISION_TIME="205.0" POSITION_Z="293.5547195756049" />
        <Spot ID="179250" name="ID179250" VISIBILITY="1" RADIUS="6.830134553650705" QUALITY="181.0020294189453" SOURCE_ID="0" POSITION_T="180.0" POSITION_X="1166.319978122395" POSITION_Y="317.3656675859052" FRAME="180" POSITION_Z="296.14761513131657" />
        <Spot ID="128211" name="ID128211" VISIBILITY="1" RADIUS="6.209213230591548" QUALITY="-1.0" SOURCE_ID="0" POSITION_T="180.0" POSITION_X="1121.6609280562202" POSITION_Y="385.7299207627368" FRAME="180" POSITION_Z="242.1914664374035" />
        <Spot ID="149445" name="ID149445" VISIBILITY="1" RADIUS="6.20921323059155" QUALITY="-1.0" SOURCE_ID="0" POSITION_T="180.0" POSITION_X="1112.754569850664" POSITION_Y="363.722891736339" FRAME="180" POSITION_Z="253.85110072874454" />
        <Spot ID="115833" name="ID115833" VISIBILITY="1" RADIUS="5.64473930053777" QUALITY="545.1928100585938" SOURCE_ID="0" POSITION_T="180.0" POSITION_X="1180.5178836895404" POSITION_Y="202.91714088228116" FRAME="180" POSITION_Z="311.10116478980717" />
        <Spot ID="140297" name="ID140297" VISIBILITY="1" RADIUS="7.513148009015771" QUALITY="340.1895751953125" SOURCE_ID="0" POSITION_T="180.0" POSITION_X="1146.1808371477023" POSITION_Y="394.5419965884565" FRAME="180" CELL_DIVISION_TIME="187.0" POSITION_Z="292.6614397276883" />
        <Spot ID="159471" name="ID159471" VISIBILITY="1" RADIUS="5.644739300537773" QUALITY="-1.0" SOURCE_ID="0" POSITION_T="180.0" POSITION_X="1141.7394618247008" POSITION_Y="356.98369923148454" FRAME="180" POSITION_Z="234.75190495771" />
        <Spot ID="116079" name="ID116079" VISIBILITY="1" RADIUS="6.209213230591547" QUALITY="395.5591125488281" SOURCE_ID="0" POSITION_T="180.0" POSITION_X="1180.180196942508" POSITION_Y="187.69459610065894" FRAME="180" CELL_DIVISION_TIME="107.0" POSITION_Z="299.330719789006" />
        <Spot ID="107614" name="ID107614" VISIBILITY="1" RADIUS="5.131581182307065" QUALITY="-1.0" SOURCE_ID="0" POSITION_T="180.0" POSITION_X="1133.3704446511388" POSITION_Y="209.4469645313197" FRAME="180" POSITION_Z="271.1885651410851" />
      </SpotsInFrame>
      <SpotsInFrame frame="181">
        <Spot ID="128210" name="ID128210" VISIBILITY="1" RADIUS="6.209213230591548" QUALITY="-1.0" SOURCE_ID="0" POSITION_T="181.0" POSITION_X="1121.2946606776686" POSITION_Y="385.7299207627368" FRAME="181" POSITION_Z="239.62759478754106" />
        <Spot ID="140310" name="ID140310" VISIBILITY="1" RADIUS="7.513148009015771" QUALITY="313.4767150878906" SOURCE_ID="0" POSITION_T="181.0" POSITION_X="1148.789576551437" POSITION_Y="393.60982957907873" FRAME="181" CELL_DIVISION_TIME="187.0" POSITION_Z="291.6828066773976" />
        <Spot ID="149446" name="ID149446" VISIBILITY="1" RADIUS="6.20921323059155" QUALITY="-1.0" SOURCE_ID="0" POSITION_T="181.0" POSITION_X="1114.3418634428735" POSITION_Y="363.72289173633897" FRAME="181" POSITION_Z="253.25586563166587" />
        <Spot ID="107606" name="ID107606" VISIBILITY="1" RADIUS="5.131581182307065" QUALITY="-1.0" SOURCE_ID="0" POSITION_T="181.0" POSITION_X="1134.6445395482708" POSITION_Y="210.9306715852891" FRAME="181" POSITION_Z="271.2672172840301" />
        <Spot ID="115846" name="ID115846" VISIBILITY="1" RADIUS="5.64473930053777" QUALITY="585.9292602539062" SOURCE_ID="0" POSITION_T="181.0" POSITION_X="1181.43233012337" POSITION_Y="202.30873181965387" FRAME="181" POSITION_Z="309.85297169202704" />
        <Spot ID="159275" name="ID159275" VISIBILITY="1" RADIUS="6.20921323059155" QUALITY="-1.0" SOURCE_ID="0" POSITION_T="181.0" POSITION_X="1141.0261832925319" POSITION_Y="358.6781686025624" FRAME="181" POSITION_Z="236.45932116982624" />
        <Spot ID="116093" name="ID116093" VISIBILITY="1" RADIUS="6.209213230591547" QUALITY="425.39447021484375" SOURCE_ID="0" POSITION_T="181.0" POSITION_X="1182.7037795887672" POSITION_Y="187.01418307476192" FRAME="181" CELL_DIVISION_TIME="107.0" POSITION_Z="300.1921600933357" />
        <Spot ID="170799" name="ID170799" VISIBILITY="1" RADIUS="7.513148009015776" QUALITY="190.47259521484375" SOURCE_ID="0" POSITION_T="181.0" POSITION_X="1180.703860392778" POSITION_Y="356.3788281445662" FRAME="181" CELL_DIVISION_TIME="205.0" POSITION_Z="290.55136401709194" />
        <Spot ID="179279" name="ID179279" VISIBILITY="1" RADIUS="6.830134553650705" QUALITY="163.74790954589844" SOURCE_ID="0" POSITION_T="181.0" POSITION_X="1166.9599008810337" POSITION_Y="319.13660766881395" FRAME="181" POSITION_Z="293.90795153892924" />
      </SpotsInFrame>
      <SpotsInFrame frame="182">
        <Spot ID="128209" name="ID128209" VISIBILITY="1" RADIUS="6.209213230591548" QUALITY="-1.0" SOURCE_ID="0" POSITION_T="182.0" POSITION_X="1125.68986922029" POSITION_Y="385.7299207627368" FRAME="182" POSITION_Z="238.16252527333396" />
        <Spot ID="179298" name="ID179298" VISIBILITY="1" RADIUS="6.830134553650705" QUALITY="146.52342224121094" SOURCE_ID="0" POSITION_T="182.0" POSITION_X="1166.4796646896846" POSITION_Y="315.859920993714" FRAME="182" POSITION_Z="296.2729608808264" />
        <Spot ID="115856" name="ID115856" VISIBILITY="1" RADIUS="5.64473930053777" QUALITY="593.3521728515625" SOURCE_ID="0" POSITION_T="182.0" POSITION_X="1183.934386249984" POSITION_Y="203.77502256793392" FRAME="182" POSITION_Z="309.37806999071256" />
        <Spot ID="149462" name="ID149462" VISIBILITY="1" RADIUS="6.20921323059155" QUALITY="-1.0" SOURCE_ID="0" POSITION_T="182.0" POSITION_X="1117.714862326319" POSITION_Y="363.7228917363389" FRAME="182" POSITION_Z="250.87492524335127" />
        <Spot ID="159258" name="ID159258" VISIBILITY="1" RADIUS="5.644739300537773" QUALITY="-1.0" SOURCE_ID="0" POSITION_T="182.0" POSITION_X="1142.6023611596884" POSITION_Y="360.5165396686179" FRAME="182" POSITION_Z="232.4627756581532" />
        <Spot ID="140424" name="ID140424" VISIBILITY="1" RADIUS="7.513148009015771" QUALITY="-1.0" SOURCE_ID="0" POSITION_T="182.0" POSITION_X="1152.5163471282015" POSITION_Y="392.4917984060496" FRAME="182" CELL_DIVISION_TIME="187.0" POSITION_Z="291.6828066773977" />
        <Spot ID="116125" name="ID116125" VISIBILITY="1" RADIUS="6.209213230591547" QUALITY="471.7094421386719" SOURCE_ID="0" POSITION_T="182.0" POSITION_X="1186.988096286558" POSITION_Y="186.28126824904635" FRAME="182" CELL_DIVISION_TIME="107.0" POSITION_Z="300.41925155131435" />
        <Spot ID="170814" name="ID170814" VISIBILITY="1" RADIUS="7.513148009015776" QUALITY="176.92312622070312" SOURCE_ID="0" POSITION_T="182.0" POSITION_X="1180.7038603927786" POSITION_Y="354.1962994552779" FRAME="182" CELL_DIVISION_TIME="205.0" POSITION_Z="289.75771722098716" />
        <Spot ID="107599" name="ID107599" VISIBILITY="1" RADIUS="4.665073802097332" QUALITY="-1.0" SOURCE_ID="0" POSITION_T="182.0" POSITION_X="1137.0355583658134" POSITION_Y="212.75384737778876" FRAME="182" POSITION_Z="271.2022759433908" />
      </SpotsInFrame>
      <SpotsInFrame frame="183">
        <Spot ID="128193" name="ID128193" VISIBILITY="1" RADIUS="6.209213230591548" QUALITY="-1.0" SOURCE_ID="0" POSITION_T="183.0" POSITION_X="1124.9573344631865" POSITION_Y="385.7299207627368" FRAME="183" POSITION_Z="239.627594787541" />
        <Spot ID="170850" name="ID170850" VISIBILITY="1" RADIUS="7.513148009015776" QUALITY="-1.0" SOURCE_ID="0" POSITION_T="183.0" POSITION_X="1179.738479995128" POSITION_Y="353.3167858584001" FRAME="183" CELL_DIVISION_TIME="205.0" POSITION_Z="285.5910715414364" />
        <Spot ID="159223" name="ID159223" VISIBILITY="1" RADIUS="6.20921323059155" QUALITY="-1.0" SOURCE_ID="0" POSITION_T="183.0" POSITION_X="1142.3622830038667" POSITION_Y="360.45845950606946" FRAME="183" POSITION_Z="232.2298288495872" />
        <Spot ID="179319" name="ID179319" VISIBILITY="1" RADIUS="6.830134553650705" QUALITY="206.97401428222656" SOURCE_ID="0" POSITION_T="183.0" POSITION_X="1166.458925019691" POSITION_Y="315.66259621473523" FRAME="183" POSITION_Z="298.65390126914104" />
        <Spot ID="149476" name="ID149476" VISIBILITY="1" RADIUS="6.20921323059155" QUALITY="-1.0" SOURCE_ID="0" POSITION_T="183.0" POSITION_X="1115.3339219380043" POSITION_Y="363.72289173633885" FRAME="183" POSITION_Z="249.88286674822015" />
        <Spot ID="116137" name="ID116137" VISIBILITY="1" RADIUS="6.209213230591547" QUALITY="398.1223449707031" SOURCE_ID="0" POSITION_T="183.0" POSITION_X="1186.117033264392" POSITION_Y="187.0425863324076" FRAME="183" CELL_DIVISION_TIME="107.0" POSITION_Z="296.81157097976296" />
        <Spot ID="140441" name="ID140441" VISIBILITY="1" RADIUS="7.513148009015771" QUALITY="-1.0" SOURCE_ID="0" POSITION_T="183.0" POSITION_X="1154.7652288325096" POSITION_Y="395.1005378097849" FRAME="183" CELL_DIVISION_TIME="187.0" POSITION_Z="287.28759813477666" />
        <Spot ID="107196" name="ID107196" VISIBILITY="1" RADIUS="5.131581182307065" QUALITY="-1.0" SOURCE_ID="0" POSITION_T="183.0" POSITION_X="1133.7123756909814" POSITION_Y="211.2869642589755" FRAME="183" POSITION_Z="271.5284879261242" />
        <Spot ID="115870" name="ID115870" VISIBILITY="1" RADIUS="5.64473930053777" QUALITY="421.5008239746094" SOURCE_ID="0" POSITION_T="183.0" POSITION_X="1184.203274923892" POSITION_Y="202.33164088451971" FRAME="183" POSITION_Z="304.6600814337811" />
      </SpotsInFrame>
      <SpotsInFrame frame="184">
        <Spot ID="140498" name="ID140498" VISIBILITY="1" RADIUS="7.513148009015771" QUALITY="-1.0" SOURCE_ID="0" POSITION_T="184.0" POSITION_X="1152.9338919397508" POSITION_Y="395.10053780978507" FRAME="184" CELL_DIVISION_TIME="187.0" POSITION_Z="286.18879599912145" />
        <Spot ID="116151" name="ID116151" VISIBILITY="1" RADIUS="6.209213230591547" QUALITY="370.9785461425781" SOURCE_ID="0" POSITION_T="184.0" POSITION_X="1186.467941207503" POSITION_Y="185.9750851101681" FRAME="184" CELL_DIVISION_TIME="107.0" POSITION_Z="295.40329420129024" />
        <Spot ID="159220" name="ID159220" VISIBILITY="1" RADIUS="6.20921323059155" QUALITY="-1.0" SOURCE_ID="0" POSITION_T="184.0" POSITION_X="1143.802751938797" POSITION_Y="360.05189836823024" FRAME="184" POSITION_Z="230.59920118962498" />
        <Spot ID="170852" name="ID170852" VISIBILITY="1" RADIUS="7.513148009015776" QUALITY="-1.0" SOURCE_ID="0" POSITION_T="184.0" POSITION_X="1179.7384799951276" POSITION_Y="351.72949226619033" FRAME="184" CELL_DIVISION_TIME="205.0" POSITION_Z="287.17836513364614" />
        <Spot ID="179338" name="ID179338" VISIBILITY="1" RADIUS="6.830134553650705" QUALITY="301.3059387207031" SOURCE_ID="0" POSITION_T="184.0" POSITION_X="1163.0869090433291" POSITION_Y="315.86597601027216" FRAME="184" POSITION_Z="298.32557028183794" />
        <Spot ID="107192" name="ID107192" VISIBILITY="1" RADIUS="5.131581182307065" QUALITY="-1.0" SOURCE_ID="0" POSITION_T="184.0" POSITION_X="1136.66603823957" POSITION_Y="211.362324553355" FRAME="184" POSITION_Z="270.96692162637083" />
        <Spot ID="115883" name="ID115883" VISIBILITY="1" RADIUS="5.64473930053777" QUALITY="515.1754760742188" SOURCE_ID="0" POSITION_T="184.0" POSITION_X="1182.5963372338822" POSITION_Y="203.1437919246994" FRAME="184" POSITION_Z="304.0504279076945" />
        <Spot ID="182892" name="ID182892" VISIBILITY="1" RADIUS="6.20921323059155" QUALITY="-1.0" SOURCE_ID="0" POSITION_T="184.0" POSITION_X="1127.7908897205914" POSITION_Y="383.1427616146716" FRAME="184" POSITION_Z="239.627594787541" />
        <Spot ID="149517" name="ID149517" VISIBILITY="1" RADIUS="6.20921323059155" QUALITY="-1.0" SOURCE_ID="0" POSITION_T="184.0" POSITION_X="1115.3339219380043" POSITION_Y="366.30224382367965" FRAME="184" POSITION_Z="247.898749757958" />
      </SpotsInFrame>
      <SpotsInFrame frame="185">
        <Spot ID="140515" name="ID140515" VISIBILITY="1" RADIUS="7.513148009015771" QUALITY="-1.0" SOURCE_ID="0" POSITION_T="185.0" POSITION_X="1151.8543188414696" POSITION_Y="396.2185689828144" FRAME="185" CELL_DIVISION_TIME="187.0" POSITION_Z="285.45626124201794" />
        <Spot ID="179360" name="ID179360" VISIBILITY="1" RADIUS="6.830134553650705" QUALITY="259.060791015625" SOURCE_ID="0" POSITION_T="185.0" POSITION_X="1163.1698677233032" POSITION_Y="316.6552751261874" FRAME="185" POSITION_Z="296.9366883886544" />
        <Spot ID="107173" name="ID107173" VISIBILITY="1" RADIUS="5.131581182307065" QUALITY="-1.0" SOURCE_ID="0" POSITION_T="185.0" POSITION_X="1139.139824316314" POSITION_Y="211.8400696361888" FRAME="185" POSITION_Z="270.5882748816742" />
        <Spot ID="115893" name="ID115893" VISIBILITY="1" RADIUS="5.64473930053777" QUALITY="403.0539245605469" SOURCE_ID="0" POSITION_T="185.0" POSITION_X="1181.198216833077" POSITION_Y="201.88958178868697" FRAME="185" POSITION_Z="303.962568613017" />
        <Spot ID="159206" name="ID159206" VISIBILITY="1" RADIUS="6.20921323059155" QUALITY="-1.0" SOURCE_ID="0" POSITION_T="185.0" POSITION_X="1144.5229864062621" POSITION_Y="360.4003793435211" FRAME="185" POSITION_Z="231.99688204102125" />
        <Spot ID="116169" name="ID116169" VISIBILITY="1" RADIUS="6.209213230591547" QUALITY="326.1331481933594" SOURCE_ID="0" POSITION_T="185.0" POSITION_X="1187.391797429868" POSITION_Y="190.13395246254063" FRAME="185" CELL_DIVISION_TIME="107.0" POSITION_Z="297.29076631446344" />
        <Spot ID="128140" name="ID128140" VISIBILITY="1" RADIUS="6.209213230591548" QUALITY="-1.0" SOURCE_ID="0" POSITION_T="185.0" POSITION_X="1124.9573344631867" POSITION_Y="384.09886567891886" FRAME="185" POSITION_Z="237.99653970372307" />
        <Spot ID="149951" name="ID149951" VISIBILITY="1" RADIUS="6.20921323059155" QUALITY="-1.0" SOURCE_ID="0" POSITION_T="185.0" POSITION_X="1115.3339219380043" POSITION_Y="366.50065552270587" FRAME="185" POSITION_Z="246.3114561657483" />
        <Spot ID="170863" name="ID170863" VISIBILITY="1" RADIUS="7.513148009015776" QUALITY="-1.0" SOURCE_ID="0" POSITION_T="185.0" POSITION_X="1181.1865505916048" POSITION_Y="353.6706758560663" FRAME="185" CELL_DIVISION_TIME="205.0" POSITION_Z="282.61489605604294" />
      </SpotsInFrame>
      <SpotsInFrame frame="186">
        <Spot ID="159202" name="ID159202" VISIBILITY="1" RADIUS="6.20921323059155" QUALITY="-1.0" SOURCE_ID="0" POSITION_T="186.0" POSITION_X="1144.0428300946187" POSITION_Y="360.2842190184242" FRAME="186" POSITION_Z="231.5309884238892" />
        <Spot ID="107152" name="ID107152" VISIBILITY="1" RADIUS="5.131581182307065" QUALITY="-1.0" SOURCE_ID="0" POSITION_T="186.0" POSITION_X="1136.7404419570896" POSITION_Y="213.85199357845966" FRAME="186" POSITION_Z="271.5028726569576" />
        <Spot ID="140592" name="ID140592" VISIBILITY="1" RADIUS="7.513148009015771" QUALITY="-1.0" SOURCE_ID="0" POSITION_T="186.0" POSITION_X="1152.5996729568226" POSITION_Y="399.9453395595787" FRAME="186" CELL_DIVISION_TIME="187.0" POSITION_Z="285.456261242018" />
        <Spot ID="116178" name="ID116178" VISIBILITY="1" RADIUS="6.209213230591547" QUALITY="348.63677978515625" SOURCE_ID="0" POSITION_T="186.0" POSITION_X="1184.176152634366" POSITION_Y="191.3376332588702" FRAME="186" CELL_DIVISION_TIME="107.0" POSITION_Z="296.62526196485396" />
        <Spot ID="179397" name="ID179397" VISIBILITY="1" RADIUS="6.830134553650705" QUALITY="275.5216064453125" SOURCE_ID="0" POSITION_T="186.0" POSITION_X="1161.4453271339362" POSITION_Y="316.9090331076863" FRAME="186" POSITION_Z="299.71720623573805" />
        <Spot ID="128120" name="ID128120" VISIBILITY="1" RADIUS="6.209213230591548" QUALITY="-1.0" SOURCE_ID="0" POSITION_T="186.0" POSITION_X="1122.3485950594518" POSITION_Y="385.5895739096245" FRAME="186" POSITION_Z="237.99653970372307" />
        <Spot ID="149979" name="ID149979" VISIBILITY="1" RADIUS="6.20921323059155" QUALITY="-1.0" SOURCE_ID="0" POSITION_T="186.0" POSITION_X="1111.9609230545586" POSITION_Y="366.5006555227058" FRAME="186" POSITION_Z="245.12098597159095" />
        <Spot ID="170908" name="ID170908" VISIBILITY="1" RADIUS="7.513148009015776" QUALITY="231.15084838867188" SOURCE_ID="0" POSITION_T="186.0" POSITION_X="1180.8904460463802" POSITION_Y="359.19525727174135" FRAME="186" CELL_DIVISION_TIME="205.0" POSITION_Z="278.4287826750116" />
        <Spot ID="115902" name="ID115902" VISIBILITY="1" RADIUS="5.64473930053777" QUALITY="534.7034912109375" SOURCE_ID="0" POSITION_T="186.0" POSITION_X="1178.9958505204304" POSITION_Y="204.09209171615828" FRAME="186" POSITION_Z="305.2770983700715" />
      </SpotsInFrame>
      <SpotsInFrame frame="187">
        <Spot ID="116209" name="ID116209" VISIBILITY="1" RADIUS="6.209213230591547" QUALITY="356.58404541015625" SOURCE_ID="0" POSITION_T="187.0" POSITION_X="1183.6385389824466" POSITION_Y="190.03015982144547" FRAME="187" CELL_DIVISION_TIME="107.0" POSITION_Z="295.52736436067" />
        <Spot ID="140593" name="ID140593" VISIBILITY="1" RADIUS="7.513148009015771" QUALITY="-1.0" SOURCE_ID="0" POSITION_T="187.0" POSITION_X="1149.6182564954113" POSITION_Y="398.87377442746237" FRAME="187" CELL_DIVISION_TIME="187.0" POSITION_Z="281.8679400576187" />
        <Spot ID="170929" name="ID170929" VISIBILITY="1" RADIUS="7.513148009015776" QUALITY="218.7509765625" SOURCE_ID="0" POSITION_T="187.0" POSITION_X="1177.365898948991" POSITION_Y="359.796676711558" FRAME="187" CELL_DIVISION_TIME="205.0" POSITION_Z="282.07696826344517" />
        <Spot ID="159190" name="ID159190" VISIBILITY="1" RADIUS="6.20921323059155" QUALITY="-1.0" SOURCE_ID="0" POSITION_T="187.0" POSITION_X="1139.7214232898277" POSITION_Y="361.7943032446843" FRAME="187" POSITION_Z="230.1451826161329" />
        <Spot ID="107127" name="ID107127" VISIBILITY="1" RADIUS="5.131581182307065" QUALITY="-1.0" SOURCE_ID="0" POSITION_T="187.0" POSITION_X="1135.6489886642776" POSITION_Y="213.77320986639367" FRAME="187" POSITION_Z="274.4986904409453" />
        <Spot ID="128119" name="ID128119" VISIBILITY="1" RADIUS="6.209213230591548" QUALITY="-1.0" SOURCE_ID="0" POSITION_T="187.0" POSITION_X="1120.8578868287461" POSITION_Y="382.51427663601373" FRAME="187" POSITION_Z="234.08200750256003" />
        <Spot ID="179418" name="ID179418" VISIBILITY="1" RADIUS="6.830134553650705" QUALITY="252.12399291992188" SOURCE_ID="0" POSITION_T="187.0" POSITION_X="1159.6628361668031" POSITION_Y="315.20954245576814" FRAME="187" POSITION_Z="299.29611149111804" />
        <Spot ID="115912" name="ID115912" VISIBILITY="1" RADIUS="5.64473930053777" QUALITY="534.4934692382812" SOURCE_ID="0" POSITION_T="187.0" POSITION_X="1179.007099576529" POSITION_Y="202.83197204177017" FRAME="187" POSITION_Z="303.8252905246226" />
        <Spot ID="149993" name="ID149993" VISIBILITY="1" RADIUS="6.20921323059155" QUALITY="-1.0" SOURCE_ID="0" POSITION_T="187.0" POSITION_X="1111.564099656506" POSITION_Y="366.50065552270576" FRAME="187" POSITION_Z="246.70827956380066" />
      </SpotsInFrame>
      <SpotsInFrame frame="188">
        <Spot ID="116226" name="ID116226" VISIBILITY="1" RADIUS="6.209213230591547" QUALITY="304.3457946777344" SOURCE_ID="0" POSITION_T="188.0" POSITION_X="1186.4101816072375" POSITION_Y="191.0948594552759" FRAME="188" CELL_DIVISION_TIME="107.0" POSITION_Z="296.5492676116104" />
        <Spot ID="128117" name="ID128117" VISIBILITY="1" RADIUS="6.209213230591548" QUALITY="-1.0" SOURCE_ID="0" POSITION_T="188.0" POSITION_X="1120.8578868287461" POSITION_Y="385.12396477012237" FRAME="188" POSITION_Z="234.7344295360872" />
        <Spot ID="107108" name="ID107108" VISIBILITY="1" RADIUS="5.131581182307065" QUALITY="-1.0" SOURCE_ID="0" POSITION_T="188.0" POSITION_X="1137.2265635118147" POSITION_Y="210.3236709849211" FRAME="188" POSITION_Z="273.4270894356795" />
        <Spot ID="116548" name="ID116548" VISIBILITY="1" RADIUS="5.64473930053777" QUALITY="481.1350402832031" SOURCE_ID="0" POSITION_T="188.0" POSITION_X="1181.1824923163363" POSITION_Y="203.22863756110647" FRAME="188" POSITION_Z="303.51538800958855" />
        <Spot ID="140629" name="ID140629" VISIBILITY="1" RADIUS="7.513148009015771" QUALITY="-1.0" SOURCE_ID="0" POSITION_T="188.0" POSITION_X="1149.6182564954113" POSITION_Y="398.22135239393526" FRAME="188" CELL_DIVISION_TIME="187.0" POSITION_Z="280.5630959905643" />
        <Spot ID="149994" name="ID149994" VISIBILITY="1" RADIUS="6.20921323059155" QUALITY="-1.0" SOURCE_ID="0" POSITION_T="188.0" POSITION_X="1110.3736294623486" POSITION_Y="365.7070087266009" FRAME="188" POSITION_Z="246.50986786477444" />
        <Spot ID="179434" name="ID179434" VISIBILITY="1" RADIUS="6.830134553650705" QUALITY="200.40740966796875" SOURCE_ID="0" POSITION_T="188.0" POSITION_X="1160.8687669883398" POSITION_Y="315.4321310831205" FRAME="188" POSITION_Z="298.42458036164135" />
        <Spot ID="159177" name="ID159177" VISIBILITY="1" RADIUS="6.20921323059155" QUALITY="-1.0" SOURCE_ID="0" POSITION_T="188.0" POSITION_X="1140.009476422181" POSITION_Y="358.5116041355464" FRAME="188" POSITION_Z="232.35262468210146" />
        <Spot ID="170940" name="ID170940" VISIBILITY="1" RADIUS="7.513148009015776" QUALITY="165.8848876953125" SOURCE_ID="0" POSITION_T="188.0" POSITION_X="1176.1591734519277" POSITION_Y="355.69381002154245" FRAME="188" CELL_DIVISION_TIME="205.0" POSITION_Z="282.0769682634452" />
      </SpotsInFrame>
      <SpotsInFrame frame="189">
        <Spot ID="116241" name="ID116241" VISIBILITY="1" RADIUS="6.209213230591547" QUALITY="316.28900146484375" SOURCE_ID="0" POSITION_T="189.0" POSITION_X="1186.7567478953463" POSITION_Y="188.05972463879664" FRAME="189" CELL_DIVISION_TIME="107.0" POSITION_Z="296.0259916318531" />
        <Spot ID="150659" name="ID150659" VISIBILITY="1" RADIUS="5.644739300537773" QUALITY="-1.0" SOURCE_ID="0" POSITION_T="189.0" POSITION_X="1110.3736294623486" POSITION_Y="369.47683100809905" FRAME="189" POSITION_Z="246.11304446672204" />
        <Spot ID="128099" name="ID128099" VISIBILITY="1" RADIUS="6.209213230591548" QUALITY="-1.0" SOURCE_ID="0" POSITION_T="189.0" POSITION_X="1120.8578868287461" POSITION_Y="384.47154273659515" FRAME="189" POSITION_Z="234.08200750256" />
        <Spot ID="107029" name="ID107029" VISIBILITY="1" RADIUS="4.665073802097332" QUALITY="-1.0" SOURCE_ID="0" POSITION_T="189.0" POSITION_X="1133.5312293551565" POSITION_Y="208.36757617829215" FRAME="189" POSITION_Z="270.21834349586675" />
        <Spot ID="140632" name="ID140632" VISIBILITY="1" RADIUS="7.513148009015771" QUALITY="-1.0" SOURCE_ID="0" POSITION_T="189.0" POSITION_X="1152.2269958991465" POSITION_Y="401.9481229706997" FRAME="189" CELL_DIVISION_TIME="187.0" POSITION_Z="280.5630959905644" />
        <Spot ID="179448" name="ID179448" VISIBILITY="1" RADIUS="6.830134553650705" QUALITY="214.0856475830078" SOURCE_ID="0" POSITION_T="189.0" POSITION_X="1162.3424865241739" POSITION_Y="317.67003502502035" FRAME="189" POSITION_Z="296.2956920873608" />
        <Spot ID="170953" name="ID170953" VISIBILITY="1" RADIUS="7.513148009015776" QUALITY="201.1941375732422" SOURCE_ID="0" POSITION_T="189.0" POSITION_X="1174.469757756039" POSITION_Y="358.5470178141082" FRAME="189" CELL_DIVISION_TIME="205.0" POSITION_Z="274.9341470985013" />
        <Spot ID="116558" name="ID116558" VISIBILITY="1" RADIUS="5.64473930053777" QUALITY="506.2026062011719" SOURCE_ID="0" POSITION_T="189.0" POSITION_X="1181.758322370354" POSITION_Y="204.73001979567505" FRAME="189" POSITION_Z="303.9418789125434" />
        <Spot ID="159133" name="ID159133" VISIBILITY="1" RADIUS="6.20921323059155" QUALITY="-1.0" SOURCE_ID="0" POSITION_T="189.0" POSITION_X="1138.4100741796187" POSITION_Y="360.9169680716624" FRAME="189" POSITION_Z="232.2361028720455" />
      </SpotsInFrame>
      <SpotsInFrame frame="190">
        <Spot ID="150690" name="ID150690" VISIBILITY="1" RADIUS="5.644739300537773" QUALITY="-1.0" SOURCE_ID="0" POSITION_T="190.0" POSITION_X="1110.770452860401" POSITION_Y="367.4927140178369" FRAME="190" POSITION_Z="244.9225742725648" />
        <Spot ID="116256" name="ID116256" VISIBILITY="1" RADIUS="6.209213230591547" QUALITY="285.83843994140625" SOURCE_ID="0" POSITION_T="190.0" POSITION_X="1186.1674465459812" POSITION_Y="191.18894140280716" FRAME="190" CELL_DIVISION_TIME="107.0" POSITION_Z="296.27099110521607" />
        <Spot ID="140672" name="ID140672" VISIBILITY="1" RADIUS="7.513148009015771" QUALITY="235.53472900390625" SOURCE_ID="0" POSITION_T="190.0" POSITION_X="1153.717704129852" POSITION_Y="402.3208000283762" FRAME="190" CELL_DIVISION_TIME="187.0" POSITION_Z="280.5630959905645" />
        <Spot ID="107010" name="ID107010" VISIBILITY="1" RADIUS="5.644739300537772" QUALITY="-1.0" SOURCE_ID="0" POSITION_T="190.0" POSITION_X="1131.7124237042053" POSITION_Y="209.13712235209647" FRAME="190" POSITION_Z="267.22664752667924" />
        <Spot ID="128068" name="ID128068" VISIBILITY="1" RADIUS="6.209213230591548" QUALITY="-1.0" SOURCE_ID="0" POSITION_T="190.0" POSITION_X="1117.8764703673348" POSITION_Y="383.72618862124216" FRAME="190" POSITION_Z="234.08200750256" />
        <Spot ID="159130" name="ID159130" VISIBILITY="1" RADIUS="6.20921323059155" QUALITY="-1.0" SOURCE_ID="0" POSITION_T="190.0" POSITION_X="1141.1153654864079" POSITION_Y="356.99315225375886" FRAME="190" POSITION_Z="232.81926385640975" />
        <Spot ID="116570" name="ID116570" VISIBILITY="1" RADIUS="5.64473930053777" QUALITY="524.5973510742188" SOURCE_ID="0" POSITION_T="190.0" POSITION_X="1182.6272410608763" POSITION_Y="207.67878375035994" FRAME="190" POSITION_Z="304.75729262536527" />
        <Spot ID="170969" name="ID170969" VISIBILITY="1" RADIUS="7.513148009015776" QUALITY="177.82037353515625" SOURCE_ID="0" POSITION_T="190.0" POSITION_X="1175.9178283525164" POSITION_Y="356.8042459232586" FRAME="190" CELL_DIVISION_TIME="205.0" POSITION_Z="278.50555768097263" />
        <Spot ID="179468" name="ID179468" VISIBILITY="1" RADIUS="6.830134553650705" QUALITY="185.52378845214844" SOURCE_ID="0" POSITION_T="190.0" POSITION_X="1162.9186555683361" POSITION_Y="317.2540727093232" FRAME="190" POSITION_Z="296.22611485085736" />
      </SpotsInFrame>
      <SpotsInFrame frame="191">
        <Spot ID="116272" name="ID116272" VISIBILITY="1" RADIUS="6.209213230591547" QUALITY="241.10546875" SOURCE_ID="0" POSITION_T="191.0" POSITION_X="1185.269181678737" POSITION_Y="191.50430636473914" FRAME="191" CELL_DIVISION_TIME="107.0" POSITION_Z="296.3495176099665" />
        <Spot ID="127552" name="ID127552" VISIBILITY="1" RADIUS="6.209213230591548" QUALITY="-1.0" SOURCE_ID="0" POSITION_T="191.0" POSITION_X="1116.7584391943055" POSITION_Y="380.04493535501695" FRAME="191" POSITION_Z="236.03927360314157" />
        <Spot ID="171059" name="ID171059" VISIBILITY="1" RADIUS="7.513148009015776" QUALITY="256.9862060546875" SOURCE_ID="0" POSITION_T="191.0" POSITION_X="1178.5726244460557" POSITION_Y="357.5282812214966" FRAME="191" CELL_DIVISION_TIME="205.0" POSITION_Z="278.5055576809727" />
        <Spot ID="116581" name="ID116581" VISIBILITY="1" RADIUS="5.64473930053777" QUALITY="386.2996520996094" SOURCE_ID="0" POSITION_T="191.0" POSITION_X="1185.7416118226308" POSITION_Y="207.26060680538575" FRAME="191" POSITION_Z="307.6799348742549" />
        <Spot ID="159124" name="ID159124" VISIBILITY="1" RADIUS="6.20921323059155" QUALITY="-1.0" SOURCE_ID="0" POSITION_T="191.0" POSITION_X="1140.6620267073674" POSITION_Y="357.4795757356968" FRAME="191" POSITION_Z="232.26504014763003" />
        <Spot ID="140683" name="ID140683" VISIBILITY="1" RADIUS="7.513148009015771" QUALITY="285.4288330078125" SOURCE_ID="0" POSITION_T="191.0" POSITION_X="1156.326443533587" POSITION_Y="402.6934770860527" FRAME="191" CELL_DIVISION_TIME="187.0" POSITION_Z="280.56309599056453" />
        <Spot ID="150697" name="ID150697" VISIBILITY="1" RADIUS="5.644739300537773" QUALITY="-1.0" SOURCE_ID="0" POSITION_T="191.0" POSITION_X="1110.770452860401" POSITION_Y="367.6911257168631" FRAME="191" POSITION_Z="245.91463276769593" />
        <Spot ID="179497" name="ID179497" VISIBILITY="1" RADIUS="6.830134553650705" QUALITY="189.88983154296875" SOURCE_ID="0" POSITION_T="191.0" POSITION_X="1163.6651330222194" POSITION_Y="315.97410936990025" FRAME="191" POSITION_Z="295.6484634463039" />
        <Spot ID="106975" name="ID106975" VISIBILITY="1" RADIUS="5.644739300537772" QUALITY="-1.0" SOURCE_ID="0" POSITION_T="191.0" POSITION_X="1130.8630271061172" POSITION_Y="208.14798431611695" FRAME="191" POSITION_Z="267.174212764716" />
      </SpotsInFrame>
      <SpotsInFrame frame="192">
        <Spot ID="171075" name="ID171075" VISIBILITY="1" RADIUS="7.513148009015776" QUALITY="286.1221923828125" SOURCE_ID="0" POSITION_T="192.0" POSITION_X="1180.503385241357" POSITION_Y="357.04559102267126" FRAME="192" CELL_DIVISION_TIME="205.0" POSITION_Z="278.50555768097274" />
        <Spot ID="106947" name="ID106947" VISIBILITY="1" RADIUS="6.2092132305915495" QUALITY="-1.0" SOURCE_ID="0" POSITION_T="192.0" POSITION_X="1130.7886233885972" POSITION_Y="205.65831529101223" FRAME="192" POSITION_Z="266.6382617341294" />
        <Spot ID="127458" name="ID127458" VISIBILITY="1" RADIUS="6.209213230591548" QUALITY="-1.0" SOURCE_ID="0" POSITION_T="192.0" POSITION_X="1117.8764703673348" POSITION_Y="382.18806561924976" FRAME="192" POSITION_Z="232.77716343550574" />
        <Spot ID="150806" name="ID150806" VISIBILITY="1" RADIUS="5.644739300537773" QUALITY="-1.0" SOURCE_ID="0" POSITION_T="192.0" POSITION_X="1111.9609230545584" POSITION_Y="364.5165385324437" FRAME="192" POSITION_Z="243.9305157774338" />
        <Spot ID="116327" name="ID116327" VISIBILITY="1" RADIUS="6.209213230591547" QUALITY="273.54290771484375" SOURCE_ID="0" POSITION_T="192.0" POSITION_X="1186.9837318725874" POSITION_Y="188.995670773304" FRAME="192" CELL_DIVISION_TIME="107.0" POSITION_Z="296.1963745679548" />
        <Spot ID="140697" name="ID140697" VISIBILITY="1" RADIUS="7.513148009015771" QUALITY="282.9217224121094" SOURCE_ID="0" POSITION_T="192.0" POSITION_X="1156.3264435335873" POSITION_Y="403.06615414372925" FRAME="192" CELL_DIVISION_TIME="187.0" POSITION_Z="280.5630959905646" />
        <Spot ID="116589" name="ID116589" VISIBILITY="1" RADIUS="5.64473930053777" QUALITY="421.7230529785156" SOURCE_ID="0" POSITION_T="192.0" POSITION_X="1184.787926154127" POSITION_Y="206.55468712767023" FRAME="192" POSITION_Z="305.51665440481185" />
        <Spot ID="179518" name="ID179518" VISIBILITY="1" RADIUS="6.830134553650705" QUALITY="175.69252014160156" SOURCE_ID="0" POSITION_T="192.0" POSITION_X="1166.2080299794104" POSITION_Y="315.01676747691715" FRAME="192" POSITION_Z="296.87930466922813" />
        <Spot ID="159119" name="ID159119" VISIBILITY="1" RADIUS="6.20921323059155" QUALITY="-1.0" SOURCE_ID="0" POSITION_T="192.0" POSITION_X="1140.4718463752797" POSITION_Y="357.0709801727061" FRAME="192" POSITION_Z="230.39804190312955" />
      </SpotsInFrame>
      <SpotsInFrame frame="193">
        <Spot ID="116609" name="ID116609" VISIBILITY="1" RADIUS="5.64473930053777" QUALITY="339.88775634765625" SOURCE_ID="0" POSITION_T="193.0" POSITION_X="1186.8843937178603" POSITION_Y="209.47018834158203" FRAME="193" POSITION_Z="305.5194179638751" />
        <Spot ID="159106" name="ID159106" VISIBILITY="1" RADIUS="6.20921323059155" QUALITY="-1.0" SOURCE_ID="0" POSITION_T="193.0" POSITION_X="1141.0366771781485" POSITION_Y="356.3372914544992" FRAME="193" POSITION_Z="230.74804888056494" />
        <Spot ID="106900" name="ID106900" VISIBILITY="1" RADIUS="6.2092132305915495" QUALITY="-1.0" SOURCE_ID="0" POSITION_T="193.0" POSITION_X="1132.2006637177312" POSITION_Y="204.89963782887173" FRAME="193" POSITION_Z="266.1940715369785" />
        <Spot ID="116342" name="ID116342" VISIBILITY="1" RADIUS="6.209213230591547" QUALITY="325.9944763183594" SOURCE_ID="0" POSITION_T="193.0" POSITION_X="1189.3504332453224" POSITION_Y="191.24006170139555" FRAME="193" CELL_DIVISION_TIME="107.0" POSITION_Z="296.133972727509" />
        <Spot ID="171093" name="ID171093" VISIBILITY="1" RADIUS="7.513148009015776" QUALITY="281.4598083496094" SOURCE_ID="0" POSITION_T="193.0" POSITION_X="1179.7793499431186" POSITION_Y="355.59752042619516" FRAME="193" CELL_DIVISION_TIME="205.0" POSITION_Z="278.5055576809728" />
        <Spot ID="140713" name="ID140713" VISIBILITY="1" RADIUS="7.513148009015771" QUALITY="303.24609375" SOURCE_ID="0" POSITION_T="193.0" POSITION_X="1155.953766475911" POSITION_Y="402.6934770860529" FRAME="193" CELL_DIVISION_TIME="187.0" POSITION_Z="280.56309599056465" />
        <Spot ID="150841" name="ID150841" VISIBILITY="1" RADIUS="5.644739300537773" QUALITY="-1.0" SOURCE_ID="0" POSITION_T="193.0" POSITION_X="1111.9609230545584" POSITION_Y="362.3340098431553" FRAME="193" POSITION_Z="247.70033805893195" />
        <Spot ID="179534" name="ID179534" VISIBILITY="1" RADIUS="6.830134553650705" QUALITY="253.55130004882812" SOURCE_ID="0" POSITION_T="193.0" POSITION_X="1165.2058848004588" POSITION_Y="314.4744516660976" FRAME="193" POSITION_Z="296.875017760351" />
        <Spot ID="127436" name="ID127436" VISIBILITY="1" RADIUS="6.209213230591548" QUALITY="-1.0" SOURCE_ID="0" POSITION_T="193.0" POSITION_X="1116.3857621366292" POSITION_Y="380.4650271839798" FRAME="193" POSITION_Z="233.42958546903293" />
      </SpotsInFrame>
      <SpotsInFrame frame="194">
        <Spot ID="171106" name="ID171106" VISIBILITY="1" RADIUS="7.513148009015776" QUALITY="240.11541748046875" SOURCE_ID="0" POSITION_T="194.0" POSITION_X="1179.5380048437057" POSITION_Y="358.2523165197347" FRAME="194" CELL_DIVISION_TIME="205.0" POSITION_Z="278.5055576809728" />
        <Spot ID="116355" name="ID116355" VISIBILITY="1" RADIUS="6.209213230591547" QUALITY="345.9965515136719" SOURCE_ID="0" POSITION_T="194.0" POSITION_X="1187.9812912852726" POSITION_Y="195.14024622337172" FRAME="194" CELL_DIVISION_TIME="107.0" POSITION_Z="299.40880910366894" />
        <Spot ID="140727" name="ID140727" VISIBILITY="1" RADIUS="7.513148009015771" QUALITY="287.179931640625" SOURCE_ID="0" POSITION_T="194.0" POSITION_X="1155.2084123605582" POSITION_Y="404.18418531675866" FRAME="194" CELL_DIVISION_TIME="187.0" POSITION_Z="280.5630959905647" />
        <Spot ID="150855" name="ID150855" VISIBILITY="1" RADIUS="5.644739300537773" QUALITY="-1.0" SOURCE_ID="0" POSITION_T="194.0" POSITION_X="1108.8979632617677" POSITION_Y="364.9831540047965" FRAME="194" POSITION_Z="249.09045893369017" />
        <Spot ID="159080" name="ID159080" VISIBILITY="1" RADIUS="6.20921323059155" QUALITY="-1.0" SOURCE_ID="0" POSITION_T="194.0" POSITION_X="1139.9947350547286" POSITION_Y="357.50632920927006" FRAME="194" POSITION_Z="229.6104434137872" />
        <Spot ID="127434" name="ID127434" VISIBILITY="1" RADIUS="6.209213230591548" QUALITY="-1.0" SOURCE_ID="0" POSITION_T="194.0" POSITION_X="1115.286960000974" POSITION_Y="384.37955938514284" FRAME="194" POSITION_Z="233.06331809048112" />
        <Spot ID="106893" name="ID106893" VISIBILITY="1" RADIUS="6.2092132305915495" QUALITY="-1.0" SOURCE_ID="0" POSITION_T="194.0" POSITION_X="1131.3980817507622" POSITION_Y="206.84864572121893" FRAME="194" POSITION_Z="266.782156273621" />
        <Spot ID="116620" name="ID116620" VISIBILITY="1" RADIUS="5.64473930053777" QUALITY="352.3900451660156" SOURCE_ID="0" POSITION_T="194.0" POSITION_X="1186.972763123185" POSITION_Y="212.790973086283" FRAME="194" POSITION_Z="308.01860090816473" />
        <Spot ID="179551" name="ID179551" VISIBILITY="1" RADIUS="6.830134553650705" QUALITY="205.75396728515625" SOURCE_ID="0" POSITION_T="194.0" POSITION_X="1166.3496553998013" POSITION_Y="317.4534756356976" FRAME="194" POSITION_Z="296.6201694382984" />
      </SpotsInFrame>
      <SpotsInFrame frame="195">
        <Spot ID="116627" name="ID116627" VISIBILITY="1" RADIUS="5.64473930053777" QUALITY="371.66912841796875" SOURCE_ID="0" POSITION_T="195.0" POSITION_X="1188.0410396233615" POSITION_Y="210.75071483337928" FRAME="195" POSITION_Z="308.51041918777156" />
        <Spot ID="127429" name="ID127429" VISIBILITY="1" RADIUS="6.209213230591548" QUALITY="-1.0" SOURCE_ID="0" POSITION_T="195.0" POSITION_X="1114.9271023015467" POSITION_Y="385.2187943126951" FRAME="195" POSITION_Z="231.7184176616386" />
        <Spot ID="106820" name="ID106820" VISIBILITY="1" RADIUS="6.2092132305915495" QUALITY="-1.0" SOURCE_ID="0" POSITION_T="195.0" POSITION_X="1131.0385437355658" POSITION_Y="206.91747108951506" FRAME="195" POSITION_Z="266.7942920430088" />
        <Spot ID="179572" name="ID179572" VISIBILITY="1" RADIUS="6.830134553650705" QUALITY="201.81060791015625" SOURCE_ID="0" POSITION_T="195.0" POSITION_X="1163.5436331395592" POSITION_Y="316.6079460724835" FRAME="195" POSITION_Z="297.74578905343054" />
        <Spot ID="171125" name="ID171125" VISIBILITY="1" RADIUS="7.513148009015776" QUALITY="274.5506896972656" SOURCE_ID="0" POSITION_T="195.0" POSITION_X="1179.296659744293" POSITION_Y="355.2436304285291" FRAME="195" CELL_DIVISION_TIME="205.0" POSITION_Z="281.481733166366" />
        <Spot ID="159032" name="ID159032" VISIBILITY="1" RADIUS="6.20921323059155" QUALITY="-1.0" SOURCE_ID="0" POSITION_T="195.0" POSITION_X="1143.6650118747273" POSITION_Y="359.41812274227186" FRAME="195" POSITION_Z="232.8956144883168" />
        <Spot ID="140809" name="ID140809" VISIBILITY="1" RADIUS="7.513148009015771" QUALITY="290.9732971191406" SOURCE_ID="0" POSITION_T="195.0" POSITION_X="1154.8357353028819" POSITION_Y="400.83009179767095" FRAME="195" CELL_DIVISION_TIME="187.0" POSITION_Z="280.56309599056476" />
        <Spot ID="150908" name="ID150908" VISIBILITY="1" RADIUS="5.644739300537773" QUALITY="-1.0" SOURCE_ID="0" POSITION_T="195.0" POSITION_X="1110.4852568539768" POSITION_Y="366.1736241989537" FRAME="195" POSITION_Z="248.49522383661144" />
        <Spot ID="116366" name="ID116366" VISIBILITY="1" RADIUS="6.209213230591547" QUALITY="295.9440612792969" SOURCE_ID="0" POSITION_T="195.0" POSITION_X="1187.4244959435175" POSITION_Y="194.54804258059733" FRAME="195" CELL_DIVISION_TIME="107.0" POSITION_Z="297.8965739532499" />
      </SpotsInFrame>
      <SpotsInFrame frame="196">
        <Spot ID="140818" name="ID140818" VISIBILITY="1" RADIUS="7.513148009015771" QUALITY="310.7785949707031" SOURCE_ID="0" POSITION_T="196.0" POSITION_X="1155.5810894182348" POSITION_Y="400.4574147399946" FRAME="196" CELL_DIVISION_TIME="187.0" POSITION_Z="280.5630959905648" />
        <Spot ID="150930" name="ID150930" VISIBILITY="1" RADIUS="5.644739300537773" QUALITY="-1.0" SOURCE_ID="0" POSITION_T="196.0" POSITION_X="1110.0884334559237" POSITION_Y="367.9593294901896" FRAME="196" POSITION_Z="244.52698985608703" />
        <Spot ID="106819" name="ID106819" VISIBILITY="1" RADIUS="6.2092132305915495" QUALITY="-1.0" SOURCE_ID="0" POSITION_T="196.0" POSITION_X="1130.469016579774" POSITION_Y="207.600907241641" FRAME="196" POSITION_Z="265.85206630088146" />
        <Spot ID="126726" name="ID126726" VISIBILITY="1" RADIUS="6.209213230591548" QUALITY="-1.0" SOURCE_ID="0" POSITION_T="196.0" POSITION_X="1112.6910399554881" POSITION_Y="384.8461172550186" FRAME="196" POSITION_Z="231.71841766163863" />
        <Spot ID="158809" name="ID158809" VISIBILITY="1" RADIUS="6.20921323059155" QUALITY="-1.0" SOURCE_ID="0" POSITION_T="196.0" POSITION_X="1143.90635697414" POSITION_Y="360.6248482393351" FRAME="196" POSITION_Z="233.09402618734296" />
        <Spot ID="116380" name="ID116380" VISIBILITY="1" RADIUS="6.209213230591547" QUALITY="353.1337890625" SOURCE_ID="0" POSITION_T="196.0" POSITION_X="1187.565720520191" POSITION_Y="193.14222673344017" FRAME="196" CELL_DIVISION_TIME="107.0" POSITION_Z="293.6170225219656" />
        <Spot ID="116636" name="ID116636" VISIBILITY="1" RADIUS="5.64473930053777" QUALITY="399.4480895996094" SOURCE_ID="0" POSITION_T="196.0" POSITION_X="1187.3880349635497" POSITION_Y="206.67280235100927" FRAME="196" POSITION_Z="305.12038951266396" />
        <Spot ID="171277" name="ID171277" VISIBILITY="1" RADIUS="7.513148009015776" QUALITY="245.09326171875" SOURCE_ID="0" POSITION_T="196.0" POSITION_X="1177.6015239082355" POSITION_Y="352.64393722387604" FRAME="196" CELL_DIVISION_TIME="205.0" POSITION_Z="283.6642618556543" />
        <Spot ID="179613" name="ID179613" VISIBILITY="1" RADIUS="6.830134553650705" QUALITY="169.49420166015625" SOURCE_ID="0" POSITION_T="196.0" POSITION_X="1162.88542039438" POSITION_Y="317.1870771326036" FRAME="196" POSITION_Z="295.7883743181749" />
      </SpotsInFrame>
      <SpotsInFrame frame="197">
        <Spot ID="116480" name="ID116480" VISIBILITY="1" RADIUS="6.209213230591547" QUALITY="376.8505554199219" SOURCE_ID="0" POSITION_T="197.0" POSITION_X="1190.0893090495622" POSITION_Y="191.2804164784152" FRAME="197" CELL_DIVISION_TIME="107.0" POSITION_Z="295.91662399076705" />
        <Spot ID="126610" name="ID126610" VISIBILITY="1" RADIUS="6.209213230591548" QUALITY="-1.0" SOURCE_ID="0" POSITION_T="197.0" POSITION_X="1113.4235747125917" POSITION_Y="384.8461172550186" FRAME="197" POSITION_Z="229.15454601177623" />
        <Spot ID="158790" name="ID158790" VISIBILITY="1" RADIUS="6.20921323059155" QUALITY="-1.0" SOURCE_ID="0" POSITION_T="197.0" POSITION_X="1143.90635697414" POSITION_Y="362.8073769286235" FRAME="197" POSITION_Z="230.31626240097592" />
        <Spot ID="179638" name="ID179638" VISIBILITY="1" RADIUS="6.830134553650705" QUALITY="169.49266052246094" SOURCE_ID="0" POSITION_T="197.0" POSITION_X="1163.1267654937924" POSITION_Y="319.11783792790493" FRAME="197" POSITION_Z="295.7883743181748" />
        <Spot ID="116644" name="ID116644" VISIBILITY="1" RADIUS="5.64473930053777" QUALITY="389.1354064941406" SOURCE_ID="0" POSITION_T="197.0" POSITION_X="1187.8971218533472" POSITION_Y="207.43643268570582" FRAME="197" POSITION_Z="305.1203895126639" />
        <Spot ID="106808" name="ID106808" VISIBILITY="1" RADIUS="6.2092132305915495" QUALITY="-1.0" SOURCE_ID="0" POSITION_T="197.0" POSITION_X="1131.4871903593694" POSITION_Y="207.09182035184332" FRAME="197" POSITION_Z="265.1996442673543" />
        <Spot ID="150952" name="ID150952" VISIBILITY="1" RADIUS="5.644739300537773" QUALITY="-1.0" SOURCE_ID="0" POSITION_T="197.0" POSITION_X="1109.493198358845" POSITION_Y="367.9593294901896" FRAME="197" POSITION_Z="244.3285781570608" />
        <Spot ID="140830" name="ID140830" VISIBILITY="1" RADIUS="7.513148009015771" QUALITY="295.5591125488281" SOURCE_ID="0" POSITION_T="197.0" POSITION_X="1155.2084123605584" POSITION_Y="399.7120606246418" FRAME="197" CELL_DIVISION_TIME="187.0" POSITION_Z="280.5630959905649" />
        <Spot ID="171292" name="ID171292" VISIBILITY="1" RADIUS="7.513148009015776" QUALITY="248.94021606445312" SOURCE_ID="0" POSITION_T="197.0" POSITION_X="1180.2563200017755" POSITION_Y="352.40259212446335" FRAME="197" CELL_DIVISION_TIME="205.0" POSITION_Z="283.6642618556543" />
      </SpotsInFrame>
      <SpotsInFrame frame="198">
        <Spot ID="126352" name="ID126352" VISIBILITY="1" RADIUS="6.209213230591548" QUALITY="-1.0" SOURCE_ID="0" POSITION_T="198.0" POSITION_X="1113.4235747125917" POSITION_Y="382.2364291209099" FRAME="198" POSITION_Z="229.15454601177623" />
        <Spot ID="106805" name="ID106805" VISIBILITY="1" RADIUS="6.830134553650705" QUALITY="-1.0" SOURCE_ID="0" POSITION_T="198.0" POSITION_X="1130.2144731348749" POSITION_Y="203.52821212325938" FRAME="198" POSITION_Z="265.1996442673543" />
        <Spot ID="179654" name="ID179654" VISIBILITY="1" RADIUS="6.830134553650705" QUALITY="256.2693786621094" SOURCE_ID="0" POSITION_T="198.0" POSITION_X="1161.4373497979036" POSITION_Y="317.91111243084146" FRAME="198" POSITION_Z="295.7883743181748" />
        <Spot ID="116681" name="ID116681" VISIBILITY="1" RADIUS="5.64473930053777" QUALITY="431.0838928222656" SOURCE_ID="0" POSITION_T="198.0" POSITION_X="1187.1955885418827" POSITION_Y="204.61053058890664" FRAME="198" POSITION_Z="299.91039840421536" />
        <Spot ID="150955" name="ID150955" VISIBILITY="1" RADIUS="5.644739300537773" QUALITY="-1.0" SOURCE_ID="0" POSITION_T="198.0" POSITION_X="1110.6836685530013" POSITION_Y="367.3640943931109" FRAME="198" POSITION_Z="246.70951854537537" />
        <Spot ID="171307" name="ID171307" VISIBILITY="1" RADIUS="7.513148009015776" QUALITY="236.08876037597656" SOURCE_ID="0" POSITION_T="198.0" POSITION_X="1178.6097728795396" POSITION_Y="353.7318604639744" FRAME="198" CELL_DIVISION_TIME="205.0" POSITION_Z="284.26880712292694" />
        <Spot ID="158783" name="ID158783" VISIBILITY="1" RADIUS="6.20921323059155" QUALITY="-1.0" SOURCE_ID="0" POSITION_T="198.0" POSITION_X="1143.90635697414" POSITION_Y="363.0057886276498" FRAME="198" POSITION_Z="232.3003793912381" />
        <Spot ID="140844" name="ID140844" VISIBILITY="1" RADIUS="7.513148009015771" QUALITY="330.8787841796875" SOURCE_ID="0" POSITION_T="198.0" POSITION_X="1155.2084123605587" POSITION_Y="400.08473768231835" FRAME="198" CELL_DIVISION_TIME="187.0" POSITION_Z="280.56309599056493" />
        <Spot ID="116494" name="ID116494" VISIBILITY="1" RADIUS="6.209213230591547" QUALITY="359.4684753417969" SOURCE_ID="0" POSITION_T="198.0" POSITION_X="1189.2968800015278" POSITION_Y="189.2769114574898" FRAME="198" CELL_DIVISION_TIME="107.0" POSITION_Z="293.7804641643714" />
      </SpotsInFrame>
      <SpotsInFrame frame="199">
        <Spot ID="150978" name="ID150978" VISIBILITY="1" RADIUS="5.644739300537773" QUALITY="-1.0" SOURCE_ID="0" POSITION_T="199.0" POSITION_X="1110.683668553001" POSITION_Y="367.1656826940847" FRAME="199" POSITION_Z="244.92381325413936" />
        <Spot ID="179667" name="ID179667" VISIBILITY="1" RADIUS="6.830134553650705" QUALITY="210.8703155517578" SOURCE_ID="0" POSITION_T="199.0" POSITION_X="1164.5131443195617" POSITION_Y="321.3895438279645" FRAME="199" POSITION_Z="295.3469950206594" />
        <Spot ID="116691" name="ID116691" VISIBILITY="1" RADIUS="5.64473930053777" QUALITY="358.78973388671875" SOURCE_ID="0" POSITION_T="199.0" POSITION_X="1186.5453273400906" POSITION_Y="205.14283682141223" FRAME="199" POSITION_Z="298.7668269426995" />
        <Spot ID="158772" name="ID158772" VISIBILITY="1" RADIUS="6.20921323059155" QUALITY="-1.0" SOURCE_ID="0" POSITION_T="199.0" POSITION_X="1145.3430250782963" POSITION_Y="360.5714920443742" FRAME="199" POSITION_Z="231.74681075095495" />
        <Spot ID="106761" name="ID106761" VISIBILITY="1" RADIUS="6.830134553650705" QUALITY="-1.0" SOURCE_ID="0" POSITION_T="199.0" POSITION_X="1129.959929689976" POSITION_Y="205.05547279265258" FRAME="199" POSITION_Z="265.1996442673543" />
        <Spot ID="126233" name="ID126233" VISIBILITY="1" RADIUS="6.209213230591548" QUALITY="-1.0" SOURCE_ID="0" POSITION_T="199.0" POSITION_X="1113.4235747125917" POSITION_Y="382.23642912090986" FRAME="199" POSITION_Z="226.5448578776676" />
        <Spot ID="116507" name="ID116507" VISIBILITY="1" RADIUS="6.209213230591547" QUALITY="339.93017578125" SOURCE_ID="0" POSITION_T="199.0" POSITION_X="1189.70779455139" POSITION_Y="188.6500189337036" FRAME="199" CELL_DIVISION_TIME="107.0" POSITION_Z="291.86194238602894" />
        <Spot ID="171320" name="ID171320" VISIBILITY="1" RADIUS="7.513148009015776" QUALITY="199.4728240966797" SOURCE_ID="0" POSITION_T="199.0" POSITION_X="1178.8511179789525" POSITION_Y="354.6972408616251" FRAME="199" CELL_DIVISION_TIME="205.0" POSITION_Z="284.2688071229269" />
        <Spot ID="140861" name="ID140861" VISIBILITY="1" RADIUS="7.513148009015771" QUALITY="341.8329162597656" SOURCE_ID="0" POSITION_T="199.0" POSITION_X="1157.8171517642936" POSITION_Y="401.6228606843107" FRAME="199" CELL_DIVISION_TIME="187.0" POSITION_Z="281.5417290408558" />
      </SpotsInFrame>
      <SpotsInFrame frame="200">
        <Spot ID="179683" name="ID179683" VISIBILITY="1" RADIUS="6.830134553650705" QUALITY="242.43212890625" SOURCE_ID="0" POSITION_T="200.0" POSITION_X="1161.3756580271966" POSITION_Y="320.182818330901" FRAME="200" POSITION_Z="295.3469950206594" />
        <Spot ID="116706" name="ID116706" VISIBILITY="1" RADIUS="5.64473930053777" QUALITY="417.157958984375" SOURCE_ID="0" POSITION_T="200.0" POSITION_X="1188.3271314543824" POSITION_Y="204.1246630418168" FRAME="200" POSITION_Z="298.76682694269954" />
        <Spot ID="158758" name="ID158758" VISIBILITY="1" RADIUS="6.20921323059155" QUALITY="-1.0" SOURCE_ID="0" POSITION_T="200.0" POSITION_X="1145.3430250782963" POSITION_Y="360.5714920443743" FRAME="200" POSITION_Z="232.3420458480336" />
        <Spot ID="150983" name="ID150983" VISIBILITY="1" RADIUS="5.644739300537773" QUALITY="-1.0" SOURCE_ID="0" POSITION_T="200.0" POSITION_X="1108.5870066644854" POSITION_Y="369.4770115845323" FRAME="200" POSITION_Z="246.31269514732284" />
        <Spot ID="106759" name="ID106759" VISIBILITY="1" RADIUS="6.830134553650705" QUALITY="-1.0" SOURCE_ID="0" POSITION_T="200.0" POSITION_X="1134.0326248083575" POSITION_Y="203.4960852806995" FRAME="200" POSITION_Z="264.54722223382714" />
        <Spot ID="116521" name="ID116521" VISIBILITY="1" RADIUS="6.209213230591547" QUALITY="347.8246154785156" SOURCE_ID="0" POSITION_T="200.0" POSITION_X="1191.7462540176655" POSITION_Y="188.72144617453696" FRAME="200" CELL_DIVISION_TIME="107.0" POSITION_Z="293.15538377297486" />
        <Spot ID="171336" name="ID171336" VISIBILITY="1" RADIUS="7.513148009015776" QUALITY="227.56201171875" SOURCE_ID="0" POSITION_T="200.0" POSITION_X="1178.1270826807147" POSITION_Y="354.45589576221244" FRAME="200" CELL_DIVISION_TIME="205.0" POSITION_Z="284.26880712292683" />
        <Spot ID="140937" name="ID140937" VISIBILITY="1" RADIUS="7.513148009015771" QUALITY="334.4454650878906" SOURCE_ID="0" POSITION_T="200.0" POSITION_X="1155.9537664759116" POSITION_Y="400.5048295112815" FRAME="200" CELL_DIVISION_TIME="187.0" POSITION_Z="281.54172904085584" />
        <Spot ID="126175" name="ID126175" VISIBILITY="1" RADIUS="6.209213230591548" QUALITY="-1.0" SOURCE_ID="0" POSITION_T="200.0" POSITION_X="1113.4235747125915" POSITION_Y="380.93158505385554" FRAME="200" POSITION_Z="226.5448578776676" />
      </SpotsInFrame>
      <SpotsInFrame frame="201">
        <Spot ID="140947" name="ID140947" VISIBILITY="1" RADIUS="7.513148009015771" QUALITY="377.8775939941406" SOURCE_ID="0" POSITION_T="201.0" POSITION_X="1155.9537664759118" POSITION_Y="400.8310405280451" FRAME="201" CELL_DIVISION_TIME="187.0" POSITION_Z="281.54172904085584" />
        <Spot ID="179744" name="ID179744" VISIBILITY="1" RADIUS="6.830134553650705" QUALITY="232.47918701171875" SOURCE_ID="0" POSITION_T="201.0" POSITION_X="1162.4943878420709" POSITION_Y="318.3637430774834" FRAME="201" POSITION_Z="299.54857239280426" />
        <Spot ID="116530" name="ID116530" VISIBILITY="1" RADIUS="6.209213230591547" QUALITY="306.4351501464844" SOURCE_ID="0" POSITION_T="201.0" POSITION_X="1191.9281280418159" POSITION_Y="188.51405856146957" FRAME="201" CELL_DIVISION_TIME="107.0" POSITION_Z="292.019349070997" />
        <Spot ID="106742" name="ID106742" VISIBILITY="1" RADIUS="6.830134553650705" QUALITY="-1.0" SOURCE_ID="0" POSITION_T="201.0" POSITION_X="1133.5235379185597" POSITION_Y="202.73245494600297" FRAME="201" POSITION_Z="264.54722223382714" />
        <Spot ID="158731" name="ID158731" VISIBILITY="1" RADIUS="6.20921323059155" QUALITY="-1.0" SOURCE_ID="0" POSITION_T="201.0" POSITION_X="1146.5434158574044" POSITION_Y="361.36513884047895" FRAME="201" POSITION_Z="234.49282866547782" />
        <Spot ID="126155" name="ID126155" VISIBILITY="1" RADIUS="6.209213230591548" QUALITY="-1.0" SOURCE_ID="0" POSITION_T="201.0" POSITION_X="1113.050897654915" POSITION_Y="380.93158505385554" FRAME="201" POSITION_Z="226.54485787766757" />
        <Spot ID="151007" name="ID151007" VISIBILITY="1" RADIUS="5.644739300537773" QUALITY="-1.0" SOURCE_ID="0" POSITION_T="201.0" POSITION_X="1107.380281167422" POSITION_Y="370.20104688277036" FRAME="201" POSITION_Z="246.31269514732296" />
        <Spot ID="171391" name="ID171391" VISIBILITY="1" RADIUS="7.513148009015776" QUALITY="287.03900146484375" SOURCE_ID="0" POSITION_T="201.0" POSITION_X="1178.3684277801276" POSITION_Y="356.1453114581012" FRAME="201" CELL_DIVISION_TIME="205.0" POSITION_Z="284.2688071229268" />
        <Spot ID="116718" name="ID116718" VISIBILITY="1" RADIUS="5.64473930053777" QUALITY="452.14044189453125" SOURCE_ID="0" POSITION_T="201.0" POSITION_X="1189.090761789079" POSITION_Y="205.39738026631107" FRAME="201" POSITION_Z="298.76682694269954" />
      </SpotsInFrame>
      <SpotsInFrame frame="202">
        <Spot ID="158707" name="ID158707" VISIBILITY="1" RADIUS="6.20921323059155" QUALITY="-1.0" SOURCE_ID="0" POSITION_T="202.0" POSITION_X="1146.5434158574044" POSITION_Y="360.57149204437405" FRAME="202" POSITION_Z="235.48488716060888" />
        <Spot ID="171408" name="ID171408" VISIBILITY="1" RADIUS="7.513148009015776" QUALITY="230.80458068847656" SOURCE_ID="0" POSITION_T="202.0" POSITION_X="1179.3338081777786" POSITION_Y="355.90396635868854" FRAME="202" CELL_DIVISION_TIME="205.0" POSITION_Z="284.2688071229267" />
        <Spot ID="106713" name="ID106713" VISIBILITY="1" RADIUS="6.830134553650705" QUALITY="-1.0" SOURCE_ID="0" POSITION_T="202.0" POSITION_X="1133.5839781845539" POSITION_Y="201.06218304094475" FRAME="202" POSITION_Z="262.70730015529773" />
        <Spot ID="151019" name="ID151019" VISIBILITY="1" RADIUS="5.644739300537773" QUALITY="218.03526306152344" SOURCE_ID="0" POSITION_T="202.0" POSITION_X="1107.1656141654896" POSITION_Y="370.68373708159567" FRAME="202" POSITION_Z="243.32026435902364" />
        <Spot ID="116731" name="ID116731" VISIBILITY="1" RADIUS="5.64473930053777" QUALITY="421.54156494140625" SOURCE_ID="0" POSITION_T="202.0" POSITION_X="1189.8543921237754" POSITION_Y="204.12466304181675" FRAME="202" POSITION_Z="298.7668269426996" />
        <Spot ID="126123" name="ID126123" VISIBILITY="1" RADIUS="6.209213230591548" QUALITY="-1.0" SOURCE_ID="0" POSITION_T="202.0" POSITION_X="1112.305543539562" POSITION_Y="382.04961622688484" FRAME="202" POSITION_Z="226.54485787766754" />
        <Spot ID="116970" name="ID116970" VISIBILITY="1" RADIUS="6.209213230591547" QUALITY="364.4402770996094" SOURCE_ID="0" POSITION_T="202.0" POSITION_X="1194.3784946538556" POSITION_Y="186.2435444642424" FRAME="202" CELL_DIVISION_TIME="107.0" POSITION_Z="292.92780691344564" />
        <Spot ID="179758" name="ID179758" VISIBILITY="1" RADIUS="6.830134553650705" QUALITY="233.55859375" SOURCE_ID="0" POSITION_T="202.0" POSITION_X="1160.2625872873987" POSITION_Y="316.27218394982833" FRAME="202" POSITION_Z="299.8230036743426" />
        <Spot ID="140959" name="ID140959" VISIBILITY="1" RADIUS="7.513148009015771" QUALITY="329.0955505371094" SOURCE_ID="0" POSITION_T="202.0" POSITION_X="1156.504842023338" POSITION_Y="401.6707650547471" FRAME="202" CELL_DIVISION_TIME="187.0" POSITION_Z="283.3361441919166" />
      </SpotsInFrame>
      <SpotsInFrame frame="203">
        <Spot ID="126112" name="ID126112" VISIBILITY="1" RADIUS="6.209213230591548" QUALITY="-1.0" SOURCE_ID="0" POSITION_T="203.0" POSITION_X="1112.3055435395622" POSITION_Y="382.702038260412" FRAME="203" POSITION_Z="229.8069680453034" />
        <Spot ID="158337" name="ID158337" VISIBILITY="1" RADIUS="6.20921323059155" QUALITY="-1.0" SOURCE_ID="0" POSITION_T="203.0" POSITION_X="1144.1299648632776" POSITION_Y="359.73491184788253" FRAME="203" POSITION_Z="233.1039467722942" />
        <Spot ID="116983" name="ID116983" VISIBILITY="1" RADIUS="6.209213230591547" QUALITY="351.7668151855469" SOURCE_ID="0" POSITION_T="203.0" POSITION_X="1192.6087739824984" POSITION_Y="187.166605373006" FRAME="203" CELL_DIVISION_TIME="107.0" POSITION_Z="291.84067099833084" />
        <Spot ID="106667" name="ID106667" VISIBILITY="1" RADIUS="6.830134553650705" QUALITY="-1.0" SOURCE_ID="0" POSITION_T="203.0" POSITION_X="1129.629060017392" POSITION_Y="199.79839432879584" FRAME="203" POSITION_Z="262.22286352234596" />
        <Spot ID="116843" name="ID116843" VISIBILITY="1" RADIUS="5.64473930053777" QUALITY="406.7018127441406" SOURCE_ID="0" POSITION_T="203.0" POSITION_X="1189.184039194413" POSITION_Y="203.66482325274853" FRAME="203" POSITION_Z="299.3508370447902" />
        <Spot ID="171417" name="ID171417" VISIBILITY="1" RADIUS="7.513148009015776" QUALITY="250.489013671875" SOURCE_ID="0" POSITION_T="203.0" POSITION_X="1178.6097728795407" POSITION_Y="354.45589576221244" FRAME="203" CELL_DIVISION_TIME="205.0" POSITION_Z="284.26880712292666" />
        <Spot ID="140975" name="ID140975" VISIBILITY="1" RADIUS="7.513148009015771" QUALITY="335.2667236328125" SOURCE_ID="0" POSITION_T="203.0" POSITION_X="1156.5048420233381" POSITION_Y="399.06107692063847" FRAME="203" CELL_DIVISION_TIME="187.0" POSITION_Z="283.98856622544383" />
        <Spot ID="179775" name="ID179775" VISIBILITY="1" RADIUS="6.830134553650705" QUALITY="169.84246826171875" SOURCE_ID="0" POSITION_T="203.0" POSITION_X="1158.2459985090643" POSITION_Y="318.4340398793493" FRAME="203" POSITION_Z="298.78400635136074" />
        <Spot ID="151037" name="ID151037" VISIBILITY="1" RADIUS="5.644739300537773" QUALITY="205.3284912109375" SOURCE_ID="0" POSITION_T="203.0" POSITION_X="1107.1656141654894" POSITION_Y="370.6837370815956" FRAME="203" POSITION_Z="243.51867605804986" />
      </SpotsInFrame>
      <SpotsInFrame frame="204">
        <Spot ID="116851" name="ID116851" VISIBILITY="1" RADIUS="5.64473930053777" QUALITY="371.8290100097656" SOURCE_ID="0" POSITION_T="204.0" POSITION_X="1187.0423722831522" POSITION_Y="201.3915832659363" FRAME="204" POSITION_Z="296.7415463788245" />
        <Spot ID="116995" name="ID116995" VISIBILITY="1" RADIUS="6.209213230591547" QUALITY="367.06744384765625" SOURCE_ID="0" POSITION_T="204.0" POSITION_X="1190.2548280736364" POSITION_Y="185.50671752359438" FRAME="204" CELL_DIVISION_TIME="107.0" POSITION_Z="289.8276786498469" />
        <Spot ID="179792" name="ID179792" VISIBILITY="1" RADIUS="6.830134553650705" QUALITY="181.39303588867188" SOURCE_ID="0" POSITION_T="204.0" POSITION_X="1157.5567811630326" POSITION_Y="312.37217432106434" FRAME="204" POSITION_Z="301.370760999983" />
        <Spot ID="158330" name="ID158330" VISIBILITY="1" RADIUS="6.20921323059155" QUALITY="-1.0" SOURCE_ID="0" POSITION_T="204.0" POSITION_X="1142.199204067976" POSITION_Y="359.29515504944357" FRAME="204" POSITION_Z="233.69918186937278" />
        <Spot ID="106632" name="ID106632" VISIBILITY="1" RADIUS="6.830134553650705" QUALITY="-1.0" SOURCE_ID="0" POSITION_T="204.0" POSITION_X="1129.6290600173916" POSITION_Y="197.6903791977403" FRAME="204" POSITION_Z="259.93938640500085" />
        <Spot ID="151052" name="ID151052" VISIBILITY="1" RADIUS="5.644739300537773" QUALITY="173.70547485351562" SOURCE_ID="0" POSITION_T="204.0" POSITION_X="1107.1656141654892" POSITION_Y="370.68373708159555" FRAME="204" POSITION_Z="245.7012047473382" />
        <Spot ID="126110" name="ID126110" VISIBILITY="1" RADIUS="6.209213230591548" QUALITY="-1.0" SOURCE_ID="0" POSITION_T="204.0" POSITION_X="1112.3055435395622" POSITION_Y="380.7447721598305" FRAME="204" POSITION_Z="229.1545460117762" />
        <Spot ID="140989" name="ID140989" VISIBILITY="1" RADIUS="7.513148009015771" QUALITY="319.4688415527344" SOURCE_ID="0" POSITION_T="204.0" POSITION_X="1155.354981180639" POSITION_Y="400.60109945068314" FRAME="204" CELL_DIVISION_TIME="187.0" POSITION_Z="286.3048942206759" />
        <Spot ID="171437" name="ID171437" VISIBILITY="1" RADIUS="7.513148009015776" QUALITY="230.78781127929688" SOURCE_ID="0" POSITION_T="204.0" POSITION_X="1175.2309414877634" POSITION_Y="354.9385859610378" FRAME="204" CELL_DIVISION_TIME="205.0" POSITION_Z="284.26880712292666" />
      </SpotsInFrame>
      <SpotsInFrame frame="205">
        <Spot ID="116864" name="ID116864" VISIBILITY="1" RADIUS="5.64473930053777" QUALITY="309.0492858886719" SOURCE_ID="0" POSITION_T="205.0" POSITION_X="1188.1411744188072" POSITION_Y="202.5365528865542" FRAME="205" POSITION_Z="294.9146705306938" />
        <Spot ID="179809" name="ID179809" VISIBILITY="1" RADIUS="6.830134553650705" QUALITY="189.24078369140625" SOURCE_ID="0" POSITION_T="205.0" POSITION_X="1157.4095940747727" POSITION_Y="310.6018474200338" FRAME="205" POSITION_Z="299.96098863752405" />
        <Spot ID="171450" name="ID171450" VISIBILITY="1" RADIUS="7.513148009015776" QUALITY="228.25067138671875" SOURCE_ID="0" POSITION_T="205.0" POSITION_X="1175.2309414877636" POSITION_Y="354.6972408616251" FRAME="205" CELL_DIVISION_TIME="205.0" POSITION_Z="284.26880712292666" />
        <Spot ID="141035" name="ID141035" VISIBILITY="1" RADIUS="7.513148009015771" QUALITY="336.66302490234375" SOURCE_ID="0" POSITION_T="205.0" POSITION_X="1156.100335295992" POSITION_Y="399.48306827765396" FRAME="205" CELL_DIVISION_TIME="187.0" POSITION_Z="286.304894220676" />
        <Spot ID="106589" name="ID106589" VISIBILITY="1" RADIUS="6.830134553650705" QUALITY="-1.0" SOURCE_ID="0" POSITION_T="205.0" POSITION_X="1132.3726438076671" POSITION_Y="194.9093867090733" FRAME="205" POSITION_Z="253.74137708649275" />
        <Spot ID="126109" name="ID126109" VISIBILITY="1" RADIUS="6.209213230591548" QUALITY="-1.0" SOURCE_ID="0" POSITION_T="205.0" POSITION_X="1111.5601894242106" POSITION_Y="381.5840070873827" FRAME="205" POSITION_Z="231.4380231291212" />
        <Spot ID="158319" name="ID158319" VISIBILITY="1" RADIUS="6.20921323059155" QUALITY="-1.0" SOURCE_ID="0" POSITION_T="205.0" POSITION_X="1142.199204067976" POSITION_Y="357.7078614572338" FRAME="205" POSITION_Z="233.50077017034658" />
        <Spot ID="117007" name="ID117007" VISIBILITY="1" RADIUS="6.209213230591547" QUALITY="423.9201965332031" SOURCE_ID="0" POSITION_T="205.0" POSITION_X="1188.0376924218517" POSITION_Y="185.29883356530695" FRAME="205" CELL_DIVISION_TIME="107.0" POSITION_Z="289.2931458145535" />
        <Spot ID="151068" name="ID151068" VISIBILITY="1" RADIUS="5.644739300537773" QUALITY="271.1143493652344" SOURCE_ID="0" POSITION_T="205.0" POSITION_X="1107.1656141654892" POSITION_Y="371.4773838777004" FRAME="205" POSITION_Z="245.70120474733818" />
      </SpotsInFrame>
      <SpotsInFrame frame="206">
        <Spot ID="106565" name="ID106565" VISIBILITY="1" RADIUS="6.830134553650705" QUALITY="-1.0" SOURCE_ID="0" POSITION_T="206.0" POSITION_X="1133.1362741423636" POSITION_Y="194.106215645072" FRAME="206" POSITION_Z="252.7627440362019" />
        <Spot ID="141046" name="ID141046" VISIBILITY="1" RADIUS="7.513148009015771" QUALITY="367.21051025390625" SOURCE_ID="0" POSITION_T="206.0" POSITION_X="1155.3549811806392" POSITION_Y="400.9737765083597" FRAME="206" CELL_DIVISION_TIME="187.0" POSITION_Z="286.30489422067603" />
        <Spot ID="171483" name="ID171483" VISIBILITY="1" RADIUS="7.513148009015776" QUALITY="217.48741149902344" SOURCE_ID="0" POSITION_T="206.0" POSITION_X="1177.1617022830653" POSITION_Y="354.6972408616251" FRAME="206" CELL_DIVISION_TIME="205.0" POSITION_Z="284.26880712292666" />
        <Spot ID="116875" name="ID116875" VISIBILITY="1" RADIUS="5.64473930053777" QUALITY="224.2732696533203" SOURCE_ID="0" POSITION_T="206.0" POSITION_X="1187.886630973908" POSITION_Y="201.77292255185762" FRAME="206" POSITION_Z="294.91467053069374" />
        <Spot ID="158312" name="ID158312" VISIBILITY="1" RADIUS="6.20921323059155" QUALITY="-1.0" SOURCE_ID="0" POSITION_T="206.0" POSITION_X="1142.199204067976" POSITION_Y="356.51739126307643" FRAME="206" POSITION_Z="232.7071233742417" />
        <Spot ID="179832" name="ID179832" VISIBILITY="1" RADIUS="6.830134553650705" QUALITY="275.4242248535156" SOURCE_ID="0" POSITION_T="206.0" POSITION_X="1157.648106472937" POSITION_Y="308.27728005657144" FRAME="206" POSITION_Z="302.15569666919384" />
        <Spot ID="117021" name="ID117021" VISIBILITY="1" RADIUS="6.209213230591547" QUALITY="383.42291259765625" SOURCE_ID="0" POSITION_T="206.0" POSITION_X="1188.8016284712658" POSITION_Y="186.76116878599984" FRAME="206" CELL_DIVISION_TIME="107.0" POSITION_Z="286.43177263224015" />
        <Spot ID="126108" name="ID126108" VISIBILITY="1" RADIUS="6.209213230591548" QUALITY="-1.0" SOURCE_ID="0" POSITION_T="206.0" POSITION_X="1111.932866481887" POSITION_Y="379.3469960109505" FRAME="206" POSITION_Z="229.48075702853964" />
        <Spot ID="151087" name="ID151087" VISIBILITY="1" RADIUS="6.20921323059155" QUALITY="193.26486206054688" SOURCE_ID="0" POSITION_T="206.0" POSITION_X="1107.1656141654892" POSITION_Y="371.47738387770033" FRAME="206" POSITION_Z="247.68532173760036" />
      </SpotsInFrame>
      <SpotsInFrame frame="207">
        <Spot ID="141059" name="ID141059" VISIBILITY="1" RADIUS="7.513148009015771" QUALITY="349.3111572265625" SOURCE_ID="0" POSITION_T="207.0" POSITION_X="1156.4730123536688" POSITION_Y="402.83716179674195" FRAME="207" CELL_DIVISION_TIME="187.0" POSITION_Z="286.3048942206761" />
        <Spot ID="126083" name="ID126083" VISIBILITY="1" RADIUS="6.209213230591548" QUALITY="-1.0" SOURCE_ID="0" POSITION_T="207.0" POSITION_X="1117.1503452893564" POSITION_Y="376.97153554215345" FRAME="207" POSITION_Z="229.1545460117761" />
        <Spot ID="151184" name="ID151184" VISIBILITY="1" RADIUS="6.20921323059155" QUALITY="214.9434356689453" SOURCE_ID="0" POSITION_T="207.0" POSITION_X="1105.717543569013" POSITION_Y="370.3832032788902" FRAME="207" POSITION_Z="247.88373343662658" />
        <Spot ID="106484" name="ID106484" VISIBILITY="1" RADIUS="5.644739300537773" QUALITY="-1.0" SOURCE_ID="0" POSITION_T="207.0" POSITION_X="1138.2640174420885" POSITION_Y="194.106215645072" FRAME="207" POSITION_Z="252.76274403620192" />
        <Spot ID="179847" name="ID179847" VISIBILITY="1" RADIUS="6.830134553650705" QUALITY="242.5565643310547" SOURCE_ID="0" POSITION_T="207.0" POSITION_X="1158.9789386835353" POSITION_Y="307.5306578477483" FRAME="207" POSITION_Z="301.7554950902114" />
        <Spot ID="116889" name="ID116889" VISIBILITY="1" RADIUS="5.64473930053777" QUALITY="261.5678405761719" SOURCE_ID="0" POSITION_T="207.0" POSITION_X="1189.9229785330988" POSITION_Y="202.79109633145305" FRAME="207" POSITION_Z="294.9146705306937" />
        <Spot ID="171498" name="ID171498" VISIBILITY="1" RADIUS="7.513148009015776" QUALITY="245.14886474609375" SOURCE_ID="0" POSITION_T="207.0" POSITION_X="1179.733858289888" POSITION_Y="358.22156334172655" FRAME="207" CELL_DIVISION_TIME="205.0" POSITION_Z="285.3958593299172" />
        <Spot ID="158251" name="ID158251" VISIBILITY="1" RADIUS="6.20921323059155" QUALITY="-1.0" SOURCE_ID="0" POSITION_T="207.0" POSITION_X="1142.199204067976" POSITION_Y="356.7158029621026" FRAME="207" POSITION_Z="233.50077017034658" />
        <Spot ID="117066" name="ID117066" VISIBILITY="1" RADIUS="6.209213230591547" QUALITY="365.2859191894531" SOURCE_ID="0" POSITION_T="207.0" POSITION_X="1191.8561498100519" POSITION_Y="187.52479912069643" FRAME="207" CELL_DIVISION_TIME="107.0" POSITION_Z="286.4317726322401" />
      </SpotsInFrame>
      <SpotsInFrame frame="208">
        <Spot ID="106468" name="ID106468" VISIBILITY="1" RADIUS="5.644739300537773" QUALITY="-1.0" SOURCE_ID="0" POSITION_T="208.0" POSITION_X="1139.1626655939313" POSITION_Y="190.89535598484957" FRAME="208" POSITION_Z="252.08581678476878" />
        <Spot ID="151204" name="ID151204" VISIBILITY="1" RADIUS="6.830134553650705" QUALITY="224.43350219726562" SOURCE_ID="0" POSITION_T="208.0" POSITION_X="1110.238079246229" POSITION_Y="369.6591679806521" FRAME="208" POSITION_Z="252.0503791161771" />
        <Spot ID="158069" name="ID158069" VISIBILITY="1" RADIUS="6.20921323059155" QUALITY="-1.0" SOURCE_ID="0" POSITION_T="208.0" POSITION_X="1142.199204067976" POSITION_Y="354.93009767086653" FRAME="208" POSITION_Z="231.71506487911063" />
        <Spot ID="117081" name="ID117081" VISIBILITY="1" RADIUS="6.209213230591547" QUALITY="383.79541015625" SOURCE_ID="0" POSITION_T="208.0" POSITION_X="1194.6561277039393" POSITION_Y="186.50662534110097" FRAME="208" CELL_DIVISION_TIME="107.0" POSITION_Z="286.4317726322401" />
        <Spot ID="126057" name="ID126057" VISIBILITY="1" RADIUS="6.209213230591548" QUALITY="-1.0" SOURCE_ID="0" POSITION_T="208.0" POSITION_X="1119.0137305777384" POSITION_Y="377.7168896575063" FRAME="208" POSITION_Z="229.15454601177606" />
        <Spot ID="171515" name="ID171515" VISIBILITY="1" RADIUS="7.513148009015776" QUALITY="216.92958068847656" SOURCE_ID="0" POSITION_T="208.0" POSITION_X="1182.1420105132026" POSITION_Y="354.38886011894937" FRAME="208" CELL_DIVISION_TIME="205.0" POSITION_Z="287.97130037920704" />
        <Spot ID="141071" name="ID141071" VISIBILITY="1" RADIUS="7.513148009015771" QUALITY="310.34625244140625" SOURCE_ID="0" POSITION_T="208.0" POSITION_X="1156.4730123536685" POSITION_Y="399.57505162910604" FRAME="208" CELL_DIVISION_TIME="187.0" POSITION_Z="290.21942642183916" />
        <Spot ID="179869" name="ID179869" VISIBILITY="1" RADIUS="6.830134553650705" QUALITY="247.4895782470703" SOURCE_ID="0" POSITION_T="208.0" POSITION_X="1158.8337609935804" POSITION_Y="306.14938439489674" FRAME="208" POSITION_Z="299.9697897989754" />
      </SpotsInFrame>
      <SpotsInFrame frame="209">
        <Spot ID="151218" name="ID151218" VISIBILITY="1" RADIUS="6.20921323059155" QUALITY="302.5251159667969" SOURCE_ID="0" POSITION_T="209.0" POSITION_X="1110.0396675472025" POSITION_Y="369.659167980652" FRAME="209" POSITION_Z="252.44720251422956" />
        <Spot ID="126037" name="ID126037" VISIBILITY="1" RADIUS="6.209213230591548" QUALITY="-1.0" SOURCE_ID="0" POSITION_T="209.0" POSITION_X="1118.6410535200614" POSITION_Y="380.3256290612412" FRAME="209" POSITION_Z="229.1545460117761" />
        <Spot ID="171526" name="ID171526" VISIBILITY="1" RADIUS="7.513148009015776" QUALITY="234.81591796875" SOURCE_ID="0" POSITION_T="209.0" POSITION_X="1181.7250484153853" POSITION_Y="356.9053285744007" FRAME="209" CELL_DIVISION_TIME="205.0" POSITION_Z="288.25801910900896" />
        <Spot ID="106116" name="ID106116" VISIBILITY="1" RADIUS="5.644739300537773" QUALITY="-1.0" SOURCE_ID="0" POSITION_T="209.0" POSITION_X="1138.9217799680212" POSITION_Y="189.61939746951157" FRAME="209" POSITION_Z="251.09877845278038" />
        <Spot ID="158042" name="ID158042" VISIBILITY="1" RADIUS="6.20921323059155" QUALITY="-1.0" SOURCE_ID="0" POSITION_T="209.0" POSITION_X="1142.1992040679759" POSITION_Y="356.1205678650238" FRAME="209" POSITION_Z="231.91347657813685" />
        <Spot ID="179882" name="ID179882" VISIBILITY="1" RADIUS="6.830134553650705" QUALITY="176.8257293701172" SOURCE_ID="0" POSITION_T="209.0" POSITION_X="1156.0387091956447" POSITION_Y="304.1862976747055" FRAME="209" POSITION_Z="297.87561014196547" />
        <Spot ID="117096" name="ID117096" VISIBILITY="1" RADIUS="6.209213230591547" QUALITY="379.2569580078125" SOURCE_ID="0" POSITION_T="209.0" POSITION_X="1193.874060168369" POSITION_Y="186.81226782755036" FRAME="209" CELL_DIVISION_TIME="107.0" POSITION_Z="287.1625229714923" />
        <Spot ID="141087" name="ID141087" VISIBILITY="1" RADIUS="7.513148009015771" QUALITY="296.1922912597656" SOURCE_ID="0" POSITION_T="209.0" POSITION_X="1156.4730123536683" POSITION_Y="398.9226295955789" FRAME="209" CELL_DIVISION_TIME="187.0" POSITION_Z="288.58837133802126" />
      </SpotsInFrame>
      <SpotsInFrame frame="210">
        <Spot ID="171539" name="ID171539" VISIBILITY="1" RADIUS="7.513148009015776" QUALITY="215.27537536621094" SOURCE_ID="0" POSITION_T="210.0" POSITION_X="1178.8431722532687" POSITION_Y="355.6671830804375" FRAME="210" CELL_DIVISION_TIME="205.0" POSITION_Z="288.11278707436986" />
        <Spot ID="179904" name="ID179904" VISIBILITY="1" RADIUS="6.830134553650705" QUALITY="137.59664916992188" SOURCE_ID="0" POSITION_T="210.0" POSITION_X="1150.407897499813" POSITION_Y="305.39840103315055" FRAME="210" POSITION_Z="295.73514476195714" />
        <Spot ID="117106" name="ID117106" VISIBILITY="1" RADIUS="6.830134553650701" QUALITY="360.2220764160156" SOURCE_ID="0" POSITION_T="210.0" POSITION_X="1191.3101885185065" POSITION_Y="186.88891638987616" FRAME="210" CELL_DIVISION_TIME="107.0" POSITION_Z="288.25864848037077" />
        <Spot ID="126021" name="ID126021" VISIBILITY="1" RADIUS="6.209213230591548" QUALITY="-1.0" SOURCE_ID="0" POSITION_T="210.0" POSITION_X="1116.7776682316792" POSITION_Y="379.95295200356486" FRAME="210" POSITION_Z="229.1545460117761" />
        <Spot ID="151236" name="ID151236" VISIBILITY="1" RADIUS="6.830134553650705" QUALITY="273.1065368652344" SOURCE_ID="0" POSITION_T="210.0" POSITION_X="1107.063492061809" POSITION_Y="371.3485836765408" FRAME="210" POSITION_Z="254.2329078054655" />
        <Spot ID="158015" name="ID158015" VISIBILITY="1" RADIUS="6.20921323059155" QUALITY="-1.0" SOURCE_ID="0" POSITION_T="210.0" POSITION_X="1140.7435318099533" POSITION_Y="358.64656375740356" FRAME="210" POSITION_Z="231.7666519208572" />
        <Spot ID="106110" name="ID106110" VISIBILITY="1" RADIUS="5.131581182307066" QUALITY="-1.0" SOURCE_ID="0" POSITION_T="210.0" POSITION_X="1138.4687812572342" POSITION_Y="188.03747337446887" FRAME="210" POSITION_Z="252.71525291853763" />
        <Spot ID="141149" name="ID141149" VISIBILITY="1" RADIUS="7.513148009015771" QUALITY="369.3697509765625" SOURCE_ID="0" POSITION_T="210.0" POSITION_X="1156.473012353668" POSITION_Y="398.5964185788153" FRAME="210" CELL_DIVISION_TIME="187.0" POSITION_Z="289.89321540507564" />
      </SpotsInFrame>
      <SpotsInFrame frame="211">
        <Spot ID="171569" name="ID171569" VISIBILITY="1" RADIUS="7.513148009015776" QUALITY="264.6751403808594" SOURCE_ID="0" POSITION_T="211.0" POSITION_X="1174.5544096813542" POSITION_Y="354.17699144575226" FRAME="211" CELL_DIVISION_TIME="205.0" POSITION_Z="289.23977934262683" />
        <Spot ID="179953" name="ID179953" VISIBILITY="1" RADIUS="6.830134553650705" QUALITY="112.28022003173828" SOURCE_ID="0" POSITION_T="211.0" POSITION_X="1150.2638810571132" POSITION_Y="305.0612018820329" FRAME="211" POSITION_Z="299.4021469547067" />
        <Spot ID="157990" name="ID157990" VISIBILITY="1" RADIUS="6.20921323059155" QUALITY="-1.0" SOURCE_ID="0" POSITION_T="211.0" POSITION_X="1140.5021867105406" POSITION_Y="358.77536395856293" FRAME="211" POSITION_Z="229.1872998335164" />
        <Spot ID="151255" name="ID151255" VISIBILITY="1" RADIUS="6.20921323059155" QUALITY="248.40475463867188" SOURCE_ID="0" POSITION_T="211.0" POSITION_X="1107.787527360047" POSITION_Y="369.17647778182663" FRAME="211" POSITION_Z="254.2329078054655" />
        <Spot ID="106102" name="ID106102" VISIBILITY="1" RADIUS="4.665073802097333" QUALITY="-1.0" SOURCE_ID="0" POSITION_T="211.0" POSITION_X="1138.5229994636436" POSITION_Y="186.73621099224965" FRAME="211" POSITION_Z="246.19054253253472" />
        <Spot ID="141161" name="ID141161" VISIBILITY="1" RADIUS="7.513148009015771" QUALITY="318.5714416503906" SOURCE_ID="0" POSITION_T="211.0" POSITION_X="1156.4730123536679" POSITION_Y="400.55368467939684" FRAME="211" CELL_DIVISION_TIME="187.0" POSITION_Z="290.2194264218392" />
        <Spot ID="125996" name="ID125996" VISIBILITY="1" RADIUS="6.209213230591548" QUALITY="-1.0" SOURCE_ID="0" POSITION_T="211.0" POSITION_X="1117.5230223470317" POSITION_Y="376.9715355421535" FRAME="211" POSITION_Z="229.1545460117761" />
        <Spot ID="117119" name="ID117119" VISIBILITY="1" RADIUS="7.513148009015771" QUALITY="439.71588134765625" SOURCE_ID="0" POSITION_T="211.0" POSITION_X="1189.8451190042995" POSITION_Y="186.86336686910087" FRAME="211" CELL_DIVISION_TIME="107.0" POSITION_Z="287.8932733107446" />
      </SpotsInFrame>
      <SpotsInFrame frame="212">
        <Spot ID="171586" name="ID171586" VISIBILITY="1" RADIUS="7.513148009015776" QUALITY="226.96090698242188" SOURCE_ID="0" POSITION_T="212.0" POSITION_X="1175.899940668581" POSITION_Y="351.8358525056054" FRAME="212" CELL_DIVISION_TIME="205.0" POSITION_Z="289.15045263419233" />
        <Spot ID="157974" name="ID157974" VISIBILITY="1" RADIUS="6.20921323059155" QUALITY="-1.0" SOURCE_ID="0" POSITION_T="212.0" POSITION_X="1139.0541161140645" POSITION_Y="358.29267375973757" FRAME="212" POSITION_Z="229.18729983351645" />
        <Spot ID="125991" name="ID125991" VISIBILITY="1" RADIUS="6.209213230591548" QUALITY="-1.0" SOURCE_ID="0" POSITION_T="212.0" POSITION_X="1118.2683764623841" POSITION_Y="376.5988584844771" FRAME="212" POSITION_Z="229.1545460117761" />
        <Spot ID="151396" name="ID151396" VISIBILITY="1" RADIUS="6.20921323059155" QUALITY="161.90386962890625" SOURCE_ID="0" POSITION_T="212.0" POSITION_X="1104.3825412868493" POSITION_Y="368.11838202923076" FRAME="212" POSITION_Z="253.08491316010088" />
        <Spot ID="117254" name="ID117254" VISIBILITY="1" RADIUS="7.513148009015771" QUALITY="-1.0" SOURCE_ID="0" POSITION_T="212.0" POSITION_X="1192.4089906541615" POSITION_Y="186.8378173483256" FRAME="212" CELL_DIVISION_TIME="107.0" POSITION_Z="287.5278981411184" />
        <Spot ID="141182" name="ID141182" VISIBILITY="1" RADIUS="7.513148009015771" QUALITY="327.6451416015625" SOURCE_ID="0" POSITION_T="212.0" POSITION_X="1156.4730123536676" POSITION_Y="400.55368467939684" FRAME="212" CELL_DIVISION_TIME="187.0" POSITION_Z="289.2407933715485" />
        <Spot ID="105868" name="ID105868" VISIBILITY="1" RADIUS="5.131581182307066" QUALITY="-1.0" SOURCE_ID="0" POSITION_T="212.0" POSITION_X="1140.234916504174" POSITION_Y="186.4288033333625" FRAME="212" POSITION_Z="247.27267669905694" />
        <Spot ID="179964" name="ID179964" VISIBILITY="1" RADIUS="6.830134553650705" QUALITY="114.91104888916016" SOURCE_ID="0" POSITION_T="212.0" POSITION_X="1150.8362150788864" POSITION_Y="304.72271283139236" FRAME="212" POSITION_Z="295.4739834437537" />
      </SpotsInFrame>
      <SpotsInFrame frame="213">
        <Spot ID="117328" name="ID117328" VISIBILITY="1" RADIUS="7.513148009015771" QUALITY="-1.0" SOURCE_ID="0" POSITION_T="213.0" POSITION_X="1193.115799624719" POSITION_Y="185.7521566509479" FRAME="213" CELL_DIVISION_TIME="107.0" POSITION_Z="288.8325434741011" />
        <Spot ID="171603" name="ID171603" VISIBILITY="1" RADIUS="7.513148009015776" QUALITY="264.8655700683594" SOURCE_ID="0" POSITION_T="213.0" POSITION_X="1176.0202039843773" POSITION_Y="354.3968819423594" FRAME="213" CELL_DIVISION_TIME="205.0" POSITION_Z="284.8560170369041" />
        <Spot ID="141201" name="ID141201" VISIBILITY="1" RADIUS="7.513148009015771" QUALITY="345.33642578125" SOURCE_ID="0" POSITION_T="213.0" POSITION_X="1156.4730123536674" POSITION_Y="401.85852874645116" FRAME="213" CELL_DIVISION_TIME="187.0" POSITION_Z="286.6311052374398" />
        <Spot ID="157937" name="ID157937" VISIBILITY="1" RADIUS="6.20921323059155" QUALITY="-1.0" SOURCE_ID="0" POSITION_T="213.0" POSITION_X="1139.2954612134772" POSITION_Y="359.98208945562635" FRAME="213" POSITION_Z="229.1872998335165" />
        <Spot ID="125957" name="ID125957" VISIBILITY="1" RADIUS="6.209213230591548" QUALITY="-1.0" SOURCE_ID="0" POSITION_T="213.0" POSITION_X="1117.1695743267283" POSITION_Y="378.41482900157234" FRAME="213" POSITION_Z="225.41175950268212" />
        <Spot ID="179989" name="ID179989" VISIBILITY="1" RADIUS="6.830134553650705" QUALITY="127.09889221191406" SOURCE_ID="0" POSITION_T="213.0" POSITION_X="1152.363087383552" POSITION_Y="306.181719059118" FRAME="213" POSITION_Z="298.5769958915119" />
        <Spot ID="105823" name="ID105823" VISIBILITY="1" RADIUS="5.644739300537773" QUALITY="-1.0" SOURCE_ID="0" POSITION_T="213.0" POSITION_X="1141.0780708219982" POSITION_Y="183.58037445453226" FRAME="213" POSITION_Z="248.64766919431463" />
        <Spot ID="151421" name="ID151421" VISIBILITY="1" RADIUS="6.20921323059155" QUALITY="137.84527587890625" SOURCE_ID="0" POSITION_T="213.0" POSITION_X="1103.7873061897706" POSITION_Y="369.308852223388" FRAME="213" POSITION_Z="251.10079616983876" />
      </SpotsInFrame>
      <SpotsInFrame frame="214">
        <Spot ID="141216" name="ID141216" VISIBILITY="1" RADIUS="7.513148009015771" QUALITY="334.0672912597656" SOURCE_ID="0" POSITION_T="214.0" POSITION_X="1156.4730123536672" POSITION_Y="404.7944278973235" FRAME="214" CELL_DIVISION_TIME="187.0" POSITION_Z="286.6311052374398" />
        <Spot ID="117365" name="ID117365" VISIBILITY="1" RADIUS="7.513148009015771" QUALITY="277.6121826171875" SOURCE_ID="0" POSITION_T="214.0" POSITION_X="1193.1157996247189" POSITION_Y="188.04304765503764" FRAME="214" CELL_DIVISION_TIME="107.0" POSITION_Z="288.8325434741011" />
        <Spot ID="180006" name="ID180006" VISIBILITY="1" RADIUS="6.830134553650705" QUALITY="95.26744079589844" SOURCE_ID="0" POSITION_T="214.0" POSITION_X="1151.172199385373" POSITION_Y="308.9234164845832" FRAME="214" POSITION_Z="299.95981305981104" />
        <Spot ID="125956" name="ID125956" VISIBILITY="1" RADIUS="6.209213230591548" QUALITY="-1.0" SOURCE_ID="0" POSITION_T="214.0" POSITION_X="1117.1695743267283" POSITION_Y="377.43619595128166" FRAME="214" POSITION_Z="223.78070441886422" />
        <Spot ID="171623" name="ID171623" VISIBILITY="1" RADIUS="7.513148009015776" QUALITY="200.84487915039062" SOURCE_ID="0" POSITION_T="214.0" POSITION_X="1174.1705293567938" POSITION_Y="355.41925636552605" FRAME="214" CELL_DIVISION_TIME="205.0" POSITION_Z="282.2171068207921" />
        <Spot ID="157870" name="ID157870" VISIBILITY="1" RADIUS="6.20921323059155" QUALITY="-1.0" SOURCE_ID="0" POSITION_T="214.0" POSITION_X="1138.330080815826" POSITION_Y="360.4647796544515" FRAME="214" POSITION_Z="228.22698721022954" />
        <Spot ID="105727" name="ID105727" VISIBILITY="1" RADIUS="5.644739300537773" QUALITY="-1.0" SOURCE_ID="0" POSITION_T="214.0" POSITION_X="1140.9159699561887" POSITION_Y="184.95984775138047" FRAME="214" POSITION_Z="248.00101614325735" />
        <Spot ID="151436" name="ID151436" VISIBILITY="1" RADIUS="6.20921323059155" QUALITY="143.31407165527344" SOURCE_ID="0" POSITION_T="214.0" POSITION_X="1100.6498198974057" POSITION_Y="369.4213971216413" FRAME="214" POSITION_Z="251.4976195678912" />
      </SpotsInFrame>
      <SpotsInFrame frame="215">
        <Spot ID="141271" name="ID141271" VISIBILITY="1" RADIUS="7.513148009015771" QUALITY="281.990966796875" SOURCE_ID="0" POSITION_T="215.0" POSITION_X="1156.473012353667" POSITION_Y="404.14200586379627" FRAME="215" CELL_DIVISION_TIME="187.0" POSITION_Z="285.32626117038546" />
        <Spot ID="180023" name="ID180023" VISIBILITY="1" RADIUS="6.830134553650705" QUALITY="137.05783081054688" SOURCE_ID="0" POSITION_T="215.0" POSITION_X="1151.7494173091839" POSITION_Y="309.3515571763714" FRAME="215" POSITION_Z="301.12770730619405" />
        <Spot ID="125942" name="ID125942" VISIBILITY="1" RADIUS="6.209213230591548" QUALITY="-1.0" SOURCE_ID="0" POSITION_T="215.0" POSITION_X="1117.1695743267283" POSITION_Y="380.6983061189176" FRAME="215" POSITION_Z="224.75933746915496" />
        <Spot ID="171643" name="ID171643" VISIBILITY="1" RADIUS="7.513148009015776" QUALITY="204.78956604003906" SOURCE_ID="0" POSITION_T="215.0" POSITION_X="1174.6500724914993" POSITION_Y="356.283343529077" FRAME="215" CELL_DIVISION_TIME="205.0" POSITION_Z="282.32416426588236" />
        <Spot ID="157785" name="ID157785" VISIBILITY="1" RADIUS="6.20921323059155" QUALITY="-1.0" SOURCE_ID="0" POSITION_T="215.0" POSITION_X="1139.7705497507561" POSITION_Y="360.4647796544514" FRAME="215" POSITION_Z="228.70714352187292" />
        <Spot ID="151454" name="ID151454" VISIBILITY="1" RADIUS="6.20921323059155" QUALITY="111.49221801757812" SOURCE_ID="0" POSITION_T="215.0" POSITION_X="1102.6339368876675" POSITION_Y="369.42139712164123" FRAME="215" POSITION_Z="249.31509087860286" />
        <Spot ID="105486" name="ID105486" VISIBILITY="1" RADIUS="5.644739300537773" QUALITY="-1.0" SOURCE_ID="0" POSITION_T="215.0" POSITION_X="1142.2203447088846" POSITION_Y="187.0599186039041" FRAME="215" POSITION_Z="249.91328442338488" />
        <Spot ID="117374" name="ID117374" VISIBILITY="1" RADIUS="7.513148009015771" QUALITY="324.4483642578125" SOURCE_ID="0" POSITION_T="215.0" POSITION_X="1193.8794299594153" POSITION_Y="188.80667798973423" FRAME="215" CELL_DIVISION_TIME="107.0" POSITION_Z="288.8325434741011" />
      </SpotsInFrame>
      <SpotsInFrame frame="216">
        <Spot ID="171682" name="ID171682" VISIBILITY="1" RADIUS="7.513148009015776" QUALITY="170.6346435546875" SOURCE_ID="0" POSITION_T="216.0" POSITION_X="1174.7564025081415" POSITION_Y="356.62083889954454" FRAME="216" CELL_DIVISION_TIME="205.0" POSITION_Z="283.55730198308936" />
        <Spot ID="125941" name="ID125941" VISIBILITY="1" RADIUS="6.209213230591548" QUALITY="-1.0" SOURCE_ID="0" POSITION_T="216.0" POSITION_X="1116.0515431536985" POSITION_Y="377.7168896575063" FRAME="216" POSITION_Z="224.75933746915496" />
        <Spot ID="141286" name="ID141286" VISIBILITY="1" RADIUS="7.513148009015771" QUALITY="367.50360107421875" SOURCE_ID="0" POSITION_T="216.0" POSITION_X="1155.70260722584" POSITION_Y="403.02343870821716" FRAME="216" CELL_DIVISION_TIME="187.0" POSITION_Z="289.29023167279934" />
        <Spot ID="117383" name="ID117383" VISIBILITY="1" RADIUS="7.513148009015771" QUALITY="271.7625427246094" SOURCE_ID="0" POSITION_T="216.0" POSITION_X="1194.388516849213" POSITION_Y="188.2975910999365" FRAME="216" CELL_DIVISION_TIME="107.0" POSITION_Z="288.8325434741011" />
        <Spot ID="151476" name="ID151476" VISIBILITY="1" RADIUS="6.20921323059155" QUALITY="112.09712219238281" SOURCE_ID="0" POSITION_T="216.0" POSITION_X="1102.6339368876672" POSITION_Y="371.2071024128772" FRAME="216" POSITION_Z="251.49761956789123" />
        <Spot ID="180052" name="ID180052" VISIBILITY="1" RADIUS="6.830134553650705" QUALITY="169.508056640625" SOURCE_ID="0" POSITION_T="216.0" POSITION_X="1153.0514744298287" POSITION_Y="312.3954636412409" FRAME="216" POSITION_Z="298.7543933125007" />
        <Spot ID="105480" name="ID105480" VISIBILITY="1" RADIUS="5.644739300537773" QUALITY="-1.0" SOURCE_ID="0" POSITION_T="216.0" POSITION_X="1142.2203447088846" POSITION_Y="185.8588689512747" FRAME="216" POSITION_Z="248.28222933956695" />
        <Spot ID="157758" name="ID157758" VISIBILITY="1" RADIUS="6.20921323059155" QUALITY="-1.0" SOURCE_ID="0" POSITION_T="216.0" POSITION_X="1140.4983858797666" POSITION_Y="358.394795863416" FRAME="216" POSITION_Z="230.8361010524241" />
      </SpotsInFrame>
      <SpotsInFrame frame="217">
        <Spot ID="151618" name="ID151618" VISIBILITY="1" RADIUS="6.20921323059155" QUALITY="-1.0" SOURCE_ID="0" POSITION_T="217.0" POSITION_X="1101.185866291191" POSITION_Y="371.20710241287725" FRAME="217" POSITION_Z="251.49761956789126" />
        <Spot ID="117397" name="ID117397" VISIBILITY="1" RADIUS="7.513148009015771" QUALITY="289.1531066894531" SOURCE_ID="0" POSITION_T="217.0" POSITION_X="1193.1157996247186" POSITION_Y="187.27941732034105" FRAME="217" CELL_DIVISION_TIME="107.0" POSITION_Z="288.8325434741011" />
        <Spot ID="141302" name="ID141302" VISIBILITY="1" RADIUS="7.513148009015771" QUALITY="347.4110107421875" SOURCE_ID="0" POSITION_T="217.0" POSITION_X="1155.444119629563" POSITION_Y="402.48737560079434" FRAME="217" CELL_DIVISION_TIME="187.0" POSITION_Z="290.1134484140264" />
        <Spot ID="180069" name="ID180069" VISIBILITY="1" RADIUS="6.830134553650705" QUALITY="192.04229736328125" SOURCE_ID="0" POSITION_T="217.0" POSITION_X="1152.246936436034" POSITION_Y="311.13671162482046" FRAME="217" POSITION_Z="299.8185453263518" />
        <Spot ID="105469" name="ID105469" VISIBILITY="1" RADIUS="5.644739300537773" QUALITY="-1.0" SOURCE_ID="0" POSITION_T="217.0" POSITION_X="1141.6734160686265" POSITION_Y="184.71132935212702" FRAME="217" POSITION_Z="247.31596709112148" />
        <Spot ID="125919" name="ID125919" VISIBILITY="1" RADIUS="6.209213230591548" QUALITY="-1.0" SOURCE_ID="0" POSITION_T="217.0" POSITION_X="1118.2876054997569" POSITION_Y="378.83492083053557" FRAME="217" POSITION_Z="224.75933746915496" />
        <Spot ID="157708" name="ID157708" VISIBILITY="1" RADIUS="6.20921323059155" QUALITY="-1.0" SOURCE_ID="0" POSITION_T="217.0" POSITION_X="1140.4983858797666" POSITION_Y="360.9741479507568" FRAME="217" POSITION_Z="229.24880746021432" />
        <Spot ID="171693" name="ID171693" VISIBILITY="1" RADIUS="7.513148009015776" QUALITY="178.84378051757812" SOURCE_ID="0" POSITION_T="217.0" POSITION_X="1172.4507687427056" POSITION_Y="355.19808912654395" FRAME="217" CELL_DIVISION_TIME="205.0" POSITION_Z="281.07574095472364" />
      </SpotsInFrame>
      <SpotsInFrame frame="218">
        <Spot ID="141315" name="ID141315" VISIBILITY="1" RADIUS="7.513148009015771" QUALITY="390.28369140625" SOURCE_ID="0" POSITION_T="218.0" POSITION_X="1154.5352507106738" POSITION_Y="402.933656095314" FRAME="218" CELL_DIVISION_TIME="187.0" POSITION_Z="290.05349770358555" />
        <Spot ID="105459" name="ID105459" VISIBILITY="1" RADIUS="5.644739300537773" QUALITY="-1.0" SOURCE_ID="0" POSITION_T="218.0" POSITION_X="1144.6322986123278" POSITION_Y="187.20789820077584" FRAME="218" POSITION_Z="245.26043431325274" />
        <Spot ID="171718" name="ID171718" VISIBILITY="1" RADIUS="7.513148009015776" QUALITY="214.6026611328125" SOURCE_ID="0" POSITION_T="218.0" POSITION_X="1171.08435903671" POSITION_Y="353.5722750798177" FRAME="218" CELL_DIVISION_TIME="205.0" POSITION_Z="280.42405974458114" />
        <Spot ID="180087" name="ID180087" VISIBILITY="1" RADIUS="6.830134553650705" QUALITY="142.87078857421875" SOURCE_ID="0" POSITION_T="218.0" POSITION_X="1154.0146067937574" POSITION_Y="312.57444555190904" FRAME="218" POSITION_Z="300.70136917319996" />
        <Spot ID="151620" name="ID151620" VISIBILITY="1" RADIUS="6.20921323059155" QUALITY="-1.0" SOURCE_ID="0" POSITION_T="218.0" POSITION_X="1102.5747481843737" POSITION_Y="371.20710241287713" FRAME="218" POSITION_Z="249.71191427665525" />
        <Spot ID="125901" name="ID125901" VISIBILITY="1" RADIUS="6.209213230591548" QUALITY="-1.0" SOURCE_ID="0" POSITION_T="218.0" POSITION_X="1117.1695743267276" POSITION_Y="379.58027494588845" FRAME="218" POSITION_Z="224.75933746915496" />
        <Spot ID="157695" name="ID157695" VISIBILITY="1" RADIUS="6.20921323059155" QUALITY="-1.0" SOURCE_ID="0" POSITION_T="218.0" POSITION_X="1140.4983858797666" POSITION_Y="362.1646181449141" FRAME="218" POSITION_Z="229.0503957611881" />
        <Spot ID="117407" name="ID117407" VISIBILITY="1" RADIUS="7.513148009015771" QUALITY="327.5904541015625" SOURCE_ID="0" POSITION_T="218.0" POSITION_X="1193.6248865145162" POSITION_Y="187.78850421013874" FRAME="218" CELL_DIVISION_TIME="107.0" POSITION_Z="288.8325434741011" />
      </SpotsInFrame>
      <SpotsInFrame frame="219">
        <Spot ID="105457" name="ID105457" VISIBILITY="1" RADIUS="5.644739300537773" QUALITY="-1.0" SOURCE_ID="0" POSITION_T="219.0" POSITION_X="1145.3959289470242" POSITION_Y="192.29876709875305" FRAME="219" POSITION_Z="245.2604343132528" />
        <Spot ID="141330" name="ID141330" VISIBILITY="1" RADIUS="7.513148009015771" QUALITY="407.91064453125" SOURCE_ID="0" POSITION_T="219.0" POSITION_X="1153.2214698358532" POSITION_Y="403.9486496037384" FRAME="219" CELL_DIVISION_TIME="187.0" POSITION_Z="290.0997478224591" />
        <Spot ID="125872" name="ID125872" VISIBILITY="1" RADIUS="6.209213230591548" QUALITY="-1.0" SOURCE_ID="0" POSITION_T="219.0" POSITION_X="1114.933511980669" POSITION_Y="382.9343684649762" FRAME="219" POSITION_Z="224.75933746915496" />
        <Spot ID="151640" name="ID151640" VISIBILITY="1" RADIUS="6.20921323059155" QUALITY="213.28590393066406" SOURCE_ID="0" POSITION_T="219.0" POSITION_X="1100.4239514688545" POSITION_Y="372.89880261810464" FRAME="219" POSITION_Z="247.80641653743132" />
        <Spot ID="157689" name="ID157689" VISIBILITY="1" RADIUS="6.20921323059155" QUALITY="-1.0" SOURCE_ID="0" POSITION_T="219.0" POSITION_X="1140.4983858797666" POSITION_Y="362.36302984394024" FRAME="219" POSITION_Z="232.2249829456075" />
        <Spot ID="171737" name="ID171737" VISIBILITY="1" RADIUS="7.513148009015776" QUALITY="188.2816162109375" SOURCE_ID="0" POSITION_T="219.0" POSITION_X="1170.1118497933414" POSITION_Y="353.88455995533684" FRAME="219" CELL_DIVISION_TIME="205.0" POSITION_Z="279.5275026635827" />
        <Spot ID="180105" name="ID180105" VISIBILITY="1" RADIUS="6.830134553650705" QUALITY="138.99227905273438" SOURCE_ID="0" POSITION_T="219.0" POSITION_X="1152.9534192803635" POSITION_Y="311.4908596448211" FRAME="219" POSITION_Z="300.24060171758583" />
        <Spot ID="117452" name="ID117452" VISIBILITY="1" RADIUS="7.513148009015771" QUALITY="277.18359375" SOURCE_ID="0" POSITION_T="219.0" POSITION_X="1194.341040662629" POSITION_Y="188.2387967124789" FRAME="219" CELL_DIVISION_TIME="107.0" POSITION_Z="285.16096671474725" />
      </SpotsInFrame>
      <SpotsInFrame frame="220">
        <Spot ID="105429" name="ID105429" VISIBILITY="1" RADIUS="5.644739300537773" QUALITY="-1.0" SOURCE_ID="0" POSITION_T="220.0" POSITION_X="1144.8874367670542" POSITION_Y="189.22883478543818" FRAME="220" POSITION_Z="240.32390597026597" />
        <Spot ID="141350" name="ID141350" VISIBILITY="1" RADIUS="7.513148009015771" QUALITY="425.01611328125" SOURCE_ID="0" POSITION_T="220.0" POSITION_X="1152.9786216200307" POSITION_Y="405.1156178067121" FRAME="220" CELL_DIVISION_TIME="187.0" POSITION_Z="289.4192045483686" />
        <Spot ID="157591" name="ID157591" VISIBILITY="1" RADIUS="6.20921323059155" QUALITY="-1.0" SOURCE_ID="0" POSITION_T="220.0" POSITION_X="1140.4983858797666" POSITION_Y="365.33920532933337" FRAME="220" POSITION_Z="233.81227653781718" />
        <Spot ID="125846" name="ID125846" VISIBILITY="1" RADIUS="6.209213230591548" QUALITY="-1.0" SOURCE_ID="0" POSITION_T="220.0" POSITION_X="1116.7968972690508" POSITION_Y="381.0709831765941" FRAME="220" POSITION_Z="224.75933746915496" />
        <Spot ID="117465" name="ID117465" VISIBILITY="1" RADIUS="7.513148009015771" QUALITY="300.0391845703125" SOURCE_ID="0" POSITION_T="220.0" POSITION_X="1193.5774103279323" POSITION_Y="188.7478836022766" FRAME="220" CELL_DIVISION_TIME="107.0" POSITION_Z="285.1609667147472" />
        <Spot ID="151658" name="ID151658" VISIBILITY="1" RADIUS="6.20921323059155" QUALITY="245.2383270263672" SOURCE_ID="0" POSITION_T="220.0" POSITION_X="1101.6470093473524" POSITION_Y="374.75404017384994" FRAME="220" POSITION_Z="244.1609636527865" />
        <Spot ID="171754" name="ID171754" VISIBILITY="1" RADIUS="7.513148009015776" QUALITY="174.07020568847656" SOURCE_ID="0" POSITION_T="220.0" POSITION_X="1164.7795092806787" POSITION_Y="353.7968795434181" FRAME="220" CELL_DIVISION_TIME="205.0" POSITION_Z="275.45252454176483" />
        <Spot ID="180127" name="ID180127" VISIBILITY="1" RADIUS="6.830134553650705" QUALITY="107.521484375" SOURCE_ID="0" POSITION_T="220.0" POSITION_X="1152.4548554845421" POSITION_Y="311.6028851659616" FRAME="220" POSITION_Z="297.7397916489956" />
      </SpotsInFrame>
      <SpotsInFrame frame="221">
        <Spot ID="151682" name="ID151682" VISIBILITY="1" RADIUS="6.20921323059155" QUALITY="211.1614227294922" SOURCE_ID="0" POSITION_T="221.0" POSITION_X="1097.3027975579234" POSITION_Y="373.74572637581264" FRAME="221" POSITION_Z="242.772081759603" />
        <Spot ID="141361" name="ID141361" VISIBILITY="1" RADIUS="7.513148009015771" QUALITY="419.0912170410156" SOURCE_ID="0" POSITION_T="221.0" POSITION_X="1151.5386122374582" POSITION_Y="404.80920246602085" FRAME="221" CELL_DIVISION_TIME="187.0" POSITION_Z="290.3796104519022" />
        <Spot ID="171782" name="ID171782" VISIBILITY="1" RADIUS="7.513148009015776" QUALITY="175.92958068847656" SOURCE_ID="0" POSITION_T="221.0" POSITION_X="1161.7188331467755" POSITION_Y="354.2302139181512" FRAME="221" CELL_DIVISION_TIME="205.0" POSITION_Z="274.8229250193198" />
        <Spot ID="104647" name="ID104647" VISIBILITY="1" RADIUS="5.644739300537773" QUALITY="-1.0" SOURCE_ID="0" POSITION_T="221.0" POSITION_X="1144.6232012376747" POSITION_Y="189.0802011846959" FRAME="221" POSITION_Z="239.71068761145332" />
        <Spot ID="117479" name="ID117479" VISIBILITY="1" RADIUS="7.513148009015771" QUALITY="253.4347381591797" SOURCE_ID="0" POSITION_T="221.0" POSITION_X="1190.8064179575413" POSITION_Y="189.88016122622003" FRAME="221" CELL_DIVISION_TIME="107.0" POSITION_Z="291.2599912426928" />
        <Spot ID="125832" name="ID125832" VISIBILITY="1" RADIUS="6.209213230591548" QUALITY="-1.0" SOURCE_ID="0" POSITION_T="221.0" POSITION_X="1112.3247725769334" POSITION_Y="379.952952003565" FRAME="221" POSITION_Z="224.75933746915496" />
        <Spot ID="180152" name="ID180152" VISIBILITY="1" RADIUS="6.830134553650705" QUALITY="132.0298309326172" SOURCE_ID="0" POSITION_T="221.0" POSITION_X="1151.358081463734" POSITION_Y="315.0567414427053" FRAME="221" POSITION_Z="299.77454344030707" />
        <Spot ID="157582" name="ID157582" VISIBILITY="1" RADIUS="6.20921323059155" QUALITY="-1.0" SOURCE_ID="0" POSITION_T="221.0" POSITION_X="1133.9820681956242" POSITION_Y="364.6151700310953" FRAME="221" POSITION_Z="233.8122765378172" />
      </SpotsInFrame>
      <SpotsInFrame frame="222">
        <Spot ID="104576" name="ID104576" VISIBILITY="1" RADIUS="6.20921323059155" QUALITY="-1.0" SOURCE_ID="0" POSITION_T="222.0" POSITION_X="1143.6050274580793" POSITION_Y="189.33474462959478" FRAME="222" POSITION_Z="239.71068761145335" />
        <Spot ID="117491" name="ID117491" VISIBILITY="1" RADIUS="7.513148009015771" QUALITY="303.9412536621094" SOURCE_ID="0" POSITION_T="222.0" POSITION_X="1190.806417957541" POSITION_Y="190.6437915609166" FRAME="222" CELL_DIVISION_TIME="107.0" POSITION_Z="291.2599912426928" />
        <Spot ID="157574" name="ID157574" VISIBILITY="1" RADIUS="6.20921323059155" QUALITY="-1.0" SOURCE_ID="0" POSITION_T="222.0" POSITION_X="1133.9820681956242" POSITION_Y="363.22628813791175" FRAME="222" POSITION_Z="229.84404255729288" />
        <Spot ID="171800" name="ID171800" VISIBILITY="1" RADIUS="7.513148009015776" QUALITY="180.2694091796875" SOURCE_ID="0" POSITION_T="222.0" POSITION_X="1161.0143324646542" POSITION_Y="354.40633627017513" FRAME="222" CELL_DIVISION_TIME="205.0" POSITION_Z="276.79284183449295" />
        <Spot ID="141374" name="ID141374" VISIBILITY="1" RADIUS="7.513148009015771" QUALITY="414.35406494140625" SOURCE_ID="0" POSITION_T="222.0" POSITION_X="1150.707040970864" POSITION_Y="405.02533704920523" FRAME="222" CELL_DIVISION_TIME="187.0" POSITION_Z="288.89337216372996" />
        <Spot ID="151694" name="ID151694" VISIBILITY="1" RADIUS="6.20921323059155" QUALITY="173.2606964111328" SOURCE_ID="0" POSITION_T="222.0" POSITION_X="1096.3107390627922" POSITION_Y="373.5473146767864" FRAME="222" POSITION_Z="242.37525836155058" />
        <Spot ID="125820" name="ID125820" VISIBILITY="1" RADIUS="6.209213230591548" QUALITY="-1.0" SOURCE_ID="0" POSITION_T="222.0" POSITION_X="1113.2539892759498" POSITION_Y="378.38570288500523" FRAME="222" POSITION_Z="225.60079098354234" />
        <Spot ID="180175" name="ID180175" VISIBILITY="1" RADIUS="6.830134553650705" QUALITY="204.696044921875" SOURCE_ID="0" POSITION_T="222.0" POSITION_X="1149.2770152625428" POSITION_Y="315.23432004529724" FRAME="222" POSITION_Z="299.2338513541366" />
      </SpotsInFrame>
      <SpotsInFrame frame="223">
        <Spot ID="180199" name="ID180199" VISIBILITY="1" RADIUS="6.830134553650705" QUALITY="124.79228973388672" SOURCE_ID="0" POSITION_T="223.0" POSITION_X="1150.988884887961" POSITION_Y="316.7354005770047" FRAME="223" POSITION_Z="299.51914505768974" />
        <Spot ID="151716" name="ID151716" VISIBILITY="1" RADIUS="6.20921323059155" QUALITY="150.8922882080078" SOURCE_ID="0" POSITION_T="223.0" POSITION_X="1095.91391566474" POSITION_Y="370.60824008344775" FRAME="223" POSITION_Z="242.77208175960297" />
        <Spot ID="157541" name="ID157541" VISIBILITY="1" RADIUS="6.20921323059155" QUALITY="-1.0" SOURCE_ID="0" POSITION_T="223.0" POSITION_X="1136.5731984971828" POSITION_Y="366.6638301197271" FRAME="223" POSITION_Z="231.65645068532802" />
        <Spot ID="171819" name="ID171819" VISIBILITY="1" RADIUS="7.513148009015776" QUALITY="92.91372680664062" SOURCE_ID="0" POSITION_T="223.0" POSITION_X="1159.8139416855452" POSITION_Y="354.4063362701752" FRAME="223" CELL_DIVISION_TIME="205.0" POSITION_Z="276.3126855228495" />
        <Spot ID="104475" name="ID104475" VISIBILITY="1" RADIUS="6.20921323059155" QUALITY="-1.0" SOURCE_ID="0" POSITION_T="223.0" POSITION_X="1144.0526056240317" POSITION_Y="192.66299966146096" FRAME="223" POSITION_Z="241.76381952022038" />
        <Spot ID="125819" name="ID125819" VISIBILITY="1" RADIUS="6.209213230591548" QUALITY="-1.0" SOURCE_ID="0" POSITION_T="223.0" POSITION_X="1112.3247725769324" POSITION_Y="379.95295200356475" FRAME="223" POSITION_Z="224.75933746915476" />
        <Spot ID="141385" name="ID141385" VISIBILITY="1" RADIUS="7.513148009015771" QUALITY="364.2359619140625" SOURCE_ID="0" POSITION_T="223.0" POSITION_X="1149.3035588335788" POSITION_Y="406.15667438410384" FRAME="223" CELL_DIVISION_TIME="187.0" POSITION_Z="287.97405803131574" />
        <Spot ID="117503" name="ID117503" VISIBILITY="1" RADIUS="7.513148009015771" QUALITY="292.3924865722656" SOURCE_ID="0" POSITION_T="223.0" POSITION_X="1190.2072304334533" POSITION_Y="191.99010885723158" FRAME="223" CELL_DIVISION_TIME="107.0" POSITION_Z="291.22868621271874" />
      </SpotsInFrame>
      <SpotsInFrame frame="224">
        <Spot ID="141395" name="ID141395" VISIBILITY="1" RADIUS="7.513148009015771" QUALITY="358.73443603515625" SOURCE_ID="0" POSITION_T="224.0" POSITION_X="1149.6610268766776" POSITION_Y="407.0219468240289" FRAME="224" CELL_DIVISION_TIME="187.0" POSITION_Z="284.7905490567408" />
        <Spot ID="104453" name="ID104453" VISIBILITY="1" RADIUS="6.20921323059155" QUALITY="-1.0" SOURCE_ID="0" POSITION_T="224.0" POSITION_X="1143.7216958543206" POSITION_Y="193.70650841819338" FRAME="224" POSITION_Z="241.0665464762857" />
        <Spot ID="157514" name="ID157514" VISIBILITY="1" RADIUS="6.20921323059155" QUALITY="-1.0" SOURCE_ID="0" POSITION_T="224.0" POSITION_X="1136.5731984971828" POSITION_Y="365.87018332362226" FRAME="224" POSITION_Z="229.47392199603968" />
        <Spot ID="171832" name="ID171832" VISIBILITY="1" RADIUS="7.513148009015776" QUALITY="120.37831115722656" SOURCE_ID="0" POSITION_T="224.0" POSITION_X="1163.4341181767359" POSITION_Y="357.3024774631274" FRAME="224" CELL_DIVISION_TIME="205.0" POSITION_Z="276.31268552284945" />
        <Spot ID="117674" name="ID117674" VISIBILITY="1" RADIUS="7.513148009015771" QUALITY="282.5955810546875" SOURCE_ID="0" POSITION_T="224.0" POSITION_X="1191.2254042130485" POSITION_Y="192.49919574702926" FRAME="224" CELL_DIVISION_TIME="107.0" POSITION_Z="291.2286862127187" />
        <Spot ID="125818" name="ID125818" VISIBILITY="1" RADIUS="6.209213230591548" QUALITY="-1.0" SOURCE_ID="0" POSITION_T="224.0" POSITION_X="1112.261815428593" POSITION_Y="378.4316926481578" FRAME="224" POSITION_Z="224.96647411360044" />
        <Spot ID="151865" name="ID151865" VISIBILITY="1" RADIUS="6.20921323059155" QUALITY="139.48707580566406" SOURCE_ID="0" POSITION_T="224.0" POSITION_X="1096.1552607641527" POSITION_Y="371.5736204810985" FRAME="224" POSITION_Z="242.77208175960297" />
        <Spot ID="180220" name="ID180220" VISIBILITY="1" RADIUS="6.830134553650705" QUALITY="98.82695770263672" SOURCE_ID="0" POSITION_T="224.0" POSITION_X="1150.9964865495065" POSITION_Y="318.9075064717189" FRAME="224" POSITION_Z="298.0786761227594" />
      </SpotsInFrame>
      <SpotsInFrame frame="225">
        <Spot ID="104451" name="ID104451" VISIBILITY="1" RADIUS="6.20921323059155" QUALITY="-1.0" SOURCE_ID="0" POSITION_T="225.0" POSITION_X="1144.1683893961049" POSITION_Y="194.57753569739862" FRAME="225" POSITION_Z="240.48549254984778" />
        <Spot ID="117685" name="ID117685" VISIBILITY="1" RADIUS="7.513148009015771" QUALITY="300.0969543457031" SOURCE_ID="0" POSITION_T="225.0" POSITION_X="1191.4799476579472" POSITION_Y="191.48102196743383" FRAME="225" CELL_DIVISION_TIME="107.0" POSITION_Z="291.2286862127187" />
        <Spot ID="141412" name="ID141412" VISIBILITY="1" RADIUS="7.513148009015771" QUALITY="410.1676025390625" SOURCE_ID="0" POSITION_T="225.0" POSITION_X="1148.5611404376314" POSITION_Y="405.4995127889035" FRAME="225" CELL_DIVISION_TIME="187.0" POSITION_Z="285.4810398443479" />
        <Spot ID="125814" name="ID125814" VISIBILITY="1" RADIUS="6.209213230591548" QUALITY="-1.0" SOURCE_ID="0" POSITION_T="225.0" POSITION_X="1111.1460565962618" POSITION_Y="379.18687746198344" FRAME="225" POSITION_Z="224.1389685046926" />
        <Spot ID="171851" name="ID171851" VISIBILITY="1" RADIUS="7.513148009015776" QUALITY="175.42013549804688" SOURCE_ID="0" POSITION_T="225.0" POSITION_X="1164.6408436737997" POSITION_Y="357.30247746312745" FRAME="225" CELL_DIVISION_TIME="205.0" POSITION_Z="276.3126855228494" />
        <Spot ID="157496" name="ID157496" VISIBILITY="1" RADIUS="6.20921323059155" QUALITY="-1.0" SOURCE_ID="0" POSITION_T="225.0" POSITION_X="1136.0905082983584" POSITION_Y="364.09490082696084" FRAME="225" POSITION_Z="229.6723336950658" />
        <Spot ID="151886" name="ID151886" VISIBILITY="1" RADIUS="6.20921323059155" QUALITY="151.1949005126953" SOURCE_ID="0" POSITION_T="225.0" POSITION_X="1094.7071901676766" POSITION_Y="370.84958518286044" FRAME="225" POSITION_Z="242.77208175960297" />
        <Spot ID="180239" name="ID180239" VISIBILITY="1" RADIUS="6.830134553650705" QUALITY="121.40335083007812" SOURCE_ID="0" POSITION_T="225.0" POSITION_X="1153.5890636330653" POSITION_Y="317.10880663771917" FRAME="225" POSITION_Z="301.0548516081526" />
      </SpotsInFrame>
      <SpotsInFrame frame="226">
        <Spot ID="117697" name="ID117697" VISIBILITY="1" RADIUS="7.513148009015771" QUALITY="299.5462951660156" SOURCE_ID="0" POSITION_T="226.0" POSITION_X="1190.01487814374" POSITION_Y="193.00828263682698" FRAME="226" CELL_DIVISION_TIME="107.0" POSITION_Z="286.1009429129939" />
        <Spot ID="171906" name="ID171906" VISIBILITY="1" RADIUS="7.513148009015776" QUALITY="188.35206604003906" SOURCE_ID="0" POSITION_T="226.0" POSITION_X="1162.9514279779112" POSITION_Y="356.0957519660641" FRAME="226" CELL_DIVISION_TIME="205.0" POSITION_Z="276.31268552284934" />
        <Spot ID="104339" name="ID104339" VISIBILITY="1" RADIUS="6.20921323059155" QUALITY="-1.0" SOURCE_ID="0" POSITION_T="226.0" POSITION_X="1142.3283714314691" POSITION_Y="195.3321406678992" FRAME="226" POSITION_Z="239.97912413112812" />
        <Spot ID="141424" name="ID141424" VISIBILITY="1" RADIUS="7.513148009015771" QUALITY="433.34625244140625" SOURCE_ID="0" POSITION_T="226.0" POSITION_X="1148.8956342531887" POSITION_Y="406.8137988669244" FRAME="226" CELL_DIVISION_TIME="187.0" POSITION_Z="286.01597951070244" />
        <Spot ID="125810" name="ID125810" VISIBILITY="1" RADIUS="6.209213230591548" QUALITY="-1.0" SOURCE_ID="0" POSITION_T="226.0" POSITION_X="1109.598329519565" POSITION_Y="378.2859087559984" FRAME="226" POSITION_Z="225.59274897635714" />
        <Spot ID="151905" name="ID151905" VISIBILITY="1" RADIUS="6.20921323059155" QUALITY="162.0656280517578" SOURCE_ID="0" POSITION_T="226.0" POSITION_X="1095.6725705653273" POSITION_Y="370.36689498403507" FRAME="226" POSITION_Z="242.77208175960297" />
        <Spot ID="180346" name="ID180346" VISIBILITY="1" RADIUS="6.830134553650705" QUALITY="111.98867797851562" SOURCE_ID="0" POSITION_T="226.0" POSITION_X="1151.293042077335" POSITION_Y="315.2653213233571" FRAME="226" POSITION_Z="302.2029517024494" />
        <Spot ID="157487" name="ID157487" VISIBILITY="1" RADIUS="6.20921323059155" QUALITY="-1.0" SOURCE_ID="0" POSITION_T="226.0" POSITION_X="1136.3318533977713" POSITION_Y="365.542971423437" FRAME="226" POSITION_Z="229.6723336950658" />
      </SpotsInFrame>
      <SpotsInFrame frame="227">
        <Spot ID="151922" name="ID151922" VISIBILITY="1" RADIUS="6.20921323059155" QUALITY="171.8771209716797" SOURCE_ID="0" POSITION_T="227.0" POSITION_X="1097.6566875555893" POSITION_Y="368.6078677902794" FRAME="227" POSITION_Z="242.3810908698824" />
        <Spot ID="171922" name="ID171922" VISIBILITY="1" RADIUS="7.513148009015776" QUALITY="187.002685546875" SOURCE_ID="0" POSITION_T="227.0" POSITION_X="1160.5379769837846" POSITION_Y="357.7851676619529" FRAME="227" CELL_DIVISION_TIME="205.0" POSITION_Z="276.3126855228493" />
        <Spot ID="141434" name="ID141434" VISIBILITY="1" RADIUS="7.513148009015771" QUALITY="414.2419738769531" SOURCE_ID="0" POSITION_T="227.0" POSITION_X="1147.8327374850471" POSITION_Y="408.1332428848293" FRAME="227" CELL_DIVISION_TIME="187.0" POSITION_Z="285.3000384113458" />
        <Spot ID="104216" name="ID104216" VISIBILITY="1" RADIUS="6.830134553650706" QUALITY="-1.0" SOURCE_ID="0" POSITION_T="227.0" POSITION_X="1144.3701944414609" POSITION_Y="196.2474741187917" FRAME="227" POSITION_Z="238.81238939242422" />
        <Spot ID="157435" name="ID157435" VISIBILITY="1" RADIUS="6.20921323059155" QUALITY="-1.0" SOURCE_ID="0" POSITION_T="227.0" POSITION_X="1134.1711499953758" POSITION_Y="365.542971423437" FRAME="227" POSITION_Z="230.15249000670934" />
        <Spot ID="125788" name="ID125788" VISIBILITY="1" RADIUS="6.209213230591548" QUALITY="-1.0" SOURCE_ID="0" POSITION_T="227.0" POSITION_X="1109.7997295741773" POSITION_Y="379.3172100537048" FRAME="227" POSITION_Z="227.17828326640574" />
        <Spot ID="180367" name="ID180367" VISIBILITY="1" RADIUS="6.830134553650705" QUALITY="80.82630157470703" SOURCE_ID="0" POSITION_T="227.0" POSITION_X="1152.2584224749858" POSITION_Y="316.4720468204205" FRAME="227" POSITION_Z="302.20295170244935" />
        <Spot ID="117710" name="ID117710" VISIBILITY="1" RADIUS="7.513148009015771" QUALITY="274.6766357421875" SOURCE_ID="0" POSITION_T="227.0" POSITION_X="1193.5969235731973" POSITION_Y="193.77191297152362" FRAME="227" CELL_DIVISION_TIME="107.0" POSITION_Z="282.07200174892444" />
      </SpotsInFrame>
      <SpotsInFrame frame="228">
        <Spot ID="180386" name="ID180386" VISIBILITY="1" RADIUS="6.830134553650705" QUALITY="60.89942932128906" SOURCE_ID="0" POSITION_T="228.0" POSITION_X="1150.5778753842337" POSITION_Y="316.47204682042053" FRAME="228" POSITION_Z="302.68310801409285" />
        <Spot ID="171943" name="ID171943" VISIBILITY="1" RADIUS="7.513148009015776" QUALITY="223.5574188232422" SOURCE_ID="0" POSITION_T="228.0" POSITION_X="1158.6072161884833" POSITION_Y="358.7505480596037" FRAME="228" CELL_DIVISION_TIME="205.0" POSITION_Z="276.3126855228492" />
        <Spot ID="117719" name="ID117719" VISIBILITY="1" RADIUS="7.513148009015771" QUALITY="237.40744018554688" SOURCE_ID="0" POSITION_T="228.0" POSITION_X="1193.1065745928854" POSITION_Y="191.22410231446543" FRAME="228" CELL_DIVISION_TIME="107.0" POSITION_Z="282.6148635676104" />
        <Spot ID="141445" name="ID141445" VISIBILITY="1" RADIUS="7.513148009015771" QUALITY="373.3829650878906" SOURCE_ID="0" POSITION_T="228.0" POSITION_X="1146.7040425783807" POSITION_Y="408.1604052153699" FRAME="228" CELL_DIVISION_TIME="187.0" POSITION_Z="286.1760375559408" />
        <Spot ID="125785" name="ID125785" VISIBILITY="1" RADIUS="6.209213230591548" QUALITY="-1.0" SOURCE_ID="0" POSITION_T="228.0" POSITION_X="1109.7997295741773" POSITION_Y="379.48916217231107" FRAME="228" POSITION_Z="227.5016781666408" />
        <Spot ID="157434" name="ID157434" VISIBILITY="1" RADIUS="6.20921323059155" QUALITY="-1.0" SOURCE_ID="0" POSITION_T="228.0" POSITION_X="1134.8951852936145" POSITION_Y="367.34493201757914" FRAME="228" POSITION_Z="228.16837301644716" />
        <Spot ID="104205" name="ID104205" VISIBILITY="1" RADIUS="6.830134553650706" QUALITY="-1.0" SOURCE_ID="0" POSITION_T="228.0" POSITION_X="1143.271392305806" POSITION_Y="195.9212631020282" FRAME="228" POSITION_Z="240.19734618305495" />
        <Spot ID="151948" name="ID151948" VISIBILITY="1" RADIUS="6.20921323059155" QUALITY="135.4148406982422" SOURCE_ID="0" POSITION_T="228.0" POSITION_X="1095.2757471672746" POSITION_Y="367.2189858970958" FRAME="228" POSITION_Z="244.76203125819697" />
      </SpotsInFrame>
      <SpotsInFrame frame="229">
        <Spot ID="104115" name="ID104115" VISIBILITY="1" RADIUS="6.830134553650706" QUALITY="-1.0" SOURCE_ID="0" POSITION_T="229.0" POSITION_X="1143.2713923058059" POSITION_Y="196.24747411879176" FRAME="229" POSITION_Z="239.54492414952773" />
        <Spot ID="180484" name="ID180484" VISIBILITY="1" RADIUS="6.830134553650705" QUALITY="-1.0" SOURCE_ID="0" POSITION_T="229.0" POSITION_X="1147.2167812027296" POSITION_Y="316.4720468204206" FRAME="229" POSITION_Z="299.3220138325888" />
        <Spot ID="141461" name="ID141461" VISIBILITY="1" RADIUS="7.513148009015771" QUALITY="261.63446044921875" SOURCE_ID="0" POSITION_T="229.0" POSITION_X="1143.4164716737105" POSITION_Y="407.3202172756631" FRAME="229" CELL_DIVISION_TIME="187.0" POSITION_Z="289.11675212728477" />
        <Spot ID="152629" name="ID152629" VISIBILITY="1" RADIUS="6.20921323059155" QUALITY="-1.0" SOURCE_ID="0" POSITION_T="229.0" POSITION_X="1095.8709822643534" POSITION_Y="367.2189858970958" FRAME="229" POSITION_Z="241.19062067572509" />
        <Spot ID="171957" name="ID171957" VISIBILITY="1" RADIUS="7.513148009015776" QUALITY="203.57501220703125" SOURCE_ID="0" POSITION_T="229.0" POSITION_X="1156.9178004925948" POSITION_Y="357.061132363715" FRAME="229" CELL_DIVISION_TIME="205.0" POSITION_Z="276.31268552284916" />
        <Spot ID="117833" name="ID117833" VISIBILITY="1" RADIUS="7.513148009015771" QUALITY="279.441650390625" SOURCE_ID="0" POSITION_T="229.0" POSITION_X="1192.374039835782" POSITION_Y="191.2241023144654" FRAME="229" CELL_DIVISION_TIME="107.0" POSITION_Z="286.2775373531281" />
        <Spot ID="125771" name="ID125771" VISIBILITY="1" RADIUS="6.209213230591548" QUALITY="-1.0" SOURCE_ID="0" POSITION_T="229.0" POSITION_X="1110.5251353533802" POSITION_Y="379.4072257959057" FRAME="229" POSITION_Z="227.13042104727964" />
        <Spot ID="157405" name="ID157405" VISIBILITY="1" RADIUS="6.20921323059155" QUALITY="-1.0" SOURCE_ID="0" POSITION_T="229.0" POSITION_X="1132.481734299488" POSITION_Y="365.1728261228651" FRAME="229" POSITION_Z="228.16837301644716" />
      </SpotsInFrame>
      <SpotsInFrame frame="230">
        <Spot ID="104065" name="ID104065" VISIBILITY="1" RADIUS="6.830134553650706" QUALITY="-1.0" SOURCE_ID="0" POSITION_T="230.0" POSITION_X="1144.3701944414615" POSITION_Y="196.2474741187918" FRAME="230" POSITION_Z="239.54492414952773" />
        <Spot ID="125733" name="ID125733" VISIBILITY="1" RADIUS="6.209213230591548" QUALITY="-1.0" SOURCE_ID="0" POSITION_T="230.0" POSITION_X="1110.8878382429816" POSITION_Y="379.28028154839996" FRAME="230" POSITION_Z="226.78309503748153" />
        <Spot ID="117844" name="ID117844" VISIBILITY="1" RADIUS="7.513148009015771" QUALITY="290.3214111328125" SOURCE_ID="0" POSITION_T="230.0" POSITION_X="1192.6834197035387" POSITION_Y="192.94737098545102" FRAME="230" CELL_DIVISION_TIME="107.0" POSITION_Z="286.9496481928651" />
        <Spot ID="171978" name="ID171978" VISIBILITY="1" RADIUS="7.513148009015776" QUALITY="188.91465759277344" SOURCE_ID="0" POSITION_T="230.0" POSITION_X="1155.2283847967062" POSITION_Y="357.7851676619531" FRAME="230" CELL_DIVISION_TIME="205.0" POSITION_Z="276.3126855228491" />
        <Spot ID="141480" name="ID141480" VISIBILITY="1" RADIUS="7.513148009015771" QUALITY="326.2862243652344" SOURCE_ID="0" POSITION_T="230.0" POSITION_X="1144.799243369084" POSITION_Y="411.8221340478413" FRAME="230" CELL_DIVISION_TIME="187.0" POSITION_Z="285.9623604974883" />
        <Spot ID="152670" name="ID152670" VISIBILITY="1" RADIUS="6.20921323059155" QUALITY="-1.0" SOURCE_ID="0" POSITION_T="230.0" POSITION_X="1093.7352645929143" POSITION_Y="366.2085940401653" FRAME="230" POSITION_Z="244.52796429969231" />
        <Spot ID="180510" name="ID180510" VISIBILITY="1" RADIUS="6.830134553650705" QUALITY="69.82962036132812" SOURCE_ID="0" POSITION_T="230.0" POSITION_X="1147.2167812027296" POSITION_Y="316.4720468204206" FRAME="230" POSITION_Z="304.1235769490233" />
        <Spot ID="157391" name="ID157391" VISIBILITY="1" RADIUS="6.20921323059155" QUALITY="-1.0" SOURCE_ID="0" POSITION_T="230.0" POSITION_X="1130.309628404774" POSITION_Y="365.85392802071675" FRAME="230" POSITION_Z="229.16043151157822" />
      </SpotsInFrame>
      <SpotsInFrame frame="231">
        <Spot ID="117857" name="ID117857" VISIBILITY="1" RADIUS="7.513148009015771" QUALITY="343.2320251464844" SOURCE_ID="0" POSITION_T="231.0" POSITION_X="1193.7321453844984" POSITION_Y="192.42229050740195" FRAME="231" CELL_DIVISION_TIME="107.0" POSITION_Z="285.96805321521896" />
        <Spot ID="153121" name="ID153121" VISIBILITY="1" RADIUS="6.20921323059155" QUALITY="-1.0" SOURCE_ID="0" POSITION_T="231.0" POSITION_X="1091.7586977668211" POSITION_Y="368.0930997345891" FRAME="231" POSITION_Z="241.69964702330662" />
        <Spot ID="157383" name="ID157383" VISIBILITY="1" RADIUS="6.20921323059155" QUALITY="-1.0" SOURCE_ID="0" POSITION_T="231.0" POSITION_X="1130.309628404774" POSITION_Y="364.8618695255856" FRAME="231" POSITION_Z="228.56519641449955" />
        <Spot ID="141493" name="ID141493" VISIBILITY="1" RADIUS="7.513148009015771" QUALITY="295.2232666015625" SOURCE_ID="0" POSITION_T="231.0" POSITION_X="1141.8022484828875" POSITION_Y="409.0725323426507" FRAME="231" CELL_DIVISION_TIME="187.0" POSITION_Z="288.038434956506" />
        <Spot ID="102793" name="ID102793" VISIBILITY="1" RADIUS="6.20921323059155" QUALITY="-1.0" SOURCE_ID="0" POSITION_T="231.0" POSITION_X="1148.0328682269794" POSITION_Y="196.24747411879184" FRAME="231" POSITION_Z="235.88225036401013" />
        <Spot ID="125705" name="ID125705" VISIBILITY="1" RADIUS="7.513148009015772" QUALITY="-1.0" SOURCE_ID="0" POSITION_T="231.0" POSITION_X="1110.076884728972" POSITION_Y="383.0193265247712" FRAME="231" POSITION_Z="228.7670524370709" />
        <Spot ID="172010" name="ID172010" VISIBILITY="1" RADIUS="7.513148009015776" QUALITY="172.104248046875" SOURCE_ID="0" POSITION_T="231.0" POSITION_X="1157.909798737391" POSITION_Y="360.34808683802356" FRAME="231" CELL_DIVISION_TIME="205.0" POSITION_Z="273.59227766054426" />
        <Spot ID="180525" name="ID180525" VISIBILITY="1" RADIUS="6.830134553650705" QUALITY="94.15711975097656" SOURCE_ID="0" POSITION_T="231.0" POSITION_X="1147.9370156701948" POSITION_Y="316.4720468204206" FRAME="231" POSITION_Z="304.36365510484507" />
      </SpotsInFrame>
      <SpotsInFrame frame="232">
        <Spot ID="153138" name="ID153138" VISIBILITY="1" RADIUS="6.20921323059155" QUALITY="-1.0" SOURCE_ID="0" POSITION_T="232.0" POSITION_X="1092.0105080107091" POSITION_Y="373.8175220645921" FRAME="232" POSITION_Z="248.41096619976304" />
        <Spot ID="125655" name="ID125655" VISIBILITY="1" RADIUS="7.513148009015772" QUALITY="-1.0" SOURCE_ID="0" POSITION_T="232.0" POSITION_X="1110.0768847289721" POSITION_Y="381.1842502459237" FRAME="232" POSITION_Z="229.09062589668974" />
        <Spot ID="102776" name="ID102776" VISIBILITY="1" RADIUS="6.20921323059155" QUALITY="-1.0" SOURCE_ID="0" POSITION_T="232.0" POSITION_X="1147.300333469876" POSITION_Y="196.2474741187919" FRAME="232" POSITION_Z="238.81238939242422" />
        <Spot ID="117869" name="ID117869" VISIBILITY="1" RADIUS="7.513148009015771" QUALITY="313.8639221191406" SOURCE_ID="0" POSITION_T="232.0" POSITION_X="1193.1397733817787" POSITION_Y="192.03034009065578" FRAME="232" CELL_DIVISION_TIME="107.0" POSITION_Z="282.3837814982131" />
        <Spot ID="180542" name="ID180542" VISIBILITY="1" RADIUS="6.830134553650705" QUALITY="130.06626892089844" SOURCE_ID="0" POSITION_T="232.0" POSITION_X="1145.5362341119776" POSITION_Y="316.47204682042064" FRAME="232" POSITION_Z="303.64342063737996" />
        <Spot ID="141503" name="ID141503" VISIBILITY="1" RADIUS="7.513148009015771" QUALITY="420.7684020996094" SOURCE_ID="0" POSITION_T="232.0" POSITION_X="1141.9662896114746" POSITION_Y="407.5643030002541" FRAME="232" CELL_DIVISION_TIME="187.0" POSITION_Z="289.0263510290991" />
        <Spot ID="157356" name="ID157356" VISIBILITY="1" RADIUS="6.20921323059155" QUALITY="-1.0" SOURCE_ID="0" POSITION_T="232.0" POSITION_X="1131.033663703013" POSITION_Y="362.9311087302842" FRAME="232" POSITION_Z="228.5651964144996" />
        <Spot ID="172028" name="ID172028" VISIBILITY="1" RADIUS="7.513148009015776" QUALITY="175.16534423828125" SOURCE_ID="0" POSITION_T="232.0" POSITION_X="1155.844192643439" POSITION_Y="359.1617245953339" FRAME="232" CELL_DIVISION_TIME="205.0" POSITION_Z="274.2081839322565" />
      </SpotsInFrame>
      <SpotsInFrame frame="233">
        <Spot ID="102768" name="ID102768" VISIBILITY="1" RADIUS="6.20921323059155" QUALITY="-1.0" SOURCE_ID="0" POSITION_T="233.0" POSITION_X="1146.9340660913244" POSITION_Y="196.24747411879193" FRAME="233" POSITION_Z="239.91119152807954" />
        <Spot ID="157344" name="ID157344" VISIBILITY="1" RADIUS="6.20921323059155" QUALITY="-1.0" SOURCE_ID="0" POSITION_T="233.0" POSITION_X="1131.033663703013" POSITION_Y="364.12157892444145" FRAME="233" POSITION_Z="228.96201981255206" />
        <Spot ID="125622" name="ID125622" VISIBILITY="1" RADIUS="7.513148009015772" QUALITY="-1.0" SOURCE_ID="0" POSITION_T="233.0" POSITION_X="1106.89420297584" POSITION_Y="382.16288329621466" FRAME="233" POSITION_Z="229.65796988102232" />
        <Spot ID="180565" name="ID180565" VISIBILITY="1" RADIUS="6.830134553650705" QUALITY="173.55079650878906" SOURCE_ID="0" POSITION_T="233.0" POSITION_X="1144.8159996445124" POSITION_Y="316.4720468204207" FRAME="233" POSITION_Z="304.84381141648856" />
        <Spot ID="141514" name="ID141514" VISIBILITY="1" RADIUS="7.513148009015771" QUALITY="486.9842224121094" SOURCE_ID="0" POSITION_T="233.0" POSITION_X="1142.1040562088813" POSITION_Y="406.26262461802173" FRAME="233" CELL_DIVISION_TIME="187.0" POSITION_Z="289.74618880918916" />
        <Spot ID="117883" name="ID117883" VISIBILITY="1" RADIUS="7.513148009015771" QUALITY="325.0600280761719" SOURCE_ID="0" POSITION_T="233.0" POSITION_X="1193.4050391945211" POSITION_Y="191.57037280534314" FRAME="233" CELL_DIVISION_TIME="107.0" POSITION_Z="284.2317084331622" />
        <Spot ID="172046" name="ID172046" VISIBILITY="1" RADIUS="7.513148009015776" QUALITY="191.61630249023438" SOURCE_ID="0" POSITION_T="233.0" POSITION_X="1152.6157204630085" POSITION_Y="360.9546690999239" FRAME="233" CELL_DIVISION_TIME="205.0" POSITION_Z="272.23898584575636" />
        <Spot ID="153260" name="ID153260" VISIBILITY="1" RADIUS="6.20921323059155" QUALITY="146.56597900390625" SOURCE_ID="0" POSITION_T="233.0" POSITION_X="1090.4000978115437" POSITION_Y="368.71154819777377" FRAME="233" POSITION_Z="248.20080511890302" />
      </SpotsInFrame>
      <SpotsInFrame frame="234">
        <Spot ID="172067" name="ID172067" VISIBILITY="1" RADIUS="7.513148009015776" QUALITY="184.83734130859375" SOURCE_ID="0" POSITION_T="234.0" POSITION_X="1154.776423865404" POSITION_Y="360.95466909992393" FRAME="234" CELL_DIVISION_TIME="205.0" POSITION_Z="271.9989076899347" />
        <Spot ID="141524" name="ID141524" VISIBILITY="1" RADIUS="7.513148009015771" QUALITY="369.8718566894531" SOURCE_ID="0" POSITION_T="234.0" POSITION_X="1138.5487036230527" POSITION_Y="407.2466973952936" FRAME="234" CELL_DIVISION_TIME="187.0" POSITION_Z="287.8991143173764" />
        <Spot ID="180586" name="ID180586" VISIBILITY="1" RADIUS="6.830134553650705" QUALITY="180.61338806152344" SOURCE_ID="0" POSITION_T="234.0" POSITION_X="1146.2640702409885" POSITION_Y="315.98935662159533" FRAME="234" POSITION_Z="304.84381141648856" />
        <Spot ID="157311" name="ID157311" VISIBILITY="1" RADIUS="6.20921323059155" QUALITY="-1.0" SOURCE_ID="0" POSITION_T="234.0" POSITION_X="1131.033663703013" POSITION_Y="364.71681402152007" FRAME="234" POSITION_Z="225.39060923008014" />
        <Spot ID="102767" name="ID102767" VISIBILITY="1" RADIUS="6.20921323059155" QUALITY="-1.0" SOURCE_ID="0" POSITION_T="234.0" POSITION_X="1146.934066091324" POSITION_Y="198.2047402193734" FRAME="234" POSITION_Z="237.95392542749795" />
        <Spot ID="117999" name="ID117999" VISIBILITY="1" RADIUS="7.513148009015771" QUALITY="345.0979919433594" SOURCE_ID="0" POSITION_T="234.0" POSITION_X="1193.7100512207626" POSITION_Y="194.4570344379818" FRAME="234" CELL_DIVISION_TIME="107.0" POSITION_Z="284.88670993269795" />
        <Spot ID="125614" name="ID125614" VISIBILITY="1" RADIUS="7.513148009015772" QUALITY="-1.0" SOURCE_ID="0" POSITION_T="234.0" POSITION_X="1105.264410860558" POSITION_Y="382.11641725530205" FRAME="234" POSITION_Z="223.80851554456046" />
        <Spot ID="153277" name="ID153277" VISIBILITY="1" RADIUS="6.20921323059155" QUALITY="104.03761291503906" SOURCE_ID="0" POSITION_T="234.0" POSITION_X="1089.0112159183602" POSITION_Y="368.71154819777377" FRAME="234" POSITION_Z="246.2166881286409" />
      </SpotsInFrame>
      <SpotsInFrame frame="235">
        <Spot ID="102642" name="ID102642" VISIBILITY="1" RADIUS="6.20921323059155" QUALITY="-1.0" SOURCE_ID="0" POSITION_T="235.0" POSITION_X="1146.9340660913238" POSITION_Y="194.61641903497397" FRAME="235" POSITION_Z="237.6277144107343" />
        <Spot ID="125602" name="ID125602" VISIBILITY="1" RADIUS="7.513148009015772" QUALITY="-1.0" SOURCE_ID="0" POSITION_T="235.0" POSITION_X="1106.0097649759111" POSITION_Y="379.13500079389075" FRAME="235" POSITION_Z="223.80851554456046" />
        <Spot ID="157286" name="ID157286" VISIBILITY="1" RADIUS="6.20921323059155" QUALITY="-1.0" SOURCE_ID="0" POSITION_T="235.0" POSITION_X="1132.150544711333" POSITION_Y="361.5139242402199" FRAME="235" POSITION_Z="222.53115308042157" />
        <Spot ID="141540" name="ID141540" VISIBILITY="1" RADIUS="7.513148009015771" QUALITY="426.531005859375" SOURCE_ID="0" POSITION_T="235.0" POSITION_X="1138.9431658909973" POSITION_Y="406.1968844254912" FRAME="235" CELL_DIVISION_TIME="187.0" POSITION_Z="285.90427409888525" />
        <Spot ID="153396" name="ID153396" VISIBILITY="1" RADIUS="5.131581182307066" QUALITY="-1.0" SOURCE_ID="0" POSITION_T="235.0" POSITION_X="1084.636387033626" POSITION_Y="368.2238072853554" FRAME="235" POSITION_Z="244.27019908678307" />
        <Spot ID="172085" name="ID172085" VISIBILITY="1" RADIUS="7.513148009015776" QUALITY="185.67071533203125" SOURCE_ID="0" POSITION_T="235.0" POSITION_X="1154.544766297948" POSITION_Y="362.84349301567426" FRAME="235" CELL_DIVISION_TIME="205.0" POSITION_Z="270.41674084694046" />
        <Spot ID="118011" name="ID118011" VISIBILITY="1" RADIUS="7.513148009015771" QUALITY="337.8874816894531" SOURCE_ID="0" POSITION_T="235.0" POSITION_X="1192.1638959840031" POSITION_Y="192.52162486299756" FRAME="235" CELL_DIVISION_TIME="107.0" POSITION_Z="284.652130932534" />
        <Spot ID="180653" name="ID180653" VISIBILITY="1" RADIUS="6.2092132305915495" QUALITY="129.85711669921875" SOURCE_ID="0" POSITION_T="235.0" POSITION_X="1146.1841970367666" POSITION_Y="315.4518561800773" FRAME="235" POSITION_Z="304.3407727087685" />
      </SpotsInFrame>
      <SpotsInFrame frame="236">
        <Spot ID="141602" name="ID141602" VISIBILITY="1" RADIUS="6.209213230591547" QUALITY="-1.0" SOURCE_ID="0" POSITION_T="236.0" POSITION_X="1132.742259172116" POSITION_Y="408.06026971387354" FRAME="236" CELL_DIVISION_TIME="51.0" POSITION_Z="288.46814574874776" />
        <Spot ID="180674" name="ID180674" VISIBILITY="1" RADIUS="6.2092132305915495" QUALITY="101.22150421142578" SOURCE_ID="0" POSITION_T="236.0" POSITION_X="1145.9635916073473" POSITION_Y="315.64918095905614" FRAME="236" POSITION_Z="303.3487142136374" />
        <Spot ID="118022" name="ID118022" VISIBILITY="1" RADIUS="7.513148009015771" QUALITY="356.1846923828125" SOURCE_ID="0" POSITION_T="236.0" POSITION_X="1191.9006020880538" POSITION_Y="193.09314275062098" FRAME="236" CELL_DIVISION_TIME="107.0" POSITION_Z="284.08332130071665" />
        <Spot ID="157237" name="ID157237" VISIBILITY="1" RADIUS="6.20921323059155" QUALITY="-1.0" SOURCE_ID="0" POSITION_T="236.0" POSITION_X="1132.150544711333" POSITION_Y="364.0932763275606" FRAME="236" POSITION_Z="222.5311530804216" />
        <Spot ID="125576" name="ID125576" VISIBILITY="1" RADIUS="7.513148009015772" QUALITY="-1.0" SOURCE_ID="0" POSITION_T="236.0" POSITION_X="1106.2656454470377" POSITION_Y="382.7233219782904" FRAME="236" POSITION_Z="226.7332427127916" />
        <Spot ID="153419" name="ID153419" VISIBILITY="1" RADIUS="5.131581182307066" QUALITY="-1.0" SOURCE_ID="0" POSITION_T="236.0" POSITION_X="1084.1945587749785" POSITION_Y="369.7234406448234" FRAME="236" POSITION_Z="244.89605179378952" />
        <Spot ID="172126" name="ID172126" VISIBILITY="1" RADIUS="7.513148009015776" QUALITY="193.33514404296875" SOURCE_ID="0" POSITION_T="236.0" POSITION_X="1155.8457490964531" POSITION_Y="362.5033081991357" FRAME="236" CELL_DIVISION_TIME="205.0" POSITION_Z="270.61038743855175" />
        <Spot ID="141551" name="ID141551" VISIBILITY="1" RADIUS="6.830134553650701" QUALITY="288.06829833984375" SOURCE_ID="0" POSITION_T="236.0" POSITION_X="1146.9256388840931" POSITION_Y="405.52666856627997" FRAME="236" POSITION_Z="280.3439639122487" />
        <Spot ID="102575" name="ID102575" VISIBILITY="1" RADIUS="5.644739300537773" QUALITY="-1.0" SOURCE_ID="0" POSITION_T="236.0" POSITION_X="1143.1285727945597" POSITION_Y="192.98536395115613" FRAME="236" POSITION_Z="236.56896863686714" />
      </SpotsInFrame>
      <SpotsInFrame frame="237">
        <Spot ID="141650" name="ID141650" VISIBILITY="1" RADIUS="6.209213230591547" QUALITY="505.25592041015625" SOURCE_ID="0" POSITION_T="237.0" POSITION_X="1129.423015675448" POSITION_Y="410.5633054288993" FRAME="237" CELL_DIVISION_TIME="51.0" POSITION_Z="290.4157568488176" />
        <Spot ID="118032" name="ID118032" VISIBILITY="1" RADIUS="7.513148009015771" QUALITY="309.78765869140625" SOURCE_ID="0" POSITION_T="237.0" POSITION_X="1190.2654080546079" POSITION_Y="194.87286054584303" FRAME="237" CELL_DIVISION_TIME="107.0" POSITION_Z="283.0298245796703" />
        <Spot ID="153427" name="ID153427" VISIBILITY="1" RADIUS="6.20921323059155" QUALITY="-1.0" SOURCE_ID="0" POSITION_T="237.0" POSITION_X="1085.6384692084762" POSITION_Y="369.4594655293405" FRAME="237" POSITION_Z="244.87164466712997" />
        <Spot ID="172147" name="ID172147" VISIBILITY="1" RADIUS="7.513148009015776" QUALITY="291.0978088378906" SOURCE_ID="0" POSITION_T="237.0" POSITION_X="1158.1942539040713" POSITION_Y="364.896874445225" FRAME="237" CELL_DIVISION_TIME="205.0" POSITION_Z="270.0362867907956" />
        <Spot ID="102425" name="ID102425" VISIBILITY="1" RADIUS="6.830134553650706" QUALITY="-1.0" SOURCE_ID="0" POSITION_T="237.0" POSITION_X="1150.1994693738602" POSITION_Y="193.19499355032528" FRAME="237" POSITION_Z="232.32548324178674" />
        <Spot ID="180698" name="ID180698" VISIBILITY="1" RADIUS="6.2092132305915495" QUALITY="72.03843688964844" SOURCE_ID="0" POSITION_T="237.0" POSITION_X="1145.7222465079344" POSITION_Y="315.64918095905614" FRAME="237" POSITION_Z="303.3487142136374" />
        <Spot ID="125528" name="ID125528" VISIBILITY="1" RADIUS="7.513148009015772" QUALITY="-1.0" SOURCE_ID="0" POSITION_T="237.0" POSITION_X="1106.5995072729816" POSITION_Y="384.2230077566684" FRAME="237" POSITION_Z="226.70919971548437" />
        <Spot ID="141563" name="ID141563" VISIBILITY="1" RADIUS="7.513148009015771" QUALITY="232.2901153564453" SOURCE_ID="0" POSITION_T="237.0" POSITION_X="1152.3928519576862" POSITION_Y="406.95186316821747" FRAME="237" POSITION_Z="276.9460075362085" />
        <Spot ID="157198" name="ID157198" VISIBILITY="1" RADIUS="6.20921323059155" QUALITY="-1.0" SOURCE_ID="0" POSITION_T="237.0" POSITION_X="1130.212382574682" POSITION_Y="363.5910855015121" FRAME="237" POSITION_Z="232.1176105433468" />
      </SpotsInFrame>
      <SpotsInFrame frame="238">
        <Spot ID="141666" name="ID141666" VISIBILITY="1" RADIUS="6.209213230591547" QUALITY="434.57818603515625" SOURCE_ID="0" POSITION_T="238.0" POSITION_X="1129.6573296468075" POSITION_Y="412.16246627321516" FRAME="238" CELL_DIVISION_TIME="51.0" POSITION_Z="290.9495144031328" />
        <Spot ID="102320" name="ID102320" VISIBILITY="1" RADIUS="6.830134553650706" QUALITY="-1.0" SOURCE_ID="0" POSITION_T="238.0" POSITION_X="1152.1181610364035" POSITION_Y="194.9700941765005" FRAME="238" POSITION_Z="226.084358231144" />
        <Spot ID="157152" name="ID157152" VISIBILITY="1" RADIUS="6.20921323059155" QUALITY="-1.0" SOURCE_ID="0" POSITION_T="238.0" POSITION_X="1130.6912719427344" POSITION_Y="362.143014905036" FRAME="238" POSITION_Z="228.516438206021" />
        <Spot ID="172160" name="ID172160" VISIBILITY="1" RADIUS="7.513148009015776" QUALITY="212.33570861816406" SOURCE_ID="0" POSITION_T="238.0" POSITION_X="1156.3687318973366" POSITION_Y="366.30681664920996" FRAME="238" CELL_DIVISION_TIME="205.0" POSITION_Z="266.9256623965511" />
        <Spot ID="125330" name="ID125330" VISIBILITY="1" RADIUS="7.513148009015772" QUALITY="-1.0" SOURCE_ID="0" POSITION_T="238.0" POSITION_X="1104.806497992135" POSITION_Y="386.7133743629265" FRAME="238" POSITION_Z="232.128838043069" />
        <Spot ID="141575" name="ID141575" VISIBILITY="1" RADIUS="7.513148009015771" QUALITY="265.6239013671875" SOURCE_ID="0" POSITION_T="238.0" POSITION_X="1155.4670582488986" POSITION_Y="408.75302020162974" FRAME="238" POSITION_Z="275.31251681025645" />
        <Spot ID="180794" name="ID180794" VISIBILITY="1" RADIUS="6.2092132305915495" QUALITY="301.57110595703125" SOURCE_ID="0" POSITION_T="238.0" POSITION_X="1145.5157131456908" POSITION_Y="317.2465945453576" FRAME="238" POSITION_Z="304.836822046779" />
        <Spot ID="118045" name="ID118045" VISIBILITY="1" RADIUS="7.513148009015771" QUALITY="337.347412109375" SOURCE_ID="0" POSITION_T="238.0" POSITION_X="1193.1938824438462" POSITION_Y="195.35725328790784" FRAME="238" CELL_DIVISION_TIME="107.0" POSITION_Z="283.9758620676328" />
        <Spot ID="153471" name="ID153471" VISIBILITY="1" RADIUS="6.20921323059155" QUALITY="-1.0" SOURCE_ID="0" POSITION_T="238.0" POSITION_X="1083.526479106221" POSITION_Y="372.3340872669477" FRAME="238" POSITION_Z="244.3112176820659" />
      </SpotsInFrame>
      <SpotsInFrame frame="239">
        <Spot ID="141682" name="ID141682" VISIBILITY="1" RADIUS="6.209213230591547" QUALITY="430.0889892578125" SOURCE_ID="0" POSITION_T="239.0" POSITION_X="1129.5545051542301" POSITION_Y="411.3482150934033" FRAME="239" CELL_DIVISION_TIME="51.0" POSITION_Z="293.36151210015004" />
        <Spot ID="153670" name="ID153670" VISIBILITY="1" RADIUS="5.131581182307066" QUALITY="-1.0" SOURCE_ID="0" POSITION_T="239.0" POSITION_X="1083.0633341710295" POSITION_Y="371.4720388514621" FRAME="239" POSITION_Z="244.76654002785608" />
        <Spot ID="180820" name="ID180820" VISIBILITY="1" RADIUS="6.2092132305915495" QUALITY="329.0618591308594" SOURCE_ID="0" POSITION_T="239.0" POSITION_X="1142.9124248091705" POSITION_Y="319.1874383343362" FRAME="239" POSITION_Z="299.89019883241724" />
        <Spot ID="125302" name="ID125302" VISIBILITY="1" RADIUS="7.513148009015772" QUALITY="-1.0" SOURCE_ID="0" POSITION_T="239.0" POSITION_X="1102.9431127037528" POSITION_Y="386.7133743629265" FRAME="239" POSITION_Z="232.128838043069" />
        <Spot ID="141589" name="ID141589" VISIBILITY="1" RADIUS="7.513148009015771" QUALITY="275.6684875488281" SOURCE_ID="0" POSITION_T="239.0" POSITION_X="1153.3073900518514" POSITION_Y="411.26656161126533" FRAME="239" POSITION_Z="276.04011090591973" />
        <Spot ID="172181" name="ID172181" VISIBILITY="1" RADIUS="7.513148009015776" QUALITY="245.9551544189453" SOURCE_ID="0" POSITION_T="239.0" POSITION_X="1157.7520308927878" POSITION_Y="364.1004363901746" FRAME="239" CELL_DIVISION_TIME="205.0" POSITION_Z="268.56105399355556" />
        <Spot ID="118136" name="ID118136" VISIBILITY="1" RADIUS="7.513148009015771" QUALITY="360.7669372558594" SOURCE_ID="0" POSITION_T="239.0" POSITION_X="1192.4340418195338" POSITION_Y="195.38178232531442" FRAME="239" CELL_DIVISION_TIME="107.0" POSITION_Z="283.9394995995419" />
        <Spot ID="157116" name="ID157116" VISIBILITY="1" RADIUS="6.20921323059155" QUALITY="-1.0" SOURCE_ID="0" POSITION_T="239.0" POSITION_X="1129.0145256827552" POSITION_Y="363.8324306009248" FRAME="239" POSITION_Z="232.83784501081198" />
        <Spot ID="102302" name="ID102302" VISIBILITY="1" RADIUS="6.830134553650706" QUALITY="-1.0" SOURCE_ID="0" POSITION_T="239.0" POSITION_X="1149.964234149985" POSITION_Y="195.78998370338863" FRAME="239" POSITION_Z="223.40914841018986" />
      </SpotsInFrame>
      <SpotsInFrame frame="240">
        <Spot ID="118144" name="ID118144" VISIBILITY="1" RADIUS="7.513148009015771" QUALITY="339.6783752441406" SOURCE_ID="0" POSITION_T="240.0" POSITION_X="1193.043423020501" POSITION_Y="196.7193222375255" FRAME="240" CELL_DIVISION_TIME="107.0" POSITION_Z="279.3086425780299" />
        <Spot ID="180848" name="ID180848" VISIBILITY="1" RADIUS="6.2092132305915495" QUALITY="273.3273010253906" SOURCE_ID="0" POSITION_T="240.0" POSITION_X="1141.4790543238664" POSITION_Y="317.3243309332996" FRAME="240" POSITION_Z="300.48588261215224" />
        <Spot ID="172193" name="ID172193" VISIBILITY="1" RADIUS="7.513148009015776" QUALITY="226.15289306640625" SOURCE_ID="0" POSITION_T="240.0" POSITION_X="1155.620725726873" POSITION_Y="361.374373792528" FRAME="240" CELL_DIVISION_TIME="205.0" POSITION_Z="269.0855323448432" />
        <Spot ID="157092" name="ID157092" VISIBILITY="1" RADIUS="6.20921323059155" QUALITY="-1.0" SOURCE_ID="0" POSITION_T="240.0" POSITION_X="1128.0542130594683" POSITION_Y="363.8324306009248" FRAME="240" POSITION_Z="232.83784501081203" />
        <Spot ID="125273" name="ID125273" VISIBILITY="1" RADIUS="7.513148009015772" QUALITY="-1.0" SOURCE_ID="0" POSITION_T="240.0" POSITION_X="1101.0797274153708" POSITION_Y="388.1576165527195" FRAME="240" POSITION_Z="232.12883804306915" />
        <Spot ID="153818" name="ID153818" VISIBILITY="1" RADIUS="5.131581182307066" QUALITY="-1.0" SOURCE_ID="0" POSITION_T="240.0" POSITION_X="1080.2780739104194" POSITION_Y="372.87641430463793" FRAME="240" POSITION_Z="245.10399387945867" />
        <Spot ID="141694" name="ID141694" VISIBILITY="1" RADIUS="6.209213230591547" QUALITY="477.45904541015625" SOURCE_ID="0" POSITION_T="240.0" POSITION_X="1130.5686925761177" POSITION_Y="410.8759761384866" FRAME="240" CELL_DIVISION_TIME="51.0" POSITION_Z="289.9240659431355" />
        <Spot ID="102111" name="ID102111" VISIBILITY="1" RADIUS="6.830134553650706" QUALITY="-1.0" SOURCE_ID="0" POSITION_T="240.0" POSITION_X="1147.5045655693207" POSITION_Y="194.56014941305648" FRAME="240" POSITION_Z="223.40914841018986" />
        <Spot ID="141757" name="ID141757" VISIBILITY="1" RADIUS="7.513148009015771" QUALITY="294.017578125" SOURCE_ID="0" POSITION_T="240.0" POSITION_X="1151.1851833084702" POSITION_Y="412.22637849643974" FRAME="240" POSITION_Z="275.69586835298657" />
      </SpotsInFrame>
      <SpotsInFrame frame="241">
        <Spot ID="101361" name="ID101361" VISIBILITY="1" RADIUS="7.513148009015777" QUALITY="-1.0" SOURCE_ID="0" POSITION_T="241.0" POSITION_X="1147.0946208058767" POSITION_Y="193.53727752756984" FRAME="241" POSITION_Z="220.54351511232852" />
        <Spot ID="141714" name="ID141714" VISIBILITY="1" RADIUS="6.209213230591547" QUALITY="392.9294128417969" SOURCE_ID="0" POSITION_T="241.0" POSITION_X="1130.6812531540177" POSITION_Y="410.2265950694747" FRAME="241" CELL_DIVISION_TIME="51.0" POSITION_Z="289.2622313668201" />
        <Spot ID="118160" name="ID118160" VISIBILITY="1" RADIUS="7.513148009015771" QUALITY="303.15802001953125" SOURCE_ID="0" POSITION_T="241.0" POSITION_X="1191.0783255921806" POSITION_Y="193.7023410058564" FRAME="241" CELL_DIVISION_TIME="107.0" POSITION_Z="280.8558538287364" />
        <Spot ID="153824" name="ID153824" VISIBILITY="1" RADIUS="5.131581182307066" QUALITY="-1.0" SOURCE_ID="0" POSITION_T="241.0" POSITION_X="1082.1341795267501" POSITION_Y="372.6961026170136" FRAME="241" POSITION_Z="244.60379703320203" />
        <Spot ID="180868" name="ID180868" VISIBILITY="1" RADIUS="6.2092132305915495" QUALITY="236.33837890625" SOURCE_ID="0" POSITION_T="241.0" POSITION_X="1141.9140532656181" POSITION_Y="317.4189973614777" FRAME="241" POSITION_Z="300.0946379311689" />
        <Spot ID="125254" name="ID125254" VISIBILITY="1" RADIUS="7.513148009015772" QUALITY="-1.0" SOURCE_ID="0" POSITION_T="241.0" POSITION_X="1101.0228650884537" POSITION_Y="387.5051945191923" FRAME="241" POSITION_Z="231.47889867235108" />
        <Spot ID="157082" name="ID157082" VISIBILITY="1" RADIUS="6.20921323059155" QUALITY="-1.0" SOURCE_ID="0" POSITION_T="241.0" POSITION_X="1130.2263189541825" POSITION_Y="365.03915609798815" FRAME="241" POSITION_Z="232.83784501081198" />
        <Spot ID="172219" name="ID172219" VISIBILITY="1" RADIUS="7.513148009015776" QUALITY="297.5548095703125" SOURCE_ID="0" POSITION_T="241.0" POSITION_X="1152.8862413069248" POSITION_Y="362.93619621440314" FRAME="241" CELL_DIVISION_TIME="205.0" POSITION_Z="269.89509543735505" />
        <Spot ID="141769" name="ID141769" VISIBILITY="1" RADIUS="7.513148009015771" QUALITY="261.23382568359375" SOURCE_ID="0" POSITION_T="241.0" POSITION_X="1151.8011877789534" POSITION_Y="413.26974170869454" FRAME="241" POSITION_Z="275.3228044088773" />
      </SpotsInFrame>
      <SpotsInFrame frame="242">
        <Spot ID="180887" name="ID180887" VISIBILITY="1" RADIUS="6.2092132305915495" QUALITY="197.57623291015625" SOURCE_ID="0" POSITION_T="242.0" POSITION_X="1143.9459829473403" POSITION_Y="319.3591190459385" FRAME="242" POSITION_Z="301.03203962621643" />
        <Spot ID="141780" name="ID141780" VISIBILITY="1" RADIUS="7.513148009015771" QUALITY="278.8224182128906" SOURCE_ID="0" POSITION_T="242.0" POSITION_X="1151.5225199009265" POSITION_Y="413.11949559209853" FRAME="242" POSITION_Z="275.0767577218047" />
        <Spot ID="142116" name="ID142116" VISIBILITY="1" RADIUS="6.209213230591547" QUALITY="420.1490783691406" SOURCE_ID="0" POSITION_T="242.0" POSITION_X="1128.8529865588998" POSITION_Y="410.44603643870227" FRAME="242" CELL_DIVISION_TIME="51.0" POSITION_Z="289.36452515029765" />
        <Spot ID="172234" name="ID172234" VISIBILITY="1" RADIUS="7.513148009015776" QUALITY="307.9107971191406" SOURCE_ID="0" POSITION_T="242.0" POSITION_X="1149.9930712112136" POSITION_Y="361.73426438390476" FRAME="242" CELL_DIVISION_TIME="205.0" POSITION_Z="270.2010157623345" />
        <Spot ID="118168" name="ID118168" VISIBILITY="1" RADIUS="7.513148009015771" QUALITY="305.9710998535156" SOURCE_ID="0" POSITION_T="242.0" POSITION_X="1191.4432843975821" POSITION_Y="195.4066445947366" FRAME="242" CELL_DIVISION_TIME="107.0" POSITION_Z="283.1733036073153" />
        <Spot ID="125240" name="ID125240" VISIBILITY="1" RADIUS="7.513148009015772" QUALITY="-1.0" SOURCE_ID="0" POSITION_T="242.0" POSITION_X="1103.3442209248874" POSITION_Y="386.480095427989" FRAME="242" POSITION_Z="232.45380772842825" />
        <Spot ID="153977" name="ID153977" VISIBILITY="1" RADIUS="5.131581182307066" QUALITY="-1.0" SOURCE_ID="0" POSITION_T="242.0" POSITION_X="1081.7662512789616" POSITION_Y="372.9226010560805" FRAME="242" POSITION_Z="243.4256563989829" />
        <Spot ID="157065" name="ID157065" VISIBILITY="1" RADIUS="6.20921323059155" QUALITY="-1.0" SOURCE_ID="0" POSITION_T="242.0" POSITION_X="1130.2263189541825" POSITION_Y="364.24550930188354" FRAME="242" POSITION_Z="228.47278763223528" />
        <Spot ID="101308" name="ID101308" VISIBILITY="1" RADIUS="7.513148009015777" QUALITY="-1.0" SOURCE_ID="0" POSITION_T="242.0" POSITION_X="1144.6349522252124" POSITION_Y="194.35716705445796" FRAME="242" POSITION_Z="220.5435151123285" />
      </SpotsInFrame>
      <SpotsInFrame frame="243">
        <Spot ID="157042" name="ID157042" VISIBILITY="1" RADIUS="6.20921323059155" QUALITY="-1.0" SOURCE_ID="0" POSITION_T="243.0" POSITION_X="1130.2263189541825" POSITION_Y="364.44392100090994" FRAME="243" POSITION_Z="227.28231743807805" />
        <Spot ID="180914" name="ID180914" VISIBILITY="1" RADIUS="6.2092132305915495" QUALITY="168.35523986816406" SOURCE_ID="0" POSITION_T="243.0" POSITION_X="1142.379411190976" POSITION_Y="317.6418115903537" FRAME="243" POSITION_Z="298.53766653919183" />
        <Spot ID="141793" name="ID141793" VISIBILITY="1" RADIUS="7.513148009015771" QUALITY="267.7860107421875" SOURCE_ID="0" POSITION_T="243.0" POSITION_X="1152.430692065563" POSITION_Y="412.2295531423696" FRAME="243" POSITION_Z="274.22502809679133" />
        <Spot ID="125188" name="ID125188" VISIBILITY="1" RADIUS="7.513148009015772" QUALITY="-1.0" SOURCE_ID="0" POSITION_T="243.0" POSITION_X="1102.5988668095342" POSITION_Y="386.8527724856656" FRAME="243" POSITION_Z="232.45380772842825" />
        <Spot ID="142135" name="ID142135" VISIBILITY="1" RADIUS="6.209213230591547" QUALITY="376.26824951171875" SOURCE_ID="0" POSITION_T="243.0" POSITION_X="1128.916810346571" POSITION_Y="409.458886613678" FRAME="243" CELL_DIVISION_TIME="51.0" POSITION_Z="288.74996916935805" />
        <Spot ID="153988" name="ID153988" VISIBILITY="1" RADIUS="5.131581182307066" QUALITY="-1.0" SOURCE_ID="0" POSITION_T="243.0" POSITION_X="1083.2994807377836" POSITION_Y="373.81875524529926" FRAME="243" POSITION_Z="242.12994714097852" />
        <Spot ID="118182" name="ID118182" VISIBILITY="1" RADIUS="7.513148009015771" QUALITY="300.1148986816406" SOURCE_ID="0" POSITION_T="243.0" POSITION_X="1195.4066730274876" POSITION_Y="197.7657092710504" FRAME="243" CELL_DIVISION_TIME="107.0" POSITION_Z="281.0979234007334" />
        <Spot ID="101276" name="ID101276" VISIBILITY="1" RADIUS="7.513148009015777" QUALITY="-1.0" SOURCE_ID="0" POSITION_T="243.0" POSITION_X="1141.809016265996" POSITION_Y="192.7173880006817" FRAME="243" POSITION_Z="217.24710870536265" />
        <Spot ID="172253" name="ID172253" VISIBILITY="1" RADIUS="7.513148009015776" QUALITY="211.93423461914062" SOURCE_ID="0" POSITION_T="243.0" POSITION_X="1149.5821998348536" POSITION_Y="362.1788548325029" FRAME="243" CELL_DIVISION_TIME="205.0" POSITION_Z="268.74470738178115" />
      </SpotsInFrame>
      <SpotsInFrame frame="244">
        <Spot ID="142151" name="ID142151" VISIBILITY="1" RADIUS="6.209213230591547" QUALITY="358.6636962890625" SOURCE_ID="0" POSITION_T="244.0" POSITION_X="1127.662550085121" POSITION_Y="409.12314291913225" FRAME="244" CELL_DIVISION_TIME="51.0" POSITION_Z="285.8777450569399" />
        <Spot ID="125176" name="ID125176" VISIBILITY="1" RADIUS="7.513148009015772" QUALITY="-1.0" SOURCE_ID="0" POSITION_T="244.0" POSITION_X="1101.1081585788281" POSITION_Y="388.34348071637135" FRAME="244" POSITION_Z="232.45380772842825" />
        <Spot ID="172267" name="ID172267" VISIBILITY="1" RADIUS="7.513148009015776" QUALITY="243.03599548339844" SOURCE_ID="0" POSITION_T="244.0" POSITION_X="1147.9739290827258" POSITION_Y="362.68184680729604" FRAME="244" CELL_DIVISION_TIME="205.0" POSITION_Z="268.81442129461556" />
        <Spot ID="180936" name="ID180936" VISIBILITY="1" RADIUS="6.2092132305915495" QUALITY="271.0925598144531" SOURCE_ID="0" POSITION_T="244.0" POSITION_X="1143.8572609773275" POSITION_Y="320.7053696761631" FRAME="244" POSITION_Z="299.6087378083705" />
        <Spot ID="141801" name="ID141801" VISIBILITY="1" RADIUS="7.513148009015771" QUALITY="219.260009765625" SOURCE_ID="0" POSITION_T="244.0" POSITION_X="1151.3589182516018" POSITION_Y="413.23293513947635" FRAME="244" POSITION_Z="271.6790195478826" />
        <Spot ID="101260" name="ID101260" VISIBILITY="1" RADIUS="7.513148009015777" QUALITY="-1.0" SOURCE_ID="0" POSITION_T="244.0" POSITION_X="1140.1692372122197" POSITION_Y="193.39797590892377" FRAME="244" POSITION_Z="216.7695031557191" />
        <Spot ID="153999" name="ID153999" VISIBILITY="1" RADIUS="5.131581182307066" QUALITY="-1.0" SOURCE_ID="0" POSITION_T="244.0" POSITION_X="1080.5217169514162" POSITION_Y="373.81875524529926" FRAME="244" POSITION_Z="240.3442418497426" />
        <Spot ID="118270" name="ID118270" VISIBILITY="1" RADIUS="7.513148009015771" QUALITY="315.4384765625" SOURCE_ID="0" POSITION_T="244.0" POSITION_X="1194.2955623545715" POSITION_Y="193.78688464247588" FRAME="244" CELL_DIVISION_TIME="107.0" POSITION_Z="282.887039796168" />
        <Spot ID="157021" name="ID157021" VISIBILITY="1" RADIUS="6.20921323059155" QUALITY="-1.0" SOURCE_ID="0" POSITION_T="244.0" POSITION_X="1128.2955581588808" POSITION_Y="365.9616030952529" FRAME="244" POSITION_Z="227.28231743807802" />
      </SpotsInFrame>
      <SpotsInFrame frame="245">
        <Spot ID="154017" name="ID154017" VISIBILITY="1" RADIUS="5.131581182307066" QUALITY="-1.0" SOURCE_ID="0" POSITION_T="245.0" POSITION_X="1081.5137754465472" POSITION_Y="373.81875524529926" FRAME="245" POSITION_Z="239.3521833546115" />
        <Spot ID="157013" name="ID157013" VISIBILITY="1" RADIUS="6.20921323059155" QUALITY="-1.0" SOURCE_ID="0" POSITION_T="245.0" POSITION_X="1130.467664053595" POSITION_Y="366.3154930929189" FRAME="245" POSITION_Z="225.29820044781584" />
        <Spot ID="172282" name="ID172282" VISIBILITY="1" RADIUS="7.513148009015776" QUALITY="211.35629272460938" SOURCE_ID="0" POSITION_T="245.0" POSITION_X="1151.3191954540312" POSITION_Y="362.20150804432313" FRAME="245" CELL_DIVISION_TIME="205.0" POSITION_Z="270.3766113093693" />
        <Spot ID="118280" name="ID118280" VISIBILITY="1" RADIUS="7.513148009015771" QUALITY="333.32696533203125" SOURCE_ID="0" POSITION_T="245.0" POSITION_X="1194.5651116512768" POSITION_Y="194.19390220930103" FRAME="245" CELL_DIVISION_TIME="107.0" POSITION_Z="280.9246965082602" />
        <Spot ID="141819" name="ID141819" VISIBILITY="1" RADIUS="7.513148009015771" QUALITY="235.5404510498047" SOURCE_ID="0" POSITION_T="245.0" POSITION_X="1150.9926508730503" POSITION_Y="413.2329351394764" FRAME="245" POSITION_Z="269.11514789802027" />
        <Spot ID="101229" name="ID101229" VISIBILITY="1" RADIUS="7.513148009015777" QUALITY="-1.0" SOURCE_ID="0" POSITION_T="245.0" POSITION_X="1138.9394029218874" POSITION_Y="190.66766418346143" FRAME="245" POSITION_Z="217.24710870536265" />
        <Spot ID="142172" name="ID142172" VISIBILITY="1" RADIUS="6.209213230591547" QUALITY="319.9275817871094" SOURCE_ID="0" POSITION_T="245.0" POSITION_X="1125.8312131923622" POSITION_Y="409.12314291913236" FRAME="245" CELL_DIVISION_TIME="51.0" POSITION_Z="282.58133864997404" />
        <Spot ID="180956" name="ID180956" VISIBILITY="1" RADIUS="6.2092132305915495" QUALITY="294.2679748535156" SOURCE_ID="0" POSITION_T="245.0" POSITION_X="1145.5710605303016" POSITION_Y="321.07011692569563" FRAME="245" POSITION_Z="299.26634499135974" />
        <Spot ID="125150" name="ID125150" VISIBILITY="1" RADIUS="7.513148009015772" QUALITY="-1.0" SOURCE_ID="0" POSITION_T="245.0" POSITION_X="1101.4808356365043" POSITION_Y="387.9708036586949" FRAME="245" POSITION_Z="232.45380772842825" />
      </SpotsInFrame>
      <SpotsInFrame frame="246">
        <Spot ID="156963" name="ID156963" VISIBILITY="1" RADIUS="6.20921323059155" QUALITY="-1.0" SOURCE_ID="0" POSITION_T="246.0" POSITION_X="1130.2263189541823" POSITION_Y="366.0741479935062" FRAME="246" POSITION_Z="225.2982004478158" />
        <Spot ID="172307" name="ID172307" VISIBILITY="1" RADIUS="7.513148009015776" QUALITY="112.98056030273438" SOURCE_ID="0" POSITION_T="246.0" POSITION_X="1151.222598932556" POSITION_Y="360.27130676552576" FRAME="246" CELL_DIVISION_TIME="205.0" POSITION_Z="272.80974574049867" />
        <Spot ID="101221" name="ID101221" VISIBILITY="1" RADIUS="7.513148009015777" QUALITY="-1.0" SOURCE_ID="0" POSITION_T="246.0" POSITION_X="1140.1692372122197" POSITION_Y="190.66766418346143" FRAME="246" POSITION_Z="217.24710870536265" />
        <Spot ID="118293" name="ID118293" VISIBILITY="1" RADIUS="7.513148009015771" QUALITY="312.2127685546875" SOURCE_ID="0" POSITION_T="246.0" POSITION_X="1193.0924632501835" POSITION_Y="197.1133556483877" FRAME="246" CELL_DIVISION_TIME="107.0" POSITION_Z="282.34216050880144" />
        <Spot ID="141830" name="ID141830" VISIBILITY="1" RADIUS="6.830134553650701" QUALITY="225.98622131347656" SOURCE_ID="0" POSITION_T="246.0" POSITION_X="1150.6263834944987" POSITION_Y="413.2329351394765" FRAME="246" POSITION_Z="270.9464847907791" />
        <Spot ID="154040" name="ID154040" VISIBILITY="1" RADIUS="5.131581182307066" QUALITY="-1.0" SOURCE_ID="0" POSITION_T="246.0" POSITION_X="1081.5137754465472" POSITION_Y="374.8108137404303" FRAME="246" POSITION_Z="240.1458301507164" />
        <Spot ID="180974" name="ID180974" VISIBILITY="1" RADIUS="6.2092132305915495" QUALITY="282.5914611816406" SOURCE_ID="0" POSITION_T="246.0" POSITION_X="1146.4092453311634" POSITION_Y="320.8656409820062" FRAME="246" POSITION_Z="298.8572598144431" />
        <Spot ID="125148" name="ID125148" VISIBILITY="1" RADIUS="7.513148009015772" QUALITY="-1.0" SOURCE_ID="0" POSITION_T="246.0" POSITION_X="1102.9715438672097" POSITION_Y="388.3434807163713" FRAME="246" POSITION_Z="232.45380772842827" />
        <Spot ID="142188" name="ID142188" VISIBILITY="1" RADIUS="6.209213230591547" QUALITY="248.17884826660156" SOURCE_ID="0" POSITION_T="246.0" POSITION_X="1129.8601543564316" POSITION_Y="409.1231429191324" FRAME="246" CELL_DIVISION_TIME="51.0" POSITION_Z="281.116269135767" />
      </SpotsInFrame>
      <SpotsInFrame frame="247">
        <Spot ID="141842" name="ID141842" VISIBILITY="1" RADIUS="6.830134553650701" QUALITY="236.62852478027344" SOURCE_ID="0" POSITION_T="247.0" POSITION_X="1150.2537064368223" POSITION_Y="412.34818290138526" FRAME="247" POSITION_Z="269.31542970696125" />
        <Spot ID="156962" name="ID156962" VISIBILITY="1" RADIUS="6.20921323059155" QUALITY="-1.0" SOURCE_ID="0" POSITION_T="247.0" POSITION_X="1129.0443360941686" POSITION_Y="367.50787942368186" FRAME="247" POSITION_Z="225.59240139775656" />
        <Spot ID="172322" name="ID172322" VISIBILITY="1" RADIUS="7.513148009015776" QUALITY="139.1345672607422" SOURCE_ID="0" POSITION_T="247.0" POSITION_X="1152.4327011440723" POSITION_Y="360.3563237834169" FRAME="247" CELL_DIVISION_TIME="205.0" POSITION_Z="274.27954179538483" />
        <Spot ID="101202" name="ID101202" VISIBILITY="1" RADIUS="7.513148009015777" QUALITY="-1.0" SOURCE_ID="0" POSITION_T="247.0" POSITION_X="1142.628905792884" POSITION_Y="190.25771942001737" FRAME="247" POSITION_Z="217.24710870536265" />
        <Spot ID="180993" name="ID180993" VISIBILITY="1" RADIUS="6.2092132305915495" QUALITY="236.6271209716797" SOURCE_ID="0" POSITION_T="247.0" POSITION_X="1145.1110165779264" POSITION_Y="323.2622000260728" FRAME="247" POSITION_Z="296.7017081800721" />
        <Spot ID="142213" name="ID142213" VISIBILITY="1" RADIUS="6.209213230591547" QUALITY="236.1318359375" SOURCE_ID="0" POSITION_T="247.0" POSITION_X="1128.7613522207764" POSITION_Y="409.12314291913253" FRAME="247" CELL_DIVISION_TIME="51.0" POSITION_Z="281.8488038928706" />
        <Spot ID="154041" name="ID154041" VISIBILITY="1" RADIUS="5.131581182307066" QUALITY="-1.0" SOURCE_ID="0" POSITION_T="247.0" POSITION_X="1081.5137754465472" POSITION_Y="372.4298733521157" FRAME="247" POSITION_Z="240.34424184974262" />
        <Spot ID="118303" name="ID118303" VISIBILITY="1" RADIUS="7.513148009015771" QUALITY="381.5125427246094" SOURCE_ID="0" POSITION_T="247.0" POSITION_X="1193.210778298565" POSITION_Y="194.20690690032535" FRAME="247" CELL_DIVISION_TIME="107.0" POSITION_Z="280.6555269689258" />
        <Spot ID="125134" name="ID125134" VISIBILITY="1" RADIUS="7.513148009015772" QUALITY="-1.0" SOURCE_ID="0" POSITION_T="247.0" POSITION_X="1102.97154386721" POSITION_Y="389.32211376666214" FRAME="247" POSITION_Z="232.4538077284284" />
      </SpotsInFrame>
      <SpotsInFrame frame="248">
        <Spot ID="101201" name="ID101201" VISIBILITY="1" RADIUS="7.513148009015777" QUALITY="-1.0" SOURCE_ID="0" POSITION_T="248.0" POSITION_X="1141.809016265996" POSITION_Y="191.07760894690549" FRAME="248" POSITION_Z="217.24710870536265" />
        <Spot ID="154048" name="ID154048" VISIBILITY="1" RADIUS="5.131581182307066" QUALITY="-1.0" SOURCE_ID="0" POSITION_T="248.0" POSITION_X="1079.1003244524202" POSITION_Y="373.4219318472467" FRAME="248" POSITION_Z="239.35218335461155" />
        <Spot ID="125122" name="ID125122" VISIBILITY="1" RADIUS="7.513148009015772" QUALITY="-1.0" SOURCE_ID="0" POSITION_T="248.0" POSITION_X="1101.8535126941804" POSITION_Y="390.4401449396914" FRAME="248" POSITION_Z="232.4538077284284" />
        <Spot ID="172337" name="ID172337" VISIBILITY="1" RADIUS="7.513148009015776" QUALITY="210.10865783691406" SOURCE_ID="0" POSITION_T="248.0" POSITION_X="1152.7296695783502" POSITION_Y="360.9530039044361" FRAME="248" CELL_DIVISION_TIME="205.0" POSITION_Z="270.1108604910369" />
        <Spot ID="181028" name="ID181028" VISIBILITY="1" RADIUS="6.2092132305915495" QUALITY="183.83912658691406" SOURCE_ID="0" POSITION_T="248.0" POSITION_X="1141.8602907027228" POSITION_Y="319.85728624647805" FRAME="248" POSITION_Z="299.13765521233995" />
        <Spot ID="118315" name="ID118315" VISIBILITY="1" RADIUS="7.513148009015771" QUALITY="293.3235778808594" SOURCE_ID="0" POSITION_T="248.0" POSITION_X="1194.7363843298974" POSITION_Y="193.57209714943258" FRAME="248" CELL_DIVISION_TIME="107.0" POSITION_Z="279.74536530933347" />
        <Spot ID="142232" name="ID142232" VISIBILITY="1" RADIUS="6.209213230591547" QUALITY="278.54168701171875" SOURCE_ID="0" POSITION_T="248.0" POSITION_X="1128.028817463673" POSITION_Y="409.1231429191326" FRAME="248" CELL_DIVISION_TIME="51.0" POSITION_Z="280.0174670001118" />
        <Spot ID="156953" name="ID156953" VISIBILITY="1" RADIUS="6.20921323059155" QUALITY="-1.0" SOURCE_ID="0" POSITION_T="248.0" POSITION_X="1130.6904521752213" POSITION_Y="365.80427224270056" FRAME="248" POSITION_Z="225.90268386203778" />
        <Spot ID="141854" name="ID141854" VISIBILITY="1" RADIUS="6.209213230591547" QUALITY="217.22607421875" SOURCE_ID="0" POSITION_T="248.0" POSITION_X="1150.6263834944987" POSITION_Y="413.46621407441467" FRAME="248" POSITION_Z="269.3154297069613" />
      </SpotsInFrame>
      <SpotsInFrame frame="249">
        <Spot ID="125121" name="ID125121" VISIBILITY="1" RADIUS="7.513148009015772" QUALITY="-1.0" SOURCE_ID="0" POSITION_T="249.0" POSITION_X="1102.5988668095329" POSITION_Y="390.44014493969144" FRAME="249" POSITION_Z="232.4538077284284" />
        <Spot ID="118336" name="ID118336" VISIBILITY="1" RADIUS="7.513148009015771" QUALITY="313.68756103515625" SOURCE_ID="0" POSITION_T="249.0" POSITION_X="1195.2809630554148" POSITION_Y="193.85053407559184" FRAME="249" CELL_DIVISION_TIME="107.0" POSITION_Z="281.76206830815823" />
        <Spot ID="154099" name="ID154099" VISIBILITY="1" RADIUS="5.131581182307066" QUALITY="-1.0" SOURCE_ID="0" POSITION_T="249.0" POSITION_X="1077.4109087565312" POSITION_Y="372.69789654900865" FRAME="249" POSITION_Z="239.35218335461155" />
        <Spot ID="101170" name="ID101170" VISIBILITY="1" RADIUS="7.513148009015777" QUALITY="-1.0" SOURCE_ID="0" POSITION_T="249.0" POSITION_X="1142.628905792884" POSITION_Y="190.25771942001737" FRAME="249" POSITION_Z="217.24710870536265" />
        <Spot ID="156918" name="ID156918" VISIBILITY="1" RADIUS="6.20921323059155" QUALITY="-1.0" SOURCE_ID="0" POSITION_T="249.0" POSITION_X="1128.3388577737182" POSITION_Y="366.2385627686626" FRAME="249" POSITION_Z="226.30813258621887" />
        <Spot ID="172357" name="ID172357" VISIBILITY="1" RADIUS="7.513148009015776" QUALITY="167.3199005126953" SOURCE_ID="0" POSITION_T="249.0" POSITION_X="1150.5683449498151" POSITION_Y="363.46658225249905" FRAME="249" CELL_DIVISION_TIME="205.0" POSITION_Z="268.3303691393982" />
        <Spot ID="181045" name="ID181045" VISIBILITY="1" RADIUS="6.2092132305915495" QUALITY="221.60870361328125" SOURCE_ID="0" POSITION_T="249.0" POSITION_X="1143.0970538715662" POSITION_Y="322.3989410617069" FRAME="249" POSITION_Z="296.1889061308326" />
        <Spot ID="141867" name="ID141867" VISIBILITY="1" RADIUS="6.830134553650701" QUALITY="207.3037872314453" SOURCE_ID="0" POSITION_T="249.0" POSITION_X="1150.6263834944987" POSITION_Y="413.14000305765103" FRAME="249" POSITION_Z="263.1174203884532" />
        <Spot ID="142249" name="ID142249" VISIBILITY="1" RADIUS="6.209213230591547" QUALITY="205.0141143798828" SOURCE_ID="0" POSITION_T="249.0" POSITION_X="1129.1468486367023" POSITION_Y="410.6138511498384" FRAME="249" CELL_DIVISION_TIME="51.0" POSITION_Z="280.0174670001119" />
      </SpotsInFrame>
      <SpotsInFrame frame="250">
        <Spot ID="101169" name="ID101169" VISIBILITY="1" RADIUS="7.513148009015777" QUALITY="-1.0" SOURCE_ID="0" POSITION_T="250.0" POSITION_X="1142.628905792884" POSITION_Y="190.25771942001734" FRAME="250" POSITION_Z="217.24710870536265" />
        <Spot ID="124385" name="ID124385" VISIBILITY="1" RADIUS="7.513148009015772" QUALITY="-1.0" SOURCE_ID="0" POSITION_T="250.0" POSITION_X="1129.3848605181424" POSITION_Y="367.8931976687339" FRAME="250" POSITION_Z="221.36234032434484" />
        <Spot ID="181072" name="ID181072" VISIBILITY="1" RADIUS="6.2092132305915495" QUALITY="157.02120971679688" SOURCE_ID="0" POSITION_T="250.0" POSITION_X="1143.3814627514184" POSITION_Y="322.01322197825255" FRAME="250" POSITION_Z="298.1824328039395" />
        <Spot ID="141889" name="ID141889" VISIBILITY="1" RADIUS="6.830134553650701" QUALITY="194.47764587402344" SOURCE_ID="0" POSITION_T="250.0" POSITION_X="1150.6263834944987" POSITION_Y="415.0972691582326" FRAME="250" POSITION_Z="262.464998354926" />
        <Spot ID="172369" name="ID172369" VISIBILITY="1" RADIUS="7.513148009015776" QUALITY="241.296142578125" SOURCE_ID="0" POSITION_T="250.0" POSITION_X="1150.2098919292896" POSITION_Y="364.4717359693074" FRAME="250" CELL_DIVISION_TIME="205.0" POSITION_Z="268.6089024595105" />
        <Spot ID="154100" name="ID154100" VISIBILITY="1" RADIUS="5.131581182307066" QUALITY="-1.0" SOURCE_ID="0" POSITION_T="250.0" POSITION_X="1077.6522538559436" POSITION_Y="372.69789654900865" FRAME="250" POSITION_Z="239.35218335461155" />
        <Spot ID="118348" name="ID118348" VISIBILITY="1" RADIUS="7.513148009015771" QUALITY="368.6710205078125" SOURCE_ID="0" POSITION_T="250.0" POSITION_X="1195.054496394401" POSITION_Y="192.52085744522552" FRAME="250" CELL_DIVISION_TIME="107.0" POSITION_Z="281.2232654698742" />
        <Spot ID="142268" name="ID142268" VISIBILITY="1" RADIUS="6.209213230591547" QUALITY="208.80194091796875" SOURCE_ID="0" POSITION_T="250.0" POSITION_X="1127.6817791224955" POSITION_Y="410.6138511498385" FRAME="250" CELL_DIVISION_TIME="51.0" POSITION_Z="275.98852583604247" />
        <Spot ID="125102" name="ID125102" VISIBILITY="1" RADIUS="7.513148009015772" QUALITY="-1.0" SOURCE_ID="0" POSITION_T="250.0" POSITION_X="1102.5988668095329" POSITION_Y="390.0674678820151" FRAME="250" POSITION_Z="232.4538077284284" />
      </SpotsInFrame>
      <SpotsInFrame frame="251">
        <Spot ID="124353" name="ID124353" VISIBILITY="1" RADIUS="7.513148009015772" QUALITY="-1.0" SOURCE_ID="0" POSITION_T="251.0" POSITION_X="1128.6395064027893" POSITION_Y="368.3123407673231" FRAME="251" POSITION_Z="224.29823947521706" />
        <Spot ID="181089" name="ID181089" VISIBILITY="1" RADIUS="6.2092132305915495" QUALITY="208.10317993164062" SOURCE_ID="0" POSITION_T="251.0" POSITION_X="1143.3763949770546" POSITION_Y="323.7026376741412" FRAME="251" POSITION_Z="296.5018857131874" />
        <Spot ID="101158" name="ID101158" VISIBILITY="1" RADIUS="7.513148009015777" QUALITY="-1.0" SOURCE_ID="0" POSITION_T="251.0" POSITION_X="1141.3990715025518" POSITION_Y="191.07760894690546" FRAME="251" POSITION_Z="217.24710870536265" />
        <Spot ID="125062" name="ID125062" VISIBILITY="1" RADIUS="7.513148009015772" QUALITY="-1.0" SOURCE_ID="0" POSITION_T="251.0" POSITION_X="1102.5704356460744" POSITION_Y="389.7412568652518" FRAME="251" POSITION_Z="232.12883804306955" />
        <Spot ID="154101" name="ID154101" VISIBILITY="1" RADIUS="5.131581182307066" QUALITY="-1.0" SOURCE_ID="0" POSITION_T="251.0" POSITION_X="1075.9628381600542" POSITION_Y="372.45655144959596" FRAME="251" POSITION_Z="239.35218335461155" />
        <Spot ID="118360" name="ID118360" VISIBILITY="1" RADIUS="7.513148009015771" QUALITY="385.48577880859375" SOURCE_ID="0" POSITION_T="251.0" POSITION_X="1195.4479826873305" POSITION_Y="193.4930543974367" FRAME="251" CELL_DIVISION_TIME="107.0" POSITION_Z="280.69291498600586" />
        <Spot ID="141899" name="ID141899" VISIBILITY="1" RADIUS="6.830134553650701" QUALITY="193.26516723632812" SOURCE_ID="0" POSITION_T="251.0" POSITION_X="1150.6263834944987" POSITION_Y="417.0545352588142" FRAME="251" POSITION_Z="261.81257632139886" />
        <Spot ID="172393" name="ID172393" VISIBILITY="1" RADIUS="7.513148009015776" QUALITY="303.2814636230469" SOURCE_ID="0" POSITION_T="251.0" POSITION_X="1151.55085649463" POSITION_Y="368.1409415792371" FRAME="251" CELL_DIVISION_TIME="205.0" POSITION_Z="266.24777726365943" />
        <Spot ID="142286" name="ID142286" VISIBILITY="1" RADIUS="6.209213230591547" QUALITY="217.99000549316406" SOURCE_ID="0" POSITION_T="251.0" POSITION_X="1127.315511743944" POSITION_Y="410.6138511498386" FRAME="251" CELL_DIVISION_TIME="51.0" POSITION_Z="274.8897237003872" />
      </SpotsInFrame>
      <SpotsInFrame frame="252">
        <Spot ID="125061" name="ID125061" VISIBILITY="1" RADIUS="7.513148009015772" QUALITY="-1.0" SOURCE_ID="0" POSITION_T="252.0" POSITION_X="1103.2020651075932" POSITION_Y="388.4373615285713" FRAME="252" POSITION_Z="230.82895930163363" />
        <Spot ID="141910" name="ID141910" VISIBILITY="1" RADIUS="6.830134553650701" QUALITY="171.6368408203125" SOURCE_ID="0" POSITION_T="252.0" POSITION_X="1150.6263834944987" POSITION_Y="416.07590220852353" FRAME="252" POSITION_Z="260.18152123758097" />
        <Spot ID="181110" name="ID181110" VISIBILITY="1" RADIUS="6.2092132305915495" QUALITY="238.49444580078125" SOURCE_ID="0" POSITION_T="252.0" POSITION_X="1145.0658106729431" POSITION_Y="322.97860237590305" FRAME="252" POSITION_Z="296.5018857131874" />
        <Spot ID="118375" name="ID118375" VISIBILITY="1" RADIUS="7.513148009015771" QUALITY="299.3467102050781" SOURCE_ID="0" POSITION_T="252.0" POSITION_X="1191.8443263435142" POSITION_Y="194.84011274660133" FRAME="252" CELL_DIVISION_TIME="107.0" POSITION_Z="281.5976112029837" />
        <Spot ID="124326" name="ID124326" VISIBILITY="1" RADIUS="7.513148009015772" QUALITY="-1.0" SOURCE_ID="0" POSITION_T="252.0" POSITION_X="1131.6209228642006" POSITION_Y="367.9396637096467" FRAME="252" POSITION_Z="224.29823947521706" />
        <Spot ID="142314" name="ID142314" VISIBILITY="1" RADIUS="6.209213230591547" QUALITY="186.37570190429688" SOURCE_ID="0" POSITION_T="252.0" POSITION_X="1125.8248035132383" POSITION_Y="408.7504658614565" FRAME="252" CELL_DIVISION_TIME="51.0" POSITION_Z="274.88972370038726" />
        <Spot ID="154104" name="ID154104" VISIBILITY="1" RADIUS="5.131581182307066" QUALITY="-1.0" SOURCE_ID="0" POSITION_T="252.0" POSITION_X="1076.6868734582918" POSITION_Y="370.7671357537072" FRAME="252" POSITION_Z="239.35218335461155" />
        <Spot ID="101133" name="ID101133" VISIBILITY="1" RADIUS="7.513148009015777" QUALITY="-1.0" SOURCE_ID="0" POSITION_T="252.0" POSITION_X="1141.809016265996" POSITION_Y="189.43782989312925" FRAME="252" POSITION_Z="217.24710870536265" />
        <Spot ID="172479" name="ID172479" VISIBILITY="1" RADIUS="6.2092132305915495" QUALITY="-1.0" SOURCE_ID="0" POSITION_T="252.0" POSITION_X="1150.0201921347627" POSITION_Y="362.9918809824622" FRAME="252" POSITION_Z="262.6426895040449" />
        <Spot ID="172412" name="ID172412" VISIBILITY="1" RADIUS="7.513148009015776" QUALITY="223.34475708007812" SOURCE_ID="0" POSITION_T="252.0" POSITION_X="1156.9859228051187" POSITION_Y="373.22913497937793" FRAME="252" POSITION_Z="269.50725041633683" />
      </SpotsInFrame>
      <SpotsInFrame frame="253">
        <Spot ID="101105" name="ID101105" VISIBILITY="1" RADIUS="7.513148009015777" QUALITY="-1.0" SOURCE_ID="0" POSITION_T="253.0" POSITION_X="1143.038850556328" POSITION_Y="190.66766418346143" FRAME="253" POSITION_Z="217.24710870536265" />
        <Spot ID="118385" name="ID118385" VISIBILITY="1" RADIUS="6.209213230591547" QUALITY="268.31561279296875" SOURCE_ID="0" POSITION_T="253.0" POSITION_X="1193.4616871734593" POSITION_Y="194.82992085774157" FRAME="253" CELL_DIVISION_TIME="107.0" POSITION_Z="280.83636529202204" />
        <Spot ID="141923" name="ID141923" VISIBILITY="1" RADIUS="6.830134553650701" QUALITY="158.04592895507812" SOURCE_ID="0" POSITION_T="253.0" POSITION_X="1150.6263834944987" POSITION_Y="416.07590220852353" FRAME="253" POSITION_Z="256.9194110699451" />
        <Spot ID="124213" name="ID124213" VISIBILITY="1" RADIUS="7.513148009015772" QUALITY="-1.0" SOURCE_ID="0" POSITION_T="253.0" POSITION_X="1129.4132916816004" POSITION_Y="365.84205075595287" FRAME="253" POSITION_Z="226.58047526115752" />
        <Spot ID="125028" name="ID125028" VISIBILITY="1" RADIUS="7.513148009015772" QUALITY="-1.0" SOURCE_ID="0" POSITION_T="253.0" POSITION_X="1101.7113568768873" POSITION_Y="387.69200741321845" FRAME="253" POSITION_Z="230.82895930163363" />
        <Spot ID="172551" name="ID172551" VISIBILITY="1" RADIUS="6.2092132305915495" QUALITY="118.5896987915039" SOURCE_ID="0" POSITION_T="253.0" POSITION_X="1145.2276630283864" POSITION_Y="361.1626599420384" FRAME="253" POSITION_Z="256.32255287273114" />
        <Spot ID="172426" name="ID172426" VISIBILITY="1" RADIUS="7.513148009015776" QUALITY="251.11624145507812" SOURCE_ID="0" POSITION_T="253.0" POSITION_X="1159.1183692449356" POSITION_Y="375.07144541804576" FRAME="253" POSITION_Z="271.07196813308656" />
        <Spot ID="142335" name="ID142335" VISIBILITY="1" RADIUS="6.209213230591547" QUALITY="124.98796844482422" SOURCE_ID="0" POSITION_T="253.0" POSITION_X="1124.3340952825326" POSITION_Y="410.9865282075151" FRAME="253" CELL_DIVISION_TIME="51.0" POSITION_Z="274.8897237003873" />
        <Spot ID="154143" name="ID154143" VISIBILITY="1" RADIUS="5.131581182307066" QUALITY="-1.0" SOURCE_ID="0" POSITION_T="253.0" POSITION_X="1075.126257963562" POSITION_Y="375.8829065280024" FRAME="253" POSITION_Z="244.11406413124072" />
        <Spot ID="181149" name="ID181149" VISIBILITY="1" RADIUS="6.2092132305915495" QUALITY="114.05117797851562" SOURCE_ID="0" POSITION_T="253.0" POSITION_X="1143.2088986680455" POSITION_Y="326.19972865507395" FRAME="253" POSITION_Z="293.6502170232223" />
      </SpotsInFrame>
      <SpotsInFrame frame="254">
        <Spot ID="124192" name="ID124192" VISIBILITY="1" RADIUS="8.26446280991735" QUALITY="-1.0" SOURCE_ID="0" POSITION_T="254.0" POSITION_X="1129.3848605181413" POSITION_Y="365.1896287224257" FRAME="254" POSITION_Z="227.8865606596164" />
        <Spot ID="143603" name="ID143603" VISIBILITY="1" RADIUS="6.830134553650701" QUALITY="-1.0" SOURCE_ID="0" POSITION_T="254.0" POSITION_X="1125.127091973194" POSITION_Y="411.08582560238733" FRAME="254" CELL_DIVISION_TIME="51.0" POSITION_Z="272.85259103127134" />
        <Spot ID="118435" name="ID118435" VISIBILITY="1" RADIUS="6.209213230591547" QUALITY="319.8936767578125" SOURCE_ID="0" POSITION_T="254.0" POSITION_X="1192.025318992544" POSITION_Y="192.8137205726311" FRAME="254" CELL_DIVISION_TIME="107.0" POSITION_Z="276.2301477033374" />
        <Spot ID="125011" name="ID125011" VISIBILITY="1" RADIUS="7.513148009015772" QUALITY="-1.0" SOURCE_ID="0" POSITION_T="254.0" POSITION_X="1102.8293880499164" POSITION_Y="387.3193303555421" FRAME="254" POSITION_Z="230.82895930163363" />
        <Spot ID="101093" name="ID101093" VISIBILITY="1" RADIUS="7.513148009015777" QUALITY="-1.0" SOURCE_ID="0" POSITION_T="254.0" POSITION_X="1143.8587400832162" POSITION_Y="192.71738800068175" FRAME="254" POSITION_Z="217.24710870536265" />
        <Spot ID="154196" name="ID154196" VISIBILITY="1" RADIUS="5.131581182307066" QUALITY="-1.0" SOURCE_ID="0" POSITION_T="254.0" POSITION_X="1075.126257963562" POSITION_Y="375.8829065280024" FRAME="254" POSITION_Z="244.90771092734556" />
        <Spot ID="172581" name="ID172581" VISIBILITY="1" RADIUS="6.2092132305915495" QUALITY="153.9085235595703" SOURCE_ID="0" POSITION_T="254.0" POSITION_X="1144.8439535482344" POSITION_Y="362.4054985983063" FRAME="254" POSITION_Z="254.55073602072838" />
        <Spot ID="181173" name="ID181173" VISIBILITY="1" RADIUS="6.2092132305915495" QUALITY="139.84205627441406" SOURCE_ID="0" POSITION_T="254.0" POSITION_X="1147.5285782502062" POSITION_Y="324.5294321042596" FRAME="254" POSITION_Z="295.64791572384246" />
        <Spot ID="172442" name="ID172442" VISIBILITY="1" RADIUS="7.513148009015776" QUALITY="226.25230407714844" SOURCE_ID="0" POSITION_T="254.0" POSITION_X="1161.450386421613" POSITION_Y="377.7857798069863" FRAME="254" POSITION_Z="271.1167571546096" />
        <Spot ID="141933" name="ID141933" VISIBILITY="1" RADIUS="6.830134553650701" QUALITY="138.841796875" SOURCE_ID="0" POSITION_T="254.0" POSITION_X="1148.4095501858142" POSITION_Y="417.193933381553" FRAME="254" POSITION_Z="251.7916677702205" />
      </SpotsInFrame>
      <SpotsInFrame frame="255">
        <Spot ID="124961" name="ID124961" VISIBILITY="1" RADIUS="7.513148009015772" QUALITY="-1.0" SOURCE_ID="0" POSITION_T="255.0" POSITION_X="1103.2020651075925" POSITION_Y="386.20129918251286" FRAME="255" POSITION_Z="230.82895930163363" />
        <Spot ID="141954" name="ID141954" VISIBILITY="1" RADIUS="7.513148009015771" QUALITY="165.67697143554688" SOURCE_ID="0" POSITION_T="255.0" POSITION_X="1147.4682415051138" POSITION_Y="417.51553873621003" FRAME="255" POSITION_Z="251.47896046879544" />
        <Spot ID="154352" name="ID154352" VISIBILITY="1" RADIUS="5.131581182307066" QUALITY="451.01373291015625" SOURCE_ID="0" POSITION_T="255.0" POSITION_X="1076.6592893502702" POSITION_Y="376.88151566732876" FRAME="255" POSITION_Z="245.67431211496603" />
        <Spot ID="101076" name="ID101076" VISIBILITY="1" RADIUS="7.513148009015777" QUALITY="-1.0" SOURCE_ID="0" POSITION_T="255.0" POSITION_X="1143.8587400832162" POSITION_Y="190.66766418346145" FRAME="255" POSITION_Z="217.24710870536265" />
        <Spot ID="172596" name="ID172596" VISIBILITY="1" RADIUS="6.2092132305915495" QUALITY="194.11178588867188" SOURCE_ID="0" POSITION_T="255.0" POSITION_X="1142.2061920301828" POSITION_Y="362.53075249253953" FRAME="255" POSITION_Z="255.06063972778048" />
        <Spot ID="118454" name="ID118454" VISIBILITY="1" RADIUS="6.209213230591547" QUALITY="332.9649658203125" SOURCE_ID="0" POSITION_T="255.0" POSITION_X="1193.2604806271747" POSITION_Y="192.3024078018574" FRAME="255" CELL_DIVISION_TIME="107.0" POSITION_Z="278.61312934431186" />
        <Spot ID="143656" name="ID143656" VISIBILITY="1" RADIUS="6.830134553650701" QUALITY="-1.0" SOURCE_ID="0" POSITION_T="255.0" POSITION_X="1125.685433843755" POSITION_Y="410.9862688652636" FRAME="255" CELL_DIVISION_TIME="51.0" POSITION_Z="272.12481920484805" />
        <Spot ID="124106" name="ID124106" VISIBILITY="1" RADIUS="8.26446280991735" QUALITY="-1.0" SOURCE_ID="0" POSITION_T="255.0" POSITION_X="1134.4317523448597" POSITION_Y="366.26119385454194" FRAME="255" POSITION_Z="225.9367425474623" />
        <Spot ID="172457" name="ID172457" VISIBILITY="1" RADIUS="6.830134553650705" QUALITY="218.1564483642578" SOURCE_ID="0" POSITION_T="255.0" POSITION_X="1163.2231876086319" POSITION_Y="378.3288397883417" FRAME="255" POSITION_Z="271.17231004216956" />
        <Spot ID="181198" name="ID181198" VISIBILITY="1" RADIUS="6.2092132305915495" QUALITY="117.77024841308594" SOURCE_ID="0" POSITION_T="255.0" POSITION_X="1146.9631430930697" POSITION_Y="324.7165777899471" FRAME="255" POSITION_Z="296.80229162213107" />
      </SpotsInFrame>
      <SpotsInFrame frame="256">
        <Spot ID="154368" name="ID154368" VISIBILITY="1" RADIUS="5.131581182307066" QUALITY="286.43585205078125" SOURCE_ID="0" POSITION_T="256.0" POSITION_X="1079.635464835663" POSITION_Y="376.89777097023494" FRAME="256" POSITION_Z="247.26160570717573" />
        <Spot ID="101058" name="ID101058" VISIBILITY="1" RADIUS="7.513148009015777" QUALITY="-1.0" SOURCE_ID="0" POSITION_T="256.0" POSITION_X="1145.4985191369924" POSITION_Y="190.25771942001742" FRAME="256" POSITION_Z="217.24710870536265" />
        <Spot ID="141969" name="ID141969" VISIBILITY="1" RADIUS="7.513148009015771" QUALITY="189.4491424560547" SOURCE_ID="0" POSITION_T="256.0" POSITION_X="1145.483465567537" POSITION_Y="416.6659803271228" FRAME="256" POSITION_Z="251.13573503943275" />
        <Spot ID="172614" name="ID172614" VISIBILITY="1" RADIUS="6.2092132305915495" QUALITY="238.8967742919922" SOURCE_ID="0" POSITION_T="256.0" POSITION_X="1142.4979748989979" POSITION_Y="364.8004655332992" FRAME="256" POSITION_Z="254.32157608521499" />
        <Spot ID="123974" name="ID123974" VISIBILITY="1" RADIUS="8.26446280991735" QUALITY="-1.0" SOURCE_ID="0" POSITION_T="256.0" POSITION_X="1132.941044114154" POSITION_Y="366.26119385454194" FRAME="256" POSITION_Z="225.9367425474623" />
        <Spot ID="181221" name="ID181221" VISIBILITY="1" RADIUS="6.2092132305915495" QUALITY="156.53402709960938" SOURCE_ID="0" POSITION_T="256.0" POSITION_X="1147.4539576431828" POSITION_Y="325.07099207271483" FRAME="256" POSITION_Z="298.3569230792711" />
        <Spot ID="124957" name="ID124957" VISIBILITY="1" RADIUS="7.513148009015772" QUALITY="-1.0" SOURCE_ID="0" POSITION_T="256.0" POSITION_X="1102.7725257229993" POSITION_Y="384.4308459759567" FRAME="256" POSITION_Z="230.17901993091573" />
        <Spot ID="172670" name="ID172670" VISIBILITY="1" RADIUS="6.830134553650705" QUALITY="238.9033203125" SOURCE_ID="0" POSITION_T="256.0" POSITION_X="1164.6097718948822" POSITION_Y="379.0796492476009" FRAME="256" POSITION_Z="270.28524544787246" />
        <Spot ID="118463" name="ID118463" VISIBILITY="1" RADIUS="6.209213230591547" QUALITY="406.296875" SOURCE_ID="0" POSITION_T="256.0" POSITION_X="1192.9620042443573" POSITION_Y="192.18062871931124" FRAME="256" CELL_DIVISION_TIME="107.0" POSITION_Z="274.72853462716944" />
        <Spot ID="143661" name="ID143661" VISIBILITY="1" RADIUS="6.830134553650701" QUALITY="207.1389617919922" SOURCE_ID="0" POSITION_T="256.0" POSITION_X="1124.2153856420537" POSITION_Y="411.6495482090032" FRAME="256" CELL_DIVISION_TIME="51.0" POSITION_Z="272.3684572217715" />
      </SpotsInFrame>
      <SpotsInFrame frame="257">
        <Spot ID="101057" name="ID101057" VISIBILITY="1" RADIUS="7.513148009015777" QUALITY="-1.0" SOURCE_ID="0" POSITION_T="257.0" POSITION_X="1145.0885743735485" POSITION_Y="191.89749847379366" FRAME="257" POSITION_Z="217.24710870536265" />
        <Spot ID="141984" name="ID141984" VISIBILITY="1" RADIUS="7.513148009015771" QUALITY="180.6726837158203" SOURCE_ID="0" POSITION_T="257.0" POSITION_X="1140.265986760067" POSITION_Y="414.8025950387407" FRAME="257" POSITION_Z="251.13573503943277" />
        <Spot ID="172640" name="ID172640" VISIBILITY="1" RADIUS="6.2092132305915495" QUALITY="212.6611328125" SOURCE_ID="0" POSITION_T="257.0" POSITION_X="1140.4177690705442" POSITION_Y="367.94020170852974" FRAME="257" POSITION_Z="258.0304809865869" />
        <Spot ID="123972" name="ID123972" VISIBILITY="1" RADIUS="8.26446280991735" QUALITY="-1.0" SOURCE_ID="0" POSITION_T="257.0" POSITION_X="1128.5625902532934" POSITION_Y="366.307659895455" FRAME="257" POSITION_Z="224.95642163120237" />
        <Spot ID="143684" name="ID143684" VISIBILITY="1" RADIUS="6.830134553650701" QUALITY="233.1127166748047" SOURCE_ID="0" POSITION_T="257.0" POSITION_X="1122.1721568647317" POSITION_Y="412.4952617900528" FRAME="257" CELL_DIVISION_TIME="51.0" POSITION_Z="273.0247087552912" />
        <Spot ID="124806" name="ID124806" VISIBILITY="1" RADIUS="7.513148009015772" QUALITY="-1.0" SOURCE_ID="0" POSITION_T="257.0" POSITION_X="1099.1098519374818" POSITION_Y="384.4308459759567" FRAME="257" POSITION_Z="231.2778220665711" />
        <Spot ID="181240" name="ID181240" VISIBILITY="1" RADIUS="6.2092132305915495" QUALITY="177.34454345703125" SOURCE_ID="0" POSITION_T="257.0" POSITION_X="1144.6978981431278" POSITION_Y="324.26316143071665" FRAME="257" POSITION_Z="298.9326765179268" />
        <Spot ID="154380" name="ID154380" VISIBILITY="1" RADIUS="5.131581182307066" QUALITY="192.40869140625" SOURCE_ID="0" POSITION_T="257.0" POSITION_X="1080.1181550344884" POSITION_Y="375.20835527434616" FRAME="257" POSITION_Z="247.26160570717573" />
        <Spot ID="118478" name="ID118478" VISIBILITY="1" RADIUS="6.209213230591547" QUALITY="343.1736145019531" SOURCE_ID="0" POSITION_T="257.0" POSITION_X="1191.5839130222878" POSITION_Y="197.44762522450358" FRAME="257" CELL_DIVISION_TIME="107.0" POSITION_Z="275.1812479966248" />
        <Spot ID="172685" name="ID172685" VISIBILITY="1" RADIUS="6.830134553650705" QUALITY="222.09829711914062" SOURCE_ID="0" POSITION_T="257.0" POSITION_X="1164.2863262690894" POSITION_Y="381.5143978134049" FRAME="257" POSITION_Z="267.17535112546" />
      </SpotsInFrame>
      <SpotsInFrame frame="258">
        <Spot ID="123971" name="ID123971" VISIBILITY="1" RADIUS="8.26446280991735" QUALITY="-1.0" SOURCE_ID="0" POSITION_T="258.0" POSITION_X="1127.444559080264" POSITION_Y="369.28907635686636" FRAME="258" POSITION_Z="224.95642163120237" />
        <Spot ID="172704" name="ID172704" VISIBILITY="1" RADIUS="6.830134553650705" QUALITY="254.1569061279297" SOURCE_ID="0" POSITION_T="258.0" POSITION_X="1164.5158248868825" POSITION_Y="380.43256115115946" FRAME="258" POSITION_Z="266.6732766450748" />
        <Spot ID="124805" name="ID124805" VISIBILITY="1" RADIUS="7.513148009015772" QUALITY="-1.0" SOURCE_ID="0" POSITION_T="258.0" POSITION_X="1099.109851937482" POSITION_Y="381.8221065722218" FRAME="258" POSITION_Z="231.2778220665711" />
        <Spot ID="181271" name="ID181271" VISIBILITY="1" RADIUS="6.2092132305915495" QUALITY="150.5329132080078" SOURCE_ID="0" POSITION_T="258.0" POSITION_X="1147.509089431569" POSITION_Y="324.15709498913884" FRAME="258" POSITION_Z="298.67444616101255" />
        <Spot ID="101031" name="ID101031" VISIBILITY="1" RADIUS="7.513148009015777" QUALITY="-1.0" SOURCE_ID="0" POSITION_T="258.0" POSITION_X="1142.628905792884" POSITION_Y="192.71738800068178" FRAME="258" POSITION_Z="217.24710870536265" />
        <Spot ID="172996" name="ID172996" VISIBILITY="1" RADIUS="6.2092132305915495" QUALITY="195.50509643554688" SOURCE_ID="0" POSITION_T="258.0" POSITION_X="1140.0" POSITION_Y="369.0" FRAME="258" POSITION_Z="260.0" />
        <Spot ID="143704" name="ID143704" VISIBILITY="1" RADIUS="6.830134553650701" QUALITY="208.12855529785156" SOURCE_ID="0" POSITION_T="258.0" POSITION_X="1122.8195309656526" POSITION_Y="411.89844005181294" FRAME="258" CELL_DIVISION_TIME="51.0" POSITION_Z="274.1878867878297" />
        <Spot ID="118493" name="ID118493" VISIBILITY="1" RADIUS="6.209213230591547" QUALITY="336.3769226074219" SOURCE_ID="0" POSITION_T="258.0" POSITION_X="1192.4969401081478" POSITION_Y="197.86675194423262" FRAME="258" CELL_DIVISION_TIME="107.0" POSITION_Z="276.2148297765868" />
        <Spot ID="154527" name="ID154527" VISIBILITY="1" RADIUS="5.131581182307066" QUALITY="-1.0" SOURCE_ID="0" POSITION_T="258.0" POSITION_X="1081.5395475334847" POSITION_Y="374.57018677688103" FRAME="258" POSITION_Z="249.2457226974379" />
        <Spot ID="141997" name="ID141997" VISIBILITY="1" RADIUS="7.513148009015771" QUALITY="213.38633728027344" SOURCE_ID="0" POSITION_T="258.0" POSITION_X="1138.0299244140087" POSITION_Y="413.6845638657115" FRAME="258" POSITION_Z="254.43214144639873" />
      </SpotsInFrame>
      <SpotsInFrame frame="259">
        <Spot ID="172722" name="ID172722" VISIBILITY="1" RADIUS="6.830134553650705" QUALITY="236.1048126220703" SOURCE_ID="0" POSITION_T="259.0" POSITION_X="1164.5612306863322" POSITION_Y="380.2108364792018" FRAME="259" POSITION_Z="265.8927416503894" />
        <Spot ID="123955" name="ID123955" VISIBILITY="1" RADIUS="8.26446280991735" QUALITY="-1.0" SOURCE_ID="0" POSITION_T="259.0" POSITION_X="1128.5625902532936" POSITION_Y="369.56882133271716" FRAME="259" POSITION_Z="227.23989874854752" />
        <Spot ID="173014" name="ID173014" VISIBILITY="1" RADIUS="6.2092132305915495" QUALITY="205.19175720214844" SOURCE_ID="0" POSITION_T="259.0" POSITION_X="1137.5507310222965" POSITION_Y="368.09860255935223" FRAME="259" POSITION_Z="258.6379527703982" />
        <Spot ID="101030" name="ID101030" VISIBILITY="1" RADIUS="7.513148009015777" QUALITY="-1.0" SOURCE_ID="0" POSITION_T="259.0" POSITION_X="1143.038850556328" POSITION_Y="194.35716705445805" FRAME="259" POSITION_Z="217.24710870536265" />
        <Spot ID="143722" name="ID143722" VISIBILITY="1" RADIUS="6.830134553650701" QUALITY="196.67494201660156" SOURCE_ID="0" POSITION_T="259.0" POSITION_X="1124.5835888076947" POSITION_Y="411.10250483932515" FRAME="259" CELL_DIVISION_TIME="51.0" POSITION_Z="273.89552116752157" />
        <Spot ID="154586" name="ID154586" VISIBILITY="1" RADIUS="5.131581182307066" QUALITY="-1.0" SOURCE_ID="0" POSITION_T="259.0" POSITION_X="1081.5395475334847" POSITION_Y="375.16542187395964" FRAME="259" POSITION_Z="248.65048760035927" />
        <Spot ID="118570" name="ID118570" VISIBILITY="1" RADIUS="6.209213230591547" QUALITY="358.2040100097656" SOURCE_ID="0" POSITION_T="259.0" POSITION_X="1191.260150096682" POSITION_Y="201.2654080272282" FRAME="259" CELL_DIVISION_TIME="107.0" POSITION_Z="275.03360015233073" />
        <Spot ID="124751" name="ID124751" VISIBILITY="1" RADIUS="7.513148009015772" QUALITY="-1.0" SOURCE_ID="0" POSITION_T="259.0" POSITION_X="1099.1951454278578" POSITION_Y="383.4531616560398" FRAME="259" POSITION_Z="232.25273112264816" />
        <Spot ID="142013" name="ID142013" VISIBILITY="1" RADIUS="7.513148009015771" QUALITY="234.30050659179688" SOURCE_ID="0" POSITION_T="259.0" POSITION_X="1137.6636570354572" POSITION_Y="413.6845638657115" FRAME="259" POSITION_Z="256.2634783391576" />
        <Spot ID="181293" name="ID181293" VISIBILITY="1" RADIUS="6.2092132305915495" QUALITY="177.16848754882812" SOURCE_ID="0" POSITION_T="259.0" POSITION_X="1148.5228728933153" POSITION_Y="323.01909650704454" FRAME="259" POSITION_Z="298.16021854155696" />
      </SpotsInFrame>
      <SpotsInFrame frame="260">
        <Spot ID="142035" name="ID142035" VISIBILITY="1" RADIUS="7.513148009015771" QUALITY="241.1907501220703" SOURCE_ID="0" POSITION_T="260.0" POSITION_X="1136.1985875212501" POSITION_Y="413.6845638657116" FRAME="260" POSITION_Z="256.99601309626115" />
        <Spot ID="172739" name="ID172739" VISIBILITY="1" RADIUS="6.830134553650705" QUALITY="218.3343048095703" SOURCE_ID="0" POSITION_T="260.0" POSITION_X="1161.3372725973084" POSITION_Y="379.50787828647685" FRAME="260" POSITION_Z="264.79502896333094" />
        <Spot ID="123938" name="ID123938" VISIBILITY="1" RADIUS="8.26446280991735" QUALITY="-1.0" SOURCE_ID="0" POSITION_T="260.0" POSITION_X="1128.1899131956172" POSITION_Y="367.09948005172066" FRAME="260" POSITION_Z="227.5661097653111" />
        <Spot ID="123925" name="ID123925" VISIBILITY="1" RADIUS="8.26446280991735" QUALITY="-1.0" SOURCE_ID="0" POSITION_T="260.0" POSITION_X="1099.6784752066524" POSITION_Y="377.2551523375318" FRAME="260" POSITION_Z="237.7772157737512" />
        <Spot ID="101028" name="ID101028" VISIBILITY="1" RADIUS="7.513148009015777" QUALITY="-1.0" SOURCE_ID="0" POSITION_T="260.0" POSITION_X="1143.4487953197722" POSITION_Y="193.53727752756993" FRAME="260" POSITION_Z="217.24710870536265" />
        <Spot ID="181317" name="ID181317" VISIBILITY="1" RADIUS="6.2092132305915495" QUALITY="213.56382751464844" SOURCE_ID="0" POSITION_T="260.0" POSITION_X="1149.3695153582191" POSITION_Y="322.82137462973935" FRAME="260" POSITION_Z="299.0519417545266" />
        <Spot ID="143739" name="ID143739" VISIBILITY="1" RADIUS="6.830134553650701" QUALITY="181.48912048339844" SOURCE_ID="0" POSITION_T="260.0" POSITION_X="1126.5229466495975" POSITION_Y="410.8369337595776" FRAME="260" CELL_DIVISION_TIME="51.0" POSITION_Z="271.03316146521297" />
        <Spot ID="154619" name="ID154619" VISIBILITY="1" RADIUS="5.131581182307066" QUALITY="-1.0" SOURCE_ID="0" POSITION_T="260.0" POSITION_X="1081.5395475334847" POSITION_Y="373.7765399807761" FRAME="260" POSITION_Z="247.65842910522815" />
        <Spot ID="173033" name="ID173033" VISIBILITY="1" RADIUS="6.2092132305915495" QUALITY="194.0236053466797" SOURCE_ID="0" POSITION_T="260.0" POSITION_X="1135.8261856899614" POSITION_Y="365.5733892967691" FRAME="260" POSITION_Z="258.8336104574633" />
        <Spot ID="118589" name="ID118589" VISIBILITY="1" RADIUS="6.209213230591547" QUALITY="310.66314697265625" SOURCE_ID="0" POSITION_T="260.0" POSITION_X="1191.671175022576" POSITION_Y="199.1437602537694" FRAME="260" CELL_DIVISION_TIME="107.0" POSITION_Z="275.13245811893194" />
      </SpotsInFrame>
      <SpotsInFrame frame="261">
        <Spot ID="173058" name="ID173058" VISIBILITY="1" RADIUS="6.2092132305915495" QUALITY="191.52523803710938" SOURCE_ID="0" POSITION_T="261.0" POSITION_X="1137.5579214211002" POSITION_Y="363.84529184776267" FRAME="261" POSITION_Z="260.8052782916677" />
        <Spot ID="143827" name="ID143827" VISIBILITY="1" RADIUS="6.830134553650701" QUALITY="329.5491943359375" SOURCE_ID="0" POSITION_T="261.0" POSITION_X="1126.861472405118" POSITION_Y="410.4556453902717" FRAME="261" CELL_DIVISION_TIME="51.0" POSITION_Z="271.9299087913092" />
        <Spot ID="168339" name="ID168339" VISIBILITY="1" RADIUS="8.26446280991735" QUALITY="91.8214111328125" SOURCE_ID="0" POSITION_T="261.0" POSITION_X="1127.5257894986219" POSITION_Y="369.18719073436966" FRAME="261" POSITION_Z="234.28688170433173" />
        <Spot ID="154624" name="ID154624" VISIBILITY="1" RADIUS="5.131581182307066" QUALITY="-1.0" SOURCE_ID="0" POSITION_T="261.0" POSITION_X="1085.883759322913" POSITION_Y="373.5351948813634" FRAME="261" POSITION_Z="247.65842910522815" />
        <Spot ID="142049" name="ID142049" VISIBILITY="1" RADIUS="7.513148009015771" QUALITY="271.7257995605469" SOURCE_ID="0" POSITION_T="261.0" POSITION_X="1136.5263968250542" POSITION_Y="410.3304703466239" FRAME="261" POSITION_Z="259.5598847461236" />
        <Spot ID="124870" name="ID124870" VISIBILITY="1" RADIUS="7.513148009015772" QUALITY="-1.0" SOURCE_ID="0" POSITION_T="261.0" POSITION_X="1099.3057981489753" POSITION_Y="374.27020467762026" FRAME="261" POSITION_Z="239.17740313891278" />
        <Spot ID="118605" name="ID118605" VISIBILITY="1" RADIUS="6.209213230591547" QUALITY="384.0504455566406" SOURCE_ID="0" POSITION_T="261.0" POSITION_X="1193.1480191215844" POSITION_Y="199.85317758968475" FRAME="261" CELL_DIVISION_TIME="107.0" POSITION_Z="274.70777909571603" />
        <Spot ID="172767" name="ID172767" VISIBILITY="1" RADIUS="6.830134553650705" QUALITY="282.8764953613281" SOURCE_ID="0" POSITION_T="261.0" POSITION_X="1161.635886542403" POSITION_Y="378.43805608865813" FRAME="261" POSITION_Z="265.3310918307262" />
        <Spot ID="181343" name="ID181343" VISIBILITY="1" RADIUS="6.2092132305915495" QUALITY="199.16464233398438" SOURCE_ID="0" POSITION_T="261.0" POSITION_X="1150.031084642106" POSITION_Y="319.77722735288813" FRAME="261" POSITION_Z="300.41403891769716" />
        <Spot ID="100702" name="ID100702" VISIBILITY="1" RADIUS="7.513148009015777" QUALITY="-1.0" SOURCE_ID="0" POSITION_T="261.0" POSITION_X="1141.3990715025518" POSITION_Y="191.0776089469056" FRAME="261" POSITION_Z="217.24710870536265" />
      </SpotsInFrame>
      <SpotsInFrame frame="262">
        <Spot ID="143842" name="ID143842" VISIBILITY="1" RADIUS="6.830134553650701" QUALITY="357.23345947265625" SOURCE_ID="0" POSITION_T="262.0" POSITION_X="1126.0387983043372" POSITION_Y="410.52210299577143" FRAME="262" CELL_DIVISION_TIME="51.0" POSITION_Z="273.3367248407711" />
        <Spot ID="118624" name="ID118624" VISIBILITY="1" RADIUS="6.209213230591547" QUALITY="356.23419189453125" SOURCE_ID="0" POSITION_T="262.0" POSITION_X="1191.661124510152" POSITION_Y="203.68574735375827" FRAME="262" CELL_DIVISION_TIME="107.0" POSITION_Z="270.81977519596387" />
        <Spot ID="168355" name="ID168355" VISIBILITY="1" RADIUS="8.26446280991735" QUALITY="73.29432678222656" SOURCE_ID="0" POSITION_T="262.0" POSITION_X="1128.7404796196718" POSITION_Y="369.9304357162919" FRAME="262" POSITION_Z="231.62594438189416" />
        <Spot ID="142064" name="ID142064" VISIBILITY="1" RADIUS="7.513148009015771" QUALITY="311.28271484375" SOURCE_ID="0" POSITION_T="262.0" POSITION_X="1135.408365652025" POSITION_Y="408.8397621159183" FRAME="262" POSITION_Z="259.55988474612366" />
        <Spot ID="172785" name="ID172785" VISIBILITY="1" RADIUS="6.830134553650705" QUALITY="188.57144165039062" SOURCE_ID="0" POSITION_T="262.0" POSITION_X="1161.5884367080973" POSITION_Y="378.3816240802078" FRAME="262" POSITION_Z="264.5194895440354" />
        <Spot ID="181367" name="ID181367" VISIBILITY="1" RADIUS="6.2092132305915495" QUALITY="140.92689514160156" SOURCE_ID="0" POSITION_T="262.0" POSITION_X="1148.8911813841546" POSITION_Y="319.6511932799107" FRAME="262" POSITION_Z="298.9570539143077" />
        <Spot ID="124854" name="ID124854" VISIBILITY="1" RADIUS="7.513148009015772" QUALITY="-1.0" SOURCE_ID="0" POSITION_T="262.0" POSITION_X="1099.3057981489756" POSITION_Y="375.764444106826" FRAME="262" POSITION_Z="237.7772157737512" />
        <Spot ID="173077" name="ID173077" VISIBILITY="1" RADIUS="6.2092132305915495" QUALITY="285.59539794921875" SOURCE_ID="0" POSITION_T="262.0" POSITION_X="1139.2228686192145" POSITION_Y="365.29923180461617" FRAME="262" POSITION_Z="260.0325224007348" />
        <Spot ID="100474" name="ID100474" VISIBILITY="1" RADIUS="8.264462809917354" QUALITY="-1.0" SOURCE_ID="0" POSITION_T="262.0" POSITION_X="1143.4487953197722" POSITION_Y="191.89749847379372" FRAME="262" POSITION_Z="217.24710870536265" />
        <Spot ID="155004" name="ID155004" VISIBILITY="1" RADIUS="5.131581182307066" QUALITY="-1.0" SOURCE_ID="0" POSITION_T="262.0" POSITION_X="1086.607794621151" POSITION_Y="374.50057527901413" FRAME="262" POSITION_Z="247.65842910522815" />
      </SpotsInFrame>
      <SpotsInFrame frame="263">
        <Spot ID="143859" name="ID143859" VISIBILITY="1" RADIUS="6.830134553650701" QUALITY="288.6563415527344" SOURCE_ID="0" POSITION_T="263.0" POSITION_X="1126.3328079446778" POSITION_Y="410.3894471270235" FRAME="263" CELL_DIVISION_TIME="51.0" POSITION_Z="273.28799723738643" />
        <Spot ID="155027" name="ID155027" VISIBILITY="1" RADIUS="5.131581182307066" QUALITY="339.53778076171875" SOURCE_ID="0" POSITION_T="263.0" POSITION_X="1086.4952497228976" POSITION_Y="372.81115958312535" FRAME="263" POSITION_Z="252.91925538358876" />
        <Spot ID="118643" name="ID118643" VISIBILITY="1" RADIUS="6.209213230591547" QUALITY="326.24176025390625" SOURCE_ID="0" POSITION_T="263.0" POSITION_X="1193.529067499246" POSITION_Y="199.9907549320081" FRAME="263" CELL_DIVISION_TIME="107.0" POSITION_Z="273.5905862569017" />
        <Spot ID="173105" name="ID173105" VISIBILITY="1" RADIUS="6.2092132305915495" QUALITY="207.82106018066406" SOURCE_ID="0" POSITION_T="263.0" POSITION_X="1141.5142914416626" POSITION_Y="365.1382459750693" FRAME="263" POSITION_Z="264.5599049578418" />
        <Spot ID="181399" name="ID181399" VISIBILITY="1" RADIUS="6.2092132305915495" QUALITY="182.78443908691406" SOURCE_ID="0" POSITION_T="263.0" POSITION_X="1149.9999151806692" POSITION_Y="319.0407125556666" FRAME="263" POSITION_Z="299.16003258212345" />
        <Spot ID="124839" name="ID124839" VISIBILITY="1" RADIUS="7.513148009015772" QUALITY="-1.0" SOURCE_ID="0" POSITION_T="263.0" POSITION_X="1097.8095420435945" POSITION_Y="375.76444410682603" FRAME="263" POSITION_Z="238.8459701347376" />
        <Spot ID="172804" name="ID172804" VISIBILITY="1" RADIUS="6.830134553650705" QUALITY="160.11688232421875" SOURCE_ID="0" POSITION_T="263.0" POSITION_X="1156.5554353211028" POSITION_Y="377.68507398067504" FRAME="263" POSITION_Z="267.87072074742747" />
        <Spot ID="168383" name="ID168383" VISIBILITY="1" RADIUS="8.26446280991735" QUALITY="51.17832565307617" SOURCE_ID="0" POSITION_T="263.0" POSITION_X="1128.0242217090947" POSITION_Y="366.84383945173596" FRAME="263" POSITION_Z="230.6696974038671" />
        <Spot ID="100462" name="ID100462" VISIBILITY="1" RADIUS="8.264462809917354" QUALITY="-1.0" SOURCE_ID="0" POSITION_T="263.0" POSITION_X="1143.8587400832162" POSITION_Y="192.71738800068184" FRAME="263" POSITION_Z="217.24710870536265" />
        <Spot ID="142077" name="ID142077" VISIBILITY="1" RADIUS="7.513148009015771" QUALITY="251.14117431640625" SOURCE_ID="0" POSITION_T="263.0" POSITION_X="1135.7810427097015" POSITION_Y="409.2124391735948" FRAME="263" POSITION_Z="259.5598847461237" />
      </SpotsInFrame>
      <SpotsInFrame frame="264">
        <Spot ID="118672" name="ID118672" VISIBILITY="1" RADIUS="6.209213230591547" QUALITY="381.9995422363281" SOURCE_ID="0" POSITION_T="264.0" POSITION_X="1193.1083596403919" POSITION_Y="203.12522422548219" FRAME="264" CELL_DIVISION_TIME="107.0" POSITION_Z="270.8192762011794" />
        <Spot ID="172819" name="ID172819" VISIBILITY="1" RADIUS="6.830134553650705" QUALITY="187.67620849609375" SOURCE_ID="0" POSITION_T="264.0" POSITION_X="1156.6203694425103" POSITION_Y="376.8342385973332" FRAME="264" POSITION_Z="269.54693591584567" />
        <Spot ID="181696" name="ID181696" VISIBILITY="1" RADIUS="6.830134553650701" QUALITY="170.6519317626953" SOURCE_ID="0" POSITION_T="264.0" POSITION_X="1098.6645455323837" POSITION_Y="375.76444410682603" FRAME="264" POSITION_Z="238.2047175181458" />
        <Spot ID="181425" name="ID181425" VISIBILITY="1" RADIUS="6.2092132305915495" QUALITY="216.39981079101562" SOURCE_ID="0" POSITION_T="264.0" POSITION_X="1149.0209164046641" POSITION_Y="318.5976761032878" FRAME="264" POSITION_Z="300.1129997217281" />
        <Spot ID="143878" name="ID143878" VISIBILITY="1" RADIUS="6.830134553650701" QUALITY="311.2347412109375" SOURCE_ID="0" POSITION_T="264.0" POSITION_X="1128.4502302473002" POSITION_Y="409.1293460450439" FRAME="264" CELL_DIVISION_TIME="51.0" POSITION_Z="274.2075372530014" />
        <Spot ID="168407" name="ID168407" VISIBILITY="1" RADIUS="8.26446280991735" QUALITY="43.049015045166016" SOURCE_ID="0" POSITION_T="264.0" POSITION_X="1128.2655668085076" POSITION_Y="364.6717335570219" FRAME="264" POSITION_Z="230.66969740386713" />
        <Spot ID="142091" name="ID142091" VISIBILITY="1" RADIUS="7.513148009015771" QUALITY="309.58782958984375" SOURCE_ID="0" POSITION_T="264.0" POSITION_X="1138.0171050557599" POSITION_Y="413.172488685297" FRAME="264" POSITION_Z="264.126838980814" />
        <Spot ID="155048" name="ID155048" VISIBILITY="1" RADIUS="5.131581182307066" QUALITY="409.8061218261719" SOURCE_ID="0" POSITION_T="264.0" POSITION_X="1085.900014625819" POSITION_Y="370.03339579675827" FRAME="264" POSITION_Z="251.72878518943145" />
        <Spot ID="173119" name="ID173119" VISIBILITY="1" RADIUS="6.2092132305915495" QUALITY="146.92454528808594" SOURCE_ID="0" POSITION_T="264.0" POSITION_X="1138.1802352333084" POSITION_Y="364.1236495255574" FRAME="264" POSITION_Z="262.38393828234297" />
        <Spot ID="100446" name="ID100446" VISIBILITY="1" RADIUS="8.264462809917354" QUALITY="-1.0" SOURCE_ID="0" POSITION_T="264.0" POSITION_X="1142.21896102944" POSITION_Y="193.53727752756996" FRAME="264" POSITION_Z="217.24710870536268" />
      </SpotsInFrame>
      <SpotsInFrame frame="265">
        <Spot ID="118691" name="ID118691" VISIBILITY="1" RADIUS="6.209213230591547" QUALITY="433.8376770019531" SOURCE_ID="0" POSITION_T="265.0" POSITION_X="1195.7534643017761" POSITION_Y="198.32815318270886" FRAME="265" CELL_DIVISION_TIME="107.0" POSITION_Z="270.93336485446224" />
        <Spot ID="168423" name="ID168423" VISIBILITY="1" RADIUS="8.26446280991735" QUALITY="69.94076538085938" SOURCE_ID="0" POSITION_T="265.0" POSITION_X="1129.2309472061588" POSITION_Y="365.39576885526014" FRAME="265" POSITION_Z="230.6696974038672" />
        <Spot ID="172839" name="ID172839" VISIBILITY="1" RADIUS="6.830134553650705" QUALITY="214.85623168945312" SOURCE_ID="0" POSITION_T="265.0" POSITION_X="1157.3172649756198" POSITION_Y="377.79725994193785" FRAME="265" POSITION_Z="271.4778552406873" />
        <Spot ID="173143" name="ID173143" VISIBILITY="1" RADIUS="6.2092132305915495" QUALITY="214.43972778320312" SOURCE_ID="0" POSITION_T="265.0" POSITION_X="1138.7044326071214" POSITION_Y="363.289357774438" FRAME="265" POSITION_Z="263.75833032331036" />
        <Spot ID="100423" name="ID100423" VISIBILITY="1" RADIUS="9.09090909090909" QUALITY="-1.0" SOURCE_ID="0" POSITION_T="265.0" POSITION_X="1142.393670569009" POSITION_Y="193.5372775275699" FRAME="265" POSITION_Z="213.9507022983968" />
        <Spot ID="155067" name="ID155067" VISIBILITY="1" RADIUS="5.131581182307066" QUALITY="496.19842529296875" SOURCE_ID="0" POSITION_T="265.0" POSITION_X="1085.5031912277666" POSITION_Y="370.8270425928631" FRAME="265" POSITION_Z="254.109725577746" />
        <Spot ID="143896" name="ID143896" VISIBILITY="1" RADIUS="6.830134553650701" QUALITY="317.1907958984375" SOURCE_ID="0" POSITION_T="265.0" POSITION_X="1128.8777882331806" POSITION_Y="408.25079267462195" FRAME="265" CELL_DIVISION_TIME="51.0" POSITION_Z="276.99523443805947" />
        <Spot ID="181449" name="ID181449" VISIBILITY="1" RADIUS="6.2092132305915495" QUALITY="143.32318115234375" SOURCE_ID="0" POSITION_T="265.0" POSITION_X="1149.126937607183" POSITION_Y="317.82977955140666" FRAME="265" POSITION_Z="301.4599602435013" />
        <Spot ID="181711" name="ID181711" VISIBILITY="1" RADIUS="6.830134553650702" QUALITY="169.7948455810547" SOURCE_ID="0" POSITION_T="265.0" POSITION_X="1098.8757774549083" POSITION_Y="374.2770043252983" FRAME="265" POSITION_Z="241.6247314733022" />
        <Spot ID="142669" name="ID142669" VISIBILITY="1" RADIUS="6.830134553650701" QUALITY="-1.0" SOURCE_ID="0" POSITION_T="265.0" POSITION_X="1138.0171050557599" POSITION_Y="416.4345988529329" FRAME="265" POSITION_Z="270.3248482993222" />
      </SpotsInFrame>
      <SpotsInFrame frame="266">
        <Spot ID="143936" name="ID143936" VISIBILITY="1" RADIUS="6.830134553650701" QUALITY="220.54168701171875" SOURCE_ID="0" POSITION_T="266.0" POSITION_X="1127.81769485144" POSITION_Y="409.6432902830979" FRAME="266" CELL_DIVISION_TIME="51.0" POSITION_Z="273.35951753028985" />
        <Spot ID="168464" name="ID168464" VISIBILITY="1" RADIUS="8.26446280991735" QUALITY="65.36333465576172" SOURCE_ID="0" POSITION_T="266.0" POSITION_X="1127.0651760294" POSITION_Y="367.32652965056167" FRAME="266" POSITION_Z="224.42766535250246" />
        <Spot ID="118706" name="ID118706" VISIBILITY="1" RADIUS="6.209213230591547" QUALITY="579.6570434570312" SOURCE_ID="0" POSITION_T="266.0" POSITION_X="1198.0211840304776" POSITION_Y="196.67227979861073" FRAME="266" CELL_DIVISION_TIME="107.0" POSITION_Z="270.2690636766363" />
        <Spot ID="142678" name="ID142678" VISIBILITY="1" RADIUS="6.830134553650701" QUALITY="520.3350830078125" SOURCE_ID="0" POSITION_T="266.0" POSITION_X="1139.5460296958456" POSITION_Y="419.57172271764716" FRAME="266" POSITION_Z="270.51203164029687" />
        <Spot ID="172868" name="ID172868" VISIBILITY="1" RADIUS="6.830134553650705" QUALITY="182.89805603027344" SOURCE_ID="0" POSITION_T="266.0" POSITION_X="1156.7274206950162" POSITION_Y="376.04925936206246" FRAME="266" POSITION_Z="271.303589800507" />
        <Spot ID="181467" name="ID181467" VISIBILITY="1" RADIUS="6.2092132305915495" QUALITY="131.859130859375" SOURCE_ID="0" POSITION_T="266.0" POSITION_X="1145.723075879725" POSITION_Y="319.75137457053177" FRAME="266" POSITION_Z="301.44730232920796" />
        <Spot ID="173160" name="ID173160" VISIBILITY="1" RADIUS="6.2092132305915495" QUALITY="275.2660827636719" SOURCE_ID="0" POSITION_T="266.0" POSITION_X="1137.8231894361743" POSITION_Y="363.90620487897553" FRAME="266" POSITION_Z="264.2205178658223" />
        <Spot ID="100412" name="ID100412" VISIBILITY="1" RADIUS="9.09090909090909" QUALITY="-1.0" SOURCE_ID="0" POSITION_T="266.0" POSITION_X="1141.5737810421208" POSITION_Y="193.947222291014" FRAME="266" POSITION_Z="213.9507022983968" />
        <Spot ID="181727" name="ID181727" VISIBILITY="1" RADIUS="7.513148009015771" QUALITY="173.0979461669922" SOURCE_ID="0" POSITION_T="266.0" POSITION_X="1098.0207739661191" POSITION_Y="374.2770043252983" FRAME="266" POSITION_Z="243.76224019527496" />
        <Spot ID="155084" name="ID155084" VISIBILITY="1" RADIUS="5.131581182307066" QUALITY="526.2605590820312" SOURCE_ID="0" POSITION_T="266.0" POSITION_X="1085.9162699287247" POSITION_Y="368.51571370241527" FRAME="266" POSITION_Z="255.10178407287708" />
      </SpotsInFrame>
      <SpotsInFrame frame="267">
        <Spot ID="118720" name="ID118720" VISIBILITY="1" RADIUS="6.209213230591547" QUALITY="439.2897033691406" SOURCE_ID="0" POSITION_T="267.0" POSITION_X="1196.3311577689005" POSITION_Y="196.74876613997478" FRAME="267" CELL_DIVISION_TIME="107.0" POSITION_Z="270.0172827404064" />
        <Spot ID="144019" name="ID144019" VISIBILITY="1" RADIUS="6.830134553650701" QUALITY="271.3741455078125" SOURCE_ID="0" POSITION_T="267.0" POSITION_X="1129.2580656430218" POSITION_Y="409.1457659397301" FRAME="267" CELL_DIVISION_TIME="51.0" POSITION_Z="272.4855628937124" />
        <Spot ID="142692" name="ID142692" VISIBILITY="1" RADIUS="6.830134553650701" QUALITY="503.50299072265625" SOURCE_ID="0" POSITION_T="267.0" POSITION_X="1138.4647210177825" POSITION_Y="419.6069005819801" FRAME="267" POSITION_Z="269.45736577809464" />
        <Spot ID="172885" name="ID172885" VISIBILITY="1" RADIUS="6.830134553650705" QUALITY="132.14358520507812" SOURCE_ID="0" POSITION_T="267.0" POSITION_X="1157.4944521736977" POSITION_Y="378.55443360574566" FRAME="267" POSITION_Z="268.4128446085214" />
        <Spot ID="155209" name="ID155209" VISIBILITY="1" RADIUS="5.131581182307066" QUALITY="-1.0" SOURCE_ID="0" POSITION_T="267.0" POSITION_X="1084.1305646374888" POSITION_Y="368.51571370241527" FRAME="267" POSITION_Z="249.9430798981955" />
        <Spot ID="173177" name="ID173177" VISIBILITY="1" RADIUS="6.2092132305915495" QUALITY="310.8705139160156" SOURCE_ID="0" POSITION_T="267.0" POSITION_X="1136.5920113289926" POSITION_Y="364.7689214076123" FRAME="267" POSITION_Z="260.6979714642333" />
        <Spot ID="181487" name="ID181487" VISIBILITY="1" RADIUS="6.2092132305915495" QUALITY="197.78843688964844" SOURCE_ID="0" POSITION_T="267.0" POSITION_X="1142.3556469802663" POSITION_Y="321.19944516700787" FRAME="267" POSITION_Z="298.5663644593473" />
        <Spot ID="100255" name="ID100255" VISIBILITY="1" RADIUS="9.09090909090909" QUALITY="-1.0" SOURCE_ID="0" POSITION_T="267.0" POSITION_X="1142.393670569009" POSITION_Y="193.5372775275699" FRAME="267" POSITION_Z="213.9507022983968" />
        <Spot ID="168492" name="ID168492" VISIBILITY="1" RADIUS="8.26446280991735" QUALITY="49.771697998046875" SOURCE_ID="0" POSITION_T="267.0" POSITION_X="1127.0651760293997" POSITION_Y="370.6995285340073" FRAME="267" POSITION_Z="224.22925365347623" />
        <Spot ID="181741" name="ID181741" VISIBILITY="1" RADIUS="7.513148009015772" QUALITY="189.657958984375" SOURCE_ID="0" POSITION_T="267.0" POSITION_X="1098.0207739661191" POSITION_Y="373.110181520997" FRAME="267" POSITION_Z="239.09494897806968" />
      </SpotsInFrame>
      <SpotsInFrame frame="268">
        <Spot ID="100240" name="ID100240" VISIBILITY="1" RADIUS="9.09090909090909" QUALITY="-1.0" SOURCE_ID="0" POSITION_T="268.0" POSITION_X="1141.5737810421208" POSITION_Y="193.33429516897135" FRAME="268" POSITION_Z="213.95070229839683" />
        <Spot ID="168512" name="ID168512" VISIBILITY="1" RADIUS="8.26446280991735" QUALITY="68.22026062011719" SOURCE_ID="0" POSITION_T="268.0" POSITION_X="1127.0651760293995" POSITION_Y="367.92176474764017" FRAME="268" POSITION_Z="222.04672496418783" />
        <Spot ID="142705" name="ID142705" VISIBILITY="1" RADIUS="6.830134553650701" QUALITY="399.7149963378906" SOURCE_ID="0" POSITION_T="268.0" POSITION_X="1138.73916585414" POSITION_Y="419.39488994250087" FRAME="268" POSITION_Z="268.41006536058285" />
        <Spot ID="144036" name="ID144036" VISIBILITY="1" RADIUS="6.830134553650701" QUALITY="299.3971862792969" SOURCE_ID="0" POSITION_T="268.0" POSITION_X="1129.272904348082" POSITION_Y="409.06288843954405" FRAME="268" CELL_DIVISION_TIME="51.0" POSITION_Z="272.80072120353935" />
        <Spot ID="155236" name="ID155236" VISIBILITY="1" RADIUS="5.131581182307066" QUALITY="-1.0" SOURCE_ID="0" POSITION_T="268.0" POSITION_X="1082.4411489416" POSITION_Y="370.2155521928783" FRAME="268" POSITION_Z="245.5780225196187" />
        <Spot ID="172901" name="ID172901" VISIBILITY="1" RADIUS="6.830134553650705" QUALITY="151.82940673828125" SOURCE_ID="0" POSITION_T="268.0" POSITION_X="1157.0" POSITION_Y="380.0" FRAME="268" POSITION_Z="270.0" />
        <Spot ID="173210" name="ID173210" VISIBILITY="1" RADIUS="6.2092132305915495" QUALITY="263.1518859863281" SOURCE_ID="0" POSITION_T="268.0" POSITION_X="1136.8934550649133" POSITION_Y="363.6677731457565" FRAME="268" POSITION_Z="260.1748151749366" />
        <Spot ID="181754" name="ID181754" VISIBILITY="1" RADIUS="6.209213230591548" QUALITY="160.02658081054688" SOURCE_ID="0" POSITION_T="268.0" POSITION_X="1096.7382687329355" POSITION_Y="373.110181520997" FRAME="268" POSITION_Z="239.9499524668588" />
        <Spot ID="181582" name="ID181582" VISIBILITY="1" RADIUS="6.2092132305915495" QUALITY="188.83079528808594" SOURCE_ID="0" POSITION_T="268.0" POSITION_X="1142.9872541186428" POSITION_Y="321.0444254202197" FRAME="268" POSITION_Z="298.58747718490315" />
        <Spot ID="118734" name="ID118734" VISIBILITY="1" RADIUS="5.64473930053777" QUALITY="294.384765625" SOURCE_ID="0" POSITION_T="268.0" POSITION_X="1194.5821682727328" POSITION_Y="200.7653840219196" FRAME="268" CELL_DIVISION_TIME="107.0" POSITION_Z="271.11026271224296" />
      </SpotsInFrame>
      <SpotsInFrame frame="269">
        <Spot ID="182112" name="ID182112" VISIBILITY="1" RADIUS="6.209213230591548" QUALITY="-1.0" SOURCE_ID="0" POSITION_T="269.0" POSITION_X="1095.8832652441465" POSITION_Y="373.110181520997" FRAME="269" POSITION_Z="241.8737103166343" />
        <Spot ID="181606" name="ID181606" VISIBILITY="1" RADIUS="6.2092132305915495" QUALITY="179.65078735351562" SOURCE_ID="0" POSITION_T="269.0" POSITION_X="1144.7538894803656" POSITION_Y="321.1573168897789" FRAME="269" POSITION_Z="298.4624125360711" />
        <Spot ID="144053" name="ID144053" VISIBILITY="1" RADIUS="6.830134553650701" QUALITY="287.724853515625" SOURCE_ID="0" POSITION_T="269.0" POSITION_X="1128.9343785925619" POSITION_Y="409.44417680885005" FRAME="269" CELL_DIVISION_TIME="51.0" POSITION_Z="271.90397387744315" />
        <Spot ID="168538" name="ID168538" VISIBILITY="1" RADIUS="8.26446280991735" QUALITY="84.10433197021484" SOURCE_ID="0" POSITION_T="269.0" POSITION_X="1127.0651760293993" POSITION_Y="366.3344711554304" FRAME="269" POSITION_Z="223.43560685737134" />
        <Spot ID="172921" name="ID172921" VISIBILITY="1" RADIUS="6.830134553650705" QUALITY="168.65122985839844" SOURCE_ID="0" POSITION_T="269.0" POSITION_X="1153.7568435311819" POSITION_Y="378.8120908346579" FRAME="269" POSITION_Z="268.4736266587139" />
        <Spot ID="142718" name="ID142718" VISIBILITY="1" RADIUS="6.830134553650701" QUALITY="415.7826232910156" SOURCE_ID="0" POSITION_T="269.0" POSITION_X="1140.4653829789916" POSITION_Y="419.9527012419906" FRAME="269" POSITION_Z="268.0814941211579" />
        <Spot ID="155358" name="ID155358" VISIBILITY="1" RADIUS="5.131581182307066" QUALITY="-1.0" SOURCE_ID="0" POSITION_T="269.0" POSITION_X="1079.0623175498224" POSITION_Y="371.90496788876715" FRAME="269" POSITION_Z="245.5780225196187" />
        <Spot ID="173231" name="ID173231" VISIBILITY="1" RADIUS="6.2092132305915495" QUALITY="249.8904571533203" SOURCE_ID="0" POSITION_T="269.0" POSITION_X="1135.6428711024917" POSITION_Y="363.4888225881975" FRAME="269" POSITION_Z="260.4414168503832" />
        <Spot ID="100239" name="ID100239" VISIBILITY="1" RADIUS="9.09090909090909" QUALITY="-1.0" SOURCE_ID="0" POSITION_T="269.0" POSITION_X="1139.1141124614567" POSITION_Y="191.69451611519517" FRAME="269" POSITION_Z="217.29394114590178" />
        <Spot ID="118783" name="ID118783" VISIBILITY="1" RADIUS="5.64473930053777" QUALITY="405.58306884765625" SOURCE_ID="0" POSITION_T="269.0" POSITION_X="1194.3781784064472" POSITION_Y="198.43957779535995" FRAME="269" CELL_DIVISION_TIME="107.0" POSITION_Z="270.45433716807014" />
      </SpotsInFrame>
      <SpotsInFrame frame="270">
        <Spot ID="173250" name="ID173250" VISIBILITY="1" RADIUS="6.2092132305915495" QUALITY="269.1588439941406" SOURCE_ID="0" POSITION_T="270.0" POSITION_X="1137.5891266065294" POSITION_Y="363.8823519660013" FRAME="270" POSITION_Z="259.7318925215652" />
        <Spot ID="182114" name="ID182114" VISIBILITY="1" RADIUS="6.209213230591548" QUALITY="-1.0" SOURCE_ID="0" POSITION_T="270.0" POSITION_X="1093.959507394371" POSITION_Y="373.110181520997" FRAME="270" POSITION_Z="240.5912050834507" />
        <Spot ID="181632" name="ID181632" VISIBILITY="1" RADIUS="6.2092132305915495" QUALITY="246.77468872070312" SOURCE_ID="0" POSITION_T="270.0" POSITION_X="1142.2213166602671" POSITION_Y="322.3097425268972" FRAME="270" POSITION_Z="299.12860754610784" />
        <Spot ID="144070" name="ID144070" VISIBILITY="1" RADIUS="6.830134553650701" QUALITY="298.4324951171875" SOURCE_ID="0" POSITION_T="270.0" POSITION_X="1130.9776073698843" POSITION_Y="408.5984632278004" FRAME="270" CELL_DIVISION_TIME="51.0" POSITION_Z="271.24772234392333" />
        <Spot ID="155367" name="ID155367" VISIBILITY="1" RADIUS="5.131581182307066" QUALITY="293.1564025878906" SOURCE_ID="0" POSITION_T="270.0" POSITION_X="1081.596437454184" POSITION_Y="375.3927096467993" FRAME="270" POSITION_Z="244.23459773950805" />
        <Spot ID="142730" name="ID142730" VISIBILITY="1" RADIUS="6.830134553650701" QUALITY="480.1624755859375" SOURCE_ID="0" POSITION_T="270.0" POSITION_X="1142.7014453250501" POSITION_Y="417.3439618382557" FRAME="270" POSITION_Z="263.84075090323137" />
        <Spot ID="168554" name="ID168554" VISIBILITY="1" RADIUS="8.26446280991735" QUALITY="78.37635040283203" SOURCE_ID="0" POSITION_T="270.0" POSITION_X="1127.065176029399" POSITION_Y="371.69158702913825" FRAME="270" POSITION_Z="224.22925365347618" />
        <Spot ID="172936" name="ID172936" VISIBILITY="1" RADIUS="6.830134553650705" QUALITY="202.50335693359375" SOURCE_ID="0" POSITION_T="270.0" POSITION_X="1156.157625089399" POSITION_Y="377.0263855434219" FRAME="270" POSITION_Z="267.0113324368906" />
        <Spot ID="100234" name="ID100234" VISIBILITY="1" RADIUS="9.09090909090909" QUALITY="-1.0" SOURCE_ID="0" POSITION_T="270.0" POSITION_X="1138.2942229345686" POSITION_Y="190.05473706141893" FRAME="270" POSITION_Z="217.29394114590178" />
        <Spot ID="118797" name="ID118797" VISIBILITY="1" RADIUS="5.64473930053777" QUALITY="607.2299194335938" SOURCE_ID="0" POSITION_T="270.0" POSITION_X="1195.8676269087016" POSITION_Y="194.69529173614512" FRAME="270" CELL_DIVISION_TIME="107.0" POSITION_Z="270.7804985013158" />
      </SpotsInFrame>
      <SpotsInFrame frame="271">
        <Spot ID="173411" name="ID173411" VISIBILITY="1" RADIUS="6.830134553650705" QUALITY="227.66758728027344" SOURCE_ID="0" POSITION_T="271.0" POSITION_X="1152.3465091140083" POSITION_Y="374.29917975583464" FRAME="271" POSITION_Z="264.9328961603271" />
        <Spot ID="155382" name="ID155382" VISIBILITY="1" RADIUS="5.131581182307066" QUALITY="336.4338073730469" SOURCE_ID="0" POSITION_T="271.0" POSITION_X="1083.0384098477527" POSITION_Y="381.46438327534463" FRAME="271" POSITION_Z="245.7683840865418" />
        <Spot ID="118807" name="ID118807" VISIBILITY="1" RADIUS="5.64473930053777" QUALITY="583.6138305664062" SOURCE_ID="0" POSITION_T="271.0" POSITION_X="1196.6312572433983" POSITION_Y="196.73163929533598" FRAME="271" CELL_DIVISION_TIME="107.0" POSITION_Z="270.7804985013158" />
        <Spot ID="168676" name="ID168676" VISIBILITY="1" RADIUS="7.513148009015776" QUALITY="-1.0" SOURCE_ID="0" POSITION_T="271.0" POSITION_X="1127.0651760293995" POSITION_Y="368.0714105379481" FRAME="271" POSITION_Z="224.2292536534762" />
        <Spot ID="144085" name="ID144085" VISIBILITY="1" RADIUS="6.830134553650701" QUALITY="319.9351806640625" SOURCE_ID="0" POSITION_T="271.0" POSITION_X="1131.227100895045" POSITION_Y="408.7144398596105" FRAME="271" CELL_DIVISION_TIME="51.0" POSITION_Z="270.25351981105774" />
        <Spot ID="181653" name="ID181653" VISIBILITY="1" RADIUS="6.2092132305915495" QUALITY="236.53424072265625" SOURCE_ID="0" POSITION_T="271.0" POSITION_X="1146.5572116828873" POSITION_Y="321.10364088114073" FRAME="271" POSITION_Z="299.0727163183846" />
        <Spot ID="182133" name="ID182133" VISIBILITY="1" RADIUS="6.209213230591548" QUALITY="-1.0" SOURCE_ID="0" POSITION_T="271.0" POSITION_X="1099.303279199303" POSITION_Y="371.46468826698157" FRAME="271" POSITION_Z="239.26606066494293" />
        <Spot ID="173274" name="ID173274" VISIBILITY="1" RADIUS="6.2092132305915495" QUALITY="189.87738037109375" SOURCE_ID="0" POSITION_T="271.0" POSITION_X="1139.8039147978022" POSITION_Y="364.99149012032836" FRAME="271" POSITION_Z="260.9099775922301" />
        <Spot ID="100232" name="ID100232" VISIBILITY="1" RADIUS="9.09090909090909" QUALITY="-1.0" SOURCE_ID="0" POSITION_T="271.0" POSITION_X="1137.8842781711246" POSITION_Y="192.10446087863923" FRAME="271" POSITION_Z="217.29394114590178" />
        <Spot ID="142750" name="ID142750" VISIBILITY="1" RADIUS="6.830134553650701" QUALITY="615.68212890625" SOURCE_ID="0" POSITION_T="271.0" POSITION_X="1142.8263281439554" POSITION_Y="418.3394309179492" FRAME="271" POSITION_Z="264.8429775305791" />
      </SpotsInFrame>
      <SpotsInFrame frame="272">
        <Spot ID="144194" name="ID144194" VISIBILITY="1" RADIUS="6.830134553650701" QUALITY="295.3125" SOURCE_ID="0" POSITION_T="272.0" POSITION_X="1131.6222170099456" POSITION_Y="409.5265356245326" FRAME="272" CELL_DIVISION_TIME="51.0" POSITION_Z="266.0590065765377" />
        <Spot ID="173427" name="ID173427" VISIBILITY="1" RADIUS="6.830134553650705" QUALITY="245.17361450195312" SOURCE_ID="0" POSITION_T="272.0" POSITION_X="1151.3630132303745" POSITION_Y="374.31440575512903" FRAME="272" POSITION_Z="264.3673607307216" />
        <Spot ID="118820" name="ID118820" VISIBILITY="1" RADIUS="5.64473930053777" QUALITY="634.2984008789062" SOURCE_ID="0" POSITION_T="272.0" POSITION_X="1198.8605946394025" POSITION_Y="195.70854786913415" FRAME="272" CELL_DIVISION_TIME="107.0" POSITION_Z="270.78772319923706" />
        <Spot ID="155399" name="ID155399" VISIBILITY="1" RADIUS="5.131581182307066" QUALITY="336.96771240234375" SOURCE_ID="0" POSITION_T="272.0" POSITION_X="1083.038409847753" POSITION_Y="384.6389704597641" FRAME="272" POSITION_Z="245.37156068848935" />
        <Spot ID="168679" name="ID168679" VISIBILITY="1" RADIUS="7.513148009015776" QUALITY="-1.0" SOURCE_ID="0" POSITION_T="272.0" POSITION_X="1130.4262702109047" POSITION_Y="366.14064974264676" FRAME="272" POSITION_Z="218.22729975793322" />
        <Spot ID="100231" name="ID100231" VISIBILITY="1" RADIUS="9.09090909090909" QUALITY="-1.0" SOURCE_ID="0" POSITION_T="272.0" POSITION_X="1136.2444991173484" POSITION_Y="190.87462658830708" FRAME="272" POSITION_Z="217.29394114590178" />
        <Spot ID="181669" name="ID181669" VISIBILITY="1" RADIUS="6.2092132305915495" QUALITY="228.66552734375" SOURCE_ID="0" POSITION_T="272.0" POSITION_X="1144.3599611816908" POSITION_Y="322.9968625911005" FRAME="272" POSITION_Z="295.4717747225849" />
        <Spot ID="142762" name="ID142762" VISIBILITY="1" RADIUS="6.830134553650701" QUALITY="500.5203552246094" SOURCE_ID="0" POSITION_T="272.0" POSITION_X="1142.8263281439554" POSITION_Y="418.33943091794913" FRAME="272" POSITION_Z="262.559500413234" />
        <Spot ID="182154" name="ID182154" VISIBILITY="1" RADIUS="6.209213230591548" QUALITY="-1.0" SOURCE_ID="0" POSITION_T="272.0" POSITION_X="1104.8990274989928" POSITION_Y="368.67625486465204" FRAME="272" POSITION_Z="236.4088426838328" />
        <Spot ID="173292" name="ID173292" VISIBILITY="1" RADIUS="6.2092132305915495" QUALITY="228.38125610351562" SOURCE_ID="0" POSITION_T="272.0" POSITION_X="1141.2964979979579" POSITION_Y="365.8292526167764" FRAME="272" POSITION_Z="261.06605274574923" />
      </SpotsInFrame>
      <SpotsInFrame frame="273">
        <Spot ID="155414" name="ID155414" VISIBILITY="1" RADIUS="5.131581182307066" QUALITY="348.2468566894531" SOURCE_ID="0" POSITION_T="273.0" POSITION_X="1087.8653118360069" POSITION_Y="386.85400975486476" FRAME="273" POSITION_Z="247.15726597972534" />
        <Spot ID="173316" name="ID173316" VISIBILITY="1" RADIUS="6.2092132305915495" QUALITY="271.0544128417969" SOURCE_ID="0" POSITION_T="273.0" POSITION_X="1140.9009546304956" POSITION_Y="363.5839601995711" FRAME="273" POSITION_Z="260.54248644035687" />
        <Spot ID="173444" name="ID173444" VISIBILITY="1" RADIUS="6.830134553650705" QUALITY="224.2635955810547" SOURCE_ID="0" POSITION_T="273.0" POSITION_X="1150.4096900026577" POSITION_Y="373.4744592303498" FRAME="273" POSITION_Z="264.5666025069301" />
        <Spot ID="100230" name="ID100230" VISIBILITY="1" RADIUS="9.09090909090909" QUALITY="-1.0" SOURCE_ID="0" POSITION_T="273.0" POSITION_X="1135.4246095904602" POSITION_Y="190.46468182486302" FRAME="273" POSITION_Z="217.29394114590178" />
        <Spot ID="182181" name="ID182181" VISIBILITY="1" RADIUS="6.209213230591548" QUALITY="-1.0" SOURCE_ID="0" POSITION_T="273.0" POSITION_X="1104.899027498993" POSITION_Y="368.4428903037918" FRAME="273" POSITION_Z="236.87557180555334" />
        <Spot ID="142778" name="ID142778" VISIBILITY="1" RADIUS="6.830134553650701" QUALITY="620.2374267578125" SOURCE_ID="0" POSITION_T="273.0" POSITION_X="1142.0186338100168" POSITION_Y="418.03660568543756" FRAME="273" POSITION_Z="264.15084095875227" />
        <Spot ID="144206" name="ID144206" VISIBILITY="1" RADIUS="6.830134553650701" QUALITY="320.4299621582031" SOURCE_ID="0" POSITION_T="273.0" POSITION_X="1133.1219426217676" POSITION_Y="408.69750128042097" FRAME="273" CELL_DIVISION_TIME="51.0" POSITION_Z="266.44568517926814" />
        <Spot ID="118831" name="ID118831" VISIBILITY="1" RADIUS="5.64473930053777" QUALITY="570.3104858398438" SOURCE_ID="0" POSITION_T="273.0" POSITION_X="1198.7343974434948" POSITION_Y="192.37304809141887" FRAME="273" CELL_DIVISION_TIME="107.0" POSITION_Z="269.0824636040037" />
      </SpotsInFrame>
      <SpotsInFrame frame="274">
        <Spot ID="142787" name="ID142787" VISIBILITY="1" RADIUS="6.830134553650701" QUALITY="430.6002197265625" SOURCE_ID="0" POSITION_T="274.0" POSITION_X="1137.257157888844" POSITION_Y="418.0366056854377" FRAME="274" POSITION_Z="259.7556324161311" />
        <Spot ID="118930" name="ID118930" VISIBILITY="1" RADIUS="5.64473930053777" QUALITY="717.7705078125" SOURCE_ID="0" POSITION_T="274.0" POSITION_X="1197.566893458253" POSITION_Y="195.82062252948646" FRAME="274" CELL_DIVISION_TIME="107.0" POSITION_Z="266.6633109655842" />
        <Spot ID="100229" name="ID100229" VISIBILITY="1" RADIUS="9.09090909090909" QUALITY="-1.0" SOURCE_ID="0" POSITION_T="274.0" POSITION_X="1137.4743334076804" POSITION_Y="189.23484753453084" FRAME="274" POSITION_Z="217.29394114590178" />
        <Spot ID="173335" name="ID173335" VISIBILITY="1" RADIUS="6.2092132305915495" QUALITY="188.9326171875" SOURCE_ID="0" POSITION_T="274.0" POSITION_X="1141.7390623277095" POSITION_Y="362.55084036051323" FRAME="274" POSITION_Z="261.2028576316502" />
        <Spot ID="173463" name="ID173463" VISIBILITY="1" RADIUS="6.830134553650705" QUALITY="204.01800537109375" SOURCE_ID="0" POSITION_T="274.0" POSITION_X="1151.4881799326502" POSITION_Y="372.4816979974616" FRAME="274" POSITION_Z="264.5214475529107" />
        <Spot ID="144219" name="ID144219" VISIBILITY="1" RADIUS="6.830134553650701" QUALITY="201.38601684570312" SOURCE_ID="0" POSITION_T="274.0" POSITION_X="1132.3883007513468" POSITION_Y="408.2666938848048" FRAME="274" CELL_DIVISION_TIME="51.0" POSITION_Z="269.74345108769194" />
        <Spot ID="155439" name="ID155439" VISIBILITY="1" RADIUS="5.131581182307066" QUALITY="186.94505310058594" SOURCE_ID="0" POSITION_T="274.0" POSITION_X="1086.6748416418498" POSITION_Y="385.2667161626551" FRAME="274" POSITION_Z="241.99856180504372" />
        <Spot ID="182188" name="ID182188" VISIBILITY="1" RADIUS="6.209213230591548" QUALITY="-1.0" SOURCE_ID="0" POSITION_T="274.0" POSITION_X="1107.8739070620481" POSITION_Y="367.5303052238499" FRAME="274" POSITION_Z="235.2420198795315" />
      </SpotsInFrame>
      <SpotsInFrame frame="275">
        <Spot ID="100228" name="ID100228" VISIBILITY="1" RADIUS="9.09090909090909" QUALITY="-1.0" SOURCE_ID="0" POSITION_T="275.0" POSITION_X="1135.8345543539042" POSITION_Y="188.82490277108678" FRAME="275" POSITION_Z="217.29394114590178" />
        <Spot ID="173479" name="ID173479" VISIBILITY="1" RADIUS="6.830134553650705" QUALITY="185.20797729492188" SOURCE_ID="0" POSITION_T="275.0" POSITION_X="1150.7396635405594" POSITION_Y="373.56236256603927" FRAME="275" POSITION_Z="264.3716432593977" />
        <Spot ID="142805" name="ID142805" VISIBILITY="1" RADIUS="6.830134553650701" QUALITY="553.7120971679688" SOURCE_ID="0" POSITION_T="275.0" POSITION_X="1135.4258209960851" POSITION_Y="418.689027718965" FRAME="275" POSITION_Z="260.6942091046337" />
        <Spot ID="182314" name="ID182314" VISIBILITY="1" RADIUS="6.209213230591548" QUALITY="-1.0" SOURCE_ID="0" POSITION_T="275.0" POSITION_X="1106.0941875910048" POSITION_Y="366.0309784754669" FRAME="275" POSITION_Z="235.9157107979631" />
        <Spot ID="118939" name="ID118939" VISIBILITY="1" RADIUS="5.64473930053777" QUALITY="622.8082885742188" SOURCE_ID="0" POSITION_T="275.0" POSITION_X="1198.274951170378" POSITION_Y="189.8320213515912" FRAME="275" POSITION_Z="264.5926225058482" />
        <Spot ID="155544" name="ID155544" VISIBILITY="1" RADIUS="5.131581182307066" QUALITY="-1.0" SOURCE_ID="0" POSITION_T="275.0" POSITION_X="1085.682783146718" POSITION_Y="385.2667161626551" FRAME="275" POSITION_Z="242.59379690212236" />
        <Spot ID="144233" name="ID144233" VISIBILITY="1" RADIUS="6.830134553650701" QUALITY="281.4918212890625" SOURCE_ID="0" POSITION_T="275.0" POSITION_X="1135.4295036293108" POSITION_Y="407.88488683099547" FRAME="275" CELL_DIVISION_TIME="51.0" POSITION_Z="265.11038942270966" />
        <Spot ID="118989" name="ID118989" VISIBILITY="1" RADIUS="5.644739300537771" QUALITY="-1.0" SOURCE_ID="0" POSITION_T="275.0" POSITION_X="1195.6672728366857" POSITION_Y="200.29323688884315" FRAME="275" CELL_DIVISION_TIME="41.0" POSITION_Z="273.02080047847653" />
      </SpotsInFrame>
      <SpotsInFrame frame="276">
        <Spot ID="142946" name="ID142946" VISIBILITY="1" RADIUS="6.830134553650701" QUALITY="511.7463073730469" SOURCE_ID="0" POSITION_T="276.0" POSITION_X="1133.6408627326562" POSITION_Y="417.5303387011318" FRAME="276" POSITION_Z="260.3198925689218" />
        <Spot ID="182867" name="ID182867" VISIBILITY="1" RADIUS="6.209213230591548" QUALITY="-1.0" SOURCE_ID="0" POSITION_T="276.0" POSITION_X="1105.031730604199" POSITION_Y="366.2434698728279" FRAME="276" POSITION_Z="235.91571079796313" />
        <Spot ID="100227" name="ID100227" VISIBILITY="1" RADIUS="9.09090909090909" QUALITY="-1.0" SOURCE_ID="0" POSITION_T="276.0" POSITION_X="1133.784830536684" POSITION_Y="185.9552894269784" FRAME="276" POSITION_Z="217.29394114590178" />
        <Spot ID="118949" name="ID118949" VISIBILITY="1" RADIUS="5.64473930053777" QUALITY="253.76980590820312" SOURCE_ID="0" POSITION_T="276.0" POSITION_X="1196.9562706139025" POSITION_Y="188.39491570921376" FRAME="276" POSITION_Z="261.60654717343215" />
        <Spot ID="144247" name="ID144247" VISIBILITY="1" RADIUS="6.830134553650701" QUALITY="286.5058288574219" SOURCE_ID="0" POSITION_T="276.0" POSITION_X="1133.9297780174893" POSITION_Y="408.71392117510726" FRAME="276" CELL_DIVISION_TIME="51.0" POSITION_Z="264.72371081997915" />
        <Spot ID="155559" name="ID155559" VISIBILITY="1" RADIUS="5.131581182307066" QUALITY="383.719482421875" SOURCE_ID="0" POSITION_T="276.0" POSITION_X="1082.4857929281152" POSITION_Y="383.4788229019668" FRAME="276" POSITION_Z="241.66602672533028" />
        <Spot ID="119943" name="ID119943" VISIBILITY="1" RADIUS="5.644739300537771" QUALITY="569.0858154296875" SOURCE_ID="0" POSITION_T="276.0" POSITION_X="1193.4403126968068" POSITION_Y="204.0678202968666" FRAME="276" CELL_DIVISION_TIME="41.0" POSITION_Z="276.202294665536" />
        <Spot ID="173500" name="ID173500" VISIBILITY="1" RADIUS="6.830134553650705" QUALITY="194.92324829101562" SOURCE_ID="0" POSITION_T="276.0" POSITION_X="1146.9398405874208" POSITION_Y="373.9528150501758" FRAME="276" POSITION_Z="264.7827532862534" />
      </SpotsInFrame>
      <SpotsInFrame frame="277">
        <Spot ID="119952" name="ID119952" VISIBILITY="1" RADIUS="5.644739300537771" QUALITY="532.7681274414062" SOURCE_ID="0" POSITION_T="277.0" POSITION_X="1194.6033291040103" POSITION_Y="205.72997565192827" FRAME="277" CELL_DIVISION_TIME="41.0" POSITION_Z="275.4679486159375" />
        <Spot ID="144339" name="ID144339" VISIBILITY="1" RADIUS="6.830134553650701" QUALITY="250.20440673828125" SOURCE_ID="0" POSITION_T="277.0" POSITION_X="1134.1941102477097" POSITION_Y="408.7470203067313" FRAME="277" CELL_DIVISION_TIME="51.0" POSITION_Z="264.0446665969405" />
        <Spot ID="142960" name="ID142960" VISIBILITY="1" RADIUS="6.830134553650701" QUALITY="534.2221069335938" SOURCE_ID="0" POSITION_T="277.0" POSITION_X="1135.5684772369536" POSITION_Y="416.4717332047787" FRAME="277" POSITION_Z="259.83633785676943" />
        <Spot ID="118965" name="ID118965" VISIBILITY="1" RADIUS="5.64473930053777" QUALITY="418.1091613769531" SOURCE_ID="0" POSITION_T="277.0" POSITION_X="1195.7849939310456" POSITION_Y="185.44867609723147" FRAME="277" POSITION_Z="259.85604301810076" />
        <Spot ID="155579" name="ID155579" VISIBILITY="1" RADIUS="5.131581182307066" QUALITY="368.176513671875" SOURCE_ID="0" POSITION_T="277.0" POSITION_X="1079.5249243860733" POSITION_Y="385.3252352519171" FRAME="277" POSITION_Z="242.56459307717708" />
        <Spot ID="182888" name="ID182888" VISIBILITY="1" RADIUS="6.209213230591548" QUALITY="-1.0" SOURCE_ID="0" POSITION_T="277.0" POSITION_X="1104.1817650147545" POSITION_Y="367.0934354622723" FRAME="277" POSITION_Z="235.91571079796313" />
        <Spot ID="100204" name="ID100204" VISIBILITY="1" RADIUS="9.09090909090909" QUALITY="-1.0" SOURCE_ID="0" POSITION_T="277.0" POSITION_X="1136.2444991173484" POSITION_Y="185.54534466353434" FRAME="277" POSITION_Z="217.29394114590178" />
      </SpotsInFrame>
      <SpotsInFrame frame="278">
        <Spot ID="100177" name="ID100177" VISIBILITY="1" RADIUS="9.09090909090909" QUALITY="-1.0" SOURCE_ID="0" POSITION_T="278.0" POSITION_X="1137.0643886442365" POSITION_Y="183.08567608287" FRAME="278" POSITION_Z="217.29394114590178" />
        <Spot ID="144354" name="ID144354" VISIBILITY="1" RADIUS="6.830134553650701" QUALITY="327.5426940917969" SOURCE_ID="0" POSITION_T="278.0" POSITION_X="1131.8717105351072" POSITION_Y="409.6425122563427" FRAME="278" CELL_DIVISION_TIME="51.0" POSITION_Z="265.0648040436719" />
        <Spot ID="142979" name="ID142979" VISIBILITY="1" RADIUS="6.830134553650701" QUALITY="438.44403076171875" SOURCE_ID="0" POSITION_T="278.0" POSITION_X="1135.5444887530036" POSITION_Y="417.28935700044923" FRAME="278" POSITION_Z="259.9525978624739" />
        <Spot ID="118978" name="ID118978" VISIBILITY="1" RADIUS="5.64473930053777" QUALITY="403.0822448730469" SOURCE_ID="0" POSITION_T="278.0" POSITION_X="1196.3837835297552" POSITION_Y="187.385247304404" FRAME="278" POSITION_Z="260.2220924493806" />
        <Spot ID="155593" name="ID155593" VISIBILITY="1" RADIUS="5.131581182307066" QUALITY="507.2559509277344" SOURCE_ID="0" POSITION_T="278.0" POSITION_X="1078.773868939286" POSITION_Y="388.07933292855273" FRAME="278" POSITION_Z="243.63261267810816" />
        <Spot ID="119964" name="ID119964" VISIBILITY="1" RADIUS="4.240976183724847" QUALITY="354.0306701660156" SOURCE_ID="0" POSITION_T="278.0" POSITION_X="1193.2508912244632" POSITION_Y="207.58864938946166" FRAME="278" CELL_DIVISION_TIME="41.0" POSITION_Z="277.738812147193" />
      </SpotsInFrame>
      <SpotsInFrame frame="279">
        <Spot ID="119025" name="ID119025" VISIBILITY="1" RADIUS="5.64473930053777" QUALITY="465.02874755859375" SOURCE_ID="0" POSITION_T="279.0" POSITION_X="1194.212306378197" POSITION_Y="189.45170043903988" FRAME="279" POSITION_Z="260.1897950901938" />
        <Spot ID="100003" name="ID100003" VISIBILITY="1" RADIUS="9.09090909090909" QUALITY="-1.0" SOURCE_ID="0" POSITION_T="279.0" POSITION_X="1137.8842781711246" POSITION_Y="180.14442190631505" FRAME="279" POSITION_Z="215.86112449697112" />
        <Spot ID="121050" name="ID121050" VISIBILITY="1" RADIUS="4.665073802097331" QUALITY="-1.0" SOURCE_ID="0" POSITION_T="279.0" POSITION_X="1189.9214160473541" POSITION_Y="206.19895384418675" FRAME="279" CELL_DIVISION_TIME="41.0" POSITION_Z="282.9409850655583" />
        <Spot ID="155607" name="ID155607" VISIBILITY="1" RADIUS="5.131581182307066" QUALITY="360.4747619628906" SOURCE_ID="0" POSITION_T="279.0" POSITION_X="1074.2421039823469" POSITION_Y="386.7591503621977" FRAME="279" POSITION_Z="244.71023984227736" />
        <Spot ID="144367" name="ID144367" VISIBILITY="1" RADIUS="6.830134553650701" QUALITY="409.7876892089844" SOURCE_ID="0" POSITION_T="279.0" POSITION_X="1130.8948280597824" POSITION_Y="406.06481744301254" FRAME="279" CELL_DIVISION_TIME="51.0" POSITION_Z="263.3915572877677" />
        <Spot ID="142996" name="ID142996" VISIBILITY="1" RADIUS="6.830134553650701" QUALITY="533.1795043945312" SOURCE_ID="0" POSITION_T="279.0" POSITION_X="1138.9125429372598" POSITION_Y="418.10522911893236" FRAME="279" POSITION_Z="259.81310581948327" />
      </SpotsInFrame>
      <SpotsInFrame frame="280">
        <Spot ID="99440" name="ID99440" VISIBILITY="1" RADIUS="9.09090909090909" QUALITY="-1.0" SOURCE_ID="0" POSITION_T="280.0" POSITION_X="1140.7538915152331" POSITION_Y="176.4549190353185" FRAME="280" POSITION_Z="215.86112449697112" />
        <Spot ID="143011" name="ID143011" VISIBILITY="1" RADIUS="6.830134553650701" QUALITY="748.18359375" SOURCE_ID="0" POSITION_T="280.0" POSITION_X="1137.049157648878" POSITION_Y="414.7511355998446" FRAME="280" POSITION_Z="259.81310581948327" />
        <Spot ID="155622" name="ID155622" VISIBILITY="1" RADIUS="5.131581182307066" QUALITY="549.1541748046875" SOURCE_ID="0" POSITION_T="280.0" POSITION_X="1075.6433531679836" POSITION_Y="388.5866293374688" FRAME="280" POSITION_Z="244.77614662455625" />
        <Spot ID="119037" name="ID119037" VISIBILITY="1" RADIUS="5.64473930053777" QUALITY="397.0113830566406" SOURCE_ID="0" POSITION_T="280.0" POSITION_X="1192.4927245420256" POSITION_Y="191.03946139176188" FRAME="280" POSITION_Z="260.07614514322887" />
        <Spot ID="145940" name="ID145940" VISIBILITY="1" RADIUS="5.131581182307064" QUALITY="-1.0" SOURCE_ID="0" POSITION_T="280.0" POSITION_X="1129.0166040663407" POSITION_Y="403.53895553946353" FRAME="280" POSITION_Z="263.07639897794064" />
        <Spot ID="121103" name="ID121103" VISIBILITY="1" RADIUS="5.644739300537771" QUALITY="-1.0" SOURCE_ID="0" POSITION_T="280.0" POSITION_X="1188.6385243988025" POSITION_Y="206.0861520814431" FRAME="280" CELL_DIVISION_TIME="41.0" POSITION_Z="278.18462729522594" />
      </SpotsInFrame>
      <SpotsInFrame frame="281">
        <Spot ID="119049" name="ID119049" VISIBILITY="1" RADIUS="5.64473930053777" QUALITY="366.7698059082031" SOURCE_ID="0" POSITION_T="281.0" POSITION_X="1190.9317623027596" POSITION_Y="191.78472432778514" FRAME="281" POSITION_Z="259.5906444966464" />
        <Spot ID="145963" name="ID145963" VISIBILITY="1" RADIUS="5.644739300537771" QUALITY="-1.0" SOURCE_ID="0" POSITION_T="281.0" POSITION_X="1127.445449390079" POSITION_Y="403.25748324953315" FRAME="281" POSITION_Z="267.4658226259994" />
        <Spot ID="121106" name="ID121106" VISIBILITY="1" RADIUS="5.644739300537771" QUALITY="-1.0" SOURCE_ID="0" POSITION_T="281.0" POSITION_X="1188.8088644064392" POSITION_Y="206.62199694901875" FRAME="281" CELL_DIVISION_TIME="41.0" POSITION_Z="282.3192938168766" />
        <Spot ID="155649" name="ID155649" VISIBILITY="1" RADIUS="5.131581182307066" QUALITY="391.3443298339844" SOURCE_ID="0" POSITION_T="281.0" POSITION_X="1071.4175187851401" POSITION_Y="385.9318332439293" FRAME="281" POSITION_Z="240.41108924597947" />
        <Spot ID="143030" name="ID143030" VISIBILITY="1" RADIUS="6.830134553650701" QUALITY="667.4631958007812" SOURCE_ID="0" POSITION_T="281.0" POSITION_X="1134.923743272428" POSITION_Y="415.6436756159913" FRAME="281" POSITION_Z="254.45159502777477" />
        <Spot ID="99428" name="ID99428" VISIBILITY="1" RADIUS="9.999999999999998" QUALITY="-1.0" SOURCE_ID="0" POSITION_T="281.0" POSITION_X="1139.5677346097932" POSITION_Y="173.84523090120987" FRAME="281" POSITION_Z="216.67377197765103" />
      </SpotsInFrame>
      <SpotsInFrame frame="282">
        <Spot ID="143050" name="ID143050" VISIBILITY="1" RADIUS="6.830134553650701" QUALITY="540.8114624023438" SOURCE_ID="0" POSITION_T="282.0" POSITION_X="1132.0143270906976" POSITION_Y="414.0548723853454" FRAME="282" POSITION_Z="256.0396062360649" />
        <Spot ID="155754" name="ID155754" VISIBILITY="1" RADIUS="5.131581182307066" QUALITY="-1.0" SOURCE_ID="0" POSITION_T="282.0" POSITION_X="1068.4413432997467" POSITION_Y="384.04570232195266" FRAME="282" POSITION_Z="240.86390921719027" />
        <Spot ID="99395" name="ID99395" VISIBILITY="1" RADIUS="9.09090909090909" QUALITY="-1.0" SOURCE_ID="0" POSITION_T="282.0" POSITION_X="1141.1638362786775" POSITION_Y="177.00018537116165" FRAME="282" POSITION_Z="220.1595744437632" />
        <Spot ID="119059" name="ID119059" VISIBILITY="1" RADIUS="5.64473930053777" QUALITY="405.5110168457031" SOURCE_ID="0" POSITION_T="282.0" POSITION_X="1192.5365421887977" POSITION_Y="194.91058058232036" FRAME="282" POSITION_Z="260.8565739636806" />
        <Spot ID="121107" name="ID121107" VISIBILITY="1" RADIUS="5.131581182307064" QUALITY="-1.0" SOURCE_ID="0" POSITION_T="282.0" POSITION_X="1188.205400423325" POSITION_Y="207.62875648944373" FRAME="282" CELL_DIVISION_TIME="41.0" POSITION_Z="281.4425412119151" />
        <Spot ID="145975" name="ID145975" VISIBILITY="1" RADIUS="5.644739300537771" QUALITY="-1.0" SOURCE_ID="0" POSITION_T="282.0" POSITION_X="1128.1908035054319" POSITION_Y="400.27606678812185" FRAME="282" POSITION_Z="267.4658226259994" />
      </SpotsInFrame>
      <SpotsInFrame frame="283">
        <Spot ID="119073" name="ID119073" VISIBILITY="1" RADIUS="5.64473930053777" QUALITY="376.46868896484375" SOURCE_ID="0" POSITION_T="283.0" POSITION_X="1186.651261427874" POSITION_Y="194.60015509725707" FRAME="283" POSITION_Z="260.33255022498713" />
        <Spot ID="99385" name="ID99385" VISIBILITY="1" RADIUS="9.09090909090909" QUALITY="-1.0" SOURCE_ID="0" POSITION_T="283.0" POSITION_X="1141.5301036572291" POSITION_Y="176.59024060771753" FRAME="283" POSITION_Z="218.69450492955616" />
        <Spot ID="143066" name="ID143066" VISIBILITY="1" RADIUS="6.830134553650701" QUALITY="512.5620727539062" SOURCE_ID="0" POSITION_T="283.0" POSITION_X="1132.1277146254222" POSITION_Y="413.220209878505" FRAME="283" POSITION_Z="256.06890353457464" />
        <Spot ID="155801" name="ID155801" VISIBILITY="1" RADIUS="5.131581182307066" QUALITY="-1.0" SOURCE_ID="0" POSITION_T="283.0" POSITION_X="1065.4651678143537" POSITION_Y="378.64233556002046" FRAME="283" POSITION_Z="242.44927224868385" />
        <Spot ID="121548" name="ID121548" VISIBILITY="1" RADIUS="6.209213230591548" QUALITY="-1.0" SOURCE_ID="0" POSITION_T="283.0" POSITION_X="1186.8511581292971" POSITION_Y="208.37766261826852" FRAME="283" CELL_DIVISION_TIME="41.0" POSITION_Z="279.4125717567306" />
        <Spot ID="145999" name="ID145999" VISIBILITY="1" RADIUS="5.644739300537771" QUALITY="-1.0" SOURCE_ID="0" POSITION_T="283.0" POSITION_X="1127.5196429153793" POSITION_Y="397.2529398834571" FRAME="283" POSITION_Z="269.0416141751342" />
      </SpotsInFrame>
      <SpotsInFrame frame="284">
        <Spot ID="155914" name="ID155914" VISIBILITY="1" RADIUS="4.665073802097333" QUALITY="-1.0" SOURCE_ID="0" POSITION_T="284.0" POSITION_X="1065.4651678143534" POSITION_Y="378.4439238609942" FRAME="284" POSITION_Z="236.69533297692357" />
        <Spot ID="99384" name="ID99384" VISIBILITY="1" RADIUS="9.09090909090909" QUALITY="-1.0" SOURCE_ID="0" POSITION_T="284.0" POSITION_X="1137.8406007862325" POSITION_Y="177.8200748980497" FRAME="284" POSITION_Z="218.69450492955616" />
        <Spot ID="143083" name="ID143083" VISIBILITY="1" RADIUS="6.830134553650701" QUALITY="489.2654113769531" SOURCE_ID="0" POSITION_T="284.0" POSITION_X="1131.1207685252284" POSITION_Y="410.6806381461697" FRAME="284" POSITION_Z="254.42592202564893" />
        <Spot ID="146027" name="ID146027" VISIBILITY="1" RADIUS="5.644739300537771" QUALITY="516.3658447265625" SOURCE_ID="0" POSITION_T="284.0" POSITION_X="1127.0967740486794" POSITION_Y="395.5630333847095" FRAME="284" POSITION_Z="269.1085893868267" />
        <Spot ID="121563" name="ID121563" VISIBILITY="1" RADIUS="6.209213230591548" QUALITY="-1.0" SOURCE_ID="0" POSITION_T="284.0" POSITION_X="1185.8725250790062" POSITION_Y="209.35629566855923" FRAME="284" CELL_DIVISION_TIME="41.0" POSITION_Z="284.30573700818434" />
        <Spot ID="119093" name="ID119093" VISIBILITY="1" RADIUS="5.64473930053777" QUALITY="286.0734558105469" SOURCE_ID="0" POSITION_T="284.0" POSITION_X="1187.1603483176716" POSITION_Y="194.60015509725704" FRAME="284" POSITION_Z="260.3325502249871" />
      </SpotsInFrame>
      <SpotsInFrame frame="285">
        <Spot ID="146042" name="ID146042" VISIBILITY="1" RADIUS="5.644739300537771" QUALITY="470.6392517089844" SOURCE_ID="0" POSITION_T="285.0" POSITION_X="1124.5216266222103" POSITION_Y="394.9977728259644" FRAME="285" POSITION_Z="268.40288166180653" />
        <Spot ID="119104" name="ID119104" VISIBILITY="1" RADIUS="5.64473930053777" QUALITY="333.08294677734375" SOURCE_ID="0" POSITION_T="285.0" POSITION_X="1185.887631093177" POSITION_Y="197.9092198809422" FRAME="285" POSITION_Z="260.332550224987" />
        <Spot ID="121584" name="ID121584" VISIBILITY="1" RADIUS="6.209213230591548" QUALITY="-1.0" SOURCE_ID="0" POSITION_T="285.0" POSITION_X="1185.872525079006" POSITION_Y="210.00871770208641" FRAME="285" CELL_DIVISION_TIME="41.0" POSITION_Z="284.6319480249479" />
        <Spot ID="143099" name="ID143099" VISIBILITY="1" RADIUS="6.830134553650701" QUALITY="373.265869140625" SOURCE_ID="0" POSITION_T="285.0" POSITION_X="1130.4761777458834" POSITION_Y="411.1612092785646" FRAME="285" POSITION_Z="252.19803806153877" />
        <Spot ID="156240" name="ID156240" VISIBILITY="1" RADIUS="4.665073802097333" QUALITY="-1.0" SOURCE_ID="0" POSITION_T="285.0" POSITION_X="1061.120956024925" POSITION_Y="381.49554335258614" FRAME="285" POSITION_Z="231.5366288022419" />
        <Spot ID="99383" name="ID99383" VISIBILITY="1" RADIUS="9.09090909090909" QUALITY="-1.0" SOURCE_ID="0" POSITION_T="285.0" POSITION_X="1137.8406007862325" POSITION_Y="174.95046155394132" FRAME="285" POSITION_Z="218.69450492955616" />
      </SpotsInFrame>
      <SpotsInFrame frame="286">
        <Spot ID="99377" name="ID99377" VISIBILITY="1" RADIUS="8.264462809917354" QUALITY="-1.0" SOURCE_ID="0" POSITION_T="286.0" POSITION_X="1137.0207112593444" POSITION_Y="173.72062726360915" FRAME="286" POSITION_Z="218.69450492955616" />
        <Spot ID="143121" name="ID143121" VISIBILITY="1" RADIUS="6.830134553650701" QUALITY="477.8611145019531" SOURCE_ID="0" POSITION_T="286.0" POSITION_X="1131.600796463557" POSITION_Y="412.6171200461859" FRAME="286" POSITION_Z="251.6157629689983" />
        <Spot ID="119116" name="ID119116" VISIBILITY="1" RADIUS="5.64473930053777" QUALITY="298.5104675292969" SOURCE_ID="0" POSITION_T="286.0" POSITION_X="1186.3454206746865" POSITION_Y="196.56763843685283" FRAME="286" POSITION_Z="261.9633568912154" />
        <Spot ID="121639" name="ID121639" VISIBILITY="1" RADIUS="6.209213230591548" QUALITY="-1.0" SOURCE_ID="0" POSITION_T="286.0" POSITION_X="1186.524947112533" POSITION_Y="210.66113973561357" FRAME="286" CELL_DIVISION_TIME="41.0" POSITION_Z="283.9795259914207" />
        <Spot ID="156268" name="ID156268" VISIBILITY="1" RADIUS="4.665073802097333" QUALITY="496.7275695800781" SOURCE_ID="0" POSITION_T="286.0" POSITION_X="1062.0840871724893" POSITION_Y="380.89491745448896" FRAME="286" POSITION_Z="231.39782532509412" />
        <Spot ID="146053" name="ID146053" VISIBILITY="1" RADIUS="5.644739300537771" QUALITY="492.5834045410156" SOURCE_ID="0" POSITION_T="286.0" POSITION_X="1126.526669751816" POSITION_Y="393.4256771201215" FRAME="286" POSITION_Z="266.37620166094314" />
      </SpotsInFrame>
      <SpotsInFrame frame="287">
        <Spot ID="121640" name="ID121640" VISIBILITY="1" RADIUS="5.131581182307064" QUALITY="-1.0" SOURCE_ID="0" POSITION_T="287.0" POSITION_X="1184.9797648747492" POSITION_Y="207.7252405847414" FRAME="287" CELL_DIVISION_TIME="41.0" POSITION_Z="283.00089294112985" />
        <Spot ID="99362" name="ID99362" VISIBILITY="1" RADIUS="10.0" QUALITY="-1.0" SOURCE_ID="0" POSITION_T="287.0" POSITION_X="1137.4306560227885" POSITION_Y="171.67090344638885" FRAME="287" POSITION_Z="218.69450492955616" />
        <Spot ID="119125" name="ID119125" VISIBILITY="1" RADIUS="5.64473930053777" QUALITY="243.7064971923828" SOURCE_ID="0" POSITION_T="287.0" POSITION_X="1186.4298623180778" POSITION_Y="196.88278229046995" FRAME="287" POSITION_Z="262.28951822446106" />
        <Spot ID="143140" name="ID143140" VISIBILITY="1" RADIUS="6.830134553650701" QUALITY="512.5897827148438" SOURCE_ID="0" POSITION_T="287.0" POSITION_X="1134.0528018844059" POSITION_Y="413.62940442756013" FRAME="287" POSITION_Z="253.158835427121" />
        <Spot ID="146068" name="ID146068" VISIBILITY="1" RADIUS="5.644739300537771" QUALITY="512.1229858398438" SOURCE_ID="0" POSITION_T="287.0" POSITION_X="1129.793351603115" POSITION_Y="390.74939759191017" FRAME="287" POSITION_Z="265.7048873731692" />
        <Spot ID="156293" name="ID156293" VISIBILITY="1" RADIUS="4.665073802097333" QUALITY="317.1882019042969" SOURCE_ID="0" POSITION_T="287.0" POSITION_X="1061.0" POSITION_Y="383.0" FRAME="287" POSITION_Z="230.0" />
      </SpotsInFrame>
      <SpotsInFrame frame="288">
        <Spot ID="121648" name="ID121648" VISIBILITY="1" RADIUS="5.64473930053777" QUALITY="-1.0" SOURCE_ID="0" POSITION_T="288.0" POSITION_X="1184.9797648747492" POSITION_Y="208.84327175777065" FRAME="288" CELL_DIVISION_TIME="41.0" POSITION_Z="283.00089294112985" />
        <Spot ID="146080" name="ID146080" VISIBILITY="1" RADIUS="5.644739300537771" QUALITY="555.9340209960938" SOURCE_ID="0" POSITION_T="288.0" POSITION_X="1129.201614474592" POSITION_Y="388.7921242351499" FRAME="288" POSITION_Z="265.79115296245845" />
        <Spot ID="119138" name="ID119138" VISIBILITY="1" RADIUS="5.64473930053777" QUALITY="237.20993041992188" SOURCE_ID="0" POSITION_T="288.0" POSITION_X="1185.242888114719" POSITION_Y="197.5149257179404" FRAME="288" POSITION_Z="262.31229089345646" />
        <Spot ID="99354" name="ID99354" VISIBILITY="1" RADIUS="10.0" QUALITY="-1.0" SOURCE_ID="0" POSITION_T="288.0" POSITION_X="1137.4306560227885" POSITION_Y="174.1305720270532" FRAME="288" POSITION_Z="218.6945049295562" />
        <Spot ID="143151" name="ID143151" VISIBILITY="1" RADIUS="6.830134553650701" QUALITY="478.2569885253906" SOURCE_ID="0" POSITION_T="288.0" POSITION_X="1133.2772257782328" POSITION_Y="412.7558686459031" FRAME="288" POSITION_Z="251.16102235028367" />
        <Spot ID="156317" name="ID156317" VISIBILITY="1" RADIUS="4.665073802097333" QUALITY="362.9337158203125" SOURCE_ID="0" POSITION_T="288.0" POSITION_X="1059.5503938736163" POSITION_Y="381.25540807648224" FRAME="288" POSITION_Z="228.51176850613643" />
      </SpotsInFrame>
      <SpotsInFrame frame="289">
        <Spot ID="121649" name="ID121649" VISIBILITY="1" RADIUS="6.209213230591548" QUALITY="-1.0" SOURCE_ID="0" POSITION_T="289.0" POSITION_X="1183.4890566440436" POSITION_Y="208.47059470009424" FRAME="289" CELL_DIVISION_TIME="41.0" POSITION_Z="283.00089294112985" />
        <Spot ID="119328" name="ID119328" VISIBILITY="1" RADIUS="4.665073802097331" QUALITY="-1.0" SOURCE_ID="0" POSITION_T="289.0" POSITION_X="1178.2518335278653" POSITION_Y="200.7551959174101" FRAME="289" POSITION_Z="261.1942254396297" />
        <Spot ID="146103" name="ID146103" VISIBILITY="1" RADIUS="5.644739300537771" QUALITY="767.6569213867188" SOURCE_ID="0" POSITION_T="289.0" POSITION_X="1129.2262286840364" POSITION_Y="388.78291968587325" FRAME="289" POSITION_Z="265.2272972954159" />
        <Spot ID="156335" name="ID156335" VISIBILITY="1" RADIUS="4.665073802097333" QUALITY="495.2910461425781" SOURCE_ID="0" POSITION_T="289.0" POSITION_X="1056.2565366940298" POSITION_Y="385.32111038880623" FRAME="289" POSITION_Z="224.60767484058448" />
        <Spot ID="143172" name="ID143172" VISIBILITY="1" RADIUS="6.830134553650701" QUALITY="432.2328186035156" SOURCE_ID="0" POSITION_T="289.0" POSITION_X="1132.9917833749505" POSITION_Y="411.16263791667456" FRAME="289" POSITION_Z="251.74149682369662" />
        <Spot ID="99334" name="ID99334" VISIBILITY="1" RADIUS="10.0" QUALITY="-1.0" SOURCE_ID="0" POSITION_T="289.0" POSITION_X="1136.2444991173486" POSITION_Y="177.00018537116162" FRAME="289" POSITION_Z="219.4270396866597" />
      </SpotsInFrame>
      <SpotsInFrame frame="290">
        <Spot ID="99304" name="ID99304" VISIBILITY="1" RADIUS="10.0" QUALITY="-1.0" SOURCE_ID="0" POSITION_T="290.0" POSITION_X="1136.8896791046675" POSITION_Y="177.8200748980497" FRAME="290" POSITION_Z="223.8222482292808" />
        <Spot ID="121651" name="ID121651" VISIBILITY="1" RADIUS="6.209213230591548" QUALITY="-1.0" SOURCE_ID="0" POSITION_T="290.0" POSITION_X="1181.998348413338" POSITION_Y="209.58862587312348" FRAME="290" CELL_DIVISION_TIME="41.0" POSITION_Z="283.00089294112985" />
        <Spot ID="143192" name="ID143192" VISIBILITY="1" RADIUS="6.830134553650701" QUALITY="486.58160400390625" SOURCE_ID="0" POSITION_T="290.0" POSITION_X="1130.4188059709502" POSITION_Y="409.82649262611005" FRAME="290" POSITION_Z="250.03810777782155" />
        <Spot ID="146119" name="ID146119" VISIBILITY="1" RADIUS="5.644739300537771" QUALITY="582.7384033203125" SOURCE_ID="0" POSITION_T="290.0" POSITION_X="1126.04000900723" POSITION_Y="390.51239886364897" FRAME="290" POSITION_Z="265.703395668021" />
        <Spot ID="119356" name="ID119356" VISIBILITY="1" RADIUS="5.644739300537771" QUALITY="-1.0" SOURCE_ID="0" POSITION_T="290.0" POSITION_X="1173.6389559420927" POSITION_Y="200.5006524725112" FRAME="290" POSITION_Z="260.0954233039744" />
        <Spot ID="156356" name="ID156356" VISIBILITY="1" RADIUS="4.665073802097333" QUALITY="386.8421936035156" SOURCE_ID="0" POSITION_T="290.0" POSITION_X="1053.478772907663" POSITION_Y="385.3211103888062" FRAME="290" POSITION_Z="223.0203812483747" />
      </SpotsInFrame>
      <SpotsInFrame frame="291">
        <Spot ID="156435" name="ID156435" VISIBILITY="1" RADIUS="4.665073802097333" QUALITY="-1.0" SOURCE_ID="0" POSITION_T="291.0" POSITION_X="1055.8922239017897" POSITION_Y="382.9076593946793" FRAME="291" POSITION_Z="223.0203812483747" />
        <Spot ID="143233" name="ID143233" VISIBILITY="1" RADIUS="6.830134553650701" QUALITY="536.6346435546875" SOURCE_ID="0" POSITION_T="291.0" POSITION_X="1129.3290419308673" POSITION_Y="410.2819492694971" FRAME="291" POSITION_Z="248.7029634534033" />
        <Spot ID="121754" name="ID121754" VISIBILITY="1" RADIUS="5.64473930053777" QUALITY="-1.0" SOURCE_ID="0" POSITION_T="291.0" POSITION_X="1180.8803172403086" POSITION_Y="210.7066570461527" FRAME="291" CELL_DIVISION_TIME="41.0" POSITION_Z="283.00089294112985" />
        <Spot ID="103877" name="ID103877" VISIBILITY="1" RADIUS="10.0" QUALITY="86.87027740478516" SOURCE_ID="0" POSITION_T="291.0" POSITION_X="1138.2683801209685" POSITION_Y="180.25162225572166" FRAME="291" POSITION_Z="223.22501135339994" />
        <Spot ID="119652" name="ID119652" VISIBILITY="1" RADIUS="5.644739300537771" QUALITY="240.485107421875" SOURCE_ID="0" POSITION_T="291.0" POSITION_X="1174.124027813863" POSITION_Y="201.64390506869225" FRAME="291" POSITION_Z="264.33020766537123" />
        <Spot ID="146132" name="ID146132" VISIBILITY="1" RADIUS="5.644739300537771" QUALITY="802.7614135742188" SOURCE_ID="0" POSITION_T="291.0" POSITION_X="1124.4167206641475" POSITION_Y="395.5970601909519" FRAME="291" POSITION_Z="264.44285476534367" />
      </SpotsInFrame>
      <SpotsInFrame frame="292">
        <Spot ID="143250" name="ID143250" VISIBILITY="1" RADIUS="6.830134553650701" QUALITY="556.814208984375" SOURCE_ID="0" POSITION_T="292.0" POSITION_X="1129.6888996302946" POSITION_Y="409.90927221182073" FRAME="292" POSITION_Z="244.67402228933395" />
        <Spot ID="119705" name="ID119705" VISIBILITY="1" RADIUS="5.644739300537771" QUALITY="-1.0" SOURCE_ID="0" POSITION_T="292.0" POSITION_X="1174.8613784878419" POSITION_Y="204.7507227271561" FRAME="292" POSITION_Z="261.58778228898655" />
        <Spot ID="103888" name="ID103888" VISIBILITY="1" RADIUS="10.0" QUALITY="134.8097686767578" SOURCE_ID="0" POSITION_T="292.0" POSITION_X="1137.7592932311707" POSITION_Y="177.96073125163196" FRAME="292" POSITION_Z="223.2250113533999" />
        <Spot ID="121762" name="ID121762" VISIBILITY="1" RADIUS="5.64473930053777" QUALITY="-1.0" SOURCE_ID="0" POSITION_T="292.0" POSITION_X="1180.134963124956" POSITION_Y="210.75312308706555" FRAME="292" CELL_DIVISION_TIME="41.0" POSITION_Z="284.30573700818417" />
        <Spot ID="146143" name="ID146143" VISIBILITY="1" RADIUS="5.644739300537771" QUALITY="666.09619140625" SOURCE_ID="0" POSITION_T="292.0" POSITION_X="1125.4602886939792" POSITION_Y="395.24915016180057" FRAME="292" POSITION_Z="264.4152654773537" />
        <Spot ID="156437" name="ID156437" VISIBILITY="1" RADIUS="4.665073802097333" QUALITY="-1.0" SOURCE_ID="0" POSITION_T="292.0" POSITION_X="1057.072271301373" POSITION_Y="382.42496919585386" FRAME="292" POSITION_Z="220.63944086006006" />
      </SpotsInFrame>
      <SpotsInFrame frame="293">
        <Spot ID="119721" name="ID119721" VISIBILITY="1" RADIUS="5.131581182307064" QUALITY="-1.0" SOURCE_ID="0" POSITION_T="293.0" POSITION_X="1174.8587710899558" POSITION_Y="205.22593129460262" FRAME="293" POSITION_Z="263.1658294028816" />
        <Spot ID="156490" name="ID156490" VISIBILITY="1" RADIUS="4.665073802097333" QUALITY="-1.0" SOURCE_ID="0" POSITION_T="293.0" POSITION_X="1062.161363978188" POSITION_Y="381.2182436987902" FRAME="293" POSITION_Z="222.8219695493483" />
        <Spot ID="121784" name="ID121784" VISIBILITY="1" RADIUS="5.64473930053777" QUALITY="-1.0" SOURCE_ID="0" POSITION_T="293.0" POSITION_X="1180.5196164024617" POSITION_Y="211.51045342224765" FRAME="293" CELL_DIVISION_TIME="41.0" POSITION_Z="284.30573700818417" />
        <Spot ID="146161" name="ID146161" VISIBILITY="1" RADIUS="5.644739300537771" QUALITY="819.9724731445312" SOURCE_ID="0" POSITION_T="293.0" POSITION_X="1124.8981229438928" POSITION_Y="399.3301515718351" FRAME="293" POSITION_Z="265.3139554073261" />
        <Spot ID="143271" name="ID143271" VISIBILITY="1" RADIUS="6.830134553650701" QUALITY="590.0956420898438" SOURCE_ID="0" POSITION_T="293.0" POSITION_X="1130.4342537456475" POSITION_Y="408.79124103879155" FRAME="293" POSITION_Z="244.67402228933395" />
        <Spot ID="103911" name="ID103911" VISIBILITY="1" RADIUS="9.09090909090909" QUALITY="109.36556243896484" SOURCE_ID="0" POSITION_T="293.0" POSITION_X="1136.7411194515753" POSITION_Y="179.23344847612628" FRAME="293" POSITION_Z="223.22501135339985" />
      </SpotsInFrame>
      <SpotsInFrame frame="294">
        <Spot ID="121785" name="ID121785" VISIBILITY="1" RADIUS="5.64473930053777" QUALITY="-1.0" SOURCE_ID="0" POSITION_T="294.0" POSITION_X="1181.9983484133384" POSITION_Y="213.7345395484769" FRAME="294" CELL_DIVISION_TIME="41.0" POSITION_Z="284.30573700818417" />
        <Spot ID="143291" name="ID143291" VISIBILITY="1" RADIUS="6.830134553650701" QUALITY="630.1058959960938" SOURCE_ID="0" POSITION_T="294.0" POSITION_X="1132.6703160917061" POSITION_Y="411.772657500203" FRAME="294" POSITION_Z="244.67402228933395" />
        <Spot ID="156584" name="ID156584" VISIBILITY="1" RADIUS="4.665073802097333" QUALITY="-1.0" SOURCE_ID="0" POSITION_T="294.0" POSITION_X="1059.8500350877407" POSITION_Y="380.7355534999647" FRAME="294" POSITION_Z="222.8219695493482" />
        <Spot ID="103927" name="ID103927" VISIBILITY="1" RADIUS="9.09090909090909" QUALITY="143.38095092773438" SOURCE_ID="0" POSITION_T="294.0" POSITION_X="1139.2865539005638" POSITION_Y="183.05160014960916" FRAME="294" POSITION_Z="223.22501135339982" />
        <Spot ID="146180" name="ID146180" VISIBILITY="1" RADIUS="5.644739300537771" QUALITY="551.5999755859375" SOURCE_ID="0" POSITION_T="294.0" POSITION_X="1126.5035668923401" POSITION_Y="400.99003922347435" FRAME="294" POSITION_Z="262.11461093566265" />
        <Spot ID="119775" name="ID119775" VISIBILITY="1" RADIUS="5.131581182307064" QUALITY="-1.0" SOURCE_ID="0" POSITION_T="294.0" POSITION_X="1175.895532603357" POSITION_Y="206.2302746898826" FRAME="294" POSITION_Z="265.8850173461693" />
      </SpotsInFrame>
      <SpotsInFrame frame="295">
        <Spot ID="121873" name="ID121873" VISIBILITY="1" RADIUS="5.64473930053777" QUALITY="-1.0" SOURCE_ID="0" POSITION_T="295.0" POSITION_X="1181.625671355662" POSITION_Y="214.47989366382973" FRAME="295" CELL_DIVISION_TIME="41.0" POSITION_Z="284.30573700818417" />
        <Spot ID="146195" name="ID146195" VISIBILITY="1" RADIUS="5.644739300537771" QUALITY="710.7781982421875" SOURCE_ID="0" POSITION_T="295.0" POSITION_X="1125.548160631373" POSITION_Y="401.41613444216284" FRAME="295" POSITION_Z="259.0020788118107" />
        <Spot ID="156648" name="ID156648" VISIBILITY="1" RADIUS="4.665073802097333" QUALITY="-1.0" SOURCE_ID="0" POSITION_T="295.0" POSITION_X="1063.513144979318" POSITION_Y="378.5634476052505" FRAME="295" POSITION_Z="223.61561634545302" />
        <Spot ID="103941" name="ID103941" VISIBILITY="1" RADIUS="9.09090909090909" QUALITY="103.7261962890625" SOURCE_ID="0" POSITION_T="295.0" POSITION_X="1139.0320104556652" POSITION_Y="183.95856562803527" FRAME="295" POSITION_Z="220.9415342360547" />
        <Spot ID="143308" name="ID143308" VISIBILITY="1" RADIUS="6.830134553650701" QUALITY="588.9985961914062" SOURCE_ID="0" POSITION_T="295.0" POSITION_X="1135.6330505399872" POSITION_Y="410.0602514954472" FRAME="295" POSITION_Z="236.1737130799213" />
        <Spot ID="119798" name="ID119798" VISIBILITY="1" RADIUS="5.131581182307064" QUALITY="-1.0" SOURCE_ID="0" POSITION_T="295.0" POSITION_X="1175.1376001121837" POSITION_Y="206.19689760486548" FRAME="295" POSITION_Z="265.7980944085268" />
      </SpotsInFrame>
      <SpotsInFrame frame="296">
        <Spot ID="146435" name="ID146435" VISIBILITY="1" RADIUS="6.830134553650701" QUALITY="642.3037719726562" SOURCE_ID="0" POSITION_T="296.0" POSITION_X="1134.5150193669579" POSITION_Y="410.8056056108" FRAME="296" POSITION_Z="235.80103602224486" />
        <Spot ID="156664" name="ID156664" VISIBILITY="1" RADIUS="4.665073802097333" QUALITY="-1.0" SOURCE_ID="0" POSITION_T="296.0" POSITION_X="1064.5748149723158" POSITION_Y="376.8740319093616" FRAME="296" POSITION_Z="224.8060865396102" />
        <Spot ID="119818" name="ID119818" VISIBILITY="1" RADIUS="5.131581182307064" QUALITY="-1.0" SOURCE_ID="0" POSITION_T="296.0" POSITION_X="1177.5174897698225" POSITION_Y="205.19618761238667" FRAME="296" POSITION_Z="264.40759880120123" />
        <Spot ID="121885" name="ID121885" VISIBILITY="1" RADIUS="5.64473930053777" QUALITY="-1.0" SOURCE_ID="0" POSITION_T="296.0" POSITION_X="1184.234410759397" POSITION_Y="215.22524777918258" FRAME="296" CELL_DIVISION_TIME="41.0" POSITION_Z="284.30573700818417" />
        <Spot ID="146206" name="ID146206" VISIBILITY="1" RADIUS="5.644739300537771" QUALITY="806.4762573242188" SOURCE_ID="0" POSITION_T="296.0" POSITION_X="1123.0477263127732" POSITION_Y="399.99507794048816" FRAME="296" POSITION_Z="259.4971706596112" />
        <Spot ID="123660" name="ID123660" VISIBILITY="1" RADIUS="8.26446280991735" QUALITY="-1.0" SOURCE_ID="0" POSITION_T="296.0" POSITION_X="1137.168625167283" POSITION_Y="182.84053445500598" FRAME="296" POSITION_Z="220.94153423605474" />
      </SpotsInFrame>
      <SpotsInFrame frame="297">
        <Spot ID="156690" name="ID156690" VISIBILITY="1" RADIUS="4.665073802097333" QUALITY="-1.0" SOURCE_ID="0" POSITION_T="297.0" POSITION_X="1064.5748149723158" POSITION_Y="377.270855307414" FRAME="297" POSITION_Z="221.43308765616456" />
        <Spot ID="146219" name="ID146219" VISIBILITY="1" RADIUS="5.644739300537771" QUALITY="722.8870239257812" SOURCE_ID="0" POSITION_T="297.0" POSITION_X="1122.1613839118554" POSITION_Y="402.53822037655004" FRAME="297" POSITION_Z="260.30219355723966" />
        <Spot ID="146449" name="ID146449" VISIBILITY="1" RADIUS="6.830134553650701" QUALITY="688.6068115234375" SOURCE_ID="0" POSITION_T="297.0" POSITION_X="1133.7696652516051" POSITION_Y="411.5509597261529" FRAME="297" POSITION_Z="235.80103602224486" />
        <Spot ID="123661" name="ID123661" VISIBILITY="1" RADIUS="8.26446280991735" QUALITY="-1.0" SOURCE_ID="0" POSITION_T="297.0" POSITION_X="1136.42327105193" POSITION_Y="182.0951803396531" FRAME="297" POSITION_Z="220.94153423605474" />
        <Spot ID="121903" name="ID121903" VISIBILITY="1" RADIUS="5.64473930053777" QUALITY="-1.0" SOURCE_ID="0" POSITION_T="297.0" POSITION_X="1183.1163795863677" POSITION_Y="217.46131012524108" FRAME="297" CELL_DIVISION_TIME="41.0" POSITION_Z="284.30573700818417" />
      </SpotsInFrame>
      <SpotsInFrame frame="298">
        <Spot ID="146234" name="ID146234" VISIBILITY="1" RADIUS="5.644739300537771" QUALITY="626.2958984375" SOURCE_ID="0" POSITION_T="298.0" POSITION_X="1118.5418217656866" POSITION_Y="397.6259760125982" FRAME="298" POSITION_Z="263.0330425189868" />
        <Spot ID="156704" name="ID156704" VISIBILITY="1" RADIUS="4.665073802097333" QUALITY="-1.0" SOURCE_ID="0" POSITION_T="298.0" POSITION_X="1065.058851143939" POSITION_Y="375.06534145123135" FRAME="298" POSITION_Z="224.01243974350547" />
        <Spot ID="146465" name="ID146465" VISIBILITY="1" RADIUS="6.830134553650701" QUALITY="647.2865600585938" SOURCE_ID="0" POSITION_T="298.0" POSITION_X="1131.5336029055468" POSITION_Y="410.4329285531236" FRAME="298" POSITION_Z="235.80103602224486" />
        <Spot ID="121910" name="ID121910" VISIBILITY="1" RADIUS="5.64473930053777" QUALITY="-1.0" SOURCE_ID="0" POSITION_T="298.0" POSITION_X="1184.234410759397" POSITION_Y="217.8339871829175" FRAME="298" CELL_DIVISION_TIME="41.0" POSITION_Z="284.30573700818417" />
        <Spot ID="123662" name="ID123662" VISIBILITY="1" RADIUS="8.26446280991735" QUALITY="-1.0" SOURCE_ID="0" POSITION_T="298.0" POSITION_X="1136.7959481096066" POSITION_Y="183.9585656280352" FRAME="298" POSITION_Z="220.94153423605474" />
      </SpotsInFrame>
      <SpotsInFrame frame="299">
        <Spot ID="156746" name="ID156746" VISIBILITY="1" RADIUS="4.665073802097333" QUALITY="-1.0" SOURCE_ID="0" POSITION_T="299.0" POSITION_X="1065.058851143939" POSITION_Y="374.2716946551265" FRAME="299" POSITION_Z="223.41720464642685" />
        <Spot ID="146480" name="ID146480" VISIBILITY="1" RADIUS="6.830134553650701" QUALITY="461.7965393066406" SOURCE_ID="0" POSITION_T="299.0" POSITION_X="1130.4155717325177" POSITION_Y="410.0602514954472" FRAME="299" POSITION_Z="235.80103602224486" />
        <Spot ID="121922" name="ID121922" VISIBILITY="1" RADIUS="5.64473930053777" QUALITY="-1.0" SOURCE_ID="0" POSITION_T="299.0" POSITION_X="1185.3460322533015" POSITION_Y="217.8339871829175" FRAME="299" CELL_DIVISION_TIME="41.0" POSITION_Z="286.13707390094294" />
        <Spot ID="146257" name="ID146257" VISIBILITY="1" RADIUS="5.644739300537771" QUALITY="615.4723510742188" SOURCE_ID="0" POSITION_T="299.0" POSITION_X="1118.1452015949005" POSITION_Y="395.42399251097146" FRAME="299" POSITION_Z="263.52341436780307" />
        <Spot ID="123663" name="ID123663" VISIBILITY="1" RADIUS="8.26446280991735" QUALITY="-1.0" SOURCE_ID="0" POSITION_T="299.0" POSITION_X="1138.6593333979888" POSITION_Y="183.95856562803513" FRAME="299" POSITION_Z="220.94153423605474" />
      </SpotsInFrame>
      <SpotsInFrame frame="300">
        <Spot ID="123664" name="ID123664" VISIBILITY="1" RADIUS="8.26446280991735" QUALITY="-1.0" SOURCE_ID="0" POSITION_T="300.0" POSITION_X="1139.777364571018" POSITION_Y="183.21321151268225" FRAME="300" POSITION_Z="220.56885717837832" />
        <Spot ID="146503" name="ID146503" VISIBILITY="1" RADIUS="6.830134553650701" QUALITY="449.31048583984375" SOURCE_ID="0" POSITION_T="300.0" POSITION_X="1133.9598213393085" POSITION_Y="409.42122339524326" FRAME="300" POSITION_Z="234.67734885733609" />
        <Spot ID="121935" name="ID121935" VISIBILITY="1" RADIUS="6.830134553650701" QUALITY="-1.0" SOURCE_ID="0" POSITION_T="300.0" POSITION_X="1184.716416860466" POSITION_Y="218.4818470132617" FRAME="300" CELL_DIVISION_TIME="41.0" POSITION_Z="289.556033294198" />
        <Spot ID="146269" name="ID146269" VISIBILITY="1" RADIUS="5.644739300537771" QUALITY="473.3810729980469" SOURCE_ID="0" POSITION_T="300.0" POSITION_X="1119.5610703876266" POSITION_Y="394.12596236827807" FRAME="300" POSITION_Z="262.28937830418187" />
      </SpotsInFrame>
      <SpotsInFrame frame="301">
        <Spot ID="123665" name="ID123665" VISIBILITY="1" RADIUS="8.26446280991735" QUALITY="-1.0" SOURCE_ID="0" POSITION_T="301.0" POSITION_X="1140.8953957440474" POSITION_Y="183.58588857035863" FRAME="301" POSITION_Z="220.56885717837832" />
        <Spot ID="121936" name="ID121936" VISIBILITY="1" RADIUS="6.830134553650701" QUALITY="-1.0" SOURCE_ID="0" POSITION_T="301.0" POSITION_X="1182.021488482754" POSITION_Y="219.67155544282886" FRAME="301" CELL_DIVISION_TIME="41.0" POSITION_Z="290.8971582418003" />
        <Spot ID="146289" name="ID146289" VISIBILITY="1" RADIUS="5.644739300537771" QUALITY="341.3782653808594" SOURCE_ID="0" POSITION_T="301.0" POSITION_X="1120.7040875225998" POSITION_Y="392.78024899843575" FRAME="301" POSITION_Z="260.6025917185891" />
        <Spot ID="146590" name="ID146590" VISIBILITY="1" RADIUS="6.830134553650701" QUALITY="512.1885986328125" SOURCE_ID="0" POSITION_T="301.0" POSITION_X="1135.4165651387036" POSITION_Y="405.05451459973176" FRAME="301" POSITION_Z="233.4640817024117" />
      </SpotsInFrame>
      <SpotsInFrame frame="302">
        <Spot ID="146307" name="ID146307" VISIBILITY="1" RADIUS="5.644739300537771" QUALITY="449.19488525390625" SOURCE_ID="0" POSITION_T="302.0" POSITION_X="1121.058716144673" POSITION_Y="389.33898910892304" FRAME="302" POSITION_Z="260.25002994131165" />
        <Spot ID="123666" name="ID123666" VISIBILITY="1" RADIUS="8.26446280991735" QUALITY="-1.0" SOURCE_ID="0" POSITION_T="302.0" POSITION_X="1138.2866563403124" POSITION_Y="183.95856562803505" FRAME="302" POSITION_Z="220.56885717837832" />
        <Spot ID="122237" name="ID122237" VISIBILITY="1" RADIUS="6.830134553650702" QUALITY="-1.0" SOURCE_ID="0" POSITION_T="302.0" POSITION_X="1181.276134367401" POSITION_Y="222.6529719042402" FRAME="302" CELL_DIVISION_TIME="41.0" POSITION_Z="292.7605435301824" />
        <Spot ID="146607" name="ID146607" VISIBILITY="1" RADIUS="6.830134553650701" QUALITY="428.0764465332031" SOURCE_ID="0" POSITION_T="302.0" POSITION_X="1130.776166739192" POSITION_Y="403.9965777429947" FRAME="302" POSITION_Z="234.48429470243707" />
      </SpotsInFrame>
      <SpotsInFrame frame="303">
        <Spot ID="146627" name="ID146627" VISIBILITY="1" RADIUS="6.830134553650701" QUALITY="250.66036987304688" SOURCE_ID="0" POSITION_T="303.0" POSITION_X="1128.7043257062066" POSITION_Y="404.4153719083664" FRAME="303" POSITION_Z="233.67440091583222" />
        <Spot ID="122312" name="ID122312" VISIBILITY="1" RADIUS="6.830134553650702" QUALITY="704.6001586914062" SOURCE_ID="0" POSITION_T="303.0" POSITION_X="1182.021488482754" POSITION_Y="223.39832601959304" FRAME="303" CELL_DIVISION_TIME="41.0" POSITION_Z="292.7605435301824" />
        <Spot ID="123667" name="ID123667" VISIBILITY="1" RADIUS="8.26446280991735" QUALITY="-1.0" SOURCE_ID="0" POSITION_T="303.0" POSITION_X="1138.659333397989" POSITION_Y="188.05801326247564" FRAME="303" POSITION_Z="220.56885717837832" />
        <Spot ID="146324" name="ID146324" VISIBILITY="1" RADIUS="5.644739300537771" QUALITY="470.5315856933594" SOURCE_ID="0" POSITION_T="303.0" POSITION_X="1120.9101029548879" POSITION_Y="391.7082954025029" FRAME="303" POSITION_Z="261.01578175414994" />
      </SpotsInFrame>
      <SpotsInFrame frame="304">
        <Spot ID="146346" name="ID146346" VISIBILITY="1" RADIUS="5.644739300537771" QUALITY="538.9312133789062" SOURCE_ID="0" POSITION_T="304.0" POSITION_X="1120.5739000499018" POSITION_Y="395.0419553760857" FRAME="304" POSITION_Z="259.9204680335879" />
        <Spot ID="122322" name="ID122322" VISIBILITY="1" RADIUS="6.830134553650702" QUALITY="615.5664672851562" SOURCE_ID="0" POSITION_T="304.0" POSITION_X="1180.5307802520483" POSITION_Y="224.51635719262228" FRAME="304" CELL_DIVISION_TIME="41.0" POSITION_Z="292.7605435301824" />
        <Spot ID="146646" name="ID146646" VISIBILITY="1" RADIUS="6.830134553650701" QUALITY="297.8218994140625" SOURCE_ID="0" POSITION_T="304.0" POSITION_X="1126.7166091984197" POSITION_Y="403.46419318155836" FRAME="304" POSITION_Z="236.4028243051459" />
        <Spot ID="123668" name="ID123668" VISIBILITY="1" RADIUS="8.26446280991735" QUALITY="-1.0" SOURCE_ID="0" POSITION_T="304.0" POSITION_X="1137.54130222496" POSITION_Y="186.93998208944637" FRAME="304" POSITION_Z="220.56885717837832" />
      </SpotsInFrame>
      <SpotsInFrame frame="305">
        <Spot ID="146664" name="ID146664" VISIBILITY="1" RADIUS="6.830134553650701" QUALITY="398.43621826171875" SOURCE_ID="0" POSITION_T="305.0" POSITION_X="1122.783877306908" POSITION_Y="403.4789723503767" FRAME="305" POSITION_Z="237.5688154520609" />
        <Spot ID="123669" name="ID123669" VISIBILITY="1" RADIUS="8.26446280991735" QUALITY="-1.0" SOURCE_ID="0" POSITION_T="305.0" POSITION_X="1137.54130222496" POSITION_Y="187.31265914712276" FRAME="305" POSITION_Z="220.56885717837832" />
        <Spot ID="122333" name="ID122333" VISIBILITY="1" RADIUS="6.830134553650702" QUALITY="819.9749145507812" SOURCE_ID="0" POSITION_T="305.0" POSITION_X="1182.021488482754" POSITION_Y="223.02564896191654" FRAME="305" CELL_DIVISION_TIME="41.0" POSITION_Z="292.7605435301824" />
        <Spot ID="146364" name="ID146364" VISIBILITY="1" RADIUS="5.644739300537771" QUALITY="393.1296691894531" SOURCE_ID="0" POSITION_T="305.0" POSITION_X="1121.3646187111544" POSITION_Y="393.4679870346661" FRAME="305" POSITION_Z="257.9980885153537" />
      </SpotsInFrame>
      <SpotsInFrame frame="306">
        <Spot ID="122342" name="ID122342" VISIBILITY="1" RADIUS="6.830134553650702" QUALITY="938.0106201171875" SOURCE_ID="0" POSITION_T="306.0" POSITION_X="1180.9034573097247" POSITION_Y="225.6343883656515" FRAME="306" CELL_DIVISION_TIME="41.0" POSITION_Z="292.7605435301824" />
        <Spot ID="123678" name="ID123678" VISIBILITY="1" RADIUS="8.26446280991735" QUALITY="136.4517059326172" SOURCE_ID="0" POSITION_T="306.0" POSITION_X="1135.3052398789016" POSITION_Y="186.56730503176988" FRAME="306" POSITION_Z="220.56885717837832" />
        <Spot ID="146381" name="ID146381" VISIBILITY="1" RADIUS="5.644739300537771" QUALITY="644.8390502929688" SOURCE_ID="0" POSITION_T="306.0" POSITION_X="1118.9211377027602" POSITION_Y="396.11463526269625" FRAME="306" POSITION_Z="259.4073833405209" />
      </SpotsInFrame>
      <SpotsInFrame frame="307">
        <Spot ID="122352" name="ID122352" VISIBILITY="1" RADIUS="6.830134553650702" QUALITY="742.40380859375" SOURCE_ID="0" POSITION_T="307.0" POSITION_X="1178.6673949636663" POSITION_Y="226.0070654233279" FRAME="307" CELL_DIVISION_TIME="41.0" POSITION_Z="292.7605435301824" />
        <Spot ID="123719" name="ID123719" VISIBILITY="1" RADIUS="8.26446280991735" QUALITY="-1.0" SOURCE_ID="0" POSITION_T="307.0" POSITION_X="1134.559885763549" POSITION_Y="189.54872149318118" FRAME="307" POSITION_Z="220.56885717837832" />
        <Spot ID="146397" name="ID146397" VISIBILITY="1" RADIUS="5.644739300537771" QUALITY="810.3182373046875" SOURCE_ID="0" POSITION_T="307.0" POSITION_X="1117.8558885199875" POSITION_Y="399.2027735107187" FRAME="307" POSITION_Z="259.4694161391644" />
      </SpotsInFrame>
      <SpotsInFrame frame="308">
        <Spot ID="123729" name="ID123729" VISIBILITY="1" RADIUS="8.26446280991735" QUALITY="-1.0" SOURCE_ID="0" POSITION_T="308.0" POSITION_X="1137.5413022249602" POSITION_Y="190.66675266621044" FRAME="308" POSITION_Z="220.56885717837832" />
        <Spot ID="146411" name="ID146411" VISIBILITY="1" RADIUS="5.644739300537771" QUALITY="777.2044067382812" SOURCE_ID="0" POSITION_T="308.0" POSITION_X="1112.5071482915487" POSITION_Y="399.1157896521924" FRAME="308" POSITION_Z="260.4774938996353" />
        <Spot ID="122371" name="ID122371" VISIBILITY="1" RADIUS="6.830134553650702" QUALITY="693.28662109375" SOURCE_ID="0" POSITION_T="308.0" POSITION_X="1179.3935200416452" POSITION_Y="227.4977736540336" FRAME="308" CELL_DIVISION_TIME="41.0" POSITION_Z="297.8882868299071" />
      </SpotsInFrame>
      <SpotsInFrame frame="309">
        <Spot ID="122381" name="ID122381" VISIBILITY="1" RADIUS="7.513148009015772" QUALITY="851.2192993164062" SOURCE_ID="0" POSITION_T="309.0" POSITION_X="1175.666749464881" POSITION_Y="230.10651305776855" FRAME="309" CELL_DIVISION_TIME="41.0" POSITION_Z="297.8882868299071" />
        <Spot ID="123730" name="ID123730" VISIBILITY="1" RADIUS="8.26446280991735" QUALITY="-1.0" SOURCE_ID="0" POSITION_T="309.0" POSITION_X="1137.9139792826365" POSITION_Y="192.1574608969161" FRAME="309" POSITION_Z="220.56885717837832" />
      </SpotsInFrame>
      <SpotsInFrame frame="310">
        <Spot ID="122389" name="ID122389" VISIBILITY="1" RADIUS="8.26446280991735" QUALITY="565.4802856445312" SOURCE_ID="0" POSITION_T="310.0" POSITION_X="1173.4306871188226" POSITION_Y="229.73383600009208" FRAME="310" CELL_DIVISION_TIME="41.0" POSITION_Z="297.8882868299071" />
        <Spot ID="123731" name="ID123731" VISIBILITY="1" RADIUS="8.26446280991735" QUALITY="-1.0" SOURCE_ID="0" POSITION_T="310.0" POSITION_X="1137.168625167284" POSITION_Y="191.03942972388677" FRAME="310" POSITION_Z="220.56885717837832" />
      </SpotsInFrame>
      <SpotsInFrame frame="311">
        <Spot ID="122398" name="ID122398" VISIBILITY="1" RADIUS="8.26446280991735" QUALITY="564.1760864257812" SOURCE_ID="0" POSITION_T="311.0" POSITION_X="1174.5487182918519" POSITION_Y="228.9884818847392" FRAME="311" CELL_DIVISION_TIME="41.0" POSITION_Z="297.8882868299071" />
        <Spot ID="123742" name="ID123742" VISIBILITY="1" RADIUS="8.26446280991735" QUALITY="-1.0" SOURCE_ID="0" POSITION_T="311.0" POSITION_X="1134.9325628212255" POSITION_Y="193.27549206994527" FRAME="311" POSITION_Z="220.56885717837832" />
      </SpotsInFrame>
      <SpotsInFrame frame="312">
        <Spot ID="123743" name="ID123743" VISIBILITY="1" RADIUS="8.26446280991735" QUALITY="-1.0" SOURCE_ID="0" POSITION_T="312.0" POSITION_X="1134.1872087058728" POSITION_Y="194.39352324297448" FRAME="312" POSITION_Z="220.56885717837832" />
        <Spot ID="122410" name="ID122410" VISIBILITY="1" RADIUS="8.26446280991735" QUALITY="693.6396484375" SOURCE_ID="0" POSITION_T="312.0" POSITION_X="1176.0394265225577" POSITION_Y="229.73383600009203" FRAME="312" CELL_DIVISION_TIME="41.0" POSITION_Z="297.8882868299071" />
      </SpotsInFrame>
      <SpotsInFrame frame="313">
        <Spot ID="123744" name="ID123744" VISIBILITY="1" RADIUS="8.26446280991735" QUALITY="-1.0" SOURCE_ID="0" POSITION_T="313.0" POSITION_X="1134.187208705873" POSITION_Y="193.27549206994513" FRAME="313" POSITION_Z="220.56885717837832" />
        <Spot ID="122426" name="ID122426" VISIBILITY="1" RADIUS="8.26446280991735" QUALITY="598.8471069335938" SOURCE_ID="0" POSITION_T="313.0" POSITION_X="1176.0394265225577" POSITION_Y="229.73383600009203" FRAME="313" CELL_DIVISION_TIME="41.0" POSITION_Z="297.8882868299071" />
      </SpotsInFrame>
      <SpotsInFrame frame="314">
        <Spot ID="122435" name="ID122435" VISIBILITY="1" RADIUS="8.26446280991735" QUALITY="536.8863525390625" SOURCE_ID="0" POSITION_T="314.0" POSITION_X="1173.4306871188228" POSITION_Y="228.98848188473917" FRAME="314" CELL_DIVISION_TIME="41.0" POSITION_Z="297.8882868299071" />
        <Spot ID="123746" name="ID123746" VISIBILITY="1" RADIUS="8.26446280991735" QUALITY="-1.0" SOURCE_ID="0" POSITION_T="314.0" POSITION_X="1134.932562821226" POSITION_Y="194.76620030065084" FRAME="314" POSITION_Z="220.56885717837832" />
      </SpotsInFrame>
      <SpotsInFrame frame="315">
        <Spot ID="122445" name="ID122445" VISIBILITY="1" RADIUS="8.26446280991735" QUALITY="420.8671875" SOURCE_ID="0" POSITION_T="315.0" POSITION_X="1173.8033641764994" POSITION_Y="230.10651305776844" FRAME="315" CELL_DIVISION_TIME="41.0" POSITION_Z="297.8882868299071" />
        <Spot ID="123747" name="ID123747" VISIBILITY="1" RADIUS="8.26446280991735" QUALITY="-1.0" SOURCE_ID="0" POSITION_T="315.0" POSITION_X="1135.6779169365786" POSITION_Y="195.51155441600363" FRAME="315" POSITION_Z="220.56885717837832" />
      </SpotsInFrame>
      <SpotsInFrame frame="316">
        <Spot ID="123748" name="ID123748" VISIBILITY="1" RADIUS="8.26446280991735" QUALITY="-1.0" SOURCE_ID="0" POSITION_T="316.0" POSITION_X="1136.0505939942552" POSITION_Y="197.3749397043857" FRAME="316" POSITION_Z="220.56885717837832" />
        <Spot ID="122454" name="ID122454" VISIBILITY="1" RADIUS="8.26446280991735" QUALITY="605.3089599609375" SOURCE_ID="0" POSITION_T="316.0" POSITION_X="1174.176041234176" POSITION_Y="232.34257540382697" FRAME="316" CELL_DIVISION_TIME="41.0" POSITION_Z="297.8882868299071" />
      </SpotsInFrame>
      <SpotsInFrame frame="317">
        <Spot ID="123749" name="ID123749" VISIBILITY="1" RADIUS="8.26446280991735" QUALITY="-1.0" SOURCE_ID="0" POSITION_T="317.0" POSITION_X="1137.1686251672845" POSITION_Y="195.88423147367996" FRAME="317" POSITION_Z="220.56885717837832" />
        <Spot ID="122462" name="ID122462" VISIBILITY="1" RADIUS="8.26446280991735" QUALITY="379.1572265625" SOURCE_ID="0" POSITION_T="317.0" POSITION_X="1173.058010061147" POSITION_Y="234.95131480756191" FRAME="317" POSITION_Z="297.8882868299071" />
      </SpotsInFrame>
      <SpotsInFrame frame="318">
        <Spot ID="123453" name="ID123453" VISIBILITY="1" RADIUS="8.26446280991735" QUALITY="-1.0" SOURCE_ID="0" POSITION_T="318.0" POSITION_X="1174.9213953495291" POSITION_Y="235.69666892291474" FRAME="318" POSITION_Z="297.8882868299071" />
        <Spot ID="123750" name="ID123750" VISIBILITY="1" RADIUS="8.26446280991735" QUALITY="-1.0" SOURCE_ID="0" POSITION_T="318.0" POSITION_X="1133.4418545905205" POSITION_Y="194.76620030065067" FRAME="318" POSITION_Z="220.56885717837832" />
      </SpotsInFrame>
      <SpotsInFrame frame="319">
        <Spot ID="123477" name="ID123477" VISIBILITY="1" RADIUS="8.26446280991735" QUALITY="-1.0" SOURCE_ID="0" POSITION_T="319.0" POSITION_X="1174.9213953495291" POSITION_Y="237.93273126897327" FRAME="319" POSITION_Z="297.8882868299071" />
        <Spot ID="123751" name="ID123751" VISIBILITY="1" RADIUS="8.26446280991735" QUALITY="-1.0" SOURCE_ID="0" POSITION_T="319.0" POSITION_X="1132.3238234174914" POSITION_Y="192.90281501226846" FRAME="319" POSITION_Z="220.56885717837832" />
      </SpotsInFrame>
      <SpotsInFrame frame="320">
        <Spot ID="123783" name="ID123783" VISIBILITY="1" RADIUS="8.26446280991735" QUALITY="-1.0" SOURCE_ID="0" POSITION_T="320.0" POSITION_X="1132.3238234174914" POSITION_Y="193.64816912762132" FRAME="320" POSITION_Z="220.56885717837832" />
        <Spot ID="123486" name="ID123486" VISIBILITY="1" RADIUS="8.26446280991735" QUALITY="414.1747131347656" SOURCE_ID="0" POSITION_T="320.0" POSITION_X="1176.1336320689013" POSITION_Y="239.49906774009625" FRAME="320" POSITION_Z="304.1413568517152" />
      </SpotsInFrame>
      <SpotsInFrame frame="321">
        <Spot ID="123497" name="ID123497" VISIBILITY="1" RADIUS="8.26446280991735" QUALITY="378.64007568359375" SOURCE_ID="0" POSITION_T="321.0" POSITION_X="1176.2277149600368" POSITION_Y="237.50367781025545" FRAME="321" POSITION_Z="303.872546810592" />
        <Spot ID="123784" name="ID123784" VISIBILITY="1" RADIUS="8.26446280991735" QUALITY="-1.0" SOURCE_ID="0" POSITION_T="321.0" POSITION_X="1132.696500475168" POSITION_Y="195.51155441600338" FRAME="321" POSITION_Z="220.56885717837832" />
      </SpotsInFrame>
      <SpotsInFrame frame="322">
        <Spot ID="123785" name="ID123785" VISIBILITY="1" RADIUS="8.26446280991735" QUALITY="-1.0" SOURCE_ID="0" POSITION_T="322.0" POSITION_X="1134.187208705874" POSITION_Y="193.27549206994482" FRAME="322" POSITION_Z="220.56885717837832" />
        <Spot ID="123511" name="ID123511" VISIBILITY="1" RADIUS="8.26446280991735" QUALITY="377.36004638671875" SOURCE_ID="0" POSITION_T="322.0" POSITION_X="1172.7788535573402" POSITION_Y="237.03638020900917" FRAME="322" POSITION_Z="303.7030070187044" />
      </SpotsInFrame>
      <SpotsInFrame frame="323">
        <Spot ID="123845" name="ID123845" VISIBILITY="1" RADIUS="8.26446280991735" QUALITY="-1.0" SOURCE_ID="0" POSITION_T="323.0" POSITION_X="1131.578469302139" POSITION_Y="193.27549206994473" FRAME="323" POSITION_Z="220.56885717837832" />
        <Spot ID="123523" name="ID123523" VISIBILITY="1" RADIUS="8.26446280991735" QUALITY="347.91729736328125" SOURCE_ID="0" POSITION_T="323.0" POSITION_X="1174.551228217625" POSITION_Y="235.45513479114223" FRAME="323" POSITION_Z="302.33406251839114" />
      </SpotsInFrame>
      <SpotsInFrame frame="324">
        <Spot ID="123853" name="ID123853" VISIBILITY="1" RADIUS="8.26446280991735" QUALITY="-1.0" SOURCE_ID="0" POSITION_T="324.0" POSITION_X="1133.441854590521" POSITION_Y="193.64816912762114" FRAME="324" POSITION_Z="220.56885717837832" />
        <Spot ID="123543" name="ID123543" VISIBILITY="1" RADIUS="8.26446280991735" QUALITY="453.10968017578125" SOURCE_ID="0" POSITION_T="324.0" POSITION_X="1174.838977804885" POSITION_Y="236.00120127124615" FRAME="324" POSITION_Z="305.0425547445326" />
      </SpotsInFrame>
      <SpotsInFrame frame="325">
        <Spot ID="123877" name="ID123877" VISIBILITY="1" RADIUS="8.26446280991735" QUALITY="-1.0" SOURCE_ID="0" POSITION_T="325.0" POSITION_X="1128.5970528407274" POSITION_Y="192.90281501226826" FRAME="325" POSITION_Z="220.56885717837832" />
        <Spot ID="123582" name="ID123582" VISIBILITY="1" RADIUS="8.26446280991735" QUALITY="514.9804077148438" SOURCE_ID="0" POSITION_T="325.0" POSITION_X="1171.8248568305128" POSITION_Y="235.7032691730754" FRAME="325" POSITION_Z="305.1378518755412" />
      </SpotsInFrame>
      <SpotsInFrame frame="326">
        <Spot ID="123909" name="ID123909" VISIBILITY="1" RADIUS="8.26446280991735" QUALITY="-1.0" SOURCE_ID="0" POSITION_T="326.0" POSITION_X="1128.224375783051" POSITION_Y="193.64816912762112" FRAME="326" POSITION_Z="220.56885717837832" />
        <Spot ID="123598" name="ID123598" VISIBILITY="1" RADIUS="8.26446280991735" QUALITY="437.90313720703125" SOURCE_ID="0" POSITION_T="326.0" POSITION_X="1171.6317221100073" POSITION_Y="235.63331311134738" FRAME="326" POSITION_Z="304.3009741341623" />
      </SpotsInFrame>
      <SpotsInFrame frame="327">
        <Spot ID="123612" name="ID123612" VISIBILITY="1" RADIUS="8.26446280991735" QUALITY="391.7289123535156" SOURCE_ID="0" POSITION_T="327.0" POSITION_X="1170.8126947851601" POSITION_Y="235.027136946634" FRAME="327" POSITION_Z="304.7609079518278" />
        <Spot ID="123910" name="ID123910" VISIBILITY="1" RADIUS="8.26446280991735" QUALITY="-1.0" SOURCE_ID="0" POSITION_T="327.0" POSITION_X="1136.4232710519325" POSITION_Y="193.27549206994465" FRAME="327" POSITION_Z="220.56885717837832" />
      </SpotsInFrame>
      <SpotsInFrame frame="328">
        <Spot ID="123627" name="ID123627" VISIBILITY="1" RADIUS="8.26446280991735" QUALITY="384.31304931640625" SOURCE_ID="0" POSITION_T="328.0" POSITION_X="1170.3910095903614" POSITION_Y="235.36586480183604" FRAME="328" POSITION_Z="304.7101588086859" />
      </SpotsInFrame>
      <SpotsInFrame frame="329">
        <Spot ID="123641" name="ID123641" VISIBILITY="1" RADIUS="8.26446280991735" QUALITY="392.9136047363281" SOURCE_ID="0" POSITION_T="329.0" POSITION_X="1172.0859278306928" POSITION_Y="236.05056206563953" FRAME="329" POSITION_Z="303.6954309621081" />
      </SpotsInFrame>
    </AllSpots>
    <AllTracks>
      <Track name="Track_0" TRACK_ID="0" TRACK_INDEX="0" TRACK_DURATION="327.0" TRACK_START="0.0" TRACK_STOP="327.0" TRACK_DISPLACEMENT="153.55430215820311" NUMBER_SPOTS="328" NUMBER_GAPS="0" LONGEST_GAP="0" NUMBER_SPLITS="0" NUMBER_MERGES="0" NUMBER_COMPLEX="0" DIVISION_TIME_MEAN="NaN" DIVISION_TIME_STD="NaN">
        <Edge SPOT_SOURCE_ID="106632" SPOT_TARGET_ID="106589" LINK_COST="-1.0" VELOCITY="7.3264241447379" DISPLACEMENT="7.3264241447379" />
        <Edge SPOT_SOURCE_ID="110644" SPOT_TARGET_ID="110626" LINK_COST="-1.0" VELOCITY="8.642834291846318" DISPLACEMENT="8.642834291846318" />
        <Edge SPOT_SOURCE_ID="109621" SPOT_TARGET_ID="109595" LINK_COST="-1.0" VELOCITY="4.936468442912014" DISPLACEMENT="4.936468442912014" />
        <Edge SPOT_SOURCE_ID="100232" SPOT_TARGET_ID="100231" LINK_COST="-1.0" VELOCITY="2.04972381722028" DISPLACEMENT="2.04972381722028" />
        <Edge SPOT_SOURCE_ID="108467" SPOT_TARGET_ID="108371" LINK_COST="-1.0" VELOCITY="2.0887696679564636" DISPLACEMENT="2.0887696679564636" />
        <Edge SPOT_SOURCE_ID="108369" SPOT_TARGET_ID="108367" LINK_COST="-1.0" VELOCITY="3.935831305331478" DISPLACEMENT="3.935831305331478" />
        <Edge SPOT_SOURCE_ID="101133" SPOT_TARGET_ID="101105" LINK_COST="-1.0" VELOCITY="1.7392483328591766" DISPLACEMENT="1.7392483328591766" />
        <Edge SPOT_SOURCE_ID="107916" SPOT_TARGET_ID="107816" LINK_COST="-1.0" VELOCITY="4.018919332828927" DISPLACEMENT="4.018919332828927" />
        <Edge SPOT_SOURCE_ID="108781" SPOT_TARGET_ID="108779" LINK_COST="-1.0" VELOCITY="4.849475401340087" DISPLACEMENT="4.849475401340087" />
        <Edge SPOT_SOURCE_ID="100227" SPOT_TARGET_ID="100204" LINK_COST="-1.0" VELOCITY="2.493596646569492" DISPLACEMENT="2.493596646569492" />
        <Edge SPOT_SOURCE_ID="109357" SPOT_TARGET_ID="109241" LINK_COST="-1.0" VELOCITY="1.4650695142070753" DISPLACEMENT="1.4650695142070753" />
        <Edge SPOT_SOURCE_ID="109695" SPOT_TARGET_ID="109674" LINK_COST="-1.0" VELOCITY="0.6524220335271878" DISPLACEMENT="0.6524220335271878" />
        <Edge SPOT_SOURCE_ID="99384" SPOT_TARGET_ID="99383" LINK_COST="-1.0" VELOCITY="2.8696133441083873" DISPLACEMENT="2.8696133441083873" />
        <Edge SPOT_SOURCE_ID="110351" SPOT_TARGET_ID="110335" LINK_COST="-1.0" VELOCITY="5.947957207768718" DISPLACEMENT="5.947957207768718" />
        <Edge SPOT_SOURCE_ID="101169" SPOT_TARGET_ID="101158" LINK_COST="-1.0" VELOCITY="1.4780768647056062" DISPLACEMENT="1.4780768647056062" />
        <Edge SPOT_SOURCE_ID="100702" SPOT_TARGET_ID="100474" LINK_COST="-1.0" VELOCITY="2.2076201129681334" DISPLACEMENT="2.2076201129681334" />
        <Edge SPOT_SOURCE_ID="110689" SPOT_TARGET_ID="110665" LINK_COST="-1.0" VELOCITY="4.870433235069222" DISPLACEMENT="4.870433235069222" />
        <Edge SPOT_SOURCE_ID="108588" SPOT_TARGET_ID="108575" LINK_COST="-1.0" VELOCITY="1.3312669968648487" DISPLACEMENT="1.3312669968648487" />
        <Edge SPOT_SOURCE_ID="108589" SPOT_TARGET_ID="108588" LINK_COST="-1.0" VELOCITY="3.8266270483365115" DISPLACEMENT="3.8266270483365115" />
        <Edge SPOT_SOURCE_ID="99362" SPOT_TARGET_ID="99354" LINK_COST="-1.0" VELOCITY="2.4596685806643563" DISPLACEMENT="2.4596685806643563" />
        <Edge SPOT_SOURCE_ID="100229" SPOT_TARGET_ID="100228" LINK_COST="-1.0" VELOCITY="1.6902455603487023" DISPLACEMENT="1.6902455603487023" />
        <Edge SPOT_SOURCE_ID="109674" SPOT_TARGET_ID="109621" LINK_COST="-1.0" VELOCITY="1.0315698108122717" DISPLACEMENT="1.0315698108122717" />
        <Edge SPOT_SOURCE_ID="109241" SPOT_TARGET_ID="109252" LINK_COST="26.601523686841265" VELOCITY="3.8854370570693653" DISPLACEMENT="3.8854370570693653" />
        <Edge SPOT_SOURCE_ID="108367" SPOT_TARGET_ID="108336" LINK_COST="-1.0" VELOCITY="2.9352992392596993" DISPLACEMENT="2.9352992392596993" />
        <Edge SPOT_SOURCE_ID="107614" SPOT_TARGET_ID="107606" LINK_COST="-1.0" VELOCITY="1.9572661005817016" DISPLACEMENT="1.9572661005817016" />
        <Edge SPOT_SOURCE_ID="102575" SPOT_TARGET_ID="102425" LINK_COST="-1.0" VELOCITY="8.249163066776697" DISPLACEMENT="8.249163066776697" />
        <Edge SPOT_SOURCE_ID="123667" SPOT_TARGET_ID="123668" LINK_COST="-1.0" VELOCITY="1.5811348480537477" DISPLACEMENT="1.5811348480537477" />
        <Edge SPOT_SOURCE_ID="101361" SPOT_TARGET_ID="101308" LINK_COST="-1.0" VELOCITY="2.59271833468432" DISPLACEMENT="2.59271833468432" />
        <Edge SPOT_SOURCE_ID="105480" SPOT_TARGET_ID="105469" LINK_COST="-1.0" VELOCITY="1.5967594690239015" DISPLACEMENT="1.5967594690239015" />
        <Edge SPOT_SOURCE_ID="108491" SPOT_TARGET_ID="108483" LINK_COST="-1.0" VELOCITY="1.3839961323077143" DISPLACEMENT="1.3839961323077143" />
        <Edge SPOT_SOURCE_ID="123665" SPOT_TARGET_ID="123666" LINK_COST="-1.0" VELOCITY="2.6352247467564696" DISPLACEMENT="2.6352247467564696" />
        <Edge SPOT_SOURCE_ID="108999" SPOT_TARGET_ID="108982" LINK_COST="-1.0" VELOCITY="4.342050161497872" DISPLACEMENT="4.342050161497872" />
        <Edge SPOT_SOURCE_ID="107935" SPOT_TARGET_ID="107934" LINK_COST="-1.0" VELOCITY="2.063139621624363" DISPLACEMENT="2.063139621624363" />
        <Edge SPOT_SOURCE_ID="107934" SPOT_TARGET_ID="107933" LINK_COST="-1.0" VELOCITY="0.7294300084927916" DISPLACEMENT="0.7294300084927916" />
        <Edge SPOT_SOURCE_ID="110216" SPOT_TARGET_ID="110195" LINK_COST="-1.0" VELOCITY="3.1451273112835203" DISPLACEMENT="3.1451273112835203" />
        <Edge SPOT_SOURCE_ID="108733" SPOT_TARGET_ID="108643" LINK_COST="-1.0" VELOCITY="2.174820146561722" DISPLACEMENT="2.174820146561722" />
        <Edge SPOT_SOURCE_ID="108250" SPOT_TARGET_ID="108218" LINK_COST="-1.0" VELOCITY="2.6553054709996253" DISPLACEMENT="2.6553054709996253" />
        <Edge SPOT_SOURCE_ID="108882" SPOT_TARGET_ID="108881" LINK_COST="-1.0" VELOCITY="1.9385451219345309" DISPLACEMENT="1.9385451219345309" />
        <Edge SPOT_SOURCE_ID="106742" SPOT_TARGET_ID="106713" LINK_COST="-1.0" VELOCITY="2.4857140860606406" DISPLACEMENT="2.4857140860606406" />
        <Edge SPOT_SOURCE_ID="100003" SPOT_TARGET_ID="99440" LINK_COST="-1.0" VELOCITY="4.67408944927003" DISPLACEMENT="4.67408944927003" />
        <Edge SPOT_SOURCE_ID="109096" SPOT_TARGET_ID="109085" LINK_COST="-1.0" VELOCITY="1.7998939599456227" DISPLACEMENT="1.7998939599456227" />
        <Edge SPOT_SOURCE_ID="109068" SPOT_TARGET_ID="109044" LINK_COST="-1.0" VELOCITY="2.5581299614051276" DISPLACEMENT="2.5581299614051276" />
        <Edge SPOT_SOURCE_ID="105823" SPOT_TARGET_ID="105727" LINK_COST="-1.0" VELOCITY="1.5321173048611871" DISPLACEMENT="1.5321173048611871" />
        <Edge SPOT_SOURCE_ID="104205" SPOT_TARGET_ID="104115" LINK_COST="-1.0" VELOCITY="0.7294300084927258" DISPLACEMENT="0.7294300084927258" />
        <Edge SPOT_SOURCE_ID="107656" SPOT_TARGET_ID="107615" LINK_COST="-1.0" VELOCITY="3.48292749760712" DISPLACEMENT="3.48292749760712" />
        <Edge SPOT_SOURCE_ID="109439" SPOT_TARGET_ID="109419" LINK_COST="-1.0" VELOCITY="2.9793546367819412" DISPLACEMENT="2.9793546367819412" />
        <Edge SPOT_SOURCE_ID="110125" SPOT_TARGET_ID="110123" LINK_COST="-1.0" VELOCITY="4.024685246729763" DISPLACEMENT="4.024685246729763" />
        <Edge SPOT_SOURCE_ID="104339" SPOT_TARGET_ID="104216" LINK_COST="-1.0" VELOCITY="2.5235186706170594" DISPLACEMENT="2.5235186706170594" />
        <Edge SPOT_SOURCE_ID="107786" SPOT_TARGET_ID="107754" LINK_COST="-1.0" VELOCITY="0.5959684546106114" DISPLACEMENT="0.5959684546106114" />
        <Edge SPOT_SOURCE_ID="101170" SPOT_TARGET_ID="101169" LINK_COST="-1.0" VELOCITY="2.8421709430404007E-14" DISPLACEMENT="2.8421709430404007E-14" />
        <Edge SPOT_SOURCE_ID="106975" SPOT_TARGET_ID="106947" LINK_COST="-1.0" VELOCITY="2.547789487954904" DISPLACEMENT="2.547789487954904" />
        <Edge SPOT_SOURCE_ID="107192" SPOT_TARGET_ID="107173" LINK_COST="-1.0" VELOCITY="2.54778948795481" DISPLACEMENT="2.54778948795481" />
        <Edge SPOT_SOURCE_ID="123784" SPOT_TARGET_ID="123785" LINK_COST="-1.0" VELOCITY="2.6874124812829083" DISPLACEMENT="2.6874124812829083" />
        <Edge SPOT_SOURCE_ID="109787" SPOT_TARGET_ID="109773" LINK_COST="-1.0" VELOCITY="6.17012058956527" DISPLACEMENT="6.17012058956527" />
        <Edge SPOT_SOURCE_ID="110290" SPOT_TARGET_ID="110286" LINK_COST="-1.0" VELOCITY="7.208569691933436" DISPLACEMENT="7.208569691933436" />
        <Edge SPOT_SOURCE_ID="108029" SPOT_TARGET_ID="108000" LINK_COST="-1.0" VELOCITY="4.142079601993667" DISPLACEMENT="4.142079601993667" />
        <Edge SPOT_SOURCE_ID="107615" SPOT_TARGET_ID="107614" LINK_COST="-1.0" VELOCITY="1.9966410224547129" DISPLACEMENT="1.9966410224547129" />
        <Edge SPOT_SOURCE_ID="110580" SPOT_TARGET_ID="110568" LINK_COST="-1.0" VELOCITY="10.361512890018313" DISPLACEMENT="10.361512890018313" />
        <Edge SPOT_SOURCE_ID="109484" SPOT_TARGET_ID="109470" LINK_COST="-1.0" VELOCITY="3.5453799339632375" DISPLACEMENT="3.5453799339632375" />
        <Edge SPOT_SOURCE_ID="109793" SPOT_TARGET_ID="109787" LINK_COST="-1.0" VELOCITY="4.820872175706243" DISPLACEMENT="4.820872175706243" />
        <Edge SPOT_SOURCE_ID="109384" SPOT_TARGET_ID="109373" LINK_COST="-1.0" VELOCITY="5.297134888335373" DISPLACEMENT="5.297134888335373" />
        <Edge SPOT_SOURCE_ID="105868" SPOT_TARGET_ID="105823" LINK_COST="-1.0" VELOCITY="3.2733867237823726" DISPLACEMENT="3.2733867237823726" />
        <Edge SPOT_SOURCE_ID="123664" SPOT_TARGET_ID="123665" LINK_COST="-1.0" VELOCITY="1.1785083339474467" DISPLACEMENT="1.1785083339474467" />
        <Edge SPOT_SOURCE_ID="106116" SPOT_TARGET_ID="106110" LINK_COST="-1.0" VELOCITY="2.3066602205128612" DISPLACEMENT="2.3066602205128612" />
        <Edge SPOT_SOURCE_ID="123668" SPOT_TARGET_ID="123669" LINK_COST="-1.0" VELOCITY="0.37267705767638404" DISPLACEMENT="0.37267705767638404" />
        <Edge SPOT_SOURCE_ID="109171" SPOT_TARGET_ID="109163" LINK_COST="-1.0" VELOCITY="4.0904383992423226" DISPLACEMENT="4.0904383992423226" />
        <Edge SPOT_SOURCE_ID="108285" SPOT_TARGET_ID="108272" LINK_COST="-1.0" VELOCITY="1.1761705475627422" DISPLACEMENT="1.1761705475627422" />
        <Edge SPOT_SOURCE_ID="123678" SPOT_TARGET_ID="123719" LINK_COST="-1.0" VELOCITY="3.0731737460884796" DISPLACEMENT="3.0731737460884796" />
        <Edge SPOT_SOURCE_ID="108287" SPOT_TARGET_ID="108286" LINK_COST="-1.0" VELOCITY="3.262110167636174" DISPLACEMENT="3.262110167636174" />
        <Edge SPOT_SOURCE_ID="108866" SPOT_TARGET_ID="108865" LINK_COST="-1.0" VELOCITY="1.8313368927588651" DISPLACEMENT="1.8313368927588651" />
        <Edge SPOT_SOURCE_ID="108044" SPOT_TARGET_ID="108029" LINK_COST="-1.0" VELOCITY="4.240743217926667" DISPLACEMENT="4.240743217926667" />
        <Edge SPOT_SOURCE_ID="110732" SPOT_TARGET_ID="110722" LINK_COST="-1.0" VELOCITY="0.5090868897978513" DISPLACEMENT="0.5090868897978513" />
        <Edge SPOT_SOURCE_ID="100228" SPOT_TARGET_ID="100227" LINK_COST="-1.0" VELOCITY="3.5264781966665555" DISPLACEMENT="3.5264781966665555" />
        <Edge SPOT_SOURCE_ID="109156" SPOT_TARGET_ID="109152" LINK_COST="-1.0" VELOCITY="1.984264149739959" DISPLACEMENT="1.984264149739959" />
        <Edge SPOT_SOURCE_ID="123719" SPOT_TARGET_ID="123729" LINK_COST="-1.0" VELOCITY="3.1841541765811954" DISPLACEMENT="3.1841541765811954" />
        <Edge SPOT_SOURCE_ID="107029" SPOT_TARGET_ID="107010" LINK_COST="-1.0" VELOCITY="3.58475941753439" DISPLACEMENT="3.58475941753439" />
        <Edge SPOT_SOURCE_ID="110722" SPOT_TARGET_ID="110721" LINK_COST="-1.0" VELOCITY="3.8770902438692465" DISPLACEMENT="3.8770902438692465" />
        <Edge SPOT_SOURCE_ID="110286" SPOT_TARGET_ID="110278" LINK_COST="-1.0" VELOCITY="2.9177200339708014" DISPLACEMENT="2.9177200339708014" />
        <Edge SPOT_SOURCE_ID="108844" SPOT_TARGET_ID="108807" LINK_COST="-1.0" VELOCITY="2.8580455938725193" DISPLACEMENT="2.8580455938725193" />
        <Edge SPOT_SOURCE_ID="108336" SPOT_TARGET_ID="108319" LINK_COST="-1.0" VELOCITY="1.0315698108123437" DISPLACEMENT="1.0315698108123437" />
        <Edge SPOT_SOURCE_ID="106819" SPOT_TARGET_ID="106808" LINK_COST="-1.0" VELOCITY="1.3120601421623632" DISPLACEMENT="1.3120601421623632" />
        <Edge SPOT_SOURCE_ID="109499" SPOT_TARGET_ID="109485" LINK_COST="-1.0" VELOCITY="4.740086418173905" DISPLACEMENT="4.740086418173905" />
        <Edge SPOT_SOURCE_ID="108313" SPOT_TARGET_ID="108287" LINK_COST="-1.0" VELOCITY="4.8931652514539286" DISPLACEMENT="4.8931652514539286" />
        <Edge SPOT_SOURCE_ID="107606" SPOT_TARGET_ID="107599" LINK_COST="-1.0" VELOCITY="3.007516971510438" DISPLACEMENT="3.007516971510438" />
        <Edge SPOT_SOURCE_ID="106947" SPOT_TARGET_ID="106900" LINK_COST="-1.0" VELOCITY="1.6633563400263265" DISPLACEMENT="1.6633563400263265" />
        <Edge SPOT_SOURCE_ID="108137" SPOT_TARGET_ID="108102" LINK_COST="-1.0" VELOCITY="1.9283252228476122" DISPLACEMENT="1.9283252228476122" />
        <Edge SPOT_SOURCE_ID="105457" SPOT_TARGET_ID="105429" LINK_COST="-1.0" VELOCITY="5.835440067941559" DISPLACEMENT="5.835440067941559" />
        <Edge SPOT_SOURCE_ID="110129" SPOT_TARGET_ID="110126" LINK_COST="-1.0" VELOCITY="6.089637650973163" DISPLACEMENT="6.089637650973163" />
        <Edge SPOT_SOURCE_ID="110493" SPOT_TARGET_ID="110479" LINK_COST="-1.0" VELOCITY="8.400720329682082" DISPLACEMENT="8.400720329682082" />
        <Edge SPOT_SOURCE_ID="106761" SPOT_TARGET_ID="106759" LINK_COST="-1.0" VELOCITY="4.409556604643525" DISPLACEMENT="4.409556604643525" />
        <Edge SPOT_SOURCE_ID="105727" SPOT_TARGET_ID="105486" LINK_COST="-1.0" VELOCITY="3.1254537360632177" DISPLACEMENT="3.1254537360632177" />
        <Edge SPOT_SOURCE_ID="108878" SPOT_TARGET_ID="108868" LINK_COST="-1.0" VELOCITY="1.345002478356386" DISPLACEMENT="1.345002478356386" />
        <Edge SPOT_SOURCE_ID="99385" SPOT_TARGET_ID="99384" LINK_COST="-1.0" VELOCITY="3.8890775020265878" DISPLACEMENT="3.8890775020265878" />
        <Edge SPOT_SOURCE_ID="110248" SPOT_TARGET_ID="110216" LINK_COST="-1.0" VELOCITY="3.4057430015951837" DISPLACEMENT="3.4057430015951837" />
        <Edge SPOT_SOURCE_ID="100231" SPOT_TARGET_ID="100230" LINK_COST="-1.0" VELOCITY="0.9166643580809876" DISPLACEMENT="0.9166643580809876" />
        <Edge SPOT_SOURCE_ID="110145" SPOT_TARGET_ID="110140" LINK_COST="-1.0" VELOCITY="0.7294300084927512" DISPLACEMENT="0.7294300084927512" />
        <Edge SPOT_SOURCE_ID="106102" SPOT_TARGET_ID="105868" LINK_COST="-1.0" VELOCITY="2.0484564376025722" DISPLACEMENT="2.0484564376025722" />
        <Edge SPOT_SOURCE_ID="100423" SPOT_TARGET_ID="100412" LINK_COST="-1.0" VELOCITY="0.9166643580810003" DISPLACEMENT="0.9166643580810003" />
        <Edge SPOT_SOURCE_ID="123669" SPOT_TARGET_ID="123678" LINK_COST="134.9895314052523" VELOCITY="2.357016667894714" DISPLACEMENT="2.357016667894714" />
        <Edge SPOT_SOURCE_ID="110371" SPOT_TARGET_ID="110360" LINK_COST="-1.0" VELOCITY="5.97084498184663" DISPLACEMENT="5.97084498184663" />
        <Edge SPOT_SOURCE_ID="108286" SPOT_TARGET_ID="108285" LINK_COST="-1.0" VELOCITY="1.0315698108125058" DISPLACEMENT="1.0315698108125058" />
        <Edge SPOT_SOURCE_ID="109262" SPOT_TARGET_ID="109274" LINK_COST="3.318752882897689" VELOCITY="2.3467746065577013" DISPLACEMENT="2.3467746065577013" />
        <Edge SPOT_SOURCE_ID="101201" SPOT_TARGET_ID="101170" LINK_COST="-1.0" VELOCITY="1.159498888572838" DISPLACEMENT="1.159498888572838" />
        <Edge SPOT_SOURCE_ID="101260" SPOT_TARGET_ID="101229" LINK_COST="-1.0" VELOCITY="3.032359075196177" DISPLACEMENT="3.032359075196177" />
        <Edge SPOT_SOURCE_ID="102776" SPOT_TARGET_ID="102768" LINK_COST="-1.0" VELOCITY="1.158239148842647" DISPLACEMENT="1.158239148842647" />
        <Edge SPOT_SOURCE_ID="110557" SPOT_TARGET_ID="110523" LINK_COST="-1.0" VELOCITY="9.952911310355566" DISPLACEMENT="9.952911310355566" />
        <Edge SPOT_SOURCE_ID="108735" SPOT_TARGET_ID="108733" LINK_COST="-1.0" VELOCITY="1.2979219925961634" DISPLACEMENT="1.2979219925961634" />
        <Edge SPOT_SOURCE_ID="123747" SPOT_TARGET_ID="123748" LINK_COST="-1.0" VELOCITY="1.9002875893604043" DISPLACEMENT="1.9002875893604043" />
        <Edge SPOT_SOURCE_ID="108371" SPOT_TARGET_ID="108370" LINK_COST="-1.0" VELOCITY="0.922664088205163" DISPLACEMENT="0.922664088205163" />
        <Edge SPOT_SOURCE_ID="108620" SPOT_TARGET_ID="108589" LINK_COST="-1.0" VELOCITY="4.1436670734219145" DISPLACEMENT="4.1436670734219145" />
        <Edge SPOT_SOURCE_ID="102793" SPOT_TARGET_ID="102776" LINK_COST="-1.0" VELOCITY="3.0203181779739685" DISPLACEMENT="3.0203181779739685" />
        <Edge SPOT_SOURCE_ID="109252" SPOT_TARGET_ID="109262" LINK_COST="2.135717714182609" VELOCITY="1.5483273289636907" DISPLACEMENT="1.5483273289636907" />
        <Edge SPOT_SOURCE_ID="110443" SPOT_TARGET_ID="110437" LINK_COST="-1.0" VELOCITY="6.605269658216148" DISPLACEMENT="6.605269658216148" />
        <Edge SPOT_SOURCE_ID="109444" SPOT_TARGET_ID="109439" LINK_COST="-1.0" VELOCITY="3.7459241059191797" DISPLACEMENT="3.7459241059191797" />
        <Edge SPOT_SOURCE_ID="108102" SPOT_TARGET_ID="108044" LINK_COST="-1.0" VELOCITY="13.100555907762077" DISPLACEMENT="13.100555907762077" />
        <Edge SPOT_SOURCE_ID="107108" SPOT_TARGET_ID="107029" LINK_COST="-1.0" VELOCITY="5.270469801464586" DISPLACEMENT="5.270469801464586" />
        <Edge SPOT_SOURCE_ID="109301" SPOT_TARGET_ID="109218" LINK_COST="-1.0" VELOCITY="2.84588223010412" DISPLACEMENT="2.84588223010412" />
        <Edge SPOT_SOURCE_ID="101058" SPOT_TARGET_ID="101057" LINK_COST="-1.0" VELOCITY="1.6902455603486748" DISPLACEMENT="1.6902455603486748" />
        <Edge SPOT_SOURCE_ID="107938" SPOT_TARGET_ID="107935" LINK_COST="-1.0" VELOCITY="3.278380144713303" DISPLACEMENT="3.278380144713303" />
        <Edge SPOT_SOURCE_ID="108881" SPOT_TARGET_ID="108879" LINK_COST="-1.0" VELOCITY="3.74580997716759" DISPLACEMENT="3.74580997716759" />
        <Edge SPOT_SOURCE_ID="106820" SPOT_TARGET_ID="106819" LINK_COST="-1.0" VELOCITY="1.2958531955219303" DISPLACEMENT="1.2958531955219303" />
        <Edge SPOT_SOURCE_ID="110195" SPOT_TARGET_ID="110184" LINK_COST="-1.0" VELOCITY="6.286759328779586" DISPLACEMENT="6.286759328779586" />
        <Edge SPOT_SOURCE_ID="108190" SPOT_TARGET_ID="108137" LINK_COST="-1.0" VELOCITY="1.4588600169853203" DISPLACEMENT="1.4588600169853203" />
        <Edge SPOT_SOURCE_ID="104453" SPOT_TARGET_ID="104451" LINK_COST="-1.0" VELOCITY="1.138352892042002" DISPLACEMENT="1.138352892042002" />
        <Edge SPOT_SOURCE_ID="109373" SPOT_TARGET_ID="109360" LINK_COST="-1.0" VELOCITY="3.5726874999323703" DISPLACEMENT="3.5726874999323703" />
        <Edge SPOT_SOURCE_ID="100240" SPOT_TARGET_ID="100239" LINK_COST="-1.0" VELOCITY="4.462744767895159" DISPLACEMENT="4.462744767895159" />
        <Edge SPOT_SOURCE_ID="123742" SPOT_TARGET_ID="123743" LINK_COST="-1.0" VELOCITY="1.343706240641269" DISPLACEMENT="1.343706240641269" />
        <Edge SPOT_SOURCE_ID="99428" SPOT_TARGET_ID="99395" LINK_COST="-1.0" VELOCITY="4.965087821744723" DISPLACEMENT="4.965087821744723" />
        <Edge SPOT_SOURCE_ID="103888" SPOT_TARGET_ID="103911" LINK_COST="76.2507377211507" VELOCITY="1.6298733015115237" DISPLACEMENT="1.6298733015115237" />
        <Edge SPOT_SOURCE_ID="123662" SPOT_TARGET_ID="123663" LINK_COST="-1.0" VELOCITY="1.8633852883822328" DISPLACEMENT="1.8633852883822328" />
        <Edge SPOT_SOURCE_ID="109163" SPOT_TARGET_ID="109162" LINK_COST="-1.0" VELOCITY="3.8519412849995605" DISPLACEMENT="3.8519412849995605" />
        <Edge SPOT_SOURCE_ID="110523" SPOT_TARGET_ID="110493" LINK_COST="-1.0" VELOCITY="8.255689781959658" DISPLACEMENT="8.255689781959658" />
        <Edge SPOT_SOURCE_ID="101158" SPOT_TARGET_ID="101133" LINK_COST="-1.0" VELOCITY="1.6902455603487023" DISPLACEMENT="1.6902455603487023" />
        <Edge SPOT_SOURCE_ID="106468" SPOT_TARGET_ID="106116" LINK_COST="-1.0" VELOCITY="1.6310550838178668" DISPLACEMENT="1.6310550838178668" />
        <Edge SPOT_SOURCE_ID="110267" SPOT_TARGET_ID="110260" LINK_COST="-1.0" VELOCITY="2.6299972974825923" DISPLACEMENT="2.6299972974825923" />
        <Edge SPOT_SOURCE_ID="101308" SPOT_TARGET_ID="101276" LINK_COST="-1.0" VELOCITY="4.641237398655786" DISPLACEMENT="4.641237398655786" />
        <Edge SPOT_SOURCE_ID="101057" SPOT_TARGET_ID="101031" LINK_COST="-1.0" VELOCITY="2.59271833468432" DISPLACEMENT="2.59271833468432" />
        <Edge SPOT_SOURCE_ID="109554" SPOT_TARGET_ID="109531" LINK_COST="-1.0" VELOCITY="4.736446409897547" DISPLACEMENT="4.736446409897547" />
        <Edge SPOT_SOURCE_ID="101105" SPOT_TARGET_ID="101093" LINK_COST="-1.0" VELOCITY="2.2076201129680544" DISPLACEMENT="2.2076201129680544" />
        <Edge SPOT_SOURCE_ID="102302" SPOT_TARGET_ID="102111" LINK_COST="-1.0" VELOCITY="2.74999307424295" DISPLACEMENT="2.74999307424295" />
        <Edge SPOT_SOURCE_ID="105429" SPOT_TARGET_ID="104647" LINK_COST="-1.0" VELOCITY="0.684068065210564" DISPLACEMENT="0.684068065210564" />
        <Edge SPOT_SOURCE_ID="108935" SPOT_TARGET_ID="108884" LINK_COST="-1.0" VELOCITY="0.5090868897977145" DISPLACEMENT="0.5090868897977145" />
        <Edge SPOT_SOURCE_ID="110803" SPOT_TARGET_ID="110799" LINK_COST="-1.0" VELOCITY="1.138352892041227" DISPLACEMENT="1.138352892041227" />
        <Edge SPOT_SOURCE_ID="99304" SPOT_TARGET_ID="103877" LINK_COST="13.362135936440378" VELOCITY="2.858309103449568" DISPLACEMENT="2.858309103449568" />
        <Edge SPOT_SOURCE_ID="100230" SPOT_TARGET_ID="100229" LINK_COST="-1.0" VELOCITY="2.3903681951859492" DISPLACEMENT="2.3903681951859492" />
        <Edge SPOT_SOURCE_ID="99383" SPOT_TARGET_ID="99377" LINK_COST="-1.0" VELOCITY="1.4780768647055118" DISPLACEMENT="1.4780768647055118" />
        <Edge SPOT_SOURCE_ID="109218" SPOT_TARGET_ID="109187" LINK_COST="-1.0" VELOCITY="1.0495095096263194" DISPLACEMENT="1.0495095096263194" />
        <Edge SPOT_SOURCE_ID="123751" SPOT_TARGET_ID="123783" LINK_COST="-1.0" VELOCITY="0.7453541153528533" DISPLACEMENT="0.7453541153528533" />
        <Edge SPOT_SOURCE_ID="108256" SPOT_TARGET_ID="108250" LINK_COST="-1.0" VELOCITY="3.275995025529547" DISPLACEMENT="3.275995025529547" />
        <Edge SPOT_SOURCE_ID="110456" SPOT_TARGET_ID="110443" LINK_COST="-1.0" VELOCITY="12.603529725851393" DISPLACEMENT="12.603529725851393" />
        <Edge SPOT_SOURCE_ID="123743" SPOT_TARGET_ID="123744" LINK_COST="-1.0" VELOCITY="1.118031173029351" DISPLACEMENT="1.118031173029351" />
        <Edge SPOT_SOURCE_ID="102767" SPOT_TARGET_ID="102642" LINK_COST="-1.0" VELOCITY="3.6031184479375247" DISPLACEMENT="3.6031184479375247" />
        <Edge SPOT_SOURCE_ID="108748" SPOT_TARGET_ID="108737" LINK_COST="-1.0" VELOCITY="2.088769667956446" DISPLACEMENT="2.088769667956446" />
        <Edge SPOT_SOURCE_ID="108483" SPOT_TARGET_ID="108468" LINK_COST="-1.0" VELOCITY="4.9364684429120915" DISPLACEMENT="4.9364684429120915" />
        <Edge SPOT_SOURCE_ID="109595" SPOT_TARGET_ID="109559" LINK_COST="-1.0" VELOCITY="2.352341095124659" DISPLACEMENT="2.352341095124659" />
        <Edge SPOT_SOURCE_ID="109773" SPOT_TARGET_ID="109768" LINK_COST="-1.0" VELOCITY="4.290636030965846" DISPLACEMENT="4.290636030965846" />
        <Edge SPOT_SOURCE_ID="110268" SPOT_TARGET_ID="110267" LINK_COST="-1.0" VELOCITY="5.6991810795057765" DISPLACEMENT="5.6991810795057765" />
        <Edge SPOT_SOURCE_ID="105469" SPOT_TARGET_ID="105459" LINK_COST="-1.0" VELOCITY="4.383270117658355" DISPLACEMENT="4.383270117658355" />
        <Edge SPOT_SOURCE_ID="108218" SPOT_TARGET_ID="108190" LINK_COST="-1.0" VELOCITY="2.0038303650368934" DISPLACEMENT="2.0038303650368934" />
        <Edge SPOT_SOURCE_ID="110708" SPOT_TARGET_ID="110707" LINK_COST="-1.0" VELOCITY="2.7058339349503777" DISPLACEMENT="2.7058339349503777" />
        <Edge SPOT_SOURCE_ID="123853" SPOT_TARGET_ID="123877" LINK_COST="-1.0" VELOCITY="4.901801378276761" DISPLACEMENT="4.901801378276761" />
        <Edge SPOT_SOURCE_ID="108769" SPOT_TARGET_ID="108757" LINK_COST="-1.0" VELOCITY="2.6096881341086657" DISPLACEMENT="2.6096881341086657" />
        <Edge SPOT_SOURCE_ID="106589" SPOT_TARGET_ID="106565" LINK_COST="-1.0" VELOCITY="1.478491695356848" DISPLACEMENT="1.478491695356848" />
        <Edge SPOT_SOURCE_ID="110335" SPOT_TARGET_ID="110290" LINK_COST="-1.0" VELOCITY="8.33254980933419" DISPLACEMENT="8.33254980933419" />
        <Edge SPOT_SOURCE_ID="108521" SPOT_TARGET_ID="108492" LINK_COST="-1.0" VELOCITY="1.3450024783563654" DISPLACEMENT="1.3450024783563654" />
        <Edge SPOT_SOURCE_ID="106893" SPOT_TARGET_ID="106820" LINK_COST="-1.0" VELOCITY="0.3662673785516992" DISPLACEMENT="0.3662673785516992" />
        <Edge SPOT_SOURCE_ID="110260" SPOT_TARGET_ID="110257" LINK_COST="-1.0" VELOCITY="3.5384094365521745" DISPLACEMENT="3.5384094365521745" />
        <Edge SPOT_SOURCE_ID="108575" SPOT_TARGET_ID="108557" LINK_COST="-1.0" VELOCITY="1.1761705475623452" DISPLACEMENT="1.1761705475623452" />
        <Edge SPOT_SOURCE_ID="109768" SPOT_TARGET_ID="109755" LINK_COST="-1.0" VELOCITY="6.189418864873756" DISPLACEMENT="6.189418864873756" />
        <Edge SPOT_SOURCE_ID="110707" SPOT_TARGET_ID="110706" LINK_COST="-1.0" VELOCITY="3.075660146990144" DISPLACEMENT="3.075660146990144" />
        <Edge SPOT_SOURCE_ID="123749" SPOT_TARGET_ID="123750" LINK_COST="-1.0" VELOCITY="3.890862710980589" DISPLACEMENT="3.890862710980589" />
        <Edge SPOT_SOURCE_ID="110360" SPOT_TARGET_ID="110351" LINK_COST="-1.0" VELOCITY="5.759660671826121" DISPLACEMENT="5.759660671826121" />
        <Edge SPOT_SOURCE_ID="107816" SPOT_TARGET_ID="107786" LINK_COST="-1.0" VELOCITY="4.256319522157064" DISPLACEMENT="4.256319522157064" />
        <Edge SPOT_SOURCE_ID="108257" SPOT_TARGET_ID="108256" LINK_COST="-1.0" VELOCITY="0.8189987563824896" DISPLACEMENT="0.8189987563824896" />
        <Edge SPOT_SOURCE_ID="109152" SPOT_TARGET_ID="109126" LINK_COST="-1.0" VELOCITY="3.7840603510456643" DISPLACEMENT="3.7840603510456643" />
        <Edge SPOT_SOURCE_ID="110278" SPOT_TARGET_ID="110268" LINK_COST="-1.0" VELOCITY="8.814651640069352" DISPLACEMENT="8.814651640069352" />
        <Edge SPOT_SOURCE_ID="101030" SPOT_TARGET_ID="101028" LINK_COST="-1.0" VELOCITY="0.9166643580810384" DISPLACEMENT="0.9166643580810384" />
        <Edge SPOT_SOURCE_ID="106565" SPOT_TARGET_ID="106484" LINK_COST="-1.0" VELOCITY="5.127743299724898" DISPLACEMENT="5.127743299724898" />
        <Edge SPOT_SOURCE_ID="110626" SPOT_TARGET_ID="110603" LINK_COST="-1.0" VELOCITY="2.979354636781686" DISPLACEMENT="2.979354636781686" />
        <Edge SPOT_SOURCE_ID="101221" SPOT_TARGET_ID="101202" LINK_COST="-1.0" VELOCITY="2.493596646569492" DISPLACEMENT="2.493596646569492" />
        <Edge SPOT_SOURCE_ID="99395" SPOT_TARGET_ID="99385" LINK_COST="-1.0" VELOCITY="1.5648115487576026" DISPLACEMENT="1.5648115487576026" />
        <Edge SPOT_SOURCE_ID="110568" SPOT_TARGET_ID="110557" LINK_COST="-1.0" VELOCITY="10.739199705143434" DISPLACEMENT="10.739199705143434" />
        <Edge SPOT_SOURCE_ID="109069" SPOT_TARGET_ID="109068" LINK_COST="-1.0" VELOCITY="2.5454344489885443" DISPLACEMENT="2.5454344489885443" />
        <Edge SPOT_SOURCE_ID="99377" SPOT_TARGET_ID="99362" LINK_COST="-1.0" VELOCITY="2.0903163482964593" DISPLACEMENT="2.0903163482964593" />
        <Edge SPOT_SOURCE_ID="123909" SPOT_TARGET_ID="123910" LINK_COST="-1.0" VELOCITY="8.207360831558733" DISPLACEMENT="8.207360831558733" />
        <Edge SPOT_SOURCE_ID="101076" SPOT_TARGET_ID="101058" LINK_COST="-1.0" VELOCITY="1.6902455603486954" DISPLACEMENT="1.6902455603486954" />
        <Edge SPOT_SOURCE_ID="108864" SPOT_TARGET_ID="108844" LINK_COST="-1.0" VELOCITY="3.823943696295724" DISPLACEMENT="3.823943696295724" />
        <Edge SPOT_SOURCE_ID="123783" SPOT_TARGET_ID="123784" LINK_COST="-1.0" VELOCITY="1.9002875893604043" DISPLACEMENT="1.9002875893604043" />
        <Edge SPOT_SOURCE_ID="101276" SPOT_TARGET_ID="101260" LINK_COST="-1.0" VELOCITY="1.8385272114110627" DISPLACEMENT="1.8385272114110627" />
        <Edge SPOT_SOURCE_ID="106667" SPOT_TARGET_ID="106632" LINK_COST="-1.0" VELOCITY="3.107731574347735" DISPLACEMENT="3.107731574347735" />
        <Edge SPOT_SOURCE_ID="108000" SPOT_TARGET_ID="107938" LINK_COST="-1.0" VELOCITY="4.31202256753311" DISPLACEMENT="4.31202256753311" />
        <Edge SPOT_SOURCE_ID="110656" SPOT_TARGET_ID="110644" LINK_COST="-1.0" VELOCITY="5.605737880991285" DISPLACEMENT="5.605737880991285" />
        <Edge SPOT_SOURCE_ID="108272" SPOT_TARGET_ID="108263" LINK_COST="-1.0" VELOCITY="2.0631396216247917" DISPLACEMENT="2.0631396216247917" />
        <Edge SPOT_SOURCE_ID="102320" SPOT_TARGET_ID="102302" LINK_COST="-1.0" VELOCITY="3.53105755468058" DISPLACEMENT="3.53105755468058" />
        <Edge SPOT_SOURCE_ID="105486" SPOT_TARGET_ID="105480" LINK_COST="-1.0" VELOCITY="2.0255520122992374" DISPLACEMENT="2.0255520122992374" />
        <Edge SPOT_SOURCE_ID="108315" SPOT_TARGET_ID="108313" LINK_COST="-1.0" VELOCITY="5.06415681208253" DISPLACEMENT="5.06415681208253" />
        <Edge SPOT_SOURCE_ID="104065" SPOT_TARGET_ID="102793" LINK_COST="-1.0" VELOCITY="5.179802942027592" DISPLACEMENT="5.179802942027592" />
        <Edge SPOT_SOURCE_ID="100412" SPOT_TARGET_ID="100255" LINK_COST="-1.0" VELOCITY="0.9166643580810003" DISPLACEMENT="0.9166643580810003" />
        <Edge SPOT_SOURCE_ID="108319" SPOT_TARGET_ID="108315" LINK_COST="-1.0" VELOCITY="4.670630966890377" DISPLACEMENT="4.670630966890377" />
        <Edge SPOT_SOURCE_ID="123729" SPOT_TARGET_ID="123730" LINK_COST="-1.0" VELOCITY="1.5365868730442398" DISPLACEMENT="1.5365868730442398" />
        <Edge SPOT_SOURCE_ID="123748" SPOT_TARGET_ID="123749" LINK_COST="-1.0" VELOCITY="1.8633852883821644" DISPLACEMENT="1.8633852883821644" />
        <Edge SPOT_SOURCE_ID="108529" SPOT_TARGET_ID="108521" LINK_COST="-1.0" VELOCITY="2.9177200339707756" DISPLACEMENT="2.9177200339707756" />
        <Edge SPOT_SOURCE_ID="110249" SPOT_TARGET_ID="110248" LINK_COST="-1.0" VELOCITY="6.605269658216212" DISPLACEMENT="6.605269658216212" />
        <Edge SPOT_SOURCE_ID="108879" SPOT_TARGET_ID="108878" LINK_COST="-1.0" VELOCITY="3.4057430015952" DISPLACEMENT="3.4057430015952" />
        <Edge SPOT_SOURCE_ID="109117" SPOT_TARGET_ID="109104" LINK_COST="-1.0" VELOCITY="5.605737880990731" DISPLACEMENT="5.605737880990731" />
        <Edge SPOT_SOURCE_ID="99334" SPOT_TARGET_ID="99304" LINK_COST="-1.0" VELOCITY="4.517337067949118" DISPLACEMENT="4.517337067949118" />
        <Edge SPOT_SOURCE_ID="110823" SPOT_TARGET_ID="110821" LINK_COST="-1.0" VELOCITY="3.318840476426149" DISPLACEMENT="3.318840476426149" />
        <Edge SPOT_SOURCE_ID="102768" SPOT_TARGET_ID="102767" LINK_COST="-1.0" VELOCITY="2.767992264615509" DISPLACEMENT="2.767992264615509" />
        <Edge SPOT_SOURCE_ID="106484" SPOT_TARGET_ID="106468" LINK_COST="-1.0" VELOCITY="3.402266709443419" DISPLACEMENT="3.402266709443419" />
        <Edge SPOT_SOURCE_ID="123730" SPOT_TARGET_ID="123731" LINK_COST="-1.0" VELOCITY="1.3437062406412374" DISPLACEMENT="1.3437062406412374" />
        <Edge SPOT_SOURCE_ID="123661" SPOT_TARGET_ID="123662" LINK_COST="-1.0" VELOCITY="1.9002875893604323" DISPLACEMENT="1.9002875893604323" />
        <Edge SPOT_SOURCE_ID="106900" SPOT_TARGET_ID="106893" LINK_COST="-1.0" VELOCITY="2.188290025478194" DISPLACEMENT="2.188290025478194" />
        <Edge SPOT_SOURCE_ID="109360" SPOT_TARGET_ID="109357" LINK_COST="-1.0" VELOCITY="3.2783801447133545" DISPLACEMENT="3.2783801447133545" />
        <Edge SPOT_SOURCE_ID="110701" SPOT_TARGET_ID="110689" LINK_COST="-1.0" VELOCITY="5.742761875488063" DISPLACEMENT="5.742761875488063" />
        <Edge SPOT_SOURCE_ID="103911" SPOT_TARGET_ID="103927" LINK_COST="11.34940024361402" VELOCITY="4.588847212080359" DISPLACEMENT="4.588847212080359" />
        <Edge SPOT_SOURCE_ID="109104" SPOT_TARGET_ID="109096" LINK_COST="-1.0" VELOCITY="2.5581299614051076" DISPLACEMENT="2.5581299614051076" />
        <Edge SPOT_SOURCE_ID="108884" SPOT_TARGET_ID="108883" LINK_COST="-1.0" VELOCITY="3.1070987167783173" DISPLACEMENT="3.1070987167783173" />
        <Edge SPOT_SOURCE_ID="101031" SPOT_TARGET_ID="101030" LINK_COST="-1.0" VELOCITY="1.6902455603487023" DISPLACEMENT="1.6902455603487023" />
        <Edge SPOT_SOURCE_ID="100474" SPOT_TARGET_ID="100462" LINK_COST="-1.0" VELOCITY="0.9166643580809367" DISPLACEMENT="0.9166643580809367" />
        <Edge SPOT_SOURCE_ID="107173" SPOT_TARGET_ID="107152" LINK_COST="-1.0" VELOCITY="3.262110167635821" DISPLACEMENT="3.262110167635821" />
        <Edge SPOT_SOURCE_ID="109485" SPOT_TARGET_ID="109484" LINK_COST="-1.0" VELOCITY="3.1070987167784896" DISPLACEMENT="3.1070987167784896" />
        <Edge SPOT_SOURCE_ID="109084" SPOT_TARGET_ID="109069" LINK_COST="-1.0" VELOCITY="2.879830335913141" DISPLACEMENT="2.879830335913141" />
        <Edge SPOT_SOURCE_ID="106808" SPOT_TARGET_ID="106805" LINK_COST="-1.0" VELOCITY="3.7840603510457105" DISPLACEMENT="3.7840603510457105" />
        <Edge SPOT_SOURCE_ID="107933" SPOT_TARGET_ID="107916" LINK_COST="-1.0" VELOCITY="0.9226640882051858" DISPLACEMENT="0.9226640882051858" />
        <Edge SPOT_SOURCE_ID="110257" SPOT_TARGET_ID="110250" LINK_COST="-1.0" VELOCITY="2.7871481489918746" DISPLACEMENT="2.7871481489918746" />
        <Edge SPOT_SOURCE_ID="123660" SPOT_TARGET_ID="123661" LINK_COST="-1.0" VELOCITY="1.0540898987026859" DISPLACEMENT="1.0540898987026859" />
        <Edge SPOT_SOURCE_ID="123666" SPOT_TARGET_ID="123667" LINK_COST="-1.0" VELOCITY="4.116352644859167" DISPLACEMENT="4.116352644859167" />
        <Edge SPOT_SOURCE_ID="107754" SPOT_TARGET_ID="107741" LINK_COST="-1.0" VELOCITY="1.6633563400267635" DISPLACEMENT="1.6633563400267635" />
        <Edge SPOT_SOURCE_ID="110398" SPOT_TARGET_ID="110397" LINK_COST="-1.0" VELOCITY="2.725875994801038" DISPLACEMENT="2.725875994801038" />
        <Edge SPOT_SOURCE_ID="109161" SPOT_TARGET_ID="109156" LINK_COST="-1.0" VELOCITY="2.4148111480379253" DISPLACEMENT="2.4148111480379253" />
        <Edge SPOT_SOURCE_ID="109274" SPOT_TARGET_ID="109289" LINK_COST="16.4398252434408" VELOCITY="2.5069621931881074" DISPLACEMENT="2.5069621931881074" />
        <Edge SPOT_SOURCE_ID="110140" SPOT_TARGET_ID="110129" LINK_COST="-1.0" VELOCITY="1.957266100581478" DISPLACEMENT="1.957266100581478" />
        <Edge SPOT_SOURCE_ID="100177" SPOT_TARGET_ID="100003" LINK_COST="-1.0" VELOCITY="3.372856136400684" DISPLACEMENT="3.372856136400684" />
        <Edge SPOT_SOURCE_ID="109162" SPOT_TARGET_ID="109161" LINK_COST="-1.0" VELOCITY="2.7999778938874442" DISPLACEMENT="2.7999778938874442" />
        <Edge SPOT_SOURCE_ID="103877" SPOT_TARGET_ID="103888" LINK_COST="164.84797552196443" VELOCITY="2.3467746065575015" DISPLACEMENT="2.3467746065575015" />
        <Edge SPOT_SOURCE_ID="104216" SPOT_TARGET_ID="104205" LINK_COST="-1.0" VELOCITY="1.7977444403172187" DISPLACEMENT="1.7977444403172187" />
        <Edge SPOT_SOURCE_ID="110150" SPOT_TARGET_ID="110145" LINK_COST="-1.0" VELOCITY="5.265136189550417" DISPLACEMENT="5.265136189550417" />
        <Edge SPOT_SOURCE_ID="110762" SPOT_TARGET_ID="110747" LINK_COST="-1.0" VELOCITY="2.6575115845778736" DISPLACEMENT="2.6575115845778736" />
        <Edge SPOT_SOURCE_ID="103941" SPOT_TARGET_ID="123660" LINK_COST="-1.0" VELOCITY="2.173061995623824" DISPLACEMENT="2.173061995623824" />
        <Edge SPOT_SOURCE_ID="110184" SPOT_TARGET_ID="110150" LINK_COST="-1.0" VELOCITY="1.2979219925963528" DISPLACEMENT="1.2979219925963528" />
        <Edge SPOT_SOURCE_ID="123877" SPOT_TARGET_ID="123909" LINK_COST="-1.0" VELOCITY="0.8333312346190681" DISPLACEMENT="0.8333312346190681" />
        <Edge SPOT_SOURCE_ID="108263" SPOT_TARGET_ID="108257" LINK_COST="-1.0" VELOCITY="4.126279243248563" DISPLACEMENT="4.126279243248563" />
        <Edge SPOT_SOURCE_ID="109796" SPOT_TARGET_ID="109793" LINK_COST="-1.0" VELOCITY="5.60093682477901" DISPLACEMENT="5.60093682477901" />
        <Edge SPOT_SOURCE_ID="102642" SPOT_TARGET_ID="102575" LINK_COST="-1.0" VELOCITY="4.273530452897944" DISPLACEMENT="4.273530452897944" />
        <Edge SPOT_SOURCE_ID="108807" SPOT_TARGET_ID="108791" LINK_COST="-1.0" VELOCITY="1.8952073705595176" DISPLACEMENT="1.8952073705595176" />
        <Edge SPOT_SOURCE_ID="109419" SPOT_TARGET_ID="109384" LINK_COST="-1.0" VELOCITY="2.982706345480894" DISPLACEMENT="2.982706345480894" />
        <Edge SPOT_SOURCE_ID="104475" SPOT_TARGET_ID="104453" LINK_COST="-1.0" VELOCITY="1.2979219925963967" DISPLACEMENT="1.2979219925963967" />
        <Edge SPOT_SOURCE_ID="123845" SPOT_TARGET_ID="123853" LINK_COST="-1.0" VELOCITY="1.900287589360315" DISPLACEMENT="1.900287589360315" />
        <Edge SPOT_SOURCE_ID="109085" SPOT_TARGET_ID="109084" LINK_COST="-1.0" VELOCITY="1.609874098692175" DISPLACEMENT="1.609874098692175" />
        <Edge SPOT_SOURCE_ID="106713" SPOT_TARGET_ID="106667" LINK_COST="-1.0" VELOCITY="4.1800979018735305" DISPLACEMENT="4.1800979018735305" />
        <Edge SPOT_SOURCE_ID="110479" SPOT_TARGET_ID="110456" LINK_COST="-1.0" VELOCITY="7.580295460121193" DISPLACEMENT="7.580295460121193" />
        <Edge SPOT_SOURCE_ID="106110" SPOT_TARGET_ID="106102" LINK_COST="-1.0" VELOCITY="6.653425360105824" DISPLACEMENT="6.653425360105824" />
        <Edge SPOT_SOURCE_ID="106759" SPOT_TARGET_ID="106742" LINK_COST="-1.0" VELOCITY="0.9177694424160844" DISPLACEMENT="0.9177694424160844" />
        <Edge SPOT_SOURCE_ID="110705" SPOT_TARGET_ID="110704" LINK_COST="-1.0" VELOCITY="2.0990190192532427" DISPLACEMENT="2.0990190192532427" />
        <Edge SPOT_SOURCE_ID="99354" SPOT_TARGET_ID="99334" LINK_COST="-1.0" VELOCITY="3.1903379318455607" DISPLACEMENT="3.1903379318455607" />
        <Edge SPOT_SOURCE_ID="104647" SPOT_TARGET_ID="104576" LINK_COST="-1.0" VELOCITY="1.0495095096265257" DISPLACEMENT="1.0495095096265257" />
        <Edge SPOT_SOURCE_ID="109187" SPOT_TARGET_ID="109171" LINK_COST="-1.0" VELOCITY="3.7193778471043997" DISPLACEMENT="3.7193778471043997" />
        <Edge SPOT_SOURCE_ID="110704" SPOT_TARGET_ID="110701" LINK_COST="-1.0" VELOCITY="5.8100621634068315" DISPLACEMENT="5.8100621634068315" />
        <Edge SPOT_SOURCE_ID="108865" SPOT_TARGET_ID="108864" LINK_COST="-1.0" VELOCITY="1.320595813898112" DISPLACEMENT="1.320595813898112" />
        <Edge SPOT_SOURCE_ID="104451" SPOT_TARGET_ID="104339" LINK_COST="-1.0" VELOCITY="2.05219486091433" DISPLACEMENT="2.05219486091433" />
        <Edge SPOT_SOURCE_ID="109559" SPOT_TARGET_ID="109554" LINK_COST="-1.0" VELOCITY="1.3450024783563792" DISPLACEMENT="1.3450024783563792" />
        <Edge SPOT_SOURCE_ID="102425" SPOT_TARGET_ID="102320" LINK_COST="-1.0" VELOCITY="6.766387612857499" DISPLACEMENT="6.766387612857499" />
        <Edge SPOT_SOURCE_ID="109470" SPOT_TARGET_ID="109444" LINK_COST="-1.0" VELOCITY="6.333872239920837" DISPLACEMENT="6.333872239920837" />
        <Edge SPOT_SOURCE_ID="108883" SPOT_TARGET_ID="108882" LINK_COST="-1.0" VELOCITY="2.7058339349505647" DISPLACEMENT="2.7058339349505647" />
        <Edge SPOT_SOURCE_ID="105459" SPOT_TARGET_ID="105457" LINK_COST="-1.0" VELOCITY="5.147822590616372" DISPLACEMENT="5.147822590616372" />
        <Edge SPOT_SOURCE_ID="102111" SPOT_TARGET_ID="101361" LINK_COST="-1.0" VELOCITY="3.070207778148857" DISPLACEMENT="3.070207778148857" />
        <Edge SPOT_SOURCE_ID="108643" SPOT_TARGET_ID="108620" LINK_COST="-1.0" VELOCITY="0.2545434448988715" DISPLACEMENT="0.2545434448988715" />
        <Edge SPOT_SOURCE_ID="109703" SPOT_TARGET_ID="109695" LINK_COST="-1.0" VELOCITY="1.984264149740043" DISPLACEMENT="1.984264149740043" />
        <Edge SPOT_SOURCE_ID="110250" SPOT_TARGET_ID="110249" LINK_COST="-1.0" VELOCITY="0.7294300084926749" DISPLACEMENT="0.7294300084926749" />
        <Edge SPOT_SOURCE_ID="110733" SPOT_TARGET_ID="110732" LINK_COST="-1.0" VELOCITY="2.3467746065574344" DISPLACEMENT="2.3467746065574344" />
        <Edge SPOT_SOURCE_ID="107741" SPOT_TARGET_ID="107656" LINK_COST="-1.0" VELOCITY="1.902120746317013" DISPLACEMENT="1.902120746317013" />
        <Edge SPOT_SOURCE_ID="110769" SPOT_TARGET_ID="110762" LINK_COST="-1.0" VELOCITY="2.3656029511082175" DISPLACEMENT="2.3656029511082175" />
        <Edge SPOT_SOURCE_ID="110588" SPOT_TARGET_ID="110580" LINK_COST="-1.0" VELOCITY="6.260940906229327" DISPLACEMENT="6.260940906229327" />
        <Edge SPOT_SOURCE_ID="107010" SPOT_TARGET_ID="106975" LINK_COST="-1.0" VELOCITY="1.3048440670544565" DISPLACEMENT="1.3048440670544565" />
        <Edge SPOT_SOURCE_ID="108557" SPOT_TARGET_ID="108529" LINK_COST="-1.0" VELOCITY="0.7294300084927384" DISPLACEMENT="0.7294300084927384" />
        <Edge SPOT_SOURCE_ID="107127" SPOT_TARGET_ID="107108" LINK_COST="-1.0" VELOCITY="3.9416227126476073" DISPLACEMENT="3.9416227126476073" />
        <Edge SPOT_SOURCE_ID="100462" SPOT_TARGET_ID="100446" LINK_COST="-1.0" VELOCITY="1.8333287161619751" DISPLACEMENT="1.8333287161619751" />
        <Edge SPOT_SOURCE_ID="107152" SPOT_TARGET_ID="107127" LINK_COST="-1.0" VELOCITY="3.189420222945581" DISPLACEMENT="3.189420222945581" />
        <Edge SPOT_SOURCE_ID="99440" SPOT_TARGET_ID="99428" LINK_COST="-1.0" VELOCITY="2.9795698161791178" DISPLACEMENT="2.9795698161791178" />
        <Edge SPOT_SOURCE_ID="110416" SPOT_TARGET_ID="110398" LINK_COST="-1.0" VELOCITY="7.705680727932938" DISPLACEMENT="7.705680727932938" />
        <Edge SPOT_SOURCE_ID="109044" SPOT_TARGET_ID="108999" LINK_COST="-1.0" VELOCITY="2.151823066176545" DISPLACEMENT="2.151823066176545" />
        <Edge SPOT_SOURCE_ID="123663" SPOT_TARGET_ID="123664" LINK_COST="-1.0" VELOCITY="1.3944298657362029" DISPLACEMENT="1.3944298657362029" />
        <Edge SPOT_SOURCE_ID="108492" SPOT_TARGET_ID="108491" LINK_COST="-1.0" VELOCITY="1.9842641497400615" DISPLACEMENT="1.9842641497400615" />
        <Edge SPOT_SOURCE_ID="103927" SPOT_TARGET_ID="103941" LINK_COST="25.729253710158538" VELOCITY="2.470151106680794" DISPLACEMENT="2.470151106680794" />
        <Edge SPOT_SOURCE_ID="106805" SPOT_TARGET_ID="106761" LINK_COST="-1.0" VELOCITY="1.5483273289638617" DISPLACEMENT="1.5483273289638617" />
        <Edge SPOT_SOURCE_ID="107599" SPOT_TARGET_ID="107196" LINK_COST="-1.0" VELOCITY="3.6471500424635033" DISPLACEMENT="3.6471500424635033" />
        <Edge SPOT_SOURCE_ID="109531" SPOT_TARGET_ID="109499" LINK_COST="-1.0" VELOCITY="1.8379881450663798" DISPLACEMENT="1.8379881450663798" />
        <Edge SPOT_SOURCE_ID="108868" SPOT_TARGET_ID="108866" LINK_COST="-1.0" VELOCITY="1.6310550838178641" DISPLACEMENT="1.6310550838178641" />
        <Edge SPOT_SOURCE_ID="110437" SPOT_TARGET_ID="110416" LINK_COST="-1.0" VELOCITY="3.6445074968919364" DISPLACEMENT="3.6445074968919364" />
        <Edge SPOT_SOURCE_ID="110397" SPOT_TARGET_ID="110371" LINK_COST="-1.0" VELOCITY="3.094709432436905" DISPLACEMENT="3.094709432436905" />
        <Edge SPOT_SOURCE_ID="104576" SPOT_TARGET_ID="104475" LINK_COST="-1.0" VELOCITY="3.936109552156435" DISPLACEMENT="3.936109552156435" />
        <Edge SPOT_SOURCE_ID="110126" SPOT_TARGET_ID="110125" LINK_COST="-1.0" VELOCITY="2.9793546367818537" DISPLACEMENT="2.9793546367818537" />
        <Edge SPOT_SOURCE_ID="101028" SPOT_TARGET_ID="100702" LINK_COST="-1.0" VELOCITY="3.201770955828646" DISPLACEMENT="3.201770955828646" />
        <Edge SPOT_SOURCE_ID="108779" SPOT_TARGET_ID="108769" LINK_COST="-1.0" VELOCITY="1.7567000871747507" DISPLACEMENT="1.7567000871747507" />
        <Edge SPOT_SOURCE_ID="104115" SPOT_TARGET_ID="104065" LINK_COST="-1.0" VELOCITY="1.09880213565566" DISPLACEMENT="1.09880213565566" />
        <Edge SPOT_SOURCE_ID="123785" SPOT_TARGET_ID="123845" LINK_COST="-1.0" VELOCITY="2.608739403734944" DISPLACEMENT="2.608739403734944" />
        <Edge SPOT_SOURCE_ID="110821" SPOT_TARGET_ID="110803" LINK_COST="-1.0" VELOCITY="1.3450024783563654" DISPLACEMENT="1.3450024783563654" />
        <Edge SPOT_SOURCE_ID="109755" SPOT_TARGET_ID="109703" LINK_COST="-1.0" VELOCITY="2.7679922646154287" DISPLACEMENT="2.7679922646154287" />
        <Edge SPOT_SOURCE_ID="123731" SPOT_TARGET_ID="123742" LINK_COST="-1.0" VELOCITY="3.1622696961077965" DISPLACEMENT="3.1622696961077965" />
        <Edge SPOT_SOURCE_ID="110721" SPOT_TARGET_ID="110708" LINK_COST="-1.0" VELOCITY="0.25454344489885283" DISPLACEMENT="0.25454344489885283" />
        <Edge SPOT_SOURCE_ID="100446" SPOT_TARGET_ID="100423" LINK_COST="-1.0" VELOCITY="3.3010329630438497" DISPLACEMENT="3.3010329630438497" />
        <Edge SPOT_SOURCE_ID="110706" SPOT_TARGET_ID="110705" LINK_COST="-1.0" VELOCITY="0.25454344489885283" DISPLACEMENT="0.25454344489885283" />
        <Edge SPOT_SOURCE_ID="100255" SPOT_TARGET_ID="100240" LINK_COST="-1.0" VELOCITY="0.8446423350762453" DISPLACEMENT="0.8446423350762453" />
        <Edge SPOT_SOURCE_ID="108757" SPOT_TARGET_ID="108748" LINK_COST="-1.0" VELOCITY="3.262110167635808" DISPLACEMENT="3.262110167635808" />
        <Edge SPOT_SOURCE_ID="108370" SPOT_TARGET_ID="108369" LINK_COST="-1.0" VELOCITY="3.968528299480011" DISPLACEMENT="3.968528299480011" />
        <Edge SPOT_SOURCE_ID="110826" SPOT_TARGET_ID="110823" LINK_COST="-1.0" VELOCITY="1.9880478580254826" DISPLACEMENT="1.9880478580254826" />
        <Edge SPOT_SOURCE_ID="110665" SPOT_TARGET_ID="110656" LINK_COST="-1.0" VELOCITY="10.864591433573437" DISPLACEMENT="10.864591433573437" />
        <Edge SPOT_SOURCE_ID="101202" SPOT_TARGET_ID="101201" LINK_COST="-1.0" VELOCITY="1.159498888572838" DISPLACEMENT="1.159498888572838" />
        <Edge SPOT_SOURCE_ID="123750" SPOT_TARGET_ID="123751" LINK_COST="-1.0" VELOCITY="2.1730619956236827" DISPLACEMENT="2.1730619956236827" />
        <Edge SPOT_SOURCE_ID="108468" SPOT_TARGET_ID="108467" LINK_COST="-1.0" VELOCITY="1.6310550838177846" DISPLACEMENT="1.6310550838177846" />
        <Edge SPOT_SOURCE_ID="110123" SPOT_TARGET_ID="109796" LINK_COST="-1.0" VELOCITY="0.922664088205163" DISPLACEMENT="0.922664088205163" />
        <Edge SPOT_SOURCE_ID="108982" SPOT_TARGET_ID="108935" LINK_COST="-1.0" VELOCITY="3.3137272459854414" DISPLACEMENT="3.3137272459854414" />
        <Edge SPOT_SOURCE_ID="109126" SPOT_TARGET_ID="109117" LINK_COST="-1.0" VELOCITY="1.3707584013560938" DISPLACEMENT="1.3707584013560938" />
        <Edge SPOT_SOURCE_ID="100234" SPOT_TARGET_ID="100232" LINK_COST="-1.0" VELOCITY="2.090316348296415" DISPLACEMENT="2.090316348296415" />
        <Edge SPOT_SOURCE_ID="123746" SPOT_TARGET_ID="123747" LINK_COST="-1.0" VELOCITY="1.054089898702465" DISPLACEMENT="1.054089898702465" />
        <Edge SPOT_SOURCE_ID="108737" SPOT_TARGET_ID="108735" LINK_COST="-1.0" VELOCITY="1.3707584013558722" DISPLACEMENT="1.3707584013558722" />
        <Edge SPOT_SOURCE_ID="109289" SPOT_TARGET_ID="109301" LINK_COST="3.3074701245389284" VELOCITY="0.9177694424160339" DISPLACEMENT="0.9177694424160339" />
        <Edge SPOT_SOURCE_ID="101229" SPOT_TARGET_ID="101221" LINK_COST="-1.0" VELOCITY="1.2298342903322919" DISPLACEMENT="1.2298342903322919" />
        <Edge SPOT_SOURCE_ID="107196" SPOT_TARGET_ID="107192" LINK_COST="-1.0" VELOCITY="3.007516971510397" DISPLACEMENT="3.007516971510397" />
        <Edge SPOT_SOURCE_ID="100239" SPOT_TARGET_ID="100234" LINK_COST="-1.0" VELOCITY="1.8333287161619751" DISPLACEMENT="1.8333287161619751" />
        <Edge SPOT_SOURCE_ID="108791" SPOT_TARGET_ID="108781" LINK_COST="-1.0" VELOCITY="4.240743217926536" DISPLACEMENT="4.240743217926536" />
        <Edge SPOT_SOURCE_ID="110799" SPOT_TARGET_ID="110769" LINK_COST="-1.0" VELOCITY="1.7567000871747929" DISPLACEMENT="1.7567000871747929" />
        <Edge SPOT_SOURCE_ID="101093" SPOT_TARGET_ID="101076" LINK_COST="-1.0" VELOCITY="2.049723817220297" DISPLACEMENT="2.049723817220297" />
        <Edge SPOT_SOURCE_ID="123744" SPOT_TARGET_ID="123746" LINK_COST="-1.0" VELOCITY="1.6666624692382377" DISPLACEMENT="1.6666624692382377" />
        <Edge SPOT_SOURCE_ID="110747" SPOT_TARGET_ID="110733" LINK_COST="-1.0" VELOCITY="3.7016631902581616" DISPLACEMENT="3.7016631902581616" />
        <Edge SPOT_SOURCE_ID="100204" SPOT_TARGET_ID="100177" LINK_COST="-1.0" VELOCITY="2.592718334684293" DISPLACEMENT="2.592718334684293" />
        <Edge SPOT_SOURCE_ID="110603" SPOT_TARGET_ID="110588" LINK_COST="-1.0" VELOCITY="8.089517228759386" DISPLACEMENT="8.089517228759386" />
      </Track>
      <Track name="Track_4" TRACK_ID="4" TRACK_INDEX="1" TRACK_DURATION="329.0" TRACK_START="0.0" TRACK_STOP="329.0" TRACK_DISPLACEMENT="121.36377455198154" NUMBER_SPOTS="393" NUMBER_GAPS="0" LONGEST_GAP="0" NUMBER_SPLITS="2" NUMBER_MERGES="0" NUMBER_COMPLEX="0" DIVISION_TIME_MEAN="107.0" DIVISION_TIME_STD="NaN">
        <Edge SPOT_SOURCE_ID="116272" SPOT_TARGET_ID="116327" LINK_COST="9.256387689164589" VELOCITY="3.0424312135469207" DISPLACEMENT="3.0424312135469207" />
        <Edge SPOT_SOURCE_ID="118930" SPOT_TARGET_ID="118989" LINK_COST="-1.0" VELOCITY="8.001906686530624" DISPLACEMENT="8.001906686530624" />
        <Edge SPOT_SOURCE_ID="118570" SPOT_TARGET_ID="118589" LINK_COST="4.680103661889475" VELOCITY="2.1633547240084035" DISPLACEMENT="2.1633547240084035" />
        <Edge SPOT_SOURCE_ID="116093" SPOT_TARGET_ID="116125" LINK_COST="18.94410423900876" VELOCITY="4.352482537473156" DISPLACEMENT="4.352482537473156" />
        <Edge SPOT_SOURCE_ID="113064" SPOT_TARGET_ID="113076" LINK_COST="21.031382444824946" VELOCITY="5.037017111707251" DISPLACEMENT="5.037017111707251" />
        <Edge SPOT_SOURCE_ID="116521" SPOT_TARGET_ID="116530" LINK_COST="1.3666626268123427" VELOCITY="1.1690434666052167" DISPLACEMENT="1.1690434666052167" />
        <Edge SPOT_SOURCE_ID="112436" SPOT_TARGET_ID="112453" LINK_COST="3.5072946882566294" VELOCITY="1.9339502763172651" DISPLACEMENT="1.9339502763172651" />
        <Edge SPOT_SOURCE_ID="112076" SPOT_TARGET_ID="112089" LINK_COST="-1.0" VELOCITY="4.8100994915431725" DISPLACEMENT="4.8100994915431725" />
        <Edge SPOT_SOURCE_ID="113942" SPOT_TARGET_ID="113951" LINK_COST="6.4387160873463865" VELOCITY="1.266691082919944" DISPLACEMENT="1.266691082919944" />
        <Edge SPOT_SOURCE_ID="118280" SPOT_TARGET_ID="118293" LINK_COST="5.144192865531229" VELOCITY="3.5638610928412944" DISPLACEMENT="3.5638610928412944" />
        <Edge SPOT_SOURCE_ID="117719" SPOT_TARGET_ID="117833" LINK_COST="58.69301220568374" VELOCITY="3.735209020855828" DISPLACEMENT="3.735209020855828" />
        <Edge SPOT_SOURCE_ID="115672" SPOT_TARGET_ID="115686" LINK_COST="6.750712486570293" VELOCITY="2.598213325839565" DISPLACEMENT="2.598213325839565" />
        <Edge SPOT_SOURCE_ID="111581" SPOT_TARGET_ID="111615" LINK_COST="9.904926510221134" VELOCITY="3.1472093210050605" DISPLACEMENT="3.1472093210050605" />
        <Edge SPOT_SOURCE_ID="115782" SPOT_TARGET_ID="115793" LINK_COST="1.5195155112448417" VELOCITY="1.2326862987982148" DISPLACEMENT="1.2326862987982148" />
        <Edge SPOT_SOURCE_ID="112572" SPOT_TARGET_ID="112588" LINK_COST="17.660751276208575" VELOCITY="2.429576061911207" DISPLACEMENT="2.429576061911207" />
        <Edge SPOT_SOURCE_ID="117685" SPOT_TARGET_ID="117697" LINK_COST="1.0708836148307275" VELOCITY="5.547315132711234" DISPLACEMENT="5.547315132711234" />
        <Edge SPOT_SOURCE_ID="122389" SPOT_TARGET_ID="122398" LINK_COST="6.782189779665803" VELOCITY="1.3437062406414344" DISPLACEMENT="1.3437062406414344" />
        <Edge SPOT_SOURCE_ID="116570" SPOT_TARGET_ID="116581" LINK_COST="18.416014913974415" VELOCITY="4.291388459924645" DISPLACEMENT="4.291388459924645" />
        <Edge SPOT_SOURCE_ID="111201" SPOT_TARGET_ID="111266" LINK_COST="-1.0" VELOCITY="12.286468939975281" DISPLACEMENT="12.286468939975281" />
        <Edge SPOT_SOURCE_ID="121106" SPOT_TARGET_ID="121107" LINK_COST="-1.0" VELOCITY="1.465069514207244" DISPLACEMENT="1.465069514207244" />
        <Edge SPOT_SOURCE_ID="121754" SPOT_TARGET_ID="121762" LINK_COST="-1.0" VELOCITY="1.5034393534686363" DISPLACEMENT="1.5034393534686363" />
        <Edge SPOT_SOURCE_ID="115269" SPOT_TARGET_ID="115285" LINK_COST="11.157909085258614" VELOCITY="4.7001097783926005" DISPLACEMENT="4.7001097783926005" />
        <Edge SPOT_SOURCE_ID="121107" SPOT_TARGET_ID="121548" LINK_COST="-1.0" VELOCITY="2.5525690137012" DISPLACEMENT="2.5525690137012" />
        <Edge SPOT_SOURCE_ID="112229" SPOT_TARGET_ID="112242" LINK_COST="1.77587162619816" VELOCITY="2.0661952334603533" DISPLACEMENT="2.0661952334603533" />
        <Edge SPOT_SOURCE_ID="121648" SPOT_TARGET_ID="121649" LINK_COST="-1.0" VELOCITY="1.5365868730442536" DISPLACEMENT="1.5365868730442536" />
        <Edge SPOT_SOURCE_ID="118691" SPOT_TARGET_ID="118706" LINK_COST="8.325765486967203" VELOCITY="2.885440258776328" DISPLACEMENT="2.885440258776328" />
        <Edge SPOT_SOURCE_ID="123511" SPOT_TARGET_ID="123523" LINK_COST="4.034152510277924" VELOCITY="2.7414700532530016" DISPLACEMENT="2.7414700532530016" />
        <Edge SPOT_SOURCE_ID="115285" SPOT_TARGET_ID="115299" LINK_COST="5.676645485118292" VELOCITY="4.18448751478639" DISPLACEMENT="4.18448751478639" />
        <Edge SPOT_SOURCE_ID="116079" SPOT_TARGET_ID="116093" LINK_COST="7.573510656234681" VELOCITY="2.752001209344698" DISPLACEMENT="2.752001209344698" />
        <Edge SPOT_SOURCE_ID="115639" SPOT_TARGET_ID="115659" LINK_COST="42.48630706087729" VELOCITY="5.592191581072037" DISPLACEMENT="5.592191581072037" />
        <Edge SPOT_SOURCE_ID="122398" SPOT_TARGET_ID="122410" LINK_COST="12.63615074286048" VELOCITY="1.6666624692383394" DISPLACEMENT="1.6666624692383394" />
        <Edge SPOT_SOURCE_ID="115972" SPOT_TARGET_ID="115988" LINK_COST="12.895687331237697" VELOCITY="3.591056575889288" DISPLACEMENT="3.591056575889288" />
        <Edge SPOT_SOURCE_ID="117407" SPOT_TARGET_ID="117452" LINK_COST="5.0373041535309415" VELOCITY="3.7677733479271573" DISPLACEMENT="3.7677733479271573" />
        <Edge SPOT_SOURCE_ID="115136" SPOT_TARGET_ID="115154" LINK_COST="13.347229094902175" VELOCITY="3.6533859767210712" DISPLACEMENT="3.6533859767210712" />
        <Edge SPOT_SOURCE_ID="115584" SPOT_TARGET_ID="115597" LINK_COST="13.634952932734276" VELOCITY="3.6925537142652747" DISPLACEMENT="3.6925537142652747" />
        <Edge SPOT_SOURCE_ID="115710" SPOT_TARGET_ID="115754" LINK_COST="13.464139259153255" VELOCITY="3.6693513403806475" DISPLACEMENT="3.6693513403806475" />
        <Edge SPOT_SOURCE_ID="110858" SPOT_TARGET_ID="110878" LINK_COST="6.09284321907934" VELOCITY="2.468368533886166" DISPLACEMENT="2.468368533886166" />
        <Edge SPOT_SOURCE_ID="117479" SPOT_TARGET_ID="117491" LINK_COST="5.17216593859001" VELOCITY="0.763630334696586" DISPLACEMENT="0.763630334696586" />
        <Edge SPOT_SOURCE_ID="111019" SPOT_TARGET_ID="111031" LINK_COST="7.143085382868177" VELOCITY="2.6726551185793084" DISPLACEMENT="2.6726551185793084" />
        <Edge SPOT_SOURCE_ID="114702" SPOT_TARGET_ID="114714" LINK_COST="5.287674913206198" VELOCITY="2.2994944907970964" DISPLACEMENT="2.2994944907970964" />
        <Edge SPOT_SOURCE_ID="117007" SPOT_TARGET_ID="117021" LINK_COST="10.52513086021576" VELOCITY="3.3029500561975285" DISPLACEMENT="3.3029500561975285" />
        <Edge SPOT_SOURCE_ID="118336" SPOT_TARGET_ID="118348" LINK_COST="1.215029876588739" VELOCITY="1.4524584635837225" DISPLACEMENT="1.4524584635837225" />
        <Edge SPOT_SOURCE_ID="113890" SPOT_TARGET_ID="113909" LINK_COST="33.74021241132285" VELOCITY="7.54121307571097" DISPLACEMENT="7.54121307571097" />
        <Edge SPOT_SOURCE_ID="115856" SPOT_TARGET_ID="115870" LINK_COST="10.302623716498688" VELOCITY="4.941160574835406" DISPLACEMENT="4.941160574835406" />
        <Edge SPOT_SOURCE_ID="119049" SPOT_TARGET_ID="119059" LINK_COST="13.9488732221551" VELOCITY="3.734819034726462" DISPLACEMENT="3.734819034726462" />
        <Edge SPOT_SOURCE_ID="113616" SPOT_TARGET_ID="113632" LINK_COST="100.03540903313524" VELOCITY="2.189665507613562" DISPLACEMENT="2.189665507613562" />
        <Edge SPOT_SOURCE_ID="113986" SPOT_TARGET_ID="114107" LINK_COST="-1.0" VELOCITY="2.682632963108629" DISPLACEMENT="2.682632963108629" />
        <Edge SPOT_SOURCE_ID="118303" SPOT_TARGET_ID="118315" LINK_COST="3.5588514292584543" VELOCITY="1.8864918312196464" DISPLACEMENT="1.8864918312196464" />
        <Edge SPOT_SOURCE_ID="115628" SPOT_TARGET_ID="115943" LINK_COST="7.610692942094591" VELOCITY="2.7587484376243134" DISPLACEMENT="2.7587484376243134" />
        <Edge SPOT_SOURCE_ID="111713" SPOT_TARGET_ID="111729" LINK_COST="7.448173717490702" VELOCITY="2.729134243215365" DISPLACEMENT="2.729134243215365" />
        <Edge SPOT_SOURCE_ID="111312" SPOT_TARGET_ID="111347" LINK_COST="40.03831978775123" VELOCITY="6.327584040354678" DISPLACEMENT="6.327584040354678" />
        <Edge SPOT_SOURCE_ID="112402" SPOT_TARGET_ID="112420" LINK_COST="32.893537734990005" VELOCITY="6.269777633363204" DISPLACEMENT="6.269777633363204" />
        <Edge SPOT_SOURCE_ID="117465" SPOT_TARGET_ID="117479" LINK_COST="8.836827970241266" VELOCITY="6.794008502123808" DISPLACEMENT="6.794008502123808" />
        <Edge SPOT_SOURCE_ID="111078" SPOT_TARGET_ID="111094" LINK_COST="27.170212964956132" VELOCITY="5.212505440280723" DISPLACEMENT="5.212505440280723" />
        <Edge SPOT_SOURCE_ID="123477" SPOT_TARGET_ID="123486" LINK_COST="43.02381250219973" VELOCITY="6.559253959270043" DISPLACEMENT="6.559253959270043" />
        <Edge SPOT_SOURCE_ID="116507" SPOT_TARGET_ID="116521" LINK_COST="5.833409467845944" VELOCITY="2.4152452189883213" DISPLACEMENT="2.4152452189883213" />
        <Edge SPOT_SOURCE_ID="121548" SPOT_TARGET_ID="121563" LINK_COST="-1.0" VELOCITY="5.085126495209086" DISPLACEMENT="5.085126495209086" />
        <Edge SPOT_SOURCE_ID="112719" SPOT_TARGET_ID="112730" LINK_COST="7.558006491623663" VELOCITY="2.306660220512885" DISPLACEMENT="2.306660220512885" />
        <Edge SPOT_SOURCE_ID="118168" SPOT_TARGET_ID="118182" LINK_COST="2.0374646732353554" VELOCITY="5.057750347789752" DISPLACEMENT="5.057750347789752" />
        <Edge SPOT_SOURCE_ID="111110" SPOT_TARGET_ID="111122" LINK_COST="126.67103793926731" VELOCITY="6.7792750898246235" DISPLACEMENT="6.7792750898246235" />
        <Edge SPOT_SOURCE_ID="119125" SPOT_TARGET_ID="119138" LINK_COST="5.142320275958978" VELOCITY="1.3450024783568948" DISPLACEMENT="1.3450024783568948" />
        <Edge SPOT_SOURCE_ID="116151" SPOT_TARGET_ID="116169" LINK_COST="11.757431357975356" VELOCITY="4.659639358602678" DISPLACEMENT="4.659639358602678" />
        <Edge SPOT_SOURCE_ID="111567" SPOT_TARGET_ID="111581" LINK_COST="35.92944098067653" VELOCITY="7.071272767552384" DISPLACEMENT="7.071272767552384" />
        <Edge SPOT_SOURCE_ID="118706" SPOT_TARGET_ID="118720" LINK_COST="2.925432565084081" VELOCITY="1.7103895945322167" DISPLACEMENT="1.7103895945322167" />
        <Edge SPOT_SOURCE_ID="110948" SPOT_TARGET_ID="110960" LINK_COST="4.431320294334572" VELOCITY="2.1050701400035514" DISPLACEMENT="2.1050701400035514" />
        <Edge SPOT_SOURCE_ID="113866" SPOT_TARGET_ID="113879" LINK_COST="3.7491491295311166" VELOCITY="3.275235279301111" DISPLACEMENT="3.275235279301111" />
        <Edge SPOT_SOURCE_ID="123497" SPOT_TARGET_ID="123511" LINK_COST="1.4401061418048609" VELOCITY="3.484502226168629" DISPLACEMENT="3.484502226168629" />
        <Edge SPOT_SOURCE_ID="118720" SPOT_TARGET_ID="118734" LINK_COST="11.782560294497584" VELOCITY="4.5151731623604165" DISPLACEMENT="4.5151731623604165" />
        <Edge SPOT_SOURCE_ID="114581" SPOT_TARGET_ID="114601" LINK_COST="6.690259773926483" VELOCITY="2.5865536479892475" DISPLACEMENT="2.5865536479892475" />
        <Edge SPOT_SOURCE_ID="116864" SPOT_TARGET_ID="116875" LINK_COST="34.790203406832596" VELOCITY="0.804937049346056" DISPLACEMENT="0.804937049346056" />
        <Edge SPOT_SOURCE_ID="112555" SPOT_TARGET_ID="112572" LINK_COST="11.172871678098291" VELOCITY="4.054313773379745" DISPLACEMENT="4.054313773379745" />
        <Edge SPOT_SOURCE_ID="115121" SPOT_TARGET_ID="115136" LINK_COST="25.034580789679687" VELOCITY="2.3900871314784506" DISPLACEMENT="2.3900871314784506" />
        <Edge SPOT_SOURCE_ID="116983" SPOT_TARGET_ID="116995" LINK_COST="12.34842720952727" VELOCITY="3.5140328981851137" DISPLACEMENT="3.5140328981851137" />
        <Edge SPOT_SOURCE_ID="118734" SPOT_TARGET_ID="118783" LINK_COST="31.129208648277505" VELOCITY="2.4251236645889342" DISPLACEMENT="2.4251236645889342" />
        <Edge SPOT_SOURCE_ID="121910" SPOT_TARGET_ID="121922" LINK_COST="-1.0" VELOCITY="2.1423111726567337" DISPLACEMENT="2.1423111726567337" />
        <Edge SPOT_SOURCE_ID="117021" SPOT_TARGET_ID="117066" LINK_COST="9.047352734487587" VELOCITY="3.14852852887957" DISPLACEMENT="3.14852852887957" />
        <Edge SPOT_SOURCE_ID="116530" SPOT_TARGET_ID="116970" LINK_COST="11.98482645061269" VELOCITY="3.461910809164888" DISPLACEMENT="3.461910809164888" />
        <Edge SPOT_SOURCE_ID="111347" SPOT_TARGET_ID="111361" LINK_COST="45.948856694311104" VELOCITY="6.778558600049948" DISPLACEMENT="6.778558600049948" />
        <Edge SPOT_SOURCE_ID="119952" SPOT_TARGET_ID="119964" LINK_COST="20.48489621814438" VELOCITY="3.231188242460751" DISPLACEMENT="3.231188242460751" />
        <Edge SPOT_SOURCE_ID="118624" SPOT_TARGET_ID="118643" LINK_COST="24.819573942712122" VELOCITY="4.981924722706288" DISPLACEMENT="4.981924722706288" />
        <Edge SPOT_SOURCE_ID="117857" SPOT_TARGET_ID="117869" LINK_COST="13.420466594697082" VELOCITY="3.6539750218250773" DISPLACEMENT="3.6539750218250773" />
        <Edge SPOT_SOURCE_ID="115516" SPOT_TARGET_ID="115533" LINK_COST="-1.0" VELOCITY="3.0030275976128387" DISPLACEMENT="3.0030275976128387" />
        <Edge SPOT_SOURCE_ID="115793" SPOT_TARGET_ID="115815" LINK_COST="8.115856466850623" VELOCITY="2.848834229443795" DISPLACEMENT="2.848834229443795" />
        <Edge SPOT_SOURCE_ID="118360" SPOT_TARGET_ID="118375" LINK_COST="2.5473546850184174" VELOCITY="3.9521361926679015" DISPLACEMENT="3.9521361926679015" />
        <Edge SPOT_SOURCE_ID="111122" SPOT_TARGET_ID="111137" LINK_COST="54.87072205575541" VELOCITY="7.9882366496901716" DISPLACEMENT="7.9882366496901716" />
        <Edge SPOT_SOURCE_ID="114226" SPOT_TARGET_ID="114248" LINK_COST="116.34581578138696" VELOCITY="1.4311788854674987" DISPLACEMENT="1.4311788854674987" />
        <Edge SPOT_SOURCE_ID="122322" SPOT_TARGET_ID="122333" LINK_COST="7.146584976335602" VELOCITY="2.108179797405191" DISPLACEMENT="2.108179797405191" />
        <Edge SPOT_SOURCE_ID="121785" SPOT_TARGET_ID="121873" LINK_COST="-1.0" VELOCITY="0.8333312346190427" DISPLACEMENT="0.8333312346190427" />
        <Edge SPOT_SOURCE_ID="113102" SPOT_TARGET_ID="113181" LINK_COST="24.868776005190632" VELOCITY="4.122395115434474" DISPLACEMENT="4.122395115434474" />
        <Edge SPOT_SOURCE_ID="112208" SPOT_TARGET_ID="112217" LINK_COST="4.320484937390718" VELOCITY="3.1326908552271195" DISPLACEMENT="3.1326908552271195" />
        <Edge SPOT_SOURCE_ID="114959" SPOT_TARGET_ID="114971" LINK_COST="3.3646668212253505" VELOCITY="1.7515131206584773" DISPLACEMENT="1.7515131206584773" />
        <Edge SPOT_SOURCE_ID="118454" SPOT_TARGET_ID="118463" LINK_COST="15.193994412496341" VELOCITY="3.8979474614848697" DISPLACEMENT="3.8979474614848697" />
        <Edge SPOT_SOURCE_ID="113405" SPOT_TARGET_ID="113420" LINK_COST="16.338556521316995" VELOCITY="4.266925668536574" DISPLACEMENT="4.266925668536574" />
        <Edge SPOT_SOURCE_ID="115754" SPOT_TARGET_ID="115764" LINK_COST="4.174979277804583" VELOCITY="2.04327660335173" DISPLACEMENT="2.04327660335173" />
        <Edge SPOT_SOURCE_ID="111045" SPOT_TARGET_ID="111057" LINK_COST="3.356347213123092" VELOCITY="1.8320336277271474" DISPLACEMENT="1.8320336277271474" />
        <Edge SPOT_SOURCE_ID="118032" SPOT_TARGET_ID="118045" LINK_COST="1.5361358302135564" VELOCITY="3.1153788703174263" DISPLACEMENT="3.1153788703174263" />
        <Edge SPOT_SOURCE_ID="116494" SPOT_TARGET_ID="116507" LINK_COST="4.24257081764167" VELOCITY="2.0597501833090512" DISPLACEMENT="2.0597501833090512" />
        <Edge SPOT_SOURCE_ID="119073" SPOT_TARGET_ID="119093" LINK_COST="23.76405908445758" VELOCITY="0.5090868897975724" DISPLACEMENT="0.5090868897975724" />
        <Edge SPOT_SOURCE_ID="113370" SPOT_TARGET_ID="113390" LINK_COST="6.241428237114466" VELOCITY="0.729430008492713" DISPLACEMENT="0.729430008492713" />
        <Edge SPOT_SOURCE_ID="121584" SPOT_TARGET_ID="121639" LINK_COST="-1.0" VELOCITY="1.1300281100464127" DISPLACEMENT="1.1300281100464127" />
        <Edge SPOT_SOURCE_ID="113646" SPOT_TARGET_ID="113660" LINK_COST="13.547040983870653" VELOCITY="1.799893959945687" DISPLACEMENT="1.799893959945687" />
        <Edge SPOT_SOURCE_ID="122312" SPOT_TARGET_ID="122322" LINK_COST="2.2511458523239254" VELOCITY="1.8633852883820623" DISPLACEMENT="1.8633852883820623" />
        <Edge SPOT_SOURCE_ID="116548" SPOT_TARGET_ID="116558" LINK_COST="2.7676233556915952" VELOCITY="1.6636175509087403" DISPLACEMENT="1.6636175509087403" />
        <Edge SPOT_SOURCE_ID="118643" SPOT_TARGET_ID="118672" LINK_COST="17.682052279181224" VELOCITY="4.205003243658823" DISPLACEMENT="4.205003243658823" />
        <Edge SPOT_SOURCE_ID="119356" SPOT_TARGET_ID="119652" LINK_COST="22.860795779188347" VELOCITY="4.413130386357101" DISPLACEMENT="4.413130386357101" />
        <Edge SPOT_SOURCE_ID="116209" SPOT_TARGET_ID="116226" LINK_COST="7.293903840921088" VELOCITY="3.1400436946194406" DISPLACEMENT="3.1400436946194406" />
        <Edge SPOT_SOURCE_ID="112217" SPOT_TARGET_ID="112229" LINK_COST="7.57857199708948" VELOCITY="3.334292267934212" DISPLACEMENT="3.334292267934212" />
        <Edge SPOT_SOURCE_ID="114261" SPOT_TARGET_ID="114278" LINK_COST="10.523378667073015" VELOCITY="2.6642677713520544" DISPLACEMENT="2.6642677713520544" />
        <Edge SPOT_SOURCE_ID="111729" SPOT_TARGET_ID="111745" LINK_COST="28.238456706374823" VELOCITY="6.15643011021559" DISPLACEMENT="6.15643011021559" />
        <Edge SPOT_SOURCE_ID="116609" SPOT_TARGET_ID="116620" LINK_COST="17.281335861464157" VELOCITY="4.15708261422168" DISPLACEMENT="4.15708261422168" />
        <Edge SPOT_SOURCE_ID="114853" SPOT_TARGET_ID="114865" LINK_COST="10.61519066130959" VELOCITY="3.25809617128003" DISPLACEMENT="3.25809617128003" />
        <Edge SPOT_SOURCE_ID="111417" SPOT_TARGET_ID="111449" LINK_COST="-1.0" VELOCITY="11.561531213829603" DISPLACEMENT="11.561531213829603" />
        <Edge SPOT_SOURCE_ID="111863" SPOT_TARGET_ID="111874" LINK_COST="33.12207732147116" VELOCITY="1.0315698108122888" DISPLACEMENT="1.0315698108122888" />
        <Edge SPOT_SOURCE_ID="118348" SPOT_TARGET_ID="118360" LINK_COST="1.38127001235155" VELOCITY="1.175274441290863" DISPLACEMENT="1.175274441290863" />
        <Edge SPOT_SOURCE_ID="111684" SPOT_TARGET_ID="111699" LINK_COST="32.624392388854645" VELOCITY="5.7117766403155725" DISPLACEMENT="5.7117766403155725" />
        <Edge SPOT_SOURCE_ID="110987" SPOT_TARGET_ID="111006" LINK_COST="2.398653934651353" VELOCITY="1.5487588368275267" DISPLACEMENT="1.5487588368275267" />
        <Edge SPOT_SOURCE_ID="113951" SPOT_TARGET_ID="113964" LINK_COST="0.8189006390349853" VELOCITY="4.248127638457954" DISPLACEMENT="4.248127638457954" />
        <Edge SPOT_SOURCE_ID="111639" SPOT_TARGET_ID="111653" LINK_COST="9.246316154131899" VELOCITY="3.0407755843093547" DISPLACEMENT="3.0407755843093547" />
        <Edge SPOT_SOURCE_ID="115299" SPOT_TARGET_ID="115312" LINK_COST="9.454768389854872" VELOCITY="4.449393883124312" DISPLACEMENT="4.449393883124312" />
        <Edge SPOT_SOURCE_ID="111031" SPOT_TARGET_ID="111045" LINK_COST="4.166837087025451" VELOCITY="2.0412831961845597" DISPLACEMENT="2.0412831961845597" />
        <Edge SPOT_SOURCE_ID="114614" SPOT_TARGET_ID="114627" LINK_COST="11.233920950119836" VELOCITY="3.3517041859507586" DISPLACEMENT="3.3517041859507586" />
        <Edge SPOT_SOURCE_ID="119138" SPOT_TARGET_ID="119328" LINK_COST="-1.0" VELOCITY="7.786158588224488" DISPLACEMENT="7.786158588224488" />
        <Edge SPOT_SOURCE_ID="116644" SPOT_TARGET_ID="116681" LINK_COST="51.06155602818286" VELOCITY="5.9684067386448625" DISPLACEMENT="5.9684067386448625" />
        <Edge SPOT_SOURCE_ID="119943" SPOT_TARGET_ID="119952" LINK_COST="4.65463170834559" VELOCITY="2.1574595496429567" DISPLACEMENT="2.1574595496429567" />
        <Edge SPOT_SOURCE_ID="115257" SPOT_TARGET_ID="115269" LINK_COST="1.723099426765138" VELOCITY="1.6098740986917166" DISPLACEMENT="1.6098740986917166" />
        <Edge SPOT_SOURCE_ID="114678" SPOT_TARGET_ID="114691" LINK_COST="3.0178851969973715" VELOCITY="1.7372061469489946" DISPLACEMENT="1.7372061469489946" />
        <Edge SPOT_SOURCE_ID="119775" SPOT_TARGET_ID="119798" LINK_COST="-1.0" VELOCITY="0.7636303346965555" DISPLACEMENT="0.7636303346965555" />
        <Edge SPOT_SOURCE_ID="119059" SPOT_TARGET_ID="119073" LINK_COST="35.00749449538978" VELOCITY="5.916713149662554" DISPLACEMENT="5.916713149662554" />
        <Edge SPOT_SOURCE_ID="111137" SPOT_TARGET_ID="111201" LINK_COST="33.00756747379824" VELOCITY="5.74522127283173" DISPLACEMENT="5.74522127283173" />
        <Edge SPOT_SOURCE_ID="122237" SPOT_TARGET_ID="122312" LINK_COST="3.304364422707595" VELOCITY="1.054089898702666" DISPLACEMENT="1.054089898702666" />
        <Edge SPOT_SOURCE_ID="121563" SPOT_TARGET_ID="121584" LINK_COST="-1.0" VELOCITY="0.729430008492713" DISPLACEMENT="0.729430008492713" />
        <Edge SPOT_SOURCE_ID="114995" SPOT_TARGET_ID="115100" LINK_COST="23.53105148460277" VELOCITY="4.385894540953912" DISPLACEMENT="4.385894540953912" />
        <Edge SPOT_SOURCE_ID="113436" SPOT_TARGET_ID="113616" LINK_COST="6.878889082770881" VELOCITY="1.856529405300041" DISPLACEMENT="1.856529405300041" />
        <Edge SPOT_SOURCE_ID="115943" SPOT_TARGET_ID="115957" LINK_COST="2.401356276247359" VELOCITY="1.5496310129341626" DISPLACEMENT="1.5496310129341626" />
        <Edge SPOT_SOURCE_ID="121649" SPOT_TARGET_ID="121651" LINK_COST="-1.0" VELOCITY="1.8633852883820623" DISPLACEMENT="1.8633852883820623" />
        <Edge SPOT_SOURCE_ID="116178" SPOT_TARGET_ID="116209" LINK_COST="3.2038943775742625" VELOCITY="1.7899425626467076" DISPLACEMENT="1.7899425626467076" />
        <Edge SPOT_SOURCE_ID="119104" SPOT_TARGET_ID="119116" LINK_COST="0.48824801193631584" VELOCITY="2.1607735778369874" DISPLACEMENT="2.1607735778369874" />
        <Edge SPOT_SOURCE_ID="116843" SPOT_TARGET_ID="116851" LINK_COST="61.1268202585038" VELOCITY="4.069736474997677" DISPLACEMENT="4.069736474997677" />
        <Edge SPOT_SOURCE_ID="122410" SPOT_TARGET_ID="122426" LINK_COST="1.6929408238918193" VELOCITY="0.0" DISPLACEMENT="0.0" />
        <Edge SPOT_SOURCE_ID="112158" SPOT_TARGET_ID="112201" LINK_COST="-1.0" VELOCITY="6.232252724508599" DISPLACEMENT="6.232252724508599" />
        <Edge SPOT_SOURCE_ID="115846" SPOT_TARGET_ID="115856" LINK_COST="8.63582504512959" VELOCITY="2.938677431282581" DISPLACEMENT="2.938677431282581" />
        <Edge SPOT_SOURCE_ID="112420" SPOT_TARGET_ID="112436" LINK_COST="7.165189413953946" VELOCITY="2.3013968161367067" DISPLACEMENT="2.3013968161367067" />
        <Edge SPOT_SOURCE_ID="110840" SPOT_TARGET_ID="110858" LINK_COST="1.205039007579054" VELOCITY="1.097742687326613" DISPLACEMENT="1.097742687326613" />
        <Edge SPOT_SOURCE_ID="118797" SPOT_TARGET_ID="118807" LINK_COST="2.633369484559121" VELOCITY="2.174820146561908" DISPLACEMENT="2.174820146561908" />
        <Edge SPOT_SOURCE_ID="114971" SPOT_TARGET_ID="114984" LINK_COST="32.281154989902774" VELOCITY="1.2979219925961578" DISPLACEMENT="1.2979219925961578" />
        <Edge SPOT_SOURCE_ID="115699" SPOT_TARGET_ID="115710" LINK_COST="13.434581952452232" VELOCITY="3.66532153466135" DISPLACEMENT="3.66532153466135" />
        <Edge SPOT_SOURCE_ID="116718" SPOT_TARGET_ID="116731" LINK_COST="2.8757617028021127" VELOCITY="1.4842305823534274" DISPLACEMENT="1.4842305823534274" />
        <Edge SPOT_SOURCE_ID="117999" SPOT_TARGET_ID="118011" LINK_COST="2.162449479589004" VELOCITY="2.4882591397234406" DISPLACEMENT="2.4882591397234406" />
        <Edge SPOT_SOURCE_ID="112873" SPOT_TARGET_ID="112886" LINK_COST="17.01808334158285" VELOCITY="5.244150787419374" DISPLACEMENT="5.244150787419374" />
        <Edge SPOT_SOURCE_ID="117452" SPOT_TARGET_ID="117465" LINK_COST="0.7630151911905443" VELOCITY="0.917769442416179" DISPLACEMENT="0.917769442416179" />
        <Edge SPOT_SOURCE_ID="121640" SPOT_TARGET_ID="121648" LINK_COST="-1.0" VELOCITY="1.1180311730292374" DISPLACEMENT="1.1180311730292374" />
        <Edge SPOT_SOURCE_ID="112901" SPOT_TARGET_ID="112914" LINK_COST="12.079901735206665" VELOCITY="3.783288986691943" DISPLACEMENT="3.783288986691943" />
        <Edge SPOT_SOURCE_ID="113083" SPOT_TARGET_ID="113091" LINK_COST="1.786828709664562" VELOCITY="1.1761705475624082" DISPLACEMENT="1.1761705475624082" />
        <Edge SPOT_SOURCE_ID="113194" SPOT_TARGET_ID="113204" LINK_COST="70.92814337568268" VELOCITY="3.462165158983769" DISPLACEMENT="3.462165158983769" />
        <Edge SPOT_SOURCE_ID="119705" SPOT_TARGET_ID="119721" LINK_COST="-1.0" VELOCITY="1.6480481409142458" DISPLACEMENT="1.6480481409142458" />
        <Edge SPOT_SOURCE_ID="115609" SPOT_TARGET_ID="115619" LINK_COST="11.87857994310194" VELOCITY="3.4465315816196926" DISPLACEMENT="3.4465315816196926" />
        <Edge SPOT_SOURCE_ID="114883" SPOT_TARGET_ID="114899" LINK_COST="14.719703756978399" VELOCITY="2.1912991150172556" DISPLACEMENT="2.1912991150172556" />
        <Edge SPOT_SOURCE_ID="117066" SPOT_TARGET_ID="117081" LINK_COST="10.488032929331785" VELOCITY="2.9793546367819435" DISPLACEMENT="2.9793546367819435" />
        <Edge SPOT_SOURCE_ID="116031" SPOT_TARGET_ID="116048" LINK_COST="5.828127262733162" VELOCITY="1.366586098344258" DISPLACEMENT="1.366586098344258" />
        <Edge SPOT_SOURCE_ID="116706" SPOT_TARGET_ID="116718" LINK_COST="5.7137760981427235" VELOCITY="1.4842305823533788" DISPLACEMENT="1.4842305823533788" />
        <Edge SPOT_SOURCE_ID="114755" SPOT_TARGET_ID="114767" LINK_COST="21.114257183952652" VELOCITY="0.9943316160299055" DISPLACEMENT="0.9943316160299055" />
        <Edge SPOT_SOURCE_ID="123523" SPOT_TARGET_ID="123543" LINK_COST="7.7169185647300385" VELOCITY="2.7779342261346" DISPLACEMENT="2.7779342261346" />
        <Edge SPOT_SOURCE_ID="113818" SPOT_TARGET_ID="113830" LINK_COST="-1.0" VELOCITY="0.7294300084927258" DISPLACEMENT="0.7294300084927258" />
        <Edge SPOT_SOURCE_ID="111893" SPOT_TARGET_ID="112076" LINK_COST="-1.0" VELOCITY="5.860030173191819" DISPLACEMENT="5.860030173191819" />
        <Edge SPOT_SOURCE_ID="113879" SPOT_TARGET_ID="113890" LINK_COST="0.4869133743347984" VELOCITY="1.2761415610176732" DISPLACEMENT="1.2761415610176732" />
        <Edge SPOT_SOURCE_ID="115870" SPOT_TARGET_ID="115883" LINK_COST="12.698198253448254" VELOCITY="1.9009248994920167" DISPLACEMENT="1.9009248994920167" />
        <Edge SPOT_SOURCE_ID="115883" SPOT_TARGET_ID="115893" LINK_COST="3.535502976085468" VELOCITY="1.8802933218212174" DISPLACEMENT="1.8802933218212174" />
        <Edge SPOT_SOURCE_ID="114767" SPOT_TARGET_ID="114780" LINK_COST="4.846507073953033" VELOCITY="3.2480987422557392" DISPLACEMENT="3.2480987422557392" />
        <Edge SPOT_SOURCE_ID="117397" SPOT_TARGET_ID="117407" LINK_COST="1.3382554694088649" VELOCITY="0.7199575839781446" DISPLACEMENT="0.7199575839781446" />
        <Edge SPOT_SOURCE_ID="118589" SPOT_TARGET_ID="118605" LINK_COST="2.8646937220325093" VELOCITY="1.6925406116346247" DISPLACEMENT="1.6925406116346247" />
        <Edge SPOT_SOURCE_ID="114278" SPOT_TARGET_ID="114295" LINK_COST="4.870779614547615" VELOCITY="0.9226640882051831" DISPLACEMENT="0.9226640882051831" />
        <Edge SPOT_SOURCE_ID="114780" SPOT_TARGET_ID="114794" LINK_COST="22.59148241601995" VELOCITY="4.852778964357225" DISPLACEMENT="4.852778964357225" />
        <Edge SPOT_SOURCE_ID="118493" SPOT_TARGET_ID="118570" LINK_COST="14.475816128164313" VELOCITY="3.8047097298170214" DISPLACEMENT="3.8047097298170214" />
        <Edge SPOT_SOURCE_ID="111536" SPOT_TARGET_ID="111549" LINK_COST="76.53677116848448" VELOCITY="8.748529657518713" DISPLACEMENT="8.748529657518713" />
        <Edge SPOT_SOURCE_ID="121651" SPOT_TARGET_ID="121754" LINK_COST="-1.0" VELOCITY="1.5811348480538883" DISPLACEMENT="1.5811348480538883" />
        <Edge SPOT_SOURCE_ID="118807" SPOT_TARGET_ID="118820" LINK_COST="2.170400382456254" VELOCITY="2.452898996667125" DISPLACEMENT="2.452898996667125" />
        <Edge SPOT_SOURCE_ID="118144" SPOT_TARGET_ID="118160" LINK_COST="72.29266386119659" VELOCITY="3.9188832987660835" DISPLACEMENT="3.9188832987660835" />
        <Edge SPOT_SOURCE_ID="116327" SPOT_TARGET_ID="116342" LINK_COST="3.088006550629633" VELOCITY="3.262278347335826" DISPLACEMENT="3.262278347335826" />
        <Edge SPOT_SOURCE_ID="118978" SPOT_TARGET_ID="119025" LINK_COST="8.986584696796609" VELOCITY="2.997763282315101" DISPLACEMENT="2.997763282315101" />
        <Edge SPOT_SOURCE_ID="112089" SPOT_TARGET_ID="112113" LINK_COST="-1.0" VELOCITY="1.1761705475623787" DISPLACEMENT="1.1761705475623787" />
        <Edge SPOT_SOURCE_ID="116875" SPOT_TARGET_ID="116889" LINK_COST="7.941949363664817" VELOCITY="2.276705784083166" DISPLACEMENT="2.276705784083166" />
        <Edge SPOT_SOURCE_ID="118435" SPOT_TARGET_ID="118454" LINK_COST="7.465666514441023" VELOCITY="2.7323371890088937" DISPLACEMENT="2.7323371890088937" />
        <Edge SPOT_SOURCE_ID="116169" SPOT_TARGET_ID="116178" LINK_COST="18.961226205791863" VELOCITY="3.4974440595441063" DISPLACEMENT="3.4974440595441063" />
        <Edge SPOT_SOURCE_ID="114949" SPOT_TARGET_ID="114959" LINK_COST="45.19358871665819" VELOCITY="6.722617698237658" DISPLACEMENT="6.722617698237658" />
        <Edge SPOT_SOURCE_ID="116137" SPOT_TARGET_ID="116151" LINK_COST="3.245938728806764" VELOCITY="1.8016488916564082" DISPLACEMENT="1.8016488916564082" />
        <Edge SPOT_SOURCE_ID="118820" SPOT_TARGET_ID="118831" LINK_COST="14.049394786529165" VELOCITY="3.7482522309109836" DISPLACEMENT="3.7482522309109836" />
        <Edge SPOT_SOURCE_ID="117374" SPOT_TARGET_ID="117383" LINK_COST="1.3640444680671573" VELOCITY="0.7199575839781647" DISPLACEMENT="0.7199575839781647" />
        <Edge SPOT_SOURCE_ID="118949" SPOT_TARGET_ID="118965" LINK_COST="13.116481716850142" VELOCITY="3.6216683609698643" DISPLACEMENT="3.6216683609698643" />
        <Edge SPOT_SOURCE_ID="121935" SPOT_TARGET_ID="121936" LINK_COST="-1.0" VELOCITY="3.2367670959558588" DISPLACEMENT="3.2367670959558588" />
        <Edge SPOT_SOURCE_ID="122462" SPOT_TARGET_ID="123453" LINK_COST="-1.0" VELOCITY="2.0069273754256103" DISPLACEMENT="2.0069273754256103" />
        <Edge SPOT_SOURCE_ID="118831" SPOT_TARGET_ID="118930" LINK_COST="19.101134549544817" VELOCITY="4.3704844753808265" DISPLACEMENT="4.3704844753808265" />
        <Edge SPOT_SOURCE_ID="112602" SPOT_TARGET_ID="112616" LINK_COST="13.818332307570333" VELOCITY="2.7533083272483476" DISPLACEMENT="2.7533083272483476" />
        <Edge SPOT_SOURCE_ID="117096" SPOT_TARGET_ID="117106" LINK_COST="8.845854969149716" VELOCITY="2.7894092511298996" DISPLACEMENT="2.7894092511298996" />
        <Edge SPOT_SOURCE_ID="114722" SPOT_TARGET_ID="114743" LINK_COST="0.8300812301890298" VELOCITY="0.9110879376816652" DISPLACEMENT="0.9110879376816652" />
        <Edge SPOT_SOURCE_ID="123612" SPOT_TARGET_ID="123627" LINK_COST="0.29513043893190716" VELOCITY="0.5432590900591606" DISPLACEMENT="0.5432590900591606" />
        <Edge SPOT_SOURCE_ID="111006" SPOT_TARGET_ID="111019" LINK_COST="7.627656340367023" VELOCITY="2.7618211999271463" DISPLACEMENT="2.7618211999271463" />
        <Edge SPOT_SOURCE_ID="116125" SPOT_TARGET_ID="116137" LINK_COST="14.353715118987196" VELOCITY="3.7886297152119783" DISPLACEMENT="3.7886297152119783" />
        <Edge SPOT_SOURCE_ID="114470" SPOT_TARGET_ID="114486" LINK_COST="91.46633989874692" VELOCITY="1.7998939599456227" DISPLACEMENT="1.7998939599456227" />
        <Edge SPOT_SOURCE_ID="118182" SPOT_TARGET_ID="118270" LINK_COST="20.266549828832076" VELOCITY="4.5018384943078615" DISPLACEMENT="4.5018384943078615" />
        <Edge SPOT_SOURCE_ID="113091" SPOT_TARGET_ID="113102" LINK_COST="8.03700075265081" VELOCITY="0.9226640882051228" DISPLACEMENT="0.9226640882051228" />
        <Edge SPOT_SOURCE_ID="114899" SPOT_TARGET_ID="114913" LINK_COST="12.236878961627381" VELOCITY="2.2431301925944576" DISPLACEMENT="2.2431301925944576" />
        <Edge SPOT_SOURCE_ID="112860" SPOT_TARGET_ID="112873" LINK_COST="12.679204277827685" VELOCITY="1.587052317797404" DISPLACEMENT="1.587052317797404" />
        <Edge SPOT_SOURCE_ID="110832" SPOT_TARGET_ID="110840" LINK_COST="10.356982337677918" VELOCITY="3.2182265827125844" DISPLACEMENT="3.2182265827125844" />
        <Edge SPOT_SOURCE_ID="111874" SPOT_TARGET_ID="111893" LINK_COST="83.58207706087121" VELOCITY="9.522459436518606" DISPLACEMENT="9.522459436518606" />
        <Edge SPOT_SOURCE_ID="118375" SPOT_TARGET_ID="118385" LINK_COST="0.9982281412014481" VELOCITY="1.7875836388250184" DISPLACEMENT="1.7875836388250184" />
        <Edge SPOT_SOURCE_ID="111361" SPOT_TARGET_ID="111417" LINK_COST="-1.0" VELOCITY="10.259003679400479" DISPLACEMENT="10.259003679400479" />
        <Edge SPOT_SOURCE_ID="113830" SPOT_TARGET_ID="113834" LINK_COST="-1.0" VELOCITY="1.4588600169854133" DISPLACEMENT="1.4588600169854133" />
        <Edge SPOT_SOURCE_ID="119025" SPOT_TARGET_ID="119037" LINK_COST="5.490862844724044" VELOCITY="2.343259022115149" DISPLACEMENT="2.343259022115149" />
        <Edge SPOT_SOURCE_ID="115443" SPOT_TARGET_ID="115516" LINK_COST="-1.0" VELOCITY="1.527260669393326" DISPLACEMENT="1.527260669393326" />
        <Edge SPOT_SOURCE_ID="118463" SPOT_TARGET_ID="118478" LINK_COST="29.84533699693705" VELOCITY="5.463088595010798" DISPLACEMENT="5.463088595010798" />
        <Edge SPOT_SOURCE_ID="112242" SPOT_TARGET_ID="112250" LINK_COST="11.433067824229838" VELOCITY="3.105387621411907" DISPLACEMENT="3.105387621411907" />
        <Edge SPOT_SOURCE_ID="114794" SPOT_TARGET_ID="114853" LINK_COST="27.619491942211802" VELOCITY="5.255425001102366" DISPLACEMENT="5.255425001102366" />
        <Edge SPOT_SOURCE_ID="114435" SPOT_TARGET_ID="114447" LINK_COST="7.793705236757759" VELOCITY="0.9226640882051831" DISPLACEMENT="0.9226640882051831" />
        <Edge SPOT_SOURCE_ID="112113" SPOT_TARGET_ID="112134" LINK_COST="-1.0" VELOCITY="5.270100261524343" DISPLACEMENT="5.270100261524343" />
        <Edge SPOT_SOURCE_ID="121762" SPOT_TARGET_ID="121784" LINK_COST="-1.0" VELOCITY="0.849415905480333" DISPLACEMENT="0.849415905480333" />
        <Edge SPOT_SOURCE_ID="114691" SPOT_TARGET_ID="114702" LINK_COST="0.40239838683758966" VELOCITY="0.6343487895768303" DISPLACEMENT="0.6343487895768303" />
        <Edge SPOT_SOURCE_ID="118672" SPOT_TARGET_ID="118691" LINK_COST="30.021485479899027" VELOCITY="5.479186571006597" DISPLACEMENT="5.479186571006597" />
        <Edge SPOT_SOURCE_ID="116731" SPOT_TARGET_ID="116843" LINK_COST="1.0018934808590143" VELOCITY="1.0009462926945754" DISPLACEMENT="1.0009462926945754" />
        <Edge SPOT_SOURCE_ID="117081" SPOT_TARGET_ID="117096" LINK_COST="1.6518734581795824" VELOCITY="1.1131230920402773" DISPLACEMENT="1.1131230920402773" />
        <Edge SPOT_SOURCE_ID="115764" SPOT_TARGET_ID="115771" LINK_COST="19.590725036667532" VELOCITY="4.426141099950105" DISPLACEMENT="4.426141099950105" />
        <Edge SPOT_SOURCE_ID="121639" SPOT_TARGET_ID="121640" LINK_COST="-1.0" VELOCITY="3.4590193146578496" DISPLACEMENT="3.4590193146578496" />
        <Edge SPOT_SOURCE_ID="111653" SPOT_TARGET_ID="111664" LINK_COST="83.06416716746827" VELOCITY="9.113954529591876" DISPLACEMENT="9.113954529591876" />
        <Edge SPOT_SOURCE_ID="116995" SPOT_TARGET_ID="117007" LINK_COST="5.244631590534843" VELOCITY="2.2901160648610897" DISPLACEMENT="2.2901160648610897" />
        <Edge SPOT_SOURCE_ID="111834" SPOT_TARGET_ID="111846" LINK_COST="38.744646598501575" VELOCITY="3.262110167635751" DISPLACEMENT="3.262110167635751" />
        <Edge SPOT_SOURCE_ID="114248" SPOT_TARGET_ID="114261" LINK_COST="5.641945930689683" VELOCITY="3.7936182244674574" DISPLACEMENT="3.7936182244674574" />
        <Edge SPOT_SOURCE_ID="115902" SPOT_TARGET_ID="115912" LINK_COST="3.695774155150112" VELOCITY="1.9224396362825316" DISPLACEMENT="1.9224396362825316" />
        <Edge SPOT_SOURCE_ID="115597" SPOT_TARGET_ID="115609" LINK_COST="7.3414050105346185" VELOCITY="2.7095027238470566" DISPLACEMENT="2.7095027238470566" />
        <Edge SPOT_SOURCE_ID="111664" SPOT_TARGET_ID="111684" LINK_COST="34.61429486382168" VELOCITY="5.883391442341881" DISPLACEMENT="5.883391442341881" />
        <Edge SPOT_SOURCE_ID="112914" SPOT_TARGET_ID="113064" LINK_COST="42.07168177471815" VELOCITY="4.712564084886334" DISPLACEMENT="4.712564084886334" />
        <Edge SPOT_SOURCE_ID="115957" SPOT_TARGET_ID="115972" LINK_COST="4.391022407808945" VELOCITY="2.0954766540834915" DISPLACEMENT="2.0954766540834915" />
        <Edge SPOT_SOURCE_ID="118939" SPOT_TARGET_ID="118949" LINK_COST="12.720836928243568" VELOCITY="3.566628229608963" DISPLACEMENT="3.566628229608963" />
        <Edge SPOT_SOURCE_ID="114913" SPOT_TARGET_ID="114949" LINK_COST="1.4164578051824945" VELOCITY="1.1901503288166981" DISPLACEMENT="1.1901503288166981" />
        <Edge SPOT_SOURCE_ID="118783" SPOT_TARGET_ID="118797" LINK_COST="4.6576476159950015" VELOCITY="4.0428351622843754" DISPLACEMENT="4.0428351622843754" />
        <Edge SPOT_SOURCE_ID="111094" SPOT_TARGET_ID="111110" LINK_COST="35.628311650812" VELOCITY="5.968945606286926" DISPLACEMENT="5.968945606286926" />
        <Edge SPOT_SOURCE_ID="114124" SPOT_TARGET_ID="114226" LINK_COST="60.68866987541824" VELOCITY="4.554664801747089" DISPLACEMENT="4.554664801747089" />
        <Edge SPOT_SOURCE_ID="115110" SPOT_TARGET_ID="115121" LINK_COST="21.491672265467848" VELOCITY="1.7998939599456427" DISPLACEMENT="1.7998939599456427" />
        <Edge SPOT_SOURCE_ID="115825" SPOT_TARGET_ID="115833" LINK_COST="15.899621120976729" VELOCITY="3.9874328986174463" DISPLACEMENT="3.9874328986174463" />
        <Edge SPOT_SOURCE_ID="121873" SPOT_TARGET_ID="121885" LINK_COST="-1.0" VELOCITY="2.7131299330980787" DISPLACEMENT="2.7131299330980787" />
        <Edge SPOT_SOURCE_ID="110892" SPOT_TARGET_ID="110906" LINK_COST="6.685107883268549" VELOCITY="2.5855575575238214" DISPLACEMENT="2.5855575575238214" />
        <Edge SPOT_SOURCE_ID="117383" SPOT_TARGET_ID="117397" LINK_COST="3.447226501022809" VELOCITY="1.6298733015115325" DISPLACEMENT="1.6298733015115325" />
        <Edge SPOT_SOURCE_ID="116627" SPOT_TARGET_ID="116636" LINK_COST="28.54808649771521" VELOCITY="5.34304094104801" DISPLACEMENT="5.34304094104801" />
        <Edge SPOT_SOURCE_ID="117883" SPOT_TARGET_ID="117999" LINK_COST="0.4390881126607705" VELOCITY="2.975714146535935" DISPLACEMENT="2.975714146535935" />
        <Edge SPOT_SOURCE_ID="117674" SPOT_TARGET_ID="117685" LINK_COST="3.427070036082681" VELOCITY="1.0495095096265326" DISPLACEMENT="1.0495095096265326" />
        <Edge SPOT_SOURCE_ID="119721" SPOT_TARGET_ID="119775" LINK_COST="-1.0" VELOCITY="3.0785651141779695" DISPLACEMENT="3.0785651141779695" />
        <Edge SPOT_SOURCE_ID="116342" SPOT_TARGET_ID="116355" LINK_COST="39.46351933449619" VELOCITY="5.273570166675692" DISPLACEMENT="5.273570166675692" />
        <Edge SPOT_SOURCE_ID="122454" SPOT_TARGET_ID="122462" LINK_COST="23.47732552554694" VELOCITY="2.8382239130244997" DISPLACEMENT="2.8382239130244997" />
        <Edge SPOT_SOURCE_ID="116851" SPOT_TARGET_ID="116864" LINK_COST="53.69760340080893" VELOCITY="2.419875395540274" DISPLACEMENT="2.419875395540274" />
        <Edge SPOT_SOURCE_ID="116241" SPOT_TARGET_ID="116256" LINK_COST="10.199298378476119" VELOCITY="3.193634039534918" DISPLACEMENT="3.193634039534918" />
        <Edge SPOT_SOURCE_ID="115619" SPOT_TARGET_ID="115628" LINK_COST="28.67344303060751" VELOCITY="5.354758914331018" DISPLACEMENT="5.354758914331018" />
        <Edge SPOT_SOURCE_ID="121050" SPOT_TARGET_ID="121103" LINK_COST="-1.0" VELOCITY="4.92762361174257" DISPLACEMENT="4.92762361174257" />
        <Edge SPOT_SOURCE_ID="118022" SPOT_TARGET_ID="118032" LINK_COST="2.163783584498345" VELOCITY="2.6364958370728875" DISPLACEMENT="2.6364958370728875" />
        <Edge SPOT_SOURCE_ID="117869" SPOT_TARGET_ID="117883" LINK_COST="5.412527233423959" VELOCITY="1.9226985754085744" DISPLACEMENT="1.9226985754085744" />
        <Edge SPOT_SOURCE_ID="118136" SPOT_TARGET_ID="118144" LINK_COST="74.39300602226106" VELOCITY="4.858517800578346" DISPLACEMENT="4.858517800578346" />
        <Edge SPOT_SOURCE_ID="119964" SPOT_TARGET_ID="121050" LINK_COST="-1.0" VELOCITY="6.330818409662053" DISPLACEMENT="6.330818409662053" />
        <Edge SPOT_SOURCE_ID="111745" SPOT_TARGET_ID="111834" LINK_COST="3.691085859169747" VELOCITY="3.019193494321725" DISPLACEMENT="3.019193494321725" />
        <Edge SPOT_SOURCE_ID="113853" SPOT_TARGET_ID="113866" LINK_COST="3.3425971337340847" VELOCITY="1.966924987991005" DISPLACEMENT="1.966924987991005" />
        <Edge SPOT_SOURCE_ID="119116" SPOT_TARGET_ID="119125" LINK_COST="4.101055031588735" VELOCITY="0.46133204410255385" DISPLACEMENT="0.46133204410255385" />
        <Edge SPOT_SOURCE_ID="116256" SPOT_TARGET_ID="116272" LINK_COST="2.9860739693706546" VELOCITY="0.9552493092842603" DISPLACEMENT="0.9552493092842603" />
        <Edge SPOT_SOURCE_ID="110975" SPOT_TARGET_ID="110987" LINK_COST="7.967570735123625" VELOCITY="2.8226885650251297" DISPLACEMENT="2.8226885650251297" />
        <Edge SPOT_SOURCE_ID="114295" SPOT_TARGET_ID="114435" LINK_COST="38.369039181526404" VELOCITY="1.0315698108122806" DISPLACEMENT="1.0315698108122806" />
        <Edge SPOT_SOURCE_ID="114714" SPOT_TARGET_ID="114722" LINK_COST="6.055207705681129" VELOCITY="2.4607331642583943" DISPLACEMENT="2.4607331642583943" />
        <Edge SPOT_SOURCE_ID="113673" SPOT_TARGET_ID="113818" LINK_COST="-1.0" VELOCITY="1.272717224494727" DISPLACEMENT="1.272717224494727" />
        <Edge SPOT_SOURCE_ID="118011" SPOT_TARGET_ID="118022" LINK_COST="2.0604950978245955" VELOCITY="0.8482339115868613" DISPLACEMENT="0.8482339115868613" />
        <Edge SPOT_SOURCE_ID="118270" SPOT_TARGET_ID="118280" LINK_COST="4.089111302655343" VELOCITY="2.0221551134013787" DISPLACEMENT="2.0221551134013787" />
        <Edge SPOT_SOURCE_ID="110933" SPOT_TARGET_ID="110948" LINK_COST="6.4989800780750935" VELOCITY="2.54930972580326" DISPLACEMENT="2.54930972580326" />
        <Edge SPOT_SOURCE_ID="115771" SPOT_TARGET_ID="115782" LINK_COST="9.512142759913393" VELOCITY="3.084176188208675" DISPLACEMENT="3.084176188208675" />
        <Edge SPOT_SOURCE_ID="113964" SPOT_TARGET_ID="113979" LINK_COST="2.3596512955561337" VELOCITY="4.913025098626099" DISPLACEMENT="4.913025098626099" />
        <Edge SPOT_SOURCE_ID="118045" SPOT_TARGET_ID="118136" LINK_COST="3.3446631644513265" VELOCITY="0.7611055624006006" DISPLACEMENT="0.7611055624006006" />
        <Edge SPOT_SOURCE_ID="118293" SPOT_TARGET_ID="118303" LINK_COST="3.1458558259851372" VELOCITY="3.362465683634578" DISPLACEMENT="3.362465683634578" />
        <Edge SPOT_SOURCE_ID="113076" SPOT_TARGET_ID="113083" LINK_COST="14.093471130704796" VELOCITY="4.0350074350692" DISPLACEMENT="4.0350074350692" />
        <Edge SPOT_SOURCE_ID="114601" SPOT_TARGET_ID="114614" LINK_COST="0.63418170589587" VELOCITY="0.7963552636203706" DISPLACEMENT="0.7963552636203706" />
        <Edge SPOT_SOURCE_ID="113660" SPOT_TARGET_ID="113673" LINK_COST="16.246100735756944" VELOCITY="1.2979219925964531" DISPLACEMENT="1.2979219925964531" />
        <Edge SPOT_SOURCE_ID="112453" SPOT_TARGET_ID="112555" LINK_COST="3.761639822275275" VELOCITY="3.0600267822140648" DISPLACEMENT="3.0600267822140648" />
        <Edge SPOT_SOURCE_ID="121784" SPOT_TARGET_ID="121785" LINK_COST="-1.0" VELOCITY="2.6708065180534595" DISPLACEMENT="2.6708065180534595" />
        <Edge SPOT_SOURCE_ID="114571" SPOT_TARGET_ID="114581" LINK_COST="10.019253608585375" VELOCITY="2.8045766261856837" DISPLACEMENT="2.8045766261856837" />
        <Edge SPOT_SOURCE_ID="110960" SPOT_TARGET_ID="110975" LINK_COST="11.666951833945353" VELOCITY="3.415691999279993" DISPLACEMENT="3.415691999279993" />
        <Edge SPOT_SOURCE_ID="116380" SPOT_TARGET_ID="116480" LINK_COST="15.123003406603654" VELOCITY="3.888830596285168" DISPLACEMENT="3.888830596285168" />
        <Edge SPOT_SOURCE_ID="116007" SPOT_TARGET_ID="116031" LINK_COST="5.6945818280767835" VELOCITY="2.3863322962397304" DISPLACEMENT="2.3863322962397304" />
        <Edge SPOT_SOURCE_ID="113420" SPOT_TARGET_ID="113436" LINK_COST="57.804176093021304" VELOCITY="4.3272385632805825" DISPLACEMENT="4.3272385632805825" />
        <Edge SPOT_SOURCE_ID="113221" SPOT_TARGET_ID="113231" LINK_COST="4.303970257301637" VELOCITY="3.707144365571692" DISPLACEMENT="3.707144365571692" />
        <Edge SPOT_SOURCE_ID="116970" SPOT_TARGET_ID="116983" LINK_COST="5.165817193848829" VELOCITY="2.2728434160427393" DISPLACEMENT="2.2728434160427393" />
        <Edge SPOT_SOURCE_ID="123627" SPOT_TARGET_ID="123641" LINK_COST="4.371230787088423" VELOCITY="2.0907488579665476" DISPLACEMENT="2.0907488579665476" />
        <Edge SPOT_SOURCE_ID="115100" SPOT_TARGET_ID="115110" LINK_COST="7.95176700933445" VELOCITY="3.8315969610853466" DISPLACEMENT="3.8315969610853466" />
        <Edge SPOT_SOURCE_ID="114627" SPOT_TARGET_ID="114678" LINK_COST="1.2229248347528232" VELOCITY="1.105859319603006" DISPLACEMENT="1.105859319603006" />
        <Edge SPOT_SOURCE_ID="114459" SPOT_TARGET_ID="114470" LINK_COST="54.544753278676744" VELOCITY="3.35854797651319" DISPLACEMENT="3.35854797651319" />
        <Edge SPOT_SOURCE_ID="115815" SPOT_TARGET_ID="115825" LINK_COST="0.8758533728494825" VELOCITY="0.9358703825046941" DISPLACEMENT="0.9358703825046941" />
        <Edge SPOT_SOURCE_ID="113834" SPOT_TARGET_ID="113853" LINK_COST="14.89671080228524" VELOCITY="2.6410514715119886" DISPLACEMENT="2.6410514715119886" />
        <Edge SPOT_SOURCE_ID="111699" SPOT_TARGET_ID="111713" LINK_COST="11.003498007889673" VELOCITY="3.317152092969159" DISPLACEMENT="3.317152092969159" />
        <Edge SPOT_SOURCE_ID="113979" SPOT_TARGET_ID="113986" LINK_COST="89.34034732966639" VELOCITY="5.271030979056066" DISPLACEMENT="5.271030979056066" />
        <Edge SPOT_SOURCE_ID="115154" SPOT_TARGET_ID="115257" LINK_COST="9.71927870623272" VELOCITY="1.297921992596442" DISPLACEMENT="1.297921992596442" />
        <Edge SPOT_SOURCE_ID="122371" SPOT_TARGET_ID="122381" LINK_COST="5.157808201735791" VELOCITY="4.549103231235251" DISPLACEMENT="4.549103231235251" />
        <Edge SPOT_SOURCE_ID="116681" SPOT_TARGET_ID="116691" LINK_COST="3.2109267714477907" VELOCITY="1.4191353858296771" DISPLACEMENT="1.4191353858296771" />
        <Edge SPOT_SOURCE_ID="116581" SPOT_TARGET_ID="116589" LINK_COST="6.087621335169317" VELOCITY="2.46731054696593" DISPLACEMENT="2.46731054696593" />
        <Edge SPOT_SOURCE_ID="115893" SPOT_TARGET_ID="115902" LINK_COST="11.429455837871556" VELOCITY="3.3807478222830456" DISPLACEMENT="3.3807478222830456" />
        <Edge SPOT_SOURCE_ID="116636" SPOT_TARGET_ID="116644" LINK_COST="34.493521818310334" VELOCITY="0.9177694424159819" DISPLACEMENT="0.9177694424159819" />
        <Edge SPOT_SOURCE_ID="117844" SPOT_TARGET_ID="117857" LINK_COST="2.7189451486627796" VELOCITY="1.5293998046530304" DISPLACEMENT="1.5293998046530304" />
        <Edge SPOT_SOURCE_ID="117697" SPOT_TARGET_ID="117710" LINK_COST="1.408974330424128" VELOCITY="5.4448643371803795" DISPLACEMENT="5.4448643371803795" />
        <Edge SPOT_SOURCE_ID="117491" SPOT_TARGET_ID="117503" LINK_COST="1.9008858896192642" VELOCITY="1.4739660634766578" DISPLACEMENT="1.4739660634766578" />
        <Edge SPOT_SOURCE_ID="113632" SPOT_TARGET_ID="113646" LINK_COST="23.30109198759973" VELOCITY="1.7998939599458035" DISPLACEMENT="1.7998939599458035" />
        <Edge SPOT_SOURCE_ID="112705" SPOT_TARGET_ID="112719" LINK_COST="6.016770436749475" VELOCITY="5.004355856895003" DISPLACEMENT="5.004355856895003" />
        <Edge SPOT_SOURCE_ID="111626" SPOT_TARGET_ID="111639" LINK_COST="10.19090274714619" VELOCITY="3.192319336649482" DISPLACEMENT="3.192319336649482" />
        <Edge SPOT_SOURCE_ID="116048" SPOT_TARGET_ID="116066" LINK_COST="0.2947153264324166" VELOCITY="3.0602540762982287" DISPLACEMENT="3.0602540762982287" />
        <Edge SPOT_SOURCE_ID="115686" SPOT_TARGET_ID="115699" LINK_COST="21.308908094042817" VELOCITY="4.616157286536369" DISPLACEMENT="4.616157286536369" />
        <Edge SPOT_SOURCE_ID="112134" SPOT_TARGET_ID="112158" LINK_COST="-1.0" VELOCITY="4.7736027430901125" DISPLACEMENT="4.7736027430901125" />
        <Edge SPOT_SOURCE_ID="119037" SPOT_TARGET_ID="119049" LINK_COST="3.2277308340563944" VELOCITY="1.7965886657931454" DISPLACEMENT="1.7965886657931454" />
        <Edge SPOT_SOURCE_ID="110878" SPOT_TARGET_ID="110892" LINK_COST="0.9982374154165692" VELOCITY="0.999118319027616" DISPLACEMENT="0.999118319027616" />
        <Edge SPOT_SOURCE_ID="112250" SPOT_TARGET_ID="112352" LINK_COST="-1.0" VELOCITY="2.0631396216245523" DISPLACEMENT="2.0631396216245523" />
        <Edge SPOT_SOURCE_ID="113231" SPOT_TARGET_ID="113370" LINK_COST="7.224062795651522" VELOCITY="2.6900049567128272" DISPLACEMENT="2.6900049567128272" />
        <Edge SPOT_SOURCE_ID="119798" SPOT_TARGET_ID="119818" LINK_COST="-1.0" VELOCITY="2.9323665026007646" DISPLACEMENT="2.9323665026007646" />
        <Edge SPOT_SOURCE_ID="112742" SPOT_TARGET_ID="112758" LINK_COST="18.187606220273935" VELOCITY="2.0521948609142884" DISPLACEMENT="2.0521948609142884" />
        <Edge SPOT_SOURCE_ID="123453" SPOT_TARGET_ID="123477" LINK_COST="-1.0" VELOCITY="2.2360623460585316" DISPLACEMENT="2.2360623460585316" />
        <Edge SPOT_SOURCE_ID="122445" SPOT_TARGET_ID="122454" LINK_COST="14.981504730957017" VELOCITY="2.2669060423359544" DISPLACEMENT="2.2669060423359544" />
        <Edge SPOT_SOURCE_ID="122435" SPOT_TARGET_ID="122445" LINK_COST="7.061655757573939" VELOCITY="1.1785083339474827" DISPLACEMENT="1.1785083339474827" />
        <Edge SPOT_SOURCE_ID="115988" SPOT_TARGET_ID="116007" LINK_COST="0.05572278809062289" VELOCITY="0.23605674760663567" DISPLACEMENT="0.23605674760663567" />
        <Edge SPOT_SOURCE_ID="117106" SPOT_TARGET_ID="117119" LINK_COST="0.9056347649958967" VELOCITY="1.5101590889869838" DISPLACEMENT="1.5101590889869838" />
        <Edge SPOT_SOURCE_ID="112886" SPOT_TARGET_ID="112901" LINK_COST="8.695375333733612" VELOCITY="3.0203181779740236" DISPLACEMENT="3.0203181779740236" />
        <Edge SPOT_SOURCE_ID="113909" SPOT_TARGET_ID="113942" LINK_COST="3.605708723556408" VELOCITY="2.952942010677877" DISPLACEMENT="2.952942010677877" />
        <Edge SPOT_SOURCE_ID="113390" SPOT_TARGET_ID="113405" LINK_COST="16.389866938817892" VELOCITY="4.947371060150677" DISPLACEMENT="4.947371060150677" />
        <Edge SPOT_SOURCE_ID="116355" SPOT_TARGET_ID="116366" LINK_COST="9.423414473566702" VELOCITY="1.7168521652368074" DISPLACEMENT="1.7168521652368074" />
        <Edge SPOT_SOURCE_ID="112730" SPOT_TARGET_ID="112742" LINK_COST="2.0014340693853114" VELOCITY="1.0315698108122897" DISPLACEMENT="1.0315698108122897" />
        <Edge SPOT_SOURCE_ID="116691" SPOT_TARGET_ID="116706" LINK_COST="6.18592803531328" VELOCITY="2.0521948609142813" DISPLACEMENT="2.0521948609142813" />
        <Edge SPOT_SOURCE_ID="117254" SPOT_TARGET_ID="117328" LINK_COST="-1.0" VELOCITY="1.8385694209262" DISPLACEMENT="1.8385694209262" />
        <Edge SPOT_SOURCE_ID="121936" SPOT_TARGET_ID="122237" LINK_COST="-1.0" VELOCITY="3.593967390865827" DISPLACEMENT="3.593967390865827" />
        <Edge SPOT_SOURCE_ID="118965" SPOT_TARGET_ID="118978" LINK_COST="4.242849210112767" VELOCITY="2.059817761383945" DISPLACEMENT="2.059817761383945" />
        <Edge SPOT_SOURCE_ID="116589" SPOT_TARGET_ID="116609" LINK_COST="12.895331211365745" VELOCITY="3.59100699127219" DISPLACEMENT="3.59100699127219" />
        <Edge SPOT_SOURCE_ID="121922" SPOT_TARGET_ID="121935" LINK_COST="-1.0" VELOCITY="3.536300501286055" DISPLACEMENT="3.536300501286055" />
        <Edge SPOT_SOURCE_ID="114486" SPOT_TARGET_ID="114571" LINK_COST="32.69196322122622" VELOCITY="1.7368885134728347" DISPLACEMENT="1.7368885134728347" />
        <Edge SPOT_SOURCE_ID="116558" SPOT_TARGET_ID="116570" LINK_COST="10.115128074245531" VELOCITY="3.180428913565831" DISPLACEMENT="3.180428913565831" />
        <Edge SPOT_SOURCE_ID="122426" SPOT_TARGET_ID="122435" LINK_COST="6.824608182540768" VELOCITY="2.7131299330980787" DISPLACEMENT="2.7131299330980787" />
        <Edge SPOT_SOURCE_ID="117328" SPOT_TARGET_ID="117365" LINK_COST="14.854712293923063" VELOCITY="2.2908910040897297" DISPLACEMENT="2.2908910040897297" />
        <Edge SPOT_SOURCE_ID="113181" SPOT_TARGET_ID="113194" LINK_COST="25.512014193949128" VELOCITY="0.922664088205163" DISPLACEMENT="0.922664088205163" />
        <Edge SPOT_SOURCE_ID="117503" SPOT_TARGET_ID="117674" LINK_COST="2.5641257352895495" VELOCITY="1.138352892041367" DISPLACEMENT="1.138352892041367" />
        <Edge SPOT_SOURCE_ID="118478" SPOT_TARGET_ID="118493" LINK_COST="2.077576962574214" VELOCITY="1.4413802283138943" DISPLACEMENT="1.4413802283138943" />
        <Edge SPOT_SOURCE_ID="115533" SPOT_TARGET_ID="115552" LINK_COST="-1.0" VELOCITY="2.1236149790291394" DISPLACEMENT="2.1236149790291394" />
        <Edge SPOT_SOURCE_ID="111507" SPOT_TARGET_ID="111523" LINK_COST="94.39734054320176" VELOCITY="9.715829380099352" DISPLACEMENT="9.715829380099352" />
        <Edge SPOT_SOURCE_ID="116366" SPOT_TARGET_ID="116380" LINK_COST="4.060363633871621" VELOCITY="4.50675304739257" DISPLACEMENT="4.50675304739257" />
        <Edge SPOT_SOURCE_ID="112588" SPOT_TARGET_ID="112602" LINK_COST="14.902860780097237" VELOCITY="2.742390489410289" DISPLACEMENT="2.742390489410289" />
        <Edge SPOT_SOURCE_ID="119652" SPOT_TARGET_ID="119705" LINK_COST="-1.0" VELOCITY="4.2091446784826285" DISPLACEMENT="4.2091446784826285" />
        <Edge SPOT_SOURCE_ID="115312" SPOT_TARGET_ID="115443" LINK_COST="-1.0" VELOCITY="1.8691063982393064" DISPLACEMENT="1.8691063982393064" />
        <Edge SPOT_SOURCE_ID="112352" SPOT_TARGET_ID="112386" LINK_COST="7.501926188518798" VELOCITY="3.963868543177887" DISPLACEMENT="3.963868543177887" />
        <Edge SPOT_SOURCE_ID="112758" SPOT_TARGET_ID="112860" LINK_COST="36.87791301118192" VELOCITY="5.261339540217283" DISPLACEMENT="5.261339540217283" />
        <Edge SPOT_SOURCE_ID="116480" SPOT_TARGET_ID="116494" LINK_COST="9.205154968948666" VELOCITY="3.0339998300838227" DISPLACEMENT="3.0339998300838227" />
        <Edge SPOT_SOURCE_ID="116226" SPOT_TARGET_ID="116241" LINK_COST="1.7535581920515448" VELOCITY="3.0993498184698334" DISPLACEMENT="3.0993498184698334" />
        <Edge SPOT_SOURCE_ID="115912" SPOT_TARGET_ID="116548" LINK_COST="4.985716675460596" VELOCITY="2.2328718448358376" DISPLACEMENT="2.2328718448358376" />
        <Edge SPOT_SOURCE_ID="122381" SPOT_TARGET_ID="122389" LINK_COST="1.1883632381545628" VELOCITY="2.2669060423357674" DISPLACEMENT="2.2669060423357674" />
        <Edge SPOT_SOURCE_ID="121885" SPOT_TARGET_ID="121903" LINK_COST="-1.0" VELOCITY="2.499993703857255" DISPLACEMENT="2.499993703857255" />
        <Edge SPOT_SOURCE_ID="117710" SPOT_TARGET_ID="117719" LINK_COST="3.305098164557835" VELOCITY="2.6507508786944216" DISPLACEMENT="2.6507508786944216" />
        <Edge SPOT_SOURCE_ID="115567" SPOT_TARGET_ID="115639" LINK_COST="-1.0" VELOCITY="9.956521429279253" DISPLACEMENT="9.956521429279253" />
        <Edge SPOT_SOURCE_ID="121903" SPOT_TARGET_ID="121910" LINK_COST="-1.0" VELOCITY="1.1785083339474556" DISPLACEMENT="1.1785083339474556" />
        <Edge SPOT_SOURCE_ID="111449" SPOT_TARGET_ID="111468" LINK_COST="-1.0" VELOCITY="8.267770614679247" DISPLACEMENT="8.267770614679247" />
        <Edge SPOT_SOURCE_ID="111615" SPOT_TARGET_ID="111626" LINK_COST="11.978234732271172" VELOCITY="3.4609586435366677" DISPLACEMENT="3.4609586435366677" />
        <Edge SPOT_SOURCE_ID="118930" SPOT_TARGET_ID="118939" LINK_COST="40.65244048887179" VELOCITY="6.375926637663877" DISPLACEMENT="6.375926637663877" />
        <Edge SPOT_SOURCE_ID="116620" SPOT_TARGET_ID="116627" LINK_COST="5.545753639526712" VELOCITY="2.3549423856066443" DISPLACEMENT="2.3549423856066443" />
        <Edge SPOT_SOURCE_ID="114107" SPOT_TARGET_ID="114124" LINK_COST="-1.0" VELOCITY="1.411543772077866" DISPLACEMENT="1.411543772077866" />
        <Edge SPOT_SOURCE_ID="115659" SPOT_TARGET_ID="115672" LINK_COST="14.496714109715636" VELOCITY="3.8074550699536345" DISPLACEMENT="3.8074550699536345" />
        <Edge SPOT_SOURCE_ID="111266" SPOT_TARGET_ID="111312" LINK_COST="-1.0" VELOCITY="5.157849054061493" DISPLACEMENT="5.157849054061493" />
        <Edge SPOT_SOURCE_ID="118989" SPOT_TARGET_ID="119943" LINK_COST="29.32873663102849" VELOCITY="5.415601225259158" DISPLACEMENT="5.415601225259158" />
        <Edge SPOT_SOURCE_ID="122352" SPOT_TARGET_ID="122371" LINK_COST="11.814610752684677" VELOCITY="5.389176189904611" DISPLACEMENT="5.389176189904611" />
        <Edge SPOT_SOURCE_ID="110906" SPOT_TARGET_ID="110933" LINK_COST="6.3240496772019945" VELOCITY="2.5147663265603812" DISPLACEMENT="2.5147663265603812" />
        <Edge SPOT_SOURCE_ID="111549" SPOT_TARGET_ID="111567" LINK_COST="36.872771476845415" VELOCITY="6.072295404280445" DISPLACEMENT="6.072295404280445" />
        <Edge SPOT_SOURCE_ID="116066" SPOT_TARGET_ID="116079" LINK_COST="4.813425263618708" VELOCITY="2.1939519738633084" DISPLACEMENT="2.1939519738633084" />
        <Edge SPOT_SOURCE_ID="117365" SPOT_TARGET_ID="117374" LINK_COST="0.970447277368696" VELOCITY="1.0799363759673375" DISPLACEMENT="1.0799363759673375" />
        <Edge SPOT_SOURCE_ID="123582" SPOT_TARGET_ID="123598" LINK_COST="0.742559224852633" VELOCITY="0.8617187620405122" DISPLACEMENT="0.8617187620405122" />
        <Edge SPOT_SOURCE_ID="123486" SPOT_TARGET_ID="123497" LINK_COST="4.062691400723147" VELOCITY="2.015611917191191" DISPLACEMENT="2.015611917191191" />
        <Edge SPOT_SOURCE_ID="115833" SPOT_TARGET_ID="115846" LINK_COST="2.7643598771767453" VELOCITY="1.6626364236286733" DISPLACEMENT="1.6626364236286733" />
        <Edge SPOT_SOURCE_ID="114865" SPOT_TARGET_ID="114883" LINK_COST="7.144249710623431" VELOCITY="2.6728729320009643" DISPLACEMENT="2.6728729320009643" />
        <Edge SPOT_SOURCE_ID="122342" SPOT_TARGET_ID="122352" LINK_COST="8.317013602321364" VELOCITY="2.266906042335758" DISPLACEMENT="2.266906042335758" />
        <Edge SPOT_SOURCE_ID="111523" SPOT_TARGET_ID="111536" LINK_COST="94.89025345973421" VELOCITY="9.741162839196058" DISPLACEMENT="9.741162839196058" />
        <Edge SPOT_SOURCE_ID="119093" SPOT_TARGET_ID="119104" LINK_COST="6.831001426974737" VELOCITY="3.5453799339633956" DISPLACEMENT="3.5453799339633956" />
        <Edge SPOT_SOURCE_ID="112201" SPOT_TARGET_ID="112208" LINK_COST="14.579592420937745" VELOCITY="4.378645940065064" DISPLACEMENT="4.378645940065064" />
        <Edge SPOT_SOURCE_ID="111468" SPOT_TARGET_ID="111507" LINK_COST="-1.0" VELOCITY="10.37254730806932" DISPLACEMENT="10.37254730806932" />
        <Edge SPOT_SOURCE_ID="114447" SPOT_TARGET_ID="114459" LINK_COST="23.602074261026875" VELOCITY="5.095578975909922" DISPLACEMENT="5.095578975909922" />
        <Edge SPOT_SOURCE_ID="123598" SPOT_TARGET_ID="123612" LINK_COST="1.2497944181453309" VELOCITY="1.1179420459689897" DISPLACEMENT="1.1179420459689897" />
        <Edge SPOT_SOURCE_ID="115552" SPOT_TARGET_ID="115567" LINK_COST="-1.0" VELOCITY="3.3999180689517066" DISPLACEMENT="3.3999180689517066" />
        <Edge SPOT_SOURCE_ID="111846" SPOT_TARGET_ID="111863" LINK_COST="20.453353340048018" VELOCITY="1.6180793030333311" DISPLACEMENT="1.6180793030333311" />
        <Edge SPOT_SOURCE_ID="121103" SPOT_TARGET_ID="121106" LINK_COST="-1.0" VELOCITY="4.172722454892934" DISPLACEMENT="4.172722454892934" />
        <Edge SPOT_SOURCE_ID="111057" SPOT_TARGET_ID="111078" LINK_COST="9.631894748576673" VELOCITY="3.1035294019191557" DISPLACEMENT="3.1035294019191557" />
        <Edge SPOT_SOURCE_ID="117833" SPOT_TARGET_ID="117844" LINK_COST="1.1571183962869425" VELOCITY="1.8753943041039784" DISPLACEMENT="1.8753943041039784" />
        <Edge SPOT_SOURCE_ID="118160" SPOT_TARGET_ID="118168" LINK_COST="16.344193523126727" VELOCITY="2.89972742321508" DISPLACEMENT="2.89972742321508" />
        <Edge SPOT_SOURCE_ID="114743" SPOT_TARGET_ID="114755" LINK_COST="5.884075140890427" VELOCITY="3.7775514236643044" DISPLACEMENT="3.7775514236643044" />
        <Edge SPOT_SOURCE_ID="112616" SPOT_TARGET_ID="112705" LINK_COST="30.01010449665778" VELOCITY="0.8049370493462987" DISPLACEMENT="0.8049370493462987" />
        <Edge SPOT_SOURCE_ID="114984" SPOT_TARGET_ID="114995" LINK_COST="1.9129593475089663" VELOCITY="2.052194860914514" DISPLACEMENT="2.052194860914514" />
        <Edge SPOT_SOURCE_ID="118315" SPOT_TARGET_ID="118336" LINK_COST="8.201182865251216" VELOCITY="2.107411705292519" DISPLACEMENT="2.107411705292519" />
        <Edge SPOT_SOURCE_ID="112386" SPOT_TARGET_ID="112402" LINK_COST="14.466442409293537" VELOCITY="3.462165158983744" DISPLACEMENT="3.462165158983744" />
        <Edge SPOT_SOURCE_ID="113204" SPOT_TARGET_ID="113221" LINK_COST="54.24302723474588" VELOCITY="3.599787919891607" DISPLACEMENT="3.599787919891607" />
        <Edge SPOT_SOURCE_ID="115567" SPOT_TARGET_ID="115584" LINK_COST="86.63234201468869" VELOCITY="9.307649650405235" DISPLACEMENT="9.307649650405235" />
        <Edge SPOT_SOURCE_ID="117119" SPOT_TARGET_ID="117254" LINK_COST="-1.0" VELOCITY="2.589901471013382" DISPLACEMENT="2.589901471013382" />
        <Edge SPOT_SOURCE_ID="118605" SPOT_TARGET_ID="118624" LINK_COST="32.01602090648561" VELOCITY="5.6582701337498555" DISPLACEMENT="5.6582701337498555" />
        <Edge SPOT_SOURCE_ID="118385" SPOT_TARGET_ID="118435" LINK_COST="27.345457615132766" VELOCITY="5.229288442525691" DISPLACEMENT="5.229288442525691" />
        <Edge SPOT_SOURCE_ID="123543" SPOT_TARGET_ID="123582" LINK_COST="9.182770326449251" VELOCITY="3.030308619010488" DISPLACEMENT="3.030308619010488" />
        <Edge SPOT_SOURCE_ID="122333" SPOT_TARGET_ID="122342" LINK_COST="8.787544355594898" VELOCITY="2.8382239130245894" DISPLACEMENT="2.8382239130245894" />
        <Edge SPOT_SOURCE_ID="119328" SPOT_TARGET_ID="119356" LINK_COST="-1.0" VELOCITY="4.748768063401787" DISPLACEMENT="4.748768063401787" />
      </Track>
      <Track name="Track_18" TRACK_ID="18" TRACK_INDEX="2" TRACK_DURATION="277.0" TRACK_START="0.0" TRACK_STOP="277.0" TRACK_DISPLACEMENT="124.39395140764172" NUMBER_SPOTS="278" NUMBER_GAPS="0" LONGEST_GAP="0" NUMBER_SPLITS="0" NUMBER_MERGES="0" NUMBER_COMPLEX="0" DIVISION_TIME_MEAN="NaN" DIVISION_TIME_STD="NaN">
        <Edge SPOT_SOURCE_ID="125102" SPOT_TARGET_ID="125062" LINK_COST="-1.0" VELOCITY="0.4613320441022552" DISPLACEMENT="0.4613320441022552" />
        <Edge SPOT_SOURCE_ID="129884" SPOT_TARGET_ID="129882" LINK_COST="-1.0" VELOCITY="2.499993703857255" DISPLACEMENT="2.499993703857255" />
        <Edge SPOT_SOURCE_ID="128315" SPOT_TARGET_ID="128311" LINK_COST="-1.0" VELOCITY="3.2621101676358535" DISPLACEMENT="3.2621101676358535" />
        <Edge SPOT_SOURCE_ID="130181" SPOT_TARGET_ID="130176" LINK_COST="-1.0" VELOCITY="2.635224746756717" DISPLACEMENT="2.635224746756717" />
        <Edge SPOT_SOURCE_ID="128625" SPOT_TARGET_ID="128618" LINK_COST="-1.0" VELOCITY="3.7372570028754875" DISPLACEMENT="3.7372570028754875" />
        <Edge SPOT_SOURCE_ID="132057" SPOT_TARGET_ID="131816" LINK_COST="-1.0" VELOCITY="2.629997297482617" DISPLACEMENT="2.629997297482617" />
        <Edge SPOT_SOURCE_ID="125820" SPOT_TARGET_ID="125819" LINK_COST="-1.0" VELOCITY="2.006927375425818" DISPLACEMENT="2.006927375425818" />
        <Edge SPOT_SOURCE_ID="128877" SPOT_TARGET_ID="128874" LINK_COST="-1.0" VELOCITY="2.377759635788898" DISPLACEMENT="2.377759635788898" />
        <Edge SPOT_SOURCE_ID="129948" SPOT_TARGET_ID="129947" LINK_COST="-1.0" VELOCITY="2.1214809905723406" DISPLACEMENT="2.1214809905723406" />
        <Edge SPOT_SOURCE_ID="130439" SPOT_TARGET_ID="130424" LINK_COST="-1.0" VELOCITY="2.6299972974825327" DISPLACEMENT="2.6299972974825327" />
        <Edge SPOT_SOURCE_ID="130186" SPOT_TARGET_ID="130182" LINK_COST="-1.0" VELOCITY="1.4573260481859391" DISPLACEMENT="1.4573260481859391" />
        <Edge SPOT_SOURCE_ID="130482" SPOT_TARGET_ID="130459" LINK_COST="-1.0" VELOCITY="6.092256948874123" DISPLACEMENT="6.092256948874123" />
        <Edge SPOT_SOURCE_ID="130486" SPOT_TARGET_ID="130482" LINK_COST="-1.0" VELOCITY="2.306660220512855" DISPLACEMENT="2.306660220512855" />
        <Edge SPOT_SOURCE_ID="125011" SPOT_TARGET_ID="124961" LINK_COST="-1.0" VELOCITY="1.178508333947312" DISPLACEMENT="1.178508333947312" />
        <Edge SPOT_SOURCE_ID="130735" SPOT_TARGET_ID="130690" LINK_COST="-1.0" VELOCITY="4.245105913145078" DISPLACEMENT="4.245105913145078" />
        <Edge SPOT_SOURCE_ID="131816" SPOT_TARGET_ID="131929" LINK_COST="5.483602160461304" VELOCITY="2.3417092390946626" DISPLACEMENT="2.3417092390946626" />
        <Edge SPOT_SOURCE_ID="125901" SPOT_TARGET_ID="125872" LINK_COST="-1.0" VELOCITY="4.0311187219241775" DISPLACEMENT="4.0311187219241775" />
        <Edge SPOT_SOURCE_ID="128712" SPOT_TARGET_ID="128669" LINK_COST="-1.0" VELOCITY="0.8333312346191951" DISPLACEMENT="0.8333312346191951" />
        <Edge SPOT_SOURCE_ID="125602" SPOT_TARGET_ID="125576" LINK_COST="-1.0" VELOCITY="4.636329663268633" DISPLACEMENT="4.636329663268633" />
        <Edge SPOT_SOURCE_ID="128802" SPOT_TARGET_ID="128797" LINK_COST="-1.0" VELOCITY="2.609698449957624" DISPLACEMENT="2.609698449957624" />
        <Edge SPOT_SOURCE_ID="124805" SPOT_TARGET_ID="124751" LINK_COST="-1.0" VELOCITY="1.9021207463171501" DISPLACEMENT="1.9021207463171501" />
        <Edge SPOT_SOURCE_ID="127429" SPOT_TARGET_ID="126726" LINK_COST="-1.0" VELOCITY="2.2669060423359917" DISPLACEMENT="2.2669060423359917" />
        <Edge SPOT_SOURCE_ID="128819" SPOT_TARGET_ID="128812" LINK_COST="-1.0" VELOCITY="2.188290025478063" DISPLACEMENT="2.188290025478063" />
        <Edge SPOT_SOURCE_ID="128797" SPOT_TARGET_ID="128761" LINK_COST="-1.0" VELOCITY="1.1761705475624082" DISPLACEMENT="1.1761705475624082" />
        <Edge SPOT_SOURCE_ID="131076" SPOT_TARGET_ID="131021" LINK_COST="-1.0" VELOCITY="4.546906940407042" DISPLACEMENT="4.546906940407042" />
        <Edge SPOT_SOURCE_ID="126726" SPOT_TARGET_ID="126610" LINK_COST="-1.0" VELOCITY="2.6664667647156164" DISPLACEMENT="2.6664667647156164" />
        <Edge SPOT_SOURCE_ID="182188" SPOT_TARGET_ID="182314" LINK_COST="-1.0" VELOCITY="2.422651759457951" DISPLACEMENT="2.422651759457951" />
        <Edge SPOT_SOURCE_ID="131020" SPOT_TARGET_ID="131018" LINK_COST="-1.0" VELOCITY="3.968528299480189" DISPLACEMENT="3.968528299480189" />
        <Edge SPOT_SOURCE_ID="125655" SPOT_TARGET_ID="125622" LINK_COST="-1.0" VELOCITY="3.377730744952918" DISPLACEMENT="3.377730744952918" />
        <Edge SPOT_SOURCE_ID="129733" SPOT_TARGET_ID="129720" LINK_COST="-1.0" VELOCITY="2.0040944208611835" DISPLACEMENT="2.0040944208611835" />
        <Edge SPOT_SOURCE_ID="126123" SPOT_TARGET_ID="126112" LINK_COST="-1.0" VELOCITY="3.3267126800529274" DISPLACEMENT="3.3267126800529274" />
        <Edge SPOT_SOURCE_ID="128607" SPOT_TARGET_ID="128587" LINK_COST="-1.0" VELOCITY="1.0315698108123257" DISPLACEMENT="1.0315698108123257" />
        <Edge SPOT_SOURCE_ID="131703" SPOT_TARGET_ID="131717" LINK_COST="105.76765994087927" VELOCITY="10.284340520465047" DISPLACEMENT="10.284340520465047" />
        <Edge SPOT_SOURCE_ID="125576" SPOT_TARGET_ID="125528" LINK_COST="-1.0" VELOCITY="1.536586873044013" DISPLACEMENT="1.536586873044013" />
        <Edge SPOT_SOURCE_ID="182892" SPOT_TARGET_ID="128140" LINK_COST="-1.0" VELOCITY="3.406392676260925" DISPLACEMENT="3.406392676260925" />
        <Edge SPOT_SOURCE_ID="129407" SPOT_TARGET_ID="129328" LINK_COST="-1.0" VELOCITY="4.4104432799573665" DISPLACEMENT="4.4104432799573665" />
        <Edge SPOT_SOURCE_ID="130873" SPOT_TARGET_ID="130736" LINK_COST="-1.0" VELOCITY="1.7567000871752598" DISPLACEMENT="1.7567000871752598" />
        <Edge SPOT_SOURCE_ID="129497" SPOT_TARGET_ID="129470" LINK_COST="-1.0" VELOCITY="2.2677525836099033" DISPLACEMENT="2.2677525836099033" />
        <Edge SPOT_SOURCE_ID="125062" SPOT_TARGET_ID="125061" LINK_COST="-1.0" VELOCITY="1.946479788775796" DISPLACEMENT="1.946479788775796" />
        <Edge SPOT_SOURCE_ID="130619" SPOT_TARGET_ID="130618" LINK_COST="-1.0" VELOCITY="5.740977773588927" DISPLACEMENT="5.740977773588927" />
        <Edge SPOT_SOURCE_ID="131492" SPOT_TARGET_ID="131505" LINK_COST="9.489188169813747" VELOCITY="3.080452591716637" DISPLACEMENT="3.080452591716637" />
        <Edge SPOT_SOURCE_ID="125771" SPOT_TARGET_ID="125733" LINK_COST="-1.0" VELOCITY="0.5179802942026965" DISPLACEMENT="0.5179802942026965" />
        <Edge SPOT_SOURCE_ID="182867" SPOT_TARGET_ID="182888" LINK_COST="-1.0" VELOCITY="1.2020328641427855" DISPLACEMENT="1.2020328641427855" />
        <Edge SPOT_SOURCE_ID="124870" SPOT_TARGET_ID="124854" LINK_COST="-1.0" VELOCITY="2.0477490396411224" DISPLACEMENT="2.0477490396411224" />
        <Edge SPOT_SOURCE_ID="125832" SPOT_TARGET_ID="125820" LINK_COST="-1.0" VELOCITY="2.0069273754254913" DISPLACEMENT="2.0069273754254913" />
        <Edge SPOT_SOURCE_ID="124806" SPOT_TARGET_ID="124805" LINK_COST="-1.0" VELOCITY="2.608739403734887" DISPLACEMENT="2.608739403734887" />
        <Edge SPOT_SOURCE_ID="126021" SPOT_TARGET_ID="125996" LINK_COST="-1.0" VELOCITY="3.0731737460884796" DISPLACEMENT="3.0731737460884796" />
        <Edge SPOT_SOURCE_ID="132102" SPOT_TARGET_ID="132059" LINK_COST="-1.0" VELOCITY="3.1205775943355776" DISPLACEMENT="3.1205775943355776" />
        <Edge SPOT_SOURCE_ID="130690" SPOT_TARGET_ID="130619" LINK_COST="-1.0" VELOCITY="7.459598522388256" DISPLACEMENT="7.459598522388256" />
        <Edge SPOT_SOURCE_ID="129803" SPOT_TARGET_ID="129783" LINK_COST="-1.0" VELOCITY="0.8333312346191697" DISPLACEMENT="0.8333312346191697" />
        <Edge SPOT_SOURCE_ID="130458" SPOT_TARGET_ID="130451" LINK_COST="-1.0" VELOCITY="3.2742956770531992" DISPLACEMENT="3.2742956770531992" />
        <Edge SPOT_SOURCE_ID="128099" SPOT_TARGET_ID="128068" LINK_COST="-1.0" VELOCITY="3.0731737460885484" DISPLACEMENT="3.0731737460885484" />
        <Edge SPOT_SOURCE_ID="125810" SPOT_TARGET_ID="125788" LINK_COST="-1.0" VELOCITY="1.9021207463167842" DISPLACEMENT="1.9021207463167842" />
        <Edge SPOT_SOURCE_ID="128068" SPOT_TARGET_ID="127552" LINK_COST="-1.0" VELOCITY="4.316539111654707" DISPLACEMENT="4.316539111654707" />
        <Edge SPOT_SOURCE_ID="125846" SPOT_TARGET_ID="125832" LINK_COST="-1.0" VELOCITY="4.609760619133175" DISPLACEMENT="4.609760619133175" />
        <Edge SPOT_SOURCE_ID="125942" SPOT_TARGET_ID="125941" LINK_COST="-1.0" VELOCITY="3.1841541765814187" DISPLACEMENT="3.1841541765814187" />
        <Edge SPOT_SOURCE_ID="130217" SPOT_TARGET_ID="130186" LINK_COST="-1.0" VELOCITY="3.433085780697789" DISPLACEMENT="3.433085780697789" />
        <Edge SPOT_SOURCE_ID="129946" SPOT_TARGET_ID="129945" LINK_COST="-1.0" VELOCITY="1.5030836162354566" DISPLACEMENT="1.5030836162354566" />
        <Edge SPOT_SOURCE_ID="128941" SPOT_TARGET_ID="128877" LINK_COST="-1.0" VELOCITY="1.0239405384050588" DISPLACEMENT="1.0239405384050588" />
        <Edge SPOT_SOURCE_ID="131505" SPOT_TARGET_ID="131514" LINK_COST="12.6633318677012" VELOCITY="3.558557554361205" DISPLACEMENT="3.558557554361205" />
        <Edge SPOT_SOURCE_ID="131116" SPOT_TARGET_ID="131113" LINK_COST="-1.0" VELOCITY="8.129452804516164" DISPLACEMENT="8.129452804516164" />
        <Edge SPOT_SOURCE_ID="128120" SPOT_TARGET_ID="128119" LINK_COST="-1.0" VELOCITY="5.1964629031788325" DISPLACEMENT="5.1964629031788325" />
        <Edge SPOT_SOURCE_ID="125991" SPOT_TARGET_ID="125957" LINK_COST="-1.0" VELOCITY="4.302739348942369" DISPLACEMENT="4.302739348942369" />
        <Edge SPOT_SOURCE_ID="131437" SPOT_TARGET_ID="131172" LINK_COST="-1.0" VELOCITY="3.9783054338421815" DISPLACEMENT="3.9783054338421815" />
        <Edge SPOT_SOURCE_ID="131580" SPOT_TARGET_ID="131592" LINK_COST="32.59781951355892" VELOCITY="5.709450018483297" DISPLACEMENT="5.709450018483297" />
        <Edge SPOT_SOURCE_ID="126109" SPOT_TARGET_ID="126108" LINK_COST="-1.0" VELOCITY="2.9956630875124337" DISPLACEMENT="2.9956630875124337" />
        <Edge SPOT_SOURCE_ID="131195" SPOT_TARGET_ID="131211" LINK_COST="45.70003771961296" VELOCITY="6.760180302300594" DISPLACEMENT="6.760180302300594" />
        <Edge SPOT_SOURCE_ID="131360" SPOT_TARGET_ID="131396" LINK_COST="6.233256224130293" VELOCITY="2.4966489989844973" DISPLACEMENT="2.4966489989844973" />
        <Edge SPOT_SOURCE_ID="131993" SPOT_TARGET_ID="132003" LINK_COST="24.55804183757196" VELOCITY="4.955607110896904" DISPLACEMENT="4.955607110896904" />
        <Edge SPOT_SOURCE_ID="181711" SPOT_TARGET_ID="181727" LINK_COST="35.325533342632916" VELOCITY="2.302167348902171" DISPLACEMENT="2.302167348902171" />
        <Edge SPOT_SOURCE_ID="129718" SPOT_TARGET_ID="129669" LINK_COST="-1.0" VELOCITY="2.2279174863250515" DISPLACEMENT="2.2279174863250515" />
        <Edge SPOT_SOURCE_ID="131396" SPOT_TARGET_ID="131406" LINK_COST="14.914957031471577" VELOCITY="3.861988740464112" DISPLACEMENT="3.861988740464112" />
        <Edge SPOT_SOURCE_ID="131522" SPOT_TARGET_ID="131534" LINK_COST="1.2761913294164544" VELOCITY="1.1296863854258201" DISPLACEMENT="1.1296863854258201" />
        <Edge SPOT_SOURCE_ID="132069" SPOT_TARGET_ID="132080" LINK_COST="1.4352386096515994" VELOCITY="1.198014444675689" DISPLACEMENT="1.198014444675689" />
        <Edge SPOT_SOURCE_ID="128638" SPOT_TARGET_ID="128625" LINK_COST="-1.0" VELOCITY="1.704594527512145" DISPLACEMENT="1.704594527512145" />
        <Edge SPOT_SOURCE_ID="129276" SPOT_TARGET_ID="129252" LINK_COST="-1.0" VELOCITY="0.7325347571035365" DISPLACEMENT="0.7325347571035365" />
        <Edge SPOT_SOURCE_ID="131172" SPOT_TARGET_ID="131195" LINK_COST="84.37601495354575" VELOCITY="9.185641782344103" DISPLACEMENT="9.185641782344103" />
        <Edge SPOT_SOURCE_ID="129057" SPOT_TARGET_ID="129026" LINK_COST="-1.0" VELOCITY="2.95294201067787" DISPLACEMENT="2.95294201067787" />
        <Edge SPOT_SOURCE_ID="130918" SPOT_TARGET_ID="130873" LINK_COST="-1.0" VELOCITY="6.592812813931793" DISPLACEMENT="6.592812813931793" />
        <Edge SPOT_SOURCE_ID="129944" SPOT_TARGET_ID="129918" LINK_COST="-1.0" VELOCITY="2.306660220512917" DISPLACEMENT="2.306660220512917" />
        <Edge SPOT_SOURCE_ID="130531" SPOT_TARGET_ID="130530" LINK_COST="-1.0" VELOCITY="2.6299972974824044" DISPLACEMENT="2.6299972974824044" />
        <Edge SPOT_SOURCE_ID="130610" SPOT_TARGET_ID="130561" LINK_COST="-1.0" VELOCITY="3.6597337617412626" DISPLACEMENT="3.6597337617412626" />
        <Edge SPOT_SOURCE_ID="129328" SPOT_TARGET_ID="129296" LINK_COST="-1.0" VELOCITY="3.4116434993628157" DISPLACEMENT="3.4116434993628157" />
        <Edge SPOT_SOURCE_ID="128209" SPOT_TARGET_ID="128193" LINK_COST="-1.0" VELOCITY="1.6379975127647157" DISPLACEMENT="1.6379975127647157" />
        <Edge SPOT_SOURCE_ID="128530" SPOT_TARGET_ID="128466" LINK_COST="-1.0" VELOCITY="1.3450024783564136" DISPLACEMENT="1.3450024783564136" />
        <Edge SPOT_SOURCE_ID="130017" SPOT_TARGET_ID="130016" LINK_COST="-1.0" VELOCITY="4.562988306752182" DISPLACEMENT="4.562988306752182" />
        <Edge SPOT_SOURCE_ID="129114" SPOT_TARGET_ID="129067" LINK_COST="-1.0" VELOCITY="2.6900049567128135" DISPLACEMENT="2.6900049567128135" />
        <Edge SPOT_SOURCE_ID="129579" SPOT_TARGET_ID="129497" LINK_COST="-1.0" VELOCITY="2.3862975007431824" DISPLACEMENT="2.3862975007431824" />
        <Edge SPOT_SOURCE_ID="128552" SPOT_TARGET_ID="128535" LINK_COST="-1.0" VELOCITY="6.237308702593211" DISPLACEMENT="6.237308702593211" />
        <Edge SPOT_SOURCE_ID="131672" SPOT_TARGET_ID="131683" LINK_COST="11.489215950712746" VELOCITY="3.3895745973075657" DISPLACEMENT="3.3895745973075657" />
        <Edge SPOT_SOURCE_ID="125818" SPOT_TARGET_ID="125814" LINK_COST="-1.0" VELOCITY="1.5811348480543994" DISPLACEMENT="1.5811348480543994" />
        <Edge SPOT_SOURCE_ID="130559" SPOT_TARGET_ID="130531" LINK_COST="-1.0" VELOCITY="3.9281008110027065" DISPLACEMENT="3.9281008110027065" />
        <Edge SPOT_SOURCE_ID="129669" SPOT_TARGET_ID="129579" LINK_COST="-1.0" VELOCITY="3.267663701182352" DISPLACEMENT="3.267663701182352" />
        <Edge SPOT_SOURCE_ID="129026" SPOT_TARGET_ID="128996" LINK_COST="-1.0" VELOCITY="3.2377383339792107" DISPLACEMENT="3.2377383339792107" />
        <Edge SPOT_SOURCE_ID="131734" SPOT_TARGET_ID="131746" LINK_COST="22.114766993996096" VELOCITY="4.70263404848773" DISPLACEMENT="4.70263404848773" />
        <Edge SPOT_SOURCE_ID="129918" SPOT_TARGET_ID="129900" LINK_COST="-1.0" VELOCITY="1.9842641497400149" DISPLACEMENT="1.9842641497400149" />
        <Edge SPOT_SOURCE_ID="128574" SPOT_TARGET_ID="128552" LINK_COST="-1.0" VELOCITY="2.3452555289857955" DISPLACEMENT="2.3452555289857955" />
        <Edge SPOT_SOURCE_ID="130495" SPOT_TARGET_ID="130486" LINK_COST="-1.0" VELOCITY="0.461332044102583" DISPLACEMENT="0.461332044102583" />
        <Edge SPOT_SOURCE_ID="129252" SPOT_TARGET_ID="129247" LINK_COST="-1.0" VELOCITY="3.519371412030544" DISPLACEMENT="3.519371412030544" />
        <Edge SPOT_SOURCE_ID="124961" SPOT_TARGET_ID="124957" LINK_COST="-1.0" VELOCITY="1.9342775977431297" DISPLACEMENT="1.9342775977431297" />
        <Edge SPOT_SOURCE_ID="128812" SPOT_TARGET_ID="128803" LINK_COST="-1.0" VELOCITY="3.638967258684007" DISPLACEMENT="3.638967258684007" />
        <Edge SPOT_SOURCE_ID="131781" SPOT_TARGET_ID="131570" LINK_COST="-1.0" VELOCITY="6.590637903169508" DISPLACEMENT="6.590637903169508" />
        <Edge SPOT_SOURCE_ID="125302" SPOT_TARGET_ID="125273" LINK_COST="-1.0" VELOCITY="2.3575496252966834" DISPLACEMENT="2.3575496252966834" />
        <Edge SPOT_SOURCE_ID="129067" SPOT_TARGET_ID="129057" LINK_COST="-1.0" VELOCITY="4.176090640402058" DISPLACEMENT="4.176090640402058" />
        <Edge SPOT_SOURCE_ID="132003" SPOT_TARGET_ID="132016" LINK_COST="18.37434674471736" VELOCITY="4.286530851949786" DISPLACEMENT="4.286530851949786" />
        <Edge SPOT_SOURCE_ID="182154" SPOT_TARGET_ID="182181" LINK_COST="-1.0" VELOCITY="0.5218190216229366" DISPLACEMENT="0.5218190216229366" />
        <Edge SPOT_SOURCE_ID="132016" SPOT_TARGET_ID="132028" LINK_COST="25.796297141415145" VELOCITY="5.079005526814786" DISPLACEMENT="5.079005526814786" />
        <Edge SPOT_SOURCE_ID="131929" SPOT_TARGET_ID="131939" LINK_COST="1.0824151398088113" VELOCITY="1.040391820329635" DISPLACEMENT="1.040391820329635" />
        <Edge SPOT_SOURCE_ID="126108" SPOT_TARGET_ID="126083" LINK_COST="-1.0" VELOCITY="5.7420650616888675" DISPLACEMENT="5.7420650616888675" />
        <Edge SPOT_SOURCE_ID="128140" SPOT_TARGET_ID="128120" LINK_COST="-1.0" VELOCITY="3.0046184958648112" DISPLACEMENT="3.0046184958648112" />
        <Edge SPOT_SOURCE_ID="181741" SPOT_TARGET_ID="181754" LINK_COST="2.4635314234002474" VELOCITY="1.5413794597648678" DISPLACEMENT="1.5413794597648678" />
        <Edge SPOT_SOURCE_ID="124751" SPOT_TARGET_ID="123925" LINK_COST="-1.0" VELOCITY="8.316781700132267" DISPLACEMENT="8.316781700132267" />
        <Edge SPOT_SOURCE_ID="181754" SPOT_TARGET_ID="182112" LINK_COST="-1.0" VELOCITY="2.105201945280802" DISPLACEMENT="2.105201945280802" />
        <Edge SPOT_SOURCE_ID="131592" SPOT_TARGET_ID="131605" LINK_COST="12.760409867138714" VELOCITY="3.572171589823019" DISPLACEMENT="3.572171589823019" />
        <Edge SPOT_SOURCE_ID="126175" SPOT_TARGET_ID="126155" LINK_COST="-1.0" VELOCITY="0.372677057676583" DISPLACEMENT="0.372677057676583" />
        <Edge SPOT_SOURCE_ID="128210" SPOT_TARGET_ID="128209" LINK_COST="-1.0" VELOCITY="4.63295659537083" DISPLACEMENT="4.63295659537083" />
        <Edge SPOT_SOURCE_ID="131973" SPOT_TARGET_ID="131993" LINK_COST="7.696034736827561" VELOCITY="2.7741728022651295" DISPLACEMENT="2.7741728022651295" />
        <Edge SPOT_SOURCE_ID="131113" SPOT_TARGET_ID="131076" LINK_COST="-1.0" VELOCITY="2.306660220512972" DISPLACEMENT="2.306660220512972" />
        <Edge SPOT_SOURCE_ID="128466" SPOT_TARGET_ID="128463" LINK_COST="-1.0" VELOCITY="6.355389314094672" DISPLACEMENT="6.355389314094672" />
        <Edge SPOT_SOURCE_ID="132063" SPOT_TARGET_ID="132069" LINK_COST="6.1552524872680685" VELOCITY="2.4809781311547403" DISPLACEMENT="2.4809781311547403" />
        <Edge SPOT_SOURCE_ID="124854" SPOT_TARGET_ID="124839" LINK_COST="-1.0" VELOCITY="1.8387545287550937" DISPLACEMENT="1.8387545287550937" />
        <Edge SPOT_SOURCE_ID="126233" SPOT_TARGET_ID="126175" LINK_COST="-1.0" VELOCITY="1.3048440670543187" DISPLACEMENT="1.3048440670543187" />
        <Edge SPOT_SOURCE_ID="127552" SPOT_TARGET_ID="127458" LINK_COST="-1.0" VELOCITY="4.060094060379498" DISPLACEMENT="4.060094060379498" />
        <Edge SPOT_SOURCE_ID="128119" SPOT_TARGET_ID="128117" LINK_COST="-1.0" VELOCITY="2.6900049567127446" DISPLACEMENT="2.6900049567127446" />
        <Edge SPOT_SOURCE_ID="128305" SPOT_TARGET_ID="128247" LINK_COST="-1.0" VELOCITY="2.608739403735001" DISPLACEMENT="2.608739403735001" />
        <Edge SPOT_SOURCE_ID="128357" SPOT_TARGET_ID="128319" LINK_COST="-1.0" VELOCITY="1.9842641497399962" DISPLACEMENT="1.9842641497399962" />
        <Edge SPOT_SOURCE_ID="131161" SPOT_TARGET_ID="131116" LINK_COST="-1.0" VELOCITY="4.862411863711165" DISPLACEMENT="4.862411863711165" />
        <Edge SPOT_SOURCE_ID="129900" SPOT_TARGET_ID="129884" LINK_COST="-1.0" VELOCITY="4.578589805738457" DISPLACEMENT="4.578589805738457" />
        <Edge SPOT_SOURCE_ID="131010" SPOT_TARGET_ID="130996" LINK_COST="-1.0" VELOCITY="5.6970304874267175" DISPLACEMENT="5.6970304874267175" />
        <Edge SPOT_SOURCE_ID="130114" SPOT_TARGET_ID="130098" LINK_COST="-1.0" VELOCITY="1.9572661005815064" DISPLACEMENT="1.9572661005815064" />
        <Edge SPOT_SOURCE_ID="128382" SPOT_TARGET_ID="128357" LINK_COST="-1.0" VELOCITY="2.173061995623707" DISPLACEMENT="2.173061995623707" />
        <Edge SPOT_SOURCE_ID="131011" SPOT_TARGET_ID="131010" LINK_COST="-1.0" VELOCITY="3.928100811003067" DISPLACEMENT="3.928100811003067" />
        <Edge SPOT_SOURCE_ID="131249" SPOT_TARGET_ID="131264" LINK_COST="43.52959244343134" VELOCITY="2.608739403734944" DISPLACEMENT="2.608739403734944" />
        <Edge SPOT_SOURCE_ID="128223" SPOT_TARGET_ID="128211" LINK_COST="-1.0" VELOCITY="1.158239148842593" DISPLACEMENT="1.158239148842593" />
        <Edge SPOT_SOURCE_ID="126155" SPOT_TARGET_ID="126123" LINK_COST="-1.0" VELOCITY="1.343706240641466" DISPLACEMENT="1.343706240641466" />
        <Edge SPOT_SOURCE_ID="130229" SPOT_TARGET_ID="130217" LINK_COST="-1.0" VELOCITY="4.502984313590584" DISPLACEMENT="4.502984313590584" />
        <Edge SPOT_SOURCE_ID="131425" SPOT_TARGET_ID="131437" LINK_COST="18.909115187060475" VELOCITY="4.348461243596461" DISPLACEMENT="4.348461243596461" />
        <Edge SPOT_SOURCE_ID="125188" SPOT_TARGET_ID="125176" LINK_COST="-1.0" VELOCITY="2.1081797974055325" DISPLACEMENT="2.1081797974055325" />
        <Edge SPOT_SOURCE_ID="130424" SPOT_TARGET_ID="130229" LINK_COST="-1.0" VELOCITY="0.8131071608205218" DISPLACEMENT="0.8131071608205218" />
        <Edge SPOT_SOURCE_ID="182314" SPOT_TARGET_ID="182867" LINK_COST="-1.0" VELOCITY="1.083497781615055" DISPLACEMENT="1.083497781615055" />
        <Edge SPOT_SOURCE_ID="124839" SPOT_TARGET_ID="181696" LINK_COST="23.84981484268023" VELOCITY="1.0687543609864236" DISPLACEMENT="1.0687543609864236" />
        <Edge SPOT_SOURCE_ID="130618" SPOT_TARGET_ID="130610" LINK_COST="-1.0" VELOCITY="3.206997970567633" DISPLACEMENT="3.206997970567633" />
        <Edge SPOT_SOURCE_ID="130530" SPOT_TARGET_ID="130496" LINK_COST="-1.0" VELOCITY="1.7567000871748357" DISPLACEMENT="1.7567000871748357" />
        <Edge SPOT_SOURCE_ID="131415" SPOT_TARGET_ID="131425" LINK_COST="6.878773410084367" VELOCITY="2.6227415827878215" DISPLACEMENT="2.6227415827878215" />
        <Edge SPOT_SOURCE_ID="126610" SPOT_TARGET_ID="126352" LINK_COST="-1.0" VELOCITY="2.609688134108694" DISPLACEMENT="2.609688134108694" />
        <Edge SPOT_SOURCE_ID="131939" SPOT_TARGET_ID="131950" LINK_COST="7.469479099006453" VELOCITY="2.73303477822849" DISPLACEMENT="2.73303477822849" />
        <Edge SPOT_SOURCE_ID="132091" SPOT_TARGET_ID="132102" LINK_COST="3.6862681513185516" VELOCITY="1.9199656640988536" DISPLACEMENT="1.9199656640988536" />
        <Edge SPOT_SOURCE_ID="130073" SPOT_TARGET_ID="130059" LINK_COST="-1.0" VELOCITY="2.2279174863252758" DISPLACEMENT="2.2279174863252758" />
        <Edge SPOT_SOURCE_ID="125148" SPOT_TARGET_ID="125134" LINK_COST="-1.0" VELOCITY="0.9786330502908527" DISPLACEMENT="0.9786330502908527" />
        <Edge SPOT_SOURCE_ID="131950" SPOT_TARGET_ID="131964" LINK_COST="19.724056870098366" VELOCITY="4.441177419344826" DISPLACEMENT="4.441177419344826" />
        <Edge SPOT_SOURCE_ID="130089" SPOT_TARGET_ID="130073" LINK_COST="-1.0" VELOCITY="3.8042414926340626" DISPLACEMENT="3.8042414926340626" />
        <Edge SPOT_SOURCE_ID="130920" SPOT_TARGET_ID="130918" LINK_COST="-1.0" VELOCITY="5.452802709240634" DISPLACEMENT="5.452802709240634" />
        <Edge SPOT_SOURCE_ID="128803" SPOT_TARGET_ID="128802" LINK_COST="-1.0" VELOCITY="3.4141237760234096" DISPLACEMENT="3.4141237760234096" />
        <Edge SPOT_SOURCE_ID="128761" SPOT_TARGET_ID="128716" LINK_COST="-1.0" VELOCITY="4.500148720836031" DISPLACEMENT="4.500148720836031" />
        <Edge SPOT_SOURCE_ID="128444" SPOT_TARGET_ID="128382" LINK_COST="-1.0" VELOCITY="2.952942010677884" DISPLACEMENT="2.952942010677884" />
        <Edge SPOT_SOURCE_ID="129230" SPOT_TARGET_ID="129116" LINK_COST="-1.0" VELOCITY="4.690511057971742" DISPLACEMENT="4.690511057971742" />
        <Edge SPOT_SOURCE_ID="131605" SPOT_TARGET_ID="131617" LINK_COST="27.147507683245617" VELOCITY="5.210327022677714" DISPLACEMENT="5.210327022677714" />
        <Edge SPOT_SOURCE_ID="132080" SPOT_TARGET_ID="132091" LINK_COST="0.2459132689815387" VELOCITY="0.4958964296922682" DISPLACEMENT="0.4958964296922682" />
        <Edge SPOT_SOURCE_ID="131230" SPOT_TARGET_ID="131249" LINK_COST="16.201726746993398" VELOCITY="2.507646683016003" DISPLACEMENT="2.507646683016003" />
        <Edge SPOT_SOURCE_ID="131717" SPOT_TARGET_ID="131734" LINK_COST="40.00386840097755" VELOCITY="6.324861136892853" DISPLACEMENT="6.324861136892853" />
        <Edge SPOT_SOURCE_ID="129116" SPOT_TARGET_ID="129114" LINK_COST="-1.0" VELOCITY="3.7893890312988776" DISPLACEMENT="3.7893890312988776" />
        <Edge SPOT_SOURCE_ID="125705" SPOT_TARGET_ID="125655" LINK_COST="-1.0" VELOCITY="1.8633852883820161" DISPLACEMENT="1.8633852883820161" />
        <Edge SPOT_SOURCE_ID="181696" SPOT_TARGET_ID="181711" LINK_COST="2.2534904332389454" VELOCITY="3.7354506397795166" DISPLACEMENT="3.7354506397795166" />
        <Edge SPOT_SOURCE_ID="125061" SPOT_TARGET_ID="125028" LINK_COST="-1.0" VELOCITY="1.6666624692383394" DISPLACEMENT="1.6666624692383394" />
        <Edge SPOT_SOURCE_ID="129755" SPOT_TARGET_ID="129733" LINK_COST="-1.0" VELOCITY="1.896458874086525" DISPLACEMENT="1.896458874086525" />
        <Edge SPOT_SOURCE_ID="126112" SPOT_TARGET_ID="126110" LINK_COST="-1.0" VELOCITY="2.0631396216245705" DISPLACEMENT="2.0631396216245705" />
        <Edge SPOT_SOURCE_ID="128311" SPOT_TARGET_ID="128305" LINK_COST="-1.0" VELOCITY="3.8005751787208752" DISPLACEMENT="3.8005751787208752" />
        <Edge SPOT_SOURCE_ID="131635" SPOT_TARGET_ID="131672" LINK_COST="21.23412474448824" VELOCITY="4.608049993705389" DISPLACEMENT="4.608049993705389" />
        <Edge SPOT_SOURCE_ID="125941" SPOT_TARGET_ID="125919" LINK_COST="-1.0" VELOCITY="2.499993703857128" DISPLACEMENT="2.499993703857128" />
        <Edge SPOT_SOURCE_ID="125240" SPOT_TARGET_ID="125188" LINK_COST="-1.0" VELOCITY="0.8333312346194494" DISPLACEMENT="0.8333312346194494" />
        <Edge SPOT_SOURCE_ID="128874" SPOT_TARGET_ID="128819" LINK_COST="-1.0" VELOCITY="0.0" DISPLACEMENT="0.0" />
        <Edge SPOT_SOURCE_ID="129247" SPOT_TARGET_ID="129230" LINK_COST="-1.0" VELOCITY="1.4588600169853752" DISPLACEMENT="1.4588600169853752" />
        <Edge SPOT_SOURCE_ID="129945" SPOT_TARGET_ID="129944" LINK_COST="-1.0" VELOCITY="0.6524220335272162" DISPLACEMENT="0.6524220335272162" />
        <Edge SPOT_SOURCE_ID="124957" SPOT_TARGET_ID="124806" LINK_COST="-1.0" VELOCITY="3.823943696295406" DISPLACEMENT="3.823943696295406" />
        <Edge SPOT_SOURCE_ID="130135" SPOT_TARGET_ID="130134" LINK_COST="-1.0" VELOCITY="2.7855276538683715" DISPLACEMENT="2.7855276538683715" />
        <Edge SPOT_SOURCE_ID="126110" SPOT_TARGET_ID="126109" LINK_COST="-1.0" VELOCITY="2.544432307280601" DISPLACEMENT="2.544432307280601" />
        <Edge SPOT_SOURCE_ID="128247" SPOT_TARGET_ID="128223" LINK_COST="-1.0" VELOCITY="0.3726770576763556" DISPLACEMENT="0.3726770576763556" />
        <Edge SPOT_SOURCE_ID="125176" SPOT_TARGET_ID="125150" LINK_COST="-1.0" VELOCITY="0.5270449493511219" DISPLACEMENT="0.5270449493511219" />
        <Edge SPOT_SOURCE_ID="130459" SPOT_TARGET_ID="130458" LINK_COST="-1.0" VELOCITY="2.3570166678952114" DISPLACEMENT="2.3570166678952114" />
        <Edge SPOT_SOURCE_ID="128117" SPOT_TARGET_ID="128099" LINK_COST="-1.0" VELOCITY="0.9226640882052032" DISPLACEMENT="0.9226640882052032" />
        <Edge SPOT_SOURCE_ID="128193" SPOT_TARGET_ID="182892" LINK_COST="-1.0" VELOCITY="3.8369816072251948" DISPLACEMENT="3.8369816072251948" />
        <Edge SPOT_SOURCE_ID="130968" SPOT_TARGET_ID="130967" LINK_COST="-1.0" VELOCITY="3.275995025529528" DISPLACEMENT="3.275995025529528" />
        <Edge SPOT_SOURCE_ID="129296" SPOT_TARGET_ID="129295" LINK_COST="-1.0" VELOCITY="3.1172416443961835" DISPLACEMENT="3.1172416443961835" />
        <Edge SPOT_SOURCE_ID="182133" SPOT_TARGET_ID="182154" LINK_COST="-1.0" VELOCITY="6.873969338329033" DISPLACEMENT="6.873969338329033" />
        <Edge SPOT_SOURCE_ID="130150" SPOT_TARGET_ID="130149" LINK_COST="-1.0" VELOCITY="2.8068956300481" DISPLACEMENT="2.8068956300481" />
        <Edge SPOT_SOURCE_ID="131264" SPOT_TARGET_ID="131161" LINK_COST="-1.0" VELOCITY="4.346123991247453" DISPLACEMENT="4.346123991247453" />
        <Edge SPOT_SOURCE_ID="125788" SPOT_TARGET_ID="125785" LINK_COST="-1.0" VELOCITY="0.36626737855182845" DISPLACEMENT="0.36626737855182845" />
        <Edge SPOT_SOURCE_ID="126352" SPOT_TARGET_ID="126233" LINK_COST="-1.0" VELOCITY="2.6096881341086373" DISPLACEMENT="2.6096881341086373" />
        <Edge SPOT_SOURCE_ID="130560" SPOT_TARGET_ID="130559" LINK_COST="-1.0" VELOCITY="2.188290025478051" DISPLACEMENT="2.188290025478051" />
        <Edge SPOT_SOURCE_ID="127434" SPOT_TARGET_ID="127429" LINK_COST="-1.0" VELOCITY="1.6255983485970626" DISPLACEMENT="1.6255983485970626" />
        <Edge SPOT_SOURCE_ID="130098" SPOT_TARGET_ID="130089" LINK_COST="-1.0" VELOCITY="4.352197799676819" DISPLACEMENT="4.352197799676819" />
        <Edge SPOT_SOURCE_ID="130996" SPOT_TARGET_ID="130981" LINK_COST="-1.0" VELOCITY="9.232405731650049" DISPLACEMENT="9.232405731650049" />
        <Edge SPOT_SOURCE_ID="130736" SPOT_TARGET_ID="130735" LINK_COST="-1.0" VELOCITY="1.3089419074685946" DISPLACEMENT="1.3089419074685946" />
        <Edge SPOT_SOURCE_ID="128463" SPOT_TARGET_ID="128444" LINK_COST="-1.0" VELOCITY="1.1761705475623532" DISPLACEMENT="1.1761705475623532" />
        <Edge SPOT_SOURCE_ID="130176" SPOT_TARGET_ID="130150" LINK_COST="-1.0" VELOCITY="2.0887696679565346" DISPLACEMENT="2.0887696679565346" />
        <Edge SPOT_SOURCE_ID="131770" SPOT_TARGET_ID="131781" LINK_COST="15.310495372106605" VELOCITY="3.9128628102843837" DISPLACEMENT="3.9128628102843837" />
        <Edge SPOT_SOURCE_ID="125528" SPOT_TARGET_ID="125330" LINK_COST="-1.0" VELOCITY="6.228104664871304" DISPLACEMENT="6.228104664871304" />
        <Edge SPOT_SOURCE_ID="131406" SPOT_TARGET_ID="131415" LINK_COST="5.924451503590376" VELOCITY="2.434019618571382" DISPLACEMENT="2.434019618571382" />
        <Edge SPOT_SOURCE_ID="131746" SPOT_TARGET_ID="131760" LINK_COST="10.487318130538648" VELOCITY="3.2384129030342392" DISPLACEMENT="3.2384129030342392" />
        <Edge SPOT_SOURCE_ID="128587" SPOT_TARGET_ID="128574" LINK_COST="-1.0" VELOCITY="1.5101590889871979" DISPLACEMENT="1.5101590889871979" />
        <Edge SPOT_SOURCE_ID="131514" SPOT_TARGET_ID="131522" LINK_COST="16.25388277394453" VELOCITY="4.031610444220092" DISPLACEMENT="4.031610444220092" />
        <Edge SPOT_SOURCE_ID="128716" SPOT_TARGET_ID="128712" LINK_COST="-1.0" VELOCITY="5.552456362935223" DISPLACEMENT="5.552456362935223" />
        <Edge SPOT_SOURCE_ID="128995" SPOT_TARGET_ID="128974" LINK_COST="-1.0" VELOCITY="2.992758450061877" DISPLACEMENT="2.992758450061877" />
        <Edge SPOT_SOURCE_ID="128535" SPOT_TARGET_ID="128530" LINK_COST="-1.0" VELOCITY="6.215763530433054" DISPLACEMENT="6.215763530433054" />
        <Edge SPOT_SOURCE_ID="126037" SPOT_TARGET_ID="126021" LINK_COST="-1.0" VELOCITY="1.9002875893605269" DISPLACEMENT="1.9002875893605269" />
        <Edge SPOT_SOURCE_ID="125330" SPOT_TARGET_ID="125302" LINK_COST="-1.0" VELOCITY="1.8633852883822328" DISPLACEMENT="1.8633852883822328" />
        <Edge SPOT_SOURCE_ID="131760" SPOT_TARGET_ID="131770" LINK_COST="3.9110945046217473" VELOCITY="1.9776487313529032" DISPLACEMENT="1.9776487313529032" />
        <Edge SPOT_SOURCE_ID="131693" SPOT_TARGET_ID="131703" LINK_COST="7.373991950068005" VELOCITY="2.715509519421356" DISPLACEMENT="2.715509519421356" />
        <Edge SPOT_SOURCE_ID="130134" SPOT_TARGET_ID="130114" LINK_COST="-1.0" VELOCITY="1.6310550838179552" DISPLACEMENT="1.6310550838179552" />
        <Edge SPOT_SOURCE_ID="130059" SPOT_TARGET_ID="130017" LINK_COST="-1.0" VELOCITY="2.3366618432854884" DISPLACEMENT="2.3366618432854884" />
        <Edge SPOT_SOURCE_ID="125254" SPOT_TARGET_ID="125240" LINK_COST="-1.0" VELOCITY="2.718449693069881" DISPLACEMENT="2.718449693069881" />
        <Edge SPOT_SOURCE_ID="131018" SPOT_TARGET_ID="131016" LINK_COST="-1.0" VELOCITY="2.6299972974824546" DISPLACEMENT="2.6299972974824546" />
        <Edge SPOT_SOURCE_ID="131964" SPOT_TARGET_ID="131973" LINK_COST="14.724630913003686" VELOCITY="3.8372686787614554" DISPLACEMENT="3.8372686787614554" />
        <Edge SPOT_SOURCE_ID="125122" SPOT_TARGET_ID="125121" LINK_COST="-1.0" VELOCITY="0.7453541153524839" DISPLACEMENT="0.7453541153524839" />
        <Edge SPOT_SOURCE_ID="125785" SPOT_TARGET_ID="125771" LINK_COST="-1.0" VELOCITY="0.8189987563823052" DISPLACEMENT="0.8189987563823052" />
        <Edge SPOT_SOURCE_ID="129295" SPOT_TARGET_ID="129294" LINK_COST="-1.0" VELOCITY="2.952942010677902" DISPLACEMENT="2.952942010677902" />
        <Edge SPOT_SOURCE_ID="129862" SPOT_TARGET_ID="129811" LINK_COST="-1.0" VELOCITY="2.6664667647156555" DISPLACEMENT="2.6664667647156555" />
        <Edge SPOT_SOURCE_ID="131016" SPOT_TARGET_ID="131011" LINK_COST="-1.0" VELOCITY="3.7193778471044485" DISPLACEMENT="3.7193778471044485" />
        <Edge SPOT_SOURCE_ID="125872" SPOT_TARGET_ID="125846" LINK_COST="-1.0" VELOCITY="2.6352247467562524" DISPLACEMENT="2.6352247467562524" />
        <Edge SPOT_SOURCE_ID="130969" SPOT_TARGET_ID="130968" LINK_COST="-1.0" VELOCITY="2.641191627796375" DISPLACEMENT="2.641191627796375" />
        <Edge SPOT_SOURCE_ID="129294" SPOT_TARGET_ID="129276" LINK_COST="-1.0" VELOCITY="3.6258620594193185" DISPLACEMENT="3.6258620594193185" />
        <Edge SPOT_SOURCE_ID="129811" SPOT_TARGET_ID="129803" LINK_COST="-1.0" VELOCITY="4.6958963898870305" DISPLACEMENT="4.6958963898870305" />
        <Edge SPOT_SOURCE_ID="130496" SPOT_TARGET_ID="130495" LINK_COST="-1.0" VELOCITY="2.7714349548652253" DISPLACEMENT="2.7714349548652253" />
        <Edge SPOT_SOURCE_ID="130981" SPOT_TARGET_ID="130970" LINK_COST="-1.0" VELOCITY="4.6747976974222665" DISPLACEMENT="4.6747976974222665" />
        <Edge SPOT_SOURCE_ID="125121" SPOT_TARGET_ID="125102" LINK_COST="-1.0" VELOCITY="0.3726770576763556" DISPLACEMENT="0.3726770576763556" />
        <Edge SPOT_SOURCE_ID="130182" SPOT_TARGET_ID="130181" LINK_COST="-1.0" VELOCITY="3.515828330469577" DISPLACEMENT="3.515828330469577" />
        <Edge SPOT_SOURCE_ID="131021" SPOT_TARGET_ID="131020" LINK_COST="-1.0" VELOCITY="5.173858433985624" DISPLACEMENT="5.173858433985624" />
        <Edge SPOT_SOURCE_ID="129719" SPOT_TARGET_ID="129718" LINK_COST="-1.0" VELOCITY="2.3164782976854017" DISPLACEMENT="2.3164782976854017" />
        <Edge SPOT_SOURCE_ID="127458" SPOT_TARGET_ID="127436" LINK_COST="-1.0" VELOCITY="2.369963499369296" DISPLACEMENT="2.369963499369296" />
        <Edge SPOT_SOURCE_ID="125028" SPOT_TARGET_ID="125011" LINK_COST="-1.0" VELOCITY="1.178508333947222" DISPLACEMENT="1.178508333947222" />
        <Edge SPOT_SOURCE_ID="132028" SPOT_TARGET_ID="132041" LINK_COST="25.105098793006796" VELOCITY="5.010498856701476" DISPLACEMENT="5.010498856701476" />
        <Edge SPOT_SOURCE_ID="125733" SPOT_TARGET_ID="125705" LINK_COST="-1.0" VELOCITY="4.309778405045577" DISPLACEMENT="4.309778405045577" />
        <Edge SPOT_SOURCE_ID="125273" SPOT_TARGET_ID="125254" LINK_COST="-1.0" VELOCITY="0.9226640882052469" DISPLACEMENT="0.9226640882052469" />
        <Edge SPOT_SOURCE_ID="130970" SPOT_TARGET_ID="130969" LINK_COST="-1.0" VELOCITY="4.097676502887823" DISPLACEMENT="4.097676502887823" />
        <Edge SPOT_SOURCE_ID="126057" SPOT_TARGET_ID="126037" LINK_COST="-1.0" VELOCITY="2.635224746756558" DISPLACEMENT="2.635224746756558" />
        <Edge SPOT_SOURCE_ID="130967" SPOT_TARGET_ID="130920" LINK_COST="-1.0" VELOCITY="3.9617874416944034" DISPLACEMENT="3.9617874416944034" />
        <Edge SPOT_SOURCE_ID="125614" SPOT_TARGET_ID="125602" LINK_COST="-1.0" VELOCITY="3.0731737460885897" DISPLACEMENT="3.0731737460885897" />
        <Edge SPOT_SOURCE_ID="125134" SPOT_TARGET_ID="125122" LINK_COST="-1.0" VELOCITY="1.581134848054049" DISPLACEMENT="1.581134848054049" />
        <Edge SPOT_SOURCE_ID="125919" SPOT_TARGET_ID="125901" LINK_COST="-1.0" VELOCITY="1.3437062406414344" DISPLACEMENT="1.3437062406414344" />
        <Edge SPOT_SOURCE_ID="129882" SPOT_TARGET_ID="129862" LINK_COST="-1.0" VELOCITY="3.928100811002724" DISPLACEMENT="3.928100811002724" />
        <Edge SPOT_SOURCE_ID="130451" SPOT_TARGET_ID="130439" LINK_COST="-1.0" VELOCITY="2.8168894788690126" DISPLACEMENT="2.8168894788690126" />
        <Edge SPOT_SOURCE_ID="129426" SPOT_TARGET_ID="129407" LINK_COST="-1.0" VELOCITY="4.7895180355373235" DISPLACEMENT="4.7895180355373235" />
        <Edge SPOT_SOURCE_ID="128618" SPOT_TARGET_ID="128607" LINK_COST="-1.0" VELOCITY="0.9226640882051429" DISPLACEMENT="0.9226640882051429" />
        <Edge SPOT_SOURCE_ID="129947" SPOT_TARGET_ID="129946" LINK_COST="-1.0" VELOCITY="3.461648556216988" DISPLACEMENT="3.461648556216988" />
        <Edge SPOT_SOURCE_ID="132059" SPOT_TARGET_ID="132057" LINK_COST="-1.0" VELOCITY="0.9226640882051429" DISPLACEMENT="0.9226640882051429" />
        <Edge SPOT_SOURCE_ID="128974" SPOT_TARGET_ID="128941" LINK_COST="-1.0" VELOCITY="0.9774605846938261" DISPLACEMENT="0.9774605846938261" />
        <Edge SPOT_SOURCE_ID="131534" SPOT_TARGET_ID="131360" LINK_COST="-1.0" VELOCITY="4.114412162405433" DISPLACEMENT="4.114412162405433" />
        <Edge SPOT_SOURCE_ID="131570" SPOT_TARGET_ID="131580" LINK_COST="27.24044225623873" VELOCITY="5.219237708347717" DISPLACEMENT="5.219237708347717" />
        <Edge SPOT_SOURCE_ID="130149" SPOT_TARGET_ID="130135" LINK_COST="-1.0" VELOCITY="5.917230590935126" DISPLACEMENT="5.917230590935126" />
        <Edge SPOT_SOURCE_ID="132041" SPOT_TARGET_ID="131635" LINK_COST="-1.0" VELOCITY="7.350604358852595" DISPLACEMENT="7.350604358852595" />
        <Edge SPOT_SOURCE_ID="129949" SPOT_TARGET_ID="129948" LINK_COST="-1.0" VELOCITY="1.8313368927587361" DISPLACEMENT="1.8313368927587361" />
        <Edge SPOT_SOURCE_ID="128669" SPOT_TARGET_ID="128638" LINK_COST="-1.0" VELOCITY="1.8633852883819486" DISPLACEMENT="1.8633852883819486" />
        <Edge SPOT_SOURCE_ID="129470" SPOT_TARGET_ID="129426" LINK_COST="-1.0" VELOCITY="1.4907082307057067" DISPLACEMENT="1.4907082307057067" />
        <Edge SPOT_SOURCE_ID="128996" SPOT_TARGET_ID="128995" LINK_COST="-1.0" VELOCITY="3.277896956697872" DISPLACEMENT="3.277896956697872" />
        <Edge SPOT_SOURCE_ID="129720" SPOT_TARGET_ID="129719" LINK_COST="-1.0" VELOCITY="3.576226494417265" DISPLACEMENT="3.576226494417265" />
        <Edge SPOT_SOURCE_ID="131617" SPOT_TARGET_ID="131492" LINK_COST="-1.0" VELOCITY="2.528784852561906" DISPLACEMENT="2.528784852561906" />
        <Edge SPOT_SOURCE_ID="182112" SPOT_TARGET_ID="182114" LINK_COST="-1.0" VELOCITY="2.312069189647254" DISPLACEMENT="2.312069189647254" />
        <Edge SPOT_SOURCE_ID="125957" SPOT_TARGET_ID="125956" LINK_COST="-1.0" VELOCITY="1.9021207463169776" DISPLACEMENT="1.9021207463169776" />
        <Edge SPOT_SOURCE_ID="181727" SPOT_TARGET_ID="181741" LINK_COST="10.068490917030566" VELOCITY="4.810933668513742" DISPLACEMENT="4.810933668513742" />
        <Edge SPOT_SOURCE_ID="130016" SPOT_TARGET_ID="129949" LINK_COST="-1.0" VELOCITY="4.410443279957348" DISPLACEMENT="4.410443279957348" />
        <Edge SPOT_SOURCE_ID="182181" SPOT_TARGET_ID="182188" LINK_COST="-1.0" VELOCITY="3.5144290913070018" DISPLACEMENT="3.5144290913070018" />
        <Edge SPOT_SOURCE_ID="128211" SPOT_TARGET_ID="128210" LINK_COST="-1.0" VELOCITY="2.5899014710138" DISPLACEMENT="2.5899014710138" />
        <Edge SPOT_SOURCE_ID="125150" SPOT_TARGET_ID="125148" LINK_COST="-1.0" VELOCITY="1.536586873044033" DISPLACEMENT="1.536586873044033" />
        <Edge SPOT_SOURCE_ID="125814" SPOT_TARGET_ID="125810" LINK_COST="-1.0" VELOCITY="2.306660220513269" DISPLACEMENT="2.306660220513269" />
        <Edge SPOT_SOURCE_ID="127436" SPOT_TARGET_ID="127434" LINK_COST="-1.0" VELOCITY="4.0822886081037675" DISPLACEMENT="4.0822886081037675" />
        <Edge SPOT_SOURCE_ID="126083" SPOT_TARGET_ID="126057" LINK_COST="-1.0" VELOCITY="2.0069273754253993" DISPLACEMENT="2.0069273754253993" />
        <Edge SPOT_SOURCE_ID="125819" SPOT_TARGET_ID="125818" LINK_COST="-1.0" VELOCITY="1.5365868730443903" DISPLACEMENT="1.5365868730443903" />
        <Edge SPOT_SOURCE_ID="131211" SPOT_TARGET_ID="131230" LINK_COST="59.40974377635099" VELOCITY="7.472449221539206" DISPLACEMENT="7.472449221539206" />
        <Edge SPOT_SOURCE_ID="129783" SPOT_TARGET_ID="129755" LINK_COST="-1.0" VELOCITY="3.350880965756126" DISPLACEMENT="3.350880965756126" />
        <Edge SPOT_SOURCE_ID="128319" SPOT_TARGET_ID="128315" LINK_COST="-1.0" VELOCITY="2.3794833893499607" DISPLACEMENT="2.3794833893499607" />
        <Edge SPOT_SOURCE_ID="125956" SPOT_TARGET_ID="125942" LINK_COST="-1.0" VELOCITY="3.4057430015952925" DISPLACEMENT="3.4057430015952925" />
        <Edge SPOT_SOURCE_ID="182114" SPOT_TARGET_ID="182133" LINK_COST="-1.0" VELOCITY="5.7462642544612" DISPLACEMENT="5.7462642544612" />
        <Edge SPOT_SOURCE_ID="130561" SPOT_TARGET_ID="130560" LINK_COST="-1.0" VELOCITY="6.743545745978771" DISPLACEMENT="6.743545745978771" />
        <Edge SPOT_SOURCE_ID="123925" SPOT_TARGET_ID="124870" LINK_COST="-1.0" VELOCITY="3.318030346348312" DISPLACEMENT="3.318030346348312" />
        <Edge SPOT_SOURCE_ID="131683" SPOT_TARGET_ID="131693" LINK_COST="1.0626735084159855" VELOCITY="1.0308605669129" DISPLACEMENT="1.0308605669129" />
        <Edge SPOT_SOURCE_ID="125996" SPOT_TARGET_ID="125991" LINK_COST="-1.0" VELOCITY="0.833331234618763" DISPLACEMENT="0.833331234618763" />
        <Edge SPOT_SOURCE_ID="125622" SPOT_TARGET_ID="125614" LINK_COST="-1.0" VELOCITY="6.072437522638341" DISPLACEMENT="6.072437522638341" />
      </Track>
      <Track name="Track_19" TRACK_ID="19" TRACK_INDEX="3" TRACK_DURATION="308.0" TRACK_START="0.0" TRACK_STOP="308.0" TRACK_DISPLACEMENT="100.37208842480304" NUMBER_SPOTS="631" NUMBER_GAPS="0" LONGEST_GAP="0" NUMBER_SPLITS="2" NUMBER_MERGES="0" NUMBER_COMPLEX="0" DIVISION_TIME_MEAN="187.0" DIVISION_TIME_STD="NaN">
        <Edge SPOT_SOURCE_ID="140683" SPOT_TARGET_ID="140697" LINK_COST="0.07953383949317397" VELOCITY="0.37267705767652615" DISPLACEMENT="0.37267705767652615" />
        <Edge SPOT_SOURCE_ID="141551" SPOT_TARGET_ID="141563" LINK_COST="43.467705978930454" VELOCITY="6.59300432116727" DISPLACEMENT="6.59300432116727" />
        <Edge SPOT_SOURCE_ID="134227" SPOT_TARGET_ID="134507" LINK_COST="-1.0" VELOCITY="3.3747342894079297" DISPLACEMENT="3.3747342894079297" />
        <Edge SPOT_SOURCE_ID="154619" SPOT_TARGET_ID="154624" LINK_COST="-1.0" VELOCITY="4.350910655071918" DISPLACEMENT="4.350910655071918" />
        <Edge SPOT_SOURCE_ID="155754" SPOT_TARGET_ID="155801" LINK_COST="-1.0" VELOCITY="6.369251826190781" DISPLACEMENT="6.369251826190781" />
        <Edge SPOT_SOURCE_ID="133905" SPOT_TARGET_ID="133922" LINK_COST="46.23371062217709" VELOCITY="1.8633852883820963" DISPLACEMENT="1.8633852883820963" />
        <Edge SPOT_SOURCE_ID="153999" SPOT_TARGET_ID="154017" LINK_COST="-1.0" VELOCITY="1.4029825784817702" DISPLACEMENT="1.4029825784817702" />
        <Edge SPOT_SOURCE_ID="142692" SPOT_TARGET_ID="142705" LINK_COST="1.2171066439761045" VELOCITY="1.1032255635073476" DISPLACEMENT="1.1032255635073476" />
        <Edge SPOT_SOURCE_ID="148926" SPOT_TARGET_ID="148943" LINK_COST="-1.0" VELOCITY="1.7197390697359434" DISPLACEMENT="1.7197390697359434" />
        <Edge SPOT_SOURCE_ID="134830" SPOT_TARGET_ID="134855" LINK_COST="-1.0" VELOCITY="2.499993703857382" DISPLACEMENT="2.499993703857382" />
        <Edge SPOT_SOURCE_ID="142151" SPOT_TARGET_ID="142172" LINK_COST="6.650584603255012" VELOCITY="3.770953462277812" DISPLACEMENT="3.770953462277812" />
        <Edge SPOT_SOURCE_ID="143878" SPOT_TARGET_ID="143896" LINK_COST="15.311397415392088" VELOCITY="2.953966393097676" DISPLACEMENT="2.953966393097676" />
        <Edge SPOT_SOURCE_ID="151396" SPOT_TARGET_ID="151421" LINK_COST="4.131788439591326" VELOCITY="2.389193239363021" DISPLACEMENT="2.389193239363021" />
        <Edge SPOT_SOURCE_ID="143192" SPOT_TARGET_ID="143233" LINK_COST="19.103818243774054" VELOCITY="1.7825927140234148" DISPLACEMENT="1.7825927140234148" />
        <Edge SPOT_SOURCE_ID="134651" SPOT_TARGET_ID="134673" LINK_COST="6.955344762692825" VELOCITY="3.670102917231395" DISPLACEMENT="3.670102917231395" />
        <Edge SPOT_SOURCE_ID="143684" SPOT_TARGET_ID="143704" LINK_COST="5.759877176933038" VELOCITY="1.4588600169854613" DISPLACEMENT="1.4588600169854613" />
        <Edge SPOT_SOURCE_ID="148719" SPOT_TARGET_ID="148738" LINK_COST="5.194859303828537" VELOCITY="1.3458888167671692" DISPLACEMENT="1.3458888167671692" />
        <Edge SPOT_SOURCE_ID="142213" SPOT_TARGET_ID="142232" LINK_COST="7.041739979241543" VELOCITY="1.9724101969782748" DISPLACEMENT="1.9724101969782748" />
        <Edge SPOT_SOURCE_ID="132906" SPOT_TARGET_ID="132921" LINK_COST="11.827027346318944" VELOCITY="3.4390445397404994" DISPLACEMENT="3.4390445397404994" />
        <Edge SPOT_SOURCE_ID="151454" SPOT_TARGET_ID="151476" LINK_COST="16.622701355587886" VELOCITY="2.819960082468354" DISPLACEMENT="2.819960082468354" />
        <Edge SPOT_SOURCE_ID="148273" SPOT_TARGET_ID="148274" LINK_COST="-1.0" VELOCITY="3.480326287052074" DISPLACEMENT="3.480326287052074" />
        <Edge SPOT_SOURCE_ID="146503" SPOT_TARGET_ID="146590" LINK_COST="14.123167547059637" VELOCITY="4.7604900368650975" DISPLACEMENT="4.7604900368650975" />
        <Edge SPOT_SOURCE_ID="148114" SPOT_TARGET_ID="148115" LINK_COST="-1.0" VELOCITY="2.7635551827731235" DISPLACEMENT="2.7635551827731235" />
        <Edge SPOT_SOURCE_ID="132679" SPOT_TARGET_ID="132698" LINK_COST="10.94331252303215" VELOCITY="3.3080677929921793" DISPLACEMENT="3.3080677929921793" />
        <Edge SPOT_SOURCE_ID="153988" SPOT_TARGET_ID="153999" LINK_COST="-1.0" VELOCITY="3.302228798857208" DISPLACEMENT="3.302228798857208" />
        <Edge SPOT_SOURCE_ID="148358" SPOT_TARGET_ID="148361" LINK_COST="-1.0" VELOCITY="2.6983202416160545" DISPLACEMENT="2.6983202416160545" />
        <Edge SPOT_SOURCE_ID="141412" SPOT_TARGET_ID="141424" LINK_COST="2.1253944541652796" VELOCITY="1.4578732640957786" DISPLACEMENT="1.4578732640957786" />
        <Edge SPOT_SOURCE_ID="151618" SPOT_TARGET_ID="151620" LINK_COST="-1.0" VELOCITY="2.2622414328181795" DISPLACEMENT="2.2622414328181795" />
        <Edge SPOT_SOURCE_ID="147479" SPOT_TARGET_ID="147480" LINK_COST="-1.0" VELOCITY="0.48269019882533176" DISPLACEMENT="0.48269019882533176" />
        <Edge SPOT_SOURCE_ID="138034" SPOT_TARGET_ID="138050" LINK_COST="3.3496398529738975" VELOCITY="4.376580050956227" DISPLACEMENT="4.376580050956227" />
        <Edge SPOT_SOURCE_ID="149049" SPOT_TARGET_ID="149089" LINK_COST="4.993985083890666" VELOCITY="1.1453914746180098" DISPLACEMENT="1.1453914746180098" />
        <Edge SPOT_SOURCE_ID="138526" SPOT_TARGET_ID="138543" LINK_COST="7.435337943753475" VELOCITY="4.503074021208076" DISPLACEMENT="4.503074021208076" />
        <Edge SPOT_SOURCE_ID="148440" SPOT_TARGET_ID="148461" LINK_COST="4.8284449407433865" VELOCITY="2.19737228087172" DISPLACEMENT="2.19737228087172" />
        <Edge SPOT_SOURCE_ID="141271" SPOT_TARGET_ID="141286" LINK_COST="4.318817629241655" VELOCITY="4.190200315799916" DISPLACEMENT="4.190200315799916" />
        <Edge SPOT_SOURCE_ID="146132" SPOT_TARGET_ID="146143" LINK_COST="1.2108367900826795" VELOCITY="1.1003802933907347" DISPLACEMENT="1.1003802933907347" />
        <Edge SPOT_SOURCE_ID="132412" SPOT_TARGET_ID="132438" LINK_COST="-1.0" VELOCITY="9.024917873133791" DISPLACEMENT="9.024917873133791" />
        <Edge SPOT_SOURCE_ID="143859" SPOT_TARGET_ID="143878" LINK_COST="31.226918058950922" VELOCITY="2.6299972974826176" DISPLACEMENT="2.6299972974826176" />
        <Edge SPOT_SOURCE_ID="155559" SPOT_TARGET_ID="155579" LINK_COST="12.983402577973619" VELOCITY="3.6032488920380756" DISPLACEMENT="3.6032488920380756" />
        <Edge SPOT_SOURCE_ID="147339" SPOT_TARGET_ID="147391" LINK_COST="-1.0" VELOCITY="6.1531168570764425" DISPLACEMENT="6.1531168570764425" />
        <Edge SPOT_SOURCE_ID="148461" SPOT_TARGET_ID="148481" LINK_COST="9.234526766538599" VELOCITY="3.038836416548051" DISPLACEMENT="3.038836416548051" />
        <Edge SPOT_SOURCE_ID="135521" SPOT_TARGET_ID="135534" LINK_COST="8.181962491299046" VELOCITY="2.860412993135615" DISPLACEMENT="2.860412993135615" />
        <Edge SPOT_SOURCE_ID="132894" SPOT_TARGET_ID="132906" LINK_COST="8.754946111367708" VELOCITY="2.9588758188487243" DISPLACEMENT="2.9588758188487243" />
        <Edge SPOT_SOURCE_ID="141087" SPOT_TARGET_ID="141149" LINK_COST="41.35867278594674" VELOCITY="1.3450024783564274" DISPLACEMENT="1.3450024783564274" />
        <Edge SPOT_SOURCE_ID="153818" SPOT_TARGET_ID="153824" LINK_COST="-1.0" VELOCITY="1.930760795301579" DISPLACEMENT="1.930760795301579" />
        <Edge SPOT_SOURCE_ID="132273" SPOT_TARGET_ID="132285" LINK_COST="7.462038209011373" VELOCITY="3.0551481899955673" DISPLACEMENT="3.0551481899955673" />
        <Edge SPOT_SOURCE_ID="151694" SPOT_TARGET_ID="151716" LINK_COST="13.537957180685831" VELOCITY="2.992172636010891" DISPLACEMENT="2.992172636010891" />
        <Edge SPOT_SOURCE_ID="133667" SPOT_TARGET_ID="133684" LINK_COST="1.5867884856386734" VELOCITY="1.2596779293290303" DISPLACEMENT="1.2596779293290303" />
        <Edge SPOT_SOURCE_ID="132986" SPOT_TARGET_ID="133190" LINK_COST="20.676566699053986" VELOCITY="4.537424089014861" DISPLACEMENT="4.537424089014861" />
        <Edge SPOT_SOURCE_ID="148519" SPOT_TARGET_ID="148535" LINK_COST="26.850851570726412" VELOCITY="1.9901826742074507" DISPLACEMENT="1.9901826742074507" />
        <Edge SPOT_SOURCE_ID="139193" SPOT_TARGET_ID="139208" LINK_COST="-1.0" VELOCITY="3.0046184958648605" DISPLACEMENT="3.0046184958648605" />
        <Edge SPOT_SOURCE_ID="142077" SPOT_TARGET_ID="142091" LINK_COST="10.010723984122173" VELOCITY="6.445078582325313" DISPLACEMENT="6.445078582325313" />
        <Edge SPOT_SOURCE_ID="141071" SPOT_TARGET_ID="141087" LINK_COST="0.3647831531116766" VELOCITY="1.7567000871747929" DISPLACEMENT="1.7567000871747929" />
        <Edge SPOT_SOURCE_ID="149229" SPOT_TARGET_ID="149240" LINK_COST="-1.0" VELOCITY="1.0867456322959164" DISPLACEMENT="1.0867456322959164" />
        <Edge SPOT_SOURCE_ID="140937" SPOT_TARGET_ID="140947" LINK_COST="0.7946408870524779" VELOCITY="0.32621101676357966" DISPLACEMENT="0.32621101676357966" />
        <Edge SPOT_SOURCE_ID="133550" SPOT_TARGET_ID="133630" LINK_COST="-1.0" VELOCITY="4.548930289205049" DISPLACEMENT="4.548930289205049" />
        <Edge SPOT_SOURCE_ID="135041" SPOT_TARGET_ID="135043" LINK_COST="-1.0" VELOCITY="1.8313368927588272" DISPLACEMENT="1.8313368927588272" />
        <Edge SPOT_SOURCE_ID="151948" SPOT_TARGET_ID="152629" LINK_COST="-1.0" VELOCITY="3.620673745228442" DISPLACEMENT="3.620673745228442" />
        <Edge SPOT_SOURCE_ID="132285" SPOT_TARGET_ID="132362" LINK_COST="-1.0" VELOCITY="5.8832201752722995" DISPLACEMENT="5.8832201752722995" />
        <Edge SPOT_SOURCE_ID="144053" SPOT_TARGET_ID="144070" LINK_COST="8.570513745254644" VELOCITY="2.3066602205130446" DISPLACEMENT="2.3066602205130446" />
        <Edge SPOT_SOURCE_ID="146397" SPOT_TARGET_ID="146411" LINK_COST="29.63280899411996" VELOCITY="5.44360257496081" DISPLACEMENT="5.44360257496081" />
        <Edge SPOT_SOURCE_ID="132520" SPOT_TARGET_ID="132533" LINK_COST="42.76174883189102" VELOCITY="6.0365916589155395" DISPLACEMENT="6.0365916589155395" />
        <Edge SPOT_SOURCE_ID="142135" SPOT_TARGET_ID="142151" LINK_COST="9.93556398383641" VELOCITY="3.1520729661345737" DISPLACEMENT="3.1520729661345737" />
        <Edge SPOT_SOURCE_ID="141682" SPOT_TARGET_ID="141694" LINK_COST="13.067621839629917" VELOCITY="3.6149165743665397" DISPLACEMENT="3.6149165743665397" />
        <Edge SPOT_SOURCE_ID="155579" SPOT_TARGET_ID="155593" LINK_COST="9.289804164571489" VELOCITY="3.047918004896373" DISPLACEMENT="3.047918004896373" />
        <Edge SPOT_SOURCE_ID="139246" SPOT_TARGET_ID="139257" LINK_COST="-1.0" VELOCITY="4.013854750851147" DISPLACEMENT="4.013854750851147" />
        <Edge SPOT_SOURCE_ID="139857" SPOT_TARGET_ID="139969" LINK_COST="76.5803878063083" VELOCITY="2.953966393097728" DISPLACEMENT="2.953966393097728" />
        <Edge SPOT_SOURCE_ID="155593" SPOT_TARGET_ID="155607" LINK_COST="23.44105593840559" VELOCITY="4.841596424569647" DISPLACEMENT="4.841596424569647" />
        <Edge SPOT_SOURCE_ID="139979" SPOT_TARGET_ID="139996" LINK_COST="7.039881847398247" VELOCITY="1.9989681820658234" DISPLACEMENT="1.9989681820658234" />
        <Edge SPOT_SOURCE_ID="156335" SPOT_TARGET_ID="156356" LINK_COST="24.27001813314319" VELOCITY="3.1992925156543057" DISPLACEMENT="3.1992925156543057" />
        <Edge SPOT_SOURCE_ID="154527" SPOT_TARGET_ID="154586" LINK_COST="-1.0" VELOCITY="0.8417895470890622" DISPLACEMENT="0.8417895470890622" />
        <Edge SPOT_SOURCE_ID="148675" SPOT_TARGET_ID="148698" LINK_COST="21.41454751351201" VELOCITY="4.627585494997581" DISPLACEMENT="4.627585494997581" />
        <Edge SPOT_SOURCE_ID="147438" SPOT_TARGET_ID="147452" LINK_COST="-1.0" VELOCITY="1.4680449275785807" DISPLACEMENT="1.4680449275785807" />
        <Edge SPOT_SOURCE_ID="135832" SPOT_TARGET_ID="135938" LINK_COST="-1.0" VELOCITY="4.116352644859388" DISPLACEMENT="4.116352644859388" />
        <Edge SPOT_SOURCE_ID="132880" SPOT_TARGET_ID="132894" LINK_COST="39.13286608029344" VELOCITY="6.255626753594994" DISPLACEMENT="6.255626753594994" />
        <Edge SPOT_SOURCE_ID="141780" SPOT_TARGET_ID="141793" LINK_COST="2.3422175985758145" VELOCITY="1.5304305271967802" DISPLACEMENT="1.5304305271967802" />
        <Edge SPOT_SOURCE_ID="147391" SPOT_TARGET_ID="147399" LINK_COST="-1.0" VELOCITY="1.61899214496966" DISPLACEMENT="1.61899214496966" />
        <Edge SPOT_SOURCE_ID="138288" SPOT_TARGET_ID="138308" LINK_COST="5.169853865843755" VELOCITY="3.073173746088507" DISPLACEMENT="3.073173746088507" />
        <Edge SPOT_SOURCE_ID="135082" SPOT_TARGET_ID="135106" LINK_COST="-1.0" VELOCITY="4.166262376415446" DISPLACEMENT="4.166262376415446" />
        <Edge SPOT_SOURCE_ID="148535" SPOT_TARGET_ID="148561" LINK_COST="84.44501675669163" VELOCITY="4.067876353318712" DISPLACEMENT="4.067876353318712" />
        <Edge SPOT_SOURCE_ID="135106" SPOT_TARGET_ID="135170" LINK_COST="-1.0" VELOCITY="1.2306233714153108" DISPLACEMENT="1.2306233714153108" />
        <Edge SPOT_SOURCE_ID="144233" SPOT_TARGET_ID="144247" LINK_COST="7.797264762957965" VELOCITY="1.7567000871748015" DISPLACEMENT="1.7567000871748015" />
        <Edge SPOT_SOURCE_ID="144219" SPOT_TARGET_ID="144233" LINK_COST="86.56804626011281" VELOCITY="5.555173441289067" DISPLACEMENT="5.555173441289067" />
        <Edge SPOT_SOURCE_ID="141933" SPOT_TARGET_ID="141954" LINK_COST="1.0677633428470863" VELOCITY="1.0427261830751267" DISPLACEMENT="1.0427261830751267" />
        <Edge SPOT_SOURCE_ID="138308" SPOT_TARGET_ID="138453" LINK_COST="-1.0" VELOCITY="1.3431802116812943" DISPLACEMENT="1.3431802116812943" />
        <Edge SPOT_SOURCE_ID="137587" SPOT_TARGET_ID="137685" LINK_COST="21.5229526227048" VELOCITY="1.1761705475624082" DISPLACEMENT="1.1761705475624082" />
        <Edge SPOT_SOURCE_ID="132501" SPOT_TARGET_ID="132520" LINK_COST="55.830215080607076" VELOCITY="7.672936617766239" DISPLACEMENT="7.672936617766239" />
        <Edge SPOT_SOURCE_ID="147480" SPOT_TARGET_ID="147481" LINK_COST="-1.0" VELOCITY="1.2067254970635457" DISPLACEMENT="1.2067254970635457" />
        <Edge SPOT_SOURCE_ID="148139" SPOT_TARGET_ID="148183" LINK_COST="-1.0" VELOCITY="3.5769177724549213" DISPLACEMENT="3.5769177724549213" />
        <Edge SPOT_SOURCE_ID="156293" SPOT_TARGET_ID="156317" LINK_COST="7.359791880580055" VELOCITY="2.7128936360609597" DISPLACEMENT="2.7128936360609597" />
        <Edge SPOT_SOURCE_ID="136029" SPOT_TARGET_ID="136909" LINK_COST="-1.0" VELOCITY="2.8509412598677337" DISPLACEMENT="2.8509412598677337" />
        <Edge SPOT_SOURCE_ID="132533" SPOT_TARGET_ID="132553" LINK_COST="24.566062102401183" VELOCITY="4.761475921173035" DISPLACEMENT="4.761475921173035" />
        <Edge SPOT_SOURCE_ID="149993" SPOT_TARGET_ID="149994" LINK_COST="-1.0" VELOCITY="1.4444589722297296" DISPLACEMENT="1.4444589722297296" />
        <Edge SPOT_SOURCE_ID="146646" SPOT_TARGET_ID="146664" LINK_COST="16.826133909029245" VELOCITY="4.10196707800407" DISPLACEMENT="4.10196707800407" />
        <Edge SPOT_SOURCE_ID="148123" SPOT_TARGET_ID="148139" LINK_COST="-1.0" VELOCITY="1.8718122249926998" DISPLACEMENT="1.8718122249926998" />
        <Edge SPOT_SOURCE_ID="142172" SPOT_TARGET_ID="142188" LINK_COST="23.059101006276656" VELOCITY="4.287049753034387" DISPLACEMENT="4.287049753034387" />
        <Edge SPOT_SOURCE_ID="146053" SPOT_TARGET_ID="146068" LINK_COST="18.2843453036999" VELOCITY="4.276019796925629" DISPLACEMENT="4.276019796925629" />
        <Edge SPOT_SOURCE_ID="143140" SPOT_TARGET_ID="143151" LINK_COST="5.355840148283971" VELOCITY="2.314268815043743" DISPLACEMENT="2.314268815043743" />
        <Edge SPOT_SOURCE_ID="132189" SPOT_TARGET_ID="132239" LINK_COST="4.925251258165735" VELOCITY="2.807759091648524" DISPLACEMENT="2.807759091648524" />
        <Edge SPOT_SOURCE_ID="133874" SPOT_TARGET_ID="133888" LINK_COST="23.275928486410287" VELOCITY="4.140557513666504" DISPLACEMENT="4.140557513666504" />
        <Edge SPOT_SOURCE_ID="141842" SPOT_TARGET_ID="141854" LINK_COST="3.637573350361471" VELOCITY="1.1785083339475455" DISPLACEMENT="1.1785083339475455" />
        <Edge SPOT_SOURCE_ID="141374" SPOT_TARGET_ID="141385" LINK_COST="4.09482474907066" VELOCITY="2.023567332477637" DISPLACEMENT="2.023567332477637" />
        <Edge SPOT_SOURCE_ID="138453" SPOT_TARGET_ID="138469" LINK_COST="-1.0" VELOCITY="0.8333312346191444" DISPLACEMENT="0.8333312346191444" />
        <Edge SPOT_SOURCE_ID="155382" SPOT_TARGET_ID="155399" LINK_COST="49.20892756781223" VELOCITY="3.1992925156543905" DISPLACEMENT="3.1992925156543905" />
        <Edge SPOT_SOURCE_ID="136953" SPOT_TARGET_ID="136964" LINK_COST="-1.0" VELOCITY="2.3748520491328438" DISPLACEMENT="2.3748520491328438" />
        <Edge SPOT_SOURCE_ID="137304" SPOT_TARGET_ID="137319" LINK_COST="1.2707879528875872" VELOCITY="1.53658687304435" DISPLACEMENT="1.53658687304435" />
        <Edge SPOT_SOURCE_ID="133823" SPOT_TARGET_ID="133874" LINK_COST="29.36740365876135" VELOCITY="3.3109271793557027" DISPLACEMENT="3.3109271793557027" />
        <Edge SPOT_SOURCE_ID="149434" SPOT_TARGET_ID="149445" LINK_COST="-1.0" VELOCITY="0.5611930313925473" DISPLACEMENT="0.5611930313925473" />
        <Edge SPOT_SOURCE_ID="140989" SPOT_TARGET_ID="141035" LINK_COST="10.714731280873611" VELOCITY="1.3437062406413713" DISPLACEMENT="1.3437062406413713" />
        <Edge SPOT_SOURCE_ID="141216" SPOT_TARGET_ID="141271" LINK_COST="5.485044580138472" VELOCITY="1.4588600169854007" DISPLACEMENT="1.4588600169854007" />
        <Edge SPOT_SOURCE_ID="133764" SPOT_TARGET_ID="133779" LINK_COST="28.020292638029833" VELOCITY="5.9136812755457715" DISPLACEMENT="5.9136812755457715" />
        <Edge SPOT_SOURCE_ID="146269" SPOT_TARGET_ID="146289" LINK_COST="5.962681629950385" VELOCITY="2.4418602805955922" DISPLACEMENT="2.4418602805955922" />
        <Edge SPOT_SOURCE_ID="133714" SPOT_TARGET_ID="133751" LINK_COST="8.739952393783005" VELOCITY="2.956341048286379" DISPLACEMENT="2.956341048286379" />
        <Edge SPOT_SOURCE_ID="143233" SPOT_TARGET_ID="143250" LINK_COST="13.888840142923499" VELOCITY="4.062111846895392" DISPLACEMENT="4.062111846895392" />
        <Edge SPOT_SOURCE_ID="154099" SPOT_TARGET_ID="154100" LINK_COST="-1.0" VELOCITY="0.24134509941245597" DISPLACEMENT="0.24134509941245597" />
        <Edge SPOT_SOURCE_ID="141434" SPOT_TARGET_ID="141445" LINK_COST="2.042064485866282" VELOCITY="1.4290082175642946" DISPLACEMENT="1.4290082175642946" />
        <Edge SPOT_SOURCE_ID="142705" SPOT_TARGET_ID="142718" LINK_COST="3.398938067346167" VELOCITY="1.8436209120494829" DISPLACEMENT="1.8436209120494829" />
        <Edge SPOT_SOURCE_ID="134592" SPOT_TARGET_ID="134609" LINK_COST="30.91492474985192" VELOCITY="4.053264686310715" DISPLACEMENT="4.053264686310715" />
        <Edge SPOT_SOURCE_ID="137319" SPOT_TARGET_ID="137339" LINK_COST="3.018978167441926" VELOCITY="3.535525001842385" DISPLACEMENT="3.535525001842385" />
        <Edge SPOT_SOURCE_ID="146080" SPOT_TARGET_ID="146103" LINK_COST="0.31862379628997495" VELOCITY="0.5644677105822573" DISPLACEMENT="0.5644677105822573" />
        <Edge SPOT_SOURCE_ID="146381" SPOT_TARGET_ID="146397" LINK_COST="10.675201728404751" VELOCITY="3.2672927215670087" DISPLACEMENT="3.2672927215670087" />
        <Edge SPOT_SOURCE_ID="137732" SPOT_TARGET_ID="137749" LINK_COST="13.610934577765702" VELOCITY="1.7567000871748457" DISPLACEMENT="1.7567000871748457" />
        <Edge SPOT_SOURCE_ID="140809" SPOT_TARGET_ID="140818" LINK_COST="4.082641801448658" VELOCITY="0.8333312346191444" DISPLACEMENT="0.8333312346191444" />
        <Edge SPOT_SOURCE_ID="155236" SPOT_TARGET_ID="155358" LINK_COST="-1.0" VELOCITY="3.777648338262457" DISPLACEMENT="3.777648338262457" />
        <Edge SPOT_SOURCE_ID="140632" SPOT_TARGET_ID="140672" LINK_COST="21.362864590835304" VELOCITY="1.5365868730442673" DISPLACEMENT="1.5365868730442673" />
        <Edge SPOT_SOURCE_ID="134956" SPOT_TARGET_ID="134988" LINK_COST="-1.0" VELOCITY="2.3862975007429874" DISPLACEMENT="2.3862975007429874" />
        <Edge SPOT_SOURCE_ID="146195" SPOT_TARGET_ID="146206" LINK_COST="8.51668930034255" VELOCITY="2.9183367352556404" DISPLACEMENT="2.9183367352556404" />
        <Edge SPOT_SOURCE_ID="141819" SPOT_TARGET_ID="141830" LINK_COST="2.0644816593543975" VELOCITY="1.8676045104278918" DISPLACEMENT="1.8676045104278918" />
        <Edge SPOT_SOURCE_ID="142314" SPOT_TARGET_ID="142335" LINK_COST="5.724526159697154" VELOCITY="2.6874124812828057" DISPLACEMENT="2.6874124812828057" />
        <Edge SPOT_SOURCE_ID="145999" SPOT_TARGET_ID="146027" LINK_COST="3.0390877319145977" VELOCITY="1.7432979469713712" DISPLACEMENT="1.7432979469713712" />
        <Edge SPOT_SOURCE_ID="133421" SPOT_TARGET_ID="133433" LINK_COST="18.223957633474896" VELOCITY="4.268952756060307" DISPLACEMENT="4.268952756060307" />
        <Edge SPOT_SOURCE_ID="145940" SPOT_TARGET_ID="145963" LINK_COST="-1.0" VELOCITY="4.670630966890399" DISPLACEMENT="4.670630966890399" />
        <Edge SPOT_SOURCE_ID="132947" SPOT_TARGET_ID="132962" LINK_COST="43.650714223408166" VELOCITY="4.6623288426783684" DISPLACEMENT="4.6623288426783684" />
        <Edge SPOT_SOURCE_ID="155084" SPOT_TARGET_ID="155209" LINK_COST="-1.0" VELOCITY="5.45902666681755" DISPLACEMENT="5.45902666681755" />
        <Edge SPOT_SOURCE_ID="132261" SPOT_TARGET_ID="132273" LINK_COST="5.686873408131082" VELOCITY="1.9021207463171044" DISPLACEMENT="1.9021207463171044" />
        <Edge SPOT_SOURCE_ID="141997" SPOT_TARGET_ID="142013" LINK_COST="13.902812621926495" VELOCITY="1.8676045104279195" DISPLACEMENT="1.8676045104279195" />
        <Edge SPOT_SOURCE_ID="141385" SPOT_TARGET_ID="141395" LINK_COST="11.011209188329794" VELOCITY="3.3183142088008775" DISPLACEMENT="3.3183142088008775" />
        <Edge SPOT_SOURCE_ID="133936" SPOT_TARGET_ID="134179" LINK_COST="-1.0" VELOCITY="2.3926164194380646" DISPLACEMENT="2.3926164194380646" />
        <Edge SPOT_SOURCE_ID="140275" SPOT_TARGET_ID="140286" LINK_COST="2.6765788915454176" VELOCITY="3.985833414479718" DISPLACEMENT="3.985833414479718" />
        <Edge SPOT_SOURCE_ID="156584" SPOT_TARGET_ID="156648" LINK_COST="-1.0" VELOCITY="4.332008002369217" DISPLACEMENT="4.332008002369217" />
        <Edge SPOT_SOURCE_ID="134609" SPOT_TARGET_ID="134633" LINK_COST="24.562424313814454" VELOCITY="4.714811330121847" DISPLACEMENT="4.714811330121847" />
        <Edge SPOT_SOURCE_ID="141602" SPOT_TARGET_ID="141650" LINK_COST="26.20236259498509" VELOCITY="4.590833712734922" DISPLACEMENT="4.590833712734922" />
        <Edge SPOT_SOURCE_ID="132785" SPOT_TARGET_ID="132798" LINK_COST="10.68990296420635" VELOCITY="3.2695417055309677" DISPLACEMENT="3.2695417055309677" />
        <Edge SPOT_SOURCE_ID="142805" SPOT_TARGET_ID="142946" LINK_COST="4.668749111137961" VELOCITY="2.160728837947502" DISPLACEMENT="2.160728837947502" />
        <Edge SPOT_SOURCE_ID="139502" SPOT_TARGET_ID="139521" LINK_COST="-1.0" VELOCITY="4.9382543808307435" DISPLACEMENT="4.9382543808307435" />
        <Edge SPOT_SOURCE_ID="142787" SPOT_TARGET_ID="142805" LINK_COST="91.99155408789312" VELOCITY="2.158790291995042" DISPLACEMENT="2.158790291995042" />
        <Edge SPOT_SOURCE_ID="148919" SPOT_TARGET_ID="148926" LINK_COST="-1.0" VELOCITY="6.047489640042951" DISPLACEMENT="6.047489640042951" />
        <Edge SPOT_SOURCE_ID="135009" SPOT_TARGET_ID="135029" LINK_COST="-1.0" VELOCITY="2.6664667647156084" DISPLACEMENT="2.6664667647156084" />
        <Edge SPOT_SOURCE_ID="140262" SPOT_TARGET_ID="140275" LINK_COST="16.176423283979805" VELOCITY="2.5127917220026275" DISPLACEMENT="2.5127917220026275" />
        <Edge SPOT_SOURCE_ID="132129" SPOT_TARGET_ID="132139" LINK_COST="65.95599693732206" VELOCITY="5.985703673383678" DISPLACEMENT="5.985703673383678" />
        <Edge SPOT_SOURCE_ID="154041" SPOT_TARGET_ID="154048" LINK_COST="-1.0" VELOCITY="2.7916134790791145" DISPLACEMENT="2.7916134790791145" />
        <Edge SPOT_SOURCE_ID="141461" SPOT_TARGET_ID="141480" LINK_COST="32.129498739275796" VELOCITY="5.668288872250231" DISPLACEMENT="5.668288872250231" />
        <Edge SPOT_SOURCE_ID="146449" SPOT_TARGET_ID="146465" LINK_COST="33.44879973095233" VELOCITY="2.499993703857128" DISPLACEMENT="2.499993703857128" />
        <Edge SPOT_SOURCE_ID="139212" SPOT_TARGET_ID="139238" LINK_COST="-1.0" VELOCITY="4.2491722266089855" DISPLACEMENT="4.2491722266089855" />
        <Edge SPOT_SOURCE_ID="132974" SPOT_TARGET_ID="132986" LINK_COST="13.87194338714866" VELOCITY="3.8546959313610327" DISPLACEMENT="3.8546959313610327" />
        <Edge SPOT_SOURCE_ID="147452" SPOT_TARGET_ID="147460" LINK_COST="-1.0" VELOCITY="1.0793280966464567" DISPLACEMENT="1.0793280966464567" />
        <Edge SPOT_SOURCE_ID="149245" SPOT_TARGET_ID="149275" LINK_COST="-1.0" VELOCITY="2.9761754853933384" DISPLACEMENT="2.9761754853933384" />
        <Edge SPOT_SOURCE_ID="137371" SPOT_TARGET_ID="137510" LINK_COST="47.4180747652899" VELOCITY="3.3540935190878827" DISPLACEMENT="3.3540935190878827" />
        <Edge SPOT_SOURCE_ID="133779" SPOT_TARGET_ID="133800" LINK_COST="9.82377740428326" VELOCITY="2.554781025261292" DISPLACEMENT="2.554781025261292" />
        <Edge SPOT_SOURCE_ID="132938" SPOT_TARGET_ID="132947" LINK_COST="34.33789358427933" VELOCITY="4.7010978317815" DISPLACEMENT="4.7010978317815" />
        <Edge SPOT_SOURCE_ID="149446" SPOT_TARGET_ID="149462" LINK_COST="-1.0" VELOCITY="4.128680007027913" DISPLACEMENT="4.128680007027913" />
        <Edge SPOT_SOURCE_ID="146307" SPOT_TARGET_ID="146324" LINK_COST="6.222074031840508" VELOCITY="2.494408553513339" DISPLACEMENT="2.494408553513339" />
        <Edge SPOT_SOURCE_ID="151716" SPOT_TARGET_ID="151865" LINK_COST="34.24855125536646" VELOCITY="0.9950913371036882" DISPLACEMENT="0.9950913371036882" />
        <Edge SPOT_SOURCE_ID="155649" SPOT_TARGET_ID="155754" LINK_COST="-1.0" VELOCITY="3.5524859325577727" DISPLACEMENT="3.5524859325577727" />
        <Edge SPOT_SOURCE_ID="151218" SPOT_TARGET_ID="151236" LINK_COST="11.819568905164145" VELOCITY="3.8601151926491033" DISPLACEMENT="3.8601151926491033" />
        <Edge SPOT_SOURCE_ID="137244" SPOT_TARGET_ID="137247" LINK_COST="-1.0" VELOCITY="4.038644807088499" DISPLACEMENT="4.038644807088499" />
        <Edge SPOT_SOURCE_ID="135547" SPOT_TARGET_ID="135572" LINK_COST="118.88289389435278" VELOCITY="2.00692737542542" DISPLACEMENT="2.00692737542542" />
        <Edge SPOT_SOURCE_ID="134827" SPOT_TARGET_ID="134830" LINK_COST="-1.0" VELOCITY="2.643133196492888" DISPLACEMENT="2.643133196492888" />
        <Edge SPOT_SOURCE_ID="139808" SPOT_TARGET_ID="139823" LINK_COST="1.2818115110033343" VELOCITY="1.3450024783564412" DISPLACEMENT="1.3450024783564412" />
        <Edge SPOT_SOURCE_ID="151886" SPOT_TARGET_ID="151905" LINK_COST="41.94266536258105" VELOCITY="1.0793280966464092" DISPLACEMENT="1.0793280966464092" />
        <Edge SPOT_SOURCE_ID="149187" SPOT_TARGET_ID="149229" LINK_COST="-1.0" VELOCITY="1.2068912484094652" DISPLACEMENT="1.2068912484094652" />
        <Edge SPOT_SOURCE_ID="137163" SPOT_TARGET_ID="137165" LINK_COST="-1.0" VELOCITY="2.3164782976853657" DISPLACEMENT="2.3164782976853657" />
        <Edge SPOT_SOURCE_ID="148118" SPOT_TARGET_ID="148119" LINK_COST="-1.0" VELOCITY="1.706801971810055" DISPLACEMENT="1.706801971810055" />
        <Edge SPOT_SOURCE_ID="154196" SPOT_TARGET_ID="154352" LINK_COST="0.6181468596957589" VELOCITY="1.9837043193580308" DISPLACEMENT="1.9837043193580308" />
        <Edge SPOT_SOURCE_ID="147221" SPOT_TARGET_ID="147226" LINK_COST="-1.0" VELOCITY="3.4131351280170406" DISPLACEMENT="3.4131351280170406" />
        <Edge SPOT_SOURCE_ID="132464" SPOT_TARGET_ID="132475" LINK_COST="17.747806778431976" VELOCITY="4.212814591034357" DISPLACEMENT="4.212814591034357" />
        <Edge SPOT_SOURCE_ID="132451" SPOT_TARGET_ID="132464" LINK_COST="15.606580420480544" VELOCITY="3.950516475156197" DISPLACEMENT="3.950516475156197" />
        <Edge SPOT_SOURCE_ID="141480" SPOT_TARGET_ID="141493" LINK_COST="20.85237304446083" VELOCITY="4.5664398654160365" DISPLACEMENT="4.5664398654160365" />
        <Edge SPOT_SOURCE_ID="142232" SPOT_TARGET_ID="142249" LINK_COST="2.71435984780856" VELOCITY="1.8633852883822328" DISPLACEMENT="1.8633852883822328" />
        <Edge SPOT_SOURCE_ID="156268" SPOT_TARGET_ID="156293" LINK_COST="7.560533160445473" VELOCITY="2.749642369553807" DISPLACEMENT="2.749642369553807" />
        <Edge SPOT_SOURCE_ID="141899" SPOT_TARGET_ID="141910" LINK_COST="5.5997652607774215" VELOCITY="1.9021207463169776" DISPLACEMENT="1.9021207463169776" />
        <Edge SPOT_SOURCE_ID="141149" SPOT_TARGET_ID="141161" LINK_COST="14.206724653953957" VELOCITY="1.984264149740043" DISPLACEMENT="1.984264149740043" />
        <Edge SPOT_SOURCE_ID="147481" SPOT_TARGET_ID="147483" LINK_COST="-1.0" VELOCITY="2.2250918735849883" DISPLACEMENT="2.2250918735849883" />
        <Edge SPOT_SOURCE_ID="150908" SPOT_TARGET_ID="150930" LINK_COST="-1.0" VELOCITY="4.369564408562824" DISPLACEMENT="4.369564408562824" />
        <Edge SPOT_SOURCE_ID="139521" SPOT_TARGET_ID="139731" LINK_COST="-1.0" VELOCITY="1.9002875893604823" DISPLACEMENT="1.9002875893604823" />
        <Edge SPOT_SOURCE_ID="156490" SPOT_TARGET_ID="156584" LINK_COST="-1.0" VELOCITY="2.3611927214564625" DISPLACEMENT="2.3611927214564625" />
        <Edge SPOT_SOURCE_ID="139493" SPOT_TARGET_ID="139502" LINK_COST="-1.0" VELOCITY="1.5365868730442398" DISPLACEMENT="1.5365868730442398" />
        <Edge SPOT_SOURCE_ID="141769" SPOT_TARGET_ID="141780" LINK_COST="0.16076865401559254" VELOCITY="0.40095966632018304" DISPLACEMENT="0.40095966632018304" />
        <Edge SPOT_SOURCE_ID="141035" SPOT_TARGET_ID="141046" LINK_COST="1.2377683158131088" VELOCITY="1.666662469238187" DISPLACEMENT="1.666662469238187" />
        <Edge SPOT_SOURCE_ID="149014" SPOT_TARGET_ID="149032" LINK_COST="1.7462409873395544" VELOCITY="1.3214541185147346" DISPLACEMENT="1.3214541185147346" />
        <Edge SPOT_SOURCE_ID="135999" SPOT_TARGET_ID="136001" LINK_COST="-1.0" VELOCITY="4.801799628255868" DISPLACEMENT="4.801799628255868" />
        <Edge SPOT_SOURCE_ID="156437" SPOT_TARGET_ID="156490" LINK_COST="-1.0" VELOCITY="5.667317017605756" DISPLACEMENT="5.667317017605756" />
        <Edge SPOT_SOURCE_ID="132177" SPOT_TARGET_ID="132189" LINK_COST="2.1845821072439784" VELOCITY="1.485256509564545" DISPLACEMENT="1.485256509564545" />
        <Edge SPOT_SOURCE_ID="132962" SPOT_TARGET_ID="132974" LINK_COST="15.878891674072234" VELOCITY="3.9848327033982534" DISPLACEMENT="3.9848327033982534" />
        <Edge SPOT_SOURCE_ID="146180" SPOT_TARGET_ID="146195" LINK_COST="10.78221448089462" VELOCITY="3.283628249496983" DISPLACEMENT="3.283628249496983" />
        <Edge SPOT_SOURCE_ID="139163" SPOT_TARGET_ID="139166" LINK_COST="-1.0" VELOCITY="5.177395149922478" DISPLACEMENT="5.177395149922478" />
        <Edge SPOT_SOURCE_ID="134205" SPOT_TARGET_ID="134227" LINK_COST="58.163230654928256" VELOCITY="6.038996234137429" DISPLACEMENT="6.038996234137429" />
        <Edge SPOT_SOURCE_ID="133190" SPOT_TARGET_ID="133203" LINK_COST="103.01712387562081" VELOCITY="9.70402439933709" DISPLACEMENT="9.70402439933709" />
        <Edge SPOT_SOURCE_ID="135610" SPOT_TARGET_ID="135624" LINK_COST="25.84711582183616" VELOCITY="3.2128059174838732" DISPLACEMENT="3.2128059174838732" />
        <Edge SPOT_SOURCE_ID="143151" SPOT_TARGET_ID="143172" LINK_COST="2.95681213643373" VELOCITY="1.7195383498002392" DISPLACEMENT="1.7195383498002392" />
        <Edge SPOT_SOURCE_ID="156664" SPOT_TARGET_ID="156690" LINK_COST="-1.0" VELOCITY="3.396261220366798" DISPLACEMENT="3.396261220366798" />
        <Edge SPOT_SOURCE_ID="141395" SPOT_TARGET_ID="141412" LINK_COST="4.004333097876306" VELOCITY="2.001082981256976" DISPLACEMENT="2.001082981256976" />
        <Edge SPOT_SOURCE_ID="138469" SPOT_TARGET_ID="138505" LINK_COST="49.26913906329381" VELOCITY="4.166656173095529" DISPLACEMENT="4.166656173095529" />
        <Edge SPOT_SOURCE_ID="137189" SPOT_TARGET_ID="137240" LINK_COST="-1.0" VELOCITY="3.094709432436896" DISPLACEMENT="3.094709432436896" />
        <Edge SPOT_SOURCE_ID="153260" SPOT_TARGET_ID="153277" LINK_COST="64.24887575814623" VELOCITY="2.4219234389756576" DISPLACEMENT="2.4219234389756576" />
        <Edge SPOT_SOURCE_ID="137262" SPOT_TARGET_ID="137266" LINK_COST="-1.0" VELOCITY="2.1730619956237267" DISPLACEMENT="2.1730619956237267" />
        <Edge SPOT_SOURCE_ID="151007" SPOT_TARGET_ID="151019" LINK_COST="40.07443640715085" VELOCITY="3.038702646282182" DISPLACEMENT="3.038702646282182" />
        <Edge SPOT_SOURCE_ID="156690" SPOT_TARGET_ID="156704" LINK_COST="-1.0" VELOCITY="3.4280664485571455" DISPLACEMENT="3.4280664485571455" />
        <Edge SPOT_SOURCE_ID="151204" SPOT_TARGET_ID="151218" LINK_COST="0.32469618532753686" VELOCITY="0.44366204655401753" DISPLACEMENT="0.44366204655401753" />
        <Edge SPOT_SOURCE_ID="143603" SPOT_TARGET_ID="143656" LINK_COST="-1.0" VELOCITY="0.9226640882053215" DISPLACEMENT="0.9226640882053215" />
        <Edge SPOT_SOURCE_ID="155027" SPOT_TARGET_ID="155048" LINK_COST="2.311017978286892" VELOCITY="3.0801778774647772" DISPLACEMENT="3.0801778774647772" />
        <Edge SPOT_SOURCE_ID="141493" SPOT_TARGET_ID="141503" LINK_COST="3.2776434076218814" VELOCITY="1.8104263054932341" DISPLACEMENT="1.8104263054932341" />
        <Edge SPOT_SOURCE_ID="140947" SPOT_TARGET_ID="140959" LINK_COST="2.202190638278861" VELOCITY="2.056391809474143" DISPLACEMENT="2.056391809474143" />
        <Edge SPOT_SOURCE_ID="151421" SPOT_TARGET_ID="151436" LINK_COST="46.59324640339021" VELOCITY="3.1644834330649103" DISPLACEMENT="3.1644834330649103" />
        <Edge SPOT_SOURCE_ID="142996" SPOT_TARGET_ID="143011" LINK_COST="42.670067358324424" VELOCITY="3.8369451478675347" DISPLACEMENT="3.8369451478675347" />
        <Edge SPOT_SOURCE_ID="155801" SPOT_TARGET_ID="155914" LINK_COST="-1.0" VELOCITY="5.757359146815127" DISPLACEMENT="5.757359146815127" />
        <Edge SPOT_SOURCE_ID="139297" SPOT_TARGET_ID="139305" LINK_COST="3.5413309487786315" VELOCITY="2.6806393556328034" DISPLACEMENT="2.6806393556328034" />
        <Edge SPOT_SOURCE_ID="137809" SPOT_TARGET_ID="137827" LINK_COST="5.714201103964202" VELOCITY="1.1785083339474376" DISPLACEMENT="1.1785083339474376" />
        <Edge SPOT_SOURCE_ID="139259" SPOT_TARGET_ID="139272" LINK_COST="-1.0" VELOCITY="3.435912701460673" DISPLACEMENT="3.435912701460673" />
        <Edge SPOT_SOURCE_ID="132822" SPOT_TARGET_ID="132837" LINK_COST="20.92472575222234" VELOCITY="4.574355228031853" DISPLACEMENT="4.574355228031853" />
        <Edge SPOT_SOURCE_ID="153427" SPOT_TARGET_ID="153471" LINK_COST="-1.0" VELOCITY="3.6108213375818012" DISPLACEMENT="3.6108213375818012" />
        <Edge SPOT_SOURCE_ID="154368" SPOT_TARGET_ID="154380" LINK_COST="7.328684719150389" VELOCITY="1.757018844963666" DISPLACEMENT="1.757018844963666" />
        <Edge SPOT_SOURCE_ID="140441" SPOT_TARGET_ID="140498" LINK_COST="-1.0" VELOCITY="2.1356874649863906" DISPLACEMENT="2.1356874649863906" />
        <Edge SPOT_SOURCE_ID="148269" SPOT_TARGET_ID="148272" LINK_COST="-1.0" VELOCITY="0.5396640483230523" DISPLACEMENT="0.5396640483230523" />
        <Edge SPOT_SOURCE_ID="139405" SPOT_TARGET_ID="139463" LINK_COST="-1.0" VELOCITY="2.981416461411243" DISPLACEMENT="2.981416461411243" />
        <Edge SPOT_SOURCE_ID="142268" SPOT_TARGET_ID="142286" LINK_COST="6.793648466819506" VELOCITY="1.158239148842593" DISPLACEMENT="1.158239148842593" />
        <Edge SPOT_SOURCE_ID="151905" SPOT_TARGET_ID="151922" LINK_COST="77.2237339068026" VELOCITY="2.6802557294524822" DISPLACEMENT="2.6802557294524822" />
        <Edge SPOT_SOURCE_ID="151436" SPOT_TARGET_ID="151454" LINK_COST="1.5292736136241958" VELOCITY="2.9496019579957196" DISPLACEMENT="2.9496019579957196" />
        <Edge SPOT_SOURCE_ID="146119" SPOT_TARGET_ID="146132" LINK_COST="30.077809225480113" VELOCITY="5.484323953367462" DISPLACEMENT="5.484323953367462" />
        <Edge SPOT_SOURCE_ID="140424" SPOT_TARGET_ID="140441" LINK_COST="-1.0" VELOCITY="5.583981404849234" DISPLACEMENT="5.583981404849234" />
        <Edge SPOT_SOURCE_ID="153277" SPOT_TARGET_ID="153396" LINK_COST="-1.0" VELOCITY="4.813090333499206" DISPLACEMENT="4.813090333499206" />
        <Edge SPOT_SOURCE_ID="133751" SPOT_TARGET_ID="133764" LINK_COST="13.651648317049577" VELOCITY="3.694813705323934" DISPLACEMENT="3.694813705323934" />
        <Edge SPOT_SOURCE_ID="149462" SPOT_TARGET_ID="149476" LINK_COST="-1.0" VELOCITY="2.579352087340908" DISPLACEMENT="2.579352087340908" />
        <Edge SPOT_SOURCE_ID="147334" SPOT_TARGET_ID="147339" LINK_COST="-1.0" VELOCITY="0.6826270256033505" DISPLACEMENT="0.6826270256033505" />
        <Edge SPOT_SOURCE_ID="139238" SPOT_TARGET_ID="139240" LINK_COST="-1.0" VELOCITY="1.8633852883820963" DISPLACEMENT="1.8633852883820963" />
        <Edge SPOT_SOURCE_ID="146042" SPOT_TARGET_ID="146053" LINK_COST="10.599114685807852" VELOCITY="3.2556281553346738" DISPLACEMENT="3.2556281553346738" />
        <Edge SPOT_SOURCE_ID="139404" SPOT_TARGET_ID="139405" LINK_COST="-1.0" VELOCITY="2.4013429010945826" DISPLACEMENT="2.4013429010945826" />
        <Edge SPOT_SOURCE_ID="136909" SPOT_TARGET_ID="136953" LINK_COST="-1.0" VELOCITY="2.4569962691472385" DISPLACEMENT="2.4569962691472385" />
        <Edge SPOT_SOURCE_ID="146289" SPOT_TARGET_ID="146307" LINK_COST="12.092330893559645" VELOCITY="3.4774028949144857" DISPLACEMENT="3.4774028949144857" />
        <Edge SPOT_SOURCE_ID="150978" SPOT_TARGET_ID="150983" LINK_COST="-1.0" VELOCITY="3.415732019316614" DISPLACEMENT="3.415732019316614" />
        <Edge SPOT_SOURCE_ID="142116" SPOT_TARGET_ID="142135" LINK_COST="1.3562173066268233" VELOCITY="1.1645674332673155" DISPLACEMENT="1.1645674332673155" />
        <Edge SPOT_SOURCE_ID="145963" SPOT_TARGET_ID="145975" LINK_COST="-1.0" VELOCITY="3.0731737460885347" DISPLACEMENT="3.0731737460885347" />
        <Edge SPOT_SOURCE_ID="149979" SPOT_TARGET_ID="149993" LINK_COST="-1.0" VELOCITY="1.6361447848867345" DISPLACEMENT="1.6361447848867345" />
        <Edge SPOT_SOURCE_ID="134988" SPOT_TARGET_ID="135009" LINK_COST="-1.0" VELOCITY="3.9026064185038853" DISPLACEMENT="3.9026064185038853" />
        <Edge SPOT_SOURCE_ID="137847" SPOT_TARGET_ID="137860" LINK_COST="19.06740705251957" VELOCITY="2.6352247467564616" DISPLACEMENT="2.6352247467564616" />
        <Edge SPOT_SOURCE_ID="134179" SPOT_TARGET_ID="134205" LINK_COST="14.897144553748053" VELOCITY="5.8985239189804375" DISPLACEMENT="5.8985239189804375" />
        <Edge SPOT_SOURCE_ID="151068" SPOT_TARGET_ID="151087" LINK_COST="11.377428398848583" VELOCITY="1.98411699026218" DISPLACEMENT="1.98411699026218" />
        <Edge SPOT_SOURCE_ID="142979" SPOT_TARGET_ID="142996" LINK_COST="12.028894331861226" VELOCITY="3.4682696452065582" DISPLACEMENT="3.4682696452065582" />
        <Edge SPOT_SOURCE_ID="140672" SPOT_TARGET_ID="140683" LINK_COST="15.359058355584072" VELOCITY="2.6352247467564855" DISPLACEMENT="2.6352247467564855" />
        <Edge SPOT_SOURCE_ID="143030" SPOT_TARGET_ID="143050" LINK_COST="13.51077782188081" VELOCITY="3.6757009973446984" DISPLACEMENT="3.6757009973446984" />
        <Edge SPOT_SOURCE_ID="133408" SPOT_TARGET_ID="133421" LINK_COST="19.034465777354953" VELOCITY="4.36285064806887" DISPLACEMENT="4.36285064806887" />
        <Edge SPOT_SOURCE_ID="137827" SPOT_TARGET_ID="137847" LINK_COST="7.709637937737256" VELOCITY="3.0046184958647832" DISPLACEMENT="3.0046184958647832" />
        <Edge SPOT_SOURCE_ID="147412" SPOT_TARGET_ID="147413" LINK_COST="-1.0" VELOCITY="1.2306233714151564" DISPLACEMENT="1.2306233714151564" />
        <Edge SPOT_SOURCE_ID="134541" SPOT_TARGET_ID="134580" LINK_COST="-1.0" VELOCITY="2.3862975007428986" DISPLACEMENT="2.3862975007428986" />
        <Edge SPOT_SOURCE_ID="146324" SPOT_TARGET_ID="146346" LINK_COST="12.426033359240412" VELOCITY="3.5250579228206185" DISPLACEMENT="3.5250579228206185" />
        <Edge SPOT_SOURCE_ID="138267" SPOT_TARGET_ID="138288" LINK_COST="26.130455427781186" VELOCITY="2.91070086893517" DISPLACEMENT="2.91070086893517" />
        <Edge SPOT_SOURCE_ID="137247" SPOT_TARGET_ID="137256" LINK_COST="-1.0" VELOCITY="6.532370520005028" DISPLACEMENT="6.532370520005028" />
        <Edge SPOT_SOURCE_ID="141503" SPOT_TARGET_ID="141514" LINK_COST="2.2315126757770494" VELOCITY="1.4938248477572762" DISPLACEMENT="1.4938248477572762" />
        <Edge SPOT_SOURCE_ID="147426" SPOT_TARGET_ID="147438" LINK_COST="-1.0" VELOCITY="1.7065675640085323" DISPLACEMENT="1.7065675640085323" />
        <Edge SPOT_SOURCE_ID="154040" SPOT_TARGET_ID="154041" LINK_COST="-1.0" VELOCITY="2.389193239363087" DISPLACEMENT="2.389193239363087" />
        <Edge SPOT_SOURCE_ID="137267" SPOT_TARGET_ID="137279" LINK_COST="-1.0" VELOCITY="3.6906563528205716" DISPLACEMENT="3.6906563528205716" />
        <Edge SPOT_SOURCE_ID="142960" SPOT_TARGET_ID="142979" LINK_COST="0.6826005075353521" VELOCITY="0.8261964097812046" DISPLACEMENT="0.8261964097812046" />
        <Edge SPOT_SOURCE_ID="148254" SPOT_TARGET_ID="148269" LINK_COST="-1.0" VELOCITY="2.8145433294638567" DISPLACEMENT="2.8145433294638567" />
        <Edge SPOT_SOURCE_ID="143656" SPOT_TARGET_ID="143661" LINK_COST="66.56064857016142" VELOCITY="1.6310550838176008" DISPLACEMENT="1.6310550838176008" />
        <Edge SPOT_SOURCE_ID="139463" SPOT_TARGET_ID="139466" LINK_COST="-1.0" VELOCITY="5.892541669737386" DISPLACEMENT="5.892541669737386" />
        <Edge SPOT_SOURCE_ID="140830" SPOT_TARGET_ID="140844" LINK_COST="2.8230478990113945" VELOCITY="0.37267705767652615" DISPLACEMENT="0.37267705767652615" />
        <Edge SPOT_SOURCE_ID="132580" SPOT_TARGET_ID="132635" LINK_COST="74.07148498122976" VELOCITY="3.37681837981418" DISPLACEMENT="3.37681837981418" />
        <Edge SPOT_SOURCE_ID="143271" SPOT_TARGET_ID="143291" LINK_COST="5.5280428650501" VELOCITY="3.726770576764329" DISPLACEMENT="3.726770576764329" />
        <Edge SPOT_SOURCE_ID="140006" SPOT_TARGET_ID="140019" LINK_COST="1.6901386251404198" VELOCITY="2.135912985787219" DISPLACEMENT="2.135912985787219" />
        <Edge SPOT_SOURCE_ID="156317" SPOT_TARGET_ID="156335" LINK_COST="34.84541294223299" VELOCITY="6.528505017333807" DISPLACEMENT="6.528505017333807" />
        <Edge SPOT_SOURCE_ID="148398" SPOT_TARGET_ID="148415" LINK_COST="11.582286965483291" VELOCITY="3.4032759167430564" DISPLACEMENT="3.4032759167430564" />
        <Edge SPOT_SOURCE_ID="153396" SPOT_TARGET_ID="153419" LINK_COST="-1.0" VELOCITY="1.6839845705457572" DISPLACEMENT="1.6839845705457572" />
        <Edge SPOT_SOURCE_ID="156356" SPOT_TARGET_ID="156435" LINK_COST="-1.0" VELOCITY="3.413135128017037" DISPLACEMENT="3.413135128017037" />
        <Edge SPOT_SOURCE_ID="137339" SPOT_TARGET_ID="137355" LINK_COST="1.2387870668524967" VELOCITY="2.173061995623629" DISPLACEMENT="2.173061995623629" />
        <Edge SPOT_SOURCE_ID="133394" SPOT_TARGET_ID="133408" LINK_COST="9.360308621753981" VELOCITY="3.0594621458279203" DISPLACEMENT="3.0594621458279203" />
        <Edge SPOT_SOURCE_ID="141589" SPOT_TARGET_ID="141757" LINK_COST="5.543512849968414" VELOCITY="2.3544665744003277" DISPLACEMENT="2.3544665744003277" />
        <Edge SPOT_SOURCE_ID="139296" SPOT_TARGET_ID="139297" LINK_COST="-1.0" VELOCITY="0.8333312346192969" DISPLACEMENT="0.8333312346192969" />
        <Edge SPOT_SOURCE_ID="134932" SPOT_TARGET_ID="134956" LINK_COST="-1.0" VELOCITY="2.499993703857331" DISPLACEMENT="2.499993703857331" />
        <Edge SPOT_SOURCE_ID="149241" SPOT_TARGET_ID="149245" LINK_COST="-1.0" VELOCITY="1.2704547590251154" DISPLACEMENT="1.2704547590251154" />
        <Edge SPOT_SOURCE_ID="141302" SPOT_TARGET_ID="141315" LINK_COST="1.0288030791936933" VELOCITY="1.014299304541659" DISPLACEMENT="1.014299304541659" />
        <Edge SPOT_SOURCE_ID="135170" SPOT_TARGET_ID="135204" LINK_COST="-1.0" VELOCITY="2.6983202416157983" DISPLACEMENT="2.6983202416157983" />
        <Edge SPOT_SOURCE_ID="142013" SPOT_TARGET_ID="142035" LINK_COST="2.6850530972194835" VELOCITY="1.6379975127647666" DISPLACEMENT="1.6379975127647666" />
        <Edge SPOT_SOURCE_ID="139305" SPOT_TARGET_ID="139404" LINK_COST="-1.0" VELOCITY="1.5101590889872047" DISPLACEMENT="1.5101590889872047" />
        <Edge SPOT_SOURCE_ID="140297" SPOT_TARGET_ID="140310" LINK_COST="7.531138573011659" VELOCITY="2.9380570547713583" DISPLACEMENT="2.9380570547713583" />
        <Edge SPOT_SOURCE_ID="141801" SPOT_TARGET_ID="141819" LINK_COST="7.400344671430494" VELOCITY="2.5899014710136874" DISPLACEMENT="2.5899014710136874" />
        <Edge SPOT_SOURCE_ID="146465" SPOT_TARGET_ID="146480" LINK_COST="49.34742150769698" VELOCITY="1.17850833394724" DISPLACEMENT="1.17850833394724" />
        <Edge SPOT_SOURCE_ID="132139" SPOT_TARGET_ID="132155" LINK_COST="1.886569849068843" VELOCITY="2.340215278784618" DISPLACEMENT="2.340215278784618" />
        <Edge SPOT_SOURCE_ID="138505" SPOT_TARGET_ID="138526" LINK_COST="8.166513064683333" VELOCITY="3.0731737460887416" DISPLACEMENT="3.0731737460887416" />
        <Edge SPOT_SOURCE_ID="137685" SPOT_TARGET_ID="137702" LINK_COST="7.717676169630318" VELOCITY="2.2669060423358607" DISPLACEMENT="2.2669060423358607" />
        <Edge SPOT_SOURCE_ID="142335" SPOT_TARGET_ID="143603" LINK_COST="-1.0" VELOCITY="2.188290025478292" DISPLACEMENT="2.188290025478292" />
        <Edge SPOT_SOURCE_ID="140201" SPOT_TARGET_ID="140262" LINK_COST="60.16460377348733" VELOCITY="2.006927375425653" DISPLACEMENT="2.006927375425653" />
        <Edge SPOT_SOURCE_ID="146257" SPOT_TARGET_ID="146269" LINK_COST="5.212411695873971" VELOCITY="2.2830706725535177" DISPLACEMENT="2.2830706725535177" />
        <Edge SPOT_SOURCE_ID="133381" SPOT_TARGET_ID="133394" LINK_COST="20.45711021768056" VELOCITY="4.522953705011865" DISPLACEMENT="4.522953705011865" />
        <Edge SPOT_SOURCE_ID="151019" SPOT_TARGET_ID="151037" LINK_COST="1.4603013728318854" VELOCITY="0.1984116990262237" DISPLACEMENT="0.1984116990262237" />
        <Edge SPOT_SOURCE_ID="149445" SPOT_TARGET_ID="149446" LINK_COST="-1.0" VELOCITY="1.6952302995946569" DISPLACEMENT="1.6952302995946569" />
        <Edge SPOT_SOURCE_ID="141201" SPOT_TARGET_ID="141216" LINK_COST="5.173023784251298" VELOCITY="2.9358991508723307" DISPLACEMENT="2.9358991508723307" />
        <Edge SPOT_SOURCE_ID="142778" SPOT_TARGET_ID="142787" LINK_COST="36.925516509763014" VELOCITY="6.479931410210988" DISPLACEMENT="6.479931410210988" />
        <Edge SPOT_SOURCE_ID="141793" SPOT_TARGET_ID="141801" LINK_COST="8.637634071527405" VELOCITY="2.9389852111787507" DISPLACEMENT="2.9389852111787507" />
        <Edge SPOT_SOURCE_ID="133203" SPOT_TARGET_ID="133216" LINK_COST="66.12466042008089" VELOCITY="8.131707103682528" DISPLACEMENT="8.131707103682528" />
        <Edge SPOT_SOURCE_ID="143739" SPOT_TARGET_ID="143827" LINK_COST="81.40132205891302" VELOCITY="1.0315698108123508" DISPLACEMENT="1.0315698108123508" />
        <Edge SPOT_SOURCE_ID="137550" SPOT_TARGET_ID="137563" LINK_COST="5.380882192098556" VELOCITY="2.006927375425653" DISPLACEMENT="2.006927375425653" />
        <Edge SPOT_SOURCE_ID="138231" SPOT_TARGET_ID="138248" LINK_COST="7.253219250673675" VELOCITY="1.4907082307056498" DISPLACEMENT="1.4907082307056498" />
        <Edge SPOT_SOURCE_ID="148105" SPOT_TARGET_ID="148106" LINK_COST="-1.0" VELOCITY="2.91618393170547" DISPLACEMENT="2.91618393170547" />
        <Edge SPOT_SOURCE_ID="137860" SPOT_TARGET_ID="137879" LINK_COST="8.091836256385958" VELOCITY="2.162616211811274" DISPLACEMENT="2.162616211811274" />
        <Edge SPOT_SOURCE_ID="148314" SPOT_TARGET_ID="148340" LINK_COST="-1.0" VELOCITY="3.146755105149913" DISPLACEMENT="3.146755105149913" />
        <Edge SPOT_SOURCE_ID="134673" SPOT_TARGET_ID="134827" LINK_COST="-1.0" VELOCITY="1.8453281764103662" DISPLACEMENT="1.8453281764103662" />
        <Edge SPOT_SOURCE_ID="133922" SPOT_TARGET_ID="133936" LINK_COST="8.560508695696733" VELOCITY="2.386297500742952" DISPLACEMENT="2.386297500742952" />
        <Edge SPOT_SOURCE_ID="146103" SPOT_TARGET_ID="146119" LINK_COST="13.369763715624853" VELOCITY="3.656468749439116" DISPLACEMENT="3.656468749439116" />
        <Edge SPOT_SOURCE_ID="150930" SPOT_TARGET_ID="150952" LINK_COST="-1.0" VELOCITY="0.6274328833467872" DISPLACEMENT="0.6274328833467872" />
        <Edge SPOT_SOURCE_ID="141830" SPOT_TARGET_ID="141842" LINK_COST="0.7453325257360375" VELOCITY="1.892621303529535" DISPLACEMENT="1.892621303529535" />
        <Edge SPOT_SOURCE_ID="147460" SPOT_TARGET_ID="147461" LINK_COST="-1.0" VELOCITY="4.726967611868948" DISPLACEMENT="4.726967611868948" />
        <Edge SPOT_SOURCE_ID="141330" SPOT_TARGET_ID="141350" LINK_COST="1.8839291905897664" VELOCITY="1.372563000590416" DISPLACEMENT="1.372563000590416" />
        <Edge SPOT_SOURCE_ID="149476" SPOT_TARGET_ID="149517" LINK_COST="-1.0" VELOCITY="3.254193820520875" DISPLACEMENT="3.254193820520875" />
        <Edge SPOT_SOURCE_ID="147471" SPOT_TARGET_ID="147478" LINK_COST="-1.0" VELOCITY="0.8701821310143055" DISPLACEMENT="0.8701821310143055" />
        <Edge SPOT_SOURCE_ID="135962" SPOT_TARGET_ID="135999" LINK_COST="-1.0" VELOCITY="4.615807704732847" DISPLACEMENT="4.615807704732847" />
        <Edge SPOT_SOURCE_ID="139731" SPOT_TARGET_ID="139737" LINK_COST="-1.0" VELOCITY="4.090339362048213" DISPLACEMENT="4.090339362048213" />
        <Edge SPOT_SOURCE_ID="135938" SPOT_TARGET_ID="135962" LINK_COST="-1.0" VELOCITY="4.06878928841804" DISPLACEMENT="4.06878928841804" />
        <Edge SPOT_SOURCE_ID="145975" SPOT_TARGET_ID="145999" LINK_COST="-1.0" VELOCITY="3.4746038372269545" DISPLACEMENT="3.4746038372269545" />
        <Edge SPOT_SOURCE_ID="135043" SPOT_TARGET_ID="135044" LINK_COST="-1.0" VELOCITY="2.6664667647154445" DISPLACEMENT="2.6664667647154445" />
        <Edge SPOT_SOURCE_ID="146161" SPOT_TARGET_ID="146180" LINK_COST="15.568482336034256" VELOCITY="3.945691616945533" DISPLACEMENT="3.945691616945533" />
        <Edge SPOT_SOURCE_ID="137510" SPOT_TARGET_ID="137532" LINK_COST="5.7918244485150705" VELOCITY="1.8633852883821418" DISPLACEMENT="1.8633852883821418" />
        <Edge SPOT_SOURCE_ID="146364" SPOT_TARGET_ID="146381" LINK_COST="14.961458185561204" VELOCITY="3.868004419020382" DISPLACEMENT="3.868004419020382" />
        <Edge SPOT_SOURCE_ID="139166" SPOT_TARGET_ID="139193" LINK_COST="-1.0" VELOCITY="3.800575178721065" DISPLACEMENT="3.800575178721065" />
        <Edge SPOT_SOURCE_ID="142188" SPOT_TARGET_ID="142213" LINK_COST="0.39139940824610264" VELOCITY="1.3205958138981129" DISPLACEMENT="1.3205958138981129" />
        <Edge SPOT_SOURCE_ID="132863" SPOT_TARGET_ID="132880" LINK_COST="33.40845388096901" VELOCITY="5.780004660981599" DISPLACEMENT="5.780004660981599" />
        <Edge SPOT_SOURCE_ID="143704" SPOT_TARGET_ID="143722" LINK_COST="10.88946203424693" VELOCITY="1.9572661005817416" DISPLACEMENT="1.9572661005817416" />
        <Edge SPOT_SOURCE_ID="137749" SPOT_TARGET_ID="137809" LINK_COST="21.20211575156934" VELOCITY="1.0315698108122806" DISPLACEMENT="1.0315698108122806" />
        <Edge SPOT_SOURCE_ID="137279" SPOT_TARGET_ID="137282" LINK_COST="-1.0" VELOCITY="0.833331234619246" DISPLACEMENT="0.833331234619246" />
        <Edge SPOT_SOURCE_ID="150690" SPOT_TARGET_ID="150697" LINK_COST="-1.0" VELOCITY="1.011705125059841" DISPLACEMENT="1.011705125059841" />
        <Edge SPOT_SOURCE_ID="141350" SPOT_TARGET_ID="141361" LINK_COST="3.089896882449908" VELOCITY="1.7578102521176475" DISPLACEMENT="1.7578102521176475" />
        <Edge SPOT_SOURCE_ID="148106" SPOT_TARGET_ID="148114" LINK_COST="-1.0" VELOCITY="0.818072392443381" DISPLACEMENT="0.818072392443381" />
        <Edge SPOT_SOURCE_ID="151255" SPOT_TARGET_ID="151396" LINK_COST="14.031388486117756" VELOCITY="3.745849501263733" DISPLACEMENT="3.745849501263733" />
        <Edge SPOT_SOURCE_ID="142286" SPOT_TARGET_ID="142314" LINK_COST="2.5447697043195063" VELOCITY="2.3862975007429963" DISPLACEMENT="2.3862975007429963" />
        <Edge SPOT_SOURCE_ID="156435" SPOT_TARGET_ID="156437" LINK_COST="-1.0" VELOCITY="2.700810771974386" DISPLACEMENT="2.700810771974386" />
        <Edge SPOT_SOURCE_ID="133225" SPOT_TARGET_ID="133237" LINK_COST="0.17071079530541053" VELOCITY="0.41317162935686974" DISPLACEMENT="0.41317162935686974" />
        <Edge SPOT_SOURCE_ID="140629" SPOT_TARGET_ID="140632" LINK_COST="-1.0" VELOCITY="4.549103231235568" DISPLACEMENT="4.549103231235568" />
        <Edge SPOT_SOURCE_ID="138543" SPOT_TARGET_ID="138561" LINK_COST="17.826404643393946" VELOCITY="9.766728818619537" DISPLACEMENT="9.766728818619537" />
        <Edge SPOT_SOURCE_ID="148353" SPOT_TARGET_ID="148358" LINK_COST="-1.0" VELOCITY="1.4480705964759493" DISPLACEMENT="1.4480705964759493" />
        <Edge SPOT_SOURCE_ID="142035" SPOT_TARGET_ID="142049" LINK_COST="27.42144400124458" VELOCITY="4.234482271944837" DISPLACEMENT="4.234482271944837" />
        <Edge SPOT_SOURCE_ID="149240" SPOT_TARGET_ID="149241" LINK_COST="-1.0" VELOCITY="2.3891932393630304" DISPLACEMENT="2.3891932393630304" />
        <Edge SPOT_SOURCE_ID="146590" SPOT_TARGET_ID="146607" LINK_COST="11.304191915263605" VELOCITY="4.867582794822719" DISPLACEMENT="4.867582794822719" />
        <Edge SPOT_SOURCE_ID="153121" SPOT_TARGET_ID="153138" LINK_COST="-1.0" VELOCITY="8.824637357956158" DISPLACEMENT="8.824637357956158" />
        <Edge SPOT_SOURCE_ID="155367" SPOT_TARGET_ID="155382" LINK_COST="41.29700559373427" VELOCITY="6.426274627942247" DISPLACEMENT="6.426274627942247" />
        <Edge SPOT_SOURCE_ID="132374" SPOT_TARGET_ID="132376" LINK_COST="-1.0" VELOCITY="2.7468649953715327" DISPLACEMENT="2.7468649953715327" />
        <Edge SPOT_SOURCE_ID="148962" SPOT_TARGET_ID="148972" LINK_COST="4.896343369221229" VELOCITY="2.2127682592673885" DISPLACEMENT="2.2127682592673885" />
        <Edge SPOT_SOURCE_ID="154017" SPOT_TARGET_ID="154040" LINK_COST="-1.0" VELOCITY="1.2704547590250002" DISPLACEMENT="1.2704547590250002" />
        <Edge SPOT_SOURCE_ID="146027" SPOT_TARGET_ID="146042" LINK_COST="7.448927160476559" VELOCITY="2.729272276720767" DISPLACEMENT="2.729272276720767" />
        <Edge SPOT_SOURCE_ID="135582" SPOT_TARGET_ID="135596" LINK_COST="2.4533699547601255" VELOCITY="5.697030487426767" DISPLACEMENT="5.697030487426767" />
        <Edge SPOT_SOURCE_ID="151476" SPOT_TARGET_ID="151618" LINK_COST="-1.0" VELOCITY="1.4480705964763274" DISPLACEMENT="1.4480705964763274" />
        <Edge SPOT_SOURCE_ID="135624" SPOT_TARGET_ID="135794" LINK_COST="38.749171328840816" VELOCITY="4.789501864827569" DISPLACEMENT="4.789501864827569" />
        <Edge SPOT_SOURCE_ID="138174" SPOT_TARGET_ID="138188" LINK_COST="10.03959415274703" VELOCITY="1.2381327245384777" DISPLACEMENT="1.2381327245384777" />
        <Edge SPOT_SOURCE_ID="139241" SPOT_TARGET_ID="139246" LINK_COST="-1.0" VELOCITY="0.9226640882051429" DISPLACEMENT="0.9226640882051429" />
        <Edge SPOT_SOURCE_ID="133630" SPOT_TARGET_ID="133652" LINK_COST="9.395973661879308" VELOCITY="3.065285249675682" DISPLACEMENT="3.065285249675682" />
        <Edge SPOT_SOURCE_ID="138188" SPOT_TARGET_ID="138231" LINK_COST="1.1536745092909255" VELOCITY="0.8333312346190935" DISPLACEMENT="0.8333312346190935" />
        <Edge SPOT_SOURCE_ID="148994" SPOT_TARGET_ID="149014" LINK_COST="4.28391150406284" VELOCITY="2.069761219093362" DISPLACEMENT="2.069761219093362" />
        <Edge SPOT_SOURCE_ID="154143" SPOT_TARGET_ID="154196" LINK_COST="-1.0" VELOCITY="0.7936467961048379" DISPLACEMENT="0.7936467961048379" />
        <Edge SPOT_SOURCE_ID="146627" SPOT_TARGET_ID="146646" LINK_COST="12.300052077014739" VELOCITY="3.5071430077792294" DISPLACEMENT="3.5071430077792294" />
        <Edge SPOT_SOURCE_ID="154352" SPOT_TARGET_ID="154368" LINK_COST="8.803102211325093" VELOCITY="3.37303805234918" DISPLACEMENT="3.37303805234918" />
        <Edge SPOT_SOURCE_ID="153138" SPOT_TARGET_ID="153260" LINK_COST="28.708557818116024" VELOCITY="5.358036750351385" DISPLACEMENT="5.358036750351385" />
        <Edge SPOT_SOURCE_ID="140167" SPOT_TARGET_ID="140177" LINK_COST="1.1074838022076725" VELOCITY="1.6666624692382888" DISPLACEMENT="1.6666624692382888" />
        <Edge SPOT_SOURCE_ID="141046" SPOT_TARGET_ID="141059" LINK_COST="1.048398432922572" VELOCITY="2.1730619956239408" DISPLACEMENT="2.1730619956239408" />
        <Edge SPOT_SOURCE_ID="143827" SPOT_TARGET_ID="143842" LINK_COST="4.732151648617796" VELOCITY="1.6310550838178748" DISPLACEMENT="1.6310550838178748" />
        <Edge SPOT_SOURCE_ID="132698" SPOT_TARGET_ID="132785" LINK_COST="36.461890869269595" VELOCITY="6.0383682290226055" DISPLACEMENT="6.0383682290226055" />
        <Edge SPOT_SOURCE_ID="137702" SPOT_TARGET_ID="137717" LINK_COST="29.485694896088145" VELOCITY="3.354093519087712" DISPLACEMENT="3.354093519087712" />
        <Edge SPOT_SOURCE_ID="149104" SPOT_TARGET_ID="149187" LINK_COST="-1.0" VELOCITY="3.6473739295963785" DISPLACEMENT="3.6473739295963785" />
        <Edge SPOT_SOURCE_ID="152629" SPOT_TARGET_ID="152670" LINK_COST="-1.0" VELOCITY="4.089015057576043" DISPLACEMENT="4.089015057576043" />
        <Edge SPOT_SOURCE_ID="156704" SPOT_TARGET_ID="156746" LINK_COST="-1.0" VELOCITY="0.9920584951310389" DISPLACEMENT="0.9920584951310389" />
        <Edge SPOT_SOURCE_ID="148361" SPOT_TARGET_ID="148364" LINK_COST="-1.0" VELOCITY="1.9940128969887305" DISPLACEMENT="1.9940128969887305" />
        <Edge SPOT_SOURCE_ID="146143" SPOT_TARGET_ID="146161" LINK_COST="17.778246429507625" VELOCITY="4.216425788450168" DISPLACEMENT="4.216425788450168" />
        <Edge SPOT_SOURCE_ID="139272" SPOT_TARGET_ID="139296" LINK_COST="-1.0" VELOCITY="5.2174788074701155" DISPLACEMENT="5.2174788074701155" />
        <Edge SPOT_SOURCE_ID="148183" SPOT_TARGET_ID="148250" LINK_COST="-1.0" VELOCITY="2.076129046754709" DISPLACEMENT="2.076129046754709" />
        <Edge SPOT_SOURCE_ID="148115" SPOT_TARGET_ID="148118" LINK_COST="-1.0" VELOCITY="1.2704547590250976" DISPLACEMENT="1.2704547590250976" />
        <Edge SPOT_SOURCE_ID="132443" SPOT_TARGET_ID="132451" LINK_COST="55.93263725912696" VELOCITY="7.47881255675839" DISPLACEMENT="7.47881255675839" />
        <Edge SPOT_SOURCE_ID="137282" SPOT_TARGET_ID="137304" LINK_COST="72.9819031907546" VELOCITY="2.1081797974052514" DISPLACEMENT="2.1081797974052514" />
        <Edge SPOT_SOURCE_ID="140592" SPOT_TARGET_ID="140593" LINK_COST="-1.0" VELOCITY="4.7867676851034595" DISPLACEMENT="4.7867676851034595" />
        <Edge SPOT_SOURCE_ID="149032" SPOT_TARGET_ID="149049" LINK_COST="2.5041317868120863" VELOCITY="2.522230747035954" DISPLACEMENT="2.522230747035954" />
        <Edge SPOT_SOURCE_ID="150983" SPOT_TARGET_ID="151007" LINK_COST="-1.0" VELOCITY="1.4072716647320134" DISPLACEMENT="1.4072716647320134" />
        <Edge SPOT_SOURCE_ID="140188" SPOT_TARGET_ID="140201" LINK_COST="0.9536636467935364" VELOCITY="1.5365868730442398" DISPLACEMENT="1.5365868730442398" />
        <Edge SPOT_SOURCE_ID="144339" SPOT_TARGET_ID="144354" LINK_COST="8.604578512944913" VELOCITY="2.690004956712591" DISPLACEMENT="2.690004956712591" />
        <Edge SPOT_SOURCE_ID="140498" SPOT_TARGET_ID="140515" LINK_COST="-1.0" VELOCITY="1.7181615025259913" DISPLACEMENT="1.7181615025259913" />
        <Edge SPOT_SOURCE_ID="133684" SPOT_TARGET_ID="133700" LINK_COST="5.546888408645335" VELOCITY="2.3551833068033865" DISPLACEMENT="2.3551833068033865" />
        <Edge SPOT_SOURCE_ID="140310" SPOT_TARGET_ID="140424" LINK_COST="-1.0" VELOCITY="3.8908627109809757" DISPLACEMENT="3.8908627109809757" />
        <Edge SPOT_SOURCE_ID="138156" SPOT_TARGET_ID="138174" LINK_COST="4.999380756795161" VELOCITY="2.409996001185434" DISPLACEMENT="2.409996001185434" />
        <Edge SPOT_SOURCE_ID="147413" SPOT_TARGET_ID="147426" LINK_COST="-1.0" VELOCITY="0.8701821310143698" DISPLACEMENT="0.8701821310143698" />
        <Edge SPOT_SOURCE_ID="148899" SPOT_TARGET_ID="148900" LINK_COST="-1.0" VELOCITY="0.7240352982380847" DISPLACEMENT="0.7240352982380847" />
        <Edge SPOT_SOURCE_ID="149432" SPOT_TARGET_ID="149434" LINK_COST="-1.0" VELOCITY="0.8873240931076284" DISPLACEMENT="0.8873240931076284" />
        <Edge SPOT_SOURCE_ID="132376" SPOT_TARGET_ID="132409" LINK_COST="-1.0" VELOCITY="5.217478807469888" DISPLACEMENT="5.217478807469888" />
        <Edge SPOT_SOURCE_ID="135534" SPOT_TARGET_ID="135547" LINK_COST="21.903166996881282" VELOCITY="4.121530987763049" DISPLACEMENT="4.121530987763049" />
        <Edge SPOT_SOURCE_ID="141575" SPOT_TARGET_ID="141589" LINK_COST="11.511450307334341" VELOCITY="3.392852827243519" DISPLACEMENT="3.392852827243519" />
        <Edge SPOT_SOURCE_ID="141161" SPOT_TARGET_ID="141182" LINK_COST="2.156735934412813" VELOCITY="0.978633050290739" DISPLACEMENT="0.978633050290739" />
        <Edge SPOT_SOURCE_ID="154101" SPOT_TARGET_ID="154104" LINK_COST="-1.0" VELOCITY="1.838029517338986" DISPLACEMENT="1.838029517338986" />
        <Edge SPOT_SOURCE_ID="146206" SPOT_TARGET_ID="146219" LINK_COST="7.901238167469625" VELOCITY="2.8109141159896054" DISPLACEMENT="2.8109141159896054" />
        <Edge SPOT_SOURCE_ID="142762" SPOT_TARGET_ID="142778" LINK_COST="16.251507629637807" VELOCITY="1.8100933650871622" DISPLACEMENT="1.8100933650871622" />
        <Edge SPOT_SOURCE_ID="141563" SPOT_TARGET_ID="141575" LINK_COST="15.363202931712273" VELOCITY="3.919592189464648" DISPLACEMENT="3.919592189464648" />
        <Edge SPOT_SOURCE_ID="132654" SPOT_TARGET_ID="132667" LINK_COST="28.00685577245369" VELOCITY="3.1713777073602545" DISPLACEMENT="3.1713777073602545" />
        <Edge SPOT_SOURCE_ID="135058" SPOT_TARGET_ID="135082" LINK_COST="-1.0" VELOCITY="2.0620534332959313" DISPLACEMENT="2.0620534332959313" />
        <Edge SPOT_SOURCE_ID="136964" SPOT_TARGET_ID="136971" LINK_COST="-1.0" VELOCITY="3.0046184958650652" DISPLACEMENT="3.0046184958650652" />
        <Edge SPOT_SOURCE_ID="138141" SPOT_TARGET_ID="138156" LINK_COST="47.31676070671703" VELOCITY="3.745358076493366" DISPLACEMENT="3.745358076493366" />
        <Edge SPOT_SOURCE_ID="135812" SPOT_TARGET_ID="135832" LINK_COST="5.8218608932624605" VELOCITY="2.6801215286892224" DISPLACEMENT="2.6801215286892224" />
        <Edge SPOT_SOURCE_ID="133652" SPOT_TARGET_ID="133667" LINK_COST="23.30607144120279" VELOCITY="4.827636216742391" DISPLACEMENT="4.827636216742391" />
        <Edge SPOT_SOURCE_ID="150855" SPOT_TARGET_ID="150908" LINK_COST="-1.0" VELOCITY="2.0714789527868795" DISPLACEMENT="2.0714789527868795" />
        <Edge SPOT_SOURCE_ID="144194" SPOT_TARGET_ID="144206" LINK_COST="9.491489651115735" VELOCITY="1.7567000871750966" DISPLACEMENT="1.7567000871750966" />
        <Edge SPOT_SOURCE_ID="142064" SPOT_TARGET_ID="142077" LINK_COST="17.369821407466873" VELOCITY="0.5270449493514836" DISPLACEMENT="0.5270449493514836" />
        <Edge SPOT_SOURCE_ID="132155" SPOT_TARGET_ID="132167" LINK_COST="9.649171300108126" VELOCITY="1.957266100581478" DISPLACEMENT="1.957266100581478" />
        <Edge SPOT_SOURCE_ID="155209" SPOT_TARGET_ID="155236" LINK_COST="-1.0" VELOCITY="4.979688966737041" DISPLACEMENT="4.979688966737041" />
        <Edge SPOT_SOURCE_ID="155914" SPOT_TARGET_ID="156240" LINK_COST="-1.0" VELOCITY="7.402485147215895" DISPLACEMENT="7.402485147215895" />
        <Edge SPOT_SOURCE_ID="142730" SPOT_TARGET_ID="142750" LINK_COST="3.7806261744283116" VELOCITY="1.4181017663229578" DISPLACEMENT="1.4181017663229578" />
        <Edge SPOT_SOURCE_ID="151865" SPOT_TARGET_ID="151886" LINK_COST="14.997679903198248" VELOCITY="1.6189921449696136" DISPLACEMENT="1.6189921449696136" />
        <Edge SPOT_SOURCE_ID="140150" SPOT_TARGET_ID="140167" LINK_COST="30.29634629309905" VELOCITY="0.527044949351363" DISPLACEMENT="0.527044949351363" />
        <Edge SPOT_SOURCE_ID="156648" SPOT_TARGET_ID="156664" LINK_COST="-1.0" VELOCITY="2.323464622223552" DISPLACEMENT="2.323464622223552" />
        <Edge SPOT_SOURCE_ID="148943" SPOT_TARGET_ID="148962" LINK_COST="-1.0" VELOCITY="2.763555182773336" DISPLACEMENT="2.763555182773336" />
        <Edge SPOT_SOURCE_ID="139258" SPOT_TARGET_ID="139259" LINK_COST="-1.0" VELOCITY="2.6352247467564935" DISPLACEMENT="2.6352247467564935" />
        <Edge SPOT_SOURCE_ID="139257" SPOT_TARGET_ID="139258" LINK_COST="-1.0" VELOCITY="2.1081797974052914" DISPLACEMENT="2.1081797974052914" />
        <Edge SPOT_SOURCE_ID="141666" SPOT_TARGET_ID="141682" LINK_COST="6.491310750515168" VELOCITY="2.5478050848750513" DISPLACEMENT="2.5478050848750513" />
        <Edge SPOT_SOURCE_ID="135572" SPOT_TARGET_ID="135582" LINK_COST="4.433581803299108" VELOCITY="5.591926870003111" DISPLACEMENT="5.591926870003111" />
        <Edge SPOT_SOURCE_ID="148340" SPOT_TARGET_ID="148353" LINK_COST="-1.0" VELOCITY="2.4013534192286348" DISPLACEMENT="2.4013534192286348" />
        <Edge SPOT_SOURCE_ID="147478" SPOT_TARGET_ID="147479" LINK_COST="-1.0" VELOCITY="2.484799879892627" DISPLACEMENT="2.484799879892627" />
        <Edge SPOT_SOURCE_ID="137532" SPOT_TARGET_ID="137550" LINK_COST="1.6433792326872485" VELOCITY="1.3437062406414186" DISPLACEMENT="1.3437062406414186" />
        <Edge SPOT_SOURCE_ID="132239" SPOT_TARGET_ID="132252" LINK_COST="2.8167027298432865" VELOCITY="2.3066602205129696" DISPLACEMENT="2.3066602205129696" />
        <Edge SPOT_SOURCE_ID="141923" SPOT_TARGET_ID="141933" LINK_COST="57.483135541141394" VELOCITY="5.697200625766078" DISPLACEMENT="5.697200625766078" />
        <Edge SPOT_SOURCE_ID="143291" SPOT_TARGET_ID="143308" LINK_COST="89.13990115981446" VELOCITY="9.163262868202596" DISPLACEMENT="9.163262868202596" />
        <Edge SPOT_SOURCE_ID="132485" SPOT_TARGET_ID="132501" LINK_COST="6.654497590675681" VELOCITY="2.5796312896760423" DISPLACEMENT="2.5796312896760423" />
        <Edge SPOT_SOURCE_ID="141182" SPOT_TARGET_ID="141201" LINK_COST="16.33102597107438" VELOCITY="2.9177200339708014" DISPLACEMENT="2.9177200339708014" />
        <Edge SPOT_SOURCE_ID="154624" SPOT_TARGET_ID="155004" LINK_COST="-1.0" VELOCITY="1.2067254970634167" DISPLACEMENT="1.2067254970634167" />
        <Edge SPOT_SOURCE_ID="143842" SPOT_TARGET_ID="143859" LINK_COST="13.057348060401921" VELOCITY="0.3262110167638434" DISPLACEMENT="0.3262110167638434" />
        <Edge SPOT_SOURCE_ID="134507" SPOT_TARGET_ID="134541" LINK_COST="-1.0" VELOCITY="4.240743217926649" DISPLACEMENT="4.240743217926649" />
        <Edge SPOT_SOURCE_ID="148900" SPOT_TARGET_ID="148912" LINK_COST="-1.0" VELOCITY="1.900311766643517" DISPLACEMENT="1.900311766643517" />
        <Edge SPOT_SOURCE_ID="146234" SPOT_TARGET_ID="146257" LINK_COST="5.246503451422135" VELOCITY="2.290524710938988" DISPLACEMENT="2.290524710938988" />
        <Edge SPOT_SOURCE_ID="150806" SPOT_TARGET_ID="150841" LINK_COST="-1.0" VELOCITY="4.356029328832253" DISPLACEMENT="4.356029328832253" />
        <Edge SPOT_SOURCE_ID="147469" SPOT_TARGET_ID="147470" LINK_COST="-1.0" VELOCITY="3.2826482520893947" DISPLACEMENT="3.2826482520893947" />
        <Edge SPOT_SOURCE_ID="149275" SPOT_TARGET_ID="149432" LINK_COST="-1.0" VELOCITY="2.2622414328185085" DISPLACEMENT="2.2622414328185085" />
        <Edge SPOT_SOURCE_ID="134855" SPOT_TARGET_ID="134932" LINK_COST="-1.0" VELOCITY="2.0069273754255468" DISPLACEMENT="2.0069273754255468" />
        <Edge SPOT_SOURCE_ID="141524" SPOT_TARGET_ID="141540" LINK_COST="5.237095249707254" VELOCITY="2.288470067470242" DISPLACEMENT="2.288470067470242" />
        <Edge SPOT_SOURCE_ID="148119" SPOT_TARGET_ID="148123" LINK_COST="-1.0" VELOCITY="1.5110584813327608" DISPLACEMENT="1.5110584813327608" />
        <Edge SPOT_SOURCE_ID="148274" SPOT_TARGET_ID="148314" LINK_COST="-1.0" VELOCITY="3.5128572185588642" DISPLACEMENT="3.5128572185588642" />
        <Edge SPOT_SOURCE_ID="155004" SPOT_TARGET_ID="155027" LINK_COST="21.2551743421646" VELOCITY="5.526579853646178" DISPLACEMENT="5.526579853646178" />
        <Edge SPOT_SOURCE_ID="143099" SPOT_TARGET_ID="143121" LINK_COST="3.7234877068100767" VELOCITY="1.92963408624798" DISPLACEMENT="1.92963408624798" />
        <Edge SPOT_SOURCE_ID="149994" SPOT_TARGET_ID="150659" LINK_COST="-1.0" VELOCITY="3.7906501874113445" DISPLACEMENT="3.7906501874113445" />
        <Edge SPOT_SOURCE_ID="143308" SPOT_TARGET_ID="146435" LINK_COST="6.005920757416019" VELOCITY="1.39442986573618" DISPLACEMENT="1.39442986573618" />
        <Edge SPOT_SOURCE_ID="138248" SPOT_TARGET_ID="138267" LINK_COST="43.70258862182956" VELOCITY="3.7856862072379998" DISPLACEMENT="3.7856862072379998" />
        <Edge SPOT_SOURCE_ID="138016" SPOT_TARGET_ID="138034" LINK_COST="2.2475238971049976" VELOCITY="1.6310550838178983" DISPLACEMENT="1.6310550838178983" />
        <Edge SPOT_SOURCE_ID="141315" SPOT_TARGET_ID="141330" LINK_COST="2.7583710826838663" VELOCITY="1.6608344537261581" DISPLACEMENT="1.6608344537261581" />
        <Edge SPOT_SOURCE_ID="147468" SPOT_TARGET_ID="147469" LINK_COST="-1.0" VELOCITY="6.200267867353876" DISPLACEMENT="6.200267867353876" />
        <Edge SPOT_SOURCE_ID="141540" SPOT_TARGET_ID="141602" LINK_COST="-1.0" VELOCITY="6.963970613536144" DISPLACEMENT="6.963970613536144" />
        <Edge SPOT_SOURCE_ID="151052" SPOT_TARGET_ID="151068" LINK_COST="13.088048380346734" VELOCITY="0.7936467961048379" DISPLACEMENT="0.7936467961048379" />
        <Edge SPOT_SOURCE_ID="139209" SPOT_TARGET_ID="139212" LINK_COST="-1.0" VELOCITY="2.006927375425463" DISPLACEMENT="2.006927375425463" />
        <Edge SPOT_SOURCE_ID="155067" SPOT_TARGET_ID="155084" LINK_COST="14.70822249977915" VELOCITY="2.5489321903035806" DISPLACEMENT="2.5489321903035806" />
        <Edge SPOT_SOURCE_ID="151922" SPOT_TARGET_ID="151948" LINK_COST="35.93632317770856" VELOCITY="3.6423546201089185" DISPLACEMENT="3.6423546201089185" />
        <Edge SPOT_SOURCE_ID="147461" SPOT_TARGET_ID="147468" LINK_COST="-1.0" VELOCITY="1.7417762947096547" DISPLACEMENT="1.7417762947096547" />
        <Edge SPOT_SOURCE_ID="144247" SPOT_TARGET_ID="144339" LINK_COST="17.538452947382087" VELOCITY="0.7294300084927358" DISPLACEMENT="0.7294300084927358" />
        <Edge SPOT_SOURCE_ID="136001" SPOT_TARGET_ID="136014" LINK_COST="79.77901285543626" VELOCITY="3.278380144713471" DISPLACEMENT="3.278380144713471" />
        <Edge SPOT_SOURCE_ID="132667" SPOT_TARGET_ID="132679" LINK_COST="22.937632494363786" VELOCITY="4.789324847446014" DISPLACEMENT="4.789324847446014" />
        <Edge SPOT_SOURCE_ID="146219" SPOT_TARGET_ID="146234" LINK_COST="44.68891087303064" VELOCITY="6.684976505047018" DISPLACEMENT="6.684976505047018" />
        <Edge SPOT_SOURCE_ID="139794" SPOT_TARGET_ID="139808" LINK_COST="2.121143401499459" VELOCITY="1.6310550838179325" DISPLACEMENT="1.6310550838179325" />
        <Edge SPOT_SOURCE_ID="142750" SPOT_TARGET_ID="142762" LINK_COST="16.037921265785748" VELOCITY="2.2834771173451145" DISPLACEMENT="2.2834771173451145" />
        <Edge SPOT_SOURCE_ID="140713" SPOT_TARGET_ID="140727" LINK_COST="15.40551199766864" VELOCITY="1.666662469238187" DISPLACEMENT="1.666662469238187" />
        <Edge SPOT_SOURCE_ID="140727" SPOT_TARGET_ID="140809" LINK_COST="15.636435835890646" VELOCITY="3.37473428940776" DISPLACEMENT="3.37473428940776" />
        <Edge SPOT_SOURCE_ID="137355" SPOT_TARGET_ID="137371" LINK_COST="2.8266543915628635" VELOCITY="1.054089898702485" DISPLACEMENT="1.054089898702485" />
        <Edge SPOT_SOURCE_ID="143896" SPOT_TARGET_ID="143936" LINK_COST="30.72412750185063" VELOCITY="4.035007435069167" DISPLACEMENT="4.035007435069167" />
        <Edge SPOT_SOURCE_ID="134633" SPOT_TARGET_ID="134651" LINK_COST="27.932327743895762" VELOCITY="4.690511057971644" DISPLACEMENT="4.690511057971644" />
        <Edge SPOT_SOURCE_ID="148597" SPOT_TARGET_ID="148675" LINK_COST="-1.0" VELOCITY="3.899049407194302" DISPLACEMENT="3.899049407194302" />
        <Edge SPOT_SOURCE_ID="142946" SPOT_TARGET_ID="142960" LINK_COST="5.070168433731857" VELOCITY="2.251703451552148" DISPLACEMENT="2.251703451552148" />
        <Edge SPOT_SOURCE_ID="139208" SPOT_TARGET_ID="139209" LINK_COST="-1.0" VELOCITY="4.362073123712702" DISPLACEMENT="4.362073123712702" />
        <Edge SPOT_SOURCE_ID="147179" SPOT_TARGET_ID="147221" LINK_COST="-1.0" VELOCITY="1.74036426202879" DISPLACEMENT="1.74036426202879" />
        <Edge SPOT_SOURCE_ID="153471" SPOT_TARGET_ID="153670" LINK_COST="-1.0" VELOCITY="1.0793280966464696" DISPLACEMENT="1.0793280966464696" />
        <Edge SPOT_SOURCE_ID="154100" SPOT_TARGET_ID="154101" LINK_COST="-1.0" VELOCITY="1.7065675640091738" DISPLACEMENT="1.7065675640091738" />
        <Edge SPOT_SOURCE_ID="151236" SPOT_TARGET_ID="151255" LINK_COST="4.013019849754181" VELOCITY="2.2896006487915357" DISPLACEMENT="2.2896006487915357" />
        <Edge SPOT_SOURCE_ID="135794" SPOT_TARGET_ID="135812" LINK_COST="4.645099436172735" VELOCITY="3.514581046537609" DISPLACEMENT="3.514581046537609" />
        <Edge SPOT_SOURCE_ID="143722" SPOT_TARGET_ID="143739" LINK_COST="5.141202197761443" VELOCITY="3.4676706739176497" DISPLACEMENT="3.4676706739176497" />
        <Edge SPOT_SOURCE_ID="147399" SPOT_TARGET_ID="147412" LINK_COST="-1.0" VELOCITY="1.230623371415213" DISPLACEMENT="1.230623371415213" />
        <Edge SPOT_SOURCE_ID="140177" SPOT_TARGET_ID="140188" LINK_COST="13.763085753209786" VELOCITY="5.068956009268252" DISPLACEMENT="5.068956009268252" />
        <Edge SPOT_SOURCE_ID="140697" SPOT_TARGET_ID="140713" LINK_COST="19.46212715687579" VELOCITY="0.5270449493512023" DISPLACEMENT="0.5270449493512023" />
        <Edge SPOT_SOURCE_ID="132635" SPOT_TARGET_ID="132654" LINK_COST="29.652369681800046" VELOCITY="7.462961710913954" DISPLACEMENT="7.462961710913954" />
        <Edge SPOT_SOURCE_ID="137256" SPOT_TARGET_ID="137262" LINK_COST="-1.0" VELOCITY="2.6874124812829163" DISPLACEMENT="2.6874124812829163" />
        <Edge SPOT_SOURCE_ID="139466" SPOT_TARGET_ID="139493" LINK_COST="-1.0" VELOCITY="4.116352644859012" DISPLACEMENT="4.116352644859012" />
        <Edge SPOT_SOURCE_ID="150697" SPOT_TARGET_ID="150806" LINK_COST="-1.0" VELOCITY="3.928351219749043" DISPLACEMENT="3.928351219749043" />
        <Edge SPOT_SOURCE_ID="141514" SPOT_TARGET_ID="141524" LINK_COST="17.02061541883092" VELOCITY="4.125604854906844" DISPLACEMENT="4.125604854906844" />
        <Edge SPOT_SOURCE_ID="141954" SPOT_TARGET_ID="141969" LINK_COST="4.778888708196096" VELOCITY="2.186066949614329" DISPLACEMENT="2.186066949614329" />
        <Edge SPOT_SOURCE_ID="134580" SPOT_TARGET_ID="134592" LINK_COST="23.65864929813641" VELOCITY="4.8640157584177715" DISPLACEMENT="4.8640157584177715" />
        <Edge SPOT_SOURCE_ID="143250" SPOT_TARGET_ID="143271" LINK_COST="1.467849883058389" VELOCITY="1.3437062406413713" DISPLACEMENT="1.3437062406413713" />
        <Edge SPOT_SOURCE_ID="140959" SPOT_TARGET_ID="140975" LINK_COST="2.839898515333104" VELOCITY="2.6900049567127584" DISPLACEMENT="2.6900049567127584" />
        <Edge SPOT_SOURCE_ID="142669" SPOT_TARGET_ID="142678" LINK_COST="12.214194300759615" VELOCITY="3.4948811568863993" DISPLACEMENT="3.4948811568863993" />
        <Edge SPOT_SOURCE_ID="147226" SPOT_TARGET_ID="147300" LINK_COST="-1.0" VELOCITY="1.6189921449697096" DISPLACEMENT="1.6189921449697096" />
        <Edge SPOT_SOURCE_ID="138124" SPOT_TARGET_ID="138141" LINK_COST="19.66846435556481" VELOCITY="1.1180311730291617" DISPLACEMENT="1.1180311730291617" />
        <Edge SPOT_SOURCE_ID="148415" SPOT_TARGET_ID="148440" LINK_COST="5.553445155133276" VELOCITY="2.356574877896579" DISPLACEMENT="2.356574877896579" />
        <Edge SPOT_SOURCE_ID="139823" SPOT_TARGET_ID="139841" LINK_COST="7.093048409347347" VELOCITY="3.152247986410742" DISPLACEMENT="3.152247986410742" />
        <Edge SPOT_SOURCE_ID="132409" SPOT_TARGET_ID="132412" LINK_COST="-1.0" VELOCITY="2.4999937038573057" DISPLACEMENT="2.4999937038573057" />
        <Edge SPOT_SOURCE_ID="154048" SPOT_TARGET_ID="154099" LINK_COST="-1.0" VELOCITY="1.8380295173393741" DISPLACEMENT="1.8380295173393741" />
        <Edge SPOT_SOURCE_ID="155358" SPOT_TARGET_ID="155367" LINK_COST="20.390896400218484" VELOCITY="4.515628018362284" DISPLACEMENT="4.515628018362284" />
        <Edge SPOT_SOURCE_ID="149089" SPOT_TARGET_ID="149104" LINK_COST="4.20939018893983" VELOCITY="2.33923943219914" DISPLACEMENT="2.33923943219914" />
        <Edge SPOT_SOURCE_ID="140019" SPOT_TARGET_ID="140150" LINK_COST="16.805474548697855" VELOCITY="1.863385288382028" DISPLACEMENT="1.863385288382028" />
        <Edge SPOT_SOURCE_ID="133216" SPOT_TARGET_ID="133225" LINK_COST="4.013867940618941" VELOCITY="2.0034639853560985" DISPLACEMENT="2.0034639853560985" />
        <Edge SPOT_SOURCE_ID="147470" SPOT_TARGET_ID="147471" LINK_COST="-1.0" VELOCITY="3.6839730568301543" DISPLACEMENT="3.6839730568301543" />
        <Edge SPOT_SOURCE_ID="144367" SPOT_TARGET_ID="145940" LINK_COST="-1.0" VELOCITY="3.1633887661166935" DISPLACEMENT="3.1633887661166935" />
        <Edge SPOT_SOURCE_ID="140844" SPOT_TARGET_ID="140861" LINK_COST="7.895099550523884" VELOCITY="3.1826194074973646" DISPLACEMENT="3.1826194074973646" />
        <Edge SPOT_SOURCE_ID="143083" SPOT_TARGET_ID="143099" LINK_COST="5.609912843647112" VELOCITY="2.368525457673426" DISPLACEMENT="2.368525457673426" />
        <Edge SPOT_SOURCE_ID="135507" SPOT_TARGET_ID="135521" LINK_COST="3.7791246025304424" VELOCITY="1.9439970685498582" DISPLACEMENT="1.9439970685498582" />
        <Edge SPOT_SOURCE_ID="148272" SPOT_TARGET_ID="148273" LINK_COST="-1.0" VELOCITY="0.763200216263846" DISPLACEMENT="0.763200216263846" />
        <Edge SPOT_SOURCE_ID="151184" SPOT_TARGET_ID="151204" LINK_COST="33.323227137811344" VELOCITY="6.190347820679753" DISPLACEMENT="6.190347820679753" />
        <Edge SPOT_SOURCE_ID="141984" SPOT_TARGET_ID="141997" LINK_COST="11.988212225525311" VELOCITY="4.137180648607378" DISPLACEMENT="4.137180648607378" />
        <Edge SPOT_SOURCE_ID="132810" SPOT_TARGET_ID="132822" LINK_COST="6.027340737638219" VELOCITY="2.455064304175803" DISPLACEMENT="2.455064304175803" />
        <Edge SPOT_SOURCE_ID="140818" SPOT_TARGET_ID="140830" LINK_COST="1.425443177392163" VELOCITY="0.8333312346189918" DISPLACEMENT="0.8333312346189918" />
        <Edge SPOT_SOURCE_ID="144206" SPOT_TARGET_ID="144219" LINK_COST="0.13251547268999875" VELOCITY="3.405743001595152" DISPLACEMENT="3.405743001595152" />
        <Edge SPOT_SOURCE_ID="142049" SPOT_TARGET_ID="142064" LINK_COST="2.8719949512415175" VELOCITY="1.8633852883820508" DISPLACEMENT="1.8633852883820508" />
        <Edge SPOT_SOURCE_ID="148738" SPOT_TARGET_ID="148750" LINK_COST="56.37872906350843" VELOCITY="2.751757513184355" DISPLACEMENT="2.751757513184355" />
        <Edge SPOT_SOURCE_ID="138581" SPOT_TARGET_ID="139162" LINK_COST="-1.0" VELOCITY="2.6352247467566947" DISPLACEMENT="2.6352247467566947" />
        <Edge SPOT_SOURCE_ID="141286" SPOT_TARGET_ID="141302" LINK_COST="1.0318652956053755" VELOCITY="1.0158077060179134" DISPLACEMENT="1.0158077060179134" />
        <Edge SPOT_SOURCE_ID="141361" SPOT_TARGET_ID="141374" LINK_COST="2.9471291787024683" VELOCITY="1.7167204719180313" DISPLACEMENT="1.7167204719180313" />
        <Edge SPOT_SOURCE_ID="141650" SPOT_TARGET_ID="141666" LINK_COST="2.8971155699558997" VELOCITY="1.7020915280782933" DISPLACEMENT="1.7020915280782933" />
        <Edge SPOT_SOURCE_ID="152670" SPOT_TARGET_ID="153121" LINK_COST="-1.0" VELOCITY="3.931609943296712" DISPLACEMENT="3.931609943296712" />
        <Edge SPOT_SOURCE_ID="135044" SPOT_TARGET_ID="135058" LINK_COST="-1.0" VELOCITY="2.698320241616085" DISPLACEMENT="2.698320241616085" />
        <Edge SPOT_SOURCE_ID="133700" SPOT_TARGET_ID="133714" LINK_COST="13.65169653198399" VELOCITY="3.6948202299954986" DISPLACEMENT="3.6948202299954986" />
        <Edge SPOT_SOURCE_ID="147483" SPOT_TARGET_ID="148105" LINK_COST="-1.0" VELOCITY="1.2996831357315417" DISPLACEMENT="1.2996831357315417" />
        <Edge SPOT_SOURCE_ID="143936" SPOT_TARGET_ID="144019" LINK_COST="43.861730195520785" VELOCITY="1.7567000871751186" DISPLACEMENT="1.7567000871751186" />
        <Edge SPOT_SOURCE_ID="151037" SPOT_TARGET_ID="151052" LINK_COST="2.843710547205978" VELOCITY="2.182528689288347" DISPLACEMENT="2.182528689288347" />
        <Edge SPOT_SOURCE_ID="132921" SPOT_TARGET_ID="132938" LINK_COST="13.20860381656403" VELOCITY="6.505918037016223" DISPLACEMENT="6.505918037016223" />
        <Edge SPOT_SOURCE_ID="151682" SPOT_TARGET_ID="151694" LINK_COST="30.66021763739852" VELOCITY="1.0867456322959785" DISPLACEMENT="1.0867456322959785" />
        <Edge SPOT_SOURCE_ID="144070" SPOT_TARGET_ID="144085" LINK_COST="19.0679761215375" VELOCITY="1.0315698108123699" DISPLACEMENT="1.0315698108123699" />
        <Edge SPOT_SOURCE_ID="148561" SPOT_TARGET_ID="148597" LINK_COST="-1.0" VELOCITY="5.071462521313402" DISPLACEMENT="5.071462521313402" />
        <Edge SPOT_SOURCE_ID="150841" SPOT_TARGET_ID="150855" LINK_COST="-1.0" VELOCITY="4.281602915713798" DISPLACEMENT="4.281602915713798" />
        <Edge SPOT_SOURCE_ID="148481" SPOT_TARGET_ID="148501" LINK_COST="11.128716829449687" VELOCITY="3.3359731457926465" DISPLACEMENT="3.3359731457926465" />
        <Edge SPOT_SOURCE_ID="135596" SPOT_TARGET_ID="135610" LINK_COST="15.525132402789371" VELOCITY="6.564870076434315" DISPLACEMENT="6.564870076434315" />
        <Edge SPOT_SOURCE_ID="144036" SPOT_TARGET_ID="144053" LINK_COST="4.058003944091366" VELOCITY="1.0315698108122227" DISPLACEMENT="1.0315698108122227" />
        <Edge SPOT_SOURCE_ID="132252" SPOT_TARGET_ID="132261" LINK_COST="8.909891311358747" VELOCITY="3.4057430015952384" DISPLACEMENT="3.4057430015952384" />
        <Edge SPOT_SOURCE_ID="155439" SPOT_TARGET_ID="155544" LINK_COST="-1.0" VELOCITY="1.1569290723969072" DISPLACEMENT="1.1569290723969072" />
        <Edge SPOT_SOURCE_ID="143661" SPOT_TARGET_ID="143684" LINK_COST="6.403619093838948" VELOCITY="2.306660220512568" DISPLACEMENT="2.306660220512568" />
        <Edge SPOT_SOURCE_ID="143121" SPOT_TARGET_ID="143140" LINK_COST="9.4181228636639" VELOCITY="3.068896033374852" DISPLACEMENT="3.068896033374852" />
        <Edge SPOT_SOURCE_ID="141714" SPOT_TARGET_ID="142116" LINK_COST="3.4011772754903995" VELOCITY="1.8442280974679892" DISPLACEMENT="1.8442280974679892" />
        <Edge SPOT_SOURCE_ID="141867" SPOT_TARGET_ID="141889" LINK_COST="3.8693330362798015" VELOCITY="2.063139621624669" DISPLACEMENT="2.063139621624669" />
        <Edge SPOT_SOURCE_ID="137879" SPOT_TARGET_ID="137982" LINK_COST="43.00805435787744" VELOCITY="3.0075169715106185" DISPLACEMENT="3.0075169715106185" />
        <Edge SPOT_SOURCE_ID="146346" SPOT_TARGET_ID="146364" LINK_COST="6.798155353170635" VELOCITY="2.607327243207234" DISPLACEMENT="2.607327243207234" />
        <Edge SPOT_SOURCE_ID="136971" SPOT_TARGET_ID="137163" LINK_COST="-1.0" VELOCITY="4.290636030965818" DISPLACEMENT="4.290636030965818" />
        <Edge SPOT_SOURCE_ID="135493" SPOT_TARGET_ID="135507" LINK_COST="12.754581384574596" VELOCITY="3.5713556788108622" DISPLACEMENT="3.5713556788108622" />
        <Edge SPOT_SOURCE_ID="154380" SPOT_TARGET_ID="154527" LINK_COST="-1.0" VELOCITY="2.5227635438952367" DISPLACEMENT="2.5227635438952367" />
        <Edge SPOT_SOURCE_ID="141889" SPOT_TARGET_ID="141899" LINK_COST="6.865828431792908" VELOCITY="2.063139621624669" DISPLACEMENT="2.063139621624669" />
        <Edge SPOT_SOURCE_ID="144085" SPOT_TARGET_ID="144194" LINK_COST="33.29855736037886" VELOCITY="4.290636030965872" DISPLACEMENT="4.290636030965872" />
        <Edge SPOT_SOURCE_ID="146480" SPOT_TARGET_ID="146503" LINK_COST="4.795326822629487" VELOCITY="3.7726297237693074" DISPLACEMENT="3.7726297237693074" />
        <Edge SPOT_SOURCE_ID="137240" SPOT_TARGET_ID="137244" LINK_COST="-1.0" VELOCITY="3.535525001842223" DISPLACEMENT="3.535525001842223" />
        <Edge SPOT_SOURCE_ID="140593" SPOT_TARGET_ID="140629" LINK_COST="-1.0" VELOCITY="1.4588600169854007" DISPLACEMENT="1.4588600169854007" />
        <Edge SPOT_SOURCE_ID="133888" SPOT_TARGET_ID="133905" LINK_COST="15.822536024337118" VELOCITY="4.526684965579838" DISPLACEMENT="4.526684965579838" />
        <Edge SPOT_SOURCE_ID="139737" SPOT_TARGET_ID="139794" LINK_COST="93.39122386115181" VELOCITY="2.635224746756534" DISPLACEMENT="2.635224746756534" />
        <Edge SPOT_SOURCE_ID="148773" SPOT_TARGET_ID="148899" LINK_COST="-1.0" VELOCITY="3.5140376899272985" DISPLACEMENT="3.5140376899272985" />
        <Edge SPOT_SOURCE_ID="141757" SPOT_TARGET_ID="141769" LINK_COST="1.6072450067362893" VELOCITY="1.2677716697955863" DISPLACEMENT="1.2677716697955863" />
        <Edge SPOT_SOURCE_ID="151087" SPOT_TARGET_ID="151184" LINK_COST="3.997370679698248" VELOCITY="1.8257893738056363" DISPLACEMENT="1.8257893738056363" />
        <Edge SPOT_SOURCE_ID="139162" SPOT_TARGET_ID="139163" LINK_COST="-1.0" VELOCITY="2.3570166678948934" DISPLACEMENT="2.3570166678948934" />
        <Edge SPOT_SOURCE_ID="154586" SPOT_TARGET_ID="154619" LINK_COST="-1.0" VELOCITY="1.706801971810141" DISPLACEMENT="1.706801971810141" />
        <Edge SPOT_SOURCE_ID="143050" SPOT_TARGET_ID="143066" LINK_COST="0.7103765650559846" VELOCITY="0.8428383979482571" DISPLACEMENT="0.8428383979482571" />
        <Edge SPOT_SOURCE_ID="148698" SPOT_TARGET_ID="148719" LINK_COST="5.144195315716349" VELOCITY="3.197269494977736" DISPLACEMENT="3.197269494977736" />
        <Edge SPOT_SOURCE_ID="137165" SPOT_TARGET_ID="137189" LINK_COST="-1.0" VELOCITY="3.687918141828477" DISPLACEMENT="3.687918141828477" />
        <Edge SPOT_SOURCE_ID="155414" SPOT_TARGET_ID="155439" LINK_COST="19.69932099781978" VELOCITY="5.527110365545808" DISPLACEMENT="5.527110365545808" />
        <Edge SPOT_SOURCE_ID="141445" SPOT_TARGET_ID="141461" LINK_COST="20.16184041737783" VELOCITY="4.490193806215699" DISPLACEMENT="4.490193806215699" />
        <Edge SPOT_SOURCE_ID="132986" SPOT_TARGET_ID="133550" LINK_COST="-1.0" VELOCITY="9.3282930991248" DISPLACEMENT="9.3282930991248" />
        <Edge SPOT_SOURCE_ID="149951" SPOT_TARGET_ID="149979" LINK_COST="-1.0" VELOCITY="3.5769177724547823" DISPLACEMENT="3.5769177724547823" />
        <Edge SPOT_SOURCE_ID="148750" SPOT_TARGET_ID="148773" LINK_COST="0.8856825495525448" VELOCITY="2.185472826383924" DISPLACEMENT="2.185472826383924" />
        <Edge SPOT_SOURCE_ID="143066" SPOT_TARGET_ID="143083" LINK_COST="10.162753271043657" VELOCITY="3.187907349821142" DISPLACEMENT="3.187907349821142" />
        <Edge SPOT_SOURCE_ID="148367" SPOT_TARGET_ID="148381" LINK_COST="6.005693066915948" VELOCITY="2.4506515596706007" DISPLACEMENT="2.4506515596706007" />
        <Edge SPOT_SOURCE_ID="155607" SPOT_TARGET_ID="155622" LINK_COST="5.307522389255924" VELOCITY="2.303806065895288" DISPLACEMENT="2.303806065895288" />
        <Edge SPOT_SOURCE_ID="148915" SPOT_TARGET_ID="148916" LINK_COST="-1.0" VELOCITY="1.3652540512067186" DISPLACEMENT="1.3652540512067186" />
        <Edge SPOT_SOURCE_ID="143172" SPOT_TARGET_ID="143192" LINK_COST="17.979851781255835" VELOCITY="3.3625929281732967" DISPLACEMENT="3.3625929281732967" />
        <Edge SPOT_SOURCE_ID="148250" SPOT_TARGET_ID="148254" LINK_COST="-1.0" VELOCITY="1.2996831357316043" DISPLACEMENT="1.2996831357316043" />
        <Edge SPOT_SOURCE_ID="141424" SPOT_TARGET_ID="141434" LINK_COST="3.383253713858995" VELOCITY="1.8393623117425764" DISPLACEMENT="1.8393623117425764" />
        <Edge SPOT_SOURCE_ID="132798" SPOT_TARGET_ID="132810" LINK_COST="5.158869316349981" VELOCITY="2.2713144468236846" DISPLACEMENT="2.2713144468236846" />
        <Edge SPOT_SOURCE_ID="148364" SPOT_TARGET_ID="148367" LINK_COST="-1.0" VELOCITY="6.832971677112181" DISPLACEMENT="6.832971677112181" />
        <Edge SPOT_SOURCE_ID="144019" SPOT_TARGET_ID="144036" LINK_COST="0.7669027206108472" VELOCITY="0.32621101676355824" DISPLACEMENT="0.32621101676355824" />
        <Edge SPOT_SOURCE_ID="149517" SPOT_TARGET_ID="149951" LINK_COST="-1.0" VELOCITY="1.599646257827167" DISPLACEMENT="1.599646257827167" />
        <Edge SPOT_SOURCE_ID="140975" SPOT_TARGET_ID="140989" LINK_COST="8.198420712872375" VELOCITY="3.009854603151757" DISPLACEMENT="3.009854603151757" />
        <Edge SPOT_SOURCE_ID="150952" SPOT_TARGET_ID="150955" LINK_COST="-1.0" VELOCITY="2.727709888656902" DISPLACEMENT="2.727709888656902" />
        <Edge SPOT_SOURCE_ID="148972" SPOT_TARGET_ID="148994" LINK_COST="17.00265176272013" VELOCITY="4.123427186542783" DISPLACEMENT="4.123427186542783" />
        <Edge SPOT_SOURCE_ID="140286" SPOT_TARGET_ID="140297" LINK_COST="1.0355242537235045" VELOCITY="1.0315698108122806" DISPLACEMENT="1.0315698108122806" />
        <Edge SPOT_SOURCE_ID="148912" SPOT_TARGET_ID="148915" LINK_COST="-1.0" VELOCITY="3.4131351280171627" DISPLACEMENT="3.4131351280171627" />
        <Edge SPOT_SOURCE_ID="155544" SPOT_TARGET_ID="155559" LINK_COST="14.278066270401899" VELOCITY="3.7786328573178287" DISPLACEMENT="3.7786328573178287" />
        <Edge SPOT_SOURCE_ID="148916" SPOT_TARGET_ID="148919" LINK_COST="-1.0" VELOCITY="2.3769735652760375" DISPLACEMENT="2.3769735652760375" />
        <Edge SPOT_SOURCE_ID="139240" SPOT_TARGET_ID="139241" LINK_COST="-1.0" VELOCITY="1.5365868730442398" DISPLACEMENT="1.5365868730442398" />
        <Edge SPOT_SOURCE_ID="139841" SPOT_TARGET_ID="139857" LINK_COST="1.1606106426161082" VELOCITY="2.2360623460585884" DISPLACEMENT="2.2360623460585884" />
        <Edge SPOT_SOURCE_ID="148501" SPOT_TARGET_ID="148519" LINK_COST="3.753749284190178" VELOCITY="1.9374594922707875" DISPLACEMENT="1.9374594922707875" />
        <Edge SPOT_SOURCE_ID="147300" SPOT_TARGET_ID="147334" LINK_COST="-1.0" VELOCITY="1.3652540512068274" DISPLACEMENT="1.3652540512068274" />
        <Edge SPOT_SOURCE_ID="137266" SPOT_TARGET_ID="137267" LINK_COST="-1.0" VELOCITY="3.00690817839536" DISPLACEMENT="3.00690817839536" />
        <Edge SPOT_SOURCE_ID="137982" SPOT_TARGET_ID="137997" LINK_COST="8.724786782163353" VELOCITY="2.5477894879550087" DISPLACEMENT="2.5477894879550087" />
        <Edge SPOT_SOURCE_ID="147099" SPOT_TARGET_ID="147179" LINK_COST="-1.0" VELOCITY="0.7632002162636696" DISPLACEMENT="0.7632002162636696" />
        <Edge SPOT_SOURCE_ID="140861" SPOT_TARGET_ID="140937" LINK_COST="20.70457987315575" VELOCITY="2.173061995623571" DISPLACEMENT="2.173061995623571" />
        <Edge SPOT_SOURCE_ID="135204" SPOT_TARGET_ID="147099" LINK_COST="-1.0" VELOCITY="2.4847998798926203" DISPLACEMENT="2.4847998798926203" />
        <Edge SPOT_SOURCE_ID="156240" SPOT_TARGET_ID="156268" LINK_COST="1.3076394821419843" VELOCITY="1.143520652258622" DISPLACEMENT="1.143520652258622" />
        <Edge SPOT_SOURCE_ID="132553" SPOT_TARGET_ID="132567" LINK_COST="3.884519432800769" VELOCITY="3.294735818652875" DISPLACEMENT="3.294735818652875" />
        <Edge SPOT_SOURCE_ID="133800" SPOT_TARGET_ID="133823" LINK_COST="64.1283037986839" VELOCITY="4.309432208485696" DISPLACEMENT="4.309432208485696" />
        <Edge SPOT_SOURCE_ID="153977" SPOT_TARGET_ID="153988" LINK_COST="-1.0" VELOCITY="2.1983510605752286" DISPLACEMENT="2.1983510605752286" />
        <Edge SPOT_SOURCE_ID="155622" SPOT_TARGET_ID="155649" LINK_COST="42.93900111024408" VELOCITY="6.630184344930556" DISPLACEMENT="6.630184344930556" />
        <Edge SPOT_SOURCE_ID="132567" SPOT_TARGET_ID="132580" LINK_COST="7.330867908933683" VELOCITY="2.2719241150072524" DISPLACEMENT="2.2719241150072524" />
        <Edge SPOT_SOURCE_ID="146435" SPOT_TARGET_ID="146449" LINK_COST="4.188303430736686" VELOCITY="1.0540898987025251" DISPLACEMENT="1.0540898987025251" />
        <Edge SPOT_SOURCE_ID="132362" SPOT_TARGET_ID="132374" LINK_COST="-1.0" VELOCITY="5.229560426717582" DISPLACEMENT="5.229560426717582" />
        <Edge SPOT_SOURCE_ID="142091" SPOT_TARGET_ID="142669" LINK_COST="-1.0" VELOCITY="7.004047562524651" DISPLACEMENT="7.004047562524651" />
        <Edge SPOT_SOURCE_ID="148381" SPOT_TARGET_ID="148398" LINK_COST="17.548991275593586" VELOCITY="4.1891516176421195" DISPLACEMENT="4.1891516176421195" />
        <Edge SPOT_SOURCE_ID="151658" SPOT_TARGET_ID="151682" LINK_COST="79.30795637865673" VELOCITY="4.670959826410326" DISPLACEMENT="4.670959826410326" />
        <Edge SPOT_SOURCE_ID="141910" SPOT_TARGET_ID="141923" LINK_COST="17.99705248924915" VELOCITY="3.2621101676358535" DISPLACEMENT="3.2621101676358535" />
        <Edge SPOT_SOURCE_ID="139996" SPOT_TARGET_ID="140006" LINK_COST="3.1988796792782406" VELOCITY="2.8701318583862103" DISPLACEMENT="2.8701318583862103" />
        <Edge SPOT_SOURCE_ID="146607" SPOT_TARGET_ID="146627" LINK_COST="5.123841764492015" VELOCITY="2.263590458650154" DISPLACEMENT="2.263590458650154" />
        <Edge SPOT_SOURCE_ID="150659" SPOT_TARGET_ID="150690" LINK_COST="-1.0" VELOCITY="2.347638882678884" DISPLACEMENT="2.347638882678884" />
        <Edge SPOT_SOURCE_ID="141854" SPOT_TARGET_ID="141867" LINK_COST="21.323076911271823" VELOCITY="6.206587882224141" DISPLACEMENT="6.206587882224141" />
        <Edge SPOT_SOURCE_ID="140515" SPOT_TARGET_ID="140592" LINK_COST="-1.0" VELOCITY="3.800575178720931" DISPLACEMENT="3.800575178720931" />
        <Edge SPOT_SOURCE_ID="153670" SPOT_TARGET_ID="153818" LINK_COST="-1.0" VELOCITY="3.13748629236499" DISPLACEMENT="3.13748629236499" />
        <Edge SPOT_SOURCE_ID="142718" SPOT_TARGET_ID="142730" LINK_COST="13.689554301626728" VELOCITY="5.4579665748747495" DISPLACEMENT="5.4579665748747495" />
        <Edge SPOT_SOURCE_ID="137717" SPOT_TARGET_ID="137732" LINK_COST="1.9480158022070242" VELOCITY="4.323845485335705" DISPLACEMENT="4.323845485335705" />
        <Edge SPOT_SOURCE_ID="142678" SPOT_TARGET_ID="142692" LINK_COST="2.2827860202884143" VELOCITY="1.5108891489081568" DISPLACEMENT="1.5108891489081568" />
        <Edge SPOT_SOURCE_ID="153419" SPOT_TARGET_ID="153427" LINK_COST="-1.0" VELOCITY="1.4680449275786398" DISPLACEMENT="1.4680449275786398" />
        <Edge SPOT_SOURCE_ID="139969" SPOT_TARGET_ID="139979" LINK_COST="2.538553642422036" VELOCITY="3.854264545390769" DISPLACEMENT="3.854264545390769" />
        <Edge SPOT_SOURCE_ID="151640" SPOT_TARGET_ID="151658" LINK_COST="18.2271036965688" VELOCITY="4.269321221994054" DISPLACEMENT="4.269321221994054" />
        <Edge SPOT_SOURCE_ID="137563" SPOT_TARGET_ID="137587" LINK_COST="2.4784110975551314" VELOCITY="1.2098733410671845" DISPLACEMENT="1.2098733410671845" />
        <Edge SPOT_SOURCE_ID="132837" SPOT_TARGET_ID="132863" LINK_COST="22.231227476396747" VELOCITY="4.715000262608343" DISPLACEMENT="4.715000262608343" />
        <Edge SPOT_SOURCE_ID="132438" SPOT_TARGET_ID="132443" LINK_COST="-1.0" VELOCITY="7.550795444935032" DISPLACEMENT="7.550795444935032" />
        <Edge SPOT_SOURCE_ID="135029" SPOT_TARGET_ID="135041" LINK_COST="-1.0" VELOCITY="1.3205958138981444" DISPLACEMENT="1.3205958138981444" />
        <Edge SPOT_SOURCE_ID="137997" SPOT_TARGET_ID="138016" LINK_COST="3.861005640968658" VELOCITY="1.6310550838179325" DISPLACEMENT="1.6310550838179325" />
        <Edge SPOT_SOURCE_ID="133237" SPOT_TARGET_ID="133381" LINK_COST="8.841103838319126" VELOCITY="2.97339937417077" DISPLACEMENT="2.97339937417077" />
        <Edge SPOT_SOURCE_ID="143011" SPOT_TARGET_ID="143030" LINK_COST="44.71138145785869" VELOCITY="5.836078471169659" DISPLACEMENT="5.836078471169659" />
        <Edge SPOT_SOURCE_ID="153824" SPOT_TARGET_ID="153977" LINK_COST="-1.0" VELOCITY="1.2548657666932839" DISPLACEMENT="1.2548657666932839" />
        <Edge SPOT_SOURCE_ID="138050" SPOT_TARGET_ID="138124" LINK_COST="84.37694056407852" VELOCITY="2.3862975007429164" DISPLACEMENT="2.3862975007429164" />
        <Edge SPOT_SOURCE_ID="136014" SPOT_TARGET_ID="136029" LINK_COST="21.33522018610686" VELOCITY="6.656942547281939" DISPLACEMENT="6.656942547281939" />
        <Edge SPOT_SOURCE_ID="144354" SPOT_TARGET_ID="144367" LINK_COST="0.25724504638712464" VELOCITY="4.068655091559155" DISPLACEMENT="4.068655091559155" />
        <Edge SPOT_SOURCE_ID="142249" SPOT_TARGET_ID="142268" LINK_COST="14.949602079109145" VELOCITY="4.287049753034256" DISPLACEMENT="4.287049753034256" />
        <Edge SPOT_SOURCE_ID="141694" SPOT_TARGET_ID="141714" LINK_COST="0.8723906628947442" VELOCITY="0.9340185559691757" DISPLACEMENT="0.9340185559691757" />
        <Edge SPOT_SOURCE_ID="155048" SPOT_TARGET_ID="155067" LINK_COST="1.5738433721514318" VELOCITY="2.540909518049938" DISPLACEMENT="2.540909518049938" />
        <Edge SPOT_SOURCE_ID="141540" SPOT_TARGET_ID="141551" LINK_COST="95.08611375505696" VELOCITY="9.751210886605667" DISPLACEMENT="9.751210886605667" />
        <Edge SPOT_SOURCE_ID="154104" SPOT_TARGET_ID="154143" LINK_COST="-1.0" VELOCITY="7.16115492559366" DISPLACEMENT="7.16115492559366" />
        <Edge SPOT_SOURCE_ID="132475" SPOT_TARGET_ID="132485" LINK_COST="25.710619916921125" VELOCITY="5.070564062993498" DISPLACEMENT="5.070564062993498" />
        <Edge SPOT_SOURCE_ID="146068" SPOT_TARGET_ID="146080" LINK_COST="4.188513574251817" VELOCITY="2.0465858335901324" DISPLACEMENT="2.0465858335901324" />
        <Edge SPOT_SOURCE_ID="141059" SPOT_TARGET_ID="141071" LINK_COST="20.036860917517725" VELOCITY="5.095578975910017" DISPLACEMENT="5.095578975910017" />
        <Edge SPOT_SOURCE_ID="132167" SPOT_TARGET_ID="132177" LINK_COST="0.5602303575211767" VELOCITY="2.3315649280001423" DISPLACEMENT="2.3315649280001423" />
        <Edge SPOT_SOURCE_ID="138561" SPOT_TARGET_ID="138581" LINK_COST="2.7731166158159857" VELOCITY="3.4279751596669508" DISPLACEMENT="3.4279751596669508" />
        <Edge SPOT_SOURCE_ID="155399" SPOT_TARGET_ID="155414" LINK_COST="3.7407879262243666" VELOCITY="5.603046070683129" DISPLACEMENT="5.603046070683129" />
        <Edge SPOT_SOURCE_ID="150955" SPOT_TARGET_ID="150978" LINK_COST="-1.0" VELOCITY="1.7966943505946602" DISPLACEMENT="1.7966943505946602" />
        <Edge SPOT_SOURCE_ID="141969" SPOT_TARGET_ID="141984" LINK_COST="36.2760425081966" VELOCITY="5.540242759966039" DISPLACEMENT="5.540242759966039" />
        <Edge SPOT_SOURCE_ID="151620" SPOT_TARGET_ID="151640" LINK_COST="11.118697730042323" VELOCITY="3.334471131985149" DISPLACEMENT="3.334471131985149" />
        <Edge SPOT_SOURCE_ID="133433" SPOT_TARGET_ID="135493" LINK_COST="2.892512558596119" VELOCITY="1.7007388272736408" DISPLACEMENT="1.7007388272736408" />
      </Track>
      <Track name="Track_21" TRACK_ID="21" TRACK_INDEX="4" TRACK_DURATION="276.0" TRACK_START="0.0" TRACK_STOP="276.0" TRACK_DISPLACEMENT="104.25673126523861" NUMBER_SPOTS="527" NUMBER_GAPS="0" LONGEST_GAP="0" NUMBER_SPLITS="2" NUMBER_MERGES="0" NUMBER_COMPLEX="0" DIVISION_TIME_MEAN="205.0" DIVISION_TIME_STD="NaN">
        <Edge SPOT_SOURCE_ID="170531" SPOT_TARGET_ID="170587" LINK_COST="-1.0" VELOCITY="2.4134509941268334" DISPLACEMENT="2.4134509941268334" />
        <Edge SPOT_SOURCE_ID="172426" SPOT_TARGET_ID="172442" LINK_COST="12.80792134375296" VELOCITY="3.5788156342221598" DISPLACEMENT="3.5788156342221598" />
        <Edge SPOT_SOURCE_ID="171906" SPOT_TARGET_ID="171922" LINK_COST="29.837869780804095" VELOCITY="2.945992378565545" DISPLACEMENT="2.945992378565545" />
        <Edge SPOT_SOURCE_ID="171943" SPOT_TARGET_ID="171957" LINK_COST="15.882358507573517" VELOCITY="2.389194589611697" DISPLACEMENT="2.389194589611697" />
        <Edge SPOT_SOURCE_ID="172253" SPOT_TARGET_ID="172267" LINK_COST="2.8443957684984955" VELOCITY="1.6865336547186052" DISPLACEMENT="1.6865336547186052" />
        <Edge SPOT_SOURCE_ID="168926" SPOT_TARGET_ID="168945" LINK_COST="11.362023994037994" VELOCITY="3.3707601507728184" DISPLACEMENT="3.3707601507728184" />
        <Edge SPOT_SOURCE_ID="169408" SPOT_TARGET_ID="169429" LINK_COST="11.669452236518243" VELOCITY="3.416057996656123" DISPLACEMENT="3.416057996656123" />
        <Edge SPOT_SOURCE_ID="169775" SPOT_TARGET_ID="169786" LINK_COST="30.00420314352244" VELOCITY="5.477609254366583" DISPLACEMENT="5.477609254366583" />
        <Edge SPOT_SOURCE_ID="157785" SPOT_TARGET_ID="157758" LINK_COST="-1.0" VELOCITY="3.0572926737119572" DISPLACEMENT="3.0572926737119572" />
        <Edge SPOT_SOURCE_ID="166384" SPOT_TARGET_ID="166351" LINK_COST="-1.0" VELOCITY="4.260079842576572" DISPLACEMENT="4.260079842576572" />
        <Edge SPOT_SOURCE_ID="170254" SPOT_TARGET_ID="170265" LINK_COST="11.481267246015918" VELOCITY="3.388401871976805" DISPLACEMENT="3.388401871976805" />
        <Edge SPOT_SOURCE_ID="172640" SPOT_TARGET_ID="172996" LINK_COST="5.1767085591023605" VELOCITY="2.2752381323945765" DISPLACEMENT="2.2752381323945765" />
        <Edge SPOT_SOURCE_ID="166536" SPOT_TARGET_ID="166534" LINK_COST="-1.0" VELOCITY="0.8180723924433132" DISPLACEMENT="0.8180723924433132" />
        <Edge SPOT_SOURCE_ID="156953" SPOT_TARGET_ID="156918" LINK_COST="-1.0" VELOCITY="2.4254882308641963" DISPLACEMENT="2.4254882308641963" />
        <Edge SPOT_SOURCE_ID="169329" SPOT_TARGET_ID="169353" LINK_COST="4.494270841012679" VELOCITY="2.119969537755833" DISPLACEMENT="2.119969537755833" />
        <Edge SPOT_SOURCE_ID="167360" SPOT_TARGET_ID="167346" LINK_COST="-1.0" VELOCITY="1.7403642620287674" DISPLACEMENT="1.7403642620287674" />
        <Edge SPOT_SOURCE_ID="169468" SPOT_TARGET_ID="169478" LINK_COST="12.457284297051833" VELOCITY="3.5294878236157485" DISPLACEMENT="3.5294878236157485" />
        <Edge SPOT_SOURCE_ID="173058" SPOT_TARGET_ID="173077" LINK_COST="5.483142237615341" VELOCITY="2.341611034654419" DISPLACEMENT="2.341611034654419" />
        <Edge SPOT_SOURCE_ID="165507" SPOT_TARGET_ID="165496" LINK_COST="-1.0" VELOCITY="2.225091873584848" DISPLACEMENT="2.225091873584848" />
        <Edge SPOT_SOURCE_ID="157582" SPOT_TARGET_ID="157574" LINK_COST="-1.0" VELOCITY="4.204268525843841" DISPLACEMENT="4.204268525843841" />
        <Edge SPOT_SOURCE_ID="169250" SPOT_TARGET_ID="169275" LINK_COST="7.61661684928813" VELOCITY="2.7598218872398506" DISPLACEMENT="2.7598218872398506" />
        <Edge SPOT_SOURCE_ID="169733" SPOT_TARGET_ID="169750" LINK_COST="10.808913375923346" VELOCITY="3.287691192299445" DISPLACEMENT="3.287691192299445" />
        <Edge SPOT_SOURCE_ID="169429" SPOT_TARGET_ID="169440" LINK_COST="5.6574609285730855" VELOCITY="2.378541765152146" DISPLACEMENT="2.378541765152146" />
        <Edge SPOT_SOURCE_ID="167405" SPOT_TARGET_ID="167404" LINK_COST="-1.0" VELOCITY="1.6976089199629831" DISPLACEMENT="1.6976089199629831" />
        <Edge SPOT_SOURCE_ID="124326" SPOT_TARGET_ID="124213" LINK_COST="-1.0" VELOCITY="3.8055506466896487" DISPLACEMENT="3.8055506466896487" />
        <Edge SPOT_SOURCE_ID="169684" SPOT_TARGET_ID="169694" LINK_COST="6.569797138362002" VELOCITY="2.5631615513584003" DISPLACEMENT="2.5631615513584003" />
        <Edge SPOT_SOURCE_ID="170594" SPOT_TARGET_ID="170606" LINK_COST="10.42384765164951" VELOCITY="1.70321865513153" DISPLACEMENT="1.70321865513153" />
        <Edge SPOT_SOURCE_ID="170031" SPOT_TARGET_ID="170043" LINK_COST="6.8982727964382935" VELOCITY="2.626456319156725" DISPLACEMENT="2.626456319156725" />
        <Edge SPOT_SOURCE_ID="173014" SPOT_TARGET_ID="173033" LINK_COST="9.389040555312075" VELOCITY="3.064154133739371" DISPLACEMENT="3.064154133739371" />
        <Edge SPOT_SOURCE_ID="167543" SPOT_TARGET_ID="167537" LINK_COST="-1.0" VELOCITY="1.0793280966465106" DISPLACEMENT="1.0793280966465106" />
        <Edge SPOT_SOURCE_ID="168301" SPOT_TARGET_ID="168293" LINK_COST="-1.0" VELOCITY="0.7202344674651613" DISPLACEMENT="0.7202344674651613" />
        <Edge SPOT_SOURCE_ID="169382" SPOT_TARGET_ID="169398" LINK_COST="12.829213938831384" VELOCITY="3.5817892091567005" DISPLACEMENT="3.5817892091567005" />
        <Edge SPOT_SOURCE_ID="124106" SPOT_TARGET_ID="123974" LINK_COST="-1.0" VELOCITY="1.4907082307056498" DISPLACEMENT="1.4907082307056498" />
        <Edge SPOT_SOURCE_ID="167978" SPOT_TARGET_ID="167977" LINK_COST="-1.0" VELOCITY="0.763200216263989" DISPLACEMENT="0.763200216263989" />
        <Edge SPOT_SOURCE_ID="170279" SPOT_TARGET_ID="170292" LINK_COST="46.603619526389714" VELOCITY="6.826684372840868" DISPLACEMENT="6.826684372840868" />
        <Edge SPOT_SOURCE_ID="167286" SPOT_TARGET_ID="167276" LINK_COST="-1.0" VELOCITY="2.9061798407059873" DISPLACEMENT="2.9061798407059873" />
        <Edge SPOT_SOURCE_ID="169821" SPOT_TARGET_ID="169829" LINK_COST="10.436872360547776" VELOCITY="3.2306148579717417" DISPLACEMENT="3.2306148579717417" />
        <Edge SPOT_SOURCE_ID="165739" SPOT_TARGET_ID="165699" LINK_COST="-1.0" VELOCITY="0.5368310763301144" DISPLACEMENT="0.5368310763301144" />
        <Edge SPOT_SOURCE_ID="168777" SPOT_TARGET_ID="168790" LINK_COST="40.51654088536082" VELOCITY="6.36526047270344" DISPLACEMENT="6.36526047270344" />
        <Edge SPOT_SOURCE_ID="166821" SPOT_TARGET_ID="166803" LINK_COST="-1.0" VELOCITY="2.0371307039555897" DISPLACEMENT="2.0371307039555897" />
        <Edge SPOT_SOURCE_ID="167365" SPOT_TARGET_ID="167364" LINK_COST="-1.0" VELOCITY="0.8701821310140369" DISPLACEMENT="0.8701821310140369" />
        <Edge SPOT_SOURCE_ID="167417" SPOT_TARGET_ID="167408" LINK_COST="-1.0" VELOCITY="2.6408597140389247" DISPLACEMENT="2.6408597140389247" />
        <Edge SPOT_SOURCE_ID="168235" SPOT_TARGET_ID="168229" LINK_COST="-1.0" VELOCITY="6.338245188475083" DISPLACEMENT="6.338245188475083" />
        <Edge SPOT_SOURCE_ID="167912" SPOT_TARGET_ID="167899" LINK_COST="-1.0" VELOCITY="2.8889179444595685" DISPLACEMENT="2.8889179444595685" />
        <Edge SPOT_SOURCE_ID="170587" SPOT_TARGET_ID="170594" LINK_COST="52.82649764049611" VELOCITY="3.4555359478899037" DISPLACEMENT="3.4555359478899037" />
        <Edge SPOT_SOURCE_ID="167977" SPOT_TARGET_ID="167976" LINK_COST="-1.0" VELOCITY="5.198732542926158" DISPLACEMENT="5.198732542926158" />
        <Edge SPOT_SOURCE_ID="168492" SPOT_TARGET_ID="168512" LINK_COST="39.37945689033223" VELOCITY="3.5326198680893506" DISPLACEMENT="3.5326198680893506" />
        <Edge SPOT_SOURCE_ID="170506" SPOT_TARGET_ID="170518" LINK_COST="1.475546315621843" VELOCITY="0.9898675948566555" DISPLACEMENT="0.9898675948566555" />
        <Edge SPOT_SOURCE_ID="172369" SPOT_TARGET_ID="172393" LINK_COST="20.836167963920516" VELOCITY="4.564665153537608" DISPLACEMENT="4.564665153537608" />
        <Edge SPOT_SOURCE_ID="168129" SPOT_TARGET_ID="168097" LINK_COST="-1.0" VELOCITY="7.813370706986994" DISPLACEMENT="7.813370706986994" />
        <Edge SPOT_SOURCE_ID="169440" SPOT_TARGET_ID="169457" LINK_COST="6.224522732690034" VELOCITY="2.4948993431980444" DISPLACEMENT="2.4948993431980444" />
        <Edge SPOT_SOURCE_ID="172193" SPOT_TARGET_ID="172219" LINK_COST="10.5720867211682" VELOCITY="3.2514745456743466" DISPLACEMENT="3.2514745456743466" />
        <Edge SPOT_SOURCE_ID="157541" SPOT_TARGET_ID="157514" LINK_COST="-1.0" VELOCITY="2.3223493958778434" DISPLACEMENT="2.3223493958778434" />
        <Edge SPOT_SOURCE_ID="167157" SPOT_TARGET_ID="167132" LINK_COST="-1.0" VELOCITY="2.2250918735847343" DISPLACEMENT="2.2250918735847343" />
        <Edge SPOT_SOURCE_ID="167841" SPOT_TARGET_ID="167781" LINK_COST="-1.0" VELOCITY="6.710088246001538" DISPLACEMENT="6.710088246001538" />
        <Edge SPOT_SOURCE_ID="168723" SPOT_TARGET_ID="168739" LINK_COST="4.589012535330781" VELOCITY="2.1421980616485445" DISPLACEMENT="2.1421980616485445" />
        <Edge SPOT_SOURCE_ID="173316" SPOT_TARGET_ID="173335" LINK_COST="2.2058512242743062" VELOCITY="1.4852108349572144" DISPLACEMENT="1.4852108349572144" />
        <Edge SPOT_SOURCE_ID="170940" SPOT_TARGET_ID="170953" LINK_COST="37.18462896261025" VELOCITY="7.874948526526655" DISPLACEMENT="7.874948526526655" />
        <Edge SPOT_SOURCE_ID="169457" SPOT_TARGET_ID="169468" LINK_COST="0.693324620023415" VELOCITY="0.8326611675966491" DISPLACEMENT="0.8326611675966491" />
        <Edge SPOT_SOURCE_ID="169028" SPOT_TARGET_ID="169044" LINK_COST="9.626006118341902" VELOCITY="3.102580557913348" DISPLACEMENT="3.102580557913348" />
        <Edge SPOT_SOURCE_ID="167475" SPOT_TARGET_ID="167454" LINK_COST="-1.0" VELOCITY="4.170320099199826" DISPLACEMENT="4.170320099199826" />
        <Edge SPOT_SOURCE_ID="173160" SPOT_TARGET_ID="173177" LINK_COST="14.668412491733847" VELOCITY="3.8299363560944255" DISPLACEMENT="3.8299363560944255" />
        <Edge SPOT_SOURCE_ID="167957" SPOT_TARGET_ID="167916" LINK_COST="-1.0" VELOCITY="3.9094205996387528" DISPLACEMENT="3.9094205996387528" />
        <Edge SPOT_SOURCE_ID="171754" SPOT_TARGET_ID="171782" LINK_COST="9.95191263563263" VELOCITY="3.1546652176788315" DISPLACEMENT="3.1546652176788315" />
        <Edge SPOT_SOURCE_ID="170606" SPOT_TARGET_ID="170619" LINK_COST="41.87283453218912" VELOCITY="6.47092223196888" DISPLACEMENT="6.47092223196888" />
        <Edge SPOT_SOURCE_ID="171569" SPOT_TARGET_ID="171586" LINK_COST="1.911205199555697" VELOCITY="2.701733598173455" DISPLACEMENT="2.701733598173455" />
        <Edge SPOT_SOURCE_ID="124353" SPOT_TARGET_ID="124326" LINK_COST="-1.0" VELOCITY="3.004618495864762" DISPLACEMENT="3.004618495864762" />
        <Edge SPOT_SOURCE_ID="171718" SPOT_TARGET_ID="171737" LINK_COST="1.847110671403954" VELOCITY="1.3590844975217524" DISPLACEMENT="1.3590844975217524" />
        <Edge SPOT_SOURCE_ID="171737" SPOT_TARGET_ID="171754" LINK_COST="45.04698989091324" VELOCITY="6.711705438330354" DISPLACEMENT="6.711705438330354" />
        <Edge SPOT_SOURCE_ID="167537" SPOT_TARGET_ID="167530" LINK_COST="-1.0" VELOCITY="2.4127556053563137" DISPLACEMENT="2.4127556053563137" />
        <Edge SPOT_SOURCE_ID="165206" SPOT_TARGET_ID="165197" LINK_COST="-1.0" VELOCITY="0.24134509941250976" DISPLACEMENT="0.24134509941250976" />
        <Edge SPOT_SOURCE_ID="167849" SPOT_TARGET_ID="167848" LINK_COST="-1.0" VELOCITY="6.813458977449323" DISPLACEMENT="6.813458977449323" />
        <Edge SPOT_SOURCE_ID="172581" SPOT_TARGET_ID="172596" LINK_COST="7.2334761545996775" VELOCITY="2.689512252175044" DISPLACEMENT="2.689512252175044" />
        <Edge SPOT_SOURCE_ID="157198" SPOT_TARGET_ID="157152" LINK_COST="-1.0" VELOCITY="3.9108420681910645" DISPLACEMENT="3.9108420681910645" />
        <Edge SPOT_SOURCE_ID="169719" SPOT_TARGET_ID="169733" LINK_COST="0.3458618934594054" VELOCITY="0.5881002409958742" DISPLACEMENT="0.5881002409958742" />
        <Edge SPOT_SOURCE_ID="172028" SPOT_TARGET_ID="172046" LINK_COST="38.30988730807887" VELOCITY="4.185143213825449" DISPLACEMENT="4.185143213825449" />
        <Edge SPOT_SOURCE_ID="167545" SPOT_TARGET_ID="167571" LINK_COST="0.558852163275124" VELOCITY="0.7475641532839332" DISPLACEMENT="0.7475641532839332" />
        <Edge SPOT_SOURCE_ID="166978" SPOT_TARGET_ID="166971" LINK_COST="-1.0" VELOCITY="9.157297564190314" DISPLACEMENT="9.157297564190314" />
        <Edge SPOT_SOURCE_ID="167194" SPOT_TARGET_ID="167181" LINK_COST="-1.0" VELOCITY="1.5264004325272589" DISPLACEMENT="1.5264004325272589" />
        <Edge SPOT_SOURCE_ID="170292" SPOT_TARGET_ID="170315" LINK_COST="37.84944919490472" VELOCITY="4.6860741877361525" DISPLACEMENT="4.6860741877361525" />
        <Edge SPOT_SOURCE_ID="165742" SPOT_TARGET_ID="165741" LINK_COST="-1.0" VELOCITY="3.2363654156203223" DISPLACEMENT="3.2363654156203223" />
        <Edge SPOT_SOURCE_ID="157434" SPOT_TARGET_ID="157405" LINK_COST="-1.0" VELOCITY="3.2469662331016265" DISPLACEMENT="3.2469662331016265" />
        <Edge SPOT_SOURCE_ID="172010" SPOT_TARGET_ID="172028" LINK_COST="6.053524441785001" VELOCITY="2.460391115612516" DISPLACEMENT="2.460391115612516" />
        <Edge SPOT_SOURCE_ID="167981" SPOT_TARGET_ID="167978" LINK_COST="-1.0" VELOCITY="3.652214075790921" DISPLACEMENT="3.652214075790921" />
        <Edge SPOT_SOURCE_ID="168827" SPOT_TARGET_ID="168839" LINK_COST="6.010182205524973" VELOCITY="2.4515672957365404" DISPLACEMENT="2.4515672957365404" />
        <Edge SPOT_SOURCE_ID="173292" SPOT_TARGET_ID="173316" LINK_COST="5.471914270445227" VELOCITY="2.3392123183766853" DISPLACEMENT="2.3392123183766853" />
        <Edge SPOT_SOURCE_ID="167530" SPOT_TARGET_ID="167519" LINK_COST="-1.0" VELOCITY="5.871834952730918" DISPLACEMENT="5.871834952730918" />
        <Edge SPOT_SOURCE_ID="167781" SPOT_TARGET_ID="167798" LINK_COST="-1.0" VELOCITY="8.049231444500563" DISPLACEMENT="8.049231444500563" />
        <Edge SPOT_SOURCE_ID="168292" SPOT_TARGET_ID="168283" LINK_COST="-1.0" VELOCITY="2.684155381650825" DISPLACEMENT="2.684155381650825" />
        <Edge SPOT_SOURCE_ID="165214" SPOT_TARGET_ID="165207" LINK_COST="-1.0" VELOCITY="2.2768451141734807" DISPLACEMENT="2.2768451141734807" />
        <Edge SPOT_SOURCE_ID="171922" SPOT_TARGET_ID="171943" LINK_COST="9.277808421265652" VELOCITY="2.1586561932926402" DISPLACEMENT="2.1586561932926402" />
        <Edge SPOT_SOURCE_ID="167589" SPOT_TARGET_ID="167610" LINK_COST="6.066085278494412" VELOCITY="2.462942402593778" DISPLACEMENT="2.462942402593778" />
        <Edge SPOT_SOURCE_ID="167260" SPOT_TARGET_ID="167257" LINK_COST="-1.0" VELOCITY="2.0478810768100373" DISPLACEMENT="2.0478810768100373" />
        <Edge SPOT_SOURCE_ID="157356" SPOT_TARGET_ID="157344" LINK_COST="-1.0" VELOCITY="1.2548657666932508" DISPLACEMENT="1.2548657666932508" />
        <Edge SPOT_SOURCE_ID="158337" SPOT_TARGET_ID="158330" LINK_COST="-1.0" VELOCITY="2.06773501959042" DISPLACEMENT="2.06773501959042" />
        <Edge SPOT_SOURCE_ID="169160" SPOT_TARGET_ID="169188" LINK_COST="3.4173479282176764" VELOCITY="1.8486070237391388" DISPLACEMENT="1.8486070237391388" />
        <Edge SPOT_SOURCE_ID="170203" SPOT_TARGET_ID="170219" LINK_COST="7.999633068403149" VELOCITY="2.8283622590473003" DISPLACEMENT="2.8283622590473003" />
        <Edge SPOT_SOURCE_ID="168512" SPOT_TARGET_ID="168538" LINK_COST="11.34217979826699" VELOCITY="2.1091452916011417" DISPLACEMENT="2.1091452916011417" />
        <Edge SPOT_SOURCE_ID="167498" SPOT_TARGET_ID="167497" LINK_COST="-1.0" VELOCITY="2.9696027845693465" DISPLACEMENT="2.9696027845693465" />
        <Edge SPOT_SOURCE_ID="157092" SPOT_TARGET_ID="157082" LINK_COST="-1.0" VELOCITY="2.484799879892699" DISPLACEMENT="2.484799879892699" />
        <Edge SPOT_SOURCE_ID="168810" SPOT_TARGET_ID="168827" LINK_COST="1.9541516893686315" VELOCITY="1.397909757233503" DISPLACEMENT="1.397909757233503" />
        <Edge SPOT_SOURCE_ID="164973" SPOT_TARGET_ID="164971" LINK_COST="-1.0" VELOCITY="7.26043721786218" DISPLACEMENT="7.26043721786218" />
        <Edge SPOT_SOURCE_ID="171391" SPOT_TARGET_ID="171408" LINK_COST="6.93911182430468" VELOCITY="0.9950913371039088" DISPLACEMENT="0.9950913371039088" />
        <Edge SPOT_SOURCE_ID="167257" SPOT_TARGET_ID="167239" LINK_COST="-1.0" VELOCITY="3.0907253112700217" DISPLACEMENT="3.0907253112700217" />
        <Edge SPOT_SOURCE_ID="172804" SPOT_TARGET_ID="172819" LINK_COST="3.537834580504698" VELOCITY="1.8809132304560723" DISPLACEMENT="1.8809132304560723" />
        <Edge SPOT_SOURCE_ID="167364" SPOT_TARGET_ID="167363" LINK_COST="-1.0" VELOCITY="3.980365348414753" DISPLACEMENT="3.980365348414753" />
        <Edge SPOT_SOURCE_ID="157695" SPOT_TARGET_ID="157689" LINK_COST="-1.0" VELOCITY="3.1807815067669134" DISPLACEMENT="3.1807815067669134" />
        <Edge SPOT_SOURCE_ID="158790" SPOT_TARGET_ID="158783" LINK_COST="-1.0" VELOCITY="1.99401289698877" DISPLACEMENT="1.99401289698877" />
        <Edge SPOT_SOURCE_ID="170969" SPOT_TARGET_ID="171059" LINK_COST="86.44309000546394" VELOCITY="2.75175751318428" DISPLACEMENT="2.75175751318428" />
        <Edge SPOT_SOURCE_ID="170814" SPOT_TARGET_ID="170850" LINK_COST="-1.0" VELOCITY="4.366513448757448" DISPLACEMENT="4.366513448757448" />
        <Edge SPOT_SOURCE_ID="165479" SPOT_TARGET_ID="165454" LINK_COST="-1.0" VELOCITY="1.0793280966462147" DISPLACEMENT="1.0793280966462147" />
        <Edge SPOT_SOURCE_ID="166870" SPOT_TARGET_ID="166867" LINK_COST="-1.0" VELOCITY="2.837389014032366" DISPLACEMENT="2.837389014032366" />
        <Edge SPOT_SOURCE_ID="165169" SPOT_TARGET_ID="165155" LINK_COST="-1.0" VELOCITY="1.068479698919741" DISPLACEMENT="1.068479698919741" />
        <Edge SPOT_SOURCE_ID="123972" SPOT_TARGET_ID="123971" LINK_COST="-1.0" VELOCITY="3.184154176581259" DISPLACEMENT="3.184154176581259" />
        <Edge SPOT_SOURCE_ID="169982" SPOT_TARGET_ID="169994" LINK_COST="2.796811953932572" VELOCITY="1.6723671707889305" DISPLACEMENT="1.6723671707889305" />
        <Edge SPOT_SOURCE_ID="168945" SPOT_TARGET_ID="168960" LINK_COST="1.3488305224647066" VELOCITY="1.1613916318213708" DISPLACEMENT="1.1613916318213708" />
        <Edge SPOT_SOURCE_ID="169086" SPOT_TARGET_ID="169105" LINK_COST="12.533672891592374" VELOCITY="3.540292769191889" DISPLACEMENT="3.540292769191889" />
        <Edge SPOT_SOURCE_ID="167406" SPOT_TARGET_ID="167405" LINK_COST="-1.0" VELOCITY="1.2928604356928404" DISPLACEMENT="1.2928604356928404" />
        <Edge SPOT_SOURCE_ID="170165" SPOT_TARGET_ID="170176" LINK_COST="23.289894397430395" VELOCITY="4.825960463724335" DISPLACEMENT="4.825960463724335" />
        <Edge SPOT_SOURCE_ID="171515" SPOT_TARGET_ID="171526" LINK_COST="6.5886785083170425" VELOCITY="2.5668421276574533" DISPLACEMENT="2.5668421276574533" />
        <Edge SPOT_SOURCE_ID="169608" SPOT_TARGET_ID="169625" LINK_COST="4.230358458587091" VELOCITY="2.0567835225387943" DISPLACEMENT="2.0567835225387943" />
        <Edge SPOT_SOURCE_ID="168554" SPOT_TARGET_ID="168676" LINK_COST="-1.0" VELOCITY="3.6201764911901364" DISPLACEMENT="3.6201764911901364" />
        <Edge SPOT_SOURCE_ID="173411" SPOT_TARGET_ID="173427" LINK_COST="1.287326306318338" VELOCITY="1.134604030628456" DISPLACEMENT="1.134604030628456" />
        <Edge SPOT_SOURCE_ID="157870" SPOT_TARGET_ID="157785" LINK_COST="-1.0" VELOCITY="1.5183875776986657" DISPLACEMENT="1.5183875776986657" />
        <Edge SPOT_SOURCE_ID="168263" SPOT_TARGET_ID="168254" LINK_COST="-1.0" VELOCITY="3.455535947889546" DISPLACEMENT="3.455535947889546" />
        <Edge SPOT_SOURCE_ID="169945" SPOT_TARGET_ID="169959" LINK_COST="0.984214044988256" VELOCITY="0.9920756246316387" DISPLACEMENT="0.9920756246316387" />
        <Edge SPOT_SOURCE_ID="167199" SPOT_TARGET_ID="167194" LINK_COST="-1.0" VELOCITY="2.9860642487648166" DISPLACEMENT="2.9860642487648166" />
        <Edge SPOT_SOURCE_ID="168739" SPOT_TARGET_ID="168756" LINK_COST="10.795946508737787" VELOCITY="3.285718568097059" DISPLACEMENT="3.285718568097059" />
        <Edge SPOT_SOURCE_ID="172219" SPOT_TARGET_ID="172234" LINK_COST="9.908660573118198" VELOCITY="3.147802499064736" DISPLACEMENT="3.147802499064736" />
        <Edge SPOT_SOURCE_ID="164770" SPOT_TARGET_ID="164221" LINK_COST="-1.0" VELOCITY="2.2250918735844136" DISPLACEMENT="2.2250918735844136" />
        <Edge SPOT_SOURCE_ID="168866" SPOT_TARGET_ID="168878" LINK_COST="9.140194358040393" VELOCITY="3.023275435358213" DISPLACEMENT="3.023275435358213" />
        <Edge SPOT_SOURCE_ID="170953" SPOT_TARGET_ID="170969" LINK_COST="3.335761011856009" VELOCITY="4.2295550433238756" DISPLACEMENT="4.2295550433238756" />
        <Edge SPOT_SOURCE_ID="168423" SPOT_TARGET_ID="168464" LINK_COST="16.758249495132578" VELOCITY="6.883412392775658" DISPLACEMENT="6.883412392775658" />
        <Edge SPOT_SOURCE_ID="159130" SPOT_TARGET_ID="159124" LINK_COST="-1.0" VELOCITY="0.8656141009341674" DISPLACEMENT="0.8656141009341674" />
        <Edge SPOT_SOURCE_ID="165454" SPOT_TARGET_ID="165344" LINK_COST="-1.0" VELOCITY="1.6575659141001549" DISPLACEMENT="1.6575659141001549" />
        <Edge SPOT_SOURCE_ID="165553" SPOT_TARGET_ID="165551" LINK_COST="-1.0" VELOCITY="2.4256380135275792" DISPLACEMENT="2.4256380135275792" />
        <Edge SPOT_SOURCE_ID="167507" SPOT_TARGET_ID="167498" LINK_COST="-1.0" VELOCITY="3.265415956200723" DISPLACEMENT="3.265415956200723" />
        <Edge SPOT_SOURCE_ID="165741" SPOT_TARGET_ID="165739" LINK_COST="-1.0" VELOCITY="0.7153835544910013" DISPLACEMENT="0.7153835544910013" />
        <Edge SPOT_SOURCE_ID="169146" SPOT_TARGET_ID="169160" LINK_COST="14.144479049634256" VELOCITY="3.7609146559891857" DISPLACEMENT="3.7609146559891857" />
        <Edge SPOT_SOURCE_ID="168339" SPOT_TARGET_ID="168355" LINK_COST="9.108472627270093" VELOCITY="3.0180246233704078" DISPLACEMENT="3.0180246233704078" />
        <Edge SPOT_SOURCE_ID="170655" SPOT_TARGET_ID="170683" LINK_COST="0.38035054159137643" VELOCITY="0.6167256615314272" DISPLACEMENT="0.6167256615314272" />
        <Edge SPOT_SOURCE_ID="165481" SPOT_TARGET_ID="165480" LINK_COST="-1.0" VELOCITY="3.509811857853788" DISPLACEMENT="3.509811857853788" />
        <Edge SPOT_SOURCE_ID="166560" SPOT_TARGET_ID="166536" LINK_COST="-1.0" VELOCITY="3.5359317243543247" DISPLACEMENT="3.5359317243543247" />
        <Edge SPOT_SOURCE_ID="172868" SPOT_TARGET_ID="172885" LINK_COST="15.22064304548961" VELOCITY="3.901364254397378" DISPLACEMENT="3.901364254397378" />
        <Edge SPOT_SOURCE_ID="159177" SPOT_TARGET_ID="159133" LINK_COST="-1.0" VELOCITY="2.8909238196291756" DISPLACEMENT="2.8909238196291756" />
        <Edge SPOT_SOURCE_ID="157708" SPOT_TARGET_ID="157695" LINK_COST="-1.0" VELOCITY="1.2068912484094652" DISPLACEMENT="1.2068912484094652" />
        <Edge SPOT_SOURCE_ID="170347" SPOT_TARGET_ID="170366" LINK_COST="2.4034007534249646" VELOCITY="2.0761290467549047" DISPLACEMENT="2.0761290467549047" />
        <Edge SPOT_SOURCE_ID="166499" SPOT_TARGET_ID="166486" LINK_COST="-1.0" VELOCITY="2.1570485130440344" DISPLACEMENT="2.1570485130440344" />
        <Edge SPOT_SOURCE_ID="168878" SPOT_TARGET_ID="168898" LINK_COST="21.28127385379667" VELOCITY="4.613163107217939" DISPLACEMENT="4.613163107217939" />
        <Edge SPOT_SOURCE_ID="170057" SPOT_TARGET_ID="170068" LINK_COST="13.336125673923174" VELOCITY="3.651866053666697" DISPLACEMENT="3.651866053666697" />
        <Edge SPOT_SOURCE_ID="157391" SPOT_TARGET_ID="157383" LINK_COST="-1.0" VELOCITY="1.1569290723964831" DISPLACEMENT="1.1569290723964831" />
        <Edge SPOT_SOURCE_ID="164971" SPOT_TARGET_ID="164943" LINK_COST="-1.0" VELOCITY="2.8145433294639948" DISPLACEMENT="2.8145433294639948" />
        <Edge SPOT_SOURCE_ID="172479" SPOT_TARGET_ID="172551" LINK_COST="66.2585118886678" VELOCITY="8.13993316242018" DISPLACEMENT="8.13993316242018" />
        <Edge SPOT_SOURCE_ID="171851" SPOT_TARGET_ID="171906" LINK_COST="7.027845752666546" VELOCITY="2.0761290467544224" DISPLACEMENT="2.0761290467544224" />
        <Edge SPOT_SOURCE_ID="157591" SPOT_TARGET_ID="157582" LINK_COST="-1.0" VELOCITY="6.55641847915173" DISPLACEMENT="6.55641847915173" />
        <Edge SPOT_SOURCE_ID="170366" SPOT_TARGET_ID="170382" LINK_COST="14.63121314653174" VELOCITY="2.730508102413919" DISPLACEMENT="2.730508102413919" />
        <Edge SPOT_SOURCE_ID="159119" SPOT_TARGET_ID="159106" LINK_COST="-1.0" VELOCITY="0.9898675948564163" DISPLACEMENT="0.9898675948564163" />
        <Edge SPOT_SOURCE_ID="167990" SPOT_TARGET_ID="167986" LINK_COST="-1.0" VELOCITY="2.174000164219446" DISPLACEMENT="2.174000164219446" />
        <Edge SPOT_SOURCE_ID="169635" SPOT_TARGET_ID="169648" LINK_COST="5.2048975553341155" VELOCITY="2.281424457512042" DISPLACEMENT="2.281424457512042" />
        <Edge SPOT_SOURCE_ID="169234" SPOT_TARGET_ID="169250" LINK_COST="7.063286091671456" VELOCITY="2.6576843476363887" DISPLACEMENT="2.6576843476363887" />
        <Edge SPOT_SOURCE_ID="167434" SPOT_TARGET_ID="167417" LINK_COST="-1.0" VELOCITY="0.24007815582172043" DISPLACEMENT="0.24007815582172043" />
        <Edge SPOT_SOURCE_ID="168254" SPOT_TARGET_ID="168245" LINK_COST="-1.0" VELOCITY="2.172105894714207" DISPLACEMENT="2.172105894714207" />
        <Edge SPOT_SOURCE_ID="157065" SPOT_TARGET_ID="157042" LINK_COST="-1.0" VELOCITY="1.2068912484094372" DISPLACEMENT="1.2068912484094372" />
        <Edge SPOT_SOURCE_ID="172785" SPOT_TARGET_ID="172804" LINK_COST="37.04703558123674" VELOCITY="6.0866276032986235" DISPLACEMENT="6.0866276032986235" />
        <Edge SPOT_SOURCE_ID="167898" SPOT_TARGET_ID="167863" LINK_COST="-1.0" VELOCITY="4.109958945421398" DISPLACEMENT="4.109958945421398" />
        <Edge SPOT_SOURCE_ID="168130" SPOT_TARGET_ID="168129" LINK_COST="-1.0" VELOCITY="7.948001189571271" DISPLACEMENT="7.948001189571271" />
        <Edge SPOT_SOURCE_ID="172393" SPOT_TARGET_ID="172412" LINK_COST="66.05382310967134" VELOCITY="8.127350312966172" DISPLACEMENT="8.127350312966172" />
        <Edge SPOT_SOURCE_ID="165480" SPOT_TARGET_ID="165479" LINK_COST="-1.0" VELOCITY="0.9653803976509447" DISPLACEMENT="0.9653803976509447" />
        <Edge SPOT_SOURCE_ID="157990" SPOT_TARGET_ID="157974" LINK_COST="-1.0" VELOCITY="1.5264004325276905" DISPLACEMENT="1.5264004325276905" />
        <Edge SPOT_SOURCE_ID="170726" SPOT_TARGET_ID="170736" LINK_COST="14.904021006852268" VELOCITY="3.8605726268070995" DISPLACEMENT="3.8605726268070995" />
        <Edge SPOT_SOURCE_ID="169514" SPOT_TARGET_ID="169525" LINK_COST="5.151415679845221" VELOCITY="2.2696730336868396" DISPLACEMENT="2.2696730336868396" />
        <Edge SPOT_SOURCE_ID="167512" SPOT_TARGET_ID="167507" LINK_COST="-1.0" VELOCITY="1.7403642620286728" DISPLACEMENT="1.7403642620286728" />
        <Edge SPOT_SOURCE_ID="169044" SPOT_TARGET_ID="169059" LINK_COST="12.514183565466917" VELOCITY="3.5375391963152745" DISPLACEMENT="3.5375391963152745" />
        <Edge SPOT_SOURCE_ID="169907" SPOT_TARGET_ID="169916" LINK_COST="8.932457337243239" VELOCITY="2.988721689492556" DISPLACEMENT="2.988721689492556" />
        <Edge SPOT_SOURCE_ID="166959" SPOT_TARGET_ID="166949" LINK_COST="-1.0" VELOCITY="2.5968423028019343" DISPLACEMENT="2.5968423028019343" />
        <Edge SPOT_SOURCE_ID="159275" SPOT_TARGET_ID="159258" LINK_COST="-1.0" VELOCITY="4.672934931314376" DISPLACEMENT="4.672934931314376" />
        <Edge SPOT_SOURCE_ID="165791" SPOT_TARGET_ID="165786" LINK_COST="-1.0" VELOCITY="2.5197168122919016" DISPLACEMENT="2.5197168122919016" />
        <Edge SPOT_SOURCE_ID="157152" SPOT_TARGET_ID="157116" LINK_COST="-1.0" VELOCITY="4.933574787754123" DISPLACEMENT="4.933574787754123" />
        <Edge SPOT_SOURCE_ID="172739" SPOT_TARGET_ID="172767" LINK_COST="1.5210532209506602" VELOCITY="1.233309864126068" DISPLACEMENT="1.233309864126068" />
        <Edge SPOT_SOURCE_ID="167091" SPOT_TARGET_ID="166978" LINK_COST="-1.0" VELOCITY="2.289600648792003" DISPLACEMENT="2.289600648792003" />
        <Edge SPOT_SOURCE_ID="157574" SPOT_TARGET_ID="157541" LINK_COST="-1.0" VELOCITY="4.670703837642287" DISPLACEMENT="4.670703837642287" />
        <Edge SPOT_SOURCE_ID="157013" SPOT_TARGET_ID="156963" LINK_COST="-1.0" VELOCITY="0.3413135128017399" DISPLACEMENT="0.3413135128017399" />
        <Edge SPOT_SOURCE_ID="167628" SPOT_TARGET_ID="167645" LINK_COST="3.8132347056020244" VELOCITY="1.952750548739399" DISPLACEMENT="1.952750548739399" />
        <Edge SPOT_SOURCE_ID="172046" SPOT_TARGET_ID="172067" LINK_COST="27.475619427585073" VELOCITY="2.1740001642194398" DISPLACEMENT="2.1740001642194398" />
        <Edge SPOT_SOURCE_ID="167295" SPOT_TARGET_ID="167286" LINK_COST="-1.0" VELOCITY="0.8701821310143522" DISPLACEMENT="0.8701821310143522" />
        <Edge SPOT_SOURCE_ID="156918" SPOT_TARGET_ID="124385" LINK_COST="-1.0" VELOCITY="5.319097620037628" DISPLACEMENT="5.319097620037628" />
        <Edge SPOT_SOURCE_ID="169884" SPOT_TARGET_ID="169895" LINK_COST="8.188000845243108" VELOCITY="2.86146830233066" DISPLACEMENT="2.86146830233066" />
        <Edge SPOT_SOURCE_ID="168283" SPOT_TARGET_ID="168265" LINK_COST="-1.0" VELOCITY="2.2134112308233456" DISPLACEMENT="2.2134112308233456" />
        <Edge SPOT_SOURCE_ID="157021" SPOT_TARGET_ID="157013" LINK_COST="-1.0" VELOCITY="2.963106879501157" DISPLACEMENT="2.963106879501157" />
        <Edge SPOT_SOURCE_ID="169105" SPOT_TARGET_ID="169122" LINK_COST="9.594294183291163" VELOCITY="3.097465767896582" DISPLACEMENT="3.097465767896582" />
        <Edge SPOT_SOURCE_ID="166433" SPOT_TARGET_ID="166384" LINK_COST="-1.0" VELOCITY="1.4931706137912721" DISPLACEMENT="1.4931706137912721" />
        <Edge SPOT_SOURCE_ID="172307" SPOT_TARGET_ID="172322" LINK_COST="3.631875698606936" VELOCITY="1.9057480679793266" DISPLACEMENT="1.9057480679793266" />
        <Edge SPOT_SOURCE_ID="170068" SPOT_TARGET_ID="170088" LINK_COST="38.25538691626163" VELOCITY="6.185093929461511" DISPLACEMENT="6.185093929461511" />
        <Edge SPOT_SOURCE_ID="168355" SPOT_TARGET_ID="168383" LINK_COST="10.954510177820897" VELOCITY="3.3097598368795427" DISPLACEMENT="3.3097598368795427" />
        <Edge SPOT_SOURCE_ID="168898" SPOT_TARGET_ID="168912" LINK_COST="9.645952937652432" VELOCITY="3.1057934473580873" DISPLACEMENT="3.1057934473580873" />
        <Edge SPOT_SOURCE_ID="165056" SPOT_TARGET_ID="164973" LINK_COST="-1.0" VELOCITY="3.9583539427179786" DISPLACEMENT="3.9583539427179786" />
        <Edge SPOT_SOURCE_ID="173143" SPOT_TARGET_ID="173160" LINK_COST="1.3707072011704189" VELOCITY="1.1707720534631918" DISPLACEMENT="1.1707720534631918" />
        <Edge SPOT_SOURCE_ID="170315" SPOT_TARGET_ID="170334" LINK_COST="8.294113524457982" VELOCITY="2.0652303858899974" DISPLACEMENT="2.0652303858899974" />
        <Edge SPOT_SOURCE_ID="173177" SPOT_TARGET_ID="173210" LINK_COST="1.5770883235446103" VELOCITY="1.2558217722052003" DISPLACEMENT="1.2558217722052003" />
        <Edge SPOT_SOURCE_ID="165285" SPOT_TARGET_ID="165268" LINK_COST="-1.0" VELOCITY="2.400781558217443" DISPLACEMENT="2.400781558217443" />
        <Edge SPOT_SOURCE_ID="168992" SPOT_TARGET_ID="169005" LINK_COST="0.7349343578246126" VELOCITY="0.8572831258251924" DISPLACEMENT="0.8572831258251924" />
        <Edge SPOT_SOURCE_ID="124385" SPOT_TARGET_ID="124353" LINK_COST="-1.0" VELOCITY="3.0578975650700104" DISPLACEMENT="3.0578975650700104" />
        <Edge SPOT_SOURCE_ID="167681" SPOT_TARGET_ID="167680" LINK_COST="-1.0" VELOCITY="4.842679074764477" DISPLACEMENT="4.842679074764477" />
        <Edge SPOT_SOURCE_ID="167781" SPOT_TARGET_ID="167697" LINK_COST="-1.0" VELOCITY="12.111766281379117" DISPLACEMENT="12.111766281379117" />
        <Edge SPOT_SOURCE_ID="158707" SPOT_TARGET_ID="158337" LINK_COST="-1.0" VELOCITY="3.491917705061458" DISPLACEMENT="3.491917705061458" />
        <Edge SPOT_SOURCE_ID="165331" SPOT_TARGET_ID="165329" LINK_COST="-1.0" VELOCITY="2.264892792241143" DISPLACEMENT="2.264892792241143" />
        <Edge SPOT_SOURCE_ID="169625" SPOT_TARGET_ID="169635" LINK_COST="11.601504828653535" VELOCITY="3.4060981824741248" DISPLACEMENT="3.4060981824741248" />
        <Edge SPOT_SOURCE_ID="169577" SPOT_TARGET_ID="169587" LINK_COST="6.277020898066389" VELOCITY="2.5053983511741977" DISPLACEMENT="2.5053983511741977" />
        <Edge SPOT_SOURCE_ID="167362" SPOT_TARGET_ID="167361" LINK_COST="-1.0" VELOCITY="3.620176491190068" DISPLACEMENT="3.620176491190068" />
        <Edge SPOT_SOURCE_ID="172596" SPOT_TARGET_ID="172614" LINK_COST="5.782949597690568" VELOCITY="2.4047764132431455" DISPLACEMENT="2.4047764132431455" />
        <Edge SPOT_SOURCE_ID="170696" SPOT_TARGET_ID="170710" LINK_COST="10.448027833046051" VELOCITY="3.2323409215375243" DISPLACEMENT="3.2323409215375243" />
        <Edge SPOT_SOURCE_ID="171483" SPOT_TARGET_ID="171498" LINK_COST="3.76432622496508" VELOCITY="4.506337997139683" DISPLACEMENT="4.506337997139683" />
        <Edge SPOT_SOURCE_ID="170265" SPOT_TARGET_ID="170279" LINK_COST="4.1215608724617905" VELOCITY="2.030162769942792" DISPLACEMENT="2.030162769942792" />
        <Edge SPOT_SOURCE_ID="173427" SPOT_TARGET_ID="173444" LINK_COST="1.654032626379696" VELOCITY="1.2860919976345766" DISPLACEMENT="1.2860919976345766" />
        <Edge SPOT_SOURCE_ID="168839" SPOT_TARGET_ID="168866" LINK_COST="29.765598082963038" VELOCITY="5.455785743865226" DISPLACEMENT="5.455785743865226" />
        <Edge SPOT_SOURCE_ID="172412" SPOT_TARGET_ID="172426" LINK_COST="10.389777104222809" VELOCITY="3.223317716921931" DISPLACEMENT="3.223317716921931" />
        <Edge SPOT_SOURCE_ID="167571" SPOT_TARGET_ID="167589" LINK_COST="6.425912682123174" VELOCITY="2.5349383980923825" DISPLACEMENT="2.5349383980923825" />
        <Edge SPOT_SOURCE_ID="172126" SPOT_TARGET_ID="172147" LINK_COST="11.574225759577818" VELOCITY="3.4020913802509507" DISPLACEMENT="3.4020913802509507" />
        <Edge SPOT_SOURCE_ID="168024" SPOT_TARGET_ID="168016" LINK_COST="-1.0" VELOCITY="4.124106866592422" DISPLACEMENT="4.124106866592422" />
        <Edge SPOT_SOURCE_ID="166716" SPOT_TARGET_ID="166715" LINK_COST="-1.0" VELOCITY="1.3995658222178393" DISPLACEMENT="1.3995658222178393" />
        <Edge SPOT_SOURCE_ID="170619" SPOT_TARGET_ID="170637" LINK_COST="16.810620182901502" VELOCITY="4.100075631363585" DISPLACEMENT="4.100075631363585" />
        <Edge SPOT_SOURCE_ID="169133" SPOT_TARGET_ID="169146" LINK_COST="3.878049934475125" VELOCITY="1.9692765002597084" DISPLACEMENT="1.9692765002597084" />
        <Edge SPOT_SOURCE_ID="172267" SPOT_TARGET_ID="172282" LINK_COST="13.861970064397086" VELOCITY="3.7231666715844303" DISPLACEMENT="3.7231666715844303" />
        <Edge SPOT_SOURCE_ID="169916" SPOT_TARGET_ID="169927" LINK_COST="7.580793013766447" VELOCITY="2.7533239936059917" DISPLACEMENT="2.7533239936059917" />
        <Edge SPOT_SOURCE_ID="165232" SPOT_TARGET_ID="165214" LINK_COST="-1.0" VELOCITY="0.24134509941272275" DISPLACEMENT="0.24134509941272275" />
        <Edge SPOT_SOURCE_ID="167374" SPOT_TARGET_ID="167367" LINK_COST="-1.0" VELOCITY="0.7632002162640429" DISPLACEMENT="0.7632002162640429" />
        <Edge SPOT_SOURCE_ID="164221" SPOT_TARGET_ID="159471" LINK_COST="-1.0" VELOCITY="2.9559675696218606" DISPLACEMENT="2.9559675696218606" />
        <Edge SPOT_SOURCE_ID="169796" SPOT_TARGET_ID="169821" LINK_COST="26.511803723465228" VELOCITY="5.148961421827243" DISPLACEMENT="5.148961421827243" />
        <Edge SPOT_SOURCE_ID="166486" SPOT_TARGET_ID="166450" LINK_COST="-1.0" VELOCITY="4.61799553204857" DISPLACEMENT="4.61799553204857" />
        <Edge SPOT_SOURCE_ID="169710" SPOT_TARGET_ID="169719" LINK_COST="14.525939803687686" VELOCITY="3.8112910940634914" DISPLACEMENT="3.8112910940634914" />
        <Edge SPOT_SOURCE_ID="171957" SPOT_TARGET_ID="171978" LINK_COST="0.5627067460010736" VELOCITY="1.8380295173389785" DISPLACEMENT="1.8380295173389785" />
        <Edge SPOT_SOURCE_ID="159206" SPOT_TARGET_ID="159202" LINK_COST="-1.0" VELOCITY="0.6790435679851715" DISPLACEMENT="0.6790435679851715" />
        <Edge SPOT_SOURCE_ID="172085" SPOT_TARGET_ID="172126" LINK_COST="1.8457809538524064" VELOCITY="1.358595213392277" DISPLACEMENT="1.358595213392277" />
        <Edge SPOT_SOURCE_ID="169569" SPOT_TARGET_ID="169577" LINK_COST="4.418169574937403" VELOCITY="2.101944236876279" DISPLACEMENT="2.101944236876279" />
        <Edge SPOT_SOURCE_ID="157237" SPOT_TARGET_ID="157198" LINK_COST="-1.0" VELOCITY="9.793305610578559" DISPLACEMENT="9.793305610578559" />
        <Edge SPOT_SOURCE_ID="171693" SPOT_TARGET_ID="171718" LINK_COST="4.935035198823784" VELOCITY="2.2214939114982477" DISPLACEMENT="2.2214939114982477" />
        <Edge SPOT_SOURCE_ID="169959" SPOT_TARGET_ID="169971" LINK_COST="5.891095856017321" VELOCITY="2.427157979204757" DISPLACEMENT="2.427157979204757" />
        <Edge SPOT_SOURCE_ID="170238" SPOT_TARGET_ID="170254" LINK_COST="0.8011943598728815" VELOCITY="0.8950946094535938" DISPLACEMENT="0.8950946094535938" />
        <Edge SPOT_SOURCE_ID="165521" SPOT_TARGET_ID="165507" LINK_COST="-1.0" VELOCITY="5.7065926181968" DISPLACEMENT="5.7065926181968" />
        <Edge SPOT_SOURCE_ID="169275" SPOT_TARGET_ID="169287" LINK_COST="11.154117262812388" VELOCITY="3.3397780259790304" DISPLACEMENT="3.3397780259790304" />
        <Edge SPOT_SOURCE_ID="172819" SPOT_TARGET_ID="172839" LINK_COST="5.141522933278934" VELOCITY="2.26749265341234" DISPLACEMENT="2.26749265341234" />
        <Edge SPOT_SOURCE_ID="173119" SPOT_TARGET_ID="173143" LINK_COST="2.859779094972889" VELOCITY="1.6910881393271284" DISPLACEMENT="1.6910881393271284" />
        <Edge SPOT_SOURCE_ID="173105" SPOT_TARGET_ID="173119" LINK_COST="16.88016772870906" VELOCITY="4.108548129048637" DISPLACEMENT="4.108548129048637" />
        <Edge SPOT_SOURCE_ID="169895" SPOT_TARGET_ID="169907" LINK_COST="8.361709800540998" VELOCITY="2.8916621172849704" DISPLACEMENT="2.8916621172849704" />
        <Edge SPOT_SOURCE_ID="159133" SPOT_TARGET_ID="159130" LINK_COST="-1.0" VELOCITY="4.801563116434425" DISPLACEMENT="4.801563116434425" />
        <Edge SPOT_SOURCE_ID="168464" SPOT_TARGET_ID="168492" LINK_COST="8.94342872052637" VELOCITY="3.378829482237296" DISPLACEMENT="3.378829482237296" />
        <Edge SPOT_SOURCE_ID="169597" SPOT_TARGET_ID="169608" LINK_COST="7.58215285969017" VELOCITY="2.753570928755998" DISPLACEMENT="2.753570928755998" />
        <Edge SPOT_SOURCE_ID="168313" SPOT_TARGET_ID="168301" LINK_COST="-1.0" VELOCITY="1.945786397753952" DISPLACEMENT="1.945786397753952" />
        <Edge SPOT_SOURCE_ID="167899" SPOT_TARGET_ID="167898" LINK_COST="-1.0" VELOCITY="5.2401231924863065" DISPLACEMENT="5.2401231924863065" />
        <Edge SPOT_SOURCE_ID="168015" SPOT_TARGET_ID="168004" LINK_COST="-1.0" VELOCITY="3.024045428007612" DISPLACEMENT="3.024045428007612" />
        <Edge SPOT_SOURCE_ID="167166" SPOT_TARGET_ID="167157" LINK_COST="-1.0" VELOCITY="0.8701821310141945" DISPLACEMENT="0.8701821310141945" />
        <Edge SPOT_SOURCE_ID="165344" SPOT_TARGET_ID="165335" LINK_COST="-1.0" VELOCITY="1.4795456837583583" DISPLACEMENT="1.4795456837583583" />
        <Edge SPOT_SOURCE_ID="172234" SPOT_TARGET_ID="172253" LINK_COST="2.4873100541667084" VELOCITY="1.5771208115317952" DISPLACEMENT="1.5771208115317952" />
        <Edge SPOT_SOURCE_ID="166534" SPOT_TARGET_ID="166499" LINK_COST="-1.0" VELOCITY="4.369564408562786" DISPLACEMENT="4.369564408562786" />
        <Edge SPOT_SOURCE_ID="172282" SPOT_TARGET_ID="172307" LINK_COST="9.655151024579316" VELOCITY="3.10727388953393" DISPLACEMENT="3.10727388953393" />
        <Edge SPOT_SOURCE_ID="170518" SPOT_TARGET_ID="170531" LINK_COST="26.74403670735929" VELOCITY="2.062053433296424" DISPLACEMENT="2.062053433296424" />
        <Edge SPOT_SOURCE_ID="166913" SPOT_TARGET_ID="166870" LINK_COST="-1.0" VELOCITY="6.516859330968224" DISPLACEMENT="6.516859330968224" />
        <Edge SPOT_SOURCE_ID="167991" SPOT_TARGET_ID="167990" LINK_COST="-1.0" VELOCITY="6.372648469354353" DISPLACEMENT="6.372648469354353" />
        <Edge SPOT_SOURCE_ID="158809" SPOT_TARGET_ID="158790" LINK_COST="-1.0" VELOCITY="3.5326198680892835" DISPLACEMENT="3.5326198680892835" />
        <Edge SPOT_SOURCE_ID="167850" SPOT_TARGET_ID="167849" LINK_COST="-1.0" VELOCITY="3.450133273047503" DISPLACEMENT="3.450133273047503" />
        <Edge SPOT_SOURCE_ID="173077" SPOT_TARGET_ID="173105" LINK_COST="25.773727806947583" VELOCITY="5.076783214491986" DISPLACEMENT="5.076783214491986" />
        <Edge SPOT_SOURCE_ID="169648" SPOT_TARGET_ID="169658" LINK_COST="12.679715026091174" VELOCITY="3.5608587484048244" DISPLACEMENT="3.5608587484048244" />
        <Edge SPOT_SOURCE_ID="171417" SPOT_TARGET_ID="171437" LINK_COST="30.926792850238993" VELOCITY="3.413135128016772" DISPLACEMENT="3.413135128016772" />
        <Edge SPOT_SOURCE_ID="166949" SPOT_TARGET_ID="166913" LINK_COST="-1.0" VELOCITY="2.814543329463578" DISPLACEMENT="2.814543329463578" />
        <Edge SPOT_SOURCE_ID="173479" SPOT_TARGET_ID="173500" LINK_COST="14.76011907174845" VELOCITY="3.841890038997531" DISPLACEMENT="3.841890038997531" />
        <Edge SPOT_SOURCE_ID="170088" SPOT_TARGET_ID="170098" LINK_COST="2.7013115088993915" VELOCITY="1.6435667035138524" DISPLACEMENT="1.6435667035138524" />
        <Edge SPOT_SOURCE_ID="157116" SPOT_TARGET_ID="157092" LINK_COST="-1.0" VELOCITY="0.9603126232868817" DISPLACEMENT="0.9603126232868817" />
        <Edge SPOT_SOURCE_ID="166971" SPOT_TARGET_ID="166959" LINK_COST="-1.0" VELOCITY="3.5447114913346454" DISPLACEMENT="3.5447114913346454" />
        <Edge SPOT_SOURCE_ID="165174" SPOT_TARGET_ID="165169" LINK_COST="-1.0" VELOCITY="0.6826270256032981" DISPLACEMENT="0.6826270256032981" />
        <Edge SPOT_SOURCE_ID="167181" SPOT_TARGET_ID="167166" LINK_COST="-1.0" VELOCITY="3.387439893352144" DISPLACEMENT="3.387439893352144" />
        <Edge SPOT_SOURCE_ID="171539" SPOT_TARGET_ID="171569" LINK_COST="2.3197279948780434" VELOCITY="4.678062320988418" DISPLACEMENT="4.678062320988418" />
        <Edge SPOT_SOURCE_ID="159202" SPOT_TARGET_ID="159190" LINK_COST="-1.0" VELOCITY="4.7828201805738235" DISPLACEMENT="4.7828201805738235" />
        <Edge SPOT_SOURCE_ID="165755" SPOT_TARGET_ID="165742" LINK_COST="-1.0" VELOCITY="1.3998841775996504" DISPLACEMENT="1.3998841775996504" />
        <Edge SPOT_SOURCE_ID="159124" SPOT_TARGET_ID="159119" LINK_COST="-1.0" VELOCITY="1.9206252465737783" DISPLACEMENT="1.9206252465737783" />
        <Edge SPOT_SOURCE_ID="123955" SPOT_TARGET_ID="123938" LINK_COST="-1.0" VELOCITY="2.5185210300511054" DISPLACEMENT="2.5185210300511054" />
        <Edge SPOT_SOURCE_ID="167976" SPOT_TARGET_ID="167967" LINK_COST="-1.0" VELOCITY="3.1467551051498837" DISPLACEMENT="3.1467551051498837" />
        <Edge SPOT_SOURCE_ID="164834" SPOT_TARGET_ID="164824" LINK_COST="-1.0" VELOCITY="1.7065675640085374" DISPLACEMENT="1.7065675640085374" />
        <Edge SPOT_SOURCE_ID="168320" SPOT_TARGET_ID="168314" LINK_COST="-1.0" VELOCITY="0.3395217839924375" DISPLACEMENT="0.3395217839924375" />
        <Edge SPOT_SOURCE_ID="167346" SPOT_TARGET_ID="167326" LINK_COST="-1.0" VELOCITY="7.200016440214166" DISPLACEMENT="7.200016440214166" />
        <Edge SPOT_SOURCE_ID="170929" SPOT_TARGET_ID="170940" LINK_COST="105.51545121437245" VELOCITY="4.276646057520033" DISPLACEMENT="4.276646057520033" />
        <Edge SPOT_SOURCE_ID="168383" SPOT_TARGET_ID="168407" LINK_COST="124.1550466544563" VELOCITY="2.185472826383822" DISPLACEMENT="2.185472826383822" />
        <Edge SPOT_SOURCE_ID="170683" SPOT_TARGET_ID="170696" LINK_COST="9.625087074213631" VELOCITY="3.1024324447461593" DISPLACEMENT="3.1024324447461593" />
        <Edge SPOT_SOURCE_ID="172767" SPOT_TARGET_ID="172785" LINK_COST="0.6641343301150959" VELOCITY="0.8149443724053169" DISPLACEMENT="0.8149443724053169" />
        <Edge SPOT_SOURCE_ID="171106" SPOT_TARGET_ID="171125" LINK_COST="22.956801828089493" VELOCITY="4.238874847442382" DISPLACEMENT="4.238874847442382" />
        <Edge SPOT_SOURCE_ID="168293" SPOT_TARGET_ID="168292" LINK_COST="-1.0" VELOCITY="3.734739623918822" DISPLACEMENT="3.734739623918822" />
        <Edge SPOT_SOURCE_ID="169188" SPOT_TARGET_ID="169208" LINK_COST="6.384184083280596" VELOCITY="2.526694299530633" DISPLACEMENT="2.526694299530633" />
        <Edge SPOT_SOURCE_ID="167848" SPOT_TARGET_ID="167842" LINK_COST="-1.0" VELOCITY="6.298136091270374" DISPLACEMENT="6.298136091270374" />
        <Edge SPOT_SOURCE_ID="167219" SPOT_TARGET_ID="167213" LINK_COST="-1.0" VELOCITY="3.0494543219992822" DISPLACEMENT="3.0494543219992822" />
        <Edge SPOT_SOURCE_ID="172181" SPOT_TARGET_ID="172193" LINK_COST="12.248956537512742" VELOCITY="3.499850930755872" DISPLACEMENT="3.499850930755872" />
        <Edge SPOT_SOURCE_ID="165333" SPOT_TARGET_ID="165331" LINK_COST="-1.0" VELOCITY="3.1210160256824246" DISPLACEMENT="3.1210160256824246" />
        <Edge SPOT_SOURCE_ID="169671" SPOT_TARGET_ID="169684" LINK_COST="3.124552484550036" VELOCITY="1.7676403719507077" DISPLACEMENT="1.7676403719507077" />
        <Edge SPOT_SOURCE_ID="169861" SPOT_TARGET_ID="169884" LINK_COST="21.41571874661058" VELOCITY="4.627712042317519" DISPLACEMENT="4.627712042317519" />
        <Edge SPOT_SOURCE_ID="173231" SPOT_TARGET_ID="173250" LINK_COST="4.446200631376313" VELOCITY="2.108601581943899" DISPLACEMENT="2.108601581943899" />
        <Edge SPOT_SOURCE_ID="165207" SPOT_TARGET_ID="165206" LINK_COST="-1.0" VELOCITY="1.2996831357311986" DISPLACEMENT="1.2996831357311986" />
        <Edge SPOT_SOURCE_ID="159106" SPOT_TARGET_ID="159080" LINK_COST="-1.0" VELOCITY="1.9355719719707931" DISPLACEMENT="1.9355719719707931" />
        <Edge SPOT_SOURCE_ID="157383" SPOT_TARGET_ID="157356" LINK_COST="-1.0" VELOCITY="2.062053433296211" DISPLACEMENT="2.062053433296211" />
        <Edge SPOT_SOURCE_ID="165108" SPOT_TARGET_ID="165077" LINK_COST="-1.0" VELOCITY="5.96306149799244" DISPLACEMENT="5.96306149799244" />
        <Edge SPOT_SOURCE_ID="165683" SPOT_TARGET_ID="165681" LINK_COST="-1.0" VELOCITY="2.045294606525899" DISPLACEMENT="2.045294606525899" />
        <Edge SPOT_SOURCE_ID="165155" SPOT_TARGET_ID="165108" LINK_COST="-1.0" VELOCITY="2.949601957996169" DISPLACEMENT="2.949601957996169" />
        <Edge SPOT_SOURCE_ID="171292" SPOT_TARGET_ID="171307" LINK_COST="5.920028404071534" VELOCITY="2.200805926098795" DISPLACEMENT="2.200805926098795" />
        <Edge SPOT_SOURCE_ID="166351" SPOT_TARGET_ID="165828" LINK_COST="-1.0" VELOCITY="2.7118526066711106" DISPLACEMENT="2.7118526066711106" />
        <Edge SPOT_SOURCE_ID="173210" SPOT_TARGET_ID="173231" LINK_COST="1.6670600024677427" VELOCITY="1.2911467780495534" DISPLACEMENT="1.2911467780495534" />
        <Edge SPOT_SOURCE_ID="170119" SPOT_TARGET_ID="170134" LINK_COST="1.7822231390861267" VELOCITY="1.33499930302833" DISPLACEMENT="1.33499930302833" />
        <Edge SPOT_SOURCE_ID="172704" SPOT_TARGET_ID="172722" LINK_COST="0.6604583947069533" VELOCITY="0.8126859139341307" DISPLACEMENT="0.8126859139341307" />
        <Edge SPOT_SOURCE_ID="124213" SPOT_TARGET_ID="124192" LINK_COST="-1.0" VELOCITY="1.460247208165409" DISPLACEMENT="1.460247208165409" />
        <Edge SPOT_SOURCE_ID="168314" SPOT_TARGET_ID="168313" LINK_COST="-1.0" VELOCITY="1.7570188449632598" DISPLACEMENT="1.7570188449632598" />
        <Edge SPOT_SOURCE_ID="158312" SPOT_TARGET_ID="158251" LINK_COST="-1.0" VELOCITY="0.8180723924433673" DISPLACEMENT="0.8180723924433673" />
        <Edge SPOT_SOURCE_ID="165496" SPOT_TARGET_ID="165491" LINK_COST="-1.0" VELOCITY="2.40135341922891" DISPLACEMENT="2.40135341922891" />
        <Edge SPOT_SOURCE_ID="167375" SPOT_TARGET_ID="167374" LINK_COST="-1.0" VELOCITY="5.092826759889038" DISPLACEMENT="5.092826759889038" />
        <Edge SPOT_SOURCE_ID="123938" SPOT_TARGET_ID="168339" LINK_COST="49.968371635684775" VELOCITY="7.068830994986708" DISPLACEMENT="7.068830994986708" />
        <Edge SPOT_SOURCE_ID="158069" SPOT_TARGET_ID="158042" LINK_COST="-1.0" VELOCITY="1.2068912484094652" DISPLACEMENT="1.2068912484094652" />
        <Edge SPOT_SOURCE_ID="171450" SPOT_TARGET_ID="171483" LINK_COST="39.567135173725084" VELOCITY="1.930760795301694" DISPLACEMENT="1.930760795301694" />
        <Edge SPOT_SOURCE_ID="168960" SPOT_TARGET_ID="168971" LINK_COST="42.346724072202356" VELOCITY="6.50743605978594" DISPLACEMENT="6.50743605978594" />
        <Edge SPOT_SOURCE_ID="171093" SPOT_TARGET_ID="171106" LINK_COST="15.425055137926254" VELOCITY="2.665743752742057" DISPLACEMENT="2.665743752742057" />
        <Edge SPOT_SOURCE_ID="170710" SPOT_TARGET_ID="170726" LINK_COST="14.079144519479023" VELOCITY="3.752218612964738" DISPLACEMENT="3.752218612964738" />
        <Edge SPOT_SOURCE_ID="169927" SPOT_TARGET_ID="169945" LINK_COST="44.95339136434671" VELOCITY="6.704729029897234" DISPLACEMENT="6.704729029897234" />
        <Edge SPOT_SOURCE_ID="169971" SPOT_TARGET_ID="169982" LINK_COST="1.6093566492250997" VELOCITY="1.2686042129935955" DISPLACEMENT="1.2686042129935955" />
        <Edge SPOT_SOURCE_ID="167863" SPOT_TARGET_ID="167850" LINK_COST="-1.0" VELOCITY="2.755810897221936" DISPLACEMENT="2.755810897221936" />
        <Edge SPOT_SOURCE_ID="167326" SPOT_TARGET_ID="167309" LINK_COST="-1.0" VELOCITY="4.322924325343885" DISPLACEMENT="4.322924325343885" />
        <Edge SPOT_SOURCE_ID="168322" SPOT_TARGET_ID="168320" LINK_COST="-1.0" VELOCITY="1.828380762412463" DISPLACEMENT="1.828380762412463" />
        <Edge SPOT_SOURCE_ID="172393" SPOT_TARGET_ID="172479" LINK_COST="-1.0" VELOCITY="6.469344338211582" DISPLACEMENT="6.469344338211582" />
        <Edge SPOT_SOURCE_ID="171819" SPOT_TARGET_ID="171832" LINK_COST="101.13292577730573" VELOCITY="4.636087966905334" DISPLACEMENT="4.636087966905334" />
        <Edge SPOT_SOURCE_ID="158330" SPOT_TARGET_ID="158319" LINK_COST="-1.0" VELOCITY="1.5996462578272483" DISPLACEMENT="1.5996462578272483" />
        <Edge SPOT_SOURCE_ID="165328" SPOT_TARGET_ID="165292" LINK_COST="-1.0" VELOCITY="2.644242262378691" DISPLACEMENT="2.644242262378691" />
        <Edge SPOT_SOURCE_ID="169122" SPOT_TARGET_ID="169133" LINK_COST="5.581327903103008" VELOCITY="2.36248341858795" DISPLACEMENT="2.36248341858795" />
        <Edge SPOT_SOURCE_ID="169478" SPOT_TARGET_ID="169502" LINK_COST="13.250038699453915" VELOCITY="3.640060260415192" DISPLACEMENT="3.640060260415192" />
        <Edge SPOT_SOURCE_ID="173033" SPOT_TARGET_ID="173058" LINK_COST="9.872703484201665" VELOCITY="3.1420858492730055" DISPLACEMENT="3.1420858492730055" />
        <Edge SPOT_SOURCE_ID="169547" SPOT_TARGET_ID="169569" LINK_COST="20.391983727908762" VELOCITY="4.515748412822481" DISPLACEMENT="4.515748412822481" />
        <Edge SPOT_SOURCE_ID="169398" SPOT_TARGET_ID="169408" LINK_COST="7.347302505945692" VELOCITY="2.710590803855442" DISPLACEMENT="2.710590803855442" />
        <Edge SPOT_SOURCE_ID="157435" SPOT_TARGET_ID="157434" LINK_COST="-1.0" VELOCITY="2.776330190554397" DISPLACEMENT="2.776330190554397" />
        <Edge SPOT_SOURCE_ID="169994" SPOT_TARGET_ID="170017" LINK_COST="3.6247980654987524" VELOCITY="1.9038902451293647" DISPLACEMENT="1.9038902451293647" />
        <Edge SPOT_SOURCE_ID="165545" SPOT_TARGET_ID="165541" LINK_COST="-1.0" VELOCITY="8.464155469869251" DISPLACEMENT="8.464155469869251" />
        <Edge SPOT_SOURCE_ID="168044" SPOT_TARGET_ID="168024" LINK_COST="-1.0" VELOCITY="9.023082125254977" DISPLACEMENT="9.023082125254977" />
        <Edge SPOT_SOURCE_ID="172160" SPOT_TARGET_ID="172181" LINK_COST="9.45613563383019" VELOCITY="3.0750830287701483" DISPLACEMENT="3.0750830287701483" />
        <Edge SPOT_SOURCE_ID="168265" SPOT_TARGET_ID="168264" LINK_COST="-1.0" VELOCITY="4.316824248600748" DISPLACEMENT="4.316824248600748" />
        <Edge SPOT_SOURCE_ID="168971" SPOT_TARGET_ID="168992" LINK_COST="34.37116595184304" VELOCITY="5.862692721936145" DISPLACEMENT="5.862692721936145" />
        <Edge SPOT_SOURCE_ID="157082" SPOT_TARGET_ID="157065" LINK_COST="-1.0" VELOCITY="4.436620465538375" DISPLACEMENT="4.436620465538375" />
        <Edge SPOT_SOURCE_ID="167276" SPOT_TARGET_ID="167260" LINK_COST="-1.0" VELOCITY="0.8656141009340464" DISPLACEMENT="0.8656141009340464" />
        <Edge SPOT_SOURCE_ID="159223" SPOT_TARGET_ID="159220" LINK_COST="-1.0" VELOCITY="2.2134112308231986" DISPLACEMENT="2.2134112308231986" />
        <Edge SPOT_SOURCE_ID="168698" SPOT_TARGET_ID="168711" LINK_COST="4.348496103468357" VELOCITY="2.0853047986969093" DISPLACEMENT="2.0853047986969093" />
        <Edge SPOT_SOURCE_ID="167967" SPOT_TARGET_ID="167957" LINK_COST="-1.0" VELOCITY="5.639935709804968" DISPLACEMENT="5.639935709804968" />
        <Edge SPOT_SOURCE_ID="167697" SPOT_TARGET_ID="167681" LINK_COST="-1.0" VELOCITY="7.639909248475778" DISPLACEMENT="7.639909248475778" />
        <Edge SPOT_SOURCE_ID="157405" SPOT_TARGET_ID="157391" LINK_COST="-1.0" VELOCITY="2.4831681116810826" DISPLACEMENT="2.4831681116810826" />
        <Edge SPOT_SOURCE_ID="157514" SPOT_TARGET_ID="157496" LINK_COST="-1.0" VELOCITY="1.8504013006113083" DISPLACEMENT="1.8504013006113083" />
        <Edge SPOT_SOURCE_ID="159032" SPOT_TARGET_ID="158809" LINK_COST="-1.0" VELOCITY="1.2465155773529293" DISPLACEMENT="1.2465155773529293" />
        <Edge SPOT_SOURCE_ID="157689" SPOT_TARGET_ID="157591" LINK_COST="-1.0" VELOCITY="3.3729988834455487" DISPLACEMENT="3.3729988834455487" />
        <Edge SPOT_SOURCE_ID="157286" SPOT_TARGET_ID="157237" LINK_COST="-1.0" VELOCITY="2.5793520873406806" DISPLACEMENT="2.5793520873406806" />
        <Edge SPOT_SOURCE_ID="169694" SPOT_TARGET_ID="169710" LINK_COST="8.563588400282937" VELOCITY="2.9263609483935737" DISPLACEMENT="2.9263609483935737" />
        <Edge SPOT_SOURCE_ID="168912" SPOT_TARGET_ID="168926" LINK_COST="15.3634368227351" VELOCITY="3.91962202549367" DISPLACEMENT="3.91962202549367" />
        <Edge SPOT_SOURCE_ID="170134" SPOT_TARGET_ID="170165" LINK_COST="5.4186340307417415" VELOCITY="2.3277959598602584" DISPLACEMENT="2.3277959598602584" />
        <Edge SPOT_SOURCE_ID="165077" SPOT_TARGET_ID="165056" LINK_COST="-1.0" VELOCITY="1.9901826742074407" DISPLACEMENT="1.9901826742074407" />
        <Edge SPOT_SOURCE_ID="171408" SPOT_TARGET_ID="171417" LINK_COST="5.014254890833" VELOCITY="1.618992144969512" DISPLACEMENT="1.618992144969512" />
        <Edge SPOT_SOURCE_ID="172614" SPOT_TARGET_ID="172640" LINK_COST="27.941175106204696" VELOCITY="5.285941269651479" DISPLACEMENT="5.285941269651479" />
        <Edge SPOT_SOURCE_ID="168264" SPOT_TARGET_ID="168263" LINK_COST="-1.0" VELOCITY="1.757018844963783" DISPLACEMENT="1.757018844963783" />
        <Edge SPOT_SOURCE_ID="171320" SPOT_TARGET_ID="171336" LINK_COST="2.5922989670125203" VELOCITY="0.7632002162636294" DISPLACEMENT="0.7632002162636294" />
        <Edge SPOT_SOURCE_ID="165560" SPOT_TARGET_ID="165553" LINK_COST="-1.0" VELOCITY="3.994313702285932" DISPLACEMENT="3.994313702285932" />
        <Edge SPOT_SOURCE_ID="171782" SPOT_TARGET_ID="171800" LINK_COST="2.1879449672809512" VELOCITY="2.0995029299083243" DISPLACEMENT="2.0995029299083243" />
        <Edge SPOT_SOURCE_ID="172885" SPOT_TARGET_ID="172901" LINK_COST="4.853207388971399" VELOCITY="2.2029996343557117" DISPLACEMENT="2.2029996343557117" />
        <Edge SPOT_SOURCE_ID="171586" SPOT_TARGET_ID="171603" LINK_COST="26.104710880862385" VELOCITY="5.00155097347845" DISPLACEMENT="5.00155097347845" />
        <Edge SPOT_SOURCE_ID="168245" SPOT_TARGET_ID="168235" LINK_COST="-1.0" VELOCITY="2.4254882308640826" DISPLACEMENT="2.4254882308640826" />
        <Edge SPOT_SOURCE_ID="172457" SPOT_TARGET_ID="172670" LINK_COST="3.273214421444958" VELOCITY="1.8092027032494058" DISPLACEMENT="1.8092027032494058" />
        <Edge SPOT_SOURCE_ID="167986" SPOT_TARGET_ID="167981" LINK_COST="-1.0" VELOCITY="4.465711839377006" DISPLACEMENT="4.465711839377006" />
        <Edge SPOT_SOURCE_ID="156963" SPOT_TARGET_ID="156962" LINK_COST="-1.0" VELOCITY="1.881282406813448" DISPLACEMENT="1.881282406813448" />
        <Edge SPOT_SOURCE_ID="167120" SPOT_TARGET_ID="167091" LINK_COST="-1.0" VELOCITY="2.2134112308231852" DISPLACEMENT="2.2134112308231852" />
        <Edge SPOT_SOURCE_ID="164860" SPOT_TARGET_ID="164834" LINK_COST="-1.0" VELOCITY="1.2996831357315695" DISPLACEMENT="1.2996831357315695" />
        <Edge SPOT_SOURCE_ID="170043" SPOT_TARGET_ID="170057" LINK_COST="6.69473230180821" VELOCITY="2.587418076347193" DISPLACEMENT="2.587418076347193" />
        <Edge SPOT_SOURCE_ID="168790" SPOT_TARGET_ID="168810" LINK_COST="14.318652085760611" VELOCITY="3.783999482790743" DISPLACEMENT="3.783999482790743" />
        <Edge SPOT_SOURCE_ID="170852" SPOT_TARGET_ID="170863" LINK_COST="-1.0" VELOCITY="5.1662706282410555" DISPLACEMENT="5.1662706282410555" />
        <Edge SPOT_SOURCE_ID="159080" SPOT_TARGET_ID="159032" LINK_COST="-1.0" VELOCITY="5.28377094859087" DISPLACEMENT="5.28377094859087" />
        <Edge SPOT_SOURCE_ID="172322" SPOT_TARGET_ID="172337" LINK_COST="17.82212123499718" VELOCITY="4.221625425709531" DISPLACEMENT="4.221625425709531" />
        <Edge SPOT_SOURCE_ID="169353" SPOT_TARGET_ID="169368" LINK_COST="2.098762705119828" VELOCITY="1.4487107044264662" DISPLACEMENT="1.4487107044264662" />
        <Edge SPOT_SOURCE_ID="159190" SPOT_TARGET_ID="159177" LINK_COST="-1.0" VELOCITY="3.9663444785848654" DISPLACEMENT="3.9663444785848654" />
        <Edge SPOT_SOURCE_ID="172442" SPOT_TARGET_ID="172457" LINK_COST="0.6877665197400026" VELOCITY="1.8549459063167408" DISPLACEMENT="1.8549459063167408" />
        <Edge SPOT_SOURCE_ID="166715" SPOT_TARGET_ID="166560" LINK_COST="-1.0" VELOCITY="1.4796089725042703" DISPLACEMENT="1.4796089725042703" />
        <Edge SPOT_SOURCE_ID="167408" SPOT_TARGET_ID="167406" LINK_COST="-1.0" VELOCITY="1.399884177599597" DISPLACEMENT="1.399884177599597" />
        <Edge SPOT_SOURCE_ID="159220" SPOT_TARGET_ID="159206" LINK_COST="-1.0" VELOCITY="1.610493228990514" DISPLACEMENT="1.610493228990514" />
        <Edge SPOT_SOURCE_ID="168062" SPOT_TARGET_ID="168044" LINK_COST="-1.0" VELOCITY="4.642175973029546" DISPLACEMENT="4.642175973029546" />
        <Edge SPOT_SOURCE_ID="167367" SPOT_TARGET_ID="167365" LINK_COST="-1.0" VELOCITY="0.9653803976509607" DISPLACEMENT="0.9653803976509607" />
        <Edge SPOT_SOURCE_ID="165292" SPOT_TARGET_ID="165285" LINK_COST="-1.0" VELOCITY="1.8750703386988834" DISPLACEMENT="1.8750703386988834" />
        <Edge SPOT_SOURCE_ID="166803" SPOT_TARGET_ID="166716" LINK_COST="-1.0" VELOCITY="1.0140895913616805" DISPLACEMENT="1.0140895913616805" />
        <Edge SPOT_SOURCE_ID="167680" SPOT_TARGET_ID="167669" LINK_COST="-1.0" VELOCITY="3.891572795507418" DISPLACEMENT="3.891572795507418" />
        <Edge SPOT_SOURCE_ID="171978" SPOT_TARGET_ID="172010" LINK_COST="21.15915436165806" VELOCITY="4.599908081870557" DISPLACEMENT="4.599908081870557" />
        <Edge SPOT_SOURCE_ID="170736" SPOT_TARGET_ID="170757" LINK_COST="25.49795763734617" VELOCITY="5.049550241095356" DISPLACEMENT="5.049550241095356" />
        <Edge SPOT_SOURCE_ID="165268" SPOT_TARGET_ID="165232" LINK_COST="-1.0" VELOCITY="0.9653803976507681" DISPLACEMENT="0.9653803976507681" />
        <Edge SPOT_SOURCE_ID="157311" SPOT_TARGET_ID="157286" LINK_COST="-1.0" VELOCITY="4.436486854451723" DISPLACEMENT="4.436486854451723" />
        <Edge SPOT_SOURCE_ID="171526" SPOT_TARGET_ID="171539" LINK_COST="9.859306821883091" VELOCITY="3.1399533152394308" DISPLACEMENT="3.1399533152394308" />
        <Edge SPOT_SOURCE_ID="170176" SPOT_TARGET_ID="170190" LINK_COST="6.629414185009298" VELOCITY="2.574764879558772" DISPLACEMENT="2.574764879558772" />
        <Edge SPOT_SOURCE_ID="167363" SPOT_TARGET_ID="167362" LINK_COST="-1.0" VELOCITY="3.146755105150267" DISPLACEMENT="3.146755105150267" />
        <Edge SPOT_SOURCE_ID="173274" SPOT_TARGET_ID="173292" LINK_COST="2.954010063387717" VELOCITY="1.7187233818703105" DISPLACEMENT="1.7187233818703105" />
        <Edge SPOT_SOURCE_ID="169658" SPOT_TARGET_ID="169671" LINK_COST="9.922926717268174" VELOCITY="3.1500677321715123" DISPLACEMENT="3.1500677321715123" />
        <Edge SPOT_SOURCE_ID="169502" SPOT_TARGET_ID="169514" LINK_COST="7.511824554936811" VELOCITY="2.740770795768375" DISPLACEMENT="2.740770795768375" />
        <Edge SPOT_SOURCE_ID="172357" SPOT_TARGET_ID="172369" LINK_COST="1.2164033727503145" VELOCITY="1.1029067833458612" DISPLACEMENT="1.1029067833458612" />
        <Edge SPOT_SOURCE_ID="158783" SPOT_TARGET_ID="158772" LINK_COST="-1.0" VELOCITY="2.880321741811509" DISPLACEMENT="2.880321741811509" />
        <Edge SPOT_SOURCE_ID="170772" SPOT_TARGET_ID="170786" LINK_COST="0.2525800375631486" VELOCITY="4.295044125130667" DISPLACEMENT="4.295044125130667" />
        <Edge SPOT_SOURCE_ID="165335" SPOT_TARGET_ID="165333" LINK_COST="-1.0" VELOCITY="3.7421802852393107" DISPLACEMENT="3.7421802852393107" />
        <Edge SPOT_SOURCE_ID="169221" SPOT_TARGET_ID="169234" LINK_COST="33.355369718599306" VELOCITY="5.775410783537333" DISPLACEMENT="5.775410783537333" />
        <Edge SPOT_SOURCE_ID="172936" SPOT_TARGET_ID="173411" LINK_COST="26.282153741463045" VELOCITY="5.126612306529824" DISPLACEMENT="5.126612306529824" />
        <Edge SPOT_SOURCE_ID="166867" SPOT_TARGET_ID="166825" LINK_COST="-1.0" VELOCITY="1.7065675640082734" DISPLACEMENT="1.7065675640082734" />
        <Edge SPOT_SOURCE_ID="170850" SPOT_TARGET_ID="170852" LINK_COST="-1.0" VELOCITY="2.244772125570953" DISPLACEMENT="2.244772125570953" />
        <Edge SPOT_SOURCE_ID="167798" SPOT_TARGET_ID="168698" LINK_COST="30.906461135700734" VELOCITY="5.559357978732862" DISPLACEMENT="5.559357978732862" />
        <Edge SPOT_SOURCE_ID="169368" SPOT_TARGET_ID="169382" LINK_COST="3.3485682875434852" VELOCITY="1.8299093659368721" DISPLACEMENT="1.8299093659368721" />
        <Edge SPOT_SOURCE_ID="167239" SPOT_TARGET_ID="167219" LINK_COST="-1.0" VELOCITY="3.2780552145837456" DISPLACEMENT="3.2780552145837456" />
        <Edge SPOT_SOURCE_ID="167444" SPOT_TARGET_ID="167438" LINK_COST="-1.0" VELOCITY="4.4137831919037245" DISPLACEMENT="4.4137831919037245" />
        <Edge SPOT_SOURCE_ID="170017" SPOT_TARGET_ID="170031" LINK_COST="3.6456342933207306" VELOCITY="1.9093544179435966" DISPLACEMENT="1.9093544179435966" />
        <Edge SPOT_SOURCE_ID="172147" SPOT_TARGET_ID="172160" LINK_COST="14.996451737719436" VELOCITY="3.8725252404238035" DISPLACEMENT="3.8725252404238035" />
        <Edge SPOT_SOURCE_ID="165329" SPOT_TARGET_ID="165328" LINK_COST="-1.0" VELOCITY="2.552065802837253" DISPLACEMENT="2.552065802837253" />
        <Edge SPOT_SOURCE_ID="169059" SPOT_TARGET_ID="169071" LINK_COST="15.569805332729533" VELOCITY="3.945859264181825" DISPLACEMENT="3.945859264181825" />
        <Edge SPOT_SOURCE_ID="167669" SPOT_TARGET_ID="167545" LINK_COST="-1.0" VELOCITY="3.514037689927441" DISPLACEMENT="3.514037689927441" />
        <Edge SPOT_SOURCE_ID="169587" SPOT_TARGET_ID="169597" LINK_COST="3.362953356678977" VELOCITY="1.8338356951152894" DISPLACEMENT="1.8338356951152894" />
        <Edge SPOT_SOURCE_ID="157974" SPOT_TARGET_ID="157937" LINK_COST="-1.0" VELOCITY="1.7065675640084985" DISPLACEMENT="1.7065675640084985" />
        <Edge SPOT_SOURCE_ID="166825" SPOT_TARGET_ID="166821" LINK_COST="-1.0" VELOCITY="4.442499160387739" DISPLACEMENT="4.442499160387739" />
        <Edge SPOT_SOURCE_ID="158042" SPOT_TARGET_ID="158015" LINK_COST="-1.0" VELOCITY="2.919108502793464" DISPLACEMENT="2.919108502793464" />
        <Edge SPOT_SOURCE_ID="169005" SPOT_TARGET_ID="169028" LINK_COST="14.90357450558211" VELOCITY="3.8605147980006644" DISPLACEMENT="3.8605147980006644" />
        <Edge SPOT_SOURCE_ID="168407" SPOT_TARGET_ID="168423" LINK_COST="113.63300153727316" VELOCITY="1.2067254970638828" DISPLACEMENT="1.2067254970638828" />
        <Edge SPOT_SOURCE_ID="167296" SPOT_TARGET_ID="167295" LINK_COST="-1.0" VELOCITY="2.1721058947136953" DISPLACEMENT="2.1721058947136953" />
        <Edge SPOT_SOURCE_ID="169525" SPOT_TARGET_ID="169536" LINK_COST="1.49425525918863" VELOCITY="1.2223973409610436" DISPLACEMENT="1.2223973409610436" />
        <Edge SPOT_SOURCE_ID="172996" SPOT_TARGET_ID="173014" LINK_COST="8.66660852681284" VELOCITY="2.9439104141962" DISPLACEMENT="2.9439104141962" />
        <Edge SPOT_SOURCE_ID="171800" SPOT_TARGET_ID="171819" LINK_COST="38.43149925695256" VELOCITY="1.2928604356933047" DISPLACEMENT="1.2928604356933047" />
        <Edge SPOT_SOURCE_ID="168016" SPOT_TARGET_ID="168015" LINK_COST="-1.0" VELOCITY="5.301677318495597" DISPLACEMENT="5.301677318495597" />
        <Edge SPOT_SOURCE_ID="169071" SPOT_TARGET_ID="169086" LINK_COST="13.230446341769028" VELOCITY="3.6373680514582283" DISPLACEMENT="3.6373680514582283" />
        <Edge SPOT_SOURCE_ID="171437" SPOT_TARGET_ID="171450" LINK_COST="0.12133463526394657" VELOCITY="0.24134509941268334" DISPLACEMENT="0.24134509941268334" />
        <Edge SPOT_SOURCE_ID="171498" SPOT_TARGET_ID="171515" LINK_COST="27.121707722908738" VELOCITY="5.207850585693558" DISPLACEMENT="5.207850585693558" />
        <Edge SPOT_SOURCE_ID="172337" SPOT_TARGET_ID="172357" LINK_COST="14.159549715023298" VELOCITY="3.762917713028455" DISPLACEMENT="3.762917713028455" />
        <Edge SPOT_SOURCE_ID="172067" SPOT_TARGET_ID="172085" LINK_COST="2.9168640742333" VELOCITY="2.474787451952269" DISPLACEMENT="2.474787451952269" />
        <Edge SPOT_SOURCE_ID="169838" SPOT_TARGET_ID="169852" LINK_COST="14.77517651004293" VELOCITY="3.8438491788886475" DISPLACEMENT="3.8438491788886475" />
        <Edge SPOT_SOURCE_ID="167610" SPOT_TARGET_ID="167628" LINK_COST="3.6729476343134286" VELOCITY="1.9164935779473482" DISPLACEMENT="1.9164935779473482" />
        <Edge SPOT_SOURCE_ID="171307" SPOT_TARGET_ID="171320" LINK_COST="4.1398850063704" VELOCITY="0.9950913371037433" DISPLACEMENT="0.9950913371037433" />
        <Edge SPOT_SOURCE_ID="169852" SPOT_TARGET_ID="169861" LINK_COST="15.339578005606135" VELOCITY="3.916577333030223" DISPLACEMENT="3.916577333030223" />
        <Edge SPOT_SOURCE_ID="157487" SPOT_TARGET_ID="157435" LINK_COST="-1.0" VELOCITY="2.213411230823265" DISPLACEMENT="2.213411230823265" />
        <Edge SPOT_SOURCE_ID="172551" SPOT_TARGET_ID="172581" LINK_COST="4.831215847713289" VELOCITY="2.198002695110561" DISPLACEMENT="2.198002695110561" />
        <Edge SPOT_SOURCE_ID="170908" SPOT_TARGET_ID="170929" LINK_COST="14.54946691833738" VELOCITY="5.108169503056812" DISPLACEMENT="5.108169503056812" />
        <Edge SPOT_SOURCE_ID="171603" SPOT_TARGET_ID="171623" LINK_COST="11.43039281777179" VELOCITY="3.380886395277397" DISPLACEMENT="3.380886395277397" />
        <Edge SPOT_SOURCE_ID="171832" SPOT_TARGET_ID="171851" LINK_COST="25.903327214394604" VELOCITY="1.2067254970638714" DISPLACEMENT="1.2067254970638714" />
        <Edge SPOT_SOURCE_ID="171336" SPOT_TARGET_ID="171391" LINK_COST="53.03081616390429" VELOCITY="1.7065675640085305" DISPLACEMENT="1.7065675640085305" />
        <Edge SPOT_SOURCE_ID="168229" SPOT_TARGET_ID="168186" LINK_COST="-1.0" VELOCITY="6.305622438235122" DISPLACEMENT="6.305622438235122" />
        <Edge SPOT_SOURCE_ID="170491" SPOT_TARGET_ID="170506" LINK_COST="23.644657459290514" VELOCITY="0.8656141009338888" DISPLACEMENT="0.8656141009338888" />
        <Edge SPOT_SOURCE_ID="164810" SPOT_TARGET_ID="164770" LINK_COST="-1.0" VELOCITY="5.389804202209475" DISPLACEMENT="5.389804202209475" />
        <Edge SPOT_SOURCE_ID="170382" SPOT_TARGET_ID="170473" LINK_COST="2.6708744042208794" VELOCITY="2.799768355199252" DISPLACEMENT="2.799768355199252" />
        <Edge SPOT_SOURCE_ID="159471" SPOT_TARGET_ID="159275" LINK_COST="-1.0" VELOCITY="2.5090362363607674" DISPLACEMENT="2.5090362363607674" />
        <Edge SPOT_SOURCE_ID="167213" SPOT_TARGET_ID="167199" LINK_COST="-1.0" VELOCITY="1.4404689349303226" DISPLACEMENT="1.4404689349303226" />
        <Edge SPOT_SOURCE_ID="165812" SPOT_TARGET_ID="165791" LINK_COST="-1.0" VELOCITY="3.1374862923648834" DISPLACEMENT="3.1374862923648834" />
        <Edge SPOT_SOURCE_ID="167123" SPOT_TARGET_ID="167120" LINK_COST="-1.0" VELOCITY="1.2067254970634622" DISPLACEMENT="1.2067254970634622" />
        <Edge SPOT_SOURCE_ID="167361" SPOT_TARGET_ID="167360" LINK_COST="-1.0" VELOCITY="1.7065675640082814" DISPLACEMENT="1.7065675640082814" />
        <Edge SPOT_SOURCE_ID="168186" SPOT_TARGET_ID="168130" LINK_COST="-1.0" VELOCITY="4.5614849606129155" DISPLACEMENT="4.5614849606129155" />
        <Edge SPOT_SOURCE_ID="165491" SPOT_TARGET_ID="165481" LINK_COST="-1.0" VELOCITY="3.9764927740635763" DISPLACEMENT="3.9764927740635763" />
        <Edge SPOT_SOURCE_ID="169763" SPOT_TARGET_ID="169775" LINK_COST="22.618643442838803" VELOCITY="4.755906164217162" DISPLACEMENT="4.755906164217162" />
        <Edge SPOT_SOURCE_ID="170786" SPOT_TARGET_ID="170799" LINK_COST="24.52985786617205" VELOCITY="3.892442359045335" DISPLACEMENT="3.892442359045335" />
        <Edge SPOT_SOURCE_ID="165699" SPOT_TARGET_ID="165683" LINK_COST="-1.0" VELOCITY="2.1551380207019277" DISPLACEMENT="2.1551380207019277" />
        <Edge SPOT_SOURCE_ID="172670" SPOT_TARGET_ID="172685" LINK_COST="15.704060348102391" VELOCITY="3.962834887817355" DISPLACEMENT="3.962834887817355" />
        <Edge SPOT_SOURCE_ID="171682" SPOT_TARGET_ID="171693" LINK_COST="13.498309114394939" VELOCITY="3.6740045065833735" DISPLACEMENT="3.6740045065833735" />
        <Edge SPOT_SOURCE_ID="172722" SPOT_TARGET_ID="172739" LINK_COST="12.093029123830739" VELOCITY="3.4775032888310458" DISPLACEMENT="3.4775032888310458" />
        <Edge SPOT_SOURCE_ID="169786" SPOT_TARGET_ID="169796" LINK_COST="45.25617010644015" VELOCITY="6.727270628303885" DISPLACEMENT="6.727270628303885" />
        <Edge SPOT_SOURCE_ID="168711" SPOT_TARGET_ID="168723" LINK_COST="15.766991381670937" VELOCITY="3.970767102421261" DISPLACEMENT="3.970767102421261" />
        <Edge SPOT_SOURCE_ID="168676" SPOT_TARGET_ID="168679" LINK_COST="-1.0" VELOCITY="7.144805239462063" DISPLACEMENT="7.144805239462063" />
        <Edge SPOT_SOURCE_ID="170098" SPOT_TARGET_ID="170107" LINK_COST="2.2553348125543304" VELOCITY="1.501777218016817" DISPLACEMENT="1.501777218016817" />
        <Edge SPOT_SOURCE_ID="168070" SPOT_TARGET_ID="168062" LINK_COST="-1.0" VELOCITY="8.1607071323613" DISPLACEMENT="8.1607071323613" />
        <Edge SPOT_SOURCE_ID="165786" SPOT_TARGET_ID="165756" LINK_COST="-1.0" VELOCITY="1.8822986500399963" DISPLACEMENT="1.8822986500399963" />
        <Edge SPOT_SOURCE_ID="170757" SPOT_TARGET_ID="170772" LINK_COST="22.584180342393285" VELOCITY="4.391632705009373" DISPLACEMENT="4.391632705009373" />
        <Edge SPOT_SOURCE_ID="159258" SPOT_TARGET_ID="159223" LINK_COST="-1.0" VELOCITY="0.3395217839925662" DISPLACEMENT="0.3395217839925662" />
        <Edge SPOT_SOURCE_ID="158251" SPOT_TARGET_ID="158069" LINK_COST="-1.0" VELOCITY="2.5253686412673675" DISPLACEMENT="2.5253686412673675" />
        <Edge SPOT_SOURCE_ID="169318" SPOT_TARGET_ID="169329" LINK_COST="7.119874312223249" VELOCITY="2.668309260978429" DISPLACEMENT="2.668309260978429" />
        <Edge SPOT_SOURCE_ID="157937" SPOT_TARGET_ID="157870" LINK_COST="-1.0" VELOCITY="1.4446970182897572" DISPLACEMENT="1.4446970182897572" />
        <Edge SPOT_SOURCE_ID="171643" SPOT_TARGET_ID="171682" LINK_COST="1.6458378271246494" VELOCITY="1.282902111279208" DISPLACEMENT="1.282902111279208" />
        <Edge SPOT_SOURCE_ID="157042" SPOT_TARGET_ID="157021" LINK_COST="-1.0" VELOCITY="2.4558493822226186" DISPLACEMENT="2.4558493822226186" />
        <Edge SPOT_SOURCE_ID="169287" SPOT_TARGET_ID="169305" LINK_COST="16.34977059404074" VELOCITY="4.043484956574062" DISPLACEMENT="4.043484956574062" />
        <Edge SPOT_SOURCE_ID="173250" SPOT_TARGET_ID="173274" LINK_COST="7.523358611309362" VELOCITY="2.7428741515624377" DISPLACEMENT="2.7428741515624377" />
        <Edge SPOT_SOURCE_ID="157344" SPOT_TARGET_ID="157311" LINK_COST="-1.0" VELOCITY="3.620673745228442" DISPLACEMENT="3.620673745228442" />
        <Edge SPOT_SOURCE_ID="167454" SPOT_TARGET_ID="167444" LINK_COST="-1.0" VELOCITY="3.703370274552512" DISPLACEMENT="3.703370274552512" />
        <Edge SPOT_SOURCE_ID="172901" SPOT_TARGET_ID="172921" LINK_COST="14.259007643329607" VELOCITY="3.7761101206571834" DISPLACEMENT="3.7761101206571834" />
        <Edge SPOT_SOURCE_ID="123971" SPOT_TARGET_ID="123955" LINK_COST="-1.0" VELOCITY="2.5578347680838216" DISPLACEMENT="2.5578347680838216" />
        <Edge SPOT_SOURCE_ID="168538" SPOT_TARGET_ID="168554" LINK_COST="24.493893240359565" VELOCITY="5.415585445849811" DISPLACEMENT="5.415585445849811" />
        <Edge SPOT_SOURCE_ID="165551" SPOT_TARGET_ID="165545" LINK_COST="-1.0" VELOCITY="2.685619945397453" DISPLACEMENT="2.685619945397453" />
        <Edge SPOT_SOURCE_ID="172839" SPOT_TARGET_ID="172868" LINK_COST="3.433790746246648" VELOCITY="1.8530490404321869" DISPLACEMENT="1.8530490404321869" />
        <Edge SPOT_SOURCE_ID="158758" SPOT_TARGET_ID="158731" LINK_COST="-1.0" VELOCITY="2.5877944252487257" DISPLACEMENT="2.5877944252487257" />
        <Edge SPOT_SOURCE_ID="167404" SPOT_TARGET_ID="167375" LINK_COST="-1.0" VELOCITY="2.585720871385765" DISPLACEMENT="2.585720871385765" />
        <Edge SPOT_SOURCE_ID="170334" SPOT_TARGET_ID="170347" LINK_COST="5.869354612035433" VELOCITY="3.8539525396300034" DISPLACEMENT="3.8539525396300034" />
        <Edge SPOT_SOURCE_ID="172685" SPOT_TARGET_ID="172704" LINK_COST="1.475118963201379" VELOCITY="1.214544755536567" DISPLACEMENT="1.214544755536567" />
        <Edge SPOT_SOURCE_ID="169536" SPOT_TARGET_ID="169547" LINK_COST="0.8362538185194476" VELOCITY="0.9144691457449221" DISPLACEMENT="0.9144691457449221" />
        <Edge SPOT_SOURCE_ID="170799" SPOT_TARGET_ID="170814" LINK_COST="87.09163081749915" VELOCITY="2.322349395877824" DISPLACEMENT="2.322349395877824" />
        <Edge SPOT_SOURCE_ID="170473" SPOT_TARGET_ID="170491" LINK_COST="71.28250773517442" VELOCITY="6.021129515949277" DISPLACEMENT="6.021129515949277" />
        <Edge SPOT_SOURCE_ID="169305" SPOT_TARGET_ID="169318" LINK_COST="25.662847232842722" VELOCITY="5.065851086722025" DISPLACEMENT="5.065851086722025" />
        <Edge SPOT_SOURCE_ID="169208" SPOT_TARGET_ID="169221" LINK_COST="4.315867653213191" VELOCITY="2.0774666431048154" DISPLACEMENT="2.0774666431048154" />
        <Edge SPOT_SOURCE_ID="170637" SPOT_TARGET_ID="170655" LINK_COST="5.844201710738308" VELOCITY="2.417478378546188" DISPLACEMENT="2.417478378546188" />
        <Edge SPOT_SOURCE_ID="124192" SPOT_TARGET_ID="124106" LINK_COST="-1.0" VELOCITY="5.515538016680523" DISPLACEMENT="5.515538016680523" />
        <Edge SPOT_SOURCE_ID="167916" SPOT_TARGET_ID="167912" LINK_COST="-1.0" VELOCITY="1.8824036456380868" DISPLACEMENT="1.8824036456380868" />
        <Edge SPOT_SOURCE_ID="158015" SPOT_TARGET_ID="157990" LINK_COST="-1.0" VELOCITY="2.5938184476363557" DISPLACEMENT="2.5938184476363557" />
        <Edge SPOT_SOURCE_ID="167309" SPOT_TARGET_ID="167296" LINK_COST="-1.0" VELOCITY="2.0436463662673034" DISPLACEMENT="2.0436463662673034" />
        <Edge SPOT_SOURCE_ID="171623" SPOT_TARGET_ID="171643" LINK_COST="0.9880695408058712" VELOCITY="0.9940168714895493" DISPLACEMENT="0.9940168714895493" />
        <Edge SPOT_SOURCE_ID="173463" SPOT_TARGET_ID="173479" LINK_COST="1.7505540253626954" VELOCITY="1.3230850408657395" DISPLACEMENT="1.3230850408657395" />
        <Edge SPOT_SOURCE_ID="164824" SPOT_TARGET_ID="164810" LINK_COST="-1.0" VELOCITY="0.6826270256035575" DISPLACEMENT="0.6826270256035575" />
        <Edge SPOT_SOURCE_ID="156962" SPOT_TARGET_ID="156953" LINK_COST="-1.0" VELOCITY="2.389194589612102" DISPLACEMENT="2.389194589612102" />
        <Edge SPOT_SOURCE_ID="170863" SPOT_TARGET_ID="170908" LINK_COST="36.539966561848" VELOCITY="6.937739037970141" DISPLACEMENT="6.937739037970141" />
        <Edge SPOT_SOURCE_ID="167645" SPOT_TARGET_ID="167543" LINK_COST="-1.0" VELOCITY="2.9359333221663304" DISPLACEMENT="2.9359333221663304" />
        <Edge SPOT_SOURCE_ID="172921" SPOT_TARGET_ID="172936" LINK_COST="25.17141205607792" VELOCITY="3.3302852533382077" DISPLACEMENT="3.3302852533382077" />
        <Edge SPOT_SOURCE_ID="169750" SPOT_TARGET_ID="169763" LINK_COST="4.859244065945092" VELOCITY="2.2043693125121053" DISPLACEMENT="2.2043693125121053" />
        <Edge SPOT_SOURCE_ID="168756" SPOT_TARGET_ID="168777" LINK_COST="17.357184790473525" VELOCITY="4.166195481548306" DISPLACEMENT="4.166195481548306" />
        <Edge SPOT_SOURCE_ID="158772" SPOT_TARGET_ID="158758" LINK_COST="-1.0" VELOCITY="0.5952350970786426" DISPLACEMENT="0.5952350970786426" />
        <Edge SPOT_SOURCE_ID="169829" SPOT_TARGET_ID="169838" LINK_COST="18.990106835517174" VELOCITY="4.357763971983473" DISPLACEMENT="4.357763971983473" />
        <Edge SPOT_SOURCE_ID="167497" SPOT_TARGET_ID="167475" LINK_COST="-1.0" VELOCITY="1.5183875776989173" DISPLACEMENT="1.5183875776989173" />
        <Edge SPOT_SOURCE_ID="173444" SPOT_TARGET_ID="173463" LINK_COST="2.1507543644932694" VELOCITY="1.4665450434586962" DISPLACEMENT="1.4665450434586962" />
        <Edge SPOT_SOURCE_ID="165828" SPOT_TARGET_ID="165812" LINK_COST="-1.0" VELOCITY="3.352873275718898" DISPLACEMENT="3.352873275718898" />
        <Edge SPOT_SOURCE_ID="157758" SPOT_TARGET_ID="157708" LINK_COST="-1.0" VELOCITY="3.0286231423436574" DISPLACEMENT="3.0286231423436574" />
        <Edge SPOT_SOURCE_ID="165197" SPOT_TARGET_ID="165174" LINK_COST="-1.0" VELOCITY="1.2067254970631893" DISPLACEMENT="1.2067254970631893" />
        <Edge SPOT_SOURCE_ID="167132" SPOT_TARGET_ID="167123" LINK_COST="-1.0" VELOCITY="1.8380295173393966" DISPLACEMENT="1.8380295173393966" />
        <Edge SPOT_SOURCE_ID="167519" SPOT_TARGET_ID="167512" LINK_COST="-1.0" VELOCITY="2.565533597945689" DISPLACEMENT="2.565533597945689" />
        <Edge SPOT_SOURCE_ID="165562" SPOT_TARGET_ID="165560" LINK_COST="-1.0" VELOCITY="2.1416644245742695" DISPLACEMENT="2.1416644245742695" />
        <Edge SPOT_SOURCE_ID="123974" SPOT_TARGET_ID="123972" LINK_COST="-1.0" VELOCITY="4.487097770664278" DISPLACEMENT="4.487097770664278" />
        <Edge SPOT_SOURCE_ID="166450" SPOT_TARGET_ID="166433" LINK_COST="-1.0" VELOCITY="3.0444989450514215" DISPLACEMENT="3.0444989450514215" />
        <Edge SPOT_SOURCE_ID="171059" SPOT_TARGET_ID="171075" LINK_COST="1.994206085007347" VELOCITY="1.990182674207156" DISPLACEMENT="1.990182674207156" />
        <Edge SPOT_SOURCE_ID="165756" SPOT_TARGET_ID="165755" LINK_COST="-1.0" VELOCITY="0.9653803976507334" DISPLACEMENT="0.9653803976507334" />
        <Edge SPOT_SOURCE_ID="168097" SPOT_TARGET_ID="168070" LINK_COST="-1.0" VELOCITY="7.775716007352221" DISPLACEMENT="7.775716007352221" />
        <Edge SPOT_SOURCE_ID="164943" SPOT_TARGET_ID="164860" LINK_COST="-1.0" VELOCITY="5.292532825457556" DISPLACEMENT="5.292532825457556" />
        <Edge SPOT_SOURCE_ID="171125" SPOT_TARGET_ID="171277" LINK_COST="27.50047482559892" VELOCITY="3.7941167273256333" DISPLACEMENT="3.7941167273256333" />
        <Edge SPOT_SOURCE_ID="158319" SPOT_TARGET_ID="158312" LINK_COST="-1.0" VELOCITY="1.430767108981956" DISPLACEMENT="1.430767108981956" />
        <Edge SPOT_SOURCE_ID="165681" SPOT_TARGET_ID="165562" LINK_COST="-1.0" VELOCITY="2.5778403025625476" DISPLACEMENT="2.5778403025625476" />
        <Edge SPOT_SOURCE_ID="171075" SPOT_TARGET_ID="171093" LINK_COST="13.890936855540371" VELOCITY="1.6189921449697153" DISPLACEMENT="1.6189921449697153" />
        <Edge SPOT_SOURCE_ID="167842" SPOT_TARGET_ID="167841" LINK_COST="-1.0" VELOCITY="7.094068145788267" DISPLACEMENT="7.094068145788267" />
        <Edge SPOT_SOURCE_ID="158731" SPOT_TARGET_ID="158707" LINK_COST="-1.0" VELOCITY="1.2704547590250002" DISPLACEMENT="1.2704547590250002" />
        <Edge SPOT_SOURCE_ID="167438" SPOT_TARGET_ID="167434" LINK_COST="-1.0" VELOCITY="3.9594703794257953" DISPLACEMENT="3.9594703794257953" />
        <Edge SPOT_SOURCE_ID="170190" SPOT_TARGET_ID="170203" LINK_COST="22.93618583299247" VELOCITY="4.789173815283015" DISPLACEMENT="4.789173815283015" />
        <Edge SPOT_SOURCE_ID="171277" SPOT_TARGET_ID="171292" LINK_COST="2.0507914211281113" VELOCITY="2.6657437527424896" DISPLACEMENT="2.6657437527424896" />
        <Edge SPOT_SOURCE_ID="168004" SPOT_TARGET_ID="167991" LINK_COST="-1.0" VELOCITY="3.301021697854233" DISPLACEMENT="3.301021697854233" />
        <Edge SPOT_SOURCE_ID="157496" SPOT_TARGET_ID="157487" LINK_COST="-1.0" VELOCITY="1.4680449275786625" DISPLACEMENT="1.4680449275786625" />
        <Edge SPOT_SOURCE_ID="170219" SPOT_TARGET_ID="170238" LINK_COST="15.588172139547211" VELOCITY="3.9481859302149402" DISPLACEMENT="3.9481859302149402" />
        <Edge SPOT_SOURCE_ID="165541" SPOT_TARGET_ID="165521" LINK_COST="-1.0" VELOCITY="0.9603126232873717" DISPLACEMENT="0.9603126232873717" />
        <Edge SPOT_SOURCE_ID="170107" SPOT_TARGET_ID="170119" LINK_COST="4.578399457241826" VELOCITY="2.1397194809698363" DISPLACEMENT="2.1397194809698363" />
      </Track>
      <Track name="Track_26" TRACK_ID="26" TRACK_INDEX="5" TRACK_DURATION="272.0" TRACK_START="0.0" TRACK_STOP="272.0" TRACK_DISPLACEMENT="121.9175681562555" NUMBER_SPOTS="273" NUMBER_GAPS="0" LONGEST_GAP="0" NUMBER_SPLITS="0" NUMBER_MERGES="0" NUMBER_COMPLEX="0" DIVISION_TIME_MEAN="NaN" DIVISION_TIME_STD="NaN">
        <Edge SPOT_SOURCE_ID="178687" SPOT_TARGET_ID="178702" LINK_COST="21.132936337400526" VELOCITY="4.597057356331388" DISPLACEMENT="4.597057356331388" />
        <Edge SPOT_SOURCE_ID="174078" SPOT_TARGET_ID="174215" LINK_COST="41.100405149074604" VELOCITY="6.4109597681684605" DISPLACEMENT="6.4109597681684605" />
        <Edge SPOT_SOURCE_ID="179020" SPOT_TARGET_ID="179031" LINK_COST="5.144589235500112" VELOCITY="2.2681686964377477" DISPLACEMENT="2.2681686964377477" />
        <Edge SPOT_SOURCE_ID="175324" SPOT_TARGET_ID="175340" LINK_COST="43.7632584030933" VELOCITY="6.615380442808509" DISPLACEMENT="6.615380442808509" />
        <Edge SPOT_SOURCE_ID="175920" SPOT_TARGET_ID="175936" LINK_COST="48.35372829393072" VELOCITY="1.1569290723964984" DISPLACEMENT="1.1569290723964984" />
        <Edge SPOT_SOURCE_ID="181271" SPOT_TARGET_ID="181293" LINK_COST="2.587227497170105" VELOCITY="1.6084860885845749" DISPLACEMENT="1.6084860885845749" />
        <Edge SPOT_SOURCE_ID="174573" SPOT_TARGET_ID="174602" LINK_COST="29.436471886335852" VELOCITY="5.425538856771357" DISPLACEMENT="5.425538856771357" />
        <Edge SPOT_SOURCE_ID="173740" SPOT_TARGET_ID="173793" LINK_COST="1.0166794977958058" VELOCITY="1.008305260224207" DISPLACEMENT="1.008305260224207" />
        <Edge SPOT_SOURCE_ID="174941" SPOT_TARGET_ID="174954" LINK_COST="18.858312505212563" VELOCITY="5.542634629954314" DISPLACEMENT="5.542634629954314" />
        <Edge SPOT_SOURCE_ID="179667" SPOT_TARGET_ID="179683" LINK_COST="54.400886450111074" VELOCITY="3.361548253415687" DISPLACEMENT="3.361548253415687" />
        <Edge SPOT_SOURCE_ID="178146" SPOT_TARGET_ID="178164" LINK_COST="10.478946239276452" VELOCITY="3.2371200532690243" DISPLACEMENT="3.2371200532690243" />
        <Edge SPOT_SOURCE_ID="178128" SPOT_TARGET_ID="178146" LINK_COST="35.81893234060903" VELOCITY="5.984892007430797" DISPLACEMENT="5.984892007430797" />
        <Edge SPOT_SOURCE_ID="180087" SPOT_TARGET_ID="180105" LINK_COST="2.5125840047757224" VELOCITY="1.5851132466722124" DISPLACEMENT="1.5851132466722124" />
        <Edge SPOT_SOURCE_ID="176199" SPOT_TARGET_ID="177982" LINK_COST="-1.0" VELOCITY="3.3439017711552537" DISPLACEMENT="3.3439017711552537" />
        <Edge SPOT_SOURCE_ID="180220" SPOT_TARGET_ID="180239" LINK_COST="3.712766114879502" VELOCITY="4.337556633276415" DISPLACEMENT="4.337556633276415" />
        <Edge SPOT_SOURCE_ID="179085" SPOT_TARGET_ID="179106" LINK_COST="9.997374305776319" VELOCITY="3.1618624742035064" DISPLACEMENT="3.1618624742035064" />
        <Edge SPOT_SOURCE_ID="175788" SPOT_TARGET_ID="175808" LINK_COST="66.29846894962911" VELOCITY="1.0684796989198042" DISPLACEMENT="1.0684796989198042" />
        <Edge SPOT_SOURCE_ID="178893" SPOT_TARGET_ID="178980" LINK_COST="-1.0" VELOCITY="2.8382317907231487" DISPLACEMENT="2.8382317907231487" />
        <Edge SPOT_SOURCE_ID="174729" SPOT_TARGET_ID="174742" LINK_COST="31.853994724284377" VELOCITY="3.772861976365576" DISPLACEMENT="3.772861976365576" />
        <Edge SPOT_SOURCE_ID="179397" SPOT_TARGET_ID="179418" LINK_COST="6.2428633078147735" VELOCITY="2.4985722538711532" DISPLACEMENT="2.4985722538711532" />
        <Edge SPOT_SOURCE_ID="181317" SPOT_TARGET_ID="181343" LINK_COST="11.559815242460544" VELOCITY="3.399972829665047" DISPLACEMENT="3.399972829665047" />
        <Edge SPOT_SOURCE_ID="181582" SPOT_TARGET_ID="181606" LINK_COST="3.1493861515762385" VELOCITY="1.7746509943017637" DISPLACEMENT="1.7746509943017637" />
        <Edge SPOT_SOURCE_ID="179497" SPOT_TARGET_ID="179518" LINK_COST="14.35891216744593" VELOCITY="2.9829177915258653" DISPLACEMENT="2.9829177915258653" />
        <Edge SPOT_SOURCE_ID="179279" SPOT_TARGET_ID="179298" LINK_COST="16.560571553519946" VELOCITY="4.06946821507675" DISPLACEMENT="4.06946821507675" />
        <Edge SPOT_SOURCE_ID="180914" SPOT_TARGET_ID="180936" LINK_COST="12.716621799807367" VELOCITY="3.5660372684265886" DISPLACEMENT="3.5660372684265886" />
        <Edge SPOT_SOURCE_ID="181467" SPOT_TARGET_ID="181487" LINK_COST="28.89606846048667" VELOCITY="4.662219305790462" DISPLACEMENT="4.662219305790462" />
        <Edge SPOT_SOURCE_ID="175087" SPOT_TARGET_ID="175103" LINK_COST="54.903991132244975" VELOCITY="3.5948415569434924" DISPLACEMENT="3.5948415569434924" />
        <Edge SPOT_SOURCE_ID="180175" SPOT_TARGET_ID="180199" LINK_COST="7.668776577146357" VELOCITY="2.29458773516887" DISPLACEMENT="2.29458773516887" />
        <Edge SPOT_SOURCE_ID="178641" SPOT_TARGET_ID="178657" LINK_COST="2.0581979264259576" VELOCITY="1.4346420900091972" DISPLACEMENT="1.4346420900091972" />
        <Edge SPOT_SOURCE_ID="179832" SPOT_TARGET_ID="179847" LINK_COST="2.488720399294173" VELOCITY="1.5775678747027568" DISPLACEMENT="1.5775678747027568" />
        <Edge SPOT_SOURCE_ID="180993" SPOT_TARGET_ID="181028" LINK_COST="28.09449450620722" VELOCITY="5.300423993060104" DISPLACEMENT="5.300423993060104" />
        <Edge SPOT_SOURCE_ID="180367" SPOT_TARGET_ID="180386" LINK_COST="0.8884348125649515" VELOCITY="1.7477953563979518" DISPLACEMENT="1.7477953563979518" />
        <Edge SPOT_SOURCE_ID="173836" SPOT_TARGET_ID="173855" LINK_COST="4.362616675058133" VELOCITY="2.0886877878366916" DISPLACEMENT="2.0886877878366916" />
        <Edge SPOT_SOURCE_ID="173957" SPOT_TARGET_ID="173981" LINK_COST="33.211267664463946" VELOCITY="5.762921799266753" DISPLACEMENT="5.762921799266753" />
        <Edge SPOT_SOURCE_ID="180674" SPOT_TARGET_ID="180698" LINK_COST="5.7430684968266394" VELOCITY="0.2413450994129107" DISPLACEMENT="0.2413450994129107" />
        <Edge SPOT_SOURCE_ID="178440" SPOT_TARGET_ID="178470" LINK_COST="34.905388237519475" VELOCITY="5.90807821863586" DISPLACEMENT="5.90807821863586" />
        <Edge SPOT_SOURCE_ID="178789" SPOT_TARGET_ID="178812" LINK_COST="48.23798859373656" VELOCITY="5.357618747051523" DISPLACEMENT="5.357618747051523" />
        <Edge SPOT_SOURCE_ID="175903" SPOT_TARGET_ID="175920" LINK_COST="4.226940250527205" VELOCITY="2.0234102501195714" DISPLACEMENT="2.0234102501195714" />
        <Edge SPOT_SOURCE_ID="175584" SPOT_TARGET_ID="175674" LINK_COST="3.2653573769655613" VELOCITY="2.1915288457780244" DISPLACEMENT="2.1915288457780244" />
        <Edge SPOT_SOURCE_ID="179006" SPOT_TARGET_ID="179020" LINK_COST="6.2021441773666695" VELOCITY="2.4904104435547705" DISPLACEMENT="2.4904104435547705" />
        <Edge SPOT_SOURCE_ID="175763" SPOT_TARGET_ID="175776" LINK_COST="2.493556003664629" VELOCITY="1.4444589722299015" DISPLACEMENT="1.4444589722299015" />
        <Edge SPOT_SOURCE_ID="174281" SPOT_TARGET_ID="174306" LINK_COST="11.644905821660261" VELOCITY="3.4124633070056976" DISPLACEMENT="3.4124633070056976" />
        <Edge SPOT_SOURCE_ID="178034" SPOT_TARGET_ID="178047" LINK_COST="34.97520202495205" VELOCITY="4.118771513407036" DISPLACEMENT="4.118771513407036" />
        <Edge SPOT_SOURCE_ID="179758" SPOT_TARGET_ID="179775" LINK_COST="9.819766798072642" VELOCITY="3.133650714114871" DISPLACEMENT="3.133650714114871" />
        <Edge SPOT_SOURCE_ID="180105" SPOT_TARGET_ID="180127" LINK_COST="6.515166575052874" VELOCITY="2.5524824338382577" DISPLACEMENT="2.5524824338382577" />
        <Edge SPOT_SOURCE_ID="181221" SPOT_TARGET_ID="181240" LINK_COST="8.57994633611854" VELOCITY="2.9291545428875105" DISPLACEMENT="2.9291545428875105" />
        <Edge SPOT_SOURCE_ID="180542" SPOT_TARGET_ID="180565" LINK_COST="1.1319294647473692" VELOCITY="1.399884177599626" DISPLACEMENT="1.399884177599626" />
        <Edge SPOT_SOURCE_ID="178396" SPOT_TARGET_ID="178409" LINK_COST="31.195358560210074" VELOCITY="5.5852805265456515" DISPLACEMENT="5.5852805265456515" />
        <Edge SPOT_SOURCE_ID="180565" SPOT_TARGET_ID="180586" LINK_COST="2.114159997983463" VELOCITY="1.5264004325276905" DISPLACEMENT="1.5264004325276905" />
        <Edge SPOT_SOURCE_ID="178184" SPOT_TARGET_ID="178206" LINK_COST="2.013923285544217" VELOCITY="1.419127649489015" DISPLACEMENT="1.419127649489015" />
        <Edge SPOT_SOURCE_ID="180794" SPOT_TARGET_ID="180820" LINK_COST="35.01306600114225" VELOCITY="5.917183958703857" DISPLACEMENT="5.917183958703857" />
        <Edge SPOT_SOURCE_ID="174974" SPOT_TARGET_ID="174993" LINK_COST="19.599620571542808" VELOCITY="5.416410078594702" DISPLACEMENT="5.416410078594702" />
        <Edge SPOT_SOURCE_ID="175515" SPOT_TARGET_ID="175530" LINK_COST="27.87885768390202" VELOCITY="1.5264004325276905" DISPLACEMENT="1.5264004325276905" />
        <Edge SPOT_SOURCE_ID="180956" SPOT_TARGET_ID="180974" LINK_COST="0.9117148539164575" VELOCITY="0.9548376060443249" DISPLACEMENT="0.9548376060443249" />
        <Edge SPOT_SOURCE_ID="174306" SPOT_TARGET_ID="174323" LINK_COST="14.68371047004378" VELOCITY="3.8319329939397138" DISPLACEMENT="3.8319329939397138" />
        <Edge SPOT_SOURCE_ID="178519" SPOT_TARGET_ID="178538" LINK_COST="51.43808163402006" VELOCITY="7.17203469275073" DISPLACEMENT="7.17203469275073" />
        <Edge SPOT_SOURCE_ID="178771" SPOT_TARGET_ID="178789" LINK_COST="1.9051425800819448" VELOCITY="1.3802690245317921" DISPLACEMENT="1.3802690245317921" />
        <Edge SPOT_SOURCE_ID="173906" SPOT_TARGET_ID="173923" LINK_COST="7.909202356467246" VELOCITY="2.8123304138147147" DISPLACEMENT="2.8123304138147147" />
        <Edge SPOT_SOURCE_ID="174907" SPOT_TARGET_ID="174909" LINK_COST="-1.0" VELOCITY="6.052904299558669" DISPLACEMENT="6.052904299558669" />
        <Edge SPOT_SOURCE_ID="174559" SPOT_TARGET_ID="174573" LINK_COST="58.50546282779885" VELOCITY="7.648886378277484" DISPLACEMENT="7.648886378277484" />
        <Edge SPOT_SOURCE_ID="175123" SPOT_TARGET_ID="175144" LINK_COST="53.7647682669712" VELOCITY="2.920676821150702" DISPLACEMENT="2.920676821150702" />
        <Edge SPOT_SOURCE_ID="180386" SPOT_TARGET_ID="180484" LINK_COST="-1.0" VELOCITY="4.753304975896335" DISPLACEMENT="4.753304975896335" />
        <Edge SPOT_SOURCE_ID="181089" SPOT_TARGET_ID="181110" LINK_COST="10.844934722595257" VELOCITY="1.8380295173390009" DISPLACEMENT="1.8380295173390009" />
        <Edge SPOT_SOURCE_ID="178702" SPOT_TARGET_ID="178723" LINK_COST="0.5427917825068472" VELOCITY="0.736744041378583" DISPLACEMENT="0.736744041378583" />
        <Edge SPOT_SOURCE_ID="175828" SPOT_TARGET_ID="175873" LINK_COST="86.03781939189025" VELOCITY="4.133444786463733" DISPLACEMENT="4.133444786463733" />
        <Edge SPOT_SOURCE_ID="180848" SPOT_TARGET_ID="180868" LINK_COST="0.3512582123468447" VELOCITY="0.5926704078548588" DISPLACEMENT="0.5926704078548588" />
        <Edge SPOT_SOURCE_ID="178723" SPOT_TARGET_ID="178737" LINK_COST="29.865795163085053" VELOCITY="5.464960673516787" DISPLACEMENT="5.464960673516787" />
        <Edge SPOT_SOURCE_ID="178538" SPOT_TARGET_ID="178560" LINK_COST="9.668843821722756" VELOCITY="3.109476454601764" DISPLACEMENT="3.109476454601764" />
        <Edge SPOT_SOURCE_ID="179183" SPOT_TARGET_ID="179197" LINK_COST="34.91440424367123" VELOCITY="5.908841192964254" DISPLACEMENT="5.908841192964254" />
        <Edge SPOT_SOURCE_ID="174860" SPOT_TARGET_ID="174900" LINK_COST="-1.0" VELOCITY="1.82838076241209" DISPLACEMENT="1.82838076241209" />
        <Edge SPOT_SOURCE_ID="173875" SPOT_TARGET_ID="173906" LINK_COST="13.812834854374643" VELOCITY="3.716562236042152" DISPLACEMENT="3.716562236042152" />
        <Edge SPOT_SOURCE_ID="173689" SPOT_TARGET_ID="173715" LINK_COST="2.3848062531887626" VELOCITY="2.7480149762906665" DISPLACEMENT="2.7480149762906665" />
        <Edge SPOT_SOURCE_ID="179319" SPOT_TARGET_ID="179338" LINK_COST="1.7148998162498035" VELOCITY="3.394061920957742" DISPLACEMENT="3.394061920957742" />
        <Edge SPOT_SOURCE_ID="180346" SPOT_TARGET_ID="180367" LINK_COST="39.39229258801386" VELOCITY="1.5453626556349487" DISPLACEMENT="1.5453626556349487" />
        <Edge SPOT_SOURCE_ID="180006" SPOT_TARGET_ID="180023" LINK_COST="1.8804619542679348" VELOCITY="1.3712993671215394" DISPLACEMENT="1.3712993671215394" />
        <Edge SPOT_SOURCE_ID="173667" SPOT_TARGET_ID="173689" LINK_COST="0.8812440898151653" VELOCITY="1.0295594696639851" DISPLACEMENT="1.0295594696639851" />
        <Edge SPOT_SOURCE_ID="178657" SPOT_TARGET_ID="178671" LINK_COST="4.287293537483995" VELOCITY="2.0705780684349953" DISPLACEMENT="2.0705780684349953" />
        <Edge SPOT_SOURCE_ID="174520" SPOT_TARGET_ID="174534" LINK_COST="6.533975438796139" VELOCITY="2.556164204192708" DISPLACEMENT="2.556164204192708" />
        <Edge SPOT_SOURCE_ID="179360" SPOT_TARGET_ID="179397" LINK_COST="10.769712855499673" VELOCITY="3.2817240675443258" DISPLACEMENT="3.2817240675443258" />
        <Edge SPOT_SOURCE_ID="181173" SPOT_TARGET_ID="181198" LINK_COST="1.6873241391471132" VELOCITY="1.2989704150392007" DISPLACEMENT="1.2989704150392007" />
        <Edge SPOT_SOURCE_ID="178336" SPOT_TARGET_ID="178353" LINK_COST="3.0378171132695564" VELOCITY="1.7429334793013636" DISPLACEMENT="1.7429334793013636" />
        <Edge SPOT_SOURCE_ID="180052" SPOT_TARGET_ID="180069" LINK_COST="3.3641575308848486" VELOCITY="1.8341639869119797" DISPLACEMENT="1.8341639869119797" />
        <Edge SPOT_SOURCE_ID="179989" SPOT_TARGET_ID="180006" LINK_COST="10.847302317952215" VELOCITY="3.2935243004951724" DISPLACEMENT="3.2935243004951724" />
        <Edge SPOT_SOURCE_ID="175401" SPOT_TARGET_ID="175430" LINK_COST="4.945510083901118" VELOCITY="2.223850283607491" DISPLACEMENT="2.223850283607491" />
        <Edge SPOT_SOURCE_ID="181632" SPOT_TARGET_ID="181653" LINK_COST="20.25779065641554" VELOCITY="4.500865545249662" DISPLACEMENT="4.500865545249662" />
        <Edge SPOT_SOURCE_ID="174602" SPOT_TARGET_ID="174616" LINK_COST="13.633256496896857" VELOCITY="3.6923239967392973" DISPLACEMENT="3.6923239967392973" />
        <Edge SPOT_SOURCE_ID="175496" SPOT_TARGET_ID="175515" LINK_COST="4.59473506622078" VELOCITY="1.1345383511643015" DISPLACEMENT="1.1345383511643015" />
        <Edge SPOT_SOURCE_ID="173715" SPOT_TARGET_ID="173740" LINK_COST="5.795455215481935" VELOCITY="2.4073751713187406" DISPLACEMENT="2.4073751713187406" />
        <Edge SPOT_SOURCE_ID="180199" SPOT_TARGET_ID="180220" LINK_COST="0.09960427416525672" VELOCITY="2.6063485100058106" DISPLACEMENT="2.6063485100058106" />
        <Edge SPOT_SOURCE_ID="173618" SPOT_TARGET_ID="173644" LINK_COST="28.59339638474511" VELOCITY="3.790862581400876" DISPLACEMENT="3.790862581400876" />
        <Edge SPOT_SOURCE_ID="173981" SPOT_TARGET_ID="174000" LINK_COST="42.75295763653212" VELOCITY="6.538574587517689" DISPLACEMENT="6.538574587517689" />
        <Edge SPOT_SOURCE_ID="179468" SPOT_TARGET_ID="179497" LINK_COST="9.198811499321343" VELOCITY="1.590350868395222" DISPLACEMENT="1.590350868395222" />
        <Edge SPOT_SOURCE_ID="181028" SPOT_TARGET_ID="181045" LINK_COST="16.68471348127426" VELOCITY="4.084692580999733" DISPLACEMENT="4.084692580999733" />
        <Edge SPOT_SOURCE_ID="178047" SPOT_TARGET_ID="178064" LINK_COST="56.03530582997247" VELOCITY="2.48609146306891" DISPLACEMENT="2.48609146306891" />
        <Edge SPOT_SOURCE_ID="179338" SPOT_TARGET_ID="179360" LINK_COST="5.4277857632473605" VELOCITY="1.5996462578272725" DISPLACEMENT="1.5996462578272725" />
        <Edge SPOT_SOURCE_ID="174393" SPOT_TARGET_ID="174406" LINK_COST="10.940040435096083" VELOCITY="3.307573194215977" DISPLACEMENT="3.307573194215977" />
        <Edge SPOT_SOURCE_ID="180887" SPOT_TARGET_ID="180914" LINK_COST="11.625189062117949" VELOCITY="3.4095731495478945" DISPLACEMENT="3.4095731495478945" />
        <Edge SPOT_SOURCE_ID="178220" SPOT_TARGET_ID="178235" LINK_COST="4.797234416281368" VELOCITY="2.190258983837612" DISPLACEMENT="2.190258983837612" />
        <Edge SPOT_SOURCE_ID="180484" SPOT_TARGET_ID="180510" LINK_COST="54.51640377160439" VELOCITY="4.801563116434465" DISPLACEMENT="4.801563116434465" />
        <Edge SPOT_SOURCE_ID="180525" SPOT_TARGET_ID="180542" LINK_COST="65.54996733091531" VELOCITY="2.506489532872733" DISPLACEMENT="2.506489532872733" />
        <Edge SPOT_SOURCE_ID="175103" SPOT_TARGET_ID="175123" LINK_COST="1.9605819135217428" VELOCITY="1.4002078108344285" DISPLACEMENT="1.4002078108344285" />
        <Edge SPOT_SOURCE_ID="179847" SPOT_TARGET_ID="179869" LINK_COST="30.692465127105876" VELOCITY="2.262241432818634" DISPLACEMENT="2.262241432818634" />
        <Edge SPOT_SOURCE_ID="175776" SPOT_TARGET_ID="175788" LINK_COST="42.88588230005621" VELOCITY="2.02341025011976" DISPLACEMENT="2.02341025011976" />
        <Edge SPOT_SOURCE_ID="180127" SPOT_TARGET_ID="180152" LINK_COST="9.775381274160118" VELOCITY="4.15598980814039" DISPLACEMENT="4.15598980814039" />
        <Edge SPOT_SOURCE_ID="178483" SPOT_TARGET_ID="178504" LINK_COST="13.879085158931733" VELOCITY="3.725464421911949" DISPLACEMENT="3.725464421911949" />
        <Edge SPOT_SOURCE_ID="173816" SPOT_TARGET_ID="173836" LINK_COST="8.42128085240117" VELOCITY="2.9019443227603747" DISPLACEMENT="2.9019443227603747" />
        <Edge SPOT_SOURCE_ID="175462" SPOT_TARGET_ID="175476" LINK_COST="22.88290934580737" VELOCITY="4.783608402221838" DISPLACEMENT="4.783608402221838" />
        <Edge SPOT_SOURCE_ID="179534" SPOT_TARGET_ID="179551" LINK_COST="10.247742662624923" VELOCITY="3.2012095624349435" DISPLACEMENT="3.2012095624349435" />
        <Edge SPOT_SOURCE_ID="181487" SPOT_TARGET_ID="181582" LINK_COST="0.4234044463227779" VELOCITY="0.6506953560021601" DISPLACEMENT="0.6506953560021601" />
        <Edge SPOT_SOURCE_ID="173644" SPOT_TARGET_ID="173667" LINK_COST="1.4483564488799108" VELOCITY="1.168319235518144" DISPLACEMENT="1.168319235518144" />
        <Edge SPOT_SOURCE_ID="179139" SPOT_TARGET_ID="179158" LINK_COST="3.1029780550333834" VELOCITY="1.7615271939522772" DISPLACEMENT="1.7615271939522772" />
        <Edge SPOT_SOURCE_ID="175214" SPOT_TARGET_ID="175240" LINK_COST="64.00918753958116" VELOCITY="3.869056274042148" DISPLACEMENT="3.869056274042148" />
        <Edge SPOT_SOURCE_ID="174713" SPOT_TARGET_ID="174729" LINK_COST="28.19341467745667" VELOCITY="1.4603384105756734" DISPLACEMENT="1.4603384105756734" />
        <Edge SPOT_SOURCE_ID="178353" SPOT_TARGET_ID="178375" LINK_COST="2.044170039239645" VELOCITY="1.4297447461836135" DISPLACEMENT="1.4297447461836135" />
        <Edge SPOT_SOURCE_ID="174808" SPOT_TARGET_ID="174811" LINK_COST="-1.0" VELOCITY="7.241347490456847" DISPLACEMENT="7.241347490456847" />
        <Edge SPOT_SOURCE_ID="174921" SPOT_TARGET_ID="174941" LINK_COST="83.29695039275362" VELOCITY="5.604680980395161" DISPLACEMENT="5.604680980395161" />
        <Edge SPOT_SOURCE_ID="175735" SPOT_TARGET_ID="175763" LINK_COST="4.013071537012722" VELOCITY="2.6986908728931156" DISPLACEMENT="2.6986908728931156" />
        <Edge SPOT_SOURCE_ID="174248" SPOT_TARGET_ID="174265" LINK_COST="12.899174527534463" VELOCITY="3.5915420821054655" DISPLACEMENT="3.5915420821054655" />
        <Edge SPOT_SOURCE_ID="174323" SPOT_TARGET_ID="174338" LINK_COST="22.8422245170971" VELOCITY="4.7793539853307685" DISPLACEMENT="4.7793539853307685" />
        <Edge SPOT_SOURCE_ID="174421" SPOT_TARGET_ID="174443" LINK_COST="13.421832743145217" VELOCITY="3.6635819552925546" DISPLACEMENT="3.6635819552925546" />
        <Edge SPOT_SOURCE_ID="175721" SPOT_TARGET_ID="175735" LINK_COST="7.10094253976256" VELOCITY="3.96823398052444" DISPLACEMENT="3.96823398052444" />
        <Edge SPOT_SOURCE_ID="180239" SPOT_TARGET_ID="180346" LINK_COST="31.550186931192414" VELOCITY="3.160425116209979" DISPLACEMENT="3.160425116209979" />
        <Edge SPOT_SOURCE_ID="178082" SPOT_TARGET_ID="178111" LINK_COST="11.847774164092083" VELOCITY="3.4420595817173303" DISPLACEMENT="3.4420595817173303" />
        <Edge SPOT_SOURCE_ID="175688" SPOT_TARGET_ID="175702" LINK_COST="39.412861548440766" VELOCITY="3.5158642643720226" DISPLACEMENT="3.5158642643720226" />
        <Edge SPOT_SOURCE_ID="179744" SPOT_TARGET_ID="179758" LINK_COST="3.6775297044932342" VELOCITY="3.0709714796134153" DISPLACEMENT="3.0709714796134153" />
        <Edge SPOT_SOURCE_ID="175266" SPOT_TARGET_ID="175287" LINK_COST="48.858730711903895" VELOCITY="1.6104932289902325" DISPLACEMENT="1.6104932289902325" />
        <Edge SPOT_SOURCE_ID="179613" SPOT_TARGET_ID="179638" LINK_COST="29.888676324775805" VELOCITY="1.945786397753649" DISPLACEMENT="1.945786397753649" />
        <Edge SPOT_SOURCE_ID="179250" SPOT_TARGET_ID="179279" LINK_COST="8.561822921341896" VELOCITY="2.9260592819254185" DISPLACEMENT="2.9260592819254185" />
        <Edge SPOT_SOURCE_ID="175674" SPOT_TARGET_ID="175688" LINK_COST="3.2202849788368404" VELOCITY="0.5611930313927483" DISPLACEMENT="0.5611930313927483" />
        <Edge SPOT_SOURCE_ID="175444" SPOT_TARGET_ID="175462" LINK_COST="13.953190949775191" VELOCITY="3.7353970270608707" DISPLACEMENT="3.7353970270608707" />
        <Edge SPOT_SOURCE_ID="181045" SPOT_TARGET_ID="181072" LINK_COST="4.203816218668276" VELOCITY="2.050321003810934" DISPLACEMENT="2.050321003810934" />
        <Edge SPOT_SOURCE_ID="178291" SPOT_TARGET_ID="178305" LINK_COST="17.47093733651052" VELOCITY="4.179825036590708" DISPLACEMENT="4.179825036590708" />
        <Edge SPOT_SOURCE_ID="179229" SPOT_TARGET_ID="179250" LINK_COST="94.45862257275436" VELOCITY="4.5331754439978384" DISPLACEMENT="4.5331754439978384" />
        <Edge SPOT_SOURCE_ID="179448" SPOT_TARGET_ID="179468" LINK_COST="4.248801440223405" VELOCITY="0.7140282959172133" DISPLACEMENT="0.7140282959172133" />
        <Edge SPOT_SOURCE_ID="175144" SPOT_TARGET_ID="175162" LINK_COST="101.67401793538376" VELOCITY="2.0652303858899645" DISPLACEMENT="2.0652303858899645" />
        <Edge SPOT_SOURCE_ID="174265" SPOT_TARGET_ID="174281" LINK_COST="16.7287697023974" VELOCITY="4.09008186988933" DISPLACEMENT="4.09008186988933" />
        <Edge SPOT_SOURCE_ID="178271" SPOT_TARGET_ID="178291" LINK_COST="5.972452013394741" VELOCITY="2.4438600642006367" DISPLACEMENT="2.4438600642006367" />
        <Edge SPOT_SOURCE_ID="175564" SPOT_TARGET_ID="175584" LINK_COST="24.905672455707066" VELOCITY="3.0907253112699418" DISPLACEMENT="3.0907253112699418" />
        <Edge SPOT_SOURCE_ID="178013" SPOT_TARGET_ID="178034" LINK_COST="10.292972498454752" VELOCITY="3.199292515654447" DISPLACEMENT="3.199292515654447" />
        <Edge SPOT_SOURCE_ID="178427" SPOT_TARGET_ID="178440" LINK_COST="2.285922485825163" VELOCITY="1.5119267461835455" DISPLACEMENT="1.5119267461835455" />
        <Edge SPOT_SOURCE_ID="174534" SPOT_TARGET_ID="174547" LINK_COST="16.61734675098267" VELOCITY="4.076437997931855" DISPLACEMENT="4.076437997931855" />
        <Edge SPOT_SOURCE_ID="178206" SPOT_TARGET_ID="178220" LINK_COST="15.169304937264792" VELOCITY="3.89477918979559" DISPLACEMENT="3.89477918979559" />
        <Edge SPOT_SOURCE_ID="179043" SPOT_TARGET_ID="179056" LINK_COST="6.674265704230612" VELOCITY="2.5834600256691824" DISPLACEMENT="2.5834600256691824" />
        <Edge SPOT_SOURCE_ID="173855" SPOT_TARGET_ID="173875" LINK_COST="1.1330443504736873" VELOCITY="1.0644455601268143" DISPLACEMENT="1.0644455601268143" />
        <Edge SPOT_SOURCE_ID="179683" SPOT_TARGET_ID="179744" LINK_COST="24.25808405692998" VELOCITY="4.713156436020863" DISPLACEMENT="4.713156436020863" />
        <Edge SPOT_SOURCE_ID="180698" SPOT_TARGET_ID="180794" LINK_COST="4.808851118477547" VELOCITY="2.192909281862236" DISPLACEMENT="2.192909281862236" />
        <Edge SPOT_SOURCE_ID="174629" SPOT_TARGET_ID="174643" LINK_COST="8.221005992581697" VELOCITY="2.867229672101922" DISPLACEMENT="2.867229672101922" />
        <Edge SPOT_SOURCE_ID="180974" SPOT_TARGET_ID="180993" LINK_COST="12.07529599586826" VELOCITY="3.474952660953565" DISPLACEMENT="3.474952660953565" />
        <Edge SPOT_SOURCE_ID="178592" SPOT_TARGET_ID="178608" LINK_COST="5.345533435597564" VELOCITY="2.312040967543085" DISPLACEMENT="2.312040967543085" />
        <Edge SPOT_SOURCE_ID="178470" SPOT_TARGET_ID="178483" LINK_COST="15.395338785099199" VELOCITY="3.923689435352803" DISPLACEMENT="3.923689435352803" />
        <Edge SPOT_SOURCE_ID="181293" SPOT_TARGET_ID="181317" LINK_COST="1.5510676926924718" VELOCITY="1.245418681685991" DISPLACEMENT="1.245418681685991" />
        <Edge SPOT_SOURCE_ID="174993" SPOT_TARGET_ID="175087" LINK_COST="55.580568905568285" VELOCITY="4.166262376415368" DISPLACEMENT="4.166262376415368" />
        <Edge SPOT_SOURCE_ID="174684" SPOT_TARGET_ID="174695" LINK_COST="4.2896380515771595" VELOCITY="2.146150663472871" DISPLACEMENT="2.146150663472871" />
        <Edge SPOT_SOURCE_ID="178671" SPOT_TARGET_ID="178687" LINK_COST="17.996586357516012" VELOCITY="4.242238366418843" DISPLACEMENT="4.242238366418843" />
        <Edge SPOT_SOURCE_ID="180069" SPOT_TARGET_ID="180087" LINK_COST="5.971115283239013" VELOCITY="2.4435865614377184" DISPLACEMENT="2.4435865614377184" />
        <Edge SPOT_SOURCE_ID="174742" SPOT_TARGET_ID="174808" LINK_COST="-1.0" VELOCITY="8.038873388460929E-14" DISPLACEMENT="8.038873388460929E-14" />
        <Edge SPOT_SOURCE_ID="178321" SPOT_TARGET_ID="178336" LINK_COST="3.4780124867981166" VELOCITY="1.8649430250809584" DISPLACEMENT="1.8649430250809584" />
        <Edge SPOT_SOURCE_ID="175240" SPOT_TARGET_ID="175256" LINK_COST="2.8901461136083135" VELOCITY="0.865614100933873" DISPLACEMENT="0.865614100933873" />
        <Edge SPOT_SOURCE_ID="175256" SPOT_TARGET_ID="175266" LINK_COST="80.1207575762492" VELOCITY="1.7312282018679195" DISPLACEMENT="1.7312282018679195" />
        <Edge SPOT_SOURCE_ID="175340" SPOT_TARGET_ID="175361" LINK_COST="2.3447157968006493" VELOCITY="1.5312464846655647" DISPLACEMENT="1.5312464846655647" />
        <Edge SPOT_SOURCE_ID="179434" SPOT_TARGET_ID="179448" LINK_COST="5.227287814651742" VELOCITY="3.422313341562859" DISPLACEMENT="3.422313341562859" />
        <Edge SPOT_SOURCE_ID="173793" SPOT_TARGET_ID="173816" LINK_COST="7.675466113602051" VELOCITY="2.7704631586797994" DISPLACEMENT="2.7704631586797994" />
        <Edge SPOT_SOURCE_ID="181110" SPOT_TARGET_ID="181149" LINK_COST="21.955791017625433" VELOCITY="4.685700696547468" DISPLACEMENT="4.685700696547468" />
        <Edge SPOT_SOURCE_ID="181343" SPOT_TARGET_ID="181367" LINK_COST="3.43806932514109" VELOCITY="1.8542031509899584" DISPLACEMENT="1.8542031509899584" />
        <Edge SPOT_SOURCE_ID="174028" SPOT_TARGET_ID="174044" LINK_COST="80.64973850344876" VELOCITY="8.656141009340464" DISPLACEMENT="8.656141009340464" />
        <Edge SPOT_SOURCE_ID="180936" SPOT_TARGET_ID="180956" LINK_COST="3.187382304956062" VELOCITY="1.7853241456262394" DISPLACEMENT="1.7853241456262394" />
        <Edge SPOT_SOURCE_ID="174215" SPOT_TARGET_ID="174229" LINK_COST="63.81305916998635" VELOCITY="7.988307653689006" DISPLACEMENT="7.988307653689006" />
        <Edge SPOT_SOURCE_ID="174044" SPOT_TARGET_ID="174063" LINK_COST="67.72046715470825" VELOCITY="8.746034423000383" DISPLACEMENT="8.746034423000383" />
        <Edge SPOT_SOURCE_ID="181367" SPOT_TARGET_ID="181399" LINK_COST="1.6431776857954599" VELOCITY="1.2818649249415712" DISPLACEMENT="1.2818649249415712" />
        <Edge SPOT_SOURCE_ID="179572" SPOT_TARGET_ID="179613" LINK_COST="4.6001092485082715" VELOCITY="2.1447865274913194" DISPLACEMENT="2.1447865274913194" />
        <Edge SPOT_SOURCE_ID="177995" SPOT_TARGET_ID="178013" LINK_COST="15.6389156124619" VELOCITY="3.9546068846930793" DISPLACEMENT="3.9546068846930793" />
        <Edge SPOT_SOURCE_ID="180023" SPOT_TARGET_ID="180052" LINK_COST="16.593338624956807" VELOCITY="4.073492190364038" DISPLACEMENT="4.073492190364038" />
        <Edge SPOT_SOURCE_ID="174811" SPOT_TARGET_ID="174812" LINK_COST="-1.0" VELOCITY="3.356830422765233" DISPLACEMENT="3.356830422765233" />
        <Edge SPOT_SOURCE_ID="175361" SPOT_TARGET_ID="175384" LINK_COST="47.40173888280769" VELOCITY="6.8848920748845215" DISPLACEMENT="6.8848920748845215" />
        <Edge SPOT_SOURCE_ID="174812" SPOT_TARGET_ID="174860" LINK_COST="-1.0" VELOCITY="2.276040960119868" DISPLACEMENT="2.276040960119868" />
        <Edge SPOT_SOURCE_ID="173943" SPOT_TARGET_ID="173957" LINK_COST="7.710301057241297" VELOCITY="2.7767428864122974" DISPLACEMENT="2.7767428864122974" />
        <Edge SPOT_SOURCE_ID="179298" SPOT_TARGET_ID="179319" LINK_COST="27.86660228797811" VELOCITY="2.3891932393630864" DISPLACEMENT="2.3891932393630864" />
        <Edge SPOT_SOURCE_ID="174655" SPOT_TARGET_ID="174684" LINK_COST="24.666160593655608" VELOCITY="4.641701959063228" DISPLACEMENT="4.641701959063228" />
        <Edge SPOT_SOURCE_ID="178305" SPOT_TARGET_ID="178321" LINK_COST="3.1661238837479777" VELOCITY="1.7793605266353352" DISPLACEMENT="1.7793605266353352" />
        <Edge SPOT_SOURCE_ID="181425" SPOT_TARGET_ID="181449" LINK_COST="2.415208256990087" VELOCITY="1.5540940309357367" DISPLACEMENT="1.5540940309357367" />
        <Edge SPOT_SOURCE_ID="175287" SPOT_TARGET_ID="175324" LINK_COST="3.3486920020605337" VELOCITY="1.829943169079448" DISPLACEMENT="1.829943169079448" />
        <Edge SPOT_SOURCE_ID="175384" SPOT_TARGET_ID="175401" LINK_COST="3.961734158339647" VELOCITY="1.9904105501980356" DISPLACEMENT="1.9904105501980356" />
        <Edge SPOT_SOURCE_ID="178856" SPOT_TARGET_ID="178875" LINK_COST="14.641047439288743" VELOCITY="3.617565253185565" DISPLACEMENT="3.617565253185565" />
        <Edge SPOT_SOURCE_ID="181149" SPOT_TARGET_ID="181173" LINK_COST="25.440322358657664" VELOCITY="5.043840040946745" DISPLACEMENT="5.043840040946745" />
        <Edge SPOT_SOURCE_ID="175936" SPOT_TARGET_ID="176063" LINK_COST="9.312593657195103" VELOCITY="2.6986908728932546" DISPLACEMENT="2.6986908728932546" />
        <Edge SPOT_SOURCE_ID="179518" SPOT_TARGET_ID="179534" LINK_COST="1.2984197759486327" VELOCITY="1.139482240295404" DISPLACEMENT="1.139482240295404" />
        <Edge SPOT_SOURCE_ID="175702" SPOT_TARGET_ID="175721" LINK_COST="9.958061060028149" VELOCITY="3.8165252330979866" DISPLACEMENT="3.8165252330979866" />
        <Edge SPOT_SOURCE_ID="175808" SPOT_TARGET_ID="175828" LINK_COST="63.88076200249483" VELOCITY="3.6585309600385023" DISPLACEMENT="3.6585309600385023" />
        <Edge SPOT_SOURCE_ID="179809" SPOT_TARGET_ID="179832" LINK_COST="10.277244935628149" VELOCITY="3.205814239101846" DISPLACEMENT="3.205814239101846" />
        <Edge SPOT_SOURCE_ID="179215" SPOT_TARGET_ID="179229" LINK_COST="5.9049926481141295" VELOCITY="2.430019063323193" DISPLACEMENT="2.430019063323193" />
        <Edge SPOT_SOURCE_ID="175430" SPOT_TARGET_ID="175444" LINK_COST="0.6786640785839959" VELOCITY="0.8238107055531604" DISPLACEMENT="0.8238107055531604" />
        <Edge SPOT_SOURCE_ID="178560" SPOT_TARGET_ID="178576" LINK_COST="2.08274944236263" VELOCITY="1.4431733930344717" DISPLACEMENT="1.4431733930344717" />
        <Edge SPOT_SOURCE_ID="174464" SPOT_TARGET_ID="174520" LINK_COST="17.85604723325467" VELOCITY="4.225641635687374" DISPLACEMENT="4.225641635687374" />
        <Edge SPOT_SOURCE_ID="179904" SPOT_TARGET_ID="179953" LINK_COST="13.581349084912624" VELOCITY="3.685288195638521" DISPLACEMENT="3.685288195638521" />
        <Edge SPOT_SOURCE_ID="178875" SPOT_TARGET_ID="178893" LINK_COST="13.250292144244247" VELOCITY="5.76630112972265" DISPLACEMENT="5.76630112972265" />
        <Edge SPOT_SOURCE_ID="179418" SPOT_TARGET_ID="179434" LINK_COST="2.263381353005567" VELOCITY="1.5044538387752437" DISPLACEMENT="1.5044538387752437" />
        <Edge SPOT_SOURCE_ID="179638" SPOT_TARGET_ID="179654" LINK_COST="4.761207235472061" VELOCITY="2.0761290467546734" DISPLACEMENT="2.0761290467546734" />
        <Edge SPOT_SOURCE_ID="178812" SPOT_TARGET_ID="178831" LINK_COST="7.352732123112819" VELOCITY="2.5655335979457634" DISPLACEMENT="2.5655335979457634" />
        <Edge SPOT_SOURCE_ID="179551" SPOT_TARGET_ID="179572" LINK_COST="9.855700685213563" VELOCITY="3.1393790286000134" DISPLACEMENT="3.1393790286000134" />
        <Edge SPOT_SOURCE_ID="178504" SPOT_TARGET_ID="178519" LINK_COST="8.031876774767797" VELOCITY="2.83405659343066" DISPLACEMENT="2.83405659343066" />
        <Edge SPOT_SOURCE_ID="177992" SPOT_TARGET_ID="177994" LINK_COST="-1.0" VELOCITY="1.2241632013223218" DISPLACEMENT="1.2241632013223218" />
        <Edge SPOT_SOURCE_ID="174616" SPOT_TARGET_ID="174629" LINK_COST="17.933225759345355" VELOCITY="4.234763955564153" DISPLACEMENT="4.234763955564153" />
        <Edge SPOT_SOURCE_ID="178625" SPOT_TARGET_ID="178641" LINK_COST="10.610409027512029" VELOCITY="3.257362280666986" DISPLACEMENT="3.257362280666986" />
        <Edge SPOT_SOURCE_ID="179123" SPOT_TARGET_ID="179139" LINK_COST="18.480308946895573" VELOCITY="4.298872985666775" DISPLACEMENT="4.298872985666775" />
        <Edge SPOT_SOURCE_ID="179158" SPOT_TARGET_ID="179183" LINK_COST="28.47859686646814" VELOCITY="5.33653416240055" DISPLACEMENT="5.33653416240055" />
        <Edge SPOT_SOURCE_ID="179953" SPOT_TARGET_ID="179964" LINK_COST="15.872609638665494" VELOCITY="3.9840443821154268" DISPLACEMENT="3.9840443821154268" />
        <Edge SPOT_SOURCE_ID="181399" SPOT_TARGET_ID="181425" LINK_COST="2.0628662707219636" VELOCITY="1.4362681750710637" DISPLACEMENT="1.4362681750710637" />
        <Edge SPOT_SOURCE_ID="174338" SPOT_TARGET_ID="174354" LINK_COST="0.6971874406265255" VELOCITY="0.8349775090543011" DISPLACEMENT="0.8349775090543011" />
        <Edge SPOT_SOURCE_ID="176196" SPOT_TARGET_ID="176199" LINK_COST="-1.0" VELOCITY="7.305637847303616" DISPLACEMENT="7.305637847303616" />
        <Edge SPOT_SOURCE_ID="177994" SPOT_TARGET_ID="177995" LINK_COST="-1.0" VELOCITY="4.783523366556814" DISPLACEMENT="4.783523366556814" />
        <Edge SPOT_SOURCE_ID="174643" SPOT_TARGET_ID="174655" LINK_COST="35.45695111447425" VELOCITY="5.954573965824444" DISPLACEMENT="5.954573965824444" />
        <Edge SPOT_SOURCE_ID="175895" SPOT_TARGET_ID="175903" LINK_COST="9.811922996332644" VELOCITY="1.6361447848867308" DISPLACEMENT="1.6361447848867308" />
        <Edge SPOT_SOURCE_ID="174909" SPOT_TARGET_ID="174921" LINK_COST="19.600024271318684" VELOCITY="4.427191465400913" DISPLACEMENT="4.427191465400913" />
        <Edge SPOT_SOURCE_ID="174695" SPOT_TARGET_ID="174713" LINK_COST="10.108216258309813" VELOCITY="3.2123388405263773" DISPLACEMENT="3.2123388405263773" />
        <Edge SPOT_SOURCE_ID="181449" SPOT_TARGET_ID="181467" LINK_COST="12.072118727337635" VELOCITY="3.908831321504408" DISPLACEMENT="3.908831321504408" />
        <Edge SPOT_SOURCE_ID="180820" SPOT_TARGET_ID="180848" LINK_COST="5.880559301377494" VELOCITY="2.4249864538544323" DISPLACEMENT="2.4249864538544323" />
        <Edge SPOT_SOURCE_ID="181072" SPOT_TARGET_ID="181089" LINK_COST="75.1406740245662" VELOCITY="2.382937179215463" DISPLACEMENT="2.382937179215463" />
        <Edge SPOT_SOURCE_ID="176129" SPOT_TARGET_ID="176196" LINK_COST="-1.0" VELOCITY="4.825511210712741" DISPLACEMENT="4.825511210712741" />
        <Edge SPOT_SOURCE_ID="179882" SPOT_TARGET_ID="179904" LINK_COST="37.75682694848251" VELOCITY="6.144658407794734" DISPLACEMENT="6.144658407794734" />
        <Edge SPOT_SOURCE_ID="178064" SPOT_TARGET_ID="178082" LINK_COST="4.401641612348899" VELOCITY="1.206891248409409" DISPLACEMENT="1.206891248409409" />
        <Edge SPOT_SOURCE_ID="176112" SPOT_TARGET_ID="176129" LINK_COST="2.4598812307693323" VELOCITY="3.6585309600385147" DISPLACEMENT="3.6585309600385147" />
        <Edge SPOT_SOURCE_ID="176097" SPOT_TARGET_ID="176112" LINK_COST="51.642707164497615" VELOCITY="5.757359146815268" DISPLACEMENT="5.757359146815268" />
        <Edge SPOT_SOURCE_ID="180868" SPOT_TARGET_ID="180887" LINK_COST="8.771532319856652" VELOCITY="2.96167728151746" DISPLACEMENT="2.96167728151746" />
        <Edge SPOT_SOURCE_ID="174063" SPOT_TARGET_ID="174078" LINK_COST="65.24703266292592" VELOCITY="7.5787893092194025" DISPLACEMENT="7.5787893092194025" />
        <Edge SPOT_SOURCE_ID="178164" SPOT_TARGET_ID="178184" LINK_COST="12.418853167929534" VELOCITY="3.5240393255367533" DISPLACEMENT="3.5240393255367533" />
        <Edge SPOT_SOURCE_ID="175873" SPOT_TARGET_ID="175895" LINK_COST="78.18734374305734" VELOCITY="2.2965732526736873" DISPLACEMENT="2.2965732526736873" />
        <Edge SPOT_SOURCE_ID="176080" SPOT_TARGET_ID="176097" LINK_COST="67.20139411806858" VELOCITY="2.389193239363106" DISPLACEMENT="2.389193239363106" />
        <Edge SPOT_SOURCE_ID="178409" SPOT_TARGET_ID="178427" LINK_COST="35.580622223377866" VELOCITY="5.9649494736651265" DISPLACEMENT="5.9649494736651265" />
        <Edge SPOT_SOURCE_ID="177982" SPOT_TARGET_ID="177984" LINK_COST="-1.0" VELOCITY="2.376652487948165" DISPLACEMENT="2.376652487948165" />
        <Edge SPOT_SOURCE_ID="181653" SPOT_TARGET_ID="181669" LINK_COST="21.378978584432225" VELOCITY="4.623740756620361" DISPLACEMENT="4.623740756620361" />
        <Edge SPOT_SOURCE_ID="174354" SPOT_TARGET_ID="174369" LINK_COST="30.335871921408952" VELOCITY="5.507801005974068" DISPLACEMENT="5.507801005974068" />
        <Edge SPOT_SOURCE_ID="175476" SPOT_TARGET_ID="175496" LINK_COST="7.335399588936381" VELOCITY="2.7083942823998837" DISPLACEMENT="2.7083942823998837" />
        <Edge SPOT_SOURCE_ID="179106" SPOT_TARGET_ID="179123" LINK_COST="15.269853421159135" VELOCITY="3.9076659812679915" DISPLACEMENT="3.9076659812679915" />
        <Edge SPOT_SOURCE_ID="174369" SPOT_TARGET_ID="174393" LINK_COST="23.26265262260227" VELOCITY="4.823137217890682" DISPLACEMENT="4.823137217890682" />
        <Edge SPOT_SOURCE_ID="179654" SPOT_TARGET_ID="179667" LINK_COST="103.50022973809143" VELOCITY="4.664205463766374" DISPLACEMENT="4.664205463766374" />
        <Edge SPOT_SOURCE_ID="176063" SPOT_TARGET_ID="176080" LINK_COST="8.80664108117421" VELOCITY="3.028623142343682" DISPLACEMENT="3.028623142343682" />
        <Edge SPOT_SOURCE_ID="175530" SPOT_TARGET_ID="175553" LINK_COST="84.52012100413462" VELOCITY="2.817060793462556" DISPLACEMENT="2.817060793462556" />
        <Edge SPOT_SOURCE_ID="178980" SPOT_TARGET_ID="179006" LINK_COST="7.9984649222239135" VELOCITY="2.828155745750915" DISPLACEMENT="2.828155745750915" />
        <Edge SPOT_SOURCE_ID="180510" SPOT_TARGET_ID="180525" LINK_COST="75.09700272671263" VELOCITY="0.7591937888494675" DISPLACEMENT="0.7591937888494675" />
        <Edge SPOT_SOURCE_ID="180586" SPOT_TARGET_ID="180653" LINK_COST="1.6345097583244912" VELOCITY="0.7404960464779237" DISPLACEMENT="0.7404960464779237" />
        <Edge SPOT_SOURCE_ID="180653" SPOT_TARGET_ID="180674" LINK_COST="80.13656174884092" VELOCITY="1.0352699559294307" DISPLACEMENT="1.0352699559294307" />
        <Edge SPOT_SOURCE_ID="174000" SPOT_TARGET_ID="174028" LINK_COST="126.17373105770828" VELOCITY="7.495401090759574" DISPLACEMENT="7.495401090759574" />
        <Edge SPOT_SOURCE_ID="178831" SPOT_TARGET_ID="178856" LINK_COST="64.61783981443796" VELOCITY="1.4072716647320425" DISPLACEMENT="1.4072716647320425" />
        <Edge SPOT_SOURCE_ID="175553" SPOT_TARGET_ID="175564" LINK_COST="29.0" VELOCITY="0.3413135128017399" DISPLACEMENT="0.3413135128017399" />
        <Edge SPOT_SOURCE_ID="179031" SPOT_TARGET_ID="179043" LINK_COST="36.76675359660569" VELOCITY="6.063559482400225" DISPLACEMENT="6.063559482400225" />
        <Edge SPOT_SOURCE_ID="175162" SPOT_TARGET_ID="175214" LINK_COST="10.142321384547884" VELOCITY="3.184701145248622" DISPLACEMENT="3.184701145248622" />
        <Edge SPOT_SOURCE_ID="178235" SPOT_TARGET_ID="178252" LINK_COST="16.30813621882355" VELOCITY="4.0383333466695825" DISPLACEMENT="4.0383333466695825" />
        <Edge SPOT_SOURCE_ID="181198" SPOT_TARGET_ID="181221" LINK_COST="2.7833873739618253" VELOCITY="1.6683486967543162" DISPLACEMENT="1.6683486967543162" />
        <Edge SPOT_SOURCE_ID="173923" SPOT_TARGET_ID="173943" LINK_COST="19.533381581664532" VELOCITY="4.41965853677233" DISPLACEMENT="4.41965853677233" />
        <Edge SPOT_SOURCE_ID="174954" SPOT_TARGET_ID="174974" LINK_COST="2.3181215574591056" VELOCITY="0.9898675948564488" DISPLACEMENT="0.9898675948564488" />
        <Edge SPOT_SOURCE_ID="174406" SPOT_TARGET_ID="174421" LINK_COST="24.097380008144636" VELOCITY="4.908908229753805" DISPLACEMENT="4.908908229753805" />
        <Edge SPOT_SOURCE_ID="180152" SPOT_TARGET_ID="180175" LINK_COST="4.489829290546793" VELOCITY="2.1574796930413616" DISPLACEMENT="2.1574796930413616" />
        <Edge SPOT_SOURCE_ID="179964" SPOT_TARGET_ID="179989" LINK_COST="14.088724458239488" VELOCITY="3.753494965793812" DISPLACEMENT="3.753494965793812" />
        <Edge SPOT_SOURCE_ID="178576" SPOT_TARGET_ID="178592" LINK_COST="17.337320337659477" VELOCITY="4.163810795132204" DISPLACEMENT="4.163810795132204" />
        <Edge SPOT_SOURCE_ID="179792" SPOT_TARGET_ID="179809" LINK_COST="5.14317948941602" VELOCITY="2.2678579076776435" DISPLACEMENT="2.2678579076776435" />
        <Edge SPOT_SOURCE_ID="174443" SPOT_TARGET_ID="174464" LINK_COST="4.534841918475284" VELOCITY="2.1295168274693874" DISPLACEMENT="2.1295168274693874" />
        <Edge SPOT_SOURCE_ID="179775" SPOT_TARGET_ID="179792" LINK_COST="43.91253420896156" VELOCITY="6.626653318905522" DISPLACEMENT="6.626653318905522" />
        <Edge SPOT_SOURCE_ID="178608" SPOT_TARGET_ID="178625" LINK_COST="32.585108869249204" VELOCITY="5.708336786599859" DISPLACEMENT="5.708336786599859" />
        <Edge SPOT_SOURCE_ID="181606" SPOT_TARGET_ID="181632" LINK_COST="8.185825729587046" VELOCITY="2.8610882072363735" DISPLACEMENT="2.8610882072363735" />
        <Edge SPOT_SOURCE_ID="181240" SPOT_TARGET_ID="181271" LINK_COST="7.980729467469005" VELOCITY="2.825018489757015" DISPLACEMENT="2.825018489757015" />
        <Edge SPOT_SOURCE_ID="178375" SPOT_TARGET_ID="178396" LINK_COST="2.010188792909549" VELOCITY="1.4178112684379218" DISPLACEMENT="1.4178112684379218" />
        <Edge SPOT_SOURCE_ID="179056" SPOT_TARGET_ID="179085" LINK_COST="2.731300449717384" VELOCITY="1.6526646513184047" DISPLACEMENT="1.6526646513184047" />
        <Edge SPOT_SOURCE_ID="178737" SPOT_TARGET_ID="178756" LINK_COST="23.62481968120651" VELOCITY="4.860536974574569" DISPLACEMENT="4.860536974574569" />
        <Edge SPOT_SOURCE_ID="178111" SPOT_TARGET_ID="178128" LINK_COST="6.249039940280876" VELOCITY="2.4998079806818914" DISPLACEMENT="2.4998079806818914" />
        <Edge SPOT_SOURCE_ID="174229" SPOT_TARGET_ID="174248" LINK_COST="3.576805380660089" VELOCITY="1.891244400034033" DISPLACEMENT="1.891244400034033" />
        <Edge SPOT_SOURCE_ID="174547" SPOT_TARGET_ID="174559" LINK_COST="23.823231566116696" VELOCITY="4.88090478970003" DISPLACEMENT="4.88090478970003" />
        <Edge SPOT_SOURCE_ID="179869" SPOT_TARGET_ID="179882" LINK_COST="93.32780609438498" VELOCITY="4.006446363046559" DISPLACEMENT="4.006446363046559" />
        <Edge SPOT_SOURCE_ID="177984" SPOT_TARGET_ID="177992" LINK_COST="-1.0" VELOCITY="2.585720871385765" DISPLACEMENT="2.585720871385765" />
        <Edge SPOT_SOURCE_ID="178252" SPOT_TARGET_ID="178271" LINK_COST="5.16321280745212" VELOCITY="2.272270408083536" DISPLACEMENT="2.272270408083536" />
        <Edge SPOT_SOURCE_ID="174900" SPOT_TARGET_ID="174907" LINK_COST="-1.0" VELOCITY="1.2241632013220876" DISPLACEMENT="1.2241632013220876" />
        <Edge SPOT_SOURCE_ID="179197" SPOT_TARGET_ID="179215" LINK_COST="43.60102348212946" VELOCITY="6.6031071081824395" DISPLACEMENT="6.6031071081824395" />
        <Edge SPOT_SOURCE_ID="178756" SPOT_TARGET_ID="178771" LINK_COST="7.296021845591173" VELOCITY="2.7011149263945016" DISPLACEMENT="2.7011149263945016" />
      </Track>
    </AllTracks>
    <FilteredTracks>
      <TrackID TRACK_ID="0" />
      <TrackID TRACK_ID="4" />
      <TrackID TRACK_ID="18" />
      <TrackID TRACK_ID="19" />
      <TrackID TRACK_ID="21" />
      <TrackID TRACK_ID="26" />
    </FilteredTracks>
  </Model>
  <Settings>
    <ImageData filename="18-03-20-bdv.xml" folder="/home/khulganaa/Desktop/neuroblast/data" width="1387" height="579" nslices="104" nframes="1142" pixelwidth="1.0" pixelheight="1.0" voxeldepth="1.0" timeinterval="1.0" />
    <InitialSpotFilter feature="QUALITY" value="0.0" isabove="true" />
    <SpotFilterCollection />
    <TrackFilterCollection />
    <AnalyzerCollection>
      <SpotAnalyzers>
        <Analyzer key="Spot Source ID" />
        <Analyzer key="CELL_DIVISION_TIME_ON_SPOTS" />
        <Analyzer key="MANUAL_SPOT_COLOR_ANALYZER" />
      </SpotAnalyzers>
      <EdgeAnalyzers>
        <Analyzer key="Edge target" />
        <Analyzer key="Edge velocity" />
        <Analyzer key="MANUAL_EDGE_COLOR_ANALYZER" />
      </EdgeAnalyzers>
      <TrackAnalyzers>
        <Analyzer key="Track index" />
        <Analyzer key="Track duration" />
        <Analyzer key="Branching analyzer" />
        <Analyzer key="CELL_DIVISION_TIME_ANALYZER" />
      </TrackAnalyzers>
    </AnalyzerCollection>
  </Settings>
  <GUIState>
    <View key="MaMuT Viewer" x="2190" y="839" width="790" height="600" />
    <View key="TRACKSCHEME" x="1501" y="442" width="800" height="600" />
    <SetupAssignments>
      <ConverterSetups>
        <ConverterSetup>
          <id>0</id>
          <min>350.0</min>
          <max>600.0</max>
          <color>-10027009</color>
          <groupId>0</groupId>
        </ConverterSetup>
        <ConverterSetup>
          <id>1</id>
          <min>15.0</min>
          <max>50.0</max>
          <color>-65536</color>
          <groupId>1</groupId>
        </ConverterSetup>
      </ConverterSetups>
      <MinMaxGroups>
        <MinMaxGroup>
          <id>0</id>
          <fullRangeMin>0.0</fullRangeMin>
          <fullRangeMax>65535.0</fullRangeMax>
          <rangeMin>0.0</rangeMin>
          <rangeMax>65535.0</rangeMax>
          <currentMin>350.0</currentMin>
          <currentMax>600.0</currentMax>
        </MinMaxGroup>
        <MinMaxGroup>
          <id>1</id>
          <fullRangeMin>0.0</fullRangeMin>
          <fullRangeMax>65535.0</fullRangeMax>
          <rangeMin>0.0</rangeMin>
          <rangeMax>65535.0</rangeMax>
          <currentMin>15.0</currentMin>
          <currentMax>50.0</currentMax>
        </MinMaxGroup>
      </MinMaxGroups>
    </SetupAssignments>
    <Bookmarks />
  </GUIState>
</TrackMate>
